2668544699780891199570333502024083404832
2954669801513520056277234346231007585875
3493096823851175055710709364818957035712
3555309440633933621937390387573032328085
5948430200077027159670668642370033628627
5975328906788304481422855227600866282117
6493087366536457715628474954887644122626
6503817343082330140440679090603154664048
6827069670718783964449581200134516526136
7255037789718957562436005741730836440877
8828706066305204576031179995974629760229
9394544716945013638759091755231462460979
9984134862877645347331198341370803366629
13934884062009715625264603082114305088266
33974192977781186624558983966316005940696
58199949428069323437607076411213506452121
61539333678376686034045817547440529000538
86303009117780030072867551310128974996506
287992093461114311434483443168004364234842
405862645172982921918499240964865507326580
513388473416464900528609094683488455939672
627226032626908482283763734259539573108709
702043944511324657889690067476162043566953
889380659908806795971756744662130779416413
910018088745287224336490221615055706022588
6860881693504130779134387601457178109737620
7114632099032018860046269180318663717292260
8007441808345840754409986109852129345763042
8460691846201294327465578634970577965914200
13919561076780240531444312209152664443015196
35124704823995226039609290596544103820839918
35727297638275763310644161764451086976022527
38826969602731270972535665900121547546146916
60834284196644653100021086459432874935195490
61602996004916388017378467132407751098360461
72680641406324901216923364587219913002486360
87496289286026576665241495920238475101814055
87572916861236514237548542926799251986759199
88724510788348424601778778034733857875146544
90298831856014119116883812804956375530520784
90746975248435033934804059816719260149329872
226750485103932989159266009909706951994003504
333261407073686458352034987533337374125517363
418197932763797545637977497815884916888685953
555564132072595224818402796592659754858900676
711207340970842316818566157172415298397797549
771216666501780666914585867879797618592180762
900283763703849455495082553542794006562468233
924062840613412659894100468790670370278117592
3049640347103417989065151195205771382848210993
4716586031904195638687443590095895605644606605
8753509974721581867320023189923538206003364249
9963568013355657983155579919667233383704373388
9991451733509124106642687909708711253633391710
24296350850925878126701048751043612624857292236
41748664942723651307275596398557690320038724545
48926068672023582529438031270871808988702082741
79798873322151842346127151467649873231151709674
137503394598978399050836177062541624229314555410
629966318003808667842691652285522927495548356394
678174465379275025272888912653825002880699797260
698572451218334046445557039512419787004271738896
880650457651896080792303485203221215993019028787
2053766383861444321424363514613743150419505051467
2477952669973779638387710830201922491110466289168
7018764293067220871028280197923140850504568075655
8147463956601591772756034503830156398409729452254
9609374477384093274867838925702926325540910384978
9763957600130904890239088819301131256956055843196
