51686420907911629219632332642136474897248
79580521161771812719258266877892177521280
97655430243222382142293851591411163857579
381472011742392371875152654363310146915308
562726656934081375294640800493821996362614
22022356685571355777349089003491620900564355
35088814373677513658702130004181467718244545
55693028282625341146118193927982575139304562
81797912011639694360179052064768490426862858
169276968637790391509277468621550826285656492
400013182193221270909802728786227847669652059
477373381088094509710582128200171900248571665
2113055428100285841755401662703780470795814704
2547575512906440895675759531999025741829329856
38911856493288433119047403741197693785840056976
46261119509138631842185451527964249725854770071
52668337854412738814045015413262832556716443443
67339999788422370260620277196452955073614878547
433678835990228271417517226871038364571432982441
562059874904190551191107429919324607584113751335
1769160246032478174919955684001491080409577727092
2025096594132328998764616443388518129582398322762
6495308349519998300252804160321926237927593222415
9676972972851404271349286480390615939908371802899
