11
19
19
25
31
19
38
29
38
38
44
46
50
70
73
82
87
87
105
105
105
105
113
113
123
123
127
142
142
142
157
157
161
163
175
182
182
182
187
200
200
216
219
224
233
248
261
261
265
264
277
279
277
300
304
303
313
320
327
330
333
333
339
345
348
346
348
346
359
362
363
363
363
372
391
399
397
404
396
404
417
420
423
426
430
434
441
432
432
448
449
457
456
464
463
463
457
486
486
491
490
486
505
486
497
518
518
524
534
538
534
548
533
553
569
574
581
590
604
601
601
613
601
601
601
601
632
633
631
645
649
662
665
678
685
685
693
692
691
697
691
