1
7
8
10
8
14
37
41
57
56
61
59
56
72
89
89
99
99
99
109
107
126
133
141
141
139
151
164
170
174
183
190
190
194
194
199
203
203
215
216
215
215
228
226
237
246
244
244
244
256
257
263
273
280
307
312
319
322
323
330
333
333
337
339
342
348
361
368
368
373
386
392
406
406
422
428
428
422
428
422
459
464
476
475
475
475
483
475
492
494
500
500
475
505
522
528
531
531
542
564
569
569
573
574
573
582
582
606
607
605
607
605
618
628
628
640
640
647
650
657
661
663
661
661
658
675
678
672
684
691
695
695
703
715
714
728
728
731
735
733
731
733
733
756
761
760
758
773
771
782
787
789
787
808
813
818
819
818
819
840
867
870
867
870
877
879
879
890
898
904
908
907
908
904
912
904
912
908
906
906
931
944
948
978
987
983
1007
1012
1020
1019
1019
1026
1027
1035
1043
1050
1055
1058
1059
1068
1075
1075
1085
1085
1093
1102
1093
1093
1119
1124
1131
1137
1137
1137
1143
1146
1163
1166
1169
1169
1169
1177
1180
1177
1177
1196
1201
1201
1218
1224
1224
1230
1237
1242
1249
1252
1259
1260
1259
1268
1283
1290
1295
1295
1301
1304
1304
1304
1309
1309
1315
1315
1315
1332
1335
1335
1349
1364
1371
1374
1391
1412
1423
1426
1426
1444
1444
1451
1451
1464
1467
1463
1471
1475
1471
1474
1474
1486
1486
1493
1494
1493
1494
1492
1493
1493
1493
1510
1512
1514
1527
1539
1539
1546
1547
1551
1559
1561
1567
1564
1567
1564
1580
1588
1614
1634
1634
1634
1634
1643
1642
1642
1654
1656
1654
1656
1654
1668
1672
1668
1674
1672
1668
1681
1688
1694
1696
1702
1705
1705
1710
1716
1718
1728
1733
1728
1732
1728
1745
1755
1754
1762
1767
1771
1774
1774
1800
1811
1816
1836
1849
1849
1849
1852
1863
1865
1869
1869
1869
1874
1879
1879
1903
1903
1907
1907
1921
1921
1944
1950
1955
1961
1970
1970
1979
1982
1982
1987
1986
1991
1994
1991
2009
2011
2016
2020
2016
2020
2016
2020
2016
2020
2039
2044
2055
2055
2055
2063
2062
2068
2068
2075
2079
2091
2091
2091
2101
2101
2105
2105
2105
2108
2118
2118
2123
2144
2147
2147
2153
2158
2169
2171
2171
2171
2186
2186
2203
2215
2213
2226
2228
2231
2239
2239
2243
2243
2246
2243
2246
2246
2261
2264
2268
2268
2278
2279
2281
2278
2293
2295
2303
2304
2315
2318
2330
2328
2328
2340
2345
2348
2359
2366
2369
2380
2385
2400
2407
2407
2429
2432
2451
2462
2473
2484
2484
2494
2503
2519
2518
2518
2518
2528
2529
2528
2537
2544
2545
2552
2553
2563
2560
2581
2584
2584
2588
2596
2583
2584
2593
