1
1
9
12
14
14
14
19
19
26
37
37
41
43
43
55
55
62
60
55
72
84
91
98
107
110
114
118
118
126
132
136
139
141
139
148
149
149
161
154
167
171
176
182
182
182
193
193
193
205
205
221
229
232
232
246
246
267
270
275
282
290
285
297
296
306
305
306
311
325
347
348
352
348
348
369
373
380
380
380
390
390
398
402
405
414
418
416
427
428
435
436
436
441
436
441
441
458
465
475
474
482
491
499
498
499
507
507
513
522
521
522
528
534
541
558
570
586
589
598
599
616
616
618
621
620
635
642
645
645
643
645
652
657
657
662
657
672
683
683
687
696
698
698
703
705
712
716
729
734
732
734
732
752
757
757
767
767
775
778
783
786
791
798
802
802
809
809
813
813
833
840
851
851
855
851
863
874
872
873
882
893
895
910
910
910
926
938
932
950
956
953
973
989
995
998
1001
1007
1020
1026
1030
1029
1045
1049
1057
1076
1085
1085
1101
1101
1107
1101
1112
1112
1122
1121
1125
1138
1149
1149
1153
1153
1153
1162
1166
1170
1175
1178
1198
1203
1202
1175
1202
1227
1226
1234
1236
1234
1249
1254
1249
1264
1263
1264
1264
1278
1264
1278
1288
1264
1296
1264
1309
1312
1312
1318
1319
1318
1325
1332
1329
1349
1357
1361
1373
1373
1373
1387
1397
1397
1403
1406
1425
1425
1425
1430
1437
1444
1444
1453
1479
1492
1492
1496
1496
1502
1506
1513
1513
1515
1513
1525
1535
1535
1535
1558
1566
1569
1566
1576
1576
1569
1569
1587
1592
1600
1600
1614
1618
1619
1619
1619
1632
1631
1632
1646
1652
1668
1671
1675
1677
1674
1677
1687
1686
1694
1686
1692
1704
1715
1715
1715
1723
1732
1751
1758
1761
1774
1775
1784
1799
1806
1811
1820
1817
1818
1830
1816
1816
1856
1857
1862
1873
1876
1885
1888
1903
1903
1907
1907
1909
1913
1909
1913
1913
1920
1929
1934
1939
1946
1949
1946
1946
1946
1946
1946
1946
1966
1966
1966
1966
1976
1976
1988
2002
2018
2029
2029
2035
2035
2035
2044
2047
2047
2058
2056
2061
2056
2061
2065
2077
2077
2081
2081
2085
2084
2085
2081
2081
2108
2109
2108
2112
2121
2121
2129
2136
2138
2140
2166
2175
2180
2181
2181
2180
2186
2186
2202
2205
2205
2218
2218
2225
2225
2228
2225
2228
2234
2235
2234
2235
2234
2235
2251
2250
2257
2250
2258
2275
2274
2287
2289
2290
2299
2300
2300
2304
2304
2317
2322
2322
2322
2322
2328
2330
2342
2345
2348
2346
2359
2361
2359
2361
2361
2370
2376
2385
2385
2397
2404
2416
2420
2419
2420
2415
2418
2420
2431
2420
2435
2444
2448
2459
2462
2462
2470
2470
2480
2483
2487
2487
2494
2494
2498
2503
2520
2523
2534
2541
2541
2541
2539
2560
2559
2559
2571
2557
2586
2591
2569
2605
2607
2610
2614
2614
2618
2621
2634
2634
2634
2643
2645
2643
2642
2641
2655
2655
2664
2668
2664
2668
2664
2668
2664
2681
2681
2692
2703
2705
2714
2725
2725
2738
2738
2747
2748
2752
2755
2751
2748
2763
2791
2791
2795
2791
2795
2795
2804
2809
2809
2815
2817
2821
2821
2821
2828
2837
2846
2851
2856
2859
2859
2864
2869
2871
2871
2881
2904
2907
2907
2925
2928
2932
2941
2908
2948
2948
2948
2957
2964
2970
2975
2975
2975
2984
2985
2989
2989
2989
3002
2975
2989
3014
3014
3014
3022
3027
3032
3032
3032
3052
3062
3069
3071
3075
3078
3091
3090
3099
3108
3120
3126
3133
3144
3144
3150
3150
3158
3158
3162
3167
3171
3174
3171
3173
3172
3182
3172
3182
3182
3187
3190
3197
3197
3199
3203
3209
3214
3218
3218
3231
3235
3231
3235
3240
3253
3271
3271
3279
3315
3315
3315
3315
3315
3315
3332
3332
3342
3357
3361
3361
3368
3380
3379
3380
3390
3388
3404
3404
3404
3404
3404
3404
3414
3425
3434
3445
3445
3448
3445
3448
3448
3455
3466
3471
3482
3482
3484
3482
3484
3504
3511
3519
3522
3533
3533
3533
3533
3533
3545
3551
3556
3559
3560
3559
3560
3568
3572
3572
3578
3583
3586
3586
3591
3590
3591
3590
3596
3596
3605
3609
3612
3625
3631
3631
3631
3631
3637
3631
3631
3644
3641
3655
3658
3666
3665
3665
3665
3671
3680
3679
3678
3671
3678
3678
3678
3703
3712
3721
3721
3723
3730
3741
3741
3753
3741
3741
3758
3748
3774
3777
3776
3776
3776
3785
3788
3788
3793
3796
3788
3804
3804
3804
3815
3827
3832
3832
3832
3839
3839
3844
3839
3853
3853
3856
3862
3864
3875
3874
3881
3880
3896
3902
3902
3908
3910
3918
3919
3927
3936
3950
3949
3949
3949
3964
3963
3977
3980
3980
3989
3988
3994
3994
3994
3994
4001
4001
4002
4010
4015
4002
4001
4024
3994
4032
4045
4050
4051
4051
4045
4040
4078
4081
4083
4085
4094
4099
4099
4107
4107
4116
4113
4125
4125
4134
4133
4134
4145
4150
4149
4145
4162
4171
4194
4197
4200
4207
4210
4225
4232
4232
4232
4232
4232
4241
4246
4252
4251
4252
4265
4259
4259
4272
4279
4267
4267
4267
4267
4267
4306
4307
4324
4307
4348
4348
4352
4365
4372
4375
4383
4383
4395
4399
4402
4406
4416
4416
4420
4431
4431
4440
4435
4435
4447
4453
4474
4474
4482
4485
4494
4505
4508
4508
4511
4508
4508
4508
4538
4541
4538
4551
4558
4567
4570
4573
4579
4586
4592
4594
4598
4610
4609
4610
4615
4615
4614
4614
4609
4631
4637
4631
4614
4636
4648
4648
4648
4659
4664
4669
4672
4672
4672
4678
4672
4678
4672
4672
4688
4691
4678
4705
4713
4712
4707
4712
4707
4725
4711
4731
4732
4737
4744
4749
4746
4742
4759
4758
4759
4742
4770
4770
4778
4805
4809
4809
4809
4817
4823
4828
4834
4828
4845
4851
4858
4863
4863
4863
4879
4876
4888
4891
4894
4913
4918
4919
4918
4919
4930
4934
4933
4933
4934
4952
4952
4968
4939
4968
4972
4973
4972
4973
4980
4983
4973
4983
5002
5005
5005
5009
5007
5023
5023
5023
5023
5028
5033
5040
5044
5047
5058
5059
5058
5058
5066
5073
5080
5083
5088
5091
5097
5091
5102
5119
5122
5122
5122
5143
5145
5151
5151
5154
5154
5161
5165
5175
5190
5189
5194
5190
5200
5199
5196
5197
5199
5198
5230
5232
5229
5198
5242
5242
5242
5253
5258
5260
5264
5279
5284
5293
5296
5305
5296
5296
5315
5317
5328
5328
5332
5340
5340
5350
5358
5365
5376
5376
5384
5389
5389
5389
5399
5403
5389
5399
5419
5419
5424
5389
5424
5399
5436
5399
5399
5436
5448
5448
5452
5459
5452
5459
5459
5475
5478
5486
5506
5506
5506
5526
5550
5563
5572
5572
5574
5574
5577
5572
5574
5572
5572
5587
5587
5587
5587
5599
5608
5615
5615
5654
5648
5654
5670
5670
5674
5674
5680
5685
5687
5687
5700
5703
5706
5711
5711
5711
5711
5719
5719
5723
5723
5726
5730
5743
5760
5760
5760
5777
5796
5811
5824
5829
5831
5840
5839
5839
5847
5847
5868
5858
5876
5876
5876
5885
5889
5903
5900
5915
5926
5931
5931
5931
5970
5973
5981
5984
5984
5984
5984
5997
6009
6008
6008
6014
6014
6021
6026
6035
6038
6038
6041
6041
6050
6053
6064
6066
6074
6087
6087
6093
6100
6117
6119
6128
6119
6132
6144
6152
6151
6159
6162
6169
6169
6169
6174
6178
6176
6177
6188
6195
6212
6212
6219
6222
6231
6231
6236
6241
6248
6261
6261
6267
6268
6274
6286
6292
6307
