3
6
23
26
26
35
43
44
44
50
50
54
61
75
83
86
93
97
111
112
111
148
152
159
169
172
175
172
172
194
194
194
194
194
203
203
205
203
203
218
220
220
223
220
232
220
220
220
245
248
248
248
257
259
275
275
275
282
287
297
303
303
297
302
317
323
330
330
387
396
399
399
399
405
407
416
416
420
420
428
433
438
439
444
448
446
455
462
467
479
476
479
487
491
508
506
519
522
513
513
533
550
550
556
563
564
563
568
570
574
570
574
568
568
570
563
593
596
599
608
610
610
627
627
627
632
635
635
642
642
649
649
655
655
668
674
679
679
686
698
698
706
715
722
728
727
728
727
733
727
746
750
753
753
779
779
781
779
781
779
788
770
788
770
811
811
821
821
825
825
825
828
825
846
847
847
846
847
847
846
846
866
871
873
890
890
895
906
905
905
931
931
937
937
939
939
945
949
964
963
967
967
967
973
982
990
1001
1001
1013
1017
1023
1026
1034
1045
1049
1064
1069
1074
1074
1084
1091
1099
1099
1099
1105
1112
1112
1113
1119
1113
1141
1139
1140
1149
1155
1155
1162
1166
1166
1175
1175
1187
1174
1205
1204
1204
1204
1210
1219
1222
1249
1249
1255
1255
1261
1261
1261
1261
1271
1275
1281
1287
1305
1310
1310
1312
1325
1326
1326
1335
1343
1348
1348
1348
1363
1374
1387
1390
1390
1398
1411
1416
1419
1433
1441
1443
1443
1451
1443
1469
1474
1472
1467
1505
1505
1520
1523
1523
1525
1531
1535
1535
1547
1547
1553
1561
1573
1576
1582
1586
1582
1578
1585
1599
1578
1601
1578
1601
1608
1607
1631
1634
1637
1637
1643
1652
1652
1659
1667
1651
1682
1682
1686
1682
1689
1682
1689
1710
1715
1719
1719
1719
1729
1729
1739
1745
1757
1766
1770
1774
1785
1785
1815
1815
1815
1823
1829
1831
1841
1845
1843
1844
1843
1843
1844
1843
1859
1860
1866
1867
1866
1867
1873
1882
1895
1900
1900
1904
1921
1920
1921
1921
1947
1951
1961
1966
1973
1977
1986
1986
2007
2007
2015
2015
2025
2031
2031
2031
2045
2051
2050
2064
2067
2064
2067
2064
2076
2078
2075
2067
2089
2089
2067
2098
2098
2097
2108
2122
2142
2144
2142
2152
2152
2166
2166
2175
2175
2188
2192
2199
2198
2203
2217
2217
2217
2224
2224
2230
2241
2241
2241
2270
2277
2283
2277
2288
2290
2288
2293
2290
2311
2311
2324
2339
2338
2352
2357
2357
2365
2365
2365
2372
2383
2383
2383
2390
2392
2396
2401
2399
2401
2408
2413
2424
2427
2444
2447
2447
2453
2447
2451
2462
2451
2494
2505
2509
2505
2509
2505
2508
2508
2547
2552
2552
2551
2551
2577
2586
2589
2592
2588
2588
2607
2624
2635
2638
2638
2644
2645
2644
2645
2656
2657
2664
2673
2671
2680
2684
2686
2686
2692
2693
2691
2698
2698
2711
2711
2691
2711
2686
2684
2743
2747
2743
2754
2754
2758
2764
2775
2777
2781
2786
2786
2780
2790
2789
2790
2814
2823
2832
2836
2836
2833
2842
2849
2849
2853
2864
2867
2870
2877
2884
2884
2889
2905
2907
2911
2914
2914
2919
2928
2938
2940
2940
2957
2957
2977
2981
2981
2986
2986
2986
2986
2992
2992
2998
2998
3010
3021
3021
3029
3021
3031
3041
3041
3050
3050
3050
3050
3064
3068
3073
3072
3072
3083
3092
3095
3098
3098
3102
3102
3116
3124
3123
3124
3123
3131
3133
3131
3134
3131
3134
3143
3124
3149
3123
3159
3170
3170
3170
3170
3180
3191
3198
3195
3198
3198
3200
3215
3215
3215
3222
3225
3222
3225
3232
3237
3237
3264
3264
3275
3284
3289
3291
3293
3293
3302
3314
3361
3368
3381
3381
3386
3400
3410
3409
3439
3439
3448
3454
3457
3460
3472
3474
3474
3474
3485
3490
3499
3502
3523
3522
3523
3529
3537
3546
3555
3561
3573
3574
3585
3589
3593
3589
3592
3602
3613
3620
3620
3626
3631
3631
3635
3641
3645
3645
3655
3664
3671
3685
3684
3684
3705
3702
3701
3728
3728
3736
3747
3752
3760
3761
3773
3774
3785
3785
3788
3791
3790
3806
3810
3807
3824
3823
3831
3829
3838
3842
3859
3864
3864
3867
3868
3871
3872
3871
3872
3867
3867
3883
3867
3883
3893
3901
3917
3917
3946
3949
3954
3954
3967
3971
3975
3990
3990
3994
4001
4010
4015
4022
4021
4022
4021
4022
4022
4035
4035
4044
4045
4054
4062
4054
4073
4073
4089
4092
4103
4103
4112
4116
4116
4137
4145
4149
4153
4153
4155
4168
4171
4171
4175
4175
4175
4187
4203
4203
4209
4220
4222
4241
4241
4241
4259
4266
4267
4275
4272
4279
4272
4272
4289
4294
4302
4301
4301
4314
4319
4330
4328
4330
4335
4328
4339
4328
4345
4365
4360
4361
4374
4360
4360
4360
4400
4399
4406
4406
4406
4406
4423
4434
4445
4448
4458
4459
4459
4456
4481
4489
4488
4504
4487
4516
4523
4529
4539
4542
4547
4556
4557
4568
4568
4568
4568
4568
4594
4605
4606
4612
4616
4606
4616
4622
4623
4630
4631
4630
4631
4631
4652
4654
4652
4654
4652
4668
4672
4682
4682
4682
4691
4700
4706
4706
4717
4720
4727
4731
4739
4738
4739
4739
4739
4752
4752
4761
4767
4770
4770
4770
4787
4792
4799
4803
4807
4810
4810
4810
4815
4814
4810
4828
4839
4839
4843
4843
4845
4843
4851
4859
4859
4866
4883
4883
4883
4890
4898
4898
4912
4925
4929
4929
4937
4946
4956
4955
4961
4961
4969
4978
4983
4999
5003
5006
5006
5009
5010
5015
5017
5015
5025
5025
5025
5010
5009
5038
5042
5043
5053
5056
5059
5062
5062
5068
5069
5069
5077
5084
5093
5091
5092
5103
5103
5103
5103
5103
5103
5120
5133
5140
5157
5161
5175
5186
5185
5191
5179
5179
5191
5179
5184
5204
5208
5183
5221
5216
5218
5218
5239
5252
5253
5251
5263
5263
5267
5276
5276
5276
5284
5294
5294
5301
5294
5301
5310
5308
5315
5315
5319
5322
5322
5338
5339
5338
5349
5364
5368
5377
5385
5399
5399
5405
5401
5399
5401
5418
5421
5420
5418
5440
5440
5450
5459
5459
5464
5466
5464
5469
5464
5466
5459
5466
5481
5488
5488
5495
5496
5500
5495
5495
5510
5510
5515
5525
5522
5525
5534
5489
5542
5542
5508
5549
5508
5556
5549
5566
5580
5583
5591
5596
5603
5614
5614
5620
5629
5629
5631
5644
5649
5656
5661
5664
5667
5667
5667
5672
5672
5672
5675
5680
5689
5694
5700
5699
5705
5730
5730
5752
5761
5761
5765
5766
5766
5773
5781
5790
5791
5801
5799
5801
5806
5807
5797
5807
5818
5819
5829
5848
5852
5857
5861
5864
5865
5883
5886
5907
5910
5910
5906
5959
5959
5959
5959
5959
5973
5978
5978
5978
5982
5983
5987
5982
6005
6015
6023
6035
6035
6052
6059
6062
6071
6075
6072
6067
6086
6096
6096
6099
6096
6099
6113
6118
6119
6114
6132
6146
6161
6168
6173
6177
6177
6176
6177
6176
6195
6196
6196
6206
6204
6223
6225
6228
6224
6233
6224
6224
6243
6243
6247
6247
6251
6255
6254
6254
6277
6277
6281
6293
6300
6299
6303
6314
6319
6325
6331
6334
6334
6338
6338
6342
6344
6352
6359
6359
6359
6372
6373
6392
6395
6395
6395
6405
6405
6416
6438
6442
6447
6447
6457
6460
6463
6465
6465
6460
6482
6483
6483
6496
6496
6496
6503
6496
6496
6537
6542
6537
6542
6537
6547
6547
6537
6560
6565
6573
6572
6577
6573
6586
6586
6586
6589
6594
6593
6593
6621
6626
6637
6642
6655
6655
6659
6659
6659
6659
6669
6669
6681
6687
6693
6687
6698
6692
6698
6707
6709
6722
6725
6722
6731
6734
6737
6737
6753
6753
6756
6756
6781
6792
6789
6798
6803
6810
6810
6816
6820
6825
6824
6830
6836
6833
6841
6841
6866
6862
6866
6865
6883
6894
6901
6901
6901
6906
6909
6913
6919
6928
6945
6952
6953
6956
6981
6983
6981
6983
6983
6981
6991
6991
7007
7007
6995
7034
7034
7036
7038
7036
7036
7053
7061
7055
7066
7072
7072
7084
7087
7089
7095
7096
7111
7118
7126
7130
7139
7147
7164
7174
7179
7179
7183
7179
7183
7179
7179
7179
7179
7196
7201
7202
7203
7218
7221
7222
7222
7242
7254
7266
7268
7274
7266
7266
7289
7293
7304
7308
7308
7316
7316
7333
7337
7337
7337
7356
7356
7356
7356
7368
7369
7387
7386
7398
7398
7412
7412
7422
7435
7436
7438
7435
7436
7446
7457
7462
7462
7462
7462
7472
7472
7475
7484
7483
7483
7479
7482
7491
7531
7548
7548
7548
7557
7560
7560
7567
7573
7578
7591
7591
7598
7604
7606
7613
7621
7624
7624
7624
7633
7633
7645
7650
7650
7656
7658
7656
7666
7664
7668
7663
7674
7668
7663
7679
7679
7668
7666
7693
7699
7699
7699
7702
7717
7717
7717
7717
7731
7738
7771
7773
7782
7781
7782
7781
7781
7787
7792
7806
7811
7816
7815
7815
7815
7815
7827
7829
7833
7836
7836
7845
7847
7842
7863
7872
7881
7883
7906
7912
7920
7919
7919
7926
7935
7938
7949
7953
7953
7964
7983
7983
7987
7983
7983
7983
7995
8000
8000
8006
8006
8006
8012
8024
8046
8052
8052
8072
8072
8075
8072
8075
8087
8091
8087
8087
8100
8087
8100
8087
8113
8113
8125
8125
8129
8137
8137
8168
8172
8172
8181
8193
8206
8210
8221
8226
8226
8226
8226
8226
8249
8245
8247
8245
8263
8270
8270
8270
8270
8270
8277
8284
8284
8284
8288
8300
8299
8300
8299
8311
8298
8298
8298
8298
8311
8322
8345
8345
8345
8349
8355
8363
8367
8367
8373
8374
8379
8380
8389
8389
8395
8395
8399
8425
8430
8430
8432
8432
8443
8443
8443
8454
8454
8454
8454
8461
8475
8482
8482
8488
8491
8493
8491
8495
8491
8506
8521
8538
8539
8546
8557
8559
8557
8566
8573
8592
8595
8602
8610
8609
8620
8625
8619
8631
8636
8646
8654
8656
8677
8677
8680
8680
8691
8689
8690
8696
8689
8696
8707
8706
8690
8720
8730
8736
8737
8736
8737
8747
8737
8747
8737
8753
8759
8760
8766
8768
8768
8774
8774
8780
8783
8794
8795
8806
8806
8806
8806
8806
8806
8822
8850
8843
8856
8862
8849
8873
8873
8873
8887
8890
8887
8886
8885
8908
8908
8918
8915
8922
8915
8916
8925
8940
8945
8962
8967
8956
8967
8967
8967
8987
8987
9015
9017
9024
9023
9023
9015
9037
9039
9037
9045
9037
9052
9060
9063
9063
9065
9065
9069
9073
9065
9077
9072
9082
9083
9065
9087
9096
9103
9106
9113
9113
9113
9118
9125
9118
9131
9133
9166
9172
9168
9181
9180
9186
9191
9194
9205
9211
9221
9224
9226
9224
9226
9246
9276
9288
9301
9310
9310
9310
9310
9320
9320
9334
9343
9352
9352
9352
9363
9368
9371
9372
9371
9376
9376
9384
9387
9404
9406
9411
9415
9415
9425
9429
9433
9429
9459
9472
9483
9487
9487
9499
9509
9519
9525
9528
9533
9546
9546
9546
9551
9552
9553
9578
9578
9581
9584
9581
9578
9581
9594
9594
9603
9603
9608
9603
9603
9617
9615
9630
9641
9652
9656
9660
9656
9666
9677
9683
9688
9690
9683
9683
9707
9707
9711
9720
9720
9725
9716
9732
9735
9744
9751
9756
9761
9761
9761
9761
9769
9761
9772
9772
9784
9785
9784
9784
9800
9800
9805
9805
9805
9810
9809
9810
9823
9826
9837
9839
9851
9855
9859
9859
9859
9864
9864
9868
9888
9896
9899
9899
9903
9923
9934
9928
9928
9950
9950
9960
9963
9968
9977
9981
9981
9987
9987
9991
10016
10016
10039
10039
10042
10042
10042
10054
10054
10056
10061
10060
10080
10086
10086
10086
10093
10100
10109
10112
10106
10116
10116
10103
10130
10103
10134
10140
10147
10147
10157
10166
10182
10188
10193
10203
10205
10203
10215
10235
10235
10244
10251
10253
10255
10260
10266
10264
10273
10264
10273
10277
10291
10291
10291
10298
10302
10316
10321
10342
10342
10348
10351
10348
10355
10351
10363
10351
10363
10371
10371
10377
10377
10382
10388
10396
10399
10404
10410
10408
10419
10428
10428
10433
10441
10446
10458
10458
10466
10476
10476
10491
10494
10500
10504
10504
10511
10506
10526
10526
10533
10540
10548
10545
10554
10553
10565
10568
10572
10571
10568
10577
10568
10571
10565
10601
10615
10619
10622
10618
10626
10627
10635
10637
10648
10635
10635
10659
10659
10666
10666
10674
10674
10684
10685
10695
10689
10695
10695
10714
10719
10721
10721
10721
10730
10744
10744
10752
10755
10764
10765
10780
10790
10793
10792
10789
10792
10789
10789
10806
10816
10790
10814
10820
10829
10838
10844
10850
10841
10857
10858
10868
10872
10871
10880
10869
10885
10896
10901
10914
10921
10924
10935
10940
10945
10945
10953
10953
10959
10963
10961
10971
10976
10991
10994
11004
11014
11026
11027
11032
11036
11035
11049
11054
11062
11071
11071
11075
11075
11083
11083
11083
11089
11094
11098
11104
11104
11111
11100
11118
11129
11130
11130
11141
11141
11156
11152
11156
11163
11173
11177
11175
11182
11194
11199
11202
11207
11212
11219
11225
11224
11236
11239
11244
11251
11251
11254
11258
11254
11263
11252
11263
11267
11263
11252
11263
11263
11287
11287
11297
11300
11307
11305
11320
11325
11328
11337
11338
11341
11337
11344
11338
11361
11361
11361
11361
11372
11379
11380
11379
11372
11388
11379
11388
11379
11406
11409
11417
11417
11426
11435
11440
11456
11442
11456
11467
11476
11482
11489
11496
11501
11514
11523
11538
11543
11546
11553
11557
11546
11563
11546
11553
11570
11576
11596
11600
11600
11600
11607
11612
11614
11614
11621
11621
11621
11626
11643
11646
11649
11651
11650
11654
11650
11662
11651
11670
11678
11686
11691
11696
11701
11706
11708
11712
11713
11718
11712
11712
11725
11732
11735
11743
11745
11750
11770
11776
11781
11780
11781
11807
11807
11807
11813
11818
11818
11841
11840
11841
11853
11855
11868
11868
11881
11876
11892
11905
11905
11918
11924
11923
11924
11923
11924
11936
11938
11936
11951
11951
11957
11960
11968
11967
11971
11967
11990
11997
12003
12006
12015
12017
12017
12026
12033
12036
12036
12040
12041
12048
12046
12049
12047
12046
12054
12046
12073
12079
12082
12078
12089
12096
12094
12100
12095
12114
12117
12124
12127
12132
12137
12155
12165
12169
12181
12180
12181
12196
12199
12199
12209
12211
12219
12222
12222
12246
12257
12257
12257
12270
12269
12268
12285
12271
12285
12284
12305
12305
12317
12318
12331
12338
12341
12341
12345
12347
12359
12354
12359
12354
12357
12369
12367
12357
12389
12389
12391
12406
