5
10
13
15
13
20
23
30
32
44
55
60
60
66
81
87
105
105
105
105
109
115
117
115
115
115
115
146
146
166
171
178
178
181
183
181
181
204
206
220
224
236
240
243
243
240
253
255
281
281
281
281
297
312
322
322
329
338
338
338
349
354
357
366
375
378
383
383
383
430
430
434
434
442
444
452
462
465
461
477
483
483
500
509
515
524
529
529
535
542
550
550
559
576
579
583
581
590
590
596
605
605
605
620
625
634
636
644
649
658
664
658
670
670
675
680
685
695
699
702
715
724
731
736
755
755
760
759
760
778
785
788
799
799
803
803
810
808
815
815
839
842
841
849
841
839
866
869
866
874
882
882
895
914
943
946
949
958
965
974
974
974
979
979
979
979
990
986
990
986
1001
1000
1001
1012
1012
1024
1027
1039
1037
1038
1037
1036
1053
1056
1055
1072
1089
1100
1110
1120
1126
1134
1134
1138
1141
1143
1147
1152
1156
1161
1156
1165
1172
1172
1179
1194
1201
1201
1207
1207
1215
1216
1225
1228
1232
1247
1245
1244
1244
1242
1265
1273
1270
1252
1289
1242
1300
1298
1306
1299
1246
1299
1246
1319
1327
1331
1299
1299
1340
1343
1331
1299
1299
1361
1361
1361
1367
1376
1380
1383
1383
1403
1409
1409
1415
1418
1418
1426
1433
1444
1447
1447
1447
1454
1454
1454
1477
1480
1495
1495
1495
1504
1509
1516
1516
1523
1533
1547
1544
1556
1563
1569
1572
1573
1576
1573
1584
1586
1588
1591
1598
1612
1612
1612
1616
1612
1628
1628
1628
1640
1648
1668
1668
1672
1679
1683
1688
1688
1697
1702
1705
1714
1714
1714
1714
1744
1744
1744
1767
1770
1773
1781
1780
1781
1780
1780
1812
1820
1827
1830
1831
1858
1858
1862
1862
1869
1883
1883
1883
1891
1891
1901
1904
1904
1923
1923
1927
1930
1935
1938
1935
1938
1935
1943
1936
1936
1936
1936
1963
1966
1966
1969
1966
1973
1969
1976
1979
1969
1979
1966
1999
1999
2003
2022
2029
2036
2036
2040
2047
2052
2057
2057
2057
2070
2070
2074
2081
2076
2076
2088
2091
2097
2108
2114
2109
2122
2131
2130
2143
2156
2158
2166
2166
2182
2182
2182
2182
2190
2190
2190
2197
2200
2202
2200
2209
2211
2220
2220
2229
2234
2243
2249
2255
2262
2267
2274
2267
2287
2285
2285
2293
2293
2293
2299
2307
2318
2325
2325
2339
2339
2346
2346
2345
2354
2354
2353
2354
2362
2361
2365
2354
2365
2345
2353
2379
2398
2401
2401
2411
2412
2412
2421
2424
2412
2421
2443
2441
2452
2474
2470
2479
2470
2478
2469
2491
2493
2497
2520
2522
2533
2538
2544
2549
2556
2569
2578
2586
2594
2599
2602
2605
2621
2616
2632
2636
2640
2640
2640
2657
2656
2665
2656
2653
2675
2686
2692
2700
2703
2700
2709
2710
2710
2715
2710
2731
2731
2735
2735
2741
2748
2759
2763
2768
2792
2792
2800
2805
2808
2815
2818
2820
2830
2830
2830
2839
2839
2865
2892
2895
2900
2905
2905
2910
2922
2923
2923
2943
2945
2945
2962
2962
2962
2965
2977
2976
2982
2995
3003
3003
3012
3015
3018
3015
3018
3017
3017
3029
3032
3032
3041
3041
3050
3058
3058
3046
3068
3058
3077
3080
3077
3080
3058
3075
3058
3075
3058
3093
3093
3115
3115
3115
3122
3122
3128
3137
3155
3156
3154
3156
3161
3174
3182
3194
3192
3194
3206
3206
3206
3213
3216
3231
3233
3239
3240
3239
3240
3257
3257
3275
3275
3283
3283
3287
3283
3289
3283
3287
3316
3319
3322
3327
3332
3332
3340
3341
3348
3359
3364
3364
3370
3375
3375
3379
3386
3395
3395
3399
3406
3405
3409
3401
3418
3419
3429
3432
3448
3453
3453
3453
3462
3473
3477
3477
3477
3488
3494
3494
3497
3503
3503
3507
3508
3511
3506
3523
3542
3549
3560
3567
3567
3573
3573
3577
3573
3579
3573
3577
3576
3594
3596
3607
3603
3607
3603
3619
3633
3653
3657
3665
3670
3670
3670
3679
3679
3681
3679
3681
3694
3691
3700
3700
3710
3708
3714
3714
3723
3722
3732
3730
3732
3731
3744
3759
3766
3773
3773
3777
3784
3797
3804
3821
3822
3833
3835
3841
3845
3849
3855
3863
3872
3877
3891
3906
3912
3906
3912
3929
3938
3939
3939
3949
3958
3985
3985
3993
4001
4007
4020
4020
4017
4018
4018
4030
4041
4018
4049
4019
4059
4019
4058
4018
4058
4018
4058
4018
4074
4081
4089
4088
4095
4106
4092
4106
4106
4103
4117
4121
4126
4129
4131
4131
4131
4131
4138
4141
4141
4141
4141
4161
4161
4161
4178
4179
4195
4199
4206
4217
4217
4225
4234
4247
4247
4247
4256
4259
4262
4275
4284
4284
4288
4293
4293
4309
4309
4315
4323
4323
4323
4334
4340
4345
4341
4341
4341
4341
4366
4371
4374
4374
4377
4374
4382
4391
4395
4411
4415
4439
4439
4443
4452
4461
4461
4465
4470
4479
4486
4486
4486
4486
4492
4492
4496
4499
4510
4514
4521
4525
4536
4536
4540
4536
4525
4546
4552
4556
4555
4555
4555
4569
4569
4574
4581
4597
4607
4608
4606
4617
4617
4624
4619
4624
4650
4661
4671
4683
4683
4695
4708
4712
4710
4723
4733
4739
4742
4742
4752
4755
4763
4754
4754
4769
4794
4797
4805
4813
4816
4823
4823
4823
4852
4853
4852
4857
4852
4857
4852
4870
4881
4878
4876
4876
4876
4897
4897
4897
4906
4906
4906
4906
4911
4925
4928
4927
4925
4927
4936
4941
4948
4948
4958
4973
4975
4982
4988
4986
4984
4984
4982
5004
4975
4978
5017
5033
5033
5041
5043
5052
5052
5072
5078
5093
5105
5109
5109
5109
5109
5117
5122
5131
5137
5154
5159
5165
5164
5173
5178
5184
5186
5197
5204
5204
5222
5221
5221
5221
5248
5260
5262
5264
5280
5283
5290
5297
5303
5308
5321
5329
5329
5335
5342
5345
5349
5349
5355
5349
5349
5363
5372
5377
5380
5388
5388
5388
5394
5388
5411
5419
5424
5427
5430
5432
5446
5446
5448
5455
5459
5457
5459
5457
5464
5459
5459
5485
5487
5482
5487
5501
5514
5517
5517
5528
5528
5532
5532
5542
5532
5541
5560
5560
5564
5560
5559
5579
5584
5590
5589
5590
5590
5609
5612
5615
5615
5620
5626
5625
5626
5629
5629
5639
5657
5669
5676
5678
5685
5694
5694
5717
5718
5718
5718
5718
5728
5741
5744
5744
5752
5767
5770
5770
5771
5781
5771
5789
5792
5792
5792
5801
5804
5802
5801
5801
5824
5829
5829
5849
5856
5864
5868
5868
5880
5889
5889
5897
5897
5897
5908
5908
5913
5919
5928
5930
5928
5945
5948
5948
5948
5957
5957
5957
5970
5970
5980
5979
5979
5994
5979
5994
5994
5984
6026
6031
6030
6030
6042
6049
6049
6055
6067
6066
6076
6084
6092
6092
6112
6116
6115
6135
6135
6143
6143
6143
6154
6158
6154
6158
6158
6173
6173
6185
6194
6194
6194
6202
6208
6213
6217
6221
6232
6232
6235
6232
6235
6232
6235
6235
6246
6253
6257
6257
6265
6264
6265
6281
6281
6299
6299
6313
6316
6321
6333
6333
6340
6340
6354
6348
6354
6373
6381
6386
6380
6391
6380
6391
6380
6412
6428
6433
6433
6443
6443
6459
6459
6463
6468
6468
6477
6489
6499
6496
6506
6502
6538
6540
6543
6553
6553
6554
6560
6553
6563
6554
6560
6581
6585
6585
6585
6605
6602
6603
6602
6619
6622
6625
6634
6634
6634
6642
6642
6650
6652
6649
6662
6664
6665
6667
6667
6675
6684
6691
6691
6703
6710
6711
6717
6729
6735
6734
6734
6760
6766
6766
6766
6771
6775
6783
6788
6791
6800
6800
6822
6847
6854
6854
6870
6875
6876
6878
6889
6893
6894
6893
6898
6902
6898
6904
6916
6916
6916
6919
6916
6919
6933
6933
6933
6937
6933
6933
6933
6933
6954
6969
6974
6977
6975
6977
6975
6986
6975
6982
7011
7011
7016
7033
7042
7045
7051
7050
7050
7056
7050
7069
7069
7069
7078
7085
7086
7093
7093
7101
7101
7111
7115
7118
7115
7117
7118
7137
7137
7140
7141
7137
7154
7153
7162
7159
7162
7171
7159
7159
7185
7185
7185
7207
7218
7221
7226
7231
7236
7231
7231
7262
7266
7266
7280
7280
7280
7286
7289
7286
7294
7303
7311
7310
7318
7323
7330
7343
7343
7359
7364
7364
7374
7377
7382
7382
7389
7395
7392
7419
7426
7426
7426
7437
7448
7459
7462
7467
7470
7481
7480
7488
7487
7491
7498
7500
7465
7461
7500
7459
7510
7513
7515
7515
7500
7498
7498
7498
7490
7491
7491
7491
7542
7545
7550
7550
7550
7563
7570
7575
7575
7575
7594
7606
7609
7609
7590
7609
7600
7601
7603
7637
7640
7649
7649
7656
7655
7655
7655
7665
7655
7665
7674
7672
7692
7692
7698
7699
7715
7712
7715
7715
7722
7729
7729
7735
7742
7743
7743
7761
7761
7765
7778
7778
7778
7782
7787
7793
7787
7787
7801
7801
7819
7814
7819
7814
7824
7808
7831
7808
7852
7861
7867
7868
7874
7879
7877
7878
7877
7901
7901
7909
7909
7914
7915
7926
7925
7931
7934
7934
7937
7934
7943
7947
7950
7953
7958
7963
7972
7972
7976
7978
7988
7993
8006
8009
8010
8009
8009
8022
8006
8022
8034
8037
8035
8033
8032
8047
8035
8047
8052
8052
8032
8062
8035
8079
8082
8086
8095
8105
8118
8118
8132
8140
8140
8144
8140
8152
8158
8161
8170
8170
8179
8180
8190
8193
8193
8199
8206
8210
8218
8225
8230
8233
8250
8253
8256
8269
8267
8273
8273
8280
8273
8279
8288
8290
8298
8288
8288
8307
8316
8316
8316
8329
8330
8329
8329
8329
8346
8349
8351
8354
8360
8360
8376
8381
8391
8391
8398
8408
8414
8419
8424
8427
8432
8429
8432
8456
8455
8455
8466
8466
8466
8477
8476
8475
8484
8487
8500
8513
8518
8523
8523
8523
8530
8535
8540
8540
8546
8546
8546
8555
8560
8567
8570
8570
8594
8589
8594
8601
8604
8605
8609
8617
8632
8632
8632
8655
8674
8681
8688
8707
8708
8707
8714
8714
8718
8720
8720
8731
8742
8745
8742
8755
8758
8761
8765
8765
8765
8765
8776
8777
8786
8786
8788
8788
8800
8803
8808
8808
8813
8813
8832
8839
8852
8852
8852
8857
8860
8860
8860
8869
8879
8889
8887
8897
8897
8907
8912
8910
8925
8924
8929
8924
8940
8940
8944
8944
8950
8959
8959
8983
8986
8983
8985
8992
8985
8992
8985
8992
9004
9009
9018
9016
9036
9041
9066
9069
9074
9074
9090
9094
9098
9102
9109
9119
9133
9131
9137
9137
9131
9141
9148
9148
9155
9163
9163
9166
9141
9131
9182
9182
9193
9181
9193
9204
9197
9207
9197
9197
9204
9213
9224
9226
9224
9227
9227
9227
9245
9271
9280
9295
9298
9297
9297
9302
9302
9305
9314
9332
9329
9344
9348
9349
9354
9362
9362
9377
9376
9387
9390
9387
9397
9390
9399
9390
9399
9390
9390
9421
9424
9424
9428
9438
9448
9449
9449
9459
9455
9459
9455
9459
9471
9470
9469
9470
9470
9469
9470
9469
9489
9492
9502
9503
9512
9512
9512
9512
9516
9527
9534
9532
9532
9549
9550
9555
9583
9583
9595
9593
9611
9611
9611
9625
9625
9637
9656
9653
9656
9653
9656
9662
9664
9684
9683
9688
9688
9693
9693
9700
9718
9724
9726
9731
9731
9739
9739
9741
9749
9750
9748
9759
9772
9772
9770
9772
9778
9783
9788
9795
9810
9812
9822
9822
9822
9831
9840
9843
9843
9843
9852
9852
9852
9865
9869
9865
9869
9865
9886
9886
9886
9886
9886
9886
9901
9909
9912
9913
9912
9912
9912
9912
9931
9942
9951
9952
9956
9950
9970
9975
9975
9979
9984
9989
9994
9994
9994
9994
9994
10005
10005
10005
10005
10023
10037
10036
10042
10042
10042
10049
10049
10049
10054
10074
10073
10083
10085
10086
10092
10088
10104
10119
10118
10119
10128
10128
10134
10139
10148
10148
10148
10155
10162
10163
10161
10163
10161
10189
10197
10196
10202
10202
10202
10217
10217
10225
10228
10233
10236
10251
10254
10256
10254
10265
10265
10265
10265
10265
10287
10311
10311
10311
10318
10318
10336
10342
10362
10366
10357
10366
10376
10366
10360
10358
10390
10358
10398
10398
10409
10419
10434
10432
10446
10461
10468
10462
10466
10486
10496
10496
10501
10503
10496
10503
10496
10503
10520
10523
10523
10525
10525
10526
10525
10548
10556
10559
10563
10569
10572
10572
10578
10579
10584
10582
10588
10593
10600
10578
10599
10599
10610
10609
10610
10615
10615
10609
10635
10641
10658
10665
10670
10673
10678
10685
10689
10695
10698
10701
10710
10708
10724
10724
10728
10731
10738
10745
10749
10755
10755
10755
10755
10755
10761
10767
10770
10777
10792
10813
10818
10818
10827
10832
10843
10842
10843
10843
10852
10859
10864
10864
10864
10871
10876
10881
10895
10895
10901
10895
10901
10892
10909
10907
10907
10917
10930
10937
10937
10937
10946
10952
10952
10952
10956
10952
10956
10961
10968
10972
10970
10970
10980
10980
10987
11005
11010
11013
11026
11031
11032
11030
11039
11043
11044
11052
11058
11061
11064
11073
11081
11087
11093
11093
11101
11107
11107
11111
11116
11125
11131
11139
11158
11173
11173
11173
11173
11179
11186
11193
11193
11217
11217
11234
11242
11247
11247
11255
11262
11265
11274
11278
11272
11280
11272
11280
11272
11274
11304
11307
11320
11328
11332
11337
11348
11351
11348
11354
11348
11363
11365
11367
11365
11367
11362
11380
11362
11375
11375
11389
11389
11389
11389
11405
11406
11419
11419
11427
11427
11431
11456
11456
11458
11456
11458
11456
11458
11458
11473
11467
11472
11483
11484
11487
11495
11495
11497
11495
11497
11503
11491
11511
11497
11484
11458
11531
11535
11535
11472
11472
11472
11544
11550
11565
11568
11578
11569
11572
11590
11597
11597
11601
11606
11606
11616
11624
11625
11634
11640
11639
11639
11647
11654
11655
11660
11673
11676
11676
11692
11699
11699
11701
11701
11716
11719
11729
11729
11733
11734
11733
11733
11747
11752
11753
11766
11770
11771
11777
11779
11793
11793
11804
11811
11819
11828
11835
11835
11851
11872
11872
11880
11886
11886
11893
11924
11929
11938
11938
11943
11944
11952
11956
11967
11984
11983
11984
11983
11983
11998
11993
11997
11994
12009
12021
12021
12021
12021
12021
12028
12030
12040
12040
12040
12040
12046
12046
12046
12075
12073
12075
12075
12091
12096
12101
12106
12109
12109
12116
12126
12128
12129
12126
12126
12126
12141
12147
12153
12157
12157
12163
12174
12177
12183
12197
12208
12224
12226
12227
12230
12227
12235
12227
12248
12248
12250
12260
12272
12272
12294
12305
12298
12305
12314
12327
12336
12341
12342
12350
12349
12350
12350
12365
12365
12367
12365
12375
12375
12379
12382
12387
12390
12393
12399
12393
12417
12449
12452
12453
12459
12463
12459
12463
12459
12451
12459
12479
12484
12484
12484
12495
12506
12510
12508
12513
12520
12518
12533
12546
12545
12545
12554
12557
12566
12570
12574
12575
12578
12574
12575
12592
12599
12598
12604
12610
12604
12618
12604
12629
12629
12629
12629
12637
12639
12646
12647
12666
12666
12666
12671
12679
12679
12688
12690
12699
12701
12707
12710
12719
12719
12727
12728
12731
12731
12736
12731
12749
12749
12755
12769
12772
12778
12795
12804
12809
12812
12821
12830
12833
12847
12853
12860
12865
12867
12867
12872
12872
12877
12879
12876
12886
12886
12884
12894
12906
12906
12925
12926
12926
12934
12934
12934
12941
12943
12941
12943
12947
12947
12947
12947
12941
12947
12963
12941
12947
12970
12978
12977
12977
12977
12991
12996
13001
13008
13010
13010
13013
13016
13023
13024
13022
13036
13043
13044
13047
13043
13062
13076
13081
13084
13084
13084
13084
13084
13089
13103
13102
13110
13119
13125
13144
13148
13137
13137
13137
13137
13168
13168
13168
13178
13177
13186
13188
13188
13199
13208
13211
13214
13219
13219
13219
13222
13227
13227
13253
13274
13274
13288
13290
13299
13302
13312
13314
13319
13321
13331
13338
13345
13343
13345
13343
13342
13364
13364
13375
13384
13384
13391
13397
13406
13408
13406
13411
13406
13417
13406
13417
13406
13413
13411
13442
13455
13460
13464
13471
13476
13489
13499
13499
13499
13505
13510
13513
13513
13521
13522
13528
13536
13545
13549
13545
13552
13545
13558
13549
13568
13568
13575
13585
13585
13585
13588
13595
13608
13612
13618
13612
13618
13612
13629
13633
13653
13655
13662
13675
13686
13687
13683
13697
13702
13709
13722
13722
13722
13731
13752
13760
13765
13777
13777
13787
13793
13788
13756
13756
13788
13777
13828
13834
13837
13848
13845
13853
13878
13878
13902
13905
13906
13906
13913
13921
13921
13935
13938
13951
13954
13956
13956
13960
13956
13960
13956
13967
13969
13967
13967
13967
13977
13977
13989
13991
13991
13991
13991
14003
14010
14012
14018
14018
14024
14024
14028
14029
14032
14039
14040
14039
14046
14050
14052
14046
14050
14050
14059
14059
14067
14059
14080
14080
14105
14108
14122
14122
14122
14134
14154
14159
14159
14159
14159
14166
14166
14173
14166
14178
14173
14178
14173
14190
14208
14210
14220
14220
14234
14231
14242
14243
14250
14250
14252
14252
14257
14269
14274
14287
14289
14289
14300
14280
14304
14280
14279
14311
14311
14311
14336
14336
14336
14355
14355
14363
14366
14369
14373
14372
14382
14383
14396
14392
14404
14404
14415
14419
14424
14424
14424
14430
14443
14451
14456
14471
14473
14479
14484
14489
14492
14495
14502
14514
14522
14525
14525
14535
14538
14538
14544
14544
14546
14548
14548
14557
14559
14565
14565
14573
14574
14573
14580
14585
14588
14588
14597
14601
14610
14613
14613
14622
14629
14628
14639
14659
14662
14662
14662
14673
14678
14673
14677
14673
14677
14673
14677
14673
14704
14705
14705
14715
14720
14719
14719
14727
14732
14735
14736
14735
14750
14758
14777
14783
14782
14783
14800
14817
14822
14827
14835
14843
14848
14852
14861
14866
14877
14883
14889
14888
14888
14889
14902
14901
14902
14902
14909
14902
14911
14928
14932
14931
14962
14962
14965
14965
14965
14975
14974
14978
14983
14975
14992
14992
14992
15003
15010
15014
15018
15016
15020
15016
15023
15027
15014
15051
15046
15057
15063
15066
15066
15066
15073
15082
15093
15104
15118
15118
15126
15133
15154
15154
15154
15165
15168
15168
15171
15177
15182
15182
15192
15195
15198
15198
15195
15209
15220
15224
15228
15230
15245
15253
15258
15265
15265
15273
15276
15277
15276
15296
15310
15316
15319
15322
15325
15329
15329
15355
15360
15362
15366
15368
15368
15372
15379
15377
15379
15379
15388
15399
15401
15399
15401
15401
15418
15416
15437
15445
15468
15473
15472
15473
15472
15490
15490
15501
15511
15517
15522
15520
15525
15520
15528
15529
15535
15525
15535
15559
15555
15559
15568
15568
15568
15577
15572
15579
15588
15594
15606
15606
15608
15608
15631
15625
15640
15641
15640
15647
15652
15641
15659
15640
15666
15677
15675
15676
15640
15695
15695
15695
15720
15727
15719
15719
15719
15726
15740
15726
15740
15753
15762
15765
15770
15774
15773
15787
15789
15793
15796
15799
15801
15810
15823
15822
15832
15843
15843
15847
15847
15876
15877
15880
15877
15877
15892
15895
15892
15892
15915
15914
15914
15924
15923
15923
15932
15939
15939
15951
15956
15956
15960
15962
15966
15991
15991
15991
15995
15991
15995
15995
16002
16007
16007
16020
16038
16037
16042
16054
16053
16054
16058
16060
16054
16054
16076
16085
16098
16113
16120
16124
16124
16130
16130
16130
16130
16139
16141
16151
16156
16156
16164
16171
16175
16177
16188
16201
16203
16205
16203
16205
16212
16216
16218
16219
16223
16234
16212
16218
16246
16246
16246
16253
16266
16274
16282
16296
16296
16308
16311
16311
16320
16320
16325
16329
16328
16325
16328
16343
16348
16351
16351
16363
16362
16363
16372
16377
16378
16378
16386
16391
16396
16414
16422
16435
16438
16438
16454
16457
16457
16457
16457
16470
16470
16469
16482
16482
16487
16486
16490
16486
16490
16487
16487
16515
16517
16526
16526
16526
16532
16543
16547
16551
16551
16553
16555
16573
16580
16585
16592
16592
16600
16602
16610
16610
16610
16615
16618
16619
16630
16634
16640
16653
16653
16667
16677
16679
16688
16693
16694
16709
16699
16711
16724
16735
16744
16757
16757
16757
16768
16772
16772
16772
16780
16780
16787
16790
16787
16790
16799
16799
16802
16802
16815
16820
16820
16825
16830
16835
16835
16845
16847
16847
16847
16859
16867
16867
16867
16875
16876
16875
16888
16888
16903
16903
16912
16915
16913
16913
16913
16925
16926
16925
16925
16933
16946
16954
16953
16954
16951
16969
16972
16976
16977
16976
16986
16989
16992
17003
17008
17008
17025
17032
17037
17042
17052
17052
17060
17060
17060
17068
17068
17085
17090
17093
17100
17102
17100
17111
17122
17128
17128
17122
17140
17140
17140
17147
17151
17155
17158
17158
17161
17158
17161
17160
17161
17174
17188
17188
17186
17188
17186
17229
17229
17235
17242
17249
17250
17259
17261
17267
17267
17275
17292
17298
17314
17331
17338
17338
17346
17346
17378
17378
17383
17382
17388
17407
17413
17413
17413
17419
17426
17427
17426
17427
17436
17443
17443
17443
17448
17451
17462
17473
17482
17482
17495
17500
17506
17508
17508
17508
17520
17522
17524
17522
17529
17528
17524
17528
17540
17541
17546
17546
17546
17546
17546
17560
17568
17572
17571
17581
17577
17581
17572
17596
17599
17598
17596
17598
17606
17609
17606
17609
17617
17609
17632
17644
17644
17651
17657
17662
17666
17673
17673
17678
17672
17678
17683
17684
17673
17695
17697
17697
17718
17718
17718
17718
17718
17730
17735
17743
17744
17753
17758
17761
17768
17775
17781
17781
17804
17812
17810
17817
17822
17829
17839
17843
17848
17848
17852
17852
17852
17865
17868
17870
17873
17887
17887
17887
17887
17887
17887
17899
17900
17909
17913
17912
17913
17918
17925
17923
17923
17923
17933
17933
17958
17956
17967
17966
17976
17983
17983
17988
17992
17993
17993
17998
18004
18004
18011
18017
18019
18019
18028
18028
18040
18055
18055
18065
18064
18063
18063
18085
18086
18085
18085
18095
18094
18103
18090
18097
18116
18120
18123
18123
18128
18131
18128
18148
18129
18153
18153
18163
18170
18170
18174
18170
18181
18187
18191
18195
18206
18209
18214
18216
18214
18223
18227
18233
18233
18249
18258
18265
18270
18276
18282
18285
18285
18297
18297
18297
18297
18307
18307
18311
18314
18327
18331
18336
18336
18336
18341
18341
18330
18330
18330
18330
18353
18330
18364
18380
18381
18380
18380
18390
18392
18390
18380
18408
18412
18419
18419
18425
18425
18430
18430
18437
18442
18442
18446
18473
18480
18486
18502
18507
18522
18531
18555
18556
18555
18575
18585
18585
18579
18578
18599
18603
18611
18617
18625
18633
18633
18665
18668
18669
18676
18679
18682
18687
18687
18691
18692
18692
18691
18713
18713
18721
18724
18727
18727
18743
18743
18755
18758
18762
18758
18771
18771
18783
18783
18803
18808
18813
18814
18816
18814
18814
18814
18835
18856
18869
18872
18877
18880
18880
18880
18887
18890
18889
18898
18900
18908
18908
18922
18918
18927
18929
18931
18929
18937
18913
18947
18957
18964
18962
18970
18970
18976
18976
18982
18985
18985
18985
18985
19005
18994
19019
19019
19019
19030
19037
19049
19058
19058
19063
19066
19069
19072
19075
19076
19084
19086
19083
19072
19083
19097
19096
19102
19106
19074
19102
19078
19074
19122
19122
19122
19128
19128
19128
19135
19140
19149
19149
19174
19182
19194
19197
19194
19194
19209
19208
19214
19218
19217
19229
19242
19247
19247
19256
19255
19255
19270
19270
19272
19270
19272
19278
19281
19270
19270
19286
19270
19272
19272
19272
19272
19303
19315
19322
19330
19337
19338
19337
19350
19354
19364
19364
19376
19381
19386
19403
19403
19403
19415
19414
19424
19424
19428
19433
19438
19453
19470
19486
19484
19495
19495
19495
19500
19500
19502
19500
19514
19500
19514
19500
19514
19527
19534
19533
19532
19534
19541
19545
19522
19541
19532
19532
19572
19579
19579
19595
19595
19595
19613
19612
19613
19618
19622
19637
19637
19643
19643
19651
19643
19650
19657
19663
19691
19695
19699
19701
19698
19711
19714
19727
19733
19727
19746
19756
19755
19756
19762
19767
19772
19772
19772
19776
19776
19776
19794
19801
19806
19817
19817
19820
19830
19834
19833
19843
19846
19856
19856
19856
19872
19875
19875
19877
19877
19877
19877
19885
19892
19894
19902
19913
19907
19907
19926
19926
19929
19932
19933
19938
19938
19945
19952
19967
19976
19979
19979
19983
19979
19987
19987
19997
20002
20009
20002
20022
20026
20026
20029
20031
20042
20042
20042
20049
20058
20059
20058
20074
20072
20083
20078
20093
20096
20107
20124
20139
20143
20147
20158
20167
20171
20176
20175
20176
20182
20176
20188
20188
20191
20197
20202
20209
20209
20213
20209
20213
20213
20223
20233
20232
20239
20249
20252
20271
20271
20276
20276
20287
20292
20296
20298
20298
20298
20315
20315
20327
20328
20327
20334
20336
20354
20362
20362
20369
20378
20381
20390
20386
20408
20408
20412
20412
20416
20423
20423
20431
20434
20445
20454
20454
20454
20466
20468
20465
20465
20479
20481
20489
20489
20495
20495
20501
20508
20517
20515
20516
20514
20535
20535
20541
20576
20580
20580
20582
20596
20596
20607
20615
20615
20619
20622
20622
20622
20622
20622
20633
20635
20635
20643
20643
20652
20653
20650
20665
20667
20665
20674
20680
20679
20680
20679
20680
20680
20692
20710
20713
20712
20729
20734
20744
20753
20760
20759
20760
20765
20764
20764
20783
20783
20790
20792
20801
20808
20817
20832
20832
20832
20837
20842
20846
20849
20856
20859
20860
20863
20846
20871
20873
20878
20870
20890
20893
20893
20905
20910
20929
20936
20941
20945
20949
20951
20965
20971
20971
20976
21007
21026
21039
21052
21067
21068
21075
21089
21088
21092
21095
21095
21095
21109
21109
21117
21121
21130
21131
21131
21137
21131
21147
21149
21157
21166
21169
21174
21174
21174
21187
21189
21203
21207
21211
21211
21221
21221
21237
21246
21251
21251
21259
21270
21272
21286
21291
21292
21291
21296
21291
21324
21324
21328
21333
21334
21339
21351
21357
21362
21371
21374
21376
21374
21374
21374
21401
21404
21411
21412
21412
21428
21431
21440
21438
21454
21454
21468
21477
21490
21500
21499
21500
21499
