1
7
13
16
22
26
26
21
26
50
59
59
65
72
77
82
82
98
101
102
115
115
130
134
141
142
148
150
148
150
150
142
175
180
190
192
201
201
189
207
189
218
232
236
236
238
236
252
255
255
259
264
271
284
299
299
306
302
306
330
342
345
353
353
363
363
363
363
371
376
376
376
376
376
381
381
389
389
393
400
400
412
415
417
428
428
437
444
456
456
456
476
479
489
489
489
489
502
503
511
513
522
527
539
549
549
555
555
566
566
566
566
594
601
609
610
613
610
613
617
613
617
627
627
627
634
637
646
649
649
650
649
659
662
661
662
675
676
676
683
690
690
690
698
707
710
711
715
710
724
724
730
735
753
753
758
767
776
779
784
797
802
808
808
814
814
821
825
845
845
845
850
859
860
860
868
870
878
882
882
893
893
897
901
907
909
915
918
918
921
918
918
929
935
935
941
944
935
963
963
969
969
978
981
981
981
986
981
995
995
1000
1006
1011
1011
1014
1016
1019
1016
1014
1035
1034
1045
1045
1050
1053
1058
1065
1068
1079
1084
1089
1089
1097
1101
1101
1109
1108
1112
1123
1141
1153
1157
1156
1156
1166
1156
1175
1179
1180
1190
1193
1200
1207
1220
1229
1229
1229
1242
1245
1253
1265
1265
1269
1272
1278
1282
1286
1290
1293
1293
1325
1325
1329
1336
1341
1346
1353
1353
1353
1363
1362
1373
1373
1380
1373
1373
1393
1393
1393
1404
1404
1410
1410
1422
1429
1440
1443
1445
1469
1469
1469
1469
1485
1485
1485
1492
1499
1499
1505
1506
1514
1524
1533
1536
1549
1558
1572
1570
1587
1590
1590
1604
1607
1618
1621
1618
1633
1638
1649
1652
1659
1672
1675
1681
1679
1681
1696
1696
1696
1696
1696
1696
1696
1696
1723
1729
1730
1730
1755
1771
1772
1798
1798
1818
1823
1823
1831
1841
1847
1850
1853
1858
1858
1867
1867
1883
1891
1891
1891
1891
1891
1902
1914
1921
1927
1927
1927
1927
1927
1927
1927
1942
1947
1948
1957
1964
1971
1971
1987
1987
1995
2000
2000
2012
2012
2012
2012
2012
2025
2030
2033
2033
2033
2042
2046
2042
2060
2066
2068
2068
2073
2073
2073
2073
2081
2087
2092
2106
2106
2116
2115
2116
2137
2142
2149
2155
2161
2163
2163
2170
2175
2180
2185
2197
2200
2228
2237
2237
2240
2240
2251
2254
2265
2290
2303
2303
2317
2326
2326
2333
2333
2333
2355
2365
2375
2377
2382
2391
2390
2402
2405
2405
2411
2413
2416
2433
2441
2444
2447
2458
2465
2465
2468
2465
2471
2472
2472
2480
2465
2465
2499
2501
2507
2507
2509
2509
2509
2509
2517
2537
2534
2537
2534
2548
2551
2554
2556
2553
2551
2570
2570
2578
2583
2590
2596
2590
2589
2613
2612
2620
2627
2634
2643
2653
2657
2673
2677
2677
2681
2689
2697
2697
2711
2711
2722
2712
2731
2742
2734
2738
2749
2738
2734
2758
2758
2764
2764
2764
2769
2786
2789
2798
2801
2804
2803
2804
2803
2822
2826
2827
2829
2838
2838
2838
2838
2843
2838
2838
2859
2859
2870
2869
2877
2886
2886
2886
2891
2902
2902
2904
2916
2916
2922
2926
2931
2938
2955
2962
2966
2962
2963
2983
2992
2990
2992
3002
3002
3008
3017
3023
3027
3028
3027
3034
3042
3041
3048
3052
3041
3052
3059
3064
3067
3076
3079
3076
3076
3094
3095
3094
3094
3104
3104
3104
3109
3109
3119
3126
3129
3164
3162
3169
3183
3185
3195
3209
3213
3213
3216
3225
3231
3245
3245
3262
3264
3290
3293
3293
3301
3301
3307
3293
3301
3301
3330
3336
3339
3318
3339
3336
3351
3351
3336
3336
3356
3336
3364
3374
3380
3390
3399
3403
3404
3407
3409
3407
3409
3409
3419
3443
3442
3443
3442
3452
3455
3461
3467
3467
3467
3467
3473
3481
3487
3494
3494
3494
3501
3511
3510
3518
3521
3534
3536
3543
3549
3549
3561
3563
3577
3577
3589
3589
3597
3597
3613
3613
3627
3642
3650
3657
3670
3674
3674
3674
3685
3681
3691
3693
3691
3700
3704
3710
3710
3710
3719
3738
3738
3738
3738
3744
3751
3751
3751
3751
3751
3755
3751
3755
3765
3768
3768
3772
3779
3778
3788
3800
3795
3807
3816
3831
3838
3842
3842
3841
3852
3851
3861
3861
3861
3872
3881
3881
3881
3881
3897
3897
3897
3897
3897
3897
3916
3915
3920
3916
3915
3919
3915
3915
3915
3936
3936
3946
3947
3954
3961
3976
3976
3976
3981
3989
3989
3994
3994
4001
4009
4020
4024
4041
4030
4041
4050
4046
4061
4086
4086
4100
4098
4101
4101
4101
4113
4121
4121
4130
4131
4150
4155
4165
4169
4178
4178
4186
4180
4203
4209
4214
4222
4230
4230
4230
4241
4241
4245
4245
4254
4254
4263
4265
4279
4279
4285
4285
4301
4301
4305
4307
4307
4312
4312
4323
4323
4323
4323
4323
4323
4338
4351
4372
4372
4390
4391
4390
4397
4401
4407
4410
4425
4428
4432
4459
4459
4470
4470
4480
4493
4506
4507
4516
4521
4523
4529
4532
4537
4540
4540
4552
4554
4552
4563
4560
4565
4560
4574
4576
4574
4565
4583
4590
4593
4596
4605
4610
4617
4630
4632
4630
4630
4638
4647
4647
4650
4647
4650
4647
4649
4650
4687
4687
4689
4698
4711
4720
4725
4736
4741
4741
4747
4751
4754
4767
4767
4776
4779
4781
4783
4781
4790
4791
4790
4782
4817
4817
4817
4817
4824
4839
4849
4854
4862
4862
4858
4871
4871
4876
4858
4889
4862
4893
4897
4901
4903
4916
4919
4919
4919
4925
4933
4939
4951
4952
4958
4957
4977
4977
4977
4988
4988
4992
5002
5002
5002
5017
5020
5040
5044
5049
5052
5044
5075
5078
5085
5087
5085
5085
5098
5097
5098
5097
5098
5097
5119
5124
5125
5119
5123
5144
5148
5158
5176
5184
5188
5185
5208
5208
5216
5223
5222
5227
5222
5223
5231
5227
5241
5241
5245
5245
5255
5251
5267
5272
5274
5284
5282
5284
5298
5296
5307
5310
5319
5324
5326
5330
5337
5343
5346
5342
5342
5352
5362
5361
5361
5361
5377
5377
5383
5388
5396
5404
5405
5412
5412
5446
5453
5454
5459
5466
5467
5486
5488
5486
5486
5488
5510
5514
5520
5530
5539
5552
5556
5556
5556
5562
5562
5562
5571
5574
5589
5592
5593
5593
5593
5593
5601
5601
5604
5609
5607
5609
5608
5609
5608
5642
5645
5645
5653
5655
5653
5662
5671
5680
5689
5689
5703
5708
5706
5711
5706
5711
5706
5711
5729
5732
5706
5744
5746
5768
5766
5768
5775
5775
5784
5780
5776
5774
5766
5767
5808
5818
5823
5823
5830
5834
5834
5848
5851
5856
5882
5883
5881
5881
5895
5900
5903
5903
5907
5907
5907
5931
5931
5931
5935
5948
5959
5965
5964
5964
5974
5985
5994
5998
6002
6008
6008
6022
6022
6030
6035
6046
6046
6051
6050
6051
6050
6050
6051
6066
6078
6077
6080
6092
6099
6106
6109
6112
6112
6116
6124
6128
6139
6139
6155
6158
6158
6164
6171
6184
6184
6187
6184
6197
6203
6195
6209
6196
6209
6209
6223
6232
6229
6237
6245
6253
6257
6261
6267
6269
6268
6268
6268
6282
6281
6282
6293
6306
6317
6326
6336
6335
6348
6347
6348
6358
6368
6367
6373
6377
6381
6377
6397
6400
6412
6410
6411
6422
6428
6430
6430
6430
6444
6444
6444
6460
6462
6462
6469
6468
6468
6473
6487
6490
6490
6490
6490
6500
6511
6515
6514
6515
6515
6531
6529
6529
6545
6545
6547
6558
6561
6569
6566
6573
6569
6573
6569
6583
6582
6583
6582
6583
6582
6590
6592
6598
6601
6601
6601
6605
6606
6611
6606
6606
6620
6620
6622
6620
6620
6639
6646
6654
6654
6658
6663
6663
6671
6676
6679
6688
6695
6695
6699
6708
6712
6716
6731
6734
6737
6736
6740
6758
6763
6776
6779
6779
6779
6788
6779
6794
6797
6801
6809
6809
6813
6813
6820
6820
6820
6832
6839
6838
6838
6838
6854
6855
6858
6852
6868
6870
6873
6884
6891
6897
6898
6895
6904
6918
6930
6937
6932
6937
6943
6945
6947
6945
6952
6936
6966
6937
6965
6965
6981
6984
6987
7002
7002
7010
7015
7015
7031
7034
7043
7047
7050
7043
7072
7078
7078
7083
7080
7089
7083
7082
7098
7103
7106
7106
7127
7130
7119
7122
7137
7137
7119
7156
7156
7160
7160
7160
7167
7174
7177
7180
7183
7213
7223
7226
7227
7232
7248
7258
7261
7261
7265
7268
7273
7284
7289
7294
7289
7289
7298
7300
7299
7314
7314
7314
7314
7335
7337
7346
7359
7359
7359
7359
7373
7373
7373
7382
7386
7392
7408
7416
7421
7424
7439
7442
7447
7450
7450
7456
7461
7463
7477
7478
7477
7478
7489
7503
7513
7513
7513
7536
7545
7545
7548
7556
7556
7556
7562
7566
7566
7570
7573
7573
7580
7582
7592
7592
7600
7614
7617
7634
7647
7642
7643
7670
7677
7679
7679
7692
7698
7706
7706
7718
7729
7736
7743
7743
7771
7782
7789
7793
7795
7795
7799
7795
7817
7817
7825
7829
7832
7832
7832
7832
7841
7845
7843
7854
7854
7862
7863
7868
7875
7875
7886
7897
7892
7897
7916
7913
7925
7925
7939
7939
7959
7968
7970
7968
7979
7992
7994
7992
7996
7992
7992
8010
8010
8010
8010
8019
8020
8020
8033
8036
8046
8054
8057
8071
8070
8071
8071
8096
8096
8100
8103
8112
8112
8120
8120
8130
8130
8146
8153
8151
8151
8168
8177
8177
8197
8202
8213
8228
8241
8235
8241
8251
8255
8254
8259
8255
8259
8259
8279
8284
8284
8279
8283
8298
8301
8312
8319
8324
8329
8332
8337
8348
8348
8350
8348
8346
8367
8370
8373
8375
8383
8388
8399
8410
8413
8422
8425
8427
8431
8434
8438
8443
8436
8436
8459
8459
8465
8468
8485
8488
8488
8488
8488
8496
8503
8503
8506
8514
8514
8522
8522
8526
8541
8544
8551
8556
8550
8554
8551
8554
8575
8575
8575
8575
8587
8588
8588
8605
8602
8605
8602
8614
8612
8605
8622
8619
8622
8602
8594
8637
8602
8644
8649
8649
8669
8669
8669
8669
8681
8688
8693
8688
8699
8688
8706
8710
8710
8717
8722
8722
8737
8737
8745
8748
8748
8757
8757
8767
8766
8774
8779
8788
8794
8799
8821
8852
8852
8862
8872
8882
8885
8908
8908
8915
8914
8924
8924
8938
8941
8952
8952
8952
8956
8952
8964
8952
8971
8977
8974
8985
8989
8999
9008
9023
9008
9029
9033
9035
9033
9052
9056
9079
9079
9083
9083
9096
9099
9114
9115
9115
9121
9128
9135
9139
9149
9160
9165
9165
9168
9172
9172
9172
9189
9194
9199
9204
9215
9218
9223
9229
9226
9252
9259
9268
9267
9267
9275
9278
9282
9278
9291
9291
9309
9316
9321
9321
9323
9321
9335
9344
9344
9344
9344
9360
9366
9368
9372
9397
9403
9411
9408
9418
9418
9428
9431
9444
9447
9458
9461
9469
9473
9481
9483
9494
9505
9510
9512
9510
9510
9508
9523
9523
9531
9530
9530
9542
9548
9552
9554
9574
9585
9592
9595
9602
9614
9614
9619
9622
9622
9638
9648
9646
9646
9646
9656
9653
9656
9662
9673
9678
9678
9690
9690
9696
9696
9698
9707
9720
9723
9729
9729
9738
9747
9747
9750
9750
9763
9771
9770
9775
9771
9774
9782
9771
9774
9790
9790
9770
9797
9799
9799
9804
9806
9811
9802
9814
9811
9814
9811
9825
9771
9771
9828
9771
9843
9858
9858
9864
9871
9875
9893
9893
9893
9900
9900
9912
9915
9915
9919
9923
9920
9926
9923
9926
9920
9938
9941
9941
9945
9948
9962
9968
9968
9986
9989
9993
10017
10030
10035
10041
10035
10051
10049
10071
10070
10069
10077
10069
10067
10087
10092
10106
10109
10108
10119
10124
10130
10130
10130
10145
10171
10171
10173
10171
10173
10184
10187
10190
10187
10190
10200
10190
10187
10212
10215
10215
10215
10230
10232
10233
10232
10233
10228
10245
10247
10247
10228
10247
10275
10275
10278
10282
10285
10289
10288
10307
10306
10306
10306
10306
10329
10332
10339
10342
10347
10354
10359
10368
10368
10380
10376
10383
10400
10400
10400
10406
10408
10408
10408
10418
10418
10436
10451
10451
10451
10451
10451
10458
10461
10464
10464
10464
10464
10478
10481
10481
10479
10479
10478
10478
10478
10496
10504
10510
10513
10516
10518
10530
10533
10538
10540
10543
10544
10540
10557
10566
10569
10569
10585
10590
10597
10605
10611
10611
10610
10626
10610
10635
10638
10645
10643
10645
10643
10643
10653
10655
10653
10634
10658
10662
10658
10653
10672
10667
10653
10653
10684
10665
10693
10697
10684
10638
10638
10705
10705
10724
10722
10723
10722
10723
10737
10740
10749
10754
10759
10769
10774
10814
10821
10828
10823
10838
10847
10866
10866
10866
10873
10880
10880
10880
10880
10880
10880
10886
10886
10894
10894
10894
10901
10908
10910
10914
10919
10928
10933
10948
10951
10954
10963
10968
10980
10978
10978
10992
10992
10998
11000
11000
10979
11033
11033
11037
11037
11046
11046
11049
11063
11067
11080
11084
11086
11102
11102
11110
11115
11122
11133
11135
11133
11140
11143
11143
11150
11158
11161
11164
11164
11171
11166
11171
11166
11171
11166
11171
11182
11182
11197
11212
11212
11212
11225
11225
11231
11236
11280
11295
11293
11292
11301
11307
11315
11315
11323
11323
11335
11335
11338
11338
11346
11345
11346
11346
11351
11346
11351
11356
11356
11368
11382
11379
11405
11406
11410
11410
11417
11421
11421
11421
11421
11427
11432
11427
11432
11427
11427
11441
11441
11446
11441
11446
11455
11455
11455
11458
11455
11474
11487
11496
11498
11496
11503
11502
11510
11502
11514
11496
11510
11528
11536
11536
11533
11543
11557
11560
11560
11560
11569
11572
11575
11582
11595
11600
11602
11604
11602
11613
11612
11600
11618
11618
11635
11652
11652
11652
11652
11652
11652
11652
11664
11669
11668
11664
11684
11664
11687
11664
11698
11693
11711
11711
11715
11715
11717
11725
11733
11733
11737
11737
11743
11749
11748
11754
11759
11768
11768
11776
11776
11780
11782
11782
11787
11786
11787
11802
11802
11800
11813
11816
11800
11832
11832
11843
11847
11846
11843
11846
11842
11842
11842
11871
11884
11910
11921
11930
11938
11941
11958
11964
11964
11970
11975
11975
11977
11998
12001
12016
12016
12016
12021
12021
12025
12028
12030
12030
12036
12068
12068
12072
12085
12085
12085
12092
12094
12106
12108
12106
12108
12126
12145
12147
12157
12157
12169
12170
12190
12202
12215
12215
12217
12226
12226
12246
12253
12253
12263
12269
12283
12296
12304
12304
12309
12317
12313
12334
12341
12350
12350
12358
12360
12358
12365
12374
12373
12374
12382
12382
12386
12391
12401
12401
12409
12414
12412
12414
12420
12420
12409
12409
12409
12427
12412
12446
12475
12475
12475
12484
12485
12484
12499
12502
12505
12514
12517
12520
12536
12535
12547
12552
12571
12576
12579
12584
12591
12591
12593
12600
12599
12600
12606
12610
12617
12615
12630
12640
12649
12659
12669
12674
12680
12678
12696
12695
12702
12701
12705
12705
12705
12710
12719
12722
12722
12722
12732
12732
12743
12743
12743
12750
12753
12759
12769
12769
12791
12795
12799
12801
12800
12808
12811
12801
12837
12840
12847
12868
12870
12875
12884
12883
12883
12898
12905
12905
12910
12924
12929
12937
12936
12937
12942
12948
12948
12954
12952
12953
12961
12968
12972
12970
12970
12984
12991
12992
13001
12993
13012
12996
13026
13026
13028
13034
13043
13043
13048
13052
13052
13054
13069
13072
13077
13090
13102
13111
13118
13148
13148
13165
13166
13165
13166
13166
13166
13166
13166
13166
13185
13185
13187
13191
13209
13209
13215
13235
13249
13252
13252
13255
13252
13249
13269
13269
13269
13278
13280
13290
13290
13295
13293
13301
13293
13301
13312
13315
13312
13320
13323
13329
13335
13337
13341
13341
13357
13366
13369
13391
13403
13408
13408
13412
13412
13412
13424
13430
13431
13438
13444
13443
13443
13452
13455
13459
13465
13465
13476
13465
13465
13482
13486
13486
13499
13499
13508
13504
13507
13518
13525
13528
13528
13541
13542
13541
13547
13541
13547
13541
13547
13560
13546
13574
13573
13578
13573
13539
13592
13592
13592
13602
13611
13616
13626
13625
13637
13646
13649
13654
13659
13659
13659
13665
13664
13665
13674
13665
13665
13711
13711
13715
13711
13715
13715
13736
13739
13739
13744
13750
13761
13768
13773
13773
13777
13777
13781
13782
13788
13794
13796
13798
13803
13806
13812
13818
13819
13826
13835
13838
13841
13844
13844
13848
13855
13855
13863
13863
13871
13880
13887
13895
13881
13881
13909
13912
13921
13926
13930
13936
13944
13949
13949
13951
13975
13978
13979
13984
13979
13979
13992
14002
13998
14008
14027
14032
14039
14046
14046
14046
14055
14062
14064
14064
14069
14075
14069
14069
14081
14081
14081
14081
14089
14106
14109
14114
14118
14124
14127
14132
14132
14139
14135
14132
14145
14132
14137
14152
14162
14174
14185
14190
14201
14199
14201
14205
14206
14223
14224
14223
14232
14228
14239
14257
14255
14254
14265
14270
14270
14282
14299
14303
14323
14336
14343
14348
14353
14348
14356
14348
14356
14348
14356
14363
14356
14367
14367
14356
14363
14356
14381
14393
14411
14414
14414
14414
14418
14426
14442
14448
14448
14456
14457
14457
14457
14457
14457
14466
14469
14474
14471
14482
14471
14471
14495
14495
14498
14503
14520
14542
14565
14567
14574
14545
14545
14604
14607
14609
14604
14609
14609
14619
14622
14607
14609
14632
14635
14644
14644
14656
14656
14659
14667
14670
14668
14667
14668
14667
14668
14680
14680
14680
14680
14686
14686
14686
14689
14692
14705
14714
14717
14723
14722
14741
14737
14752
14755
14757
14765
14765
14765
14765
14782
14782
14778
14795
14795
14806
14806
14809
14811
14814
14825
14825
14831
14834
14839
14850
14852
14854
14852
14858
14852
14872
14885
14890
14889
14894
14888
14887
14914
14918
14919
14918
14918
14918
14918
14918
14933
14939
14945
14945
14949
14954
14953
14967
14987
14992
14992
14997
14996
14997
14996
15002
15007
15002
15013
15013
15017
15013
15017
15017
15025
15032
15038
15038
15038
15038
15048
15064
15070
15070
15085
15090
15090
15097
15103
15106
15111
15114
15118
15124
15138
15138
15140
15160
15163
15190
15191
15198
15214
15210
15219
15222
15220
15222
15237
15237
15244
15246
15251
15258
15263
15263
15263
15271
15268
15271
15271
15278
15278
15292
15292
15292
15299
15299
15309
15311
15318
15330
15328
15328
15346
15326
15351
15355
15354
15318
15354
15320
15367
15370
15372
15376
15390
15394
15394
15398
15401
15404
15405
15404
15405
15415
15415
15426
15430
15436
15438
15460
15464
15463
15460
15472
15475
15482
15482
15482
15482
15490
15492
15495
15508
15506
15506
15523
15523
15536
15539
15542
15555
15562
15566
15572
15562
15562
15562
15583
15587
15592
15597
15593
15596
15610
15613
15614
15624
15626
15626
15621
15639
15640
15644
15648
15644
15658
15673
15680
15689
15698
15698
15714
15714
15720
15737
15737
15737
15744
15737
15742
15757
15766
15769
15782
15782
15790
15798
15797
15798
15797
15813
15822
15824
15830
15834
15848
15851
15854
15854
15854
15854
15860
15886
15888
15893
15898
15905
15905
15915
15916
15929
15929
15936
15936
15936
15942
15942
15950
15957
15972
15972
15982
15985
15985
15999
15999
16004
16003
16004
16013
15999
15999
16025
16027
16032
16032
16040
16044
16044
16053
16060
16071
16076
16076
16083
16083
16087
16088
16093
16096
16104
16108
16127
16127
16134
16140
16147
16147
16155
16161
16161
16167
16175
16175
16175
16175
16179
16182
16187
16197
16207
16212
16215
16217
16217
16225
16230
16245
16256
16256
16279
16290
16303
16318
16325
16325
16333
16346
16351
16346
16351
16351
16351
16350
16369
16374
16374
16382
16383
16390
16388
16409
16420
16420
16431
16436
16447
16449
16447
16455
16460
16459
16460
16459
16460
16470
16471
16484
16487
16489
16491
16491
16491
16498
16498
16498
16511
16515
16521
16524
16524
16534
16534
16536
16536
16548
16553
16572
16575
16572
16574
16590
16599
16602
16607
16599
16590
16590
16574
16629
16632
16629
16629
16635
16649
16656
16661
16672
16672
16672
16678
16681
16680
16680
16691
16694
16699
16706
16716
16716
16716
16716
16724
16725
16723
16724
16716
16724
16737
16748
16753
16750
16758
16750
16774
16773
16774
16773
16773
16773
16792
16794
16791
16792
16798
16810
16810
16810
16821
16824
16827
16824
16827
16834
16837
16837
16827
16846
16827
16857
16863
16866
16874
16873
16892
16902
16907
16926
16929
16929
16937
16937
16942
16947
16951
16952
16951
16952
16958
16959
16962
16949
16947
16970
16974
16951
17007
17010
17012
17013
17013
17023
17023
17021
17021
17031
17042
17023
17023
17031
17054
17023
17054
17061
17029
17073
17072
17090
17097
17102
17111
17116
17115
17127
17131
17136
17138
17138
17146
17151
17152
17155
17152
17144
17152
17152
17165
17152
17165
17172
17177
17184
17183
17188
17182
17188
17197
17204
17204
17218
17218
17222
17225
17229
17236
17229
17234
17229
17234
17229
17234
17254
17271
17274
17275
17280
17289
17298
17298
17298
17303
17303
17305
17305
17313
17305
17305
17322
17327
17327
17327
17336
17343
17362
17368
17369
17379
17383
17390
17396
17396
17399
17405
17412
17418
17418
17427
17444
17446
17463
17467
17462
17482
17488
17482
17494
17497
17497
17515
17518
17520
17520
17520
17533
17532
17532
17532
17547
17532
17570
17570
17579
17583
17583
17583
17583
17588
17596
17603
17605
17611
17611
17615
17623
17619
17619
17633
17633
17647
17650
17670
17670
17670
17670
17675
17683
17683
17686
17683
17686
17683
17686
17686
17695
17706
17705
17706
17705
17706
17730
17741
17750
17760
17773
17760
17782
17785
17785
17791
17793
17803
17807
17801
17793
17806
17806
17806
17822
17822
17829
17822
17822
17822
17793
17840
17863
17863
17860
17885
17898
17907
17910
17914
17928
17937
17958
17968
17968
17998
18010
18013
18016
18023
18046
18048
18046
18057
18057
18069
18073
18068
18082
18084
18082
18089
18099
18101
18106
18113
18122
18122
18133
18134
18146
18138
18156
18152
18158
18146
18156
18139
18170
18167
18167
18167
18142
18194
18202
18207
18220
18225
18234
18234
18237
18265
18268
18271
18279
18278
18284
18285
18290
18297
18301
18309
18309
18317
18319
18319
18322
18326
18326
18331
18335
18331
18326
18331
18326
18331
18326
18331
18356
18356
18365
18371
18377
18381
18388
18390
18394
18394
18402
18405
18410
18427
18430
18427
18446
18446
18450
18457
18464
18471
18484
18487
18487
18490
18493
18497
18497
18492
18513
18511
18526
18533
18537
18549
18548
18561
18565
18569
18548
18556
18548
18548
18581
18556
18548
18548
18548
18589
18599
18605
18607
18599
18597
18597
18626
18631
18630
18643
18643
18649
18658
18656
18656
18658
18658
18677
18681
18683
18677
18703
18705
18711
18709
18724
18726
18724
18726
18724
18735
18735
18733
18733
18756
18763
18763
18763
18772
18792
18796
18798
18796
18790
18790
18790
18790
18790
18790
18790
18814
18817
18828
18839
18842
18847
18868
18868
18868
18868
18882
18889
18889
18893
18894
18904
18904
18910
18904
18916
18910
18916
18916
18924
18930
18932
18930
18930
18936
18946
18950
18950
18956
18965
18968
18973
18968
18983
18996
18998
18996
18998
19004
19004
19008
19008
19008
19019
19019
19024
19026
19031
19031
19031
19040
19042
19046
19048
19042
19042
19046
19042
19064
19064
19064
19064
19064
19088
19087
19090
19094
19105
19109
19108
19124
19134
19138
19153
19176
19176
19180
19187
19190
19195
19207
19206
19212
19205
19219
19211
19211
19235
19254
19257
19262
19262
19266
19269
19270
19274
19277
19274
19274
19274
19288
19306
19288
19313
19314
19314
19314
19314
19332
19338
19338
19350
19352
19352
19352
19363
19363
19374
19380
19383
19394
19400
19404
19404
19404
19408
19412
19412
19412
19421
19422
19430
19430
19445
19447
19451
19460
19465
19468
19470
19474
19476
19482
19482
19482
19482
19488
19490
19500
19500
19516
19516
19523
19525
19530
19545
19545
19545
19554
19556
19572
19572
19583
19601
19601
19615
19622
19622
19632
19634
19632
19637
19634
19637
19645
19649
19644
19649
19653
19649
19634
19658
19637
19643
19668
19685
19696
19691
19711
19712
19711
19725
19730
19730
19748
19748
19750
19748
19748
19748
19760
19763
19764
19763
19770
19771
19771
19777
19777
19781
19785
19777
19792
19803
19803
19803
19803
19810
19803
19814
19809
19810
19823
19810
19828
19831
19831
19831
19838
19838
19854
19856
19857
19856
19863
19864
19856
19856
19873
19882
19905
19904
19905
19931
19933
19940
19944
19931
19933
19959
19968
19971
19990
19994
19994
20017
20019
20019
20019
20020
20035
20040
20049
20059
20064
20067
20072
20087
20087
20094
20106
20109
20111
20125
20133
20132
20138
20148
20168
20168
20178
20184
20190
20192
20195
20198
20195
20195
20206
20220
20228
20231
20242
20245
20248
20253
20258
20258
20258
20258
20262
20258
20272
20272
20286
20287
20287
20286
20290
20290
20302
20306
20317
20300
20301
20302
20344
20347
20354
20363
20366
20373
20380
20376
20390
20397
20409
20421
20428
20435
20437
20455
20455
20455
20455
20461
20471
20477
20482
20488
20497
20504
20504
20513
20516
20517
20519
20517
20534
20534
20537
20552
20552
20567
20567
20571
20576
20575
20579
20597
20604
20609
20622
20647
20652
20655
20662
20671
20671
20680
20687
20687
20694
20694
20694
20703
20706
20706
20720
20721
20725
20727
20738
20736
20736
20751
20756
20756
20770
20775
20778
20778
20780
20780
20786
20793
20793
20799
20804
20807
20807
20804
20818
20823
20823
20823
20823
20829
20829
20829
20829
20847
20866
20869
20872
20866
20872
20869
20869
20880
20880
20886
20890
20901
20912
20917
20924
20935
20950
20956
20954
20956
20954
20956
20963
20963
20972
20972
20991
20991
20994
21007
21005
21011
21024
21027
21030
21030
21040
21045
21045
21053
21053
21053
21058
21058
21065
21082
21082
21082
21082
21082
21096
21096
21106
21106
21123
21129
21132
21143
21152
21152
21160
21165
21165
21175
21175
21175
21175
21178
21197
21196
21197
21200
21200
21219
21225
21224
21225
21224
21232
21219
21225
21245
21253
21256
21264
21262
21264
21262
21254
21273
21264
21273
21264
21311
21322
21346
21354
21354
21356
21354
21354
21367
21372
21372
21372
21384
21390
21411
21424
21424
21429
21445
21448
21448
21464
21469
21470
21470
21470
21499
21515
21523
21533
21536
21536
21536
21536
21553
21562
21562
21568
21577
21580
21599
21604
21614
21614
21618
21614
21625
21632
21632
21636
21636
21644
21646
21644
21646
21644
21646
21644
21646
21644
21646
21672
21679
21684
21686
21691
21694
21691
21720
21724
21727
21730
21737
21739
21737
21737
21737
21737
21737
21750
21737
21750
21737
21737
21737
21774
21778
21787
21784
21797
21796
21806
21806
21806
21811
21817
21821
21823
21827
21827
21833
21841
21840
21844
21846
21856
21856
21856
21861
21861
21867
21865
21874
21874
21878
21878
21882
21877
21890
21889
21889
21898
21902
21877
21902
21877
21902
21902
21895
21934
21934
21934
21940
21946
21964
21974
21974
21982
21990
21992
21990
22001
21984
22012
22027
22027
22027
22032
22047
22047
22050
22050
22050
22058
22061
22064
22067
22074
22072
22074
22072
22089
22088
22089
22088
22104
22111
22131
22130
22131
22130
22131
22131
22152
22159
22178
22185
22185
22199
22199
22205
22206
22219
22222
22222
22244
22247
22254
22256
22257
22260
22262
22271
22284
22286
22307
22310
22321
22320
22321
22328
22320
22339
22341
22349
22349
22360
22364
22371
22371
22389
22396
22401
22403
22403
22420
22427
22427
22433
22438
22440
22446
22446
22450
22472
22471
22471
22486
22486
22489
22495
22495
22500
22502
22506
22502
22506
22514
22519
22519
22519
22535
22559
22559
22559
22568
22571
22580
22580
22580
22593
22588
22588
22592
22592
22588
22606
22611
22605
22604
22622
22638
22645
22654
22655
22654
22663
22670
22677
22681
22687
22696
22699
22699
22699
22705
22705
22705
22723
22728
22731
22733
22741
22746
22746
22748
22746
22748
22753
22748
22755
22776
22781
22790
22788
22800
22803
22808
22809
22809
22821
22823
22821
22830
22830
22823
22843
22837
22855
22855
22855
22853
22871
22853
22868
22881
22885
22888
22885
22899
22900
22898
22917
22926
22926
22926
22926
22926
22939
22938
22926
22938
22952
22952
22959
22959
22964
22970
22973
22977
22979
22977
22987
22977
22997
22997
23003
23010
23023
23026
23028
23031
23026
23031
23040
23050
23055
23055
23069
23063
23066
23082
23088
23074
23093
23072
23093
23114
23114
23118
23117
23117
23125
23128
23135
23136
23139
23141
23136
23136
23141
23162
23169
23184
23186
23188
23190
23204
23219
23219
23231
23235
23235
23235
23250
23250
23250
23250
23259
23262
23262
23262
23269
23272
23272
23272
23283
23291
23292
23295
23290
23303
23292
23303
23319
23319
23323
23326
23337
23339
23346
23341
23346
23341
23357
23357
23357
23357
23363
23363
23379
23382
23382
23389
23388
23412
23412
23424
23431
23437
23437
23437
23437
23437
23447
23447
23459
23462
23464
23467
23471
23471
23471
23497
23501
23510
23510
23510
23510
23515
23517
23525
23524
23525
23525
23552
23552
23558
23558
23564
23567
23569
23583
23583
23589
23592
23601
23600
23621
23624
23621
23621
23621
23633
23639
23649
23653
23653
23665
23671
23670
23671
23677
23694
23694
23696
23694
23696
23694
23696
23694
23707
23706
23713
23694
23713
23735
23746
23749
23749
23753
23756
23756
23763
23763
23772
23786
23790
23790
23794
23794
23794
23799
23804
23804
23808
23815
23819
23815
23819
23819
23844
23859
23859
23865
23870
23883
23883
23883
23901
23898
23908
23908
23908
23915
23923
23931
23934
23940
23942
23947
23947
23955
23955
23960
23963
23969
23999
24005
24014
24014
24022
24028
24026
24027
24040
24040
24040
24040
24040
24040
24060
24058
24066
24069
24073
24077
24079
24077
24085
24091
24088
24088
24105
24105
24110
24117
24128
24138
24148
24148
24156
24158
24164
24164
24164
24174
24182
24182
24191
24205
24210
24221
24227
24237
24250
24251
24251
24265
24274
24283
24288
24303
24303
24311
24316
24316
24316
24323
24326
24326
24332
24335
24338
24335
24338
24353
24358
24363
24363
24363
24363
24375
24378
24385
24394
24394
24404
24420
24418
24418
24418
24418
24434
24434
24437
24437
24437
24437
24450
24453
24455
24461
24474
24474
24481
24487
24498
24505
24514
24514
24517
24522
24521
24527
24527
24533
24540
24540
24540
24547
24547
24557
24557
24561
24561
24561
24561
24570
24569
24570
24573
24573
24573
24573
24586
24589
24593
24603
24607
24607
24612
24620
24620
24624
24627
24624
24607
24634
24607
24619
24644
24646
24646
24654
24654
24663
24672
24672
24672
24681
24681
24690
24694
24694
24694
24699
24703
24699
24703
24713
24723
24727
24744
24748
24746
24744
24763
24775
24775
24780
24780
24785
24787
24787
24803
24802
24811
24816
24817
24823
24823
24839
24840
24845
24840
24843
24857
24857
24869
24877
24880
24881
24881
24885
24881
24893
24898
24898
24901
24910
24914
24912
24909
24935
24935
24941
24956
24967
24967
24971
24974
24976
24982
24985
24992
25002
25002
25013
25024
25024
25028
25031
25032
25035
25038
25041
25038
25049
25041
25049
25059
25059
25064
25064
25064
25075
25086
25086
25090
25095
25095
25095
25102
25102
25107
25111
25114
25107
25121
25120
25121
25139
25139
25145
25150
25153
25160
25163
25164
25164
25172
25172
25182
25183
25182
25183
25194
25201
25201
25211
25214
25217
25219
25218
25218
25231
25237
25236
25244
25249
25258
25264
25266
25272
25278
25279
25279
25287
25292
25304
25310
25309
25322
25327
25342
25342
25346
25346
25350
25351
25351
25373
25376
25373
25380
25379
25380
25375
25388
25376
25390
25376
25408
25416
25421
25416
25428
25431
25442
25445
25452
25464
25472
25475
25484
25487
25492
25497
25497
25503
25523
25522
25538
25538
25546
25553
25558
25558
25572
25572
25572
25572
25578
25581
25583
25586
25590
25590
25590
25595
25598
25595
25597
25603
25598
25623
25623
25639
25647
25657
25668
25668
25672
25677
25680
25684
25684
25684
25692
25692
25698
25701
25701
25703
25718
25718
25718
25718
25718
25728
25727
25728
25736
25736
25736
25758
25762
25765
25769
25779
25784
25790
25820
25831
25838
25843
25849
25849
25866
25875
25881
25880
25888
25892
25900
25895
25893
25904
25913
25908
25890
25927
25927
25890
25927
25893
25940
25951
25949
25949
25958
25949
25946
25949
25980
25983
25983
25983
25988
25992
25993
26005
26008
26008
26011
26021
26026
26026
26026
26031
26039
26058
26057
26057
26057
26057
26074
26079
26086
26094
26093
26094
26088
26088
26088
26110
26115
26131
26128
26143
26143
26149
26149
26149
26149
26149
26168
26183
26186
26195
26195
26206
26218
26225
26238
26241
26241
26251
26253
26253
26259
26273
26273
26295
26295
26302
26305
26307
26316
26329
26334
26334
26348
26347
26348
26369
26369
26369
26386
26386
26390
26395
26400
26405
26416
26416
26428
26431
26437
26438
26437
26447
26436
26436
26464
26470
26473
26479
26482
26496
26514
26522
26534
26552
26555
26555
26567
26571
26571
26583
26598
26601
26601
26605
26611
26613
26611
26611
26635
26645
26645
26660
26660
26677
26682
26687
26696
26723
26728
26730
26736
26745
26750
26763
26770
26773
26777
26777
26794
26800
26794
26800
26824
26824
26837
26845
26850
26853
26860
26869
26869
26873
26882
26885
26889
26895
26898
26898
26898
26903
26910
26910
26918
26918
26931
26931
26931
26946
26952
26957
26959
26964
26959
26971
26957
26959
26984
26984
26994
26996
26996
27014
27013
27014
27013
27014
27013
27028
27028
27037
27042
27042
27051
27049
27050
27068
27063
27081
27086
27084
27086
27084
27084
27105
27105
27105
27105
27105
27105
27113
27113
27124
27124
27124
27124
27131
27140
27140
27143
27144
27144
27158
27161
27158
27170
27178
27182
27193
27193
27203
27212
27218
27236
27243
27246
27248
27252
27261
27268
27268
27268
27268
27268
27268
27292
27297
27297
27297
27297
27308
27318
27320
27330
27332
27320
27345
27352
27352
27352
27359
27359
27364
27363
27387
27391
27394
27396
27396
27413
27416
27412
27416
27424
27424
27428
27428
27428
27431
27441
27446
27450
27459
27459
27466
27473
27472
27478
27481
27483
27494
27494
27491
27499
27520
27532
27533
27538
27542
27542
27555
27561
27569
27576
27578
27597
27603
27605
27613
27613
27620
27619
27620
27626
27629
27629
27637
27644
27644
27650
27657
27654
27667
27673
27673
27684
27687
27690
27690
27700
27700
27704
27710
27711
27709
27723
27726
27732
27755
27755
27769
27769
27772
27778
27778
27778
27787
27787
27793
27793
27793
27800
27800
27808
27822
27822
27827
27834
27837
27837
27840
27846
27855
27866
27873
27873
27877
27882
27882
27882
27889
27894
27899
27907
27913
27913
27919
27926
27932
27932
27947
27947
27953
27953
27973
27973
27989
27994
28005
28005
28005
28005
28012
28012
28012
28024
28031
28037
28041
28045
28049
28054
28072
28076
28078
28080
28076
28088
28101
28106
28109
28119
28120
28119
28124
28120
28118
28118
28119
28119
28145
28147
28147
28150
28150
28150
28159
28159
28166
28166
28171
28174
28174
28180
28189
28187
28189
28187
28188
28197
28219
28223
28227
28217
28251
28251
28256
28256
28256
28264
28284
28285
28284
28281
28298
28324
28324
28338
28345
28345
28351
28353
28357
28358
28358
28364
28366
28366
28370
28374
28381
28384
28389
28392
28397
28404
28427
28433
28432
28432
28432
28471
28480
28480
28480
28490
28489
28490
28497
28503
28502
28502
28507
28502
28507
28502
28507
28519
28518
28528
28528
28539
28539
28545
28545
28545
28556
28555
28561
28563
28563
28572
28577
28578
28577
28577
28585
28585
28597
28596
28585
28589
28585
28612
28630
28638
28642
28641
28641
28644
28642
28644
28644
28660
28662
28669
28674
28678
28676
28686
28695
28695
28712
28720
28727
28727
28733
28738
28738
28740
28740
28744
28744
28744
28744
28756
28760
28763
28762
28763
28773
28776
28783
28783
28792
28794
28790
28792
28792
28792
28792
28806
28804
28806
28831
28836
28835
28842
28842
28854
28856
28854
28868
28872
28875
28880
28885
28885
28899
28903
28906
28906
28917
28923
28923
28936
28939
28952
28952
28952
28961
28964
28967
28967
28967
28974
28975
28975
28981
28997
28997
28988
29006
29006
29015
29020
29024
29030
29035
29030
29047
29052
29056
29056
29062
29067
29079
29088
29088
29091
29091
29102
29102
29120
29119
29114
29132
29145
29157
29160
29181
29198
29198
29198
29207
29214
29215
29220
29220
29224
29233
29238
29241
29246
29241
29254
29259
29260
29259
29259
29266
29282
29285
29292
29293
29297
29312
29319
29325
29325
29337
29337
29345
29350
29367
29367
29377
29369
29369
29386
29386
29403
29419
29419
29431
29431
29431
29446
29451
29458
29458
29465
29468
29477
29477
29477
29487
29487
29487
29487
29499
29501
29501
29501
29507
29513
29517
29531
29536
29532
29559
29561
29559
29572
29573
29578
29586
29592
29602
29606
29611
29605
29598
29630
29637
29648
29648
29648
29666
29677
29681
29686
29686
29692
29695
29696
29703
29716
29716
29720
29727
29730
29730
29733
29736
29744
29745
29744
29757
29766
29773
29776
29778
29778
29778
29784
29795
29798
29803
29808
29815
29815
29819
29826
29833
29840
29845
29857
29862
29874
29874
29874
29895
29895
29901
29906
29915
29918
29918
29924
29924
29932
29937
29966
29966
29966
29971
29974
29981
29989
29973
29971
29989
30004
29975
30014
30014
30014
30018
30034
30039
30042
30055
30059
30069
30089
30099
30099
30107
30130
30130
30134
30143
30143
30143
30143
30143
30143
30161
30161
30161
30166
30169
30169
30174
30176
30196
30196
30201
30206
30213
30213
30219
30222
30222
30237
30241
30243
30241
30243
30241
30266
30272
30272
30277
30283
30282
30282
30286
30295
30297
30296
30309
30309
30311
30309
30311
30323
30324
30322
30329
30329
30349
30349
30349
30370
30368
30369
30369
30377
30377
30377
30377
30377
30377
30394
30405
30411
30409
30430
30437
30437
30441
30437
30441
30470
30473
30476
30480
30480
30489
30494
30496
30500
30510
30510
30521
30524
30529
30533
30533
30533
30549
30556
30558
30560
30558
30563
30558
30556
30572
30576
30581
30590
30590
30596
30623
30630
30630
30636
30639
30640
30664
30669
30670
30669
30669
30680
30687
30688
30680
30675
30697
30679
30717
30726
30728
30730
30738
30738
30745
30745
30749
30752
30755
30758
30758
30758
30762
30762
30772
30772
30778
30772
30778
30782
30772
30794
30792
30789
30772
30807
30815
30817
30825
30826
30834
30833
30834
30833
30834
30843
30842
30854
30862
30865
30871
30874
30879
30881
30901
30901
30905
30905
30917
30916
30917
30915
30915
30921
30915
30921
30930
30921
30931
30917
30951
30954
30958
30960
30967
30969
30974
30975
30975
30972
30983
30983
30983
30986
30995
31002
31008
31002
31008
31007
31020
31019
31007
31008
31008
31037
31045
31049
31045
31052
31037
31056
31037
31038
31069
31039
31074
31074
31074
31068
31074
31088
31074
31098
31098
31100
31104
31100
31113
31128
31128
31131
31131
31138
31149
31149
31151
31164
31167
31172
31189
31189
31193
31199
31199
31206
31210
31209
31221
31228
31236
31233
31251
31251
31251
31283
31285
31286
31285
31285
31285
31285
31301
31332
31332
31332
31339
31339
31339
31348
31353
31353
31353
31367
31373
31372
31367
31373
31389
31389
31393
31402
31404
31420
31420
31436
31447
31458
31467
31478
31483
31483
31483
31494
31494
31497
31517
31520
31520
31532
31537
31542
31546
31545
31555
31555
31568
31567
31571
31567
31581
31592
31604
31604
31615
31616
31628
31628
31628
31628
31641
31645
31659
31659
31659
31661
31669
31678
31678
31684
31686
31692
31691
31692
31691
31708
31712
31715
31712
31718
31724
31732
31722
31732
31722
31732
31747
31749
31757
31757
31767
31772
31779
31780
31779
31780
31779
31779
31796
31796
31796
31804
31804
31804
31804
31804
31804
31820
31829
31829
31844
31852
31850
31852
31850
31860
31863
31864
31863
31874
31883
31886
31895
31897
31903
31914
31923
31926
31931
31931
31945
31951
31951
31945
31975
31979
31983
31987
31986
31991
31991
32000
32013
32013
32020
32013
32027
32012
32027
32026
32006
32023
32019
32049
32061
32059
32049
32059
32071
32080
32083
32088
32090
32089
32097
32097
32104
32108
32111
32119
32113
32119
32129
32134
32129
32139
32138
32143
32134
32134
32153
32156
32164
32143
32174
32172
32177
32177
32191
32196
32197
32208
32208
32208
32208
32214
32208
32212
32208
32225
32224
32236
32240
32242
32256
32253
32263
32247
32263
32267
32247
32270
32247
32269
32295
32302
32302
32302
32313
32313
32313
32320
32320
32334
32348
32348
32367
32370
32373
32376
32377
32386
32395
32404
32409
32412
32414
32412
32412
32419
32431
32431
32431
32447
32444
32462
32467
32472
32475
32486
32490
32498
32511
32530
32540
32546
32553
32558
32563
32569
32563
32574
32582
32594
32594
32597
32597
32602
32602
32606
32614
32614
32627
32638
32642
32651
32652
32658
32658
32666
32668
32671
32668
32706
32706
32712
32712
32721
32725
32729
32739
32747
32755
32757
32762
32762
32754
32754
32780
32790
32795
32795
32798
32806
32809
32808
32808
32819
32820
32819
32817
32806
32806
32832
32835
32840
32865
32865
32865
32865
32865
32890
32895
32901
32904
32907
32904
32926
32937
32934
32955
32957
32957
32962
32965
32968
32979
32979
32985
32986
32992
32999
32986
32986
32991
32991
33011
33011
33019
33034
33034
33036
33047
33052
33079
33079
33081
33079
33081
33079
33101
33104
33105
33105
33104
33112
33119
33120
33125
33130
33140
33139
33139
33150
33150
33154
33154
33158
33158
33161
33175
33181
33185
33185
33193
33193
33197
33210
33219
33228
33231
33248
33251
33269
33281
33284
33288
33294
33301
33316
33314
33316
33324
33331
33324
33331
33324
33348
33356
33372
33375
33377
33377
33384
33403
33403
33408
33432
33434
33439
33447
33460
33470
33480
33484
33480
33490
33486
33491
33503
33499
33503
33491
33491
33513
33519
33520
33527
33531
33530
33530
33527
33530
33539
33530
33529
33548
33551
33524
33551
33529
33563
33522
33520
33575
33586
33586
33598
33598
33602
33604
33612
33617
33622
33620
33622
33633
33633
33636
33637
33636
33652
33655
33652
33651
33652
33667
33667
33678
33688
33686
33696
33696
33700
33705
33710
33712
33716
33721
33721
33737
33738
33747
33750
33754
33754
33764
33764
33785
33788
33796
33808
33817
33823
33839
33840
33839
33845
33854
33845
33857
33875
33887
33892
33895
33895
33901
33901
33901
33901
33914
33908
33919
33919
33919
33919
33927
33925
33931
33936
33947
33954
33954
33962
33962
33962
33967
33969
33979
33981
33987
33985
34004
34004
34013
34027
34033
34034
34049
34056
34056
34065
34072
34063
34076
34082
34087
34085
34090
34096
34100
34107
34107
34106
34123
34128
34137
34138
34138
34138
34147
34166
34168
34171
34177
34179
34176
34200
34195
