18
18
25
28
31
34
37
48
52
58
65
65
65
74
79
82
89
108
113
116
116
116
125
125
138
144
155
157
160
182
182
185
203
203
215
215
228
238
243
243
243
268
267
284
284
292
295
306
318
332
332
332
345
345
350
354
365
372
375
393
393
403
402
406
409
416
430
429
430
429
430
429
429
429
442
449
449
454
453
453
468
462
468
477
481
481
481
513
512
513
520
522
512
517
519
535
519
535
519
535
543
543
543
556
555
560
555
556
560
556
580
560
597
612
613
608
608
610
608
630
628
610
610
664
664
668
668
668
672
675
681
684
691
691
691
691
708
716
719
723
723
726
723
742
743
752
752
760
763
770
772
784
784
800
805
805
805
812
815
815
815
828
831
832
831
831
847
849
859
859
859
864
864
864
874
882
882
894
899
900
905
905
905
910
917
918
917
918
935
938
938
940
938
945
951
958
960
980
983
985
1001
1006
1011
1020
1020
1020
1023
1034
1054
1041
1061
1064
1064
1064
1077
1084
1084
1087
1096
1096
1096
1096
1106
1109
1111
1109
1131
1135
1138
1138
1153
1155
1155
1166
1167
1192
1197
1203
1203
1210
1201
1220
1229
1228
1235
1242
1242
1250
1244
1265
1265
1260
1260
1283
1309
1310
1310
1316
1317
1326
1328
1331
1326
1354
1361
1365
1364
1376
1379
1380
1379
1380
1379
1390
1379
1379
1379
1418
1418
1448
1459
1465
1468
1465
1465
1465
1465
1478
1500
1499
1504
1508
1513
1513
1521
1519
1527
1544
1560
1559
1560
1559
1577
1582
1593
1596
1612
1616
1618
1618
1620
1618
1629
1620
1620
1636
1639
1636
1649
1647
1649
1653
1627
1649
1665
1676
1676
1682
1689
1695
1693
1700
1700
1716
1732
1738
1749
1753
1761
1764
1767
1767
1767
1767
1767
1767
1767
1767
1779
1788
1788
1792
1796
1803
1815
1820
1820
1840
1843
1846
1863
1875
1875
1892
1895
1892
1901
1910
1910
1919
1927
1929
1929
1948
1951
1951
1954
1954
1965
1967
1971
1973
1985
2004
2007
2011
2028
2028
2037
2039
2037
2037
2038
2037
2052
2068
2068
2070
2073
2073
2081
2085
2081
2090
2092
2085
2081
2114
2115
2114
2114
2119
2114
2114
2133
2137
2138
2143
2147
2154
2154
2154
2168
2167
2172
2167
2176
2176
2168
2183
2172
2187
2194
2170
2194
2204
2209
2222
2225
2229
2230
2240
2242
2240
2242
2240
2242
2240
2242
2242
2240
2242
2240
2258
2263
2266
2266
2266
2272
2271
2279
2280
2280
2286
2280
2286
2307
2309
2315
2324
2324
2324
2335
2341
2351
2368
2382
2381
2382
2390
2391
2411
2410
2417
2428
2434
2438
2433
2447
2452
2454
2454
2454
2458
2485
2493
2495
2493
2492
2506
2519
2524
2528
2534
2534
2538
2543
2543
2551
2566
2566
2574
2574
2591
2591
2601
2601
2612
2616
2622
2626
2628
2626
2632
2632
2639
2632
2632
2631
2631
2631
2664
2669
2669
2672
2676
2676
2680
2685
2685
2688
2685
2695
2702
2704
2710
2729
2744
2767
2774
2781
2784
2788
2792
2798
2797
2811
2814
2814
2823
2829
2838
2849
2852
2849
2849
2849
2860
2870
2874
2875
2884
2885
2895
2895
2903
2907
2907
2895
2907
2917
2929
2933
2939
2927
2960
2961
2968
2972
2979
2977
3006
3013
3013
3017
3022
3024
3022
3024
3028
3039
3044
3044
3048
3053
3069
3071
3069
3068
3064
3064
3082
3098
3110
3113
3116
3130
3135
3130
3144
3144
3164
3164
3168
3172
3168
3180
3198
3200
3201
3207
3212
3217
3224
3228
3233
3233
3255
3255
3255
3261
3259
3277
3297
3302
3318
3319
3340
3343
3343
3351
3357
3374
3375
3380
3385
3388
3391
3401
3388
3408
3414
3413
3415
3407
3413
3429
3429
3429
3438
3443
3443
3449
3453
3456
3467
3466
3467
3467
3490
3490
3498
3498
3503
3508
3525
3524
3531
3538
3539
3538
3537
3538
3556
3557
3557
3565
3570
3579
3587
3587
3595
3594
3595
3595
3595
3610
3609
3610
3616
3616
3625
3629
3625
3639
3644
3647
3652
3650
3657
3666
3671
3675
3675
3679
3679
3693
3696
3703
3705
3709
3707
3714
3705
3707
3717
3721
3736
3739
3745
3751
3758
3763
3773
3766
3786
3785
3795
3803
3803
3809
3818
3816
3814
3829
3850
3860
3865
3876
3875
3879
3883
3875
3889
3889
3889
3893
3921
3921
3928
3935
3938
3938
3942
3958
3959
3963
3963
3958
3982
3987
3992
3994
4000
4007
4009
4023
4030
4037
4040
4046
4052
4052
4052
4052
4052
4052
4052
4065
4065
4077
4073
4087
4090
4091
4102
4112
4114
4123
4134
4143
4162
4165
4165
4177
4177
4180
4179
4185
4194
4194
4204
4204
4204
4204
4213
4217
4217
4229
4231
4230
4237
4230
4248
4251
4251
4259
4261
4277
4292
4292
4290
4307
4315
4317
4317
4323
4323
4323
4328
4331
4331
4336
4344
4355
4358
4363
4365
4355
4373
4375
4378
4385
4399
4386
4386
4395
4386
4395
4413
4419
4375
4363
4427
4432
4432
4434
4432
4432
4442
4432
4442
4464
4464
4479
4481
4486
4486
4493
4493
4493
4497
4503
4503
4515
4515
4523
4532
4535
4538
4541
4544
4544
4548
4551
4551
4551
4551
4559
4559
4577
4574
4571
4584
4574
4600
4609
4618
4622
4611
4630
4636
4630
4640
4638
4638
4653
4638
4681
4684
4687
4696
4713
4716
4729
4744
4744
4744
4749
4744
4753
4753
4749
4762
4770
4780
4780
4784
4789
4789
4794
4793
4797
4805
4807
4807
4813
4807
4822
4827
4820
4841
4841
4848
4848
4856
4861
4868
4868
4868
4925
4925
4928
4934
4934
4934
4945
4947
4945
4947
4957
4964
4965
4974
4986
4985
4986
4991
4986
5000
5003
5003
5006
5009
5006
5018
5033
5036
5037
5052
5054
5054
5054
5064
5067
5074
5080
5084
5106
5105
5106
5105
5117
5117
5117
5117
5133
5142
5142
5144
5151
5160
5160
5166
5178
5182
5184
5196
5208
5208
5208
5208
5217
5214
5223
5228
5228
5248
5259
5265
5265
5278
5281
5284
5297
5301
5309
5314
5317
5322
5320
5318
5322
5334
5334
5349
5347
5356
5371
5371
5383
5388
5399
5408
5419
5424
5428
5428
5419
5445
5421
5421
5455
5460
5483
5498
5509
5511
5515
5515
5521
5529
5537
5537
5558
5558
5558
5558
5558
5574
5581
5586
5601
5603
5603
5603
5603
5626
5636
5635
5641
5635
5641
5635
5647
5665
5665
5668
5665
5668
5665
5684
5694
5693
5698
5705
5698
5715
5719
5719
5727
5736
5750
5750
5755
5760
5775
5772
5781
5784
5791
5791
5796
5795
5795
5808
5816
5815
5829
5833
5846
5858
5863
5868
5883
5883
5889
5892
5901
5904
5911
5942
5945
5948
5949
5975
5981
5983
5983
5990
5995
5995
5999
6002
6009
6025
6025
6039
6038
6039
6046
6050
6057
6065
6064
6072
6079
6085
6084
6100
6104
6102
6107
6104
6117
6123
6129
6129
6141
6145
6145
6145
6163
6159
6163
6159
6151
6174
6163
6163
6204
6204
6213
6222
6225
6230
6244
6253
6268
6280
6281
6292
6304
6312
6312
6324
6326
6327
6326
6327
6336
6335
6336
6343
6343
6347
6354
6365
6372
6363
6372
6361
6386
6383
6386
6401
6381
6381
6363
6350
6417
6417
6417
6420
6432
6436
6441
6441
6441
6441
6451
6454
6454
6462
6467
6467
6471
6478
6476
6478
6485
6476
6485
6476
6485
6493
6505
6505
6511
6514
6511
6518
6513
6528
6531
6531
6536
6540
6545
6550
6550
6550
6554
6553
6567
6570
6572
6580
6580
6585
6584
6582
6582
6590
6584
6582
6600
6600
6610
6610
6621
6621
6621
6621
6629
6629
6633
6632
6642
6646
6648
6654
6654
6658
6669
6670
6681
6685
6685
6696
6707
6716
6718
6718
6728
6728
6743
6745
6751
6756
6758
6764
6778
6786
6790
6792
6787
6810
6813
6813
6826
6834
6837
6834
6834
6843
6834
6847
6834
6834
6854
6854
6861
6868
6868
6872
6873
6872
6889
6889
6895
6897
6907
6906
6907
6926
6928
6933
6934
6942
6942
6942
6946
6958
6962
6962
6964
6962
6973
6973
6979
6982
6985
6989
6990
6994
6990
6988
7011
7011
7019
7021
7024
7021
7021
7036
7036
7036
7036
7045
7045
7049
7053
7049
7073
7078
7078
7078
7097
7098
7098
7129
7119
7143
7142
7143
7142
7168
7168
7190
7195
7201
7200
7200
7214
7222
7225
7232
7234
7252
7252
7252
7261
7261
7269
7285
7291
7294
7294
7303
7306
7300
7300
7313
7316
7314
7313
7302
7301
7330
7330
7332
7339
7332
7347
7351
7351
7360
7373
7373
7379
7384
7390
7401
7405
7412
7415
7426
7426
7430
7430
7449
7448
7449
7448
7448
7448
7464
7480
7481
7487
7498
7505
7505
7505
7512
7517
7522
7534
7539
7541
7539
7539
7539
7539
7539
7560
7560
7566
7573
7575
7575
7577
7573
7589
7601
7591
7605
7613
7605
7605
7646
7646
7652
7652
7656
7656
7656
7663
7663
7679
7679
7682
7684
7693
7693
7707
7707
7707
7707
7707
7726
7731
7740
7740
7745
7745
7763
7771
7774
7783
7781
7783
7781
7781
7800
7801
7810
7810
7810
7815
7822
7822
7822
7829
7833
7835
7842
7842
7846
7848
7854
7868
7868
7867
7868
7888
7894
7901
7904
7910
7910
7921
7926
7926
7926
7931
7931
7931
7935
7947
7957
7962
7966
7970
7984
7995
7998
7998
8001
7998
8006
8016
8016
8034
8036
8034
8036
8033
8033
8033
8033
8048
8033
8061
8055
8055
8076
8078
8078
8090
8077
8095
8096
8096
8107
8076
8122
8130
8137
8140
8142
8137
8136
8147
8148
8148
8164
8170
8169
8170
8169
8170
8179
8179
8189
8198
8200
8215
8220
8220
8225
8231
8231
8231
8236
8236
8244
8244
8244
8253
8253
8255
8261
8267
8274
8279
8279
8279
8292
8295
8295
8295
8295
8317
8317
8324
8324
8328
8328
8355
8368
8377
8382
8382
8403
8405
8403
8411
8414
8414
8418
8420
8418
8424
8424
8442
8452
8453
8458
8461
8466
8471
8471
8475
8464
8461
8464
8492
8492
8515
8520
8525
8525
8524
8540
8555
8582
8581
8582
8589
8589
8604
8616
8616
8628
8629
8628
8629
8629
8629
8629
8629
8640
8640
8640
8644
8648
8653
8655
8661
8665
8671
8671
8674
8683
8687
8692
8689
8690
8721
8724
8724
8734
8727
8738
8734
8727
8738
8727
8727
8746
8727
8746
8756
8758
8758
8770
8768
8775
8769
8775
8781
8786
8799
8803
8802
8806
8803
8814
8823
8834
8834
8837
8846
8858
8865
8864
8875
8871
8871
8888
8888
8896
8896
8896
8901
8904
8899
8914
8917
8914
8917
8901
8926
8899
8924
8917
8899
8917
8947
8953
8960
8963
8979
8988
8996
8995
8996
9002
9003
8996
8995
9012
8995
9000
9015
9028
9028
9038
9043
9044
9054
9055
9053
9053
9053
9053
9075
9075
9075
9075
9075
9082
9082
9084
9089
9096
9129
9129
9130
9142
9155
9160
9160
9168
9171
9188
9188
9188
9195
9201
9205
9211
9230
9242
9242
9252
9258
9258
9267
9278
9278
9283
9289
9289
9288
9299
9311
9313
9311
9313
9327
9340
9347
9354
9354
9354
9365
9365
9365
9372
9381
9381
9385
9384
9395
9396
9395
9396
9403
9412
9412
9420
9434
9434
9443
9444
9451
9456
9465
9474
9477
9482
9484
9487
9487
9487
9492
9500
9514
9515
9528
9527
9533
9538
9547
9553
9565
9566
9573
9585
9584
9584
9590
9590
9601
9604
9609
9613
9612
9617
9623
9632
9632
9644
9646
9651
9653
9655
9660
9646
9664
9646
9679
9686
9697
9701
9709
9705
9709
9717
9722
9717
9718
9709
9708
9733
9708
9733
9705
9752
9765
9770
9771
9782
9794
9796
9794
9794
9805
9812
9812
9818
9821
9821
9825
9825
9825
9838
9841
9844
9847
9847
9847
9853
9852
9862
9876
9882
9885
9885
9885
9896
9897
9902
9903
9912
9915
9915
9915
9915
9928
9928
9933
9938
9942
9952
9961
9966
9972
9966
9972
9968
9993
9996
9996
9996
9996
10008
10008
10014
10037
10037
10041
10048
10055
10060
10075
10091
10103
10114
10114
10114
10117
10117
10116
10116
10131
10136
10139
10146
10146
10156
10157
10162
10156
10157
10156
10157
10156
10157
10179
10184
10217
10220
10235
10240
10243
10246
10243
10259
10257
10274
10280
10284
10295
10296
10308
10308
10313
10313
10315
10315
10321
10326
10326
10333
10326
10350
10351
10351
10351
10367
10376
10386
10386
10392
10394
10400
10400
10406
10431
10442
10442
10455
10462
10478
10483
10497
10494
10508
10511
10526
10530
10538
10543
10550
10555
10557
10561
10554
10565
10569
10554
10578
10570
10570
10570
10561
10570
10603
10603
10603
10603
10603
10623
10632
10632
10632
10632
10641
10669
10672
10674
10669
10671
10698
10698
10704
10711
10717
10725
10729
10730
10729
10730
10729
10745
10745
10745
10745
10761
10764
10764
10772
10782
10781
10781
10803
10801
10801
10801
10818
10823
10829
10843
10850
10857
10860
10865
10865
10875
10891
10918
10930
10930
10932
10955
10955
10955
10955
10967
10972
10977
10980
10988
10998
11015
11015
11015
11015
11021
11027
11032
11037
11048
11051
11050
11051
11059
11070
11070
11078
11079
11092
11096
11095
11104
11104
11104
11111
11111
11112
11129
11136
11143
11143
11146
11143
11153
11158
11161
11163
11164
11174
11178
11177
11185
11198
11213
11213
11219
11221
11219
11226
11233
11245
11245
11245
11251
11251
11263
11275
11278
11275
11278
11300
11309
11309
11311
11309
11321
11321
11343
11352
11355
11355
11357
11365
11364
11371
11371
11371
11382
11389
11392
11402
11408
11408
11418
11418
11424
11418
11428
11417
11428
11436
11436
11440
11445
11458
11458
11466
11466
11466
11475
11470
11485
11487
11493
11487
11500
11506
11519
11530
11566
11566
11578
11594
11594
11594
11601
11601
11601
11601
11607
11618
11618
11622
11629
11632
11632
11632
11640
11632
11632
11658
11669
11669
11673
11678
11680
11680
11680
11688
11691
11691
11695
11695
11695
11701
11702
11714
11720
11718
11720
11717
11729
11729
11735
11738
11738
11743
11743
11750
11753
11758
11761
11772
11775
11782
11784
11782
11783
11798
11800
11803
11811
11814
11823
11825
11825
11825
11833
11835
11832
11825
11825
11848
11864
11870
11877
11879
11879
11879
11907
11912
11921
11928
11931
11934
11934
11952
11952
11952
11952
11952
11969
11971
11978
11978
11992
11998
11998
11998
12009
12009
12017
12020
12020
12030
12040
12049
12049
12054
12054
12054
12054
12066
12066
12074
12077
12078
12081
12092
12092
12094
12100
12104
12104
12111
12100
12114
12114
12120
12127
12133
12141
12141
12145
12162
12163
12168
12168
12178
12178
12184
12184
12184
12195
12195
12207
12208
12207
12208
12207
12216
12227
12214
12227
12214
12237
12245
12214
12244
12222
12256
12255
12224
12253
12224
12253
12244
12244
12278
12272
12284
12293
12293
12293
12302
12314
12325
12326
12325
12326
12326
12326
12348
12348
12346
12355
12355
12345
12346
12364
12364
12355
12384
12384
12388
12393
12402
12407
12407
12413
12402
12413
12402
12421
12421
12421
12427
12427
12440
12440
12442
12440
12454
12458
12452
12470
12469
12466
12469
12466
12466
12481
12466
12484
12481
12481
12480
12480
12480
12510
12514
12517
12480
12525
12525
12524
12542
12514
12542
12541
12514
12540
12554
12540
12554
12538
12554
12538
12566
12570
12581
12594
12599
12603
12605
12613
12617
12627
12632
12632
12638
12645
12649
12653
12653
12665
12680
12685
12692
12711
12718
12718
12742
12745
12748
12756
12759
12759
12759
12755
12759
12755
12756
12756
12782
12782
12782
12782
12792
12797
12803
12797
12797
12819
12823
12839
12847
12855
12860
12871
12876
12876
12890
12890
12898
12907
12914
12937
12942
12959
12972
12972
12980
12995
12997
13000
12999
13004
13004
12997
12997
13019
13024
13029
13035
13034
13038
13053
13053
13057
13058
13057
13058
13069
13074
13074
13085
13078
13090
13098
13098
13098
13112
13112
13116
13136
13153
13153
13168
13181
13186
13193
13193
13197
13193
13193
13206
13209
13218
13218
13226
13230
13225
13230
13225
13239
13239
13251
13267
13266
13273
13273
13282
13289
13307
13313
13313
13313
13330
13330
13352
13357
13357
13365
13389
13413
13413
13422
13421
13429
13429
13429
13442
13465
13470
13479
13488
13493
13504
13507
13512
13514
13518
13518
13524
13526
13524
13526
13541
13547
13554
13552
13560
13560
13560
13560
13568
13581
13583
13589
13591
13591
13594
13594
13594
13606
13603
13611
13610
13623
13623
13629
13631
13638
13646
13648
13646
13665
13671
13675
13686
13686
13699
13709
13710
13716
13722
13723
13734
13740
13739
13767
13769
13785
13785
13785
13794
13797
13797
13809
13812
13809
13815
13823
13807
13832
13838
13848
13858
13858
13872
13869
13878
13878
13886
13886
13895
13897
13894
13897
13897
13913
13913
13913
13913
13913
13928
13929
13928
13937
13942
13951
13955
13970
13969
13970
13970
13975
13991
13992
13991
13991
14009
14012
14024
14025
14024
14033
14033
14037
14038
14045
14045
14055
14054
14055
14059
14073
14080
14085
14084
14095
14092
14094
14093
14093
14105
14111
14109
14109
14106
14125
14125
14131
14136
14142
14144
14137
14140
14161
14162
14173
14178
14188
14187
14191
14201
14216
14214
14216
14222
14229
14236
14247
14247
14253
14256
14258
14258
14258
14258
14272
14271
14272
14271
14272
14280
14280
14290
14299
14308
14308
14320
14323
14323
14323
14323
14323
14323
14348
14348
14352
14354
14357
14357
14367
14373
14368
14386
14405
14405
14410
14412
14410
14409
14421
14425
14425
14432
14432
14432
14432
14437
14437
14450
14466
14470
14484
14490
14495
14495
14502
14490
14490
14508
14490
14508
14515
14515
14517
14525
14524
14525
14525
14525
14535
14538
14538
14538
14549
14552
14557
14562
14562
14570
14576
14590
14593
14600
14603
14606
14606
14606
14613
14624
14624
14624
14631
14629
14647
14649
14649
14655
14654
14663
14664
14674
14677
14677
14677
14694
14698
14701
14705
14704
14701
14698
14704
14698
14697
14699
14728
14732
14737
14743
14746
14751
14761
14766
14770
14782
14785
14785
14785
14801
14831
14848
14851
14851
14863
14868
14868
14871
14883
14884
14883
14884
14884
14884
14884
14898
14898
14910
14910
14913
14922
14928
14937
14937
14943
14974
14978
14977
14978
14978
14993
14993
15004
15003
15008
15009
15009
15029
15028
15038
15038
15040
15040
15049
15058
15066
15066
15066
15083
15083
15096
15096
15092
15096
15119
15119
15119
15132
15136
15144
15155
15162
15165
15168
15171
15175
15175
15194
15196
15207
15206
15206
15213
15213
15233
15238
15238
15245
15254
15262
15262
15266
15270
15266
15275
15290
15290
15310
15310
15310
15310
15319
15324
15329
15326
15324
15326
15344
15351
15354
15354
15358
15358
15362
15362
15376
15383
15383
15383
15395
15407
15411
15415
15425
15408
15432
15407
15407
15437
15407
15407
15444
15444
15447
15444
15452
15458
15466
15458
15470
15484
15509
15519
15543
15543
15547
15547
15565
15565
15573
15572
15573
15573
15584
15585
15585
15591
15607
15607
15611
15607
15622
15624
15634
15645
15645
15647
15645
15657
15666
15666
15675
15675
15684
15694
15696
15696
15708
15723
15728
15727
15734
15743
15763
15762
15763
15771
15778
15785
15785
15785
15791
15791
15806
15821
15826
15829
15850
15860
15860
15852
15852
15871
15852
15898
15906
15910
15920
15927
15927
15931
15938
15938
15938
15945
15947
15952
15954
15961
15966
15993
16011
16013
16013
16010
16027
16030
16030
16047
16047
16052
16060
16067
16068
16067
16068
16075
16068
16085
16088
16091
16101
16103
16119
16118
16119
16123
16126
16119
16118
16136
16135
16136
16146
16146
16154
16157
16159
16157
16159
16162
16157
16162
16175
16179
16183
16185
16185
16199
16206
16215
16217
16222
16222
16228
16229
16233
16246
16246
16252
16252
16250
16267
16269
16267
16284
16284
16295
16305
16305
16305
16305
16317
16324
16323
16323
16320
16331
16337
16344
16347
16354
16359
16356
16367
16371
16379
16382
16387
16394
16406
16408
16408
16418
16418
16442
16457
16459
16467
16476
16483
16483
16489
16489
16489
16496
16496
16496
16502
16509
16525
16531
16551
16551
16557
16557
16567
16572
16597
16596
16597
16596
16597
16596
16597
16596
16614
16612
16618
16618
16632
16636
16639
16643
16643
16636
16661
16666
16671
16676
16686
16696
16696
16703
16711
16703
16715
16702
16723
16723
16728
16729
16728
16728
16741
16756
16763
16765
16765
16778
16783
16794
16794
16799
16794
16812
16812
16812
16812
16820
16831
16836
16843
16843
16843
16843
16847
16847
16857
16847
16857
16843
16843
16872
16885
16885
16889
16896
16919
16919
16927
16927
16927
16940
16940
16942
16947
16956
16965
16974
16974
16974
16983
16983
16989
16994
16994
17000
17002
17006
17006
17014
17016
17026
17031
17031
17036
17029
17043
17052
17054
17052
17052
17054
17067
17079
17074
17073
17074
17073
17103
17108
17111
17126
17131
17129
17136
17144
17147
17147
17153
17162
17166
17176
17183
17193
17199
17199
17202
17205
17204
17205
17214
17202
17204
17204
17227
17237
17236
17244
17249
17252
17261
17270
17266
17270
17278
17284
17288
17304
17312
17312
17312
17318
17318
17322
17321
17322
17322
17331
17334
17334
17344
17338
17347
17338
17334
17345
17340
17340
17366
17373
17370
17378
17378
17381
17386
17386
17399
17399
17403
17403
17403
17403
17409
17413
17417
17423
17429
17440
17440
17454
17469
17469
17490
17500
17505
17515
17514
17510
17513
17513
17513
17513
17534
17534
17547
17536
17547
17547
17546
17560
17569
17571
17575
17580
17580
17583
17588
17602
17609
17611
17609
17622
17625
17625
17627
17644
17644
17652
17656
17653
17660
17653
17671
17696
17701
17704
17710
17714
17719
17727
17730
17727
17730
17727
17730
17738
17741
17748
17753
17759
17758
17762
17773
17784
17782
17792
17778
17801
17778
17763
17782
17772
17772
17816
17816
17816
17819
17824
17826
17830
17835
17844
17847
17854
17854
17858
17858
17858
17867
17869
17873
17884
17886
17884
17890
17898
17904
17904
17919
17924
17931
17934
17945
17952
17963
17966
17971
17971
17975
17976
17976
17982
17982
17982
17982
17982
17995
17999
18003
18006
18009
18009
18026
18029
18032
18032
18032
18040
18032
18050
18051
18064
18066
18076
18083
18090
18096
18114
18115
18110
18115
18115
18144
18154
18156
18154
18156
18170
18176
18176
18204
18209
18209
18215
18209
18225
18226
18225
18232
18225
18245
18245
18251
18251
18257
18261
18265
18263
18257
18276
18281
18281
18281
18288
18291
18291
18299
18299
18302
18316
18314
18314
18327
18330
18346
18345
18347
18345
18361
18368
18375
18375
18378
18382
18387
18390
18390
18400
18400
18400
18411
18414
18432
18436
18436
18444
18444
18455
18468
18468
18479
18479
18479
18491
18495
18498
18499
18498
18509
18514
18514
18514
18519
18519
18519
18523
18535
18546
18549
18556
18559
18568
18571
18576
18582
18595
18593
18606
18614
18614
18627
18627
18634
18634
18634
18634
18643
18642
18643
18648
18643
18652
18672
18680
18687
18688
18695
18700
18700
18704
18715
18712
18704
18728
18735
18739
18744
18739
18747
18747
18747
18747
18757
18757
18769
18793
18801
18808
18820
18820
18820
18820
18820
18820
18832
18842
18847
18848
18847
18863
18871
18871
18877
18880
18890
18898
18905
18905
18905
18905
18911
18918
18918
18922
18920
18932
18936
18938
18941
18946
18951
18954
18961
18965
18966
18982
18982
18985
18982
18985
18982
18994
18999
19002
19005
19005
19017
19017
19017
19030
19043
19043
19047
19060
19060
19064
19064
19070
19071
19071
19071
19071
19081
19100
19100
19106
19106
19116
19127
19123
19127
19123
19123
19140
19138
19155
19161
19161
19152
19152
19152
19152
19152
19178
19177
19152
19152
19152
19191
19208
19208
19212
19219
19238
19245
19248
19251
19251
19251
19251
19251
19264
19251
19262
19275
19285
19285
19280
19281
19280
19280
19310
19323
19328
19335
19337
19341
19346
19347
19349
19347
19365
19373
19378
19378
19378
19378
19386
19386
19392
19393
19396
19403
19414
19414
19414
19421
19430
19433
19440
19448
19440
19440
19446
19459
19467
19467
19474
19470
19474
19484
19487
19495
19495
19505
19510
19510
19518
19525
19527
19527
19532
19527
19540
19550
19554
19578
19578
19578
19578
19585
19585
19589
19593
19594
19602
19612
19628
19642
19648
19648
19657
19665
19672
19675
19678
19678
19689
19688
19702
19702
19702
19717
19725
19725
19732
19732
19732
19732
19748
19748
19748
19776
19782
19782
19789
19789
19802
19802
19818
19818
19824
19824
19824
19830
19834
19834
19841
19834
19844
19861
19867
19864
19876
19893
19893
19899
19907
19911
19913
19911
19926
19925
19924
19939
19945
19945
19956
19956
19958
19963
19961
19961
19958
19977
19975
19984
19974
19989
19991
20006
20020
20027
20030
20030
20036
20041
20062
20065
20069
20068
20068
20068
20110
20129
20132
20129
20132
20129
20132
20132
20139
20139
20142
20142
20154
20154
20161
20160
20160
20179
20189
20184
20185
20205
20205
20208
20208
20208
20216
20216
20218
20225
20228
20228
20228
20231
20228
20235
20240
20241
20240
20248
20248
20253
20248
20248
20251
20270
20276
20277
20304
20307
20309
20315
20315
20319
20321
20329
20329
20329
20342
20345
20348
20351
20355
20358
20358
20360
20360
20360
20388
20398
20398
20407
20410
20410
20420
20425
20428
20435
20444
20450
20454
20457
20456
20477
20477
20499
20512
20515
20517
20521
20544
20544
20550
20557
20567
20567
20572
20577
20580
20583
20593
20603
20626
20631
20631
20635
20638
20638
20638
20638
20638
20652
20651
20655
20657
20671
20708
20715
20715
20729
20732
20734
20732
20763
20778
20790
20788
20788
20800
20803
20805
20803
20806
20813
20820
20827
20832
20835
20834
20847
20850
20851
20850
20863
20863
20864
20861
20876
20884
20884
20884
20890
20891
20906
20909
20912
20907
20920
20920
20929
20934
20934
20942
20942
20945
20949
20954
20967
20982
20987
20987
20995
20995
21009
21022
21027
21026
21030
21025
21030
21039
21042
21022
21042
21062
21067
21075
21095
21094
21080
21094
21101
21094
21100
21100
21110
21112
21100
21112
21123
21150
21153
21156
21161
21164
21164
21165
21165
21165
21165
21165
21165
21165
21195
21195
21206
21216
21219
21220
21223
21226
21226
21232
21226
21236
21236
21238
21226
21226
21226
21226
21226
21226
21267
21283
21285
21304
21307
21306
21307
21328
21338
21328
21349
21352
21353
21362
21362
21362
21362
21368
21375
21375
21382
21375
21389
21400
21411
21418
21423
21428
21426
21434
21434
21446
21446
21446
21454
21453
21466
21470
21493
21502
21507
21507
21511
21528
21528
21528
21552
21552
21552
21552
21564
21564
21573
21578
21583
21590
21599
21599
21599
21599
21605
21610
21625
21628
21633
21641
21647
21657
21656
21665
21664
21670
21664
21670
21664
21676
21664
21690
21690
21690
21707
21712
21724
21724
21749
21754
21761
21774
21778
21781
21772
21770
21773
21796
21773
21802
21808
21808
21829
21832
21835
21840
21845
21845
21845
21850
21851
21856
21870
21892
21895
21895
21895
21900
21895
21900
21895
21900
21931
21940
21947
21948
21961
21966
21982
21978
21977
21998
21998
21998
22003
22003
22019
22019
22025
22032
22032
22039
22038
22045
22045
22056
22061
22064
22064
22066
22083
22088
22086
22083
22083
22098
22105
22109
22121
22120
22115
22132
22132
22132
22141
22146
22146
22146
22155
22155
22173
22183
22182
22191
22209
22222
22223
22222
22231
22245
22246
22258
22258
22271
22277
22281
22280
22288
22288
22294
22294
22306
22314
22326
22333
22335
22333
22333
22346
22345
22345
22353
22353
22356
22356
22353
22356
22356
22368
22356
22368
22368
22387
22390
22393
22393
22393
22393
22400
22405
22403
22413
22400
22423
22427
22429
22432
22427
22441
22442
22441
22441
22463
22464
22463
22472
22485
22487
22492
22498
22496
22511
22528
22543
22543
22547
22551
22553
22543
22557
22551
22551
22565
22551
22563
22574
22564
22592
22606
22606
22622
22636
22651
22650
22659
22661
22660
22659
22670
22671
22670
22696
22695
22692
22695
22707
22707
22707
22707
22720
22734
22740
22743
22744
22753
22760
22760
22777
22781
22781
22785
22801
22810
22809
22817
22821
22826
22826
22829
22829
22801
22837
22817
22819
22864
22870
22868
22876
22876
22882
22884
22882
22882
22894
22905
22913
22920
22924
22917
22924
22917
22936
22938
22944
22953
22953
22963
22957
22962
22962
22962
22979
22979
22988
22993
22996
22998
22996
23005
23012
23015
23018
23021
23032
23035
23040
23057
23057
23064
23068
23068
23077
23082
23110
23119
23119
23122
23130
23130
23128
23141
23129
23154
23156
23154
23170
23179
23179
23179
23184
23197
23197
23207
23207
23207
23207
23207
23220
23220
23242
23250
23257
23256
23256
23265
23270
23272
23272
23279
23282
23279
23279
23272
23272
23297
23297
23297
23313
23322
23320
23335
23336
23335
23354
23353
23366
23376
23374
23374
23390
23399
23402
23409
23411
23418
23428
23432
23446
23445
23440
23440
23456
23463
23470
23476
23475
23483
23478
23483
23483
23495
23503
23502
23508
23508
23502
23519
23524
23531
23536
23552
23556
23567
23571
23574
23576
23574
23574
23574
23573
23601
23620
23629
23638
23648
23642
23657
23660
23661
23660
23668
23671
23671
23685
23689
23706
23705
23715
23704
23715
23715
23745
23745
23749
23744
23745
23745
23745
23777
23802
23807
23807
23813
23816
23817
23820
23831
23834
23834
23844
23847
23853
23852
23860
23860
23863
23869
23876
23876
23876
23885
23892
23899
23908
23911
23914
23911
23922
23933
23936
23936
23942
23942
23948
23948
23953
23948
23963
23979
23982
23987
23987
23987
23987
24005
24005
24011
24005
24010
24005
24022
24022
24020
24027
24035
24046
24058
24057
24063
24065
24063
24065
24069
24069
24084
24104
24108
24120
24125
24126
24126
24126
24137
24137
24151
24154
24165
24180
24183
24185
24189
24185
24183
24202
24202
24206
24213
24222
24231
24231
24231
24231
24244
24250
24255
24256
24261
24261
24261
24265
24261
24274
24261
24281
24290
24288
24290
24298
24299
24307
24312
24316
24323
24328
24331
24340
24348
24356
24361
24361
24369
24376
24379
24393
24396
24404
24408
24418
24421
24425
24426
24444
24445
24450
24450
24452
24459
24458
24456
24479
24489
24489
24495
24510
24512
24513
24526
24525
24525
24534
24540
24546
24549
24551
24551
24560
24567
24574
24595
24609
24617
24622
24624
24622
24624
24628
24630
24644
24649
24672
24677
24677
24677
24685
24689
24696
24696
24700
24699
24699
24709
24709
24719
24725
24725
24725
24725
24725
24747
24751
24751
24751
24766
24773
24776
24780
24777
24788
24795
24795
24798
24814
24817
24820
24824
24840
24840
24855
24858
24855
24857
24876
24883
24890
24899
24906
24919
24928
24928
24928
24943
24943
24947
24947
24947
24947
24947
24957
24962
24969
24973
24976
24989
25010
25016
25015
25015
25020
25027
25027
25045
25049
25052
25060
25060
25064
25064
25064
25070
25069
25070
25083
25107
25132
25132
25142
25148
25154
25154
25158
25161
25163
25163
25179
25179
25179
25163
25204
25207
25218
25221
25240
25241
25247
25245
25245
25245
25256
25275
25282
25297
25300
25300
25308
25309
25309
25309
25318
25318
25330
25343
25349
25349
25355
25355
25355
25358
25372
25383
25383
25400
25403
25411
25411
25411
25411
25416
25420
25420
25420
25424
25422
25433
25442
25442
25445
25453
25456
25466
25465
25469
25484
25489
25491
25489
25502
25502
25524
25524
25534
25547
25549
25555
25558
25558
25567
25579
25590
25602
25602
25607
25607
25619
25623
25627
25623
25631
25623
25643
25643
25643
25650
25657
25663
25663
25663
25677
25685
25691
25698
25703
25714
25714
25720
25725
25728
25739
25739
25739
25743
25746
25746
25746
25762
25762
25770
25785
25804
25804
25807
25807
25813
25813
25813
25813
25823
25830
25837
25837
25837
25845
25847
25869
25869
25869
25877
25881
25883
25881
25890
25895
25895
25913
25916
25923
25916
25931
25931
25931
25944
25950
25946
25946
25947
25932
25987
25987
25999
26006
25998
25996
26009
26015
26015
26027
26033
26040
26040
26045
26040
26061
26057
26057
26061
26057
26061
26073
26061
26073
26061
26085
26088
26106
26109
26129
26132
26130
26132
26129
26148
26148
26148
26153
26158
26163
26168
26171
26171
26171
26175
26181
26182
26181
26202
26209
26218
26218
26224
26230
26247
26259
26268
26271
26271
26275
26278
26283
26296
26296
26296
26296
26300
26303
26310
26312
26318
26325
26325
26325
26330
26333
26335
26330
26332
26348
26341
26349
26340
26334
26335
26369
26373
26373
26373
26379
26378
26391
26391
26391
26391
26391
26391
26413
26413
26413
26420
26420
26420
26431
26436
26445
26454
26459
26461
26463
26461
26473
26476
26473
26484
26475
26488
26474
26474
26499
26502
26505
26516
26529
26529
26529
26529
26542
26560
26560
26566
26569
26574
26577
26581
26581
26585
26590
26590
26592
26590
26590
26602
26623
26628
26633
26640
26640
26650
26650
26654
26662
26660
26660
26666
26666
26674
26687
26694
26699
26704
26724
26728
26737
26740
26740
26740
26740
26750
26750
26756
26768
26775
26774
26785
26774
26800
26805
26808
26808
26814
26831
26831
26843
26848
26855
26860
26869
26878
26883
26886
26888
26886
26896
26893
26896
26896
26900
26881
26886
26917
26913
26917
26922
26916
26921
26932
26937
26939
26963
26963
26963
26963
26971
26976
26976
26970
26982
26982
26982
26982
26982
26990
26982
26996
26996
27007
27021
27029
27039
27039
27039
27048
27048
27052
27053
27053
27075
27075
27087
27091
27091
27111
27114
27122
27140
27144
27155
27157
27155
27164
27179
27179
27198
27198
27203
27203
27203
27208
27208
27213
27216
27220
27213
27228
27228
27234
27241
27250
27269
27272
27272
27282
27282
27288
27289
27300
27300
27300
27300
27306
27309
27309
27316
27313
27316
27316
27330
27330
27338
27356
27367
27369
27367
27372
27381
27381
27385
27385
27388
27390
27385
27385
27401
27404
27411
27411
27417
27423
27417
27423
27423
27422
27432
27442
27420
27420
27418
27418
27457
27457
27465
27465
27477
27482
27483
27488
27494
27500
27491
27494
27525
27536
27536
27558
27557
27567
27571
27571
27567
27571
27571
27583
27589
27589
27595
27595
27600
27602
27600
27620
27623
27623
27629
27630
27630
27639
27638
27648
27648
27652
27657
27660
27663
27663
27663
27672
27673
27672
27673
27682
27685
27685
27688
27688
27695
27695
27695
27699
27707
27711
27731
27740
27748
27747
27747
27752
27747
27747
27767
27784
27787
27792
27797
27813
27815
27813
27825
27827
27827
27843
27848
27848
27848
27853
27848
27855
27863
27863
27863
27871
27879
27883
27882
27895
27896
27896
27896
27912
27915
27912
27915
27920
27920
27932
27937
27939
27945
27948
27951
27954
27965
27968
27986
27989
27989
27996
27996
27996
28004
28004
27999
28002
28014
28014
28022
28028
28028
28028
28028
28038
28038
28043
28042
28056
28058
28056
28058
28080
28089
28089
28091
28096
28107
28126
28130
28138
28141
28147
28150
28153
28154
28153
28154
28153
28153
28150
28177
28177
28181
28195
28189
28189
28205
28211
28210
28211
28210
28210
28220
28222
28236
28239
28243
28238
28236
28243
28251
28254
28265
28270
28279
28279
28289
28297
28297
28297
28297
28304
28304
28314
28321
28325
28327
28327
28333
28327
28333
28333
28327
28346
28346
28362
28367
28370
28373
28373
28378
28383
28383
28395
28393
28406
28413
28413
28421
28427
28426
28451
28455
28451
28455
28451
28463
28463
28470
28470
28485
28485
28495
28495
28505
28499
28509
28499
28509
28524
28529
28529
28545
28545
28549
28549
28549
28554
28555
28566
28571
28576
28593
28597
28597
28603
28603
28616
28616
28628
28639
28639
28642
28645
28657
28660
28659
28660
28659
28667
28673
28683
28683
28683
28683
28683
28697
28703
28703
28703
28709
28708
28712
28712
28723
28727
28741
28733
28758
28762
28762
28772
28781
28781
28785
28798
28811
28824
28837
28837
28843
28849
28859
28864
28862
28870
28859
28872
28879
28872
28882
28869
28897
28906
28904
28914
28924
28923
28924
28933
28945
28944
28943
28944
28944
28958
28958
28960
28971
28975
28983
28994
28994
28994
29002
28999
29004
29007
29002
28998
29007
28998
29020
29024
29024
29029
29020
29020
29037
29058
29060
29060
29073
29080
29076
29082
29105
29108
29111
29114
29123
29127
29125
29127
29133
29144
29152
29157
29168
29167
29168
29168
29180
29180
29187
29187
29192
29200
29207
29207
29207
29217
29227
29245
29251
29245
29251
29254
29256
29260
29244
29244
29265
29274
29260
29278
29274
29278
29274
29245
29300
29302
29304
29300
29318
29336
29344
29356
29349
29350
29349
29364
29369
29371
29371
29386
29386
29386
29398
29401
29420
29426
29426
29436
29438
29455
29467
29467
29467
29470
29475
29477
29482
29492
29492
29499
29509
29509
29521
29529
29528
29546
29551
29551
29551
29556
29551
29566
29568
29572
29576
29586
29588
29587
29595
29600
29605
29605
29623
29624
29623
29632
29632
29632
29646
29664
29669
29674
29674
29703
29715
29722
29729
29729
29742
29743
29741
29743
29757
29756
29756
29756
29757
29754
29792
29791
29796
29803
29806
29792
29806
29820
29820
29822
29820
29822
29822
29822
29833
29833
29839
29846
29851
29865
29875
29875
29875
29875
29875
29882
29882
29882
29882
29892
29890
29902
29902
29910
29915
29915
29923
29944
29948
29948
29952
29948
29957
29964
29962
29964
29964
29978
29976
29976
29976
29976
30001
30014
30014
30016
30016
30016
30016
30022
30022
30022
30034
30033
30034
30042
30042
30040
30042
30050
30064
30063
30065
30073
30078
30072
30093
30093
30096
30089
30104
30112
30114
30118
30114
30130
30130
30133
30147
30147
30153
30161
30159
30161
30161
30172
30174
30180
30182
30194
30194
30196
30196
30212
30212
30215
30212
30215
30220
30212
30227
30229
30237
30247
30259
30268
30274
30268
30273
30290
30284
30301
30315
30315
30319
30323
30351
30355
30359
30359
30359
30359
30373
30368
30373
30382
30391
30391
30404
30418
30418
30418
30423
30435
30440
30437
30440
30452
30452
30452
30468
30471
30465
30478
30483
30496
30499
30522
30532
30546
30546
30574
30577
30594
30594
30594
30606
30611
30621
30620
30619
30619
30620
30619
30619
30639
30646
30646
30646
30652
30660
30660
30693
30702
30705
30705
30725
30731
30731
30731
30737
30748
30753
30759
30769
30772
30776
30780
30780
30780
30799
30799
30809
30814
30807
30814
30799
30840
30840
30850
30857
30862
30865
30865
30868
30865
30877
30886
30884
30891
30884
30913
30911
30926
30931
30931
30948
30944
30958
30941
30963
30968
30938
30939
30966
30982
30989
31006
31010
31010
31015
31024
31031
31043
31052
31052
31059
31063
31066
31070
31072
31070
31072
31076
31072
31086
31089
31094
31110
31109
31110
31115
31116
31109
31126
31122
31132
31135
31132
31126
31125
31125
31147
31147
31147
31158
31161
31160
31158
31167
31176
31172
31172
31200
31200
31210
31221
31230
31230
31236
31241
31242
31247
31247
31257
31257
31261
31263
31261
31263
31273
31273
31273
31294
31294
31300
31317
31317
31321
31324
31324
31330
31330
31330
31336
31354
31357
31357
31365
31372
31374
31378
31387
31387
31390
31390
31398
31400
31390
31400
31413
31413
31422
31429
31429
31437
31440
31440
31445
31445
31451
31453
31461
31466
31471
31479
31488
31498
31496
31510
31510
31510
31515
31518
31531
31536
31538
31550
31537
31557
31557
31538
31563
31556
31537
31576
31577
31576
31576
31577
31589
31589
31589
31596
31607
31607
31613
31613
31621
31624
31629
31631
31632
31631
31632
31631
31629
31641
31669
31669
31669
31703
31714
31719
31725
31732
31748
31749
31748
31749
31754
31748
31749
31747
31744
31766
31766
31766
31775
31789
31790
31796
31794
31794
31799
31808
31816
31822
31822
31842
31847
31857
31863
31866
31869
31872
31879
31886
31891
31899
31923
31928
31943
31963
31966
31966
31973
31978
31989
31996
32019
32023
32024
32028
32033
32038
32045
32064
32067
32072
32074
32072
32079
32079
32079
32083
32089
32112
32115
32126
32131
32146
32149
32149
32149
32153
32163
32176
32184
32194
32199
32199
32203
32210
32212
32218
32223
32228
32228
32234
32234
32242
32248
32263
32263
32283
32284
32283
32291
32294
32302
32304
32309
32320
32343
32348
32351
32346
32359
32366
32367
32371
32367
32378
32394
32405
32405
32409
32408
32418
32421
32423
32423
32444
32449
32451
32463
32468
32468
32484
32492
32492
32506
32510
32510
32530
32529
32530
32537
32537
32543
32552
32561
32562
32565
32562
32562
32574
32581
32585
32590
32589
32590
32590
32597
32600
32607
32610
32610
32618
32618
32624
32640
32646
32655
32658
32667
32676
32683
32695
32707
32710
32719
32720
32719
32723
32731
32731
32737
32745
32745
32745
32745
32745
32760
32759
32759
32796
32811
32811
32813
32822
32825
32825
32833
32836
32836
32844
32851
32856
32855
32855
32855
32879
32893
32898
32904
32915
32913
32914
32913
32934
32943
32944
32953
32954
32954
32954
32954
32954
32966
32974
32974
32974
32986
33002
33005
33005
33008
33009
33009
33005
33039
33049
33048
33049
33053
33048
33062
33068
33072
33071
33081
33081
33089
33099
33124
33124
33131
33136
33145
33145
33160
33164
33164
33159
33164
33173
33173
33179
33182
33191
33202
33214
33219
33232
33237
33237
33240
33241
33246
33240
33246
33258
33267
33270
33273
33280
33277
33292
33293
33293
33298
33304
33305
33314
33314
33318
33321
33334
33334
33348
33357
33367
33372
33372
33375
33387
33390
33398
33409
33416
33419
33421
33419
33431
33430
33432
33430
33432
33453
33470
33471
33475
33476
33474
33481
33474
33481
33474
33488
33494
33500
33508
33515
33508
33515
33522
33527
33531
33530
33541
33547
33543
33546
33543
33546
33556
33556
33562
33569
33569
33585
33585
33593
33598
33607
33618
33617
33632
33635
33635
33635
33649
33651
33647
33646
33656
33646
33648
33651
33666
33668
33666
33685
33685
33702
33702
33705
33705
33725
33726
33736
33729
33745
33745
33745
33751
33748
33757
33757
33757
33758
33751
33751
33754
33754
33790
33793
33796
33796
33800
33803
33808
33815
33824
33831
33840
33838
33832
33838
33864
33871
33872
33872
33872
33880
33880
33884
33880
33897
33897
33908
33916
33916
33919
33931
33931
33936
33948
33953
33959
33958
33970
33970
33976
33979
33983
33983
33990
33990
33994
34000
34008
34008
34012
34012
34012
34026
34028
34028
34029
34029
34050
34057
34061
34061
34061
34081
34086
34086
34097
34097
34106
34106
34111
34121
34121
34131
34135
34163
34166
34167
34166
34166
34163
34179
34188
34192
34190
34195
34192
34199
34192
34191
34199
34199
34199
34212
34199
34229
34229
34229
34229
34229
34264
34264
34264
34269
34267
34269
34269
34276
34276
34290
34294
34304
34312
34317
34320
34320
34320
34326
34330
34341
34347
34353
34356
34356
34362
34365
34366
34362
34378
34376
34378
34376
34394
34403
34404
34403
34412
34419
34419
34419
34440
34445
34447
34447
34462
34462
34466
34466
34468
34475
34468
34487
34468
34492
34494
34503
34502
34502
34520
34535
34541
34551
34554
34556
34560
34567
34570
34570
34582
34582
34588
34604
34604
34604
34604
34612
34604
34620
34618
34638
34637
34643
34643
34643
34643
34652
34652
34652
34657
34661
34668
34671
34681
34686
34681
34681
34692
34697
34700
34703
34705
34705
34707
34705
34733
34733
34749
34761
34761
34771
34761
34777
34782
34782
34801
34801
34812
34815
34815
34818
34815
34823
34823
34828
34818
34849
34854
34860
34863
34870
34870
34875
34910
34910
34918
34918
34918
34928
34932
34927
34941
34932
34927
34953
34962
34964
34984
34986
34990
34990
34995
34997
34997
35005
35005
35005
35017
35014
35014
35027
35027
35031
35033
35038
35037
35038
35047
35051
35056
35056
35063
35067
35070
35077
35084
35091
35091
35097
35112
35114
35112
35112
35112
35112
35126
35126
35126
35126
35136
35152
35151
35151
35151
35163
35166
35170
35176
35194
35193
35207
35207
35215
35217
35223
35224
35230
35234
35234
35242
35249
35249
35251
35249
35260
35257
35274
35270
35277
35270
35257
35257
35257
35296
35296
35314
35317
35330
35330
35342
35341
35342
35341
35347
35357
35356
35379
35379
35384
35390
35390
35396
35407
35408
35413
35418
35417
35416
35423
35416
35423
35416
35439
35442
35442
35448
35450
35453
35448
35461
35473
35490
35490
35500
35500
35503
35500
35512
35515
35516
35516
35516
35528
35535
35533
35535
35545
35558
35563
35563
35577
35582
35582
35590
35590
35590
35596
35595
35595
35595
35595
35613
35616
35616
35616
35632
35632
35636
35636
35636
35636
35642
35642
35648
35654
35654
35666
35670
35666
35682
35666
35696
35699
35698
35698
35720
35731
35732
35731
35736
35736
35736
35767
35773
35774
35784
35810
35809
35810
35817
35819
35817
35819
35819
35826
35834
35828
35816
35828
35853
35855
35852
35859
35864
35869
35870
35874
35869
35870
35874
35874
35884
35885
35889
35873
35895
35894
35882
35870
35915
35919
35930
35936
35947
35959
35962
35962
35974
35978
35986
35986
35991
35993
36002
36005
36010
36013
36018
36021
36021
36023
36035
36023
36042
36042
36046
36049
36049
36059
36062
36064
36076
36083
36084
36084
36089
36084
36096
36100
36099
36106
36128
36130
36140
36155
36164
36169
36173
36179
36181
36179
36192
36192
36200
36202
36204
36206
36204
36206
36214
36218
36221
36224
36231
36235
36248
36251
36251
36257
36259
36259
36266
36266
36270
36270
36270
36270
36274
36270
36270
36282
36282
36287
36292
36292
36292
36303
36311
36310
36328
36332
36331
36342
36342
36345
36351
36351
36369
36369
36384
36384
36388
36388
36398
36396
36398
36396
36396
36414
36413
36414
36434
36434
36441
36441
36447
36447
36450
36458
36463
36467
36467
36467
36467
36479
36484
36484
36504
36506
36511
36511
36519
36525
36525
36533
36536
36543
36565
36569
36572
36560
36562
36591
36591
36601
36604
36609
36612
36618
36622
36624
36624
36629
36624
36624
36644
36655
36655
36654
36655
36686
36682
36686
36689
36686
36689
36699
36728
36736
36741
36736
36753
36763
36770
36773
36776
36776
36784
36800
36804
36807
36825
36824
36825
36824
36833
36825
36833
36841
36849
36850
36848
36852
36848
36848
36865
36865
36865
36881
36883
36881
36883
36881
36890
36898
36901
36903
36928
36930
36930
36935
36938
36939
36944
36948
36964
36966
36966
36966
36983
36999
37008
37021
37021
37021
37021
37031
37034
37034
37040
37040
37046
37053
37055
37081
37081
37081
37092
37107
37106
37115
37121
37120
37136
37136
37141
37167
37167
37171
37177
37177
37180
37183
37187
37183
37194
37201
37217
37221
37216
37224
37221
37224
37221
37228
37224
37224
37239
37224
37252
37263
37263
37263
37276
37287
37293
37307
37315
37321
37333
37333
37350
37355
37358
37358
37358
37367
37402
37402
37401
37421
37424
37426
37424
37426
37438
37451
37451
37459
37459
37479
37481
37487
37490
37497
37508
37509
37508
37516
37515
37523
37528
37528
37539
37535
37539
37575
37586
37593
37593
37593
37602
37602
37608
37607
37608
37631
37631
37631
37649
37657
37664
37668
37668
37668
37675
37675
37668
37685
37688
37688
37697
37701
37704
37706
37709
37709
37722
37722
37730
37735
37735
37738
37746
37735
37750
37735
37750
37761
37764
37764
37764
37781
37781
37785
37785
37810
37814
37814
37825
37835
37832
37845
37845
37850
37848
37857
37859
37870
37866
37866
37866
37866
37866
37885
37903
37906
37906
37906
37914
37914
37940
37947
37958
37963
37963
37984
37983
37990
38004
38004
38004
38004
38004
38020
38024
38026
38026
38034
38034
38034
38034
38045
38047
38047
38047
38047
38053
38053
38053
38058
38058
38053
38058
38053
38076
38080
38091
38104
38112
38123
38130
38136
38142
38142
38145
38148
38154
38151
38152
38159
38161
38159
38142
38144
38144
38189
38189
38199
38199
38209
38212
38223
38228
38228
38236
38229
38244
38253
38243
38266
38267
38262
38273
38273
38277
38267
38289
38301
38310
38314
38324
38324
38329
38335
38337
38341
38348
38353
38353
38355
38355
38361
38361
38361
38366
38366
38369
38367
38374
38395
38395
38403
38414
38421
38428
38426
38428
38433
38427
38443
38444
38449
38452
38458
38455
38463
38466
38469
38469
38479
38482
38487
38490
38487
38497
38487
38502
38487
38487
38505
38489
38502
38514
38502
38511
38501
38534
38543
38550
38555
38557
38579
38588
38599
38601
38599
38605
38601
38607
38601
38607
38605
38618
38626
38626
38626
38638
38626
38648
38648
38658
38677
38679
38677
38679
38677
38677
38677
38690
38693
38693
38701
38704
38704
38710
38713
38720
38721
38745
38744
38745
38755
38751
38766
38766
38773
38784
38797
38797
38797
38800
38808
38810
38810
38800
38821
38821
38837
38837
38839
38853
38856
38862
38867
38876
38872
38872
38872
38890
38893
38903
38906
38903
38913
38916
38923
38926
38935
38935
38937
38935
38953
38962
38963
38962
38968
38975
38969
38987
38991
38996
39013
39013
39019
39046
39048
39054
39066
39066
39070
39074
39080
39079
39080
39080
39084
39080
39079
39096
39101
39101
39111
39116
39116
39121
39120
39125
39120
39125
39133
39142
39147
39152
39153
39156
39179
39184
39176
39178
39193
39191
39195
39195
39203
39214
39214
39224
39239
39244
39245
39250
39268
39275
39281
39285
39288
39288
39288
39288
39288
39297
39288
39297
39301
39332
39332
39338
39338
39335
39359
39360
39365
39365
39369
39372
39375
39378
39393
39394
39406
39406
39414
39420
39429
39438
39441
39445
39453
39458
39469
39469
39469
39484
39484
39492
39493
39497
39492
39500
39507
39516
39520
39516
39516
39517
39517
39532
39517
39550
39550
39550
39559
39562
39572
39571
39575
39571
39571
39569
39571
39571
39592
39590
39601
39604
39602
39604
39613
39617
39617
39617
39643
39652
39658
39657
39665
39665
39671
39682
39697
39696
39698
39698
39709
39712
39717
39720
39720
39728
39729
39742
39742
39748
39749
39749
39758
39757
39765
39764
39781
39788
39788
39793
39792
39796
39796
39803
39809
39812
39818
39821
39822
39829
39829
39818
39839
39839
39843
39843
39860
39882
39888
39894
39897
39897
39897
39903
39903
39910
39917
39922
39922
39926
39943
39943
39949
39957
39968
39974
39974
39980
39997
39998
40006
40003
40014
40018
40018
40023
40026
40026
40026
40030
40034
40042
40042
40042
40047
40065
40072
40078
40117
40116
40116
40124
40124
40124
40124
40135
40133
40147
40150
40150
40159
40159
40162
40166
40172
40180
40185
40190
40197
40195
40197
40197
40210
40197
40208
40208
40235
40242
40241
40245
40241
40245
40241
40245
40241
40241
40241
40241
40241
40266
40266
40266
40266
40271
40279
40279
40287
40282
40281
40295
40287
40295
40293
40287
40306
40321
40321
40329
40329
40335
40343
40346
40355
40358
40358
40363
40358
40363
40363
40378
40378
40378
40380
40392
40392
40392
40408
40406
40412
40405
40394
40394
40421
40394
40428
40392
40428
40464
40468
40467
40468
40467
40468
40482
40506
40520
40522
40526
40526
40529
40533
40538
40557
40564
40575
40575
40583
40594
40604
40604
40603
40608
40603
40608
40603
40640
40642
40648
40664
40670
40677
40684
40687
40687
40687
40694
40701
40704
40706
40722
40724
40728
40733
40733
40740
40739
40740
40739
40740
40769
40780
40781
40780
40780
40787
40789
40786
40779
40803
40803
40803
40811
40807
40815
40815
40818
40826
40818
40826
40818
40837
40842
40855
40864
40864
40867
40871
40884
40886
40890
40890
40890
40890
40890
40905
40920
40919
40928
40928
40940
40944
40950
40950
40956
40958
40956
40965
40965
40973
40975
40973
40974
40967
40967
40967
40967
41007
41007
41011
41021
41011
41019
41011
41019
41032
41031
41031
41031
41039
41041
41041
41055
41059
41074
41095
41097
41101
41097
41097
41108
41121
41140
41140
41150
41161
41161
41161
41168
41175
41182
41187
41196
41196
41204
41207
41211
41221
41220
41221
41220
41221
41232
41228
41218
41239
41248
41255
41255
41256
41256
41273
41280
41282
41282
41299
41302
41299
41294
41293
41313
41342
41341
41365
41365
41375
41384
41387
41387
41395
41404
41407
41417
41416
41420
41424
41443
41449
41454
41454
41454
41458
41454
41475
41480
41495
41495
41497
41497
41497
41508
41508
41513
41523
41519
41519
41535
41545
41545
41548
41562
41564
41561
41577
41577
41577
41581
41593
41604
41609
41609
41609
41616
41619
41624
41628
41633
41634
41633
41639
41654
41657
41659
41676
41672
41672
41672
41671
41698
41705
41705
41705
41720
41729
41729
41735
41746
41746
41753
41757
41759
41763
41759
41769
41780
41789
41792
41809
41809
41809
41813
41809
41817
41817
41830
41837
41840
41840
41852
41853
41862
41862
41864
41871
41870
41870
41878
41889
41889
41897
41900
41900
41903
41903
41910
41915
41921
41925
41934
41934
41938
41949
41949
41949
41972
41974
41979
41983
41974
41993
41998
42001
42001
42001
42009
42021
42032
42033
42046
42059
42062
42075
42075
42075
42075
42084
42087
42084
42083
42109
42109
42109
42109
42117
42124
42129
42130
42130
42130
42130
42150
42152
42160
42162
42160
42160
42165
42162
42190
42191
42194
42199
42213
42217
42226
42231
42231
42237
42240
42244
42243
42255
42262
42263
42263
42276
42284
42287
42288
42287
42287
42292
42297
42298
42308
42317
42327
42325
42327
42325
42334
42340
42358
42365
42382
42385
42388
42388
42402
42407
42407
42407
42407
42414
42414
42419
42437
42443
42456
42462
42478
42479
42477
42495
42498
42498
42504
42508
42510
42508
42518
42527
42529
42530
42529
42541
42539
42552
42556
42558
42560
42564
42568
42558
42568
42566
42558
42593
42593
42593
42593
42599
42620
42628
42642
42642
42650
42650
42658
42667
42677
42681
42685
42685
42698
42705
42707
42707
42711
42723
42700
42700
42737
42739
42746
42738
42746
42718
42718
42761
42763
42765
42765
42765
42765
42765
42780
42780
42790
42799
42801
42799
42806
42806
42810
42810
42810
42810
42823
42836
42840
42843
42828
42846
42848
42839
42839
42859
42859
42864
42876
42877
42877
42877
42884
42888
42888
42888
42896
42904
42903
42904
42910
42910
42910
42910
42915
42910
42910
42914
42928
42936
42962
42968
42995
43003
43008
43017
43024
43027
43047
43061
43061
43061
43061
43067
43067
43071
43071
43083
43094
43096
43094
43094
43102
43105
43105
43109
43120
43125
43127
43127
43131
43127
43138
43145
43137
43131
43145
43145
43145
43145
43162
43167
43177
43175
43182
43215
43222
43222
43232
43245
43256
43256
43256
43263
43268
43296
43295
43295
43309
43295
43309
43295
43295
43330
43341
43346
43341
43353
43353
43360
43360
43360
43386
43391
43397
43412
43411
43412
43411
43412
43412
43406
43406
43406
43404
43404
43429
43433
43436
43436
43432
43436
43436
43436
43453
43463
43466
43482
43485
43497
43499
43503
43504
43514
43533
43552
43559
43564
43559
43574
43562
43574
43562
43562
43554
43587
43587
43609
43608
43607
43608
43605
43628
43602
43628
43639
43646
43648
43646
43651
43651
43658
43659
43671
43689
43703
43707
43707
43719
43722
43739
43752
43752
43763
43766
43768
43766
43768
43766
43773
43776
43779
43783
43783
43789
43795
43795
43798
43795
43807
43811
43811
43811
43811
43823
43832
43842
43844
43842
43844
43842
43842
43842
43859
43859
43865
43868
43868
43875
43874
43883
43889
43889
43895
43894
43895
43894
43903
43912
43919
43919
43919
43922
43924
43922
43930
43936
43936
43936
43946
43943
43943
43943
43943
43958
43963
43963
43963
43972
43974
43974
43979
43984
43989
43999
43998
44004
44011
44019
44018
44032
44032
44036
44043
44046
44049
44051
44053
44051
44058
44057
44069
44071
44074
44074
44079
44079
44089
44091
44095
44100
44100
44108
44120
44120
44134
44144
44144
44152
44156
44176
44177
44183
44183
44183
44183
44183
44191
44194
44201
44202
44211
44220
44220
44228
44231
44231
44231
44231
44231
44248
44255
44255
44280
44294
44294
44298
44315
44312
44325
44330
44320
44330
44351
44351
44359
44366
44368
44365
44380
44388
44392
44396
44405
44406
44420
44420
44425
44427
44425
44435
44432
44432
44433
44432
44443
44443
44461
44461
44461
44470
44470
44469
44474
44484
44486
44488
44484
44488
44499
44514
44516
44528
44533
44552
44559
44567
44568
44568
44572
44577
44583
44583
44591
44593
44591
44597
44601
44605
44639
44644
44651
44654
44656
44665
44668
44678
44684
44684
44695
44710
44720
44730
44736
44743
44742
44743
44742
44743
44742
44751
44742
44742
44742
44742
44765
44778
44787
44787
44797
44793
44812
44811
44822
44822
44845
44848
44851
44856
44865
44865
44885
44887
44887
44902
44919
44922
44924
44927
44924
44935
44947
44952
44971
44978
44997
45012
45011
45020
45020
45020
45020
45028
45024
45028
45024
45040
45040
45040
45047
45040
45047
45047
45047
45040
45040
45068
45068
45074
45075
45074
45083
45088
45088
45088
45088
45088
45096
45100
45100
45100
45117
45117
45123
45123
45123
45131
45131
45142
45144
45152
45152
45152
45152
45160
45160
45166
45165
45166
45183
45183
45187
45187
45197
45200
45205
45203
45205
45203
45231
45235
45234
45235
45243
45242
45246
45254
45258
45263
45263
45288
45288
45316
45316
45316
45333
45342
45343
45343
45343
45356
45363
45363
45369
45372
45405
45412
45419
45427
45433
45433
45436
45444
45447
45467
45466
45476
45481
45492
45497
45492
45516
45516
45528
45534
45537
45542
45548
45557
45557
45574
45574
45584
45587
45594
45594
45594
45599
45606
45606
45624
45626
45626
45626
45633
45632
45632
45646
45658
45665
45672
45671
45677
45671
45672
45671
45686
45686
45686
45691
45691
45713
45719
45731
45734
45743
45743
45747
45747
45751
45751
45755
45755
45762
45762
45783
45788
45805
45814
45819
45814
45829
45840
45844
45843
45843
45848
45843
45852
45862
45874
45877
45879
45881
45879
45877
45879
45901
45906
45906
45910
45917
45918
45917
45918
45917
45923
45918
45918
45918
45947
45948
45959
45966
45968
45968
45974
45948
46000
46000
46006
46008
46008
46008
46026
46033
46032
46034
46041
46034
46060
46067
46078
46080
46078
46079
46087
46087
46096
46115
46115
46115
46126
46133
46148
46152
46169
46168
46178
46181
46194
46197
46206
46206
46206
46228
46228
46228
46246
46249
46246
46252
46258
46261
46258
46285
46285
46288
46302
46311
46313
46311
46311
46311
46321
46329
46329
46329
46329
46344
46342
46342
46352
46352
46352
46363
46367
46371
46374
46379
46396
46399
46406
46408
46408
46413
46413
46413
46413
46419
46432
46432
46437
46442
46437
46434
46456
46457
46461
46465
46464
46464
46472
46472
46484
46486
46508
46508
46516
46519
46538
46557
46557
46565
46569
46580
46584
46587
46584
46587
46583
46601
46583
46580
46616
46618
46580
46601
46587
46636
46628
46601
46601
46667
46671
46671
46671
46687
46687
46694
46701
46692
46710
46710
46710
46710
46734
46745
46749
46765
46770
46770
46770
46770
46776
46774
46798
46798
46800
46798
46798
46811
46815
46811
46822
46822
46825
46822
46825
46825
46865
46889
46889
46891
46898
46903
46928
46938
46948
46961
46961
46965
46968
46973
46983
46998
46995
47004
47028
47024
47040
47043
47046
47046
47058
47059
47059
47089
47094
47103
47103
47105
47116
47119
47122
47125
47125
47138
47136
47146
47163
47164
47161
47175
47178
47178
47178
47178
47190
47199
47208
47214
47214
47222
47221
47227
47241
47238
47238
47249
47241
47257
47259
47263
47266
47277
47288
47291
47294
47297
47304
47309
47307
47326
47354
47354
47354
47354
47363
47371
47371
47379
47380
47388
47388
47388
47394
47397
47397
47406
47446
47449
47456
47457
47462
47469
47478
47483
47487
47487
47494
47494
47494
47505
47512
47513
47513
47521
47534
47534
47540
47541
47540
47553
47553
47561
47561
47561
47568
47575
47578
47584
47589
47595
47598
47598
47601
47609
47614
47623
47623
47629
47632
47632
47643
47651
47658
47656
47677
47683
47694
47694
47700
47717
47717
47717
47722
47725
47734
47734
47734
47734
47746
47752
47752
47752
47757
47780
47777
47787
47794
47794
47798
47799
47814
47827
47839
47838
47847
47855
47860
47869
47872
47877
47891
47888
47884
47888
47902
47902
47902
47919
47924
47924
47924
47927
47924
47924
47937
47945
47952
47952
47958
47961
47958
47969
47969
47971
47978
47988
47985
47993
47988
47997
47988
47988
47988
48008
48007
48021
48024
48026
48026
48026
48043
48038
48054
48069
48074
48077
48083
48090
48101
48113
48126
48130
48128
48136
48141
48128
48146
48168
48164
48162
48173
48183
48193
48199
48199
48208
48201
48208
48211
48208
48211
48217
48208
48217
48221
48208
48234
48238
48243
48242
48243
48255
48263
48270
48270
48269
48275
48282
48288
48301
48312
48332
48331
48332
48342
48351
48358
48365
48371
48370
48371
48387
48392
48403
48403
48411
48416
48418
48427
48427
48434
48435
48446
48451
48451
48461
48461
48465
48469
48469
48469
48469
48484
48493
48503
48513
48525
48523
48549
48553
48557
48557
48557
48563
48563
48565
48570
48570
48570
48570
48580
48581
48581
48586
48591
48591
48595
48595
48602
48605
48602
48603
48632
48643
48656
48661
48674
48671
48671
48687
48689
48693
48693
48697
48697
48707
48712
48715
48718
48718
48722
48725
48726
48737
48737
48749
48749
48755
48769
48767
48774
48774
48784
48788
48784
48793
48793
48796
48808
48807
48800
48821
48830
48832
48835
48830
48835
48843
48843
48853
48856
48860
48864
48867
48881
48887
48887
48895
48898
48904
48904
48903
48918
48927
48934
48942
48946
48942
48946
48952
48934
48973
48973
48979
48984
48994
48998
49002
49001
49002
49008
49008
49008
49012
49016
49018
49026
49029
49026
49032
49039
49026
49026
49047
49047
49047
49047
49059
49059
49063
49063
49075
49075
49099
49107
49117
49122
49131
49130
49135
49143
49152
49142
49168
49169
49169
49174
49174
49184
49173
49191
49211
49218
49221
49224
49235
49242
49243
49242
49250
49251
49250
49256
49251
49251
49263
49263
49269
49276
49276
49284
49287
49290
49290
49308
49317
49324
49326
49340
49346
49350
49355
49360
49366
49365
49373
49365
49370
49384
49388
49397
49403
49400
49394
49413
49393
49388
49393
49435
49437
49446
49446
49456
49446
49456
49446
49453
49470
49470
49480
49478
49480
49478
49480
49470
49495
49504
49504
49504
49517
49522
49526
49536
49545
49548
49553
49555
49559
49559
49567
49568
49579
49586
49595
49602
49600
49621
49624
49622
49624
49642
49642
49633
49641
49656
49653
49641
49669
49678
49681
49686
49697
49700
49706
49706
49719
49725
49727
49730
49725
49737
49745
49750
49750
49759
49758
49759
49758
49768
49771
49771
49771
49775
49783
49783
49793
49796
49805
49807
49817
49816
49826
49834
49834
49840
49843
49846
49862
49862
49867
49881
49888
49888
49896
49902
49913
49921
49945
49958
49969
49976
49990
49996
49990
49993
50002
49993
50015
50015
50018
50020
50026
50034
50043
50043
50047
50054
50057
50054
50066
50081
50080
50088
50091
50091
50093
50111
50111
50119
50111
50121
50123
50119
50128
50111
50107
50110
50106
50109
50149
50148
50142
50148
50142
50164
50110
50182
50189
50189
50195
50201
50209
50212
50207
50208
50229
50230
50236
50235
50236
50236
50233
50236
50265
50272
50275
50277
50275
50285
50291
50291
50297
50305
50309
50309
50309
50314
50317
50314
50314
50316
50314
50325
50314
50325
50325
50325
50331
50346
50346
50350
50363
50363
50371
50378
50378
50378
50385
50385
50391
50414
50414
50422
50444
50464
50473
50475
50479
50486
50493
50493
50493
50498
50510
50509
50519
50520
50523
50520
50551
50543
50543
50561
50560
50567
50571
50576
50582
50582
50591
50594
50596
50594
50594
50601
50613
50615
50622
50619
50621
50621
50637
50645
50648
50658
50664
50652
50671
50680
50686
50686
50686
50702
50702
50712
50712
50712
50719
50734
50749
50753
50753
50769
50778
50777
50778
50777
50793
50800
50807
50810
50813
50811
50828
50833
50832
50833
50810
50846
50848
50848
50848
50856
50856
50857
50864
50874
50878
50878
50894
50904
50894
50897
50920
50920
50929
50936
50941
50941
50949
50949
50949
50955
50966
50965
50973
50978
50984
50983
50989
51000
50988
51007
50988
50988
51018
51017
50987
51028
51036
51036
51036
51053
51049
51057
51063
51063
51079
51084
51084
51094
51104
51103
