1
16
21
36
47
47
51
56
59
62
71
73
76
83
83
83
83
108
113
113
113
127
140
145
158
163
173
173
177
179
185
192
193
200
216
215
234
244
249
260
263
269
276
285
299
306
309
312
312
312
317
315
312
320
315
330
328
344
339
340
336
336
351
368
367
366
351
330
381
333
391
394
399
401
399
412
381
421
436
454
454
454
461
464
472
471
472
471
489
498
509
514
517
517
535
540
535
540
548
549
548
548
563
557
575
582
594
598
607
607
611
616
619
632
632
632
640
651
665
665
665
677
682
680
677
679
677
699
696
703
702
696
708
692
708
726
729
738
759
759
765
770
781
796
811
826
833
833
833
840
849
852
852
852
859
871
870
871
871
891
891
904
909
909
909
931
932
931
932
958
958
972
976
976
976
1002
1002
1005
1002
1005
1005
1012
1012
1021
1027
1029
1034
1037
1052
1053
1065
1067
1073
1073
1073
1078
1078
1082
1082
1088
1088
1098
1109
1112
1112
1128
1135
1138
1141
1158
1160
1181
1180
1200
1203
1205
1205
1214
1221
1221
1221
1221
1231
1231
1237
1242
1245
1246
1245
1260
1260
1264
1269
1273
1272
1272
1279
1286
1289
1289
1289
1296
1303
1303
1307
1308
1307
1316
1320
1320
1323
1328
1333
1344
1341
1349
1341
1366
1369
1369
1369
1369
1392
1391
1397
1400
1400
1400
1407
1410
1417
1417
1425
1426
1443
1443
1449
1454
1463
1464
1468
1486
1485
1485
1485
1504
1504
1508
1508
1508
1508
1522
1529
1544
1549
1554
1557
1557
1557
1564
1569
1582
1586
1608
1618
1622
1617
1627
1631
1631
1637
1644
1657
1671
1671
1671
1688
1701
1699
1707
1716
1715
1715
1715
1721
1726
1744
1754
1775
1775
1783
1783
1788
1788
1794
1794
1794
1804
1817
1819
1813
1819
1826
1814
1838
1846
1846
1846
1865
1873
1873
1881
1880
1881
1881
1894
1892
1894
1894
1894
1894
1894
1903
1908
1909
1919
1930
1929
1932
1940
1943
1943
1943
1943
1949
1960
1960
1960
1968
1976
1976
1992
2002
2002
2002
2002
2013
2016
2019
2024
2024
2033
2044
2044
2048
2044
2056
2058
2067
2068
2075
2082
2086
2087
2085
2098
2114
2120
2121
2119
2131
2135
2135
2152
2157
2160
2166
2178
2180
2187
2188
2200
2205
2208
2211
2214
2217
2239
2253
2253
2264
2263
2264
2270
2269
2278
2281
2278
2278
2278
2291
2294
2303
2306
2311
2318
2318
2318
2325
2329
2336
2350
2359
2362
2362
2371
2381
2381
2387
2381
2381
2381
2402
2405
2408
2401
2408
2401
2404
2402
2413
2401
2401
2401
2425
2434
2434
2434
2441
2441
2449
2459
2469
2470
2481
2484
2489
2492
2492
2492
2497
2503
2506
2503
2513
2506
2515
2522
2529
2529
2545
2547
2547
2554
2554
2554
2563
2567
2569
2574
2582
2592
2592
2598
2598
2611
2612
2610
2610
2622
2622
2632
2633
2632
2639
2640
2649
2656
2656
2664
2670
2664
2677
2658
2676
2676
2662
2676
2676
2676
2695
2676
2693
2708
2708
2714
2712
2724
2724
2731
2730
2730
2743
2748
2751
2754
2763
2763
2767
2784
2794
2791
2797
2797
2805
2797
2815
2826
2833
2840
2840
2848
2863
2870
2877
2877
2877
2894
2896
2902
2905
2910
2911
2916
2923
2932
2943
2939
2943
2949
2961
2961
2971
2978
2980
2985
2991
2992
2997
2997
2997
3000
3015
3015
3019
3029
3039
3039
3047
3050
3061
3061
3063
3068
3077
3083
3083
3083
3083
3083
3099
3102
3106
3110
3116
3125
3125
3125
3131
3136
3125
3125
3145
3155
3154
3155
3158
3154
3155
3185
3190
3196
3198
3195
3210
3210
3221
3229
3228
3236
3247
3254
3253
3254
3260
3254
3260
3272
3253
3274
3278
3265
3282
3274
3265
3265
3294
3311
3310
3310
3323
3327
3339
3343
3323
3327
3327
3357
3356
3357
3377
3379
3383
3389
3393
3379
3409
3417
3418
3448
3455
3469
3471
3468
3477
3485
3481
3506
3509
3515
3525
3525
3537
3537
3546
3562
3572
3580
3590
3602
3607
3622
3624
3622
3635
3642
3644
3648
3649
3665
3668
3674
3675
3674
3680
3680
3689
3695
3703
3703
3706
3703
3703
3716
3725
3728
3737
3741
3744
3742
3740
3740
3750
3756
3750
3762
3765
3760
3775
3780
3787
3800
3807
3812
3818
3819
3814
3819
3814
3838
3843
3851
3864
3867
3882
3885
3891
3893
3891
3891
3919
3928
3928
3932
3937
3937
3945
3946
3950
3953
3945
3953
3957
3957
3950
3962
3988
3987
3994
4005
4010
4005
4007
4007
4027
4028
4031
4033
4027
4051
4052
4052
4061
4068
4073
4077
4089
4089
4093
4101
4099
4101
4099
4112
4114
4118
4129
4136
4149
4152
4157
4161
4163
4167
4176
4179
4178
4176
4189
4192
4195
4204
4207
4210
4212
4216
4216
4222
4242
4240
4246
4252
4253
4272
4274
4271
4272
4272
4296
4295
4303
4308
4308
4311
4316
4319
4312
4319
4312
4315
4336
4341
4311
4336
4362
4369
4375
4384
4386
4384
4384
4384
4384
4384
4384
4418
4421
4421
4432
4456
4466
4460
4476
4482
4485
4488
4488
4491
4499
4506
4519
4522
4525
4528
4532
4532
4532
4540
4540
4544
4549
4558
4558
4570
4578
4582
4585
4594
4594
4604
4607
4616
4617
4628
4628
4628
4628
4642
4649
4662
4658
4658
4669
4669
4682
4682
4689
4707
4707
4713
4718
4713
4711
4707
4751
4758
4758
4768
4768
4768
4775
4788
4788
4788
4791
4796
4793
4793
4798
4798
4827
4829
4827
4835
4840
4833
4862
4869
4869
4878
4885
4885
4888
4888
4899
4909
4916
4922
4922
4928
4928
4928
4928
4934
4934
4945
4945
4945
4958
4965
4968
4975
4993
4993
4993
5002
5007
5010
5010
5016
5016
5023
5029
5030
5040
5028
5039
5028
5057
5052
5086
5084
5090
5090
5090
5103
5107
5114
5114
5117
5121
5121
5127
5129
5136
5135
5141
5152
5159
5166
5174
5179
5175
5201
5206
5208
5209
5216
5221
5216
5221
5236
5241
5260
5260
5263
5272
5274
5271
5279
5278
5271
5289
5291
5291
5287
5288
5291
5303
5303
5319
5322
5325
5338
5341
5341
5340
5340
5363
5371
5379
5380
5385
5398
5398
5402
5398
5404
5404
5401
5419
5427
5437
5442
5441
5442
5451
5460
5469
5472
5471
5477
5481
5477
5480
5477
5471
5480
5480
5498
5480
5501
5501
5497
5501
5508
5525
5528
5528
5534
5546
5542
5546
5542
5552
5543
5567
5570
5570
5580
5580
5590
5601
5601
5614
5622
5622
5622
5629
5629
5633
5641
5653
5655
5667
5684
5687
5684
5698
5697
5710
5718
5725
5725
5734
5733
5732
5731
5744
5747
5747
5747
5747
5747
5747
5747
5757
5769
5769
5777
5777
5777
5783
5790
5795
5798
5799
5798
5812
5830
5836
5842
5845
5850
5867
5872
5881
5885
5878
5888
5893
5898
5898
5910
5910
5916
5916
5918
5916
5916
5925
5932
5943
5943
5951
5954
5962
5970
5951
5951
5951
5993
5960
5943
5990
6000
6007
6010
6007
6029
6032
6038
6038
6043
6043
6051
6058
6061
6063
6060
6071
6073
6071
6071
6080
6086
6091
6102
6103
6117
6118
6122
6117
6137
6137
6140
6146
6140
6140
6158
6174
6192
6196
6234
6241
6244
6244
6244
6257
6257
6257
6264
6267
6267
6281
6281
6291
6291
6305
6305
6305
6310
6319
6317
6321
6317
6321
6321
6319
6326
6335
6335
6342
6342
6355
6358
6358
6362
6367
6367
6375
6380
6382
6388
6392
6391
6392
6391
6391
6400
6400
6400
6400
6406
6407
6409
6415
6414
6422
6406
6437
6437
6437
6461
6467
6469
6487
6487
6500
6511
6521
6521
6521
6521
6531
6534
6534
6542
6545
6556
6556
6570
6571
6580
6585
6593
6593
6606
6604
6611
6612
6618
6619
6624
6624
6611
6603
6611
6603
6642
6642
6642
6653
6662
6668
6672
6668
6680
6680
6687
6687
6691
6695
6695
6699
6699
6703
6703
6709
6714
6714
6714
6718
6714
6714
6714
6724
6724
6733
6737
6741
6746
6746
6752
6760
6759
6760
6759
6766
6773
6777
6787
6786
6787
6799
6799
6803
6804
6813
6830
6835
6841
6844
6832
6834
6832
6864
6867
6864
6867
6875
6880
6880
6888
6891
6898
6886
6898
6886
6896
6888
6896
6896
6937
6941
6944
6951
6948
6947
6959
6965
6979
6983
6991
6990
6990
7004
7003
7015
7002
7015
7029
7039
7042
7055
7058
7058
7061
7063
7076
7081
7081
7097
7097
7113
7113
7113
7122
7139
7139
7143
7144
7143
7148
7144
7143
7161
7174
7177
7177
7182
7182
7189
7189
7189
7189
7189
7199
7203
7209
7220
7227
7228
7232
7232
7237
7240
7237
7240
7248
7269
7269
7277
7278
7281
7278
7277
7277
7287
7277
7303
7320
7320
7320
7323
7334
7334
7334
7349
7346
7355
7366
7372
7379
7383
7386
7394
7405
7407
7405
7421
7426
7428
7436
7436
7436
7444
7436
7445
7436
7462
7461
7462
7461
7467
7461
7473
7476
7479
7482
7497
7514
7521
7528
7533
7533
7535
7539
7533
7546
7552
7558
7567
7570
7570
7584
7594
7592
7593
7606
7609
7612
7619
7623
7619
7624
7636
7661
7660
7666
7664
7687
7693
7698
7701
7703
7706
7704
7704
7706
7721
7724
7724
7724
7744
7748
7753
7753
7759
7764
7764
7772
7772
7790
7799
7812
7813
7823
7823
7794
7829
7794
7794
7823
7841
7870
7870
7871
7879
7890
7894
7894
7900
7912
7912
7915
7912
7923
7923
7932
7935
7935
7941
7921
7953
7953
7953
7965
7969
7972
7975
7975
7983
7983
7992
7999
7998
8008
8015
8023
8023
8022
8038
8048
8048
8054
8061
8063
8068
8075
8072
8079
8091
8096
8096
8108
8108
8125
8125
8132
8134
8146
8148
8152
8159
8159
8163
8168
8172
8168
8168
8176
8199
8199
8205
8205
8211
8214
8217
8217
8221
8230
8248
8276
8276
8283
8282
8282
8297
8300
8305
8316
8318
8318
8320
8318
8318
8324
8318
8320
8318
8346
8346
8346
8353
8356
8355
8362
8362
8366
8370
8374
8375
8374
8381
8389
8393
8395
8393
8395
8403
8412
8411
8408
8416
8418
8425
8425
8431
8438
8440
8440
8451
8452
8451
8456
8473
8473
8478
8478
8495
8495
8495
8502
8502
8504
8504
8518
8534
8535
8543
8546
8546
8548
8553
8565
8562
8562
8575
8578
8591
8594
8594
8598
8598
8601
8608
8607
8607
8607
8607
8634
8646
8645
8655
8655
8663
8655
8667
8655
8672
8672
8672
8687
8683
8692
8695
8691
8695
8691
8695
8692
8708
8716
8713
8722
8713
8719
8734
8732
8741
8759
8763
8773
8781
8781
8787
8787
8787
8787
8787
8787
8797
8799
8799
8816
8816
8821
8821
8826
8830
8834
8838
8838
8842
8852
8861
8868
8868
8874
8883
8890
8893
8902
8911
8909
8916
8918
8916
8935
8927
8916
8953
8953
8953
8965
8969
8965
8977
8977
8989
8992
8992
9002
9005
9009
9008
9009
9008
9016
9017
9016
9002
9002
9002
9054
9055
9055
9073
9074
9078
9072
9078
9072
9084
9072
9084
9092
9100
9099
9099
9109
9108
9099
9108
9133
9134
9133
9148
9151
9155
9147
9175
9175
9175
9188
9190
9195
9190
9202
9203
9202
9209
9209
9220
9223
9242
9247
9258
9266
9265
9266
9277
9277
9299
9304
9309
9318
9318
9326
9332
9332
9332
9332
9338
9346
9345
9346
9355
9364
9364
9368
9381
9386
9388
9389
9393
9407
9419
9421
9426
9432
9432
9450
9452
9454
9474
9478
9483
9483
9489
9489
9500
9500
9507
9507
9511
9514
9519
9522
9529
9535
9536
9544
9548
9546
9552
9547
9546
9560
9559
9571
9571
9571
9571
9579
9583
9590
9599
9599
9604
9614
9614
9631
9641
9641
9649
9668
9680
9685
9692
9685
9692
9692
9715
9726
9726
9726
9732
9736
9732
9736
9749
9733
9765
9770
9770
9777
9775
9777
9773
9794
9811
9809
9827
9827
9827
9835
9827
9842
9845
9847
9843
9857
9865
9870
9870
9892
9901
9900
9901
9900
9899
9913
9919
9917
9925
9928
9928
9928
9931
9944
9945
9944
9951
9957
9956
9964
9964
9976
9982
9981
9986
9986
10005
10008
10013
10024
10027
10027
10037
10042
10037
10042
10055
10064
10067
10078
10087
10090
10090
10098
10099
10098
10105
10105
10109
10119
10119
10119
10126
10136
10146
10146
10149
10158
10169
10169
10173
10183
10183
10208
10208
10214
10214
10214
10218
10227
10230
10232
10244
10245
10245
10245
10255
10270
10274
10280
10291
10291
10291
10291
10291
10298
10303
10322
10335
10340
10338
10338
10338
10338
10353
10358
10358
10362
10366
10362
10362
10372
10379
10379
10385
10398
10411
10413
10413
10418
10420
10423
10435
10440
10447
10451
10459
10462
10463
10462
10477
10496
10499
10499
10507
10512
10512
10517
10523
10528
10527
10528
10523
10546
10549
10562
10562
10570
10576
10574
10583
10583
10590
10589
10590
10597
10609
10600
10623
10629
10631
10649
10649
10656
10663
10663
10671
10676
10678
10693
10697
10697
10704
10692
10717
10720
10709
10696
10727
10747
10755
10770
10781
10790
10793
10796
10799
10801
10799
10801
10801
10801
10808
10799
10839
10846
10863
10893
10896
10895
10893
10896
10893
10914
10917
10914
10917
10931
10941
10952
10948
10948
10948
10948
10977
10984
10996
11013
11012
11012
11025
11030
11038
11041
11041
11051
11055
11057
11055
11063
11081
11093
11092
11093
11092
11093
11093
11093
11113
11120
11135
11135
11139
11142
11151
11155
11157
11158
11155
11169
11164
11173
11158
11158
11179
11173
11169
11173
11209
11209
11209
11228
11226
11233
11235
11235
11235
11235
11245
11248
11248
11252
11259
11288
11288
11292
11293
11299
11309
11316
11321
11327
11327
11331
11339
11342
11344
11342
11327
11362
11365
11365
11375
11375
11392
11392
11401
11401
11409
11414
11415
11426
11433
11435
11437
11435
11433
11446
11447
11437
11456
11437
11467
11474
11474
11478
11484
11483
11489
11494
11494
11494
11494
11503
11505
11503
11505
11516
11516
11516
11522
11516
11529
11516
11539
11539
11545
11548
11551
11552
11561
11561
11561
11568
11577
11586
11585
11595
11596
11601
11607
11614
11614
11624
11626
11638
11641
11657
11657
11657
11656
11676
11681
11683
11683
11692
11696
11700
11700
11718
11730
11738
11737
11738
11749
11766
11793
11794
11794
11813
11828
11842
11842
11846
11854
11854
11851
11890
11890
11890
11895
11895
11895
11902
11915
11920
11920
11936
11939
11936
11950
11936
11938
11936
11960
11970
11970
11976
11976
11984
11995
11998
11998
12004
12005
12005
12011
12020
12025
12025
12025
12032
12043
12050
12057
12062
12062
12074
12078
12078
12085
12092
12096
12094
12100
12094
12111
12118
12128
12127
12141
12146
12153
12153
12153
12162
12169
12169
12172
12176
12181
12182
12187
12192
12212
12215
12220
12229
12238
12241
12271
12282
12311
12314
12320
12317
12324
12317
12324
12317
12335
12344
12347
12349
12349
12356
12373
12380
12383
12383
12383
12390
12390
12396
12396
12396
12401
12401
12409
12409
12409
12416
12422
12421
12421
12428
12428
12443
12461
12462
12462
12473
12480
12480
12483
12481
12478
12481
12496
12497
12497
12513
12513
12516
12519
12530
12535
12535
12544
12543
12554
12557
12553
12557
12565
12576
12575
12576
12576
12586
12589
12622
12622
12622
12628
12628
12637
12640
12640
12648
12653
12653
12656
12664
12669
12679
12679
12685
12682
12687
12687
12687
12710
12715
12710
12715
12727
12735
12749
12754
12765
12764
12765
12780
12783
12784
12783
12799
12807
12806
12807
12806
12807
12814
12807
12806
12823
12829
12827
12843
12848
12869
12867
12867
12878
12883
12891
12900
12900
12908
12915
12922
12929
12938
12943
12954
12957
12962
12966
12966
12966
12970
12978
12975
12978
12975
12978
12986
12990
12996
12996
13000
13003
13003
13003
13003
13009
13011
13015
13023
13033
13033
13033
13038
13040
13044
13053
13049
13049
13049
13063
13069
13068
13070
13077
13090
13102
13101
13102
13101
13109
13109
13114
13109
13126
13133
13143
13143
13143
13143
13149
13149
13157
13172
13179
13176
13210
13208
13210
13217
13221
13216
13229
13227
13228
13254
13254
13260
13265
13274
13280
13298
13298
13310
13310
13313
13322
13326
13329
13331
13333
13340
13345
13345
13345
13345
13361
13372
13372
13372
13372
13379
13378
13391
13402
13402
13413
13417
13420
13417
13427
13417
13427
13417
13445
13448
13454
13454
13461
13461
13468
13472
13478
13480
13477
13484
13488
13480
13493
13493
13503
13507
13506
13512
13519
13522
13522
13522
13522
13532
13533
13546
13546
13554
13554
13556
13556
13561
13554
13568
13568
13568
13589
13589
13592
13609
13609
13609
13609
13618
13627
13618
13643
13643
13656
13652
13652
13665
13675
13674
13686
13686
13703
13706
13704
13702
13692
13736
13737
13742
13745
13754
13754
13754
13758
13771
13772
13772
13787
13790
13790
13772
13807
13814
13814
13814
13823
13832
13832
13836
13841
13841
13841
13860
13863
13866
13872
13880
13882
13885
13889
13889
13898
13897
13911
13914
13914
13916
13923
13922
13923
13922
13923
13923
13933
13936
13943
13943
13947
13964
13969
13969
13983
13989
13993
14002
14015
14016
14016
14016
14022
14039
14046
14050
14046
14050
14046
14058
14041
14066
14084
14086
14084
14083
14092
14094
14094
14083
14107
14118
14118
14118
14122
14132
14132
14138
14141
14146
14146
14165
14161
14170
14173
14170
14173
14184
14187
14194
14203
14203
14215
14219
14222
14218
14222
14235
14241
14244
14247
14256
14259
14262
14267
14271
14271
14282
14282
14294
14300
14308
14319
14319
14319
14322
14319
14331
14319
14344
14344
14350
14353
14350
14351
14364
14369
14375
14373
14382
14387
14387
14398
14395
14395
14410
14410
14414
14418
14416
14413
14414
14440
14440
14440
14454
14459
14466
14469
14472
14475
14476
14483
14490
14502
14506
14531
14534
14539
14539
14539
14539
14554
14553
14553
14553
14563
14577
14575
14585
14583
14585
14600
14600
14609
14609
14614
14625
14632
14646
14649
14651
14664
14666
14683
14688
14691
14693
14701
14704
14704
14704
14711
14711
14711
14729
14733
14733
14738
14737
14745
14745
14751
14761
14760
14761
14761
14776
14782
14782
14788
14796
14800
14805
14804
14803
14822
14825
14838
14850
14853
14857
14856
14857
14856
14857
14856
14857
14866
14872
14881
14892
14907
14913
14914
14914
14914
14928
14928
14928
14933
14938
14941
14943
14943
14943
14963
14943
14963
14986
14993
14994
14999
15016
15021
15028
15045
15051
15059
15065
15051
15072
15073
15080
15082
15090
15090
15090
15090
15096
15098
15096
15102
15104
15104
15111
15111
15118
15118
15128
15143
15143
15143
15150
15147
15147
15147
15147
15179
15185
15185
15184
15184
15200
15200
15200
15211
15218
15228
15235
15236
15235
15236
15246
15257
15257
15262
15268
15275
15276
15284
15288
15291
15291
15298
15302
15305
15307
15313
15318
15322
15321
15321
15336
15336
15355
15351
15351
15365
15372
15377
15382
15385
15388
15388
15394
15398
15407
15407
15407
15413
15418
15421
15432
15436
15450
15451
15460
15460
15476
15494
15494
15503
15503
15507
15515
15514
15522
15525
15518
15525
15518
15522
15524
15524
15564
15564
15586
15594
15609
15611
15590
15617
15618
15621
15617
15628
15636
15649
15649
15649
15654
15654
15654
15664
15697
15713
15716
15721
15728
15728
15733
15737
15739
15733
15735
15749
15752
15759
15759
15759
15762
15779
15793
15799
15809
15808
15822
15822
15836
15836
15844
15851
15864
15861
15860
15869
15868
15858
15883
15885
15887
15908
15912
15907
15912
15919
15924
15919
15924
15940
15945
15946
15951
15963
15966
15969
15969
15976
15975
15976
15975
15976
15987
15989
15998
15998
16003
16011
16010
16025
16025
16029
16029
16049
16052
16052
16052
16052
16052
16062
16052
16067
16062
16081
16081
16084
16081
16081
16079
16093
16095
16104
16079
16111
16104
16091
16081
16130
16131
16137
16150
16154
16172
16175
16184
16193
16193
16219
16224
16234
16233
16234
16242
16258
16273
16279
16279
16289
16291
16296
16295
16295
16308
16319
16322
16328
16322
16333
16342
16345
16345
16365
16367
16367
16374
16384
16401
16401
16412
16416
16415
16412
16423
16420
16441
16454
16454
16463
16463
16483
16490
16490
16490
16503
16512
16517
16517
16524
16524
16535
16538
16546
16538
16553
16560
16567
16569
16573
16574
16581
16582
16588
16588
16588
16602
16600
16602
16601
16608
16601
16614
16618
16622
16625
16624
16622
16622
16641
16660
16665
16668
16669
16676
16676
16678
16687
16678
16690
16690
16699
16699
16709
16717
16721
16724
16731
16733
16748
16748
16757
16757
16757
16764
16771
16772
16777
16780
16789
16789
16789
16789
16797
16797
16805
16805
16809
16808
16805
16818
16821
16836
16836
16844
16853
16853
16859
16863
16878
16879
16877
16886
16884
16893
16898
16899
16907
16907
16913
16917
16926
16925
16936
16954
16954
16954
16962
16966
16962
16974
16975
16974
16981
16996
16988
16962
16969
17007
16968
16964
16964
16964
16964
17022
17025
17056
17061
17059
17061
17069
17069
17069
17076
17076
17083
17086
17103
17100
17102
17102
17117
17117
17117
17117
17127
17132
17143
17143
17143
17143
17151
17153
17149
17159
17160
17159
17160
17151
17175
17179
17181
17187
17186
17196
17207
17207
17207
17211
17227
17233
17239
17239
17243
17246
17246
17274
17283
17286
17282
17289
17303
17303
17313
17332
17336
17342
17353
17351
17365
17372
17372
17390
17388
17380
17380
17410
17413
17412
17381
17419
17423
17430
17447
17447
17452
17464
17464
17472
17476
17484
17486
17490
17499
17499
17505
17505
17519
17540
17544
17546
17544
17552
17552
17568
17568
17572
17574
17571
17577
17574
17574
17574
17595
17600
17600
17600
17600
17612
17612
17618
17619
17619
17629
17629
17629
17629
17629
17642
17649
17649
17653
17668
17674
17673
17679
17681
17685
17689
17679
17695
17704
17748
17744
17768
17775
17778
17781
17786
17791
17786
17795
17802
17811
17817
17828
17838
17838
17846
17846
17865
17865
17878
17875
17884
17892
17912
17927
17932
17932
17936
17939
17940
17940
17945
17945
17950
17955
17957
17969
17974
17974
17974
17974
17984
17985
17989
17989
17989
18007
18007
18007
18007
18025
18038
18047
18049
18052
18047
18074
18073
18074
18086
18093
18097
18098
18097
18116
18109
18128
18127
18128
18127
18108
18139
18127
18143
18164
18143
18165
18176
18178
18121
18121
18127
18184
18127
18195
18210
18217
18217
18229
18236
18255
18255
18259
18259
18267
18278
18278
18282
18285
18307
18307
18312
18316
18324
18329
18338
18335
18343
18345
18336
18358
18357
18358
18358
18367
18372
18369
18384
18386
18392
18390
18390
18401
18401
18405
18405
18410
18410
18414
18428
18428
18442
18464
18464
18487
18493
18492
18509
18508
18515
18508
18524
18524
18524
18524
18524
18540
18538
18540
18547
18550
18552
18561
18546
18568
18574
18574
18574
18593
18593
18603
18607
18607
18617
18616
18616
18616
18630
18637
18642
18657
18667
18671
18673
18680
18686
18693
18700
18703
18710
18710
18710
18719
18719
18723
18732
18736
18736
18736
18736
18752
18758
18763
18763
18767
18772
18770
18770
18784
18788
18788
18794
18788
18794
18808
18817
18806
18828
18830
18836
18839
18836
18817
18851
18849
18853
18813
18862
18830
18806
18870
18829
18883
18886
18879
18882
18883
18883
18902
18903
18902
18903
18903
18903
18903
18903
18917
18928
18939
18939
18945
18945
18945
18954
18954
18954
18965
18984
18990
18994
18990
19000
19009
19010
19009
19009
19010
19019
19019
19030
19040
19044
19051
19059
19063
19063
19069
19076
19083
19083
19089
19089
19089
19102
19107
19116
19116
19116
19116
19116
19125
19132
19137
19141
19161
19166
19171
19180
19183
19183
19183
19197
19197
19194
19197
19210
19193
19232
19247
19250
19250
19259
19259
19276
19281
19289
19290
19298
19307
19314
19320
19323
19324
19328
19324
19336
19337
19340
19349
19352
19352
19355
19363
19370
19370
19382
19381
19390
19390
19390
19390
19400
19399
19399
19413
19415
19427
19429
19447
19440
19440
19452
19458
19466
19469
19440
19476
19488
19505
19504
19514
19523
19522
19523
19534
19535
19549
19562
19575
19587
19587
19594
19597
19600
19600
19610
19615
19618
19629
19631
19635
19635
19651
19676
19676
19690
19695
19697
19697
19710
19710
19718
19722
19724
19722
19721
19735
19742
19745
19762
19765
19765
19773
19776
19783
19787
19785
19795
19785
19785
19809
19811
19809
19830
19832
19836
19836
19831
19839
19831
19873
19878
19878
19875
19890
19890
19890
19903
19905
19902
19902
19902
19903
19920
19920
19924
19924
19924
19933
19935
19939
19933
19960
19945
19975
19980
19980
19990
19990
20008
20005
20005
20005
20016
20022
20029
20036
20048
20051
20054
20048
20054
20079
20083
20095
20095
20097
20104
20107
20107
20107
20118
20121
20121
20128
20130
20128
20146
20146
20146
20152
20151
20152
20152
20157
20170
20170
20182
20194
20202
20204
20204
20213
20213
20217
20217
20223
20229
20237
20242
20244
20256
20258
20261
20281
20251
20244
20247
20247
20251
20251
20302
20305
20312
20320
20326
20328
20334
20337
20337
20337
20348
20348
20357
20357
20357
20357
20357
20357
20368
20373
20380
20382
20395
20417
20422
20425
20422
20445
20452
20460
20463
20460
20466
20468
20468
20478
20466
20482
20490
20497
20497
20511
20516
20523
20525
20529
20532
20532
20539
20543
20555
20550
20555
20563
20566
20574
20574
20585
20585
20585
20592
20596
20595
20601
20606
20608
20608
20608
20628
20628
20633
20632
20638
20638
20647
20645
20660
20670
20678
20680
20684
20693
20693
20706
20706
20715
20721
20729
20740
20761
20770
20775
20775
20801
20810
20810
20810
20810
20818
20818
20836
20840
20863
20869
20863
20878
20882
20885
20885
20889
20902
20907
20910
20908
20910
20908
20917
20919
20928
20937
20938
20944
20955
20956
20969
20972
20972
20967
20988
20995
20998
21021
21033
21032
21067
21071
21068
21068
21064
21064
21084
21093
21122
21122
21122
21147
21149
21161
21161
21161
21161
21170
21160
21159
21186
21188
21196
21195
21209
21188
21209
21188
21222
21229
21234
21236
21239
21236
21239
21239
21239
21239
21252
21255
21260
21263
21263
21263
21270
21273
21276
21281
21290
21305
21304
21305
21303
21319
21328
21328
21333
21340
21349
21348
21348
21348
21362
21369
21369
21377
21388
21388
21394
21402
21407
21412
21401
21432
21442
21447
21447
21460
21466
21468
21476
21479
21485
21484
21491
21509
21514
21530
21529
21546
21555
21558
21558
21558
21558
21565
21571
21585
21583
21590
21606
21602
21604
21615
21619
21628
21627
21623
21628
21637
21637
21651
21668
21679
21684
21689
21698
21698
21730
21732
21732
21741
21743
21743
21743
21750
21743
21750
21750
21756
21758
21765
21778
21784
21787
21793
21793
21796
21793
21809
21809
21817
21823
21823
21826
21826
21826
21835
21835
21835
21840
21840
21851
21861
21870
21877
21880
21881
21881
21881
21881
21889
21893
21904
21903
21904
21903
21914
21904
21914
21920
21913
21923
21914
21923
21920
21948
21963
21984
21984
21988
21986
21986
21998
21998
22009
22009
22017
22034
22039
22042
22042
22042
22053
22058
22058
22058
22061
22064
22061
22061
22074
22083
22098
22097
22098
22109
22115
22114
22123
22123
22126
22127
22136
22135
22136
22144
22144
22158
22167
22168
22173
22173
22173
22188
22193
22193
22195
22195
22203
22205
22203
22203
22231
22238
22241
22246
22251
22258
22263
22263
22268
22275
22300
22320
22322
22320
22329
22348
22354
22350
22354
22350
22351
22350
22369
22377
22377
22390
22393
22395
22402
22402
22407
22426
22437
22441
22443
22437
22443
22443
22437
22460
22466
22478
22484
22484
22483
22496
22505
22508
22511
22514
22517
22522
22540
22544
22547
22552
22552
22562
22570
22573
22576
22573
22590
22590
22597
22628
22636
22636
22643
22655
22661
22666
22666
22666
22666
22676
22683
22689
22693
22695
22701
22701
22711
22711
22726
22722
22720
22717
22736
22717
22731
22752
22751
22731
22763
22766
22720
22766
22720
22763
22720
22781
22787
22790
22799
22797
22805
22807
22807
22805
22810
22805
22805
22810
22823
22826
22810
22829
22823
22829
22810
22829
22845
22855
22869
22869
22873
22875
22875
22877
22885
22885
22895
22906
22909
22912
22912
22914
22924
22924
22930
22931
22930
22952
22953
22962
22965
22969
22969
22969
22975
22979
22980
22990
22995
23004
23004
23004
23013
23013
23013
23018
23018
23018
23032
23038
23041
23044
23039
23062
23061
23064
23074
23074
23078
23082
23085
23093
23092
23092
23107
23104
23115
23121
23121
23126
23130
23129
23130
23137
23140
23147
23147
23160
23186
23194
23208
23203
23213
23213
23213
23228
23235
23235
23237
23234
23245
23245
23245
23252
23254
23259
23258
23259
23257
23264
23254
23297
23301
23301
23309
23322
23324
23328
23328
23332
23331
23331
23340
23362
23362
23368
23377
23382
23385
23384
23385
23392
23401
23407
23405
23407
23419
23426
23433
23436
23446
23436
23444
23474
23481
23481
23489
23491
23489
23489
23509
23511
23509
23523
23524
23530
23545
23548
23553
23560
23566
23569
23576
23575
23583
23583
23593
23608
23615
23636
23645
23649
23655
23658
23661
23666
23666
23674
23679
23686
23691
23698
23692
23698
23703
23715
23714
23724
23729
23721
23721
23720
23721
23744
23744
23748
23753
23753
23755
23760
23762
23762
23767
23770
23770
23776
23776
23792
23792
23792
23792
23792
23799
23818
23818
23842
23843
23855
23863
23868
23868
23870
23868
23874
23884
23870
23870
23874
23894
23898
23874
23910
23926
23910
23926
23935
23935
23940
23949
23956
23956
23961
23961
23960
23973
23980
23980
23980
23985
23990
23992
24012
24031
24031
24039
24047
24050
24053
24045
24065
24048
24062
24048
24048
24050
24061
24061
24061
24093
24104
24105
24118
24118
24123
24123
24130
24137
24150
24157
24164
24171
24171
24177
24177
24188
24188
24208
24207
24214
24214
24214
24214
24241
24252
24252
24254
24254
24254
24254
24262
24265
24262
24265
24262
24265
24278
24276
24278
24276
24290
24290
24290
24290
24303
24305
24314
24315
24317
24323
24331
24337
24341
24344
24354
24361
24371
24375
24375
24397
24408
24413
24422
24422
24422
24431
24448
24451
24451
24455
24455
24477
24477
24477
24490
24501
24514
24517
24530
24530
24546
24553
24560
24569
24578
24585
24594
24594
24594
24599
24608
24608
24613
24621
24621
24621
24621
24621
24637
24637
24646
24651
24652
24652
24652
24652
24664
24666
24671
24674
24682
24687
24696
24707
24715
24714
24717
24724
24740
24743
24740
24751
24760
24760
24760
24767
24769
24767
24778
24768
24778
24787
24786
24795
24801
24786
24817
24823
24828
24828
24832
24851
24850
24859
24859
24859
24859
24876
24875
24875
24884
24887
24888
24887
24888
24899
24900
24900
24913
24923
24920
24931
24942
24945
24946
24956
24956
24959
24956
24973
24973
24979
24988
24989
24994
24998
24998
24998
25018
25018
25018
25031
25031
25035
25039
25044
25044
25049
25054
25061
25061
25071
25071
25071
25071
25093
25097
25097
25108
25115
25118
25123
25128
25128
25132
25143
25149
25152
25166
25173
25174
25178
25188
25191
25191
25191
25199
25226
25233
25254
25253
25282
25286
25293
25293
25297
25307
25311
25314
25319
25319
25325
25335
25335
25346
25353
25358
25356
25364
25391
25398
25398
25407
25413
25414
25422
25432
25431
25441
25447
25470
25470
25473
25470
25480
25480
25485
25486
25485
25485
25485
25493
25493
25493
25510
25514
25529
25521
25542
25547
25554
25558
25562
25562
25566
25573
25579
25593
25598
25607
25610
25610
25610
25615
25617
25626
25619
25637
25641
25641
25648
25663
25666
25695
25704
25704
25706
25709
25706
25709
25722
25722
25727
25735
25735
25735
25743
25743
25760
25760
25760
25760
25760
25785
25790
25791
25790
25809
25812
25821
25822
25822
25822
25822
25832
25822
25842
25845
25851
25850
25851
25855
25855
25867
25870
25877
25889
25900
25900
25899
25899
25919
25920
25919
25920
25930
25924
25940
25939
25945
25945
25943
25961
25965
25965
25973
25970
25979
25979
25979
25990
25991
26000
26000
26011
26008
26015
26026
26015
26026
26030
26026
26015
26008
26026
26053
26053
26059
26064
26069
26076
26082
26085
26087
26094
26099
26104
26111
26123
26117
26118
26118
26118
26133
26132
26143
26143
26149
26158
26167
26167
26177
26182
26182
26186
26195
26206
26206
26206
26206
26206
26217
26222
26222
26223
26223
26223
26238
26244
26244
26244
26249
26252
26280
26280
26289
26306
26306
26314
26314
26320
26321
26332
26343
26348
26349
26354
26354
26356
26354
26361
26356
26365
26372
26371
26377
26383
26382
26382
26380
26403
26403
26416
26416
26422
26416
26436
26447
26447
26431
26451
26458
26443
26462
26465
26477
26477
26483
26492
26495
26495
26507
26522
26522
26522
26531
26544
26546
26546
26551
26564
26570
26575
26583
26583
26583
26592
26607
26612
26615
26622
26631
26637
26636
26642
26645
26645
26651
26656
26661
26671
26671
26678
26678
26682
26690
26688
26688
26701
26702
26715
26711
26718
26715
26732
26727
26773
26774
26772
26777
26789
26798
26797
26798
26798
26807
26807
26809
26807
26807
26817
26807
26807
26822
26827
26827
26827
26841
26844
26847
26862
26869
26869
26869
26869
26869
26869
26869
26882
26886
26888
26886
26888
26895
26869
26900
26895
26905
26895
26882
26916
26919
26924
26924
26927
26924
26924
26924
26932
26935
26941
26953
26953
26971
26971
26981
26986
26986
26991
26999
26997
26998
27020
27022
27026
27028
27038
27057
27065
27065
27065
27065
27082
27082
27089
27089
27102
27102
27106
27106
27106
27109
27120
27123
27128
27134
27128
27128
27128
27147
27128
27163
27163
27169
27169
27177
27182
27182
27188
27185
27185
27197
27211
27211
27218
27232
27240
27241
27250
27253
27258
27262
27268
27271
27277
27285
27291
27290
27307
27307
27307
27323
27328
27343
27348
27352
27362
27366
27362
27366
27391
27401
27403
27408
27407
27415
27419
27433
27434
27448
27445
27463
27470
27479
27479
27485
27491
27493
27491
27493
27500
27523
27536
27551
27551
27551
27558
27562
27558
27566
27558
27566
27578
27578
27578
27578
27590
27592
27592
27597
27598
27599
27599
27610
27616
27619
27619
27627
27627
27630
27646
27655
27667
27671
27676
27680
27680
27680
27680
27686
27698
27745
27745
27753
27756
27767
27772
27772
27772
27772
27778
27787
27787
27797
27798
27805
27805
27798
27814
27826
27828
27850
27849
27850
27849
27850
27857
27850
27864
27873
27873
27880
27879
27879
27888
27890
27898
27899
27912
27915
27918
27915
27923
27932
27931
27937
27940
27949
27949
27979
27979
27979
27982
27979
28004
28009
28015
28019
28022
28026
28041
28040
28050
28050
28050
28062
28061
28070
28078
28078
28082
28082
28082
28082
28100
28129
28132
28132
28150
28150
28156
28159
28164
28168
28168
28168
28173
28176
28173
28168
28191
28190
28202
28201
28210
28210
28219
28231
28241
28251
28253
28251
28251
28261
28277
28281
28281
28285
28288
28291
28291
28285
28305
28304
28318
28326
28339
28355
28364
28365
28370
28373
28376
28388
28387
28387
28396
28401
28406
28415
28416
28416
28416
28424
28432
28433
28444
28445
28448
28449
28460
28488
28491
28491
28491
28508
28517
28524
28522
28531
28534
28538
28537
28542
28531
28531
28547
28524
28537
28562
28565
28522
28564
28562
28561
28578
28580
28587
28587
28590
28587
28606
28610
28613
28613
28636
28639
28641
28640
28658
28658
28651
28651
28665
28674
28683
28689
28695
28694
28709
28709
28713
28713
28717
28722
28722
28722
28737
28744
28753
28756
28777
28778
28805
28805
28805
28805
28814
28822
28825
28830
28830
28830
28837
28844
28848
28847
28847
28854
28854
28862
28865
28870
28870
28875
28880
28885
28895
28895
28903
28910
28910
28913
28917
28914
28927
28927
28933
28933
28939
28959
28959
28968
28968
28985
28995
28995
29002
29009
29013
29016
29019
29026
29028
29030
29037
29044
29046
29051
29061
29062
29061
29061
29071
29080
29080
29080
29090
29085
29096
29096
29109
29114
29131
29140
29141
29147
29153
29156
29171
29174
29174
29174
29179
29184
29193
29193
29197
29203
29200
29210
29209
29218
29210
29219
29214
29230
29235
29248
29248
29252
29258
29261
29263
29258
29267
29258
29279
29286
29298
29298
29303
29298
29298
29326
29330
29329
29328
29329
29328
29329
29329
29338
29329
29358
29371
29376
29387
29392
29397
29402
29409
29423
29423
29423
29423
29423
29435
29451
29453
29450
29451
29451
29461
29473
29476
29486
29486
29496
29501
29506
29507
29511
29511
29511
29521
29530
29530
29536
29547
29560
29560
29571
29571
29579
29576
29586
29595
29593
29594
29617
29635
29635
29640
29639
29648
29649
29639
29647
29686
29704
29704
29704
29718
29728
29739
29739
29739
29757
29761
29771
29771
29771
29777
29780
29787
29790
29790
29798
29801
29795
29806
29805
29795
29813
29825
29829
29827
29842
29842
29859
29858
29859
29858
29858
29867
29870
29877
29887
29892
29890
29899
29902
29902
29902
29902
29902
29902
29912
29915
29915
29919
29921
29921
29929
29945
29944
29957
29968
29971
29970
29977
29971
29971
29971
29997
29997
30005
30008
30011
30011
30016
30018
30016
30027
30030
30037
30038
30044
30036
30038
30048
30036
30054
30065
30069
30078
30088
30093
30090
30102
30104
30115
30125
30130
30133
30133
30145
30151
30154
30151
30159
30165
30165
30170
30162
30163
30184
30188
30188
30188
30188
30188
30188
30208
30219
30219
30227
30227
30227
30242
30247
30247
30247
30255
30259
30281
30289
30289
30289
30298
30301
30309
30308
30331
30334
30337
30346
30346
30346
30368
30371
30373
30377
30384
30389
30394
30397
30397
30401
30405
30406
30446
30447
30453
30454
30462
30466
30466
30474
30482
30485
30485
30485
30498
30498
30507
30514
30513
30527
30533
30527
30539
30545
30548
30551
30551
30573
30584
30589
30598
30598
30608
30608
30611
30611
30617
30616
30619
30635
30644
30649
30649
30649
30669
30669
30686
30703
30708
30720
30725
30721
30731
30721
30740
30751
30746
30757
30763
30746
30746
30773
30773
30775
30775
30775
30775
30793
30796
30797
30800
30806
30810
30815
30820
30822
30836
30836
30840
30840
30843
30843
30853
30863
30866
30881
30887
30891
30889
30904
30910
30912
30910
30912
30912
30912
30928
30928
30933
30937
30942
30942
30947
30949
30950
30950
30961
30967
30971
30961
30974
30971
30942
30942
30987
30988
30986
30993
30986
30993
30993
31000
30993
31011
31024
31031
31032
31031
31038
31036
31031
31043
31047
31032
31047
31042
31059
31069
31074
31081
31086
31093
31093
31101
31101
31101
31101
31101
31101
31101
31120
31123
31123
31129
31129
31129
31137
31140
31142
31140
31137
31161
31161
31167
31169
31169
31169
31177
31181
31184
31190
31195
31202
31223
31240
31230
31233
31233
31254
31254
31264
31264
31282
31282
31282
31318
31331
31335
31335
31357
31357
31363
31378
31385
31392
31396
31396
31408
31412
31416
31415
31423
31424
31427
31444
31446
31444
31449
31462
31475
31478
31481
31478
31487
31487
31491
31493
31501
31504
31519
31520
31523
31525
31534
31540
31543
31552
31552
31556
31562
31572
31577
31580
31589
31596
31599
31599
31617
31631
31637
31642
31659
31662
31665
31662
31665
31665
31673
31673
31681
31688
31695
31722
31726
31724
31726
31732
31726
31738
31724
31749
31754
31756
31757
31735
31771
31792
31795
31797
31797
31830
31834
31830
31837
31850
31857
31859
31859
31859
31866
31866
31871
31871
31878
31891
31907
31910
31910
31924
31938
31946
31949
31946
31952
31953
31960
31961
31963
31980
31963
31986
31992
31992
32015
32028
32035
32037
32037
32041
32053
32054
32065
32065
32069
32088
32092
32092
32104
32104
32109
32110
32109
32109
32110
32109
32110
32110
32110
32138
32146
32150
32153
32155
32158
32160
32168
32160
32171
32178
32186
32191
32188
32197
32200
32188
32186
32212
32219
32222
32225
32228
32229
32235
32235
32244
32267
32267
32279
32284
32287
32302
32315
32332
32338
32340
32337
32340
32337
32337
32337
32364
32368
32368
32368
32368
32381
32382
32382
32382
32394
32410
32410
32414
32416
32416
32416
32423
32430
32429
32437
32443
32443
32460
32468
32471
32470
32479
32482
32482
32466
32484
32494
32504
32504
32516
32516
32532
32532
32535
32533
32558
32569
32574
32578
32584
32584
32589
32603
32607
32607
32611
32607
32616
32607
32616
32637
32637
32641
32650
32653
32656
32659
32663
32673
32673
32677
32678
32677
32704
32704
32708
32719
32727
32736
32732
32736
32732
32736
32732
32745
32732
32732
32732
32753
32760
32769
32769
32769
32769
32769
32778
32787
32793
32793
32793
32800
32793
32809
32809
32814
32809
32809
32824
32814
32814
32830
32814
32830
32834
32834
32852
32861
32864
32873
32872
32897
32913
32915
32913
32912
32925
32919
32928
32935
32925
32935
32925
32957
32961
32960
32968
32972
32968
32976
32975
32976
32969
32972
32969
32999
33002
33002
33002
33009
33009
33009
33013
33027
33027
33027
33034
33033
33033
33033
33040
33046
33046
33059
33068
33068
33071
33085
33077
33085
33094
33096
33096
33115
33118
33118
33124
33124
33144
33144
33144
33155
33161
33171
33170
33174
33168
33179
33169
33171
33198
33198
33202
33202
33206
33215
33222
33222
33236
33239
33255
33261
33261
33261
33275
33275
33275
33275
33290
33290
33304
33312
33328
33334
33333
33344
33344
33355
33362
33369
33362
33369
33375
33375
33390
33399
33399
33407
33399
33429
33432
33436
33439
33444
33450
33461
33461
33464
33477
33491
33492
33491
33505
33517
33517
33515
33524
33523
33540
33547
33541
33542
33547
33542
33547
33543
33582
33595
33595
33597
33606
33613
33615
33613
33613
33625
33630
33633
33631
33622
33633
33622
33630
33625
33615
33615
33663
33663
33672
33672
33687
33693
33696
33706
33716
33721
33726
33728
33731
33738
33742
33748
33758
33762
33761
33761
33771
33768
33781
33781
33787
33776
33772
33802
33799
33801
33826
33831
33840
33840
33843
33840
33852
33855
33855
33864
33870
33881
33886
33886
33900
33903
33906
33921
33927
33928
33922
33935
33952
33959
33964
33966
33974
33977
33980
33980
33992
34017
34022
34025
34029
34065
34071
34069
34087
34091
34091
34093
34093
34098
34093
34098
34093
34098
34093
34114
34097
34114
34119
34131
34152
34154
34154
34164
34164
34177
34182
34187
34198
34198
34210
34216
34213
34213
34213
34213
34226
34229
34229
34233
34244
34249
34253
34253
34262
34273
34275
34272
34279
34286
34296
34303
34320
34328
34327
34336
34354
34357
34357
34361
34364
34366
34366
34375
34382
34383
34382
34383
34392
34396
34399
34405
34418
34421
34426
34429
34431
34437
34437
34441
34439
34457
34479
34491
34491
34504
34513
34521
34524
34522
34546
34561
34566
34566
34566
34566
34579
34579
34593
34603
34608
34616
34614
34608
34614
34634
34634
34634
34644
34647
34647
34659
34659
34663
34663
34666
34674
34674
34682
34689
34694
34703
34714
34724
34723
34726
34724
34734
34742
34747
34754
34763
34766
34766
34768
34774
34778
34778
34787
34787
34805
34806
34812
34821
34834
34841
34845
34841
34845
34855
34858
34865
34865
34877
34877
34877
34894
34901
34912
34927
34936
34939
34942
34940
34942
34940
34942
34940
34958
34967
34974
34977
34976
34977
34976
34997
34997
34997
35009
35008
35009
35009
35009
35020
35028
35039
35042
35053
35062
35069
35069
35069
35069
35081
35081
35081
35088
35088
35097
35098
35097
35088
35098
35088
35110
35116
35121
35135
35136
35135
35152
35152
35156
35155
35163
35162
35172
35178
35178
35193
35197
35200
35206
35209
35220
35240
35241
35239
35241
35239
35239
35248
35266
35269
35279
35283
35290
35290
35290
35290
35290
35305
35310
35308
35318
35326
35326
35342
35362
35362
35366
35365
35377
35374
35381
35387
35396
35401
35406
35406
35406
35411
35425
35428
35431
35428
35448
35460
35459
35471
35486
35486
35486
35489
35494
35494
35508
35508
35529
35533
35534
35539
35528
35528
35553
35543
35542
35561
35578
35591
35596
35603
35607
35607
35612
35619
35622
35627
35630
35630
35630
35630
35638
35647
35658
35661
35665
35668
35665
35665
35665
35668
35679
35679
35684
35684
35695
35695
35708
35721
35728
35740
35745
35744
35755
35755
35759
35775
35775
35781
35784
35795
35800
35813
35813
35823
35823
35826
35827
35837
35842
35851
35860
35885
35889
35901
35897
35911
35918
35921
35921
35942
35939
35940
35950
35954
35954
35950
35963
35961
35963
35971
35976
35976
35976
35985
35985
35988
35985
35985
35985
35991
35995
35995
35995
36003
36020
36020
36022
36020
36026
36043
36043
36050
36053
36050
36049
36069
36069
36072
36077
36079
36069
36091
36096
36104
36113
36130
36134
36136
36136
36139
36145
36146
36146
36146
36154
36154
36165
36162
36165
36179
36179
36187
36189
36187
36189
36193
36193
36211
36211
36211
36228
36231
36237
36236
36250
36249
36250
36265
36265
36266
36274
36287
36308
36315
36321
36321
36321
36326
36342
36345
36352
36351
36352
36375
36390
36384
36389
36401
36422
36422
36422
36422
36422
36422
36438
36438
36446
36446
36454
36454
36458
36458
36461
36461
36466
36473
36473
36479
36484
36491
36484
36485
36485
36525
36529
36536
36534
36533
36526
36533
36548
36525
36546
36525
36524
36571
36571
36575
36577
36582
36574
36587
36581
36581
36604
36609
36615
36615
36625
36625
36634
36633
36650
36655
36655
36662
36655
36669
36676
36675
36675
36675
36683
36685
36692
36701
36701
36709
36712
36715
36738
36746
36746
36758
36757
36758
36765
36763
36774
36781
36781
36781
36781
36781
36794
36799
36815
36817
36821
36827
36830
36833
36842
36847
36849
36858
36862
36870
36872
36872
36881
36891
36894
36900
36899
36905
36912
36919
36927
36927
36931
36943
36943
36952
36958
36967
36968
36984
36987
36990
36998
37001
37014
37037
37040
37040
37037
37040
37037
37051
37051
37057
37059
37055
37055
37055
37070
37074
37076
37074
37090
37090
37095
37096
37101
37100
37100
37095
37100
37095
37122
37121
37134
37134
37137
37157
37157
37163
37168
37171
37180
37186
37187
37187
37198
37205
37205
37209
37209
37209
37224
37227
37232
37232
37238
37241
37248
37248
37248
37254
37255
37254
37262
37262
37270
37270
37286
37286
37286
37286
37292
37295
37302
37315
37320
37320
37324
37320
37323
37334
37338
37341
37341
37349
37349
37355
37367
37371
37382
37393
37408
37417
37420
37420
37432
37448
37448
37448
37454
37460
37460
37467
37467
37473
37473
37476
37473
37476
37484
37495
37503
37505
37503
37509
37505
37502
37531
37534
37536
37538
37536
37534
37534
37554
37560
37567
37570
37577
37579
37589
37609
37633
37636
37641
37658
37663
37667
37666
37667
37673
37675
37675
37682
37690
37689
37695
37704
37704
37717
37716
37717
37716
37717
37716
37723
37717
37730
37733
37717
37737
37733
37747
37750
37753
37758
37763
37772
37777
37784
37784
37787
37787
37793
37792
37799
37792
37818
37818
37830
37833
37837
37847
37850
37851
37850
37863
37866
37871
37871
37877
37877
37884
37884
37881
37894
37894
37894
37905
37905
37916
37930
37932
37940
37949
37949
37955
37958
37955
37958
37963
37985
37987
37984
37984
37984
38003
38002
38009
38007
38009
38012
38014
38009
38014
38009
38027
38029
38033
38037
38052
38053
38053
38039
38093
38098
38098
38098
38105
38112
38121
38136
38136
38136
38141
38146
38149
38152
38156
38156
38175
38175
38193
38191
38203
38205
38229
38232
38240
38242
38250
38254
38263
38273
38279
38276
38276
38262
38289
38277
38273
38277
38277
38277
38277
38277
38277
38322
38324
38330
38332
38332
38332
38342
38344
38342
38353
38354
38361
38366
38362
38373
38377
38385
38388
38384
38362
38399
38394
38370
38394
38394
38429
38429
38445
38448
38457
38457
38457
38457
38463
38463
38463
38463
38463
38472
38484
38490
38495
38504
38521
38521
38525
38538
38538
38546
38571
38571
38571
38576
38582
38600
38600
38606
38606
38606
38611
38615
38615
38622
38615
38629
38628
38632
38637
38627
38627
38643
38627
38643
38642
38652
38654
38654
38660
38654
38669
38669
38673
38699
38711
38714
38712
38720
38721
38720
38721
38720
38721
38720
38721
38740
38745
38752
38757
38759
38758
38757
38791
38791
38791
38800
38809
38822
38832
38835
38832
38832
38853
38861
38861
38867
38878
38884
38889
38895
38897
38906
38924
38926
38923
38929
38943
38943
38943
38943
38943
38952
38955
38959
38962
38968
38972
38988
38997
39000
39004
39004
39004
39020
39035
39035
39046
39052
39052
39054
39054
39060
39074
39073
39087
39096
39101
39107
39115
39113
39111
39114
39127
39131
39107
39130
39138
39137
39107
39144
39107
39151
39155
39162
39155
39165
39151
39136
39179
39179
39187
39190
39195
39195
39203
39208
39227
39240
39242
39242
39249
39252
39259
39260
39260
39267
39274
39277
39283
39283
39283
39283
39283
39283
39291
39293
39313
39318
39321
39340
39353
39355
39353
39355
39363
39368
39373
39374
39374
39374
39374
39382
39389
39398
39405
39412
39417
39424
39423
39424
39423
39424
39421
39419
39421
39419
39440
39447
39421
39453
39454
39453
39467
39473
39470
39479
39478
39483
39483
39498
39498
39500
39511
39516
39531
39531
39535
39544
39553
39555
39555
39562
39571
39581
39589
39592
39595
39595
39606
39606
39610
39606
39610
39610
39610
39610
39623
39623
39632
39634
39629
39629
39629
39652
39654
39695
39700
39703
39700
39740
39740
39765
39767
39770
39780
39783
39780
39789
39783
39789
39785
39814
39814
39824
39831
39831
39843
39858
39858
39862
39867
39875
39879
39879
39879
39898
39899
39898
39903
39899
39903
39903
39917
39924
39927
39932
39937
39937
39943
39943
39957
39958
39961
39966
39966
39972
39958
39957
39966
39966
39979
39966
39987
39965
39965
39997
39961
39997
40001
39965
40009
40022
40023
40028
40053
40061
40062
40065
40070
40065
40070
40079
40047
40083
40091
40104
40111
40122
40122
40129
40129
40126
40136
40139
40147
40156
40156
40160
40163
40174
40182
40169
40182
40162
40190
40189
40162
40189
40162
40162
40188
40201
40188
40201
40223
40228
40237
40243
40253
40270
40275
40270
40272
40273
40286
40273
40273
40291
40291
40310
40313
40313
40317
40319
40317
40328
40333
40336
40339
40356
40356
40372
40375
40375
40379
40398
40398
40402
40405
40415
40415
40419
40425
40432
40432
40434
40434
40454
40452
40468
40471
40482
40486
40486
40491
40496
40496
40496
40511
40526
40526
40532
40539
40542
40554
40553
40554
40565
40564
40572
40571
40576
40571
40576
40583
40584
40604
40608
40635
40640
40640
40643
40648
40650
40659
40665
40673
40684
40689
40692
40692
40699
40703
40710
40710
40720
40725
40725
40733
40742
40742
40747
40748
40747
40755
40757
40755
40768
40782
40783
40795
40795
40801
40801
40815
40828
40845
40866
40881
40881
40891
40908
40908
40908
40908
40922
40931
40941
40951
40960
40965
40982
40975
40990
40998
40997
41000
40998
41011
41011
41011
41018
41023
41023
41032
41033
41030
41030
41043
41044
41044
41056
41065
41081
41082
41081
41088
41088
41099
41103
41105
41103
41103
41123
41129
41124
41138
41136
41143
41148
41148
41152
41172
41175
41187
41186
41187
41191
41196
41194
41199
41208
41212
41186
41212
41185
41212
41185
41171
41199
41237
41237
41253
41253
41257
41259
41281
41286
41286
41294
41301
41301
41316
41323
41325
41323
41329
41315
41344
41343
41355
41355
41371
41379
41382
41378
41378
41401
41403
41403
41412
41412
41421
41428
41433
41436
41447
41447
41447
41456
41456
41456
41473
41486
41488
41485
41491
41488
41486
41498
41486
41485
41484
41484
41509
41509
41521
41528
41526
41526
41539
41557
41569
41566
41577
41566
41588
41585
41586
41585
41586
41585
41585
41585
41609
41609
41622
41626
41626
41632
41632
41634
41638
41646
41644
41656
41644
41644
41644
41644
41644
41666
41673
41677
41686
41700
41706
41720
41725
41732
41757
41758
41758
41766
41773
41773
41781
41786
41789
41792
41797
41797
41801
41816
41814
41819
41822
41819
41822
41819
41830
41831
41830
41831
41830
41838
41838
41845
41853
41858
41856
41858
41856
41864
41870
41858
41858
41887
41889
41890
41896
41901
41901
41905
41919
41922
41929
41929
41929
41958
41967
41967
41977
41978
41977
41981
41977
41986
41993
41996
42004
42012
42013
42026
42027
42027
42031
42031
42036
42036
42049
42051
42051
42051
42051
42090
42095
42100
42100
42104
42108
42108
42117
42138
42143
42144
42153
42153
42165
42172
42177
42182
42185
42185
42201
42205
42205
42208
42212
42213
42213
42213
42220
42224
42224
42243
42248
42252
42252
42261
42261
42266
42266
42273
42272
42281
42291
42291
42309
42306
42309
42319
42309
42309
42339
42339
42349
42352
42354
42354
42385
42385
42390
42411
42415
42418
42425
42425
42440
42427
42449
42448
42456
42458
42455
42467
42474
42456
42489
42493
42492
42500
42502
42505
42508
42505
42508
42505
42502
42522
42524
42534
42539
42554
42557
42557
42561
42557
42569
42579
42576
42578
42592
42596
42599
42604
42611
42615
42614
42620
42623
42624
42623
42624
42637
42643
42649
42660
42660
42672
42683
42683
42683
42683
42691
42700
42700
42708
42716
42726
42729
42743
42747
42741
42741
42757
42740
42740
42770
42776
42779
42779
42779
42785
42787
42791
42793
42793
42805
42805
42811
42807
42808
42821
42823
42830
42837
42844
42849
42860
42861
42870
42873
42873
42879
42882
42881
42892
42887
42908
42909
42906
42917
42925
42882
42925
42931
42915
42931
42892
42931
42892
42892
42952
42954
42952
42961
42961
42965
42968
42973
42980
42990
42996
43005
43012
43019
43019
43019
43034
43043
43043
43070
43092
43092
43096
43098
43096
43098
43098
43098
43098
43111
43120
43123
43136
43136
43162
43162
43172
43172
43176
43179
43184
43184
43187
43187
43192
43198
43206
43210
43216
43224
43224
43226
43224
43226
43241
43245
43239
43249
43239
43255
43255
43264
43261
43255
43268
43263
43286
43292
43309
43327
43327
43331
43331
43345
43345
43351
43367
43380
43395
43394
43400
43400
43404
43420
43429
43429
43429
43443
43443
43448
43443
43442
43476
43476
43480
43480
43492
43492
43492
43499
43506
43511
43514
43514
43522
43527
43527
43540
43537
43547
43539
43549
43547
43566
43535
43567
43574
43574
43574
43574
43574
43595
43574
43605
43610
43618
43619
43623
43628
43645
43656
43656
43656
43656
43676
43678
43676
43686
43691
43691
43704
43707
43714
43714
43718
43723
43727
43727
43742
43756
43756
43765
43765
43765
43765
43765
43765
43777
43782
43782
43792
43799
43808
43807
43806
43817
43821
43823
43820
43833
43838
43849
43853
43853
43868
43884
43884
43905
43909
43908
43915
43920
43920
43923
43926
43926
43934
43937
43940
43952
43951
43964
43959
43962
43976
43979
43984
43989
43989
43993
44002
44013
44014
44021
44032
44035
44034
44038
44034
44057
44060
44063
44063
44069
44069
44085
44085
44107
44112
44112
44122
44122
44122
44122
44134
44137
44137
44139
44147
44152
44166
44166
44173
44187
44194
44199
44202
44215
44237
44236
44237
44244
44244
44265
44265
44273
44275
44283
44290
44295
44298
44301
44303
44306
44306
44314
44315
44319
44314
44319
44319
44315
44319
44319
44315
44319
44315
44315
44344
44349
44349
44360
44359
44362
44373
44376
44376
44382
44394
44406
44414
44423
44434
44434
44436
44441
44444
44451
44454
44463
44466
44466
44471
44490
44491
44498
44498
44507
44509
44507
44513
44539
44531
44522
44544
44531
44558
44558
44569
44568
44568
44575
44590
44591
44600
44604
44612
44615
44620
44620
44620
44631
44631
44635
44637
44640
44636
44636
44636
44647
44636
44647
44654
44663
44666
44673
44673
44688
44700
44700
44703
44706
44716
44717
44725
44735
44745
44752
44763
44763
44764
44763
44777
44764
44776
44789
44789
44793
44798
44803
44803
44811
44812
44811
44812
44821
44837
44841
44849
44849
44847
44846
44860
44862
44866
44855
44866
44846
44878
44884
44888
44891
44898
44899
44897
44906
44910
44910
44927
44924
44952
44951
44958
44965
44967
44971
44980
44990
44995
44995
44998
45012
45021
45031
45030
45031
45050
45050
45056
45055
45062
45078
45078
45082
45092
45099
45101
45103
45101
45099
45101
45110
45101
45110
45120
45132
45127
45132
45142
45142
45146
45159
45164
45164
45171
45188
45197
45199
45204
45197
45204
45197
45183
45212
45182
45218
45224
45218
45224
45218
45224
45224
45230
45224
45218
45217
45217
45264
45217
45266
45264
45275
45280
45264
45287
45263
45288
45297
45297
45297
45297
45313
45320
45325
45324
45328
45324
45328
45324
45328
45336
45328
45343
45351
45356
45358
45361
45371
45378
45384
45385
45378
45394
45379
45378
45404
45410
45410
45416
45416
45427
45423
45423
45441
45441
45451
45456
45456
45456
45461
45461
45467
45481
45482
45481
45493
45480
45499
45509
45523
45530
45535
45538
45544
45543
45543
45549
45543
45543
45569
45574
45576
45579
45579
45592
45593
45593
45593
45606
45606
45610
45610
45617
45617
45637
45640
45636
45645
45645
45645
45660
45667
45672
45670
45678
45677
45677
45675
45677
45677
45677
45693
45693
45693
45700
45705
45705
45711
45715
45708
45715
45708
45705
45708
45735
45739
45739
45747
45758
45758
45758
45768
45773
45779
45779
45789
45792
45792
45793
45805
45805
45811
45818
45829
45829
45829
45832
45837
45837
45843
45843
45847
45849
45847
45866
45867
45878
45877
45867
45889
45887
45889
45900
45905
45910
45913
45911
45933
45939
45945
45945
45945
45962
45965
45965
45977
45980
45991
45993
45988
45993
45991
46011
46019
46030
46039
46039
46039
46048
46050
46062
46062
46064
46062
46074
46076
46084
46097
46110
46115
46118
46118
46122
46127
46130
46150
46155
46148
46144
46146
46168
46175
46168
46183
46188
46191
46191
46200
46206
46215
46224
46227
46230
46237
46246
46246
46250
46250
46257
46261
46261
46268
46280
46284
46293
46295
46309
46308
46309
46325
46334
46347
46362
46369
46376
46383
46390
46393
46394
46415
46424
46415
46444
46449
46454
46461
46461
46474
46478
46485
46494
46498
46506
46499
46503
46527
46534
46539
46539
46547
46552
46559
46571
46572
46580
46583
46588
46588
46596
46600
46604
46607
46606
46609
46607
46629
46642
46646
46642
46646
46650
46646
46665
46671
46675
46669
46675
46669
46699
46700
46699
46698
46720
46738
46742
46761
46761
46773
46774
46777
46785
46777
46798
46798
46806
46806
46810
46810
46810
46810
46816
46818
46822
46822
46827
46822
46827
46822
46827
46822
46827
46827
46836
46836
46836
46847
46853
46846
46864
46869
46869
46869
46869
46869
46881
46881
46888
46891
46896
46903
46912
46912
46928
46937
46937
46947
46948
46953
46953
46953
46953
46953
46964
46967
46977
46977
46982
46994
47006
47011
47034
47034
47034
47045
47054
47065
47068
47081
47082
47085
47095
47098
47114
47117
47114
47127
47127
47136
47140
47141
47140
47156
47161
47154
47161
47153
47169
47154
47174
47154
47154
47183
47169
47154
47169
47210
47209
47219
47222
47238
47237
47255
47264
47276
47276
47276
47276
47283
47283
47291
47296
47296
47304
47304
47312
47318
47317
47329
47329
47333
47333
47333
47336
47333
47344
47346
47350
47369
47374
47377
47380
47380
47384
47390
47398
47396
47405
47410
47405
47410
47410
47437
47437
47465
47466
47481
47487
47491
47494
47495
47500
47505
47508
47506
47508
47506
47516
47520
47518
47525
47525
47531
47538
47538
47549
47550
47550
47559
47563
47574
47571
47586
47574
47591
47606
47615
47623
47630
47630
47630
47630
47639
47630
47637
47630
47650
47630
47650
47649
47637
47657
47662
47657
47675
47680
47687
47694
47704
47704
47725
47724
47730
47734
47734
47738
47734
47738
47734
47734
47748
47753
47753
47748
47761
47763
47761
47763
47772
47770
47772
47776
47772
47776
47770
47776
47776
47786
47776
47786
47776
47807
47806
47807
47806
47819
47818
47819
47818
47830
47833
47830
47833
47837
47833
47833
47830
47829
47849
47849
47858
47860
47860
47858
47860
47868
47868
47871
47875
47884
47887
47895
47894
47908
47917
47924
47925
47924
47934
47946
47951
47955
47963
47972
47972
47972
47983
47987
47987
47992
47995
48016
48023
48019
48022
48019
48022
48019
48037
48041
48051
48056
48062
48064
48062
48064
48064
48084
48089
48089
48093
48095
48101
48101
48101
48101
48111
48116
48117
48122
48122
48122
48122
48122
48138
48140
48148
48138
48138
48164
48170
48179
48170
48186
48169
48171
48194
48194
48202
48200
48209
48224
48224
48232
48232
48240
48245
48248
48273
48273
48273
48273
48279
48282
48289
48292
48294
48294
48301
48312
48317
48330
48330
48343
48351
48351
48355
48358
48358
48358
48365
48368
48373
48373
48377
48386
48387
48402
48402
48406
48410
48416
48423
48428
48437
48454
48457
48464
48464
48467
48467
48480
48487
48498
48498
48506
48517
48517
48525
48534
48537
48546
48544
48550
48546
48546
48561
48593
48598
48597
48597
48597
48609
48609
48620
48622
48629
48629
48639
48644
48679
48684
48688
48686
48686
48686
48703
48708
48713
48718
48723
48721
48726
48726
48737
48742
48746
48753
48755
48753
48771
48771
48775
48788
48788
48793
48803
48808
48813
48816
48825
48844
48863
48867
48873
48876
48877
48874
48885
48890
48905
48921
48921
48936
48939
48942
48944
48948
48948
48960
48960
48980
48981
48981
48980
48981
48990
48993
48981
49014
49017
49017
49017
49017
49025
49038
49045
49057
49059
49063
49073
49076
49078
49082
49082
49082
49093
49092
49101
49107
49113
49122
49129
49132
49132
49140
49151
49154
49158
49154
49154
49174
49187
49187
49187
49194
49194
49197
49211
49211
49217
49222
49235
49235
49241
49241
49241
49252
49264
49267
49267
49286
49286
49289
49299
49299
49299
49306
49306
49310
49310
49317
49320
49328
49339
49341
49343
49343
49355
49357
49358
49357
49369
49390
49390
49397
49403
49416
49423
49423
49447
49442
49442
49456
49459
49458
49469
49472
49475
49482
49495
49510
49513
49516
49524
49530
49530
49526
49523
49552
49562
49559
49568
49573
49573
49568
49595
49594
49603
49608
49623
49638
49638
49638
49657
49664
49685
49685
49690
49695
49695
49702
49702
49724
49729
49732
49732
49735
49743
49743
49747
49754
49769
49772
49777
49780
49779
49800
49805
49805
49805
49805
49811
49824
49835
49835
49843
49859
49882
49875
49897
49894
49894
49920
49920
49925
49920
49945
49973
49973
49983
49987
49994
49987
49988
50002
50008
50012
50023
50023
50029
50033
50032
50036
50036
50036
50036
50036
50055
50060
50065
50067
50063
50076
50074
50074
50091
50094
50107
50110
50115
50115
50127
50142
50127
50152
50140
50171
50187
50192
50192
50204
50202
50210
50219
50222
50220
50236
50236
50239
50249
50249
50249
50257
50255
50256
50254
50263
50254
50277
50277
50286
50292
50306
50312
50318
50329
50333
50334
50340
50340
50348
50348
50354
50359
50370
50374
50370
50374
50374
50374
50386
50386
50392
50395
50400
50404
50397
50400
50395
50395
50397
50427
50427
50448
50456
50457
50456
50467
50456
50467
50456
50456
50492
50489
50489
50507
50507
50513
50518
50528
50528
50527
50543
50547
50550
50550
50553
50559
50563
50569
50578
50578
50578
50581
50581
50602
50601
50608
50611
50611
50620
50633
50642
50645
50645
50664
50664
50667
50671
50664
50678
50683
50705
50705
50705
50727
50734
50734
50738
50738
50758
50761
50769
50786
50787
50790
50786
50790
50785
50802
50802
50823
50823
50823
50823
50838
50841
50841
50847
50853
50866
50872
50882
50893
50901
50908
50908
50908
50916
50919
50920
50919
50931
50931
50936
50936
50940
50943
50946
50949
50949
50949
50949
50953
50964
50971
50971
50993
50998
50998
50998
51010
51010
51010
51016
51023
51027
51026
51027
51034
51033
51026
51026
51046
51050
51050
51026
51026
51063
51089
51089
51097
51097
51100
51097
51105
51107
51112
51107
51125
51127
51127
51138
51141
51141
51157
51155
51163
51166
51169
51169
51175
51175
51197
51202
51210
51224
51224
51224
51233
51224
51232
51231
51232
51241
51254
51253
51254
51258
51254
51258
51271
51281
51295
51304
51311
51318
51330
51344
51365
51374
51389
51392
51395
51404
51412
51416
51423
51425
51424
51425
51433
51434
51434
51434
51439
51439
51445
51445
51445
51447
51459
51464
51466
51463
51464
51479
51482
51506
51517
51517
51517
51517
51527
51533
51532
51542
51543
51543
51550
51550
51550
51562
51562
51568
51568
51576
51578
51584
51587
51590
51592
51601
51600
51601
51601
51601
51613
51613
51615
51613
51615
51626
51624
51632
51647
51664
51664
51670
51681
51688
51694
51700
51700
51700
51705
51716
51716
51716
51723
51726
51731
51734
51744
51744
51759
51761
51759
51798
51801
51801
51801
51808
51808
51812
51812
51822
51843
51846
51846
51850
51867
51870
51873
51874
51879
51886
51891
51914
51914
51920
51934
51931
51951
51968
51970
51970
51981
51981
51981
51981
52003
52006
52006
52010
52004
52019
52028
52034
52038
52062
52062
52069
52068
52068
52093
52102
52102
52110
52114
52122
52122
52125
52126
52132
52141
52146
52157
52160
52160
52165
52167
52172
52174
52164
52174
52164
52174
52174
52190
52189
52190
52189
52189
52202
52202
52201
52213
52222
52232
52233
52236
52232
52236
52250
52250
52254
52258
52254
52268
52267
52275
52278
52291
52296
52296
52296
52305
52296
52333
52344
52344
52344
52349
52352
52352
52373
52372
52373
52382
52391
52392
52400
52409
52414
52414
52420
52427
52427
52437
52450
52457
52461
52461
52461
52461
52461
52473
52476
52481
52492
52492
52499
52498
52498
52498
52508
52525
52525
52525
52530
52533
52533
52533
52540
52548
52554
52563
52565
52565
52567
52577
52579
52589
52595
52589
52595
52589
52592
52595
52605
52592
52605
52615
52615
52622
52630
52649
52649
52661
52670
52679
52679
52692
52691
52702
52695
52691
52702
52709
52713
52691
52708
52736
52735
52736
52749
52748
52788
52789
52805
52802
52815
52798
52819
52815
52824
52829
52833
52833
52842
52840
52852
52852
52856
52854
52863
52869
52875
52874
52875
52880
52880
52886
52891
52897
52902
52908
52918
52929
52933
52931
52938
52938
52942
52942
52947
52955
52958
52958
52958
52964
52963
52969
52969
52969
52979
52985
53000
53005
53014
53014
53032
53036
53036
53043
53058
53058
53058
53067
53075
53081
53090
53097
53101
53097
53095
53119
53110
53123
53119
53129
53134
53140
53156
53159
53162
53166
53174
53177
53190
53192
53200
53209
53216
53219
53226
53229
53235
53235
53243
53260
53264
53264
53268
53271
53277
53291
53297
53299
53314
53317
53317
53325
53323
53323
53345
53348
53320
53357
53362
53369
53370
53379
53379
53370
53370
53403
53402
53403
53412
53415
53414
53421
53436
53436
53448
53451
53458
53466
53463
53469
53466
53489
53495
53494
53508
53514
53513
53523
53528
53535
53542
53547
53547
53558
53557
53558
53557
53566
53566
53573
53573
53601
53600
53602
53599
53614
53627
53633
53644
53651
53654
53661
53664
53673
53676
53676
53676
53676
53681
53676
53676
53701
53703
53703
53711
53711
53728
53732
53739
53748
53754
53754
53766
53768
53772
53768
53772
53768
53772
53803
53805
53805
53817
53817
53824
53826
53826
53826
53832
53839
53844
53847
53861
53849
53883
53882
53894
53918
53930
53937
53941
53945
53949
53945
53949
53957
53945
53957
53957
53961
53945
53961
53961
53961
53975
53981
53961
53961
53961
53961
54005
54005
54024
54015
54021
54015
54021
54031
54036
54015
54048
54051
54060
54068
54089
54088
54089
54088
54089
54097
54099
54099
54110
54113
54113
54119
54126
54126
54129
54151
54156
54167
54177
54176
54177
54189
54196
54196
54196
54201
54204
54208
54208
54214
54221
54245
54254
54256
54256
54261
54270
54270
54273
54273
54287
54301
54303
54307
54311
54310
54321
54345
54349
54353
54348
54357
54356
54362
54357
54369
54369
54369
54369
54369
54377
54377
54381
54387
54390
54394
54402
54405
54434
54443
54442
54448
54452
54460
54460
54469
54468
54474
54490
54495
54495
54495
54495
54495
54495
54505
54509
54517
54517
54522
54527
54533
54536
54538
54536
54549
54556
54571
54575
54574
54575
54574
54571
54594
54593
54598
54604
54604
54604
54610
54610
54621
54653
54650
54655
54650
54653
54667
54667
54681
54686
54697
54698
54707
54711
54716
54716
54724
54732
54729
54732
54729
54739
54741
54746
54745
54745
54732
54746
54764
54758
54764
54769
54769
54764
54769
54764
54768
54797
54803
54803
54808
54819
54824
54822
54833
54838
54847
54849
54853
54860
54862
54862
54875
54878
54881
54899
54898
54898
54911
54911
54911
54919
54941
54943
54939
54939
54951
54958
54961
54977
54982
54981
54980
54990
54977
54999
55003
55003
55023
55032
55051
55060
55060
55064
55069
55072
55084
55088
55091
55081
55081
55096
55107
55107
55111
55114
55114
55120
55124
55123
55123
55134
55134
55154
55158
55155
55155
55163
55169
55170
55170
55178
55183
55185
55191
55200
55205
55212
55217
55224
55227
55227
55227
55238
55241
55252
55256
55255
55261
55261
55271
55277
55277
55292
55302
55301
55305
55302
55305
55301
55314
55317
55331
55331
55340
55343
55349
55349
55349
55353
55349
55353
55359
55359
55359
55359
55371
55398
55401
55405
55405
55412
55421
55412
55433
55440
55440
55444
55444
55462
55462
55462
55467
55488
55497
55508
55509
55520
55535
55541
55544
55560
55560
55560
55568
55572
55572
55573
55572
55572
55572
55583
55583
55571
55583
55571
55599
55602
55602
55602
55613
55620
55621
55621
55628
55628
55641
55641
55645
55656
55659
55663
55662
55670
55671
55670
55680
55683
55683
55683
55696
55702
55703
55703
55713
55718
55719
55718
55719
55719
55727
55738
55738
55738
55747
55747
55755
55760
55762
55768
55773
55773
55773
55778
55779
55779
55786
55779
55805
55814
55814
55824
55827
55827
55831
55831
55833
55837
55837
55843
55836
55843
55836
55843
55843
55843
55841
55864
55865
55881
55886
55894
55894
55899
55905
55899
55912
55898
55912
55920
55920
55925
55930
55934
55939
55941
55941
55946
55943
55946
55952
55943
55959
55946
55967
55968
55979
55979
55983
55983
55983
55990
55993
56006
56007
56018
56021
56024
56027
56027
56041
56044
56057
56057
56065
56065
56069
56073
56072
56073
56085
56087
56085
56083
56097
56102
56110
56105
56105
56105
56123
56133
56132
56132
56147
56152
56152
56164
56171
56176
56177
56176
56195
56206
56210
56209
56210
56210
56219
56226
56242
56242
56242
56246
56252
56261
56274
56274
56274
56283
56288
56287
56293
56293
56297
56302
56302
56302
56302
56306
56302
56312
56313
56326
56331
56342
56343
56357
56373
56373
56409
56410
56423
56431
56443
56466
56474
56465
56467
56464
56465
56464
56464
56464
56495
56495
56504
56508
56504
56509
56516
56509
56531
56543
56550
56550
56569
56569
56578
56578
56595
56607
56604
56604
56615
56615
56624
56626
56642
56642
56647
56654
56656
56653
56656
56662
56673
56680
56680
56686
56703
56718
56728
56727
56728
56732
56737
56738
56737
56757
56752
56766
56766
56770
56773
56773
56787
56787
56787
56791
56787
56791
56787
56814
56815
56822
56827
56832
56835
56835
56841
56846
56850
56850
56852
56850
56859
56859
56859
56859
56859
56859
56868
56869
56877
56880
56873
56880
56873
56892
56901
56905
56912
56940
56947
56977
56976
56979
56991
56996
56996
57000
57015
57032
57035
57035
57040
57052
57057
57066
57071
57073
57071
57073
57076
57082
57107
57111
57127
57130
57131
57130
57142
57147
57147
57158
57158
57162
57167
57176
57180
57190
57194
57195
57207
57217
57230
57234
57239
57242
57253
57252
57259
57261
57261
57251
57285
57285
57289
57289
57289
57289
57289
57307
57302
57289
57317
57318
57323
57318
57323
57327
57338
57346
57346
57354
57358
57356
57369
57373
57373
57373
57382
57397
57400
57400
57397
57400
57413
57415
57414
57414
57429
57431
57439
57442
57457
57465
57464
57477
57477
57481
57487
57487
57493
57496
57499
57496
57499
57496
57499
57496
57512
57536
57536
57548
57553
57553
57562
57561
57561
57561
57571
57569
57571
57571
57571
57582
57591
57596
57602
57605
57602
57620
57623
57623
57623
57623
57633
57644
57651
57654
57659
57662
57673
57677
57673
57700
57702
57712
57723
57725
57731
57725
57725
57740
57743
57740
57748
57761
57767
57774
57777
57777
57784
57784
57794
57784
57801
57799
57805
57799
57816
57816
57827
57827
57827
57834
57837
57850
57872
57882
57879
57919
57919
57919
57931
57931
57931
57939
57943
57939
57953
57953
57959
57968
57972
57970
57972
57967
57983
57996
58003
58007
58013
58024
58031
58028
58034
58024
58037
58029
58053
58057
58066
58065
58066
58074
58087
58090
58105
58105
58111
58114
58125
58128
58133
58148
58148
58154
58161
58163
58172
58177
58184
58183
58184
58184
58184
58198
58198
58200
58211
58209
58221
58220
58224
58234
58235
58242
58246
58252
58257
58259
58268
58274
58286
58286
58285
58294
58302
58301
58307
58307
58315
58314
58315
58324
58325
58324
58339
58340
58342
58352
58352
58359
58359
58378
58379
58378
58379
58386
58378
58386
58395
58395
58395
58402
58413
58413
58425
58428
58430
58428
58443
58452
58453
58458
58465
58465
58475
58482
58482
58485
58489
58496
58499
58501
58505
58517
58525
58528
58527
58532
58536
58527
58527
58538
58556
58551
58556
58551
58556
58556
58574
58580
58583
58596
58599
58620
58620
58622
58634
58642
58642
58654
58663
58672
58679
58677
58689
58692
58692
58692
58721
58724
58739
58741
58741
58741
58741
58741
58741
58754
58754
58780
58795
58795
58799
58801
58808
58805
58821
58824
58837
58844
58845
58844
58854
58860
58861
58867
58867
58880
58889
58902
58905
58919
58918
58918
58927
58949
58952
58956
58959
58966
58975
58977
58977
58975
58975
59003
59011
59014
59021
59020
59020
59028
59037
59056
59056
59059
59065
59072
59072
59072
59081
59081
59096
59100
59104
59110
59121
59121
59125
59128
59133
59139
59138
59146
59171
59173
59175
59171
59171
59200
59200
59204
59222
59221
59222
59221
59222
59230
59222
59239
59246
59247
59253
59254
59273
59292
59294
59292
59294
59304
59306
59312
59324
59320
59320
59324
59324
59334
59337
59334
59337
59334
59351
59351
59351
59358
59358
59372
59374
59377
59377
59393
59403
59406
59409
59413
59416
59431
59430
59440
59454
59458
59463
59466
59464
59463
59463
59474
59485
59485
59491
59511
59514
59520
59520
59520
59520
59531
59531
59531
59551
59551
59543
59551
59567
59574
59577
59582
59593
59606
59611
59611
59617
59624
59624
59632
59639
59646
59651
59665
59656
59665
59674
59676
59682
59676
59674
59651
59697
59697
59702
59712
59717
59740
59746
59752
59748
59760
59764
59760
59771
59740
59771
59783
59785
59792
59783
59797
59792
59771
59792
59814
59823
59822
59826
59822
59826
59826
59831
59839
59838
59848
59852
59856
59857
59862
59875
59880
59887
59904
59905
59913
59922
59959
59958
59968
59970
59976
59981
59985
59993
60000
60003
60006
60003
60018
60018
60022
60022
60028
60022
60048
60051
60051
60051
60051
60051
60070
60083
60083
60087
60090
60095
60110
60119
60119
60119
60119
60139
60146
60158
60157
60157
60180
60174
60184
60180
60188
60180
60188
60180
60188
60201
60198
60179
60209
60179
60179
60224
60223
60222
60221
60222
60221
60222
60239
60251
60257
60264
60272
60281
60285
60290
60294
60296
60288
60296
60296
60325
60325
60325
60330
60325
60330
60335
60330
60330
60350
60352
60360
60363
60374
60380
60388
60392
60400
60402
60400
60400
60426
60445
60449
60455
60448
60464
60467
60448
60455
60454
60454
60477
60474
60489
60494
60505
60513
60522
60521
60522
60522
60531
60545
60551
60555
60554
60555
60568
60572
60583
60582
60582
60598
60601
60601
60613
60613
60623
60623
60629
60658
60658
60658
60658
60658
60658
60658
60658
60671
60658
60681
60658
60658
60658
60696
60698
60714
60719
60714
60725
60725
60732
60731
60751
60755
60753
60755
60753
60755
60753
60755
60753
60779
60779
60783
60791
60798
60809
60816
60818
60818
60828
60827
60827
60827
60835
60835
60835
60858
60861
60876
60880
60883
60882
60884
60882
60930
60942
60949
60957
60960
60969
60980
60992
60994
60997
61005
61009
61009
61013
61016
61025
61021
61031
61040
61046
61058
61065
61067
61067
61070
61081
61081
61091
61091
61102
61110
61117
61130
61135
61138
61143
61143
61143
61143
61159
61174
61174
61185
61176
61191
61199
61199
61207
61207
61207
61212
61212
61224
61224
61243
61243
61250
61253
61255
61259
61259
61265
61276
61278
61276
61278
61278
61286
61283
61286
61286
61301
61310
61314
61326
61347
61351
61353
61351
61365
61362
61362
61369
61379
61379
61388
61391
61388
61404
61414
61413
61418
61420
61435
61438
61444
61459
61467
61467
61483
61485
61489
61514
61523
61527
61531
61536
61536
61540
61542
61540
61551
61561
61571
61578
61579
61590
61604
61603
61619
61622
61636
61636
61636
61617
61651
61646
61618
61657
61664
61680
61685
61704
61711
61713
61719
61720
61730
61736
61736
61744
61744
61752
61757
61757
61763
61763
61765
61765
61765
61765
61779
61784
61783
61795
61812
61818
61824
61825
61824
61823
61829
61837
61835
61855
61854
61854
61854
61862
61862
61862
61873
61873
61879
61891
61891
61900
61902
61910
61910
61910
61915
61917
61918
61936
61941
61941
61945
61949
61949
61964
61969
61970
61975
61976
61983
61994
61998
61998
61998
62008
62020
62025
62025
62032
62047
62050
62055
62055
62055
62060
62073
62073
62087
62087
62099
62099
62103
62106
62109
62109
62113
62116
62119
62121
62129
62135
62132
62141
62135
62132
62132
62154
62159
62159
62161
62161
62171
62178
62183
62186
62186
62202
62209
62214
62214
62222
62225
62230
62242
62248
62263
62281
62281
62294
62294
62297
62294
62303
62303
62303
62308
62316
62316
62342
62342
62358
62358
62354
62367
62368
62375
62375
62380
62379
62379
62388
62389
62388
62405
62405
62405
62405
62405
62410
62415
62419
62418
62430
62430
62438
62449
62454
62454
62457
62462
62457
62477
62476
62488
62504
62515
62524
62523
62527
62531
62522
62541
62552
62555
62558
62561
62570
62570
62574
62574
62582
62585
62600
62609
62605
62615
62615
62621
62635
62633
62633
62633
62632
62652
62656
62665
62669
62669
62676
62681
62703
62699
62708
62720
62717
62720
62718
62719
62718
62731
62744
62748
62755
62759
62775
62775
62784
62786
62792
62795
62800
62809
62809
62816
62839
62838
62838
62859
62864
62864
62874
62889
62891
62891
62898
62901
62898
62909
62918
62936
62940
62945
62945
62951
62951
62957
62962
62969
62976
62981
62984
62979
62998
62998
63006
63010
63006
63015
63017
63023
63014
63014
63032
63042
63046
63046
63050
63059
63064
63070
63069
63081
63088
63088
63091
63097
63112
63129
63129
63129
63129
63129
63138
63138
63138
63138
63160
63171
63174
63181
63186
63221
63219
63228
63249
63247
63263
63269
63269
63275
63275
63283
63283
63290
63300
63299
63300
63311
63311
63311
63325
63330
63330
63330
63336
63337
63337
63337
63354
63363
63368
63383
63385
63385
63390
63399
63402
63397
63402
63398
63398
63417
63422
63427
63427
63439
63442
63442
63442
63453
63471
63470
63470
63479
63479
63483
63488
63491
63498
63501
63510
63512
63523
63527
63523
63543
63546
63551
63551
63561
63566
63566
63569
63573
63576
63579
63586
63586
63580
63586
63619
63622
63622
63640
63636
63633
63633
63649
63651
63649
63649
63677
63682
63681
63682
63681
63687
63698
63696
63703
63702
63715
63722
63725
63728
63732
63732
63732
63744
63744
63748
63757
63759
63763
63766
63759
63766
63759
63766
63757
63759
63779
63778
63797
63797
63814
63821
63811
63844
63844
63849
63847
63848
63860
63860
63868
63876
63881
63882
63882
63882
63895
63904
63916
63916
63916
63926
63932
63933
63932
63943
63933
63950
63955
63964
63969
63974
63977
63980
63983
63990
63990
63990
63998
63998
64007
64020
64007
64020
64025
64034
64015
64041
64052
64052
64052
64060
64060
64070
64072
64071
64065
64066
64067
64066
64067
64066
64103
64111
64107
64117
64117
64126
64125
64134
64139
64149
64155
64170
64174
64170
64174
64186
64201
64204
64206
64209
64213
64213
64213
64213
64219
64219
64219
64219
64240
64246
64255
64257
64259
64261
64259
64261
64273
64272
64273
64276
64272
64290
64290
64296
64321
64321
64332
64336
64344
64343
64355
64355
64364
64372
64383
64383
64389
64389
64396
64397
64396
64406
64409
64411
64416
64409
64411
64425
64425
64430
64431
64452
64459
64465
64471
64465
64471
64475
64475
64464
64489
64496
64501
64508
64516
64516
64511
64512
64557
64557
64557
64563
64562
64563
64571
64576
64582
64586
64594
64602
64603
64610
64625
64627
64625
64627
64631
64639
64643
64660
64667
64672
64675
64679
64679
64698
64702
64706
64706
64710
64710
64716
64710
64723
64731
64735
64739
64742
64743
64738
64735
64735
64740
64767
64770
64772
64777
64777
64789
64798
64801
64801
64807
64807
64812
64819
64827
64832
64835
64845
64849
64862
64862
64867
64876
64876
64876
64890
64891
64900
64900
64900
64900
64910
64906
64932
64960
64964
64969
64974
64980
64979
64979
64977
64993
65001
65000
65012
65017
65017
65027
65027
65027
65032
65033
65038
65038
65045
65055
65055
65055
65070
65073
65087
65087
65098
65100
65108
65108
65115
65121
65121
65123
65134
65141
65145
65151
65160
65160
65172
65183
65183
65198
65198
65198
65204
65212
65209
65218
65222
65225
65230
65230
65236
65246
65253
65261
65284
65289
65292
65295
65292
65301
65299
65292
65320
65329
65329
65341
65340
65346
65341
65345
65362
65369
65390
65396
65396
65396
65411
65410
65410
65419
65425
65425
65409
65445
65451
65456
65455
65456
65455
65456
65455
65456
65468
65468
65472
65479
65479
65485
65485
65491
65494
65501
65504
65501
65506
65506
65523
65522
65528
65530
65542
65542
65548
65565
65573
65572
65573
65577
65577
65577
65594
65601
65610
65613
65621
65620
65621
65620
65621
65620
65621
65632
65631
65632
65640
65647
65647
65652
65656
65663
65667
65663
65667
65680
65686
65692
65698
65711
65733
65736
65735
65747
65750
65751
65760
65760
65760
65779
65784
65785
65788
65785
65785
65788
65796
65785
65785
65803
65803
65803
65821
65820
65820
65831
65836
65838
65854
65856
65857
65853
65878
65879
65878
65888
65896
65903
65906
65904
65919
65919
65919
65929
65931
65942
65941
65954
65957
65969
65975
65974
65975
65991
65999
65998
65999
65998
66020
66025
66028
66028
66033
66028
66038
66043
66045
66051
66053
66055
66066
66081
66081
66081
66081
66089
66081
66089
66087
66113
66116
66116
66119
66132
66133
66136
66135
66149
66149
66159
66164
66166
66184
66184
66192
66197
66199
66208
66207
66208
66207
66201
66223
66219
66232
66233
66242
66242
66249
66257
66260
66260
66267
66275
66278
66278
66288
66288
66299
66303
66303
66303
66310
66313
66322
66325
66325
66329
66325
66324
66325
66349
66352
66359
66364
66385
66385
66389
66396
66399
66399
66405
66416
66422
66422
66422
66430
66430
66434
66437
66438
66443
66450
66450
66457
66457
66466
66475
66475
66476
66491
66493
66496
66512
66513
66513
66513
66527
66529
66535
66540
66539
66540
66539
66549
66570
66570
66577
66580
66582
66603
66606
66602
66606
66611
66602
66615
66615
66623
66624
66622
66624
66638
66638
66638
66638
66650
66658
66662
66662
66664
66665
66665
66665
66685
66689
66690
66689
66696
66705
66703
66720
66736
66737
66741
66743
66737
66747
66750
66758
66760
66758
66758
66773
66780
66793
66790
66814
66811
66810
66822
66810
66810
66814
66837
66843
66843
66846
66851
66859
66865
66867
66863
66869
66869
66877
66863
66863
66888
66863
66892
66888
66892
66892
66862
66862
66906
66905
66922
66922
66926
66933
66938
66945
66945
66947
66947
66945
66947
66955
66960
66969
66974
66977
66980
66969
66984
66975
66987
66999
67004
67007
67010
67026
67033
67032
67038
67038
67045
67044
67056
67075
67082
67082
67084
67084
67082
67111
67117
67123
67116
67125
67123
67112
67115
67115
67115
67115
67115
67147
67147
67144
67169
67170
67169
67179
67179
67187
67185
67193
67196
67205
67210
67221
67230
67244
67244
67253
67265
67271
67278
67278
67298
67298
67303
67302
67302
67302
67314
67317
67317
67317
67317
67331
67337
67337
67344
67337
67344
67336
67358
67358
67373
67376
67378
67381
67390
67393
67404
67404
67406
67404
67417
67432
67439
67438
67445
67438
67437
67457
67457
67469
67480
67476
67498
67494
67507
67511
67516
67518
67535
67539
67546
67571
67571
67577
67587
67577
67592
67578
67603
67605
67603
67610
67624
67629
67632
67642
67642
67641
67650
67656
67657
67663
67655
67672
67663
67663
67678
67685
67686
67692
67692
67696
67712
67711
67715
67711
67731
67733
67725
67731
67731
67731
67730
67760
67763
67763
67763
67771
67788
67792
67795
67787
67795
67795
67804
67795
67809
67831
67838
67839
67848
67859
67870
67870
67874
67881
67882
67891
67894
67894
67900
67900
67911
67915
67928
67938
67954
67954
67954
67954
67969
67979
67981
67993
67993
67993
68008
68008
68008
68008
68026
68034
68055
68080
68081
68086
68096
68103
68099
68121
68125
68123
68123
68123
68123
68123
68123
68140
68150
68150
68153
68170
68168
68168
68183
68207
68210
68219
68222
68227
68232
68237
68256
68256
68266
68273
68276
68276
68291
68291
68302
68316
68315
68325
68325
68330
68330
68337
68346
68349
68354
68353
68358
68364
68367
68369
68364
68361
68353
68362
68354
68349
68385
68405
68418
68418
68430
68430
68440
68445
68454
68457
68460
68468
68468
68487
68493
68501
68508
68517
68525
68541
68552
68555
68555
68559
68572
68601
68606
68609
68617
68622
68632
68639
68641
68656
68655
68659
68668
68677
68667
68685
68667
68664
68693
68692
68693
68696
68693
68693
68710
68709
68693
68721
68721
68721
68736
68745
68745
68757
68757
68765
68765
68774
68776
68777
68776
68776
68774
68776
68774
68776
68798
68811
68836
68839
68850
68852
68859
68865
68865
68869
68869
68873
68882
68887
68892
68894
68902
68902
68907
68915
68920
68937
68940
68948
68954
68954
68962
68962
68971
68971
68976
68987
68992
68997
69000
69007
69016
69021
69026
69037
69037
69045
69048
69051
69058
69067
69073
69073
69080
69083
69094
69094
69094
69097
69094
69105
69112
69115
69119
69124
69119
69140
69148
69155
69154
69155
69155
69170
69176
69176
69180
69176
69180
69193
69202
69213
69215
69221
69226
69231
69231
69239
69239
69242
69254
69254
69254
69263
69260
69254
69254
69277
69294
69300
69300
69300
69305
69309
69313
69312
69318
69335
69337
69328
69327
69328
69328
69328
69328
69328
69356
69360
69360
69360
69376
69376
69382
69382
69392
69401
69401
69405
69401
69411
69405
69404
69422
69427
69427
69435
69444
69447
69447
69447
69447
69447
69454
69460
69464
69470
69477
69495
69496
69501
69505
69504
69503
69518
69517
69518
69517
69518
69518
69536
69538
69543
69556
69561
69561
69565
69567
69565
69567
69565
69598
69601
69598
69600
69600
69600
69610
69600
69613
69620
69622
69619
69619
69617
69618
69617
69656
69658
69666
69669
69704
69698
69710
69715
69721
69720
69729
69734
69737
69746
69757
69762
69743
69739
69777
69776
69782
69793
69793
69793
69794
69805
69808
69812
69811
69811
69820
69827
69829
69833
69837
69833
69848
69848
69848
69848
69860
69860
69864
69874
69883
69891
69891
69899
69908
69919
69919
69924
69928
69928
69933
69940
69948
69948
69951
69951
69958
69975
69975
69980
69984
69988
69987
69988
70000
70003
70000
70003
70001
70021
70022
70036
70035
70035
70046
70046
70046
70053
70054
70053
70065
70073
70077
70083
70097
70107
70120
70120
70128
70130
70116
70116
70116
70145
70150
70152
70150
70163
70158
70163
70166
70172
70176
70176
70187
70174
70193
70174
70172
70202
70163
70209
70209
70213
70220
70227
70236
70238
70236
70249
70247
70255
70255
70259
70274
70275
70286
70286
70306
70309
70312
70312
70317
70315
70317
70317
70348
70354
70354
70362
70364
70375
70382
70385
70396
70399
70404
70404
70410
70415
70415
70419
70422
70422
70434
70439
70441
70447
70448
70459
70465
70469
70478
70479
70487
70486
70494
70505
70508
70508
70517
70525
70559
70557
70572
70572
70576
70580
70584
70597
70597
70607
70629
70636
70629
70629
70642
70645
70654
70656
70655
70655
70670
70677
70679
70679
70682
70679
70682
70682
70688
70682
70693
70693
70693
70700
70709
70699
70723
70728
70732
70732
70739
70745
70754
70760
70766
70773
70777
70771
70786
70776
70799
70809
70776
70814
70814
70808
70840
70848
70852
70858
70848
70864
70875
70875
70881
70888
70896
70896
70906
70913
70913
70917
70920
70921
70927
70929
70927
70927
70938
70938
70938
70938
70966
70968
70966
70975
70979
70988
70992
70997
71000
71004
71003
71004
71003
71015
71032
71035
71038
71038
71035
71035
71044
71035
71037
71059
71062
71062
71070
71077
71077
71089
71089
71100
71110
71110
71110
71114
71132
71140
71136
71140
71146
71149
71146
71146
71146
71159
71184
71187
71187
71194
71194
71201
71216
71219
71222
71231
71231
71231
71231
71231
71240
71252
71258
71259
71272
71275
71271
71270
71283
71288
71288
71293
71293
71293
71302
71308
71307
71314
71314
71323
71349
71348
71349
71356
71364
71389
71392
71392
71400
71413
71421
71431
71423
71431
71445
71457
71476
71476
71480
71487
71492
71492
71492
71502
71509
71515
71516
71516
71516
71532
71545
71544
71546
71557
71563
71572
71571
71571
71571
71589
71594
71607
71620
71620
71620
71625
71634
71639
71646
71648
71659
71657
71661
71658
71661
71658
71672
71681
71681
71701
71702
71702
71710
71717
71733
71733
71733
71741
71733
71733
71751
71733
71733
71733
71733
71762
71761
71781
71781
71787
71781
71785
71795
71785
71803
71803
71805
71811
71812
71821
71828
71828
71834
71834
71839
71839
71839
71839
71854
71864
71873
71875
71873
71872
71873
71853
71853
71887
71853
71893
71903
71910
71916
71919
71922
71944
71946
71944
71951
71952
71956
71952
71951
71972
71972
71972
71972
71972
71987
71991
72001
72009
72012
72012
72025
72040
72039
72040
72040
72052
72061
72074
72074
72078
72082
72082
72082
72095
72095
72095
72095
72109
72118
72124
72126
72126
72114
72123
72135
72114
72135
72114
72150
72153
72158
72161
72165
72181
72181
72185
72190
72190
72190
72200
72197
72200
72200
72224
72230
72230
72250
72257
72257
72269
72271
72285
72285
72285
72285
72295
72300
72303
72317
72322
72330
72351
72357
72357
72362
72371
72378
72388
72388
72390
72387
72388
72403
72402
72406
72406
72406
72420
72420
72425
72428
72423
72432
72444
72443
72448
72448
72453
72448
72463
72461
72469
72472
72478
72486
72495
72497
72497
72501
72506
72505
72523
72523
72545
72549
72553
72554
72551
72577
72576
72577
72576
72582
72577
72576
72601
72601
72605
72608
72614
72624
72623
72632
72614
72623
72657
72663
72662
72663
72666
72669
72666
72663
72685
72699
72709
72707
72707
72724
72727
72730
72730
72730
72739
72747
72748
72748
72748
72748
72748
72764
72772
72775
72775
72772
72783
72786
72786
72794
72799
72798
72804
72799
