6
16
26
34
46
45
52
45
57
56
57
56
83
85
88
107
109
122
143
145
149
123
149
159
159
159
168
176
174
176
154
123
199
201
109
208
111
105
221
228
230
228
213
213
256
228
266
271
273
275
266
266
266
287
275
293
293
297
312
297
326
331
312
331
342
346
342
312
324
346
350
346
378
324
397
275
397
410
419
405
430
435
431
446
431
452
431
456
452
444
468
428
287
479
484
488
493
493
499
490
499
501
519
527
529
531
538
511
535
511
551
554
554
557
573
538
571
583
590
594
596
594
604
602
612
622
621
620
621
633
622
633
639
642
641
649
622
641
662
662
669
674
687
669
666
700
703
666
703
666
669
720
723
731
734
724
724
724
747
