1
5
12
17
4
28
37
7
45
53
59
61
61
72
72
49
87
86
84
110
108
102
108
102
110
123
110
132
99
99
154
143
158
158
154
174
177
47
181
187
194
199
203
203
211
220
177
66
228
228
66
241
246
253
177
259
275
277
279
283
273
66
287
300
287
305
315
315
228
325
325
334
339
233
325
228
233
356
339
360
364
368
370
370
381
384
388
390
401
366
405
366
412
416
418
426
418
443
418
451
461
451
451
437
486
414
493
493
502
502
499
501
528
525
540
525
540
563
528
574
578
585
578
575
520
520
605
618
618
623
641
641
641
648
664
662
662
682
662
641
691
650
639
710
712
712
713
735
739
738
750
754
762
764
426
405
783
778
777
777
789
778
778
783
813
810
822
820
810
834
835
840
848
851
832
848
848
866
872
882
848
888
832
901
856
905
905
899
918
924
923
952
957
967
983
991
990
1010
1012
1027
1022
939
1036
983
1022
1022
1022
1054
1055
1022
1072
1077
983
1084
1087
1036
1096
1101
1104
915
1109
1112
1119
1130
1130
1147
1146
1152
1156
1160
1160
1160
1160
1168
1168
1191
1096
935
1199
935
1203
1212
1212
1203
1212
1226
1229
1229
1242
1234
1249
1249
1253
1249
1256
1256
1253
1249
1203
1220
905
913
1317
1327
901
1339
1343
1354
1361
1363
1365
1367
1373
1363
1363
1396
1400
1400
1424
1423
1400
1434
1443
1418
1450
1452
1460
1459
1464
1370
1459
1476
1485
1485
1487
1459
1498
1460
1504
1517
1523
1532
1536
1532
1526
1525
1550
1562
1573
1523
1581
1586
1577
1590
1573
1597
1567
1638
1642
1642
1647
1642
1642
1642
1661
1671
1676
1638
1681
1520
1707
1689
1719
1722
1725
1727
1696
1734
1676
1642
1674
1671
1674
1674
1759
1674
1786
1787
1787
1796
1798
1798
1818
1823
1802
1802
1851
1871
1802
1851
1859
1855
1888
1888
1884
1906
1912
1891
1855
1671
1939
1751
1947
1661
1966
1969
1971
1964
1964
1993
2000
2001
2009
2017
2021
2031
2031
2026
2026
2054
2017
2067
2069
2017
2088
2088
2090
2024
2105
2109
2114
2040
2108
2040
2125
2130
2135
2103
2148
2032
2148
2164
2168
2148
2172
2172
2175
2172
2183
2191
2189
2189
2206
2021
1965
1971
1971
2227
2232
2236
1965
2001
2013
2013
2247
2264
2266
2264
2273
2272
2280
2282
2272
2290
2299
2230
2305
2306
2328
2331
2231
2314
2349
2349
2354
2354
2363
2363
2349
2402
2403
2404
2400
2415
2400
2432
2435
2432
2395
2438
2441
2438
2438
2441
2441
2465
2388
2376
2482
2484
2482
2380
2504
2507
2496
2496
2507
2530
2541
2544
2550
2555
2507
2566
2544
2531
2549
2507
2591
2507
2599
2599
2605
2609
2618
2618
2638
2638
2643
2645
2640
