0
2
2
23
27
26
35
26
42
25
56
58
60
69
34
78
78
56
78
80
58
113
58
120
130
130
133
117
113
35
35
173
175
179
185
185
26
210
26
199
229
215
237
249
250
266
265
250
275
250
250
271
288
266
297
302
305
313
313
315
315
311
333
337
338
302
350
296
359
379
384
383
389
389
400
359
405
405
359
362
414
420
266
426
426
426
438
448
448
297
297
471
481
477
474
474
497
476
508
517
516
515
528
534
534
528
547
553
555
532
560
565
559
532
575
559
600
563
600
541
615
617
623
515
515
617
648
650
648
637
667
670
630
667
515
630
520
688
517
507
497
507
510
716
474
736
731
731
749
754
749
763
758
763
758
775
777
777
782
788
438
438
448
804
811
451
451
451
816
450
451
450
451
842
842
842
426
426
887
892
860
899
902
857
902
432
919
918
923
918
928
923
927
944
918
918
957
944
928
969
969
974
974
245
987
259
254
203
27
1016
27
1020
27
1026
1026
28
1041
1041
1051
1045
1061
1061
1073
1042
1073
1083
1085
1083
1085
1101
1080
1101
1105
1118
1118
1144
1151
1080
1115
1080
1151
1163
1080
1174
1174
1180
1184
1189
1199
1189
1202
1224
1223
1232
1243
1248
1252
1199
1199
1262
1270
1184
1277
1174
1286
1174
1296
1282
1312
1159
1115
1331
1115
1331
1342
1331
1356
1365
1371
1357
1376
1371
1387
1391
1391
1393
1400
1400
1405
1411
1419
1425
1428
1432
1441
1441
1451
1457
1456
1461
1441
1441
1441
1471
1465
1441
1441
1441
1494
1492
1494
1496
1509
1507
1507
1509
1521
1441
1441
1530
1525
1492
1553
1557
1563
1563
1485
1577
1563
1566
1585
1566
1480
1596
1601
1605
1596
1613
1601
1617
1622
1625
1468
1625
1625
1633
1647
1652
1645
1661
1665
1669
1662
1691
1699
1669
1683
1662
1741
1741
1755
1741
1760
1760
1767
1770
1767
1741
1767
1760
1779
1778
1817
1814
1827
1817
1741
1770
1771
1849
1856
1859
1691
1734
1872
1876
1880
1883
1889
1895
1898
1894
1898
1906
1910
1906
1929
1929
1953
1955
1962
1964
1980
1982
1983
1971
1999
2016
2019
2027
2039
2026
2052
1937
2061
2061
1937
2071
1940
2060
2094
2073
2073
2110
2094
2107
2130
2137
2139
2110
2095
2097
2095
2095
2156
2110
2097
2178
2176
2180
2197
2197
2210
2211
2204
2198
2241
2242
2198
2265
2254
2254
2284
2292
2295
2292
2300
2284
2309
2307
2318
2307
2309
2176
2344
2189
2097
2189
2189
2367
2380
2384
2390
2392
2097
2398
2405
2408
2408
2384
2424
2432
2380
2424
2443
2454
2454
2468
2474
2484
2484
2071
2071
2490
2071
2517
2521
2521
2146
2490
2146
2550
2552
2558
2558
2552
2571
2577
2585
2584
2608
2610
2606
2602
2618
2602
2606
2637
2628
2634
2628
2643
2655
2643
2643
2655
2670
2672
2628
2665
2665
2693
2695
2699
2702
2686
2721
2723
2725
2728
2732
2683
2744
2748
2628
2755
2768
2770
2761
2777
2780
2618
2618
2777
2789
2794
2796
2796
2804
2784
2780
2586
2578
2571
2824
2830
2832
2553
2839
2842
2534
2846
2534
2528
2865
2872
2502
2906
2905
2906
2905
2914
2919
2914
2914
2928
2914
2943
2925
2060
1940
2966
2974
3003
2984
2984
3018
3019
3035
3037
2996
3044
2996
2987
3003
3003
3037
3068
3074
3074
3037
3082
3098
3094
3068
3113
3116
3123
3134
3123
3134
3146
3164
3165
3165
3194
3196
3194
3211
3218
3224
3188
3188
3224
3242
3244
3250
3247
3250
3261
3265
3267
3248
3203
3248
3299
3311
3299
3318
3199
3199
3318
3341
3349
3354
3094
3363
3065
3380
3384
3384
3408
3407
3415
2996
3427
3427
3425
3044
3454
3467
3466
3472
3467
3481
3488
3498
3505
3509
3508
3513
3526
3522
3521
3522
3535
3542
3544
3550
3546
3554
3546
3546
3561
3559
3559
3546
3572
3572
3582
3581
3581
3592
3614
3620
3630
3629
3629
3614
3582
3655
3582
3667
3671
3666
3671
3658
3671
3684
3685
3671
3718
3658
3726
3724
3696
3745
3751
3612
3775
3777
3784
3790
3787
3546
3561
3550
3550
3835
3840
3825
3825
3840
3840
3544
3495
3872
3885
3893
3902
3899
3454
3460
3460
3932
3454
3940
3953
3922
3922
3971
3992
3991
4004
4007
4010
4010
1929
1929
4016
4035
4038
4044
4051
4054
4051
4058
4062
1910
1917
1915
4092
1910
4107
1699
1895
4115
4118
4121
1895
4126
4138
4145
4133
4161
4167
4171
4171
4161
4179
4178
4134
4143
4214
1725
1725
4244
4253
4224
4257
4253
4263
4221
4266
4263
4287
4291
4257
4301
4311
4311
4318
4318
4326
4313
4333
4333
4346
4357
4364
4354
4253
4291
4383
4385
4385
4385
4385
4385
4404
4409
4409
4419
4430
4429
4435
4404
4409
4455
4385
4253
4463
4263
4474
4266
4482
4484
4482
4484
4495
4221
4221
4495
4511
4518
4520
1727
4527
4527
4227
1701
4545
4551
1727
4551
4566
4566
4565
4566
4561
1701
4586
4588
4588
1701
1701
4602
4620
4614
4620
4626
4633
4635
4641
4645
4653
4614
4664
4635
4672
4614
4653
4696
4641
4645
4645
4588
4588
4586
4738
4742
4749
4756
4758
4763
4763
4758
4759
4766
4759
4754
4801
4803
4803
4816
4819
4816
4819
4592
4819
4830
4840
4840
4849
4840
4858
4860
4879
4880
4899
1662
1662
4914
4911
4918
4938
4940
4943
4940
4949
4907
4940
4907
4954
4895
4895
4987
4986
4986
4903
5008
5008
5019
5021
5011
1683
5033
5035
5033
5049
5048
5058
5047
5048
5047
5047
5049
5080
5080
5087
5090
5089
5087
5104
5103
5104
5120
5129
5135
5135
5142
5135
5150
5135
5129
5135
5135
5174
5177
5179
5181
5189
5188
5179
5200
5208
5181
5174
5216
5216
5224
5224
5227
5221
5238
5245
5247
5257
5263
5245
5245
5245
5275
5263
5263
5245
5294
5298
5297
5298
5308
5314
5308
5314
5326
5328
5305
5340
5275
5349
5347
5353
5358
5353
5369
5369
5370
5384
5387
5398
5395
5405
5387
5414
5416
5426
5418
5426
5358
5174
5458
5174
5461
5472
5167
5472
5480
5150
5480
5490
5142
5127
5501
5503
5503
5507
5512
5519
5523
5525
5532
5520
5527
5546
5543
5560
5543
5551
5551
5587
5547
5546
5552
5603
5600
5598
5571
5571
5552
5597
5628
5597
5632
5598
5638
5603
5643
5642
5656
5670
5674
5658
5683
5686
5670
5686
5702
5709
5702
5709
5725
5709
5729
5735
5744
5742
5755
5752
5766
5774
5774
5773
5772
5774
5793
5793
5776
5776
5798
5798
5818
5828
5819
5819
5833
5819
5841
5841
5854
5868
5874
5874
5856
5846
5872
5893
5899
5899
5909
5915
5872
5872
5915
5874
5933
5948
5945
5953
5962
5961
5962
5988
5959
6002
5961
6012
5948
5948
6024
6032
6030
6047
6029
6052
6030
6047
6040
6069
6069
6032
6032
6076
6093
6093
6088
6093
6102
6109
6102
6119
6121
6097
6130
6135
6137
6142
6142
6149
6149
6137
6164
6171
6179
6009
6191
6200
5937
6217
6217
5955
6226
6205
6236
6242
6241
5937
6236
6205
6213
6236
6270
6255
6284
6289
5937
6287
6297
6303
6240
6311
6242
6311
6241
6311
6324
6334
6325
6345
6325
6349
