0
0
9
11
15
20
25
31
24
36
24
40
24
15
55
25
75
77
82
88
93
89
81
81
77
108
120
120
126
126
120
120
138
88
82
150
156
82
170
176
180
179
197
195
196
195
215
217
215
221
217
235
245
221
245
217
269
268
269
226
294
300
302
307
307
315
311
315
333
338
343
346
346
361
364
343
368
379
387
368
396
381
379
404
407
381
417
417
425
424
425
419
379
419
425
437
445
404
469
478
483
485
478
478
492
485
510
526
483
537
543
547
555
548
561
570
567
569
580
567
584
544
548
596
548
596
565
596
604
596
629
629
631
635
641
592
641
653
656
653
592
668
672
676
643
693
555
695
706
713
707
720
720
720
720
719
739
749
749
757
762
752
767
772
780
780
739
519
805
520
817
805
826
830
844
847
846
856
862
844
868
865
856
862
883
888
892
883
884
878
912
915
917
921
935
930
935
935
865
935
956
865
968
973
980
973
968
997
997
1000
946
946
1000
968
1000
1030
997
1034
844
817
1060
1081
1073
1079
1066
1094
1097
1093
1097
1105
1114
1121
1079
1124
1141
1059
1143
1059
1143
1140
1140
1140
1164
1173
1169
1181
1189
1194
1200
1206
1203
1219
1206
1205
1158
1158
1189
1219
1246
1247
1247
1265
1246
1273
1258
1246
1280
1280
1285
1247
1291
1262
1265
1206
1311
1206
1308
1206
1321
1206
1328
1327
1321
1334
1340
1328
1347
1319
1355
1358
1219
1367
1373
1369
1369
1203
1390
1400
1410
1415
1393
1430
1416
1416
1416
1416
1444
1441
1465
1464
1464
1477
1488
1490
1155
1501
1501
1499
1501
1515
1513
1521
1529
492
1556
1545
498
1569
469
474
1586
1593
317
1601
1610
1617
1617
1625
1619
1625
1637
1639
1637
1649
1651
1647
1644
1644
1667
1674
1679
1688
1667
1644
1688
1706
1716
1714
1720
1724
1672
1651
1679
1639
1755
1758
1762
1766
1766
1788
1787
1793
1793
1804
1803
1804
1800
1804
1816
1819
1795
1830
1836
1838
1841
1841
1854
1854
1863
1854
1869
1869
1881
1873
1899
1897
1869
1910
1912
1915
1918
1924
1910
1924
1936
1945
1952
1942
1962
1964
1962
1964
1986
1988
1990
1992
1996
2010
2006
1996
1996
1996
2031
1995
2039
2044
2048
1996
2055
2058
1996
2058
2080
2083
2083
2070
2070
2107
2071
2107
2118
2118
2132
2130
2132
2149
2149
2158
2164
2166
2164
2171
2175
2162
2187
2068
2207
2063
2206
2214
2206
2214
2207
2214
2245
2243
2243
2063
1998
2277
2275
1998
2300
2302
2276
2276
2318
2318
2331
2338
2010
2350
2337
2331
2369
2381
2370
2372
2381
2403
2384
2382
2412
2379
2365
2429
2431
2433
2365
2442
2447
2445
2444
2454
2464
2457
2457
2457
2480
2455
2488
2480
2505
2512
2515
2363
2532
2334
2541
2358
2356
2558
2563
2569
2576
2583
2583
2572
2592
2594
2583
2591
2592
2615
2594
2623
2625
2594
2594
2582
2615
2654
2652
2661
2652
2679
2573
2683
2573
2689
2683
2687
2573
2679
2713
2706
2721
2728
2732
2737
2728
2746
2749
2746
2749
2754
2754
2763
2728
2771
2729
2569
2792
2569
2792
2811
2007
2829
2828
2837
2827
2007
2818
2856
2856
2866
2868
2870
2870
2863
2885
2890
2890
2897
2905
2827
2912
2828
2917
2837
2917
2829
2942
2947
2946
2955
2963
2963
2972
2963
2976
2963
2967
2993
2944
2944
2944
2944
2944
2944
3007
3029
3039
3039
3037
3038
3056
3037
2829
2998
3029
3070
2829
3076
3079
3074
3079
3076
3076
3119
3121
3119
3108
3119
3141
3144
3142
3130
3158
3153
3167
3167
3177
3179
3180
3180
3179
3203
3206
3177
3206
3203
3225
3227
3225
3227
3234
3237
3241
3225
3224
3174
3175
3224
3241
3273
3275
3241
3284
3283
3275
3296
3307
3227
3327
3287
3337
3287
3284
3349
3222
3360
3368
3356
3349
3203
3394
3169
3405
3409
3209
3409
3420
3426
3428
3420
3438
3443
3442
3420
3435
3442
3443
3442
3437
3437
3479
3485
3479
3485
3494
3485
3504
3508
3483
3483
3477
3530
3409
3530
3536
3409
3438
3438
3565
3568
3209
3577
3581
3588
3588
3587
3587
3192
3588
3609
3614
3611
3617
3617
3634
3639
3631
3639
3645
3645
3645
3655
3672
3665
3682
3690
3690
3706
3712
3714
3706
3706
3706
3745
3745
3772
3775
3767
3779
3779
3746
3760
3812
3746
3826
3828
3833
3836
3726
3843
3847
3836
3854
3861
3863
3865
3714
3714
3710
3882
3882
3901
3910
3910
3910
3922
3925
3922
3933
3941
3941
3951
3953
3951
3943
3953
3966
3951
3978
3982
3953
3987
3953
3966
3953
4001
4006
4008
4011
4011
4021
4015
3997
4032
4033
4033
4043
4032
4080
4067
4096
4092
4033
4107
4109
4033
4075
4075
4119
4116
4116
4071
3943
4147
4157
4140
4191
3959
4201
4183
4222
4225
3922
4231
4235
4239
4243
4239
4252
3922
3922
4252
4230
4252
4274
4231
4265
3922
4295
4304
4295
4297
4318
4234
4325
4336
4350
3920
4350
4346
4362
4369
4375
4367
4350
4367
4388
3888
3920
3888
4404
3897
4419
4418
4426
4435
4440
4445
4445
4443
4429
4462
4440
4470
4472
4474
4472
4445
4472
4472
4510
4517
4502
4528
4484
4543
4502
4549
4561
4569
4571
4517
4576
4575
4587
4575
4575
4609
4611
4621
4628
4627
4633
4627
4620
4649
4649
4665
4660
4665
4682
4665
4647
4628
4636
4702
4719
4724
4726
4729
4734
4738
4734
4742
4742
4742
4753
4440
4440
4765
4435
4770
4435
4793
4799
4411
4813
4817
4822
4828
4825
4828
4838
4835
4847
4836
4828
4836
4861
4836
4870
4880
3683
4899
4886
4910
3581
3661
3661
3180
3189
3189
4935
4935
4950
4956
4956
4968
4953
4968
4980
4977
4978
4997
4969
5001
5007
5020
5023
5034
5024
5040
5034
5026
5023
5051
5055
5059
5061
5062
5023
5075
5080
5092
5096
5091
5103
5106
5106
5103
5106
5091
5106
5124
5127
5124
5106
5138
5140
5121
5154
5164
5169
5024
5024
5190
5190
3158
3119
3119
3132
5223
5225
5230
5229
5225
5223
5246
5252
5253
5265
5271
5263
5288
5290
5296
5296
3112
3112
3112
5327
5330
5335
5349
5352
5356
5358
5364
5356
5370
5387
5392
5358
5399
5397
5411
5414
5414
5425
5414
5425
5432
5434
5414
5441
5446
5446
5447
5461
5425
5434
5482
5420
5490
5498
5504
5506
5513
5512
5517
5510
5513
5513
5531
5530
5531
5547
5547
5550
5537
5550
5537
5580
5508
5590
5591
5604
5604
5324
5629
5632
5631
5646
5650
5646
5651
5672
5672
5669
5665
5689
5692
5701
5708
5701
5708
5698
5701
5728
5733
5740
5744
5746
5722
5720
5760
5692
5766
5768
5770
5772
5679
5783
5679
5791
5796
5795
5795
5806
5806
5801
5801
5820
5795
5806
5808
5838
5837
5837
5854
5854
5837
5868
5868
5873
5886
5888
5870
5904
5864
5899
5931
5939
5938
5946
5939
5957
5865
5838
5672
5967
5967
5985
5991
2833
2833
1992
2001
1992
6013
6019
6019
6041
6030
6022
6020
6014
6020
6022
6014
6015
6071
6020
6020
6087
6098
6108
6108
6122
6126
6126
6135
6126
6144
6146
1918
1919
1912
1869
6159
6162
6167
6167
6174
6174
1873
1779
1788
1779
1767
1763
6211
6224
6220
6235
6249
6255
6264
6266
6266
6275
6270
6275
6289
6292
6298
6292
6288
6289
6313
6316
6319
6311
6325
6311
6316
6310
6335
6310
6289
6342
6310
6345
6310
6345
6358
6310
6335
6375
6379
6316
6311
6325
6319
6313
6396
6416
6421
6325
6434
6431
6428
6445
6424
6452
6471
6475
6480
6308
6325
6491
6308
6501
6489
6308
6255
6298
6517
6517
6520
6298
6514
6514
6292
6514
6546
6546
6536
6563
6565
6570
6574
6577
6580
6577
6584
6584
6577
6577
6574
6567
6608
6613
6611
6618
6623
6625
6625
6631
6625
6611
6631
6631
6618
6665
6676
6688
6691
6694
6694
6706
6709
6713
6722
6731
6730
6719
6739
6722
6747
6739
6760
6743
6769
6720
6789
6795
6797
6817
6817
6827
6836
6844
6841
6858
6868
6869
6858
6868
6858
6844
6899
6899
6901
6899
6916
6915
6932
6918
6913
6943
6932
6953
6957
6957
6964
6964
6979
6978
6989
6991
6993
7000
6995
7009
7014
6968
7028
7026
7034
6968
7040
6995
7049
6995
6995
6995
7049
7063
7070
7087
7084
7085
7085
7085
7100
7107
7111
7063
6968
6968
7063
7063
6968
7143
7142
7147
7153
7143
7065
7165
7169
7169
7040
7169
7184
7164
7196
7204
7203
7213
7217
7222
7226
7206
7246
7206
7257
7191
7266
7184
7275
7181
7268
7268
7265
7298
7264
7264
7313
7316
7320
7326
7266
7351
7354
7320
7354
7321
7192
7376
7381
7386
7380
7390
7393
7399
7390
7401
7409
7413
7422
7430
7430
7429
7430
7429
7421
7444
7449
7450
7459
7468
7468
7468
7479
7483
7460
7493
7497
7504
7503
7536
7536
7483
7550
7553
7559
7557
7565
7569
7574
7573
7573
7572
7572
7572
7573
7450
7604
7463
7614
7610
7610
7624
7622
7631
7630
7635
7637
7642
7656
7654
7646
7667
7642
7674
7672
7680
7683
7687
7701
7698
7706
7708
7708
7713
7730
7732
7730
7752
7755
7758
7760
7767
7766
7789
7752
7793
7798
7811
7816
7820
7823
7835
7813
7741
7813
7853
7851
7853
7863
7863
7871
7871
7876
7870
7887
7865
7858
7896
7835
7922
7922
7927
7929
7927
7929
7924
7811
7813
7741
7711
7805
7976
7976
7699
7984
7990
7992
7993
7992
7993
7699
7699
7696
7696
8009
7696
7688
8041
8041
8037
8037
8051
8073
8071
8082
8082
8071
8092
8100
8104
8107
8116
8118
7424
7382
7165
8133
8136
8144
8158
8163
7274
8177
7182
7182
7040
8201
7040
8213
8213
8222
8209
7027
7027
8255
8254
8255
8254
8267
8253
8276
8284
8291
8296
8292
8254
8254
8267
8314
8316
8257
8336
8338
8335
8335
8340
7026
8365
8357
8378
8385
8391
8391
8391
8404
8391
8404
8415
8422
8361
8441
8443
8361
8365
8365
8461
8467
8466
8472
8474
8472
8488
8490
8486
8472
8466
8439
8515
8515
8522
7027
7028
8243
6904
6868
8569
8583
6860
8573
8592
8597
8600
8581
8607
8615
8615
8615
8625
8622
8638
8622
8625
8608
8672
8680
8680
8704
8687
8704
8720
8723
8681
8730
8741
8565
8565
8748
8565
8762
8769
8772
8777
8783
8790
8783
8813
8825
8837
8847
8841
8850
8850
8841
8858
8864
8873
8875
8875
8886
8889
8889
8896
8889
8903
8915
8896
8896
8896
8933
8915
8933
8915
8915
8913
8913
8881
8963
8970
8850
8993
9000
9008
9008
9000
9015
9017
9021
9023
9025
9029
9032
9010
9010
9041
9046
9048
9055
9058
9055
9055
9055
9070
9075
9088
9088
9088
9073
9117
9120
9081
9132
9134
9132
9142
9081
9151
9127
9110
9110
9127
9170
9176
9099
9092
9196
9092
9210
9207
9206
9232
9214
9248
9084
9251
9250
9270
9259
9256
9259
9256
9082
9299
9301
9299
9301
9329
9326
9345
9329
9329
9326
9359
9326
9359
9374
9374
9334
9374
9381
9334
9334
9404
9413
9404
9413
9429
9434
9434
9395
9444
9454
9456
9458
9456
9468
9468
9473
9458
9332
9485
9485
9458
9485
9489
9508
9512
9515
9332
9523
9315
9533
9532
9533
9541
9546
8817
9550
9543
9567
9550
9563
9563
9543
9561
9601
9608
9541
9560
9541
9620
9615
9561
9626
9543
9626
9543
9641
9629
9650
9642
9563
9666
9666
9674
9680
9680
9694
9697
9713
9713
9728
9728
9717
9727
9731
9728
9752
9754
9752
9717
9728
9767
9728
9752
9760
9782
9789
9782
9787
9805
9804
9810
9801
9825
9828
9831
9827
9825
9839
9831
9852
9864
9856
9875
9871
9880
9871
9875
9856
9905
9904
9905
9916
9816
9947
9951
9947
9955
9955
9961
9951
9968
9975
9970
9986
10002
10006
10004
10004
10004
9986
10024
9970
9988
10031
10038
10042
9970
9970
10057
10055
10064
10067
9804
10101
10092
10105
10107
10107
10120
10118
10105
10130
10138
10144
10107
10105
10153
10120
10167
10171
10167
10194
10200
10163
10200
10118
10153
10223
10228
10226
10245
10245
10250
10252
10254
10265
10265
10275
10277
10275
10265
10288
10292
10300
10302
10302
10311
10277
10322
10326
10331
10340
10338
10345
10296
10296
10366
10369
10361
10369
10361
10387
10380
10380
10405
10407
10387
10407
10418
10418
10433
10439
10437
10444
10433
10449
10452
10461
10465
10457
10457
10475
10465
10475
10475
10457
10500
10507
10509
10513
10228
10115
10529
10527
10537
10539
10540
10540
10546
10556
10532
10576
10580
10583
10576
10587
10587
10583
10610
10613
9567
10110
10622
10628
10623
10110
10110
10646
10619
9567
10612
10612
10613
9567
9567
10667
10674
10619
10681
10685
10646
10646
10705
10622
10729
10748
10748
10766
10768
10777
10755
10782
10782
10794
10745
10811
10811
10810
10810
10833
10836
10832
10839
10836
10839
10832
10852
10855
10836
10811
10836
10878
10877
10888
10836
10902
10905
10910
10910
10914
10919
10922
10922
10947
10955
10958
10963
10799
10978
10982
10987
10977
10997
11004
11003
11011
11004
11018
11018
11009
11018
11045
11056
11059
11061
11061
11078
11080
11080
11080
11078
11061
11076
11104
11061
11116
11117
11132
11135
11138
11142
11145
11147
11145
11156
11152
11166
11147
11148
11166
11152
11183
11196
11200
11191
11215
11191
11191
11230
11183
11152
11152
11160
11251
11265
11161
11271
11161
11278
11265
11278
11265
11291
11243
11304
11300
11224
11336
11346
11344
11352
11355
11358
11364
11364
11363
11373
11364
11377
11364
11373
11373
11368
11364
11377
11405
11377
11405
11405
11390
11390
11434
11437
11440
11458
11462
11462
11471
11208
11479
11196
11445
11445
11492
11492
11509
11513
11516
11505
11506
11505
11530
11166
11089
11553
11555
11089
11565
11022
11022
11020
11020
11596
11598
11600
11600
11606
11581
11612
11598
11600
11629
11635
11639
11651
11629
11630
11630
11640
11629
11686
11685
11692
11694
11692
11694
11707
11671
11659
11659
11724
11598
11630
11598
11740
11748
11747
11747
11756
11748
11764
11766
11756
11777
11783
11783
11783
11793
11793
11788
11793
11808
11818
11817
11829
11817
11818
11838
11838
11838
11850
11851
11843
11843
11818
11875
11884
11764
11767
11902
11904
11904
11742
11740
11904
11924
11924
11924
11948
11952
11924
11740
11929
11973
11975
11970
11982
11993
12001
12005
11970
12012
12011
12016
12018
12011
12027
12016
12016
12016
12039
12016
12051
12016
12056
12073
12069
12069
12069
12087
12039
12092
12101
12111
12101
12103
12127
12126
12127
12126
12127
12127
12104
12097
12039
12092
12012
11970
12166
12012
12018
12012
12012
12181
12151
12151
12092
12199
12194
12211
12194
12207
12224
12228
12224
12240
12250
12255
12250
12264
12246
12264
12250
12285
12264
12297
12296
12302
12264
12308
12296
12320
12328
12327
12337
12342
12344
12346
12349
12355
12354
12362
12333
12333
12333
12368
12389
12373
12398
12398
12400
12373
12400
12410
12400
12373
12416
12422
12427
12420
12437
12443
12443
12449
