5
7
5
14
3
20
19
2
35
41
3
4
51
8
64
66
58
83
86
86
88
86
101
98
93
116
119
115
112
124
131
137
153
156
156
173
185
183
193
183
193
183
220
225
232
251
254
256
264
272
280
272
264
297
306
318
330
262
318
262
327
346
348
352
357
251
218
384
381
388
388
180
411
407
426
411
410
432
411
435
443
443
455
426
464
461
461
475
479
479
479
479
496
494
504
496
464
496
495
496
518
509
536
535
464
511
576
401
399
592
600
599
609
615
619
626
631
626
615
656
626
600
669
673
676
679
677
600
626
600
628
704
708
710
714
714
721
714
714
721
732
710
746
732
754
718
718
760
785
760
760
797
796
804
800
804
797
806
775
773
828
764
762
844
857
853
865
871
867
884
857
893
905
905
918
921
927
857
943
953
959
965
969
964
964
977
984
984
990
957
893
959
1011
959
1016
1027
1027
1038
1044
1048
1042
1059
1046
1079
1062
1089
1097
1096
1089
1091
1062
1062
1111
1091
1091
1106
1127
1089
1139
1142
1096
1147
1150
1155
1158
1162
1155
1172
1176
1180
1186
1191
1195
1173
1207
1215
1222
1222
1234
1234
1259
1259
1266
1250
1244
1244
1290
1289
1294
1224
1321
1321
1309
1283
1331
1331
1329
1349
1315
1353
1355
1215
1368
1380
1206
1389
1207
1389
1206
1386
1386
1408
1411
1408
1422
1428
1436
1435
1450
1436
1450
1464
1467
1474
1448
1480
1484
1484
1480
1481
1481
1514
1523
1520
1537
1528
1528
1569
1572
1576
1582
1584
1579
1576
1597
1599
1604
1620
1610
1637
1642
1649
1649
1632
1663
1663
1649
1565
1566
1699
1572
1572
1709
1704
1709
1721
1704
1704
1730
1727
1741
1745
1749
1743
1743
1741
1741
1782
1776
1776
1790
1809
1806
1821
1799
1829
1832
1845
1749
1749
1853
1853
1745
1864
1868
1868
1524
1524
1524
1882
1890
1896
1900
1903
1905
1512
1512
1510
1507
1919
1510
1930
1931
1936
1944
1951
1953
1503
1962
1951
1967
1953
1983
1474
2000
2004
1982
2017
2024
2029
2024
2038
2040
1435
2048
2054
1983
2029
2032
2071
2071
2072
1983
1435
1435
2099
2101
2101
2099
2113
2119
2116
2119
2137
2137
2123
2150
2149
2123
2134
2119
2134
2179
2179
2186
2189
2195
2199
2163
2163
2213
2163
2149
2220
2223
2220
2235
2150
2117
2255
2255
2257
2257
2275
2270
2047
2296
2301
1464
1428
1426
1389
2322
2333
2332
2339
2333
2354
2366
2383
2383
2356
2397
2395
2393
2410
2413
2356
2420
2393
2425
2429
2433
2447
2450
2463
2467
2472
2468
2447
2447
2495
2498
2450
2513
2518
2521
2530
2530
2548
2554
2548
2395
2567
2567
2574
2576
2580
2584
2389
2333
2609
2604
2618
2618
2609
2623
2618
2383
2662
2664
2641
2664
2670
2670
2664
2678
2711
2726
2729
2689
2724
2724
2698
2740
2740
2689
2751
2678
2729
2757
2678
2779
2678
2682
2810
2814
2814
2818
2825
2824
2831
2838
2827
2838
2846
2850
2858
2850
2870
2872
2872
2854
2825
2886
2894
2902
2904
2893
2911
2902
2918
2922
2930
2930
2942
2922
2951
2951
2961
2975
2951
2982
2947
2991
2993
2930
2923
2825
3016
3019
3026
2894
3032
3032
2894
2827
2827
2670
3078
3082
3086
3091
2642
3097
2644
3104
3114
3118
3121
2333
2330
3132
3142
3133
3153
3153
3157
3169
3169
1042
3181
1042
3185
3203
3205
3188
3215
3218
3220
3192
3192
3220
3232
3220
3249
3255
3259
3270
3190
3190
3290
3284
1055
3284
1055
3290
3290
3290
3342
3342
3359
3362
3365
3370
3370
3383
3379
3394
3379
3404
3399
3370
3357
3420
3424
3430
3435
3437
3441
3344
3297
3451
3297
3451
3472
3470
3469
3470
3492
3485
3490
3505
3511
3511
3513
3513
3505
3535
3537
3535
3541
3535
3555
3560
3546
3565
3571
3573
3571
3586
3588
3591
3595
3605
3577
3610
3617
3602
3632
3602
3602
3605
3617
3577
3610
3666
3672
3541
3537
3684
3472
3471
3692
3472
3701
3710
3715
3720
3724
3732
3735
3741
3739
3733
3752
3727
3727
3759
3760
3761
3785
3788
3797
3802
3804
3797
3810
3810
3807
3819
3821
3822
3829
3822
3835
3838
3844
3844
3849
3840
3866
3872
3870
3883
3870
3868
3891
3891
3897
3899
3899
3897
3911
3914
3916
3922
3921
3922
3935
3929
3948
3943
3953
3948
3956
3964
3937
3964
3989
3989
3989
3994
4002
3994
4019
4016
4019
4022
4037
4047
4062
4074
4066
4087
4089
4087
4094
4095
4104
4089
4104
4104
4127
4120
4120
4131
4085
4142
4083
4047
4149
4041
4154
4041
4160
4160
3967
3967
3922
4190
4189
4197
4200
4187
4200
4200
4214
4214
4217
4217
4227
4239
4197
4187
4248
4251
4254
4256
4189
4256
4254
4270
4270
4256
4277
4262
4287
4309
4311
4301
4311
4311
4330
4332
4258
4350
4356
4342
4356
4356
4341
4370
4375
4377
4343
4399
4389
4404
4404
4410
4399
4410
4390
4423
4433
4435
4435
4441
4449
4455
4454
4455
4460
4478
4350
4190
4488
4508
4514
4514
4509
4478
4554
4560
4556
4574
4577
4585
4589
4589
4589
4608
4630
4632
4637
4637
4640
4619
4619
4650
4669
4640
4637
4646
4637
4608
4608
4692
4691
4719
4714
4733
4713
4749
4728
4755
4769
4773
4776
4732
4733
4790
4719
4805
4811
4692
4686
4613
4615
4832
4613
4842
4847
4832
4847
4844
4858
4857
4874
4861
4885
4894
4897
4899
4858
4847
4920
4847
4907
4935
4940
4847
4922
4956
4923
4917
4956
4956
4979
4986
4984
4995
4995
4984
5003
5002
5002
5018
5002
4984
5042
4914
5050
4914
5058
5058
4574
5067
5073
5084
5075
5089
5075
5074
5104
5113
5100
5100
5129
5137
5137
5144
5149
5144
5148
5169
5169
5181
5167
5168
5196
5168
5200
5181
5217
5219
5219
5217
5143
5236
5240
5147
5149
5151
5264
5152
5152
5137
5089
5287
5288
5287
5084
5297
5297
5308
5300
5301
5301
5320
5308
5335
5337
5335
5342
5348
5356
5365
5337
5342
4350
5375
5382
5383
4526
5394
4502
4190
4488
5412
5415
5414
5412
5412
5414
5434
5448
5452
5452
5421
5422
5418
5422
5421
5474
5421
5478
5474
5422
5483
5494
5483
5478
5483
5504
5508
5504
5483
5504
5530
5533
5478
5543
5478
5566
5566
5565
5565
5566
5586
5587
5596
5567
5567
5608
5596
5608
5608
5567
5603
5636
5600
5600
5562
5560
5560
5658
5650
5650
5667
5560
5658
5667
5684
5689
5693
5667
5560
5543
5706
5710
5716
5714
5730
5744
5749
5751
5754
5770
5533
5533
5784
5788
5794
5801
5813
5818
5797
5818
5834
5834
5804
5809
5857
5864
5868
5871
5879
5879
5801
5887
5893
5896
5901
5896
5805
5913
5925
5928
5925
5887
5939
5887
5939
5945
5951
5928
5965
5964
5974
5985
5989
5901
6002
5893
6006
6013
6018
6022
6023
6018
6018
6023
6046
6047
6047
5504
6060
6065
6073
6082
5508
5506
6097
6104
6107
6107
6106
6104
6125
6104
6095
6143
6079
6159
6079
6161
6169
6173
6169
6188
6192
6192
6204
6209
6213
6201
6213
6228
6227
6233
6236
6235
6233
6227
6228
6233
6236
6236
6201
6267
6186
6273
6142
6280
6280
6096
6306
6099
6303
6321
6330
6305
6339
6341
6099
6349
6348
6357
6348
6365
6368
6357
6104
6104
6378
6378
6378
6402
6107
6107
6113
6421
6100
6116
6432
6431
6432
6442
6446
6464
5508
5508
6485
6492
6481
6485
6492
5506
5494
5491
6520
5422
5474
5494
6518
6538
6538
6520
6520
5494
6561
6565
6561
6565
6541
6517
6593
6538
6561
6538
6593
6538
6561
6613
6626
6624
6632
6520
6522
6641
6647
5415
6665
6659
6682
6691
6687
6701
6714
6735
6740
6742
6745
6742
6754
6751
6751
6773
6772
6771
6779
6771
6744
6745
6751
6798
6744
6745
6771
6779
6771
6815
6820
6815
6773
6815
6815
6844
6854
6861
6873
6815
6881
6887
6893
6897
6901
6665
5415
6915
6915
6665
6926
6926
6931
6934
6933
6937
6940
6947
6950
6940
6947
6961
6983
6971
6987
6980
6979
6983
6987
7009
6987
7031
7037
7032
7035
7031
7049
7031
7049
7055
7063
7069
7072
7085
7080
7072
7101
7100
7035
7110
7032
7115
7032
7115
7132
7119
7043
7141
7144
7151
7017
7150
7173
7169
7169
7151
7185
7189
7197
7017
7211
7217
7220
7230
7230
7235
7232
7244
7243
7237
7250
7253
7262
7252
7279
7279
7285
7293
7314
7310
7319
7319
7326
7314
7342
7314
7336
7355
7336
7336
7366
7363
7372
7373
7312
7390
7394
7342
7342
7401
7305
7406
7408
7410
7408
7306
7306
7306
7431
7232
7437
7437
7217
7215
7017
7159
7460
7159
7473
7460
7488
7489
7496
7498
7505
7509
7513
7518
7529
7542
7542
7539
7518
7509
7570
7576
7575
7576
7596
7590
7603
7159
7602
7611
7613
7603
7626
7630
7630
7630
7642
7645
7018
7649
7655
6987
6987
7668
7671
7673
7673
7683
7673
7695
7695
7697
7702
6983
7707
7707
6979
7727
7724
6979
7720
7720
6979
7724
7757
7759
6940
6965
6950
6951
6943
6934
6934
4190
4347
7801
7798
7812
7811
7826
7833
7821
7827
7843
7849
7856
7856
7856
7855
7884
7886
7861
7886
7894
7884
7886
7904
7904
7915
7919
7915
7886
7931
7934
7928
7928
7947
7955
7958
7964
7971
7977
7978
7984
7991
7904
7915
7917
8005
8005
8001
7919
7915
8032
8040
8035
8042
8035
8056
8067
8035
8074
8081
8087
8085
8069
8036
8015
8105
8112
8116
8112
8116
8129
8116
8134
8136
8138
8138
8138
8140
8149
8140
8154
8122
8170
8169
8170
8176
8178
8182
8184
8191
8191
8204
8200
8206
8204
8204
8215
8193
8228
8122
8184
8256
8190
8184
8191
8193
8283
8215
8122
8307
8313
8315
8122
8122
8323
8329
8341
8340
8347
8349
8356
8358
8356
8378
8378
8373
8198
8398
8129
8015
8415
8129
8415
8015
8015
8001
8439
8444
8001
8448
8457
8439
8466
8005
8472
8017
8481
8017
8487
8495
8499
8495
8512
7910
7857
7861
8530
8538
8538
8548
8551
8553
8559
8559
8564
8561
8581
8580
8580
8579
8594
8594
8579
8612
8616
8616
8618
8599
8629
8581
8636
8639
8649
8658
8661
8664
8668
8667
8673
8668
8677
8679
8686
8688
8691
8700
8705
8707
8710
8710
8725
8734
8741
8743
8745
8734
8752
8762
8762
8769
8773
8778
8797
8793
8802
8802
8802
8797
8778
8789
8797
8820
8820
8831
8840
8843
8851
8856
8860
8872
8866
8878
8882
8885
8885
8897
8896
8904
8904
8886
8886
8921
8924
8940
8938
8940
8934
8963
8963
8970
8974
8965
8981
8981
8983
8989
8995
8994
9001
9006
9014
9020
9023
9029
9028
9042
9048
9048
9023
9025
9071
9075
9069
9070
9068
9067
9085
9117
9121
9125
9124
9125
9136
9150
9158
9123
9124
9146
9170
9173
9073
9184
9075
9074
9183
9207
9216
9226
9220
9225
9233
9231
9244
9073
9207
9256
9259
9267
9267
9256
9274
9209
9264
9281
9290
9294
9296
9294
9304
9319
9315
9298
9324
9296
9298
9298
9340
9340
9356
9360
9363
9369
9336
9371
9376
9336
9395
9403
9399
9421
9399
9400
9396
9400
9438
9440
9444
9440
9438
9438
9396
9438
9461
9440
9474
9480
9480
9482
9488
9498
9474
9482
9474
9509
9509
9516
9474
9509
9531
9535
9542
9545
9550
9554
9556
9559
9516
9565
9565
9578
9587
9578
9568
9612
9620
9631
9634
9634
9647
9654
9658
9660
9654
9667
9669
9677
9679
9682
9696
9681
9707
9710
9714
9710
9718
9720
9722
9728
9735
9737
9760
9767
9766
9779
9777
9783
9783
9760
9790
9798
9766
9802
9802
9814
9821
9831
9820
9821
9820
9821
9859
9821
9870
9869
9878
9877
9878
9877
9900
9902
9904
9926
9930
9934
9936
9926
9941
9877
9878
9953
9967
9878
9878
9953
9880
9987
9992
9992
9987
10005
10006
10005
10004
10004
10023
10004
10005
10023
10038
10004
10004
10046
10003
9997
10064
10061
10070
10053
10082
10085
10004
10090
10093
10023
10023
10093
10107
10093
10118
10017
10017
10017
10132
10006
10006
10139
10001
9987
10139
10156
9987
10153
10165
10167
10169
10176
9987
10156
10182
10217
10219
10226
10245
10247
10247
10258
10256
10266
10270
10275
10275
10280
10287
10258
10298
9874
9874
10321
10321
10328
10316
10328
10327
10350
10330
10359
10366
10368
10370
10373
10387
10389
10400
9870
10409
10404
10413
10420
10426
10428
10409
10409
9859
9826
9822
10455
10455
10462
9767
9735
10495
10499
10509
10511
10509
10495
10509
10495
10533
10542
10548
10553
10505
10553
10495
10568
10572
10579
10579
10594
10593
10608
10610
10610
10608
10593
10580
10622
10580
10610
10612
10641
10612
10641
10639
10659
10605
10675
10656
10659
10594
10698
10596
10705
10705
10533
10721
10723
10717
10735
10740
10740
10721
10721
10514
10511
10778
10777
10784
10787
10787
10787
10777
10806
10769
10723
10821
10823
10821
10835
10838
10835
10823
10824
10849
10856
10849
10868
10868
10868
10849
10869
10868
10869
10787
10920
10926
10930
10936
10930
10940
10944
10947
10950
10947
10940
10948
10970
10969
10985
10980
10984
10998
11000
10959
10984
11026
11019
11019
10969
11039
11028
11022
11022
11028
11022
11071
11075
11075
11028
11028
11019
11088
11028
11100
11098
11100
11028
11100
11114
11120
11126
11142
11120
11153
11157
11163
11132
11170
11170
11185
11187
11189
11196
11201
11215
11201
11201
11207
11203
11237
11209
11209
11256
11255
11256
11235
11279
11279
11203
11288
11279
11293
11299
11299
11311
11319
11322
11235
11325
11345
11353
11349
11325
11235
11340
11371
11345
11380
11390
11390
11389
11390
11391
11384
11391
11378
11428
11434
11444
11345
11452
11432
11475
11453
11485
11488
11345
11453
11499
11502
11508
11502
11515
11526
11521
11536
11538
11504
11544
11549
11488
11559
11564
11573
11564
11581
11564
11585
11581
11573
11594
11589
11604
11581
11564
11622
11620
11630
11604
11648
11656
11655
11668
11604
11668
11646
11678
11668
11688
11668
11604
11589
11593
11594
11576
11573
11573
11576
11716
11738
11738
11752
11752
11763
11768
11783
11786
11790
11738
11738
11800
11806
11811
11816
11821
11819
11824
11837
11841
11716
11850
11846
11853
11853
11869
11872
11874
11880
11886
11886
11890
11898
11898
11901
11914
11916
11914
11921
11923
11931
11921
11921
11941
11947
11941
11947
11931
11924
11923
11923
11957
11974
11998
12005
12011
12008
11978
12024
11895
12032
12041
12043
12041
12052
12048
12061
12046
12043
12075
12081
12080
12086
12086
12091
12104
12103
12115
12080
12124
12086
12136
12115
12147
12149
12151
12151
12163
12154
12157
12174
12176
12157
12172
12191
12196
12200
12213
12208
12219
12080
12140
12236
12241
12080
12249
12254
12080
12262
12262
12261
12241
12275
12261
12241
12288
12286
12254
12312
12306
12300
12304
12331
12080
12338
12300
12346
12319
12356
12319
12363
12319
12371
12371
12356
12321
12390
12356
12399
12385
12321
12321
12407
12425
12385
12432
12434
12434
12436
12441
12448
12428
12448
12467
12480
12482
12455
12493
12497
12503
12508
12510
12508
12508
12508
12526
12530
12535
12530
12530
12535
12544
12548
12549
12548
12526
12548
12544
12570
12530
12590
12593
12530
12597
12602
12607
12611
12611
12610
12611
12610
12629
12611
12615
12639
12638
12653
12639
12611
12671
12673
12425
12421
12399
12393
12319
12702
12372
12372
12372
12367
12721
12367
12738
12738
12747
12750
12747
12755
12749
12762
12773
12773
12769
12769
12796
12787
12804
12809
12815
12782
12820
12820
12815
12827
12833
12840
12851
12858
12738
12863
12738
12714
12714
12881
12879
12880
12880
12905
12884
12915
12894
12884
12930
12715
12949
12950
12971
12969
12955
12977
12989
12989
12994
12995
12990
13019
13012
13028
13038
12959
13042
12959
13059
12956
13066
13068
13070
13078
13078
13090
13104
13107
13042
13113
13121
13125
13121
13125
13132
13134
13136
13132
13141
13134
13134
13149
13152
13152
13152
13165
13174
13174
13174
13190
13192
13200
13204
13200
13192
13204
13174
13174
13232
13232
13243
13236
13236
13243
13242
13243
13236
13249
13251
13283
13286
13283
13293
13174
13300
13317
13303
13328
13326
13335
13327
13335
13346
13328
13353
13300
13298
13364
13293
13295
13372
13295
13389
13295
13399
13397
13295
13383
13370
13298
13423
13293
13437
13436
13370
13454
13462
13426
13426
13466
13364
13492
13374
13492
13491
13375
13513
13519
13506
13526
13491
13506
13533
13492
13538
13543
13492
13553
13560
13562
13574
13573
13583
13594
13594
13594
13604
13605
13608
13635
13637
13639
13637
13608
13639
13639
13670
13564
13682
13686
13689
13693
13538
13708
13708
13703
13715
13718
13729
13733
13738
13737
13723
13513
13751
13758
13513
13764
13372
13789
13794
13387
13809
13806
13815
13819
13818
13830
13830
13809
13837
13163
13850
13853
13389
13873
13880
13865
13890
13889
13889
13889
13902
13902
13923
13925
13927
13907
13934
13890
13947
13952
13955
13960
13955
13964
13955
13960
13955
13978
13985
13955
13964
14000
13999
14008
14000
14000
14000
14028
14041
14046
14045
14058
14063
14060
14069
14051
14076
14076
14084
14046
14034
14096
14038
14034
14047
14034
14112
14115
14118
14118
14127
14118
14132
14139
14145
14158
14160
14158
14165
14165
14165
14158
14180
14190
14193
14187
14188
14190
14221
14225
14234
14240
14244
14246
14246
14256
14265
14268
14271
14274
14277
14253
14286
14251
14305
14292
14303
14313
14320
14324
14334
14333
14333
14333
14334
14352
14364
14366
14366
14349
14377
14374
14368
14398
14366
14408
14414
14417
14405
14410
14410
14434
14434
14434
14434
14453
14455
14441
14441
14441
14460
14398
14405
14436
14490
14423
14423
14391
14508
14514
14521
14520
14535
14537
14545
14533
14567
14576
14578
14589
14535
14597
14603
14600
14619
14601
14627
14601
14636
14215
14653
14183
14180
14678
14682
14180
14694
14683
13993
14710
14710
14160
14160
14731
14738
14719
14745
14714
13866
14756
14756
13389
13853
13390
14786
14796
14806
14803
14803
14806
14806
14803
14806
14829
14832
14838
14840
14791
14861
14871
14871
14880
14881
14891
14882
14897
14899
14791
13094
13104
14912
13104
14920
13104
14935
14934
14947
14950
14930
14964
12959
14990
15000
15000
15011
15013
15011
15014
15025
13090
15049
15046
15046
15058
15064
15059
15071
15042
15042
15079
15084
15082
15090
15082
15083
15083
15109
15079
15109
15116
15125
15128
15125
15143
15143
15128
15116
15154
15128
15135
15135
15179
15193
15203
15202
15202
15213
15212
15212
15225
15225
15202
15212
15235
15235
15235
15213
15253
15253
15116
15266
15183
15270
15274
15278
15286
15290
15280
15294
15290
15290
15302
15304
15179
15156
15154
15156
15322
15324
15326
15328
15340
15340
15337
15352
15357
15363
15377
15377
15382
15389
15394
15405
15421
15366
15405
15442
15413
15444
15405
15458
15405
15465
15458
15474
15477
15408
15334
15493
15334
15500
15502
15504
15508
15513
15502
15520
15507
15524
15507
15502
15533
15535
15539
15566
15528
15574
15507
15594
15597
15606
15605
15597
15617
15620
15622
15622
15628
15605
15631
15605
15652
15606
15661
15661
15668
15661
15677
15669
15689
15698
15652
15713
15715
15716
15724
15726
15731
15649
15733
15649
15760
15773
15775
15778
15775
15766
15766
15767
15805
15808
15808
15603
15831
15840
15845
15848
15831
15858
15872
15877
15884
15528
15895
15504
15906
15914
15916
15135
15914
15927
15928
15914
15166
15944
15914
15944
15944
15959
15166
15952
15952
15959
15163
15986
15986
15993
15996
15130
15163
16011
15130
16035
16035
16044
16063
16063
16068
16063
16068
16079
16084
16096
16101
16100
16100
15125
16113
16117
16126
15058
15064
16144
16155
13059
13051
13051
13051
13051
16174
13051
16174
13059
16197
16192
13059
16212
16168
16165
16230
16227
16253
16255
16253
16239
16255
12881
12881
12881
16277
16279
16286
16286
16297
16312
16318
16320
16329
12905
16337
16341
16337
16360
16380
16384
16400
16403
12905
16400
16416
16420
16403
16433
16432
16432
16453
16456
16432
16432
16444
16433
16427
16479
16475
16479
16485
16485
16485
16479
16504
16507
16420
16521
16512
16537
16537
16416
16553
16515
16570
16570
16570
16570
16570
16581
16590
16594
16597
16590
16602
16610
16610
16420
12944
12930
16628
16637
16637
16637
12937
12935
12935
16659
16663
16659
12254
12312
16684
16686
16697
16699
16710
16712
11895
16722
16727
16729
16727
16729
16746
11235
16761
11326
11312
16772
16772
11311
16766
16785
16790
16787
16790
16800
16800
16802
16814
16766
16822
16824
16829
16829
16834
16834
16839
16846
16814
16862
16869
16876
16887
16894
16894
11312
16908
16912
16919
16919
16923
16936
16913
16913
16956
16960
16964
16957
16960
16982
16982
16987
16982
16982
16960
17000
16960
17005
16964
16982
17017
17017
17026
17026
17026
17039
17040
16993
17058
17065
17068
17076
17078
17081
16908
17088
11232
17097
17100
17100
17120
17115
17135
11237
17132
17102
17102
17148
17150
17153
11209
11255
17172
17173
17173
17185
11198
17198
17211
17211
17216
11191
17231
17237
17236
17233
17236
17253
17260
11177
17221
17273
17221
17272
17298
17301
17310
17312
17299
17216
17329
17329
17329
17346
17354
17351
17374
17367
17341
17367
17374
17387
17387
17399
17399
17399
17374
17374
17424
17428
17331
17439
17457
17452
17451
17457
17452
17468
17480
17497
17495
17501
17495
17508
17512
17457
17454
17527
17522
17522
17539
17527
17546
17549
17522
17554
17554
17562
17553
17570
17573
17580
17580
17560
17558
17558
17594
17601
17594
17594
17549
17556
17556
17623
17629
17636
17546
17652
17661
17663
17667
17667
17667
17652
17680
17685
17690
17695
17534
17680
17713
17718
17737
17718
17745
17696
17752
17754
17758
17696
17693
17443
17272
17273
17281
17798
17798
17808
17810
17813
11022
17817
11075
17815
17837
17840
17848
17848
17843
17848
17858
17869
17879
17830
17824
11022
11071
11071
10994
11059
17916
17918
17916
17922
17918
17924
17932
17932
17938
17937
17946
17909
11062
11000
10985
17973
17977
17973
17995
18014
18014
18019
18021
18026
18025
18031
18031
18046
18003
18046
18003
18063
18068
18065
18074
18076
18074
18065
18083
18088
18088
18088
18103
18109
18065
18116
18082
18139
18138
18143
18150
18143
18143
18163
18177
18131
18194
18177
18204
18207
18194
18181
18221
18224
18224
18235
18238
18074
18229
18255
18252
18255
18269
18268
18235
18235
18238
18293
18297
18229
18303
18229
18126
18331
18333
18331
18333
18255
18126
18350
18362
18368
18362
18362
18074
18074
18392
18407
18407
18372
18421
18368
18427
18433
18437
18441
18433
18437
18454
18449
18448
18454
18460
18472
18472
18479
18428
18441
18486
18492
18496
18495
18495
18509
18495
18495
18506
18505
18506
18504
18495
18529
18537
18538
18549
18076
18560
18562
18051
18570
18051
18562
18580
18562
18562
18584
18595
18598
18570
18570
18004
18570
18614
18614
18641
18640
18650
18641
18654
18641
18661
18654
18654
18654
18669
18636
18686
18679
18679
18686
18700
18710
18710
18717
18717
18732
18686
18742
18744
18755
18712
18765
18765
18771
18776
18779
18781
18781
18786
18799
18799
18782
18781
18796
18781
18796
18814
18781
18799
18712
18712
18760
18837
18755
18843
18848
18848
18872
18871
18870
18890
18897
18893
18905
18890
18901
18901
18921
18921
18919
18919
18905
18897
18951
18944
18874
18959
18973
18967
18978
18874
18992
18994
18992
18994
18877
19004
18877
18877
19012
18872
18872
18872
18994
19045
19047
18872
19051
18872
19061
19065
19069
19075
19017
19079
19083
19087
19091
19083
19096
19083
19116
19124
19109
19124
19124
19116
19116
19096
19091
19154
19167
19176
19166
19182
19184
19187
19176
19193
19199
19202
19164
19164
19162
19229
19229
19238
19243
19248
19243
19237
19243
19248
19239
19124
19293
19297
19301
19297
19305
19309
19109
19118
19329
19329
19333
19340
19325
19083
19087
19353
19353
19353
19353
19100
19353
19359
19004
19004
19392
18851
19400
18853
19408
19426
19426
18737
19437
19440
19450
18004
19459
19461
19459
18566
17995
19474
19461
19461
19456
19461
19465
19459
19465
19459
19461
19511
19516
19521
19521
19474
10948
19548
19560
9722
9722
19560
19578
10922
19584
19596
19599
19602
19609
19602
19609
19623
19619
19640
19647
19649
19647
19666
19664
19660
19672
19674
19691
19698
19700
19698
19697
19696
19695
19696
19696
19696
19697
19736
19747
19751
19751
19751
19751
19778
19785
19789
19791
19789
19811
19808
19811
19819
19821
19808
19811
19833
19833
19819
19846
19821
19851
19860
19791
19791
19875
19791
19885
19885
19882
19882
19885
19902
19791
19862
19874
19922
19875
19922
19875
19940
19875
19949
19952
19955
19961
19966
19969
19943
19977
19979
19977
19988
19882
20005
19898
20037
19883
19883
20028
19883
20065
19883
20043
20079
20087
20088
20100
20098
20112
20118
20116
20125
20124
20135
20140
20140
20140
20154
20165
20165
20172
20179
20184
20191
20193
20200
20196
20205
20132
20132
20237
20239
20240
20246
20125
20088
20088
20271
20273
20281
20077
19883
19883
20305
19883
20313
20318
20326
20326
20313
20341
20061
20049
19867
20364
19867
19792
20381
20385
20401
20391
20391
20405
20413
20417
20419
20412
20426
20428
20428
20417
20417
20447
20460
20463
20449
20449
20473
20488
20456
20511
20513
20441
20525
20513
20538
20540
20540
20540
20550
20552
20550
20557
20556
20564
20552
20572
20572
20577
20579
20577
20577
20595
20595
20597
20541
20580
20580
20541
20638
20513
20500
20659
20666
20468
20468
20672
20688
20694
20672
20672
20699
20721
20710
20731
20735
20740
20748
20748
20759
20720
20720
20721
20720
20779
20787
20781
20804
20815
20809
20826
20826
20798
20721
20801
20840
20718
20699
20688
20865
20688
20881
20883
20887
20883
20881
20893
20883
20902
20907
20907
20906
20907
20492
20930
20930
20492
20492
20941
20946
20447
20958
20960
20963
20447
20974
20983
20482
20996
20991
20996
20989
21014
21019
21018
21027
21018
21025
21038
21045
21052
21055
21057
21027
20419
20419
21080
21072
21089
21092
21089
21087
21086
21102
21102
21089
21111
21114
20419
21131
21130
21114
21111
21148
21152
21160
21166
21169
21175
21164
21188
21192
21188
21187
21187
21209
21211
21214
21218
21214
21226
21233
21235
21219
21219
21245
21252
21233
21258
21261
21233
21265
21261
21258
21235
21277
21286
21290
21202
21292
21300
21304
21295
21319
21314
21325
21314
21325
21337
21345
21337
21325
21337
21342
21368
21370
21368
21376
21376
21373
21370
21391
21322
21403
21407
21417
21417
21417
21431
21417
21442
21449
21446
21446
21456
21479
21487
21492
21451
21446
21446
21509
21468
21469
21468
21468
21468
