0
2
2
0
11
14
19
0
0
0
35
41
51
44
50
50
67
69
71
51
42
30
77
88
87
87
77
77
92
87
45
118
122
125
125
77
136
136
145
147
156
161
162
162
171
87
179
126
126
202
183
202
216
183
237
228
237
264
237
269
271
202
279
279
242
243
243
216
318
320
326
320
316
334
335
320
348
352
335
335
369
370
376
379
347
394
348
401
351
408
421
427
216
303
439
451
179
179
465
471
475
485
194
497
465
503
502
516
522
525
522
524
524
544
544
545
545
534
578
569
584
592
592
600
604
608
607
614
607
616
632
619
641
629
647
646
646
656
647
662
669
674
672
680
679
680
672
698
704
686
708
673
717
711
731
541
535
525
525
765
756
772
779
790
793
801
809
815
790
830
829
790
525
853
842
525
525
868
870
875
870
868
870
887
888
898
900
848
907
919
924
926
933
935
938
944
943
956
938
938
829
974
994
997
978
997
1008
996
978
1022
1029
179
1038
1040
456
457
456
1061
1065
456
1069
1076
1084
171
1090
1096
1098
1103
1112
85
26
19
1140
1146
1143
1154
11
1143
14
1168
1169
1169
11
11
1169
1197
1199
1184
1208
1208
1143
1218
1154
1222
1154
1218
1222
1240
1154
1246
1259
1245
1246
1276
1279
1281
1275
1293
1298
1303
1303
1310
1275
1320
1320
1346
1154
1356
1360
1240
1364
1208
1381
1374
1208
1374
1392
1374
1403
1403
1140
1413
1146
1146
1413
1146
1401
1435
1440
9
1450
1431
1450
1447
1467
1440
1483
1496
1501
1501
1513
1501
1521
1526
1529
1535
1539
1543
1546
1549
1557
1546
1543
1570
1543
1577
1543
1582
1543
1582
1590
1582
1582
1594
1599
1602
1605
1534
1619
1631
1535
1635
1631
1643
1643
1643
1672
1682
1689
1695
1504
1720
1724
1728
1734
1734
1742
1741
1753
1741
1741
1787
1501
1796
1796
1501
1796
1794
1822
1822
1828
1827
1828
1830
1853
1830
1848
1866
1865
1861
1888
1524
1526
1529
1915
1853
1946
1956
1956
1954
1954
1955
1978
1994
2001
2003
2012
1914
2010
2029
2019
2039
2042
2029
2054
2048
2029
2019
2064
2064
2019
2064
2029
2053
2012
2096
2039
2043
2043
2016
2125
2130
2130
2123
2140
2151
2154
1894
1915
1521
2173
2182
2184
2190
2192
2192
2211
2215
2226
2230
2248
2245
2249
2249
2249
2276
2300
2250
2305
2307
2311
2320
2319
2326
2334
2320
2320
2351
2353
2357
2346
2362
2366
2362
2341
2334
2333
2390
2334
2334
2398
2398
2381
2419
2423
2428
2426
2427
2438
2438
2418
2426
2448
2426
2472
2426
2488
2491
2491
2497
2496
2482
2516
2518
2520
2518
2482
2529
2532
2539
2532
2534
2483
2554
2556
2560
2556
2484
2571
2506
2571
2584
2586
2596
2591
2608
2607
2607
2626
2632
2635
2617
2635
2647
2645
2657
2657
2667
2673
2672
2679
2665
2689
2700
2506
2711
2506
2716
2729
2715
2742
2744
2742
2749
2749
2759
2766
2783
2783
2789
2796
2767
2767
2776
2807
2811
2811
2811
2819
2813
2816
2801
2716
2719
2801
2833
2801
2851
2716
2864
2871
2875
2719
2887
2891
2891
2910
2916
2918
2886
2927
2924
2935
2935
2942
2946
2942
2949
2960
2935
2971
2968
2971
2983
2983
2992
2992
2983
3010
3007
3019
2985
2994
3022
3032
2994
2985
2985
2985
3056
3064
3063
3059
3064
3080
3054
3087
3094
3096
3100
3104
3113
2485
3118
3118
3117
3128
3127
2485
3117
2485
3113
3113
2485
3157
3168
3170
3168
2485
3146
3117
3204
3211
3202
3214
3222
3215
3227
3202
3214
3221
3246
3246
3222
3222
3256
3231
3227
3127
3227
3227
3227
3290
3290
3301
3310
3315
3278
3324
3278
3339
3344
3279
3346
3353
3353
3355
3374
3376
3127
3386
3127
3386
3128
3386
3398
3398
3386
3127
3279
3127
3431
3433
3386
3437
3442
3445
3442
3386
3386
3467
3479
3479
3479
3473
3500
3500
3509
3518
3445
3526
3526
3542
3545
3528
3561
3528
3545
3545
3554
3579
3589
3593
3610
3616
3588
3588
3616
3606
3637
3588
3644
3656
3656
3647
3670
3659
3656
3655
3686
3655
3686
3696
3706
3718
3722
3722
3722
3722
3730
3730
3730
3751
3751
3757
3761
3773
3777
3773
3782
3795
3797
3804
3816
3816
3816
3827
3670
3670
3670
3836
3834
3664
3858
3855
3864
3871
3864
3880
3645
3884
3871
3891
3887
3901
3903
3906
3911
3917
3919
3906
3932
3871
3917
3917
3953
3941
3922
3969
3971
3967
3967
3967
3971
3985
3987
3941
3953
3955
3941
3985
4017
3969
3988
4042
4047
4048
4048
4030
4030
4065
4069
4069
4030
4030
4077
4084
3967
3975
3922
3965
4096
3967
4096
4108
3919
4125
4125
4127
3915
4144
4148
4144
4159
4168
4144
4172
4144
4144
3915
3915
4191
4127
4220
4220
4220
4241
4234
4221
4252
4252
4262
4268
4186
4281
4288
4284
4299
4298
4301
4301
4319
4322
4323
4342
4342
4348
4310
4360
4371
4380
4396
4376
4396
4376
4404
4404
4426
4429
4396
4438
4396
4443
4426
4426
4451
4404
4429
4463
4469
4473
4467
4485
4490
4488
4495
4498
4485
4503
4509
4518
4517
4282
4531
4527
4539
4541
4553
4559
4571
4571
4569
4570
4542
4590
4601
4610
4610
4610
4622
4637
4616
4642
4657
4664
4663
4664
4663
4676
4646
4645
4689
4645
4686
4700
4702
4708
4702
4704
4708
4645
4734
4737
4702
4737
4708
4704
4754
4757
4760
4768
4770
4760
4781
4622
4789
4622
4811
4819
4792
4824
4831
4831
4824
4789
4792
4789
4862
4869
4875
4794
4794
4875
4895
4893
4919
4918
4925
4918
4919
4925
4947
4950
4950
4956
4952
4956
4956
4974
4970
4976
4989
5001
5010
5010
4876
5013
5026
5030
5008
5008
5040
5040
5043
5007
5078
5088
5094
5070
5007
5008
5043
5043
5113
5115
5148
5157
5157
5050
5168
5175
5184
5168
5171
5168
5184
5184
5203
5220
5182
5208
5210
5203
5230
5242
5244
5248
5266
5263
5234
5284
5282
5199
5184
5199
5314
5185
5330
5334
5344
5346
5346
5026
5371
5373
5010
5380
5388
5407
5380
4909
4877
4595
4537
5439
5441
5439
5434
5459
5463
5474
5474
5482
5463
5474
5498
5497
5498
5498
5513
5513
5516
5527
5533
5532
5533
5540
5533
5537
5533
5552
5557
5559
5568
5540
5572
5576
5572
5576
5585
5572
5599
5601
5599
5613
5618
5613
5613
5596
5635
5596
5576
5639
5576
5576
5664
5667
5663
5663
5690
5663
5694
5694
5699
5664
5667
5720
5727
5727
5727
5726
5671
5749
5762
5769
5774
5782
5788
5794
5780
5765
5805
5765
5765
5730
5825
5730
5830
5727
5733
5842
5842
5854
5859
5859
5862
5872
5875
5859
5672
5882
5889
5674
5674
5903
5905
5905
5920
5899
5932
5932
5899
5920
5947
5947
5956
5959
5962
5964
5967
5969
5973
5979
5977
6000
5971
5972
6014
6014
6021
6025
6011
6030
6036
5999
5999
6044
6050
6047
6054
6050
6056
6067
6050
6073
6048
6088
5999
6036
5999
5999
6088
6087
6086
6086
6118
6132
6116
6143
6145
6113
6151
6160
6165
5999
5999
6169
6187
6170
6171
6171
5999
6207
6214
6220
6220
6226
6226
6235
6098
6244
6246
6098
6036
6000
6036
6260
6096
6274
6274
6274
6279
6298
6300
5987
6320
6319
5977
6335
6342
6344
5989
5989
6344
6360
6359
6373
6360
6383
6387
6381
6395
6383
6399
6403
6405
6405
6407
6393
6387
6387
6376
6433
6432
6437
6437
6443
6447
6451
6451
6459
5980
6468
6473
5979
5978
5980
6484
6467
6490
6468
6473
6495
6509
6509
6495
6521
6528
6538
6545
6548
6548
6548
6554
5917
5917
6578
5882
5882
5917
6578
6575
6598
6575
6609
6578
6627
6571
6571
6638
6642
6644
6650
6647
6636
6661
6663
6668
6667
6667
6667
6687
6686
6686
6695
6677
6713
6668
5672
6732
5884
6749
6742
6732
6770
5639
5577
5568
5639
6786
6785
6793
6792
6802
6804
6804
6813
6819
6816
6827
6819
6786
6786
5577
6852
6852
5577
6866
6787
6880
6880
6849
6882
6867
6896
6898
5513
5513
6920
5513
6928
6918
6920
6937
6946
6957
6959
5506
6969
6972
5463
5463
6983
5456
6983
6981
6988
7017
7017
7024
7027
7027
7017
7009
7009
7036
7046
7049
7009
7039
7061
7065
7063
7078
7080
7064
7101
7105
7116
7105
7136
7138
7140
7158
7173
7172
7180
7185
7191
7191
7199
7198
7206
7208
7216
7216
7216
7140
7222
7243
7248
7243
7208
7259
7267
7273
7277
7283
6997
7295
7291
7313
7313
7310
7298
7300
7298
7298
7348
7361
5457
5439
5439
7368
7378
7383
7368
7378
7395
7401
5446
5446
7413
7417
4534
7423
4157
7433
7435
7448
4172
7466
7461
7478
7469
7477
7478
7469
7461
7512
7469
7526
7526
7534
7534
7534
7546
7546
7560
7534
7553
7580
7539
7589
7541
7603
7607
7521
7607
7521
7621
7623
7635
7642
7638
7646
7638
7642
7642
7662
7646
7662
7638
7646
7646
7690
7624
7690
7697
7621
7708
7705
7713
7712
7733
7736
7733
7743
7747
7743
7757
7764
7769
7769
7745
7745
7745
7736
7800
7736
7815
7817
7817
7815
7815
7824
7832
7736
7736
7852
7867
7872
7872
7871
7876
7904
7908
7904
7902
7918
7918
7926
7902
7931
7933
7902
7897
7897
7478
7902
7963
7967
7976
7967
7999
7998
8004
8006
8008
7937
8016
8018
8022
8026
8026
8004
8038
8038
8006
8006
8054
8062
8051
7999
8054
8062
8054
8054
8050
8095
8106
8050
8051
8072
8124
8125
8130
8072
8136
8125
7931
8125
7931
8162
7933
8177
8177
8188
8193
8201
7898
8200
8214
8200
8200
8233
8240
8250
8231
8200
8201
8265
8265
7898
8268
8193
8288
8288
8295
8288
8309
8189
7918
8322
8189
7918
7918
8345
8352
8358
8351
8352
8352
8374
8385
8389
8389
8394
8355
8348
8348
8404
8410
8414
8421
8404
7918
8421
8404
7918
7904
8464
8458
8449
8481
8488
7908
8488
8496
8497
8497
8500
8510
7893
8517
8517
7871
8523
8524
8551
8551
8562
8564
8569
8569
8576
8543
8584
8588
8569
8588
8576
8576
8588
8568
8613
8624
8634
8625
8624
8641
8632
8625
8620
8620
8635
8656
8671
8635
8676
8683
8608
8689
8698
8701
8689
8681
8571
8725
8737
8740
8746
8751
8746
8756
8761
8763
8773
8756
8758
8790
8758
8802
8758
8814
8808
8824
8824
8832
8814
8845
8853
8772
8867
8773
8748
8878
8741
8740
8741
8741
8741
8740
8898
8929
8571
8929
8941
8947
8951
8955
8960
8960
8957
8965
8965
8982
8977
9000
8984
8984
8982
9017
9016
9015
9017
9041
8984
9046
9054
9046
9067
9069
9075
9078
9082
9089
9088
9088
9089
9089
9103
9088
9064
9119
9127
9129
9084
9139
9146
9156
9160
9156
9166
9174
9174
9173
9173
9171
9194
9196
9200
9211
9211
9172
9211
9199
9229
9235
9238
9237
9242
9238
9263
9270
9267
9277
9263
9284
9291
9200
9307
9312
9303
9316
9312
9312
9211
9334
9334
9336
9211
9211
9336
9172
9173
9359
9362
9373
9375
9362
9385
9382
9382
9362
9395
9406
9416
9397
9413
9414
9429
9431
9435
9414
9449
9439
9455
9459
9435
9455
9439
9475
9477
9459
9500
9499
9514
9520
9500
9459
9540
9541
9547
9551
9414
9551
9559
9564
9568
9568
9575
9568
9568
9564
9587
9601
9605
9414
9611
9442
9611
9620
9624
9189
9635
9645
9644
9657
9654
9666
9645
9679
9166
9685
9695
9704
9695
9716
9733
9737
9729
9727
9753
9753
9685
9687
9776
9139
9776
9775
9784
9776
9791
9054
9793
9802
9802
9811
9815
8997
8962
8962
9839
9836
9836
9858
9858
9871
9839
9880
9884
9886
9895
7879
9909
9909
9916
9916
9916
9916
7879
9940
9906
9940
9937
9944
9895
9897
4159
4148
9987
9987
3868
9993
10003
10016
10011
10031
3868
10052
10070
3868
10076
10077
10085
10091
10044
10098
3583
3555
3528
3545
10120
10124
10120
10131
10124
10116
10142
10149
10157
10163
10173
10181
10120
10183
10189
10192
10120
10134
10131
10131
10217
10222
10206
10241
10226
10206
10240
10262
10226
10241
10275
10278
10283
10283
10290
10283
10290
10283
10300
10302
10306
10306
10311
10304
10304
10313
10314
10333
10335
10340
10269
10269
10353
10365
10365
10226
10357
10206
10206
10232
10387
10232
10134
10396
10398
10413
10417
10129
10427
10430
10436
10445
10411
10411
10459
10461
10459
10478
10444
10411
10498
10497
10501
10505
10497
10522
10445
10121
10445
10498
10545
10550
10553
10553
10550
10545
10530
10574
10530
3545
10590
10592
10594
10605
3561
3569
10621
10615
10614
10634
10634
10647
10647
10656
10659
10656
10665
10647
10665
3569
3561
10685
3559
10695
3437
10695
10695
10708
10712
3445
10722
10695
10720
3445
10743
10748
3445
10761
10763
10767
10772
10768
10780
3445
10718
3445
10801
10718
10815
10765
10785
10836
10840
10846
10850
10836
10850
10846
10850
10836
10812
10803
10873
10801
10888
10873
10888
10904
10904
10918
10906
10928
10935
10888
10955
10951
10888
10965
10888
10975
10987
10992
10978
10983
11016
11019
11024
11033
11035
11038
11035
11025
11052
11053
10983
11060
11066
11070
11066
11066
11077
11085
11085
11084
11087
11008
10979
10979
10997
11114
11116
10979
10976
10965
11123
11120
11123
11147
10967
11161
11165
10732
11197
11205
11197
10720
11227
11226
11229
11243
11245
11250
11255
11257
11278
11278
11257
11289
11292
11300
11292
11300
11311
10722
11327
11337
11336
11349
11349
11358
11354
11366
11368
11366
11375
11368
11380
11380
11370
11400
11399
11407
11341
3411
11418
11420
11419
11446
11451
11443
11461
3398
3128
3118
11479
2496
11485
11485
2493
3122
3122
3122
11472
11525
11525
11532
11531
11545
11548
11561
11525
2491
2496
11479
11590
2496
11590
11600
11597
11479
11615
11617
11617
11621
11624
11617
11637
11638
11649
11653
11639
11618
2497
11677
11683
11685
2480
11689
2472
11696
11696
2476
2438
11707
11714
11709
11728
11720
11720
11745
11748
11754
11748
11760
11776
11742
11774
11776
11742
11802
11804
11804
11808
11822
11825
11824
11825
11843
11843
11851
11857
11860
11860
11868
11874
11878
2334
11897
11904
11904
11896
2334
2390
11927
11929
11931
11933
11931
11933
2398
11888
11944
11960
11896
11896
11904
11970
11974
11977
11979
11974
11907
11974
11974
11995
11907
12016
11970
11970
12033
12037
12051
12051
12051
12049
11970
11977
11979
12081
12081
12091
12100
12102
12111
12111
12128
12112
12125
12107
12151
12151
12156
12153
12160
12148
12148
12160
12148
12160
12198
12200
12203
12205
12213
12216
12215
12216
12227
12234
12218
12246
12231
12252
12256
12277
12279
12281
12283
12191
12191
12305
12307
12182
12311
11907
11907
12321
11907
12148
12321
12002
12002
12335
12002
12321
12343
11907
12351
12002
12355
12358
12369
12355
12368
12359
12391
12396
12396
12403
12405
12379
12428
12411
12423
12411
12411
12442
12446
12439
12455
12473
12455
12455
12355
12355
12499
12503
12497
12503
12513
12517
11998
12521
12492
12335
11998
12551
12546
12546
11998
12546
11998
11998
11998
12565
12580
12586
12588
12595
12584
12603
12521
12608
12543
12543
12622
12543
12622
12631
12634
12639
2405
12643
2405
12643
12661
12670
12682
12682
12690
12673
12701
12707
12712
12661
12688
12701
12707
12735
12690
12741
12752
12661
12771
12771
12792
12771
12803
12813
12819
12643
12818
12829
12833
12835
12838
12842
12837
12842
12855
12842
12869
12874
12874
12874
12874
12898
12900
12902
12904
12915
12920
12927
12855
12924
12916
12916
12920
12956
12924
12855
12968
12926
12927
12981
12979
12986
12985
12993
12986
13003
13003
13013
13023
13023
13028
13023
13025
12648
13043
13040
13049
2402
13054
13066
13065
13066
13086
13088
13092
13103
13107
13106
13101
13118
13103
13133
13116
13144
13143
13168
13103
13168
13176
13168
13176
13184
13168
13191
13191
13199
13201
13196
13191
13166
13167
13210
13251
13264
13262
13264
13283
13287
13196
13295
13253
13287
13286
13307
13307
13255
13322
13322
13286
13320
13340
13342
13342
13340
13354
13287
13253
13253
13382
13386
13253
13382
13386
13399
13405
13412
13414
13386
13423
13422
13395
13382
13395
13447
13382
13456
13458
13454
13465
13382
13469
13382
13485
13469
13487
13488
13507
13449
13395
13447
13449
13527
13530
13530
13533
13530
13546
13546
13533
13564
13527
13564
13555
13577
13578
13592
13577
13608
13577
13617
13589
13608
13642
13648
13650
13593
13578
13664
13603
13674
13593
13682
13578
13690
13693
13578
13578
13690
13684
13718
13693
13724
13736
13742
13752
13754
13752
13693
13763
13752
13763
13773
13777
13777
13754
13785
13790
13785
13790
13805
13808
13816
13809
13833
13833
13832
13850
13833
13846
13862
13865
13871
13865
13879
13870
13865
13891
13897
13897
13897
13905
13911
13924
13927
13932
13935
13937
13915
13948
13948
13948
13950
13957
13879
13968
13879
13972
13877
13881
13819
13816
13995
13996
13995
13996
13995
14014
14020
14015
14015
14029
14009
14039
14042
14053
14052
14059
14080
13690
14093
13724
14099
14107
14107
13742
14120
14120
14104
14107
14152
14163
14177
14183
14191
14149
14195
14195
14211
14219
14219
14211
14236
14219
14224
14255
14255
14270
14255
14283
14217
14285
14297
14299
14132
14120
14136
14319
14323
14327
14330
14332
14339
14332
14339
14352
14359
14365
14357
14379
14384
14390
14391
14401
14403
14414
14411
14414
14430
14433
14435
14435
14433
14445
14449
14449
14445
14445
14465
14467
14465
14479
14484
14486
14488
14491
14467
14505
14505
14505
14501
14471
14471
14471
14449
14462
14545
14549
14549
14565
14564
14576
14575
14576
14584
14595
14599
14616
14608
14625
14625
14645
14645
14653
14658
14661
14664
14666
14675
14678
14681
14690
14696
14332
14718
14725
14725
14738
14723
14751
14754
14768
14731
14773
14773
14786
14788
14795
14795
14795
14795
14720
14795
14774
14774
14774
14825
14795
14720
14720
14843
14714
14714
14696
14859
14697
14869
14868
14868
14859
14858
14890
14897
14899
14899
14901
14899
14897
14910
14897
14868
14859
14930
14899
14938
14941
14938
14947
14956
14959
14962
14941
14968
14968
14978
14969
14985
14990
14990
14969
15009
15007
14959
15004
14959
14895
14959
15035
15043
15043
15051
14711
14711
15064
15067
14697
15079
15086
15090
15095
15079
15107
15111
15119
15090
15123
15086
15086
15103
15150
15138
15154
15086
15158
15171
15083
15171
15083
15180
15083
15174
15204
15204
15210
15174
14305
15237
15243
13736
15242
15252
15242
15252
15258
15243
15243
15252
15271
15278
15278
15287
15271
15292
15271
15297
15303
15271
15303
15303
15292
15303
15292
15320
15320
15303
15320
15320
15369
15372
15374
15383
15383
15391
15372
15374
13701
15421
15409
15421
15431
15431
15435
15455
15450
15461
15467
15470
13578
13578
13578
15490
15496
15499
15476
15516
15512
15511
15511
15530
15514
15514
15512
15479
15516
15565
15479
15575
15575
15565
15565
15594
15588
15604
15575
15613
15615
15570
15628
15636
15471
15645
15467
13687
13552
13521
15671
13521
15679
15684
13395
15679
15680
15684
13253
15705
15715
15718
15717
15715
15726
15730
15738
15738
15718
15751
15750
15751
15759
15738
15759
15782
15759
15780
15805
15801
15799
15761
15761
15814
15761
15814
15814
15761
15839
15838
15814
15849
15833
15856
15860
15869
15863
15738
15717
15718
15890
15717
15890
15900
15718
15719
15910
15914
15914
15922
15927
15925
15934
15940
15945
15925
15949
15933
15933
15934
15956
15940
15940
15990
15975
15989
15990
15990
15999
16006
15999
16012
16019
16025
16025
16030
15985
16019
15985
16043
16050
16053
16043
16048
16053
16043
16043
16084
16087
16075
16043
16078
16110
16123
16122
16127
16122
15934
15933
16152
16151
16151
15933
16166
16123
16173
16181
16185
16187
15933
16199
16201
16205
16208
16195
16195
16151
16236
16243
16243
15706
13391
13295
16265
16272
16272
16286
16289
16298
16303
13201
16322
16322
16330
16333
16332
16322
16322
16326
13103
13127
16354
16348
16374
16379
16348
16392
16382
16374
16393
16414
16414
16424
16428
16433
16429
16437
16429
16452
16455
16459
16462
16485
16495
16506
16513
16513
16513
16527
16529
16534
16556
16565
16563
16568
16577
16580
16584
16584
16563
16589
16602
16605
16616
16620
16620
16627
16587
16616
16587
16645
16590
16658
16641
16661
16587
16673
16683
16687
16690
16692
16702
16704
16706
16687
16710
16687
16716
16720
16727
16687
16710
16745
16750
16755
16757
16763
16766
16768
16778
16781
16781
16787
16766
16768
16801
16766
16809
16816
16809
16768
16768
16821
16835
16834
16835
16834
16855
16868
16875
16835
16837
16891
16747
16898
16905
16747
16925
16645
16645
16645
16935
16935
16945
16683
16959
16962
16972
16980
16985
16990
16994
16992
16990
16984
16990
17014
17027
17041
17040
17039
17009
17051
17039
17058
17062
17063
17076
16986
17085
17085
16964
16986
17115
17092
17115
17115
17130
17115
17130
17124
17123
17152
17157
17155
17164
17123
17169
17179
17182
17191
17192
17200
17200
17205
17215
17205
17229
17234
17226
17234
17226
17246
17254
17177
17259
17177
17162
17162
17144
17144
17282
17144
17124
17124
17295
17294
17291
17311
17291
17331
17338
17342
17345
16986
17110
17360
17365
16969
16969
16951
17378
17382
16635
17392
17392
17398
16627
17402
17412
17415
17424
17427
17429
17429
17427
17427
17447
17460
17453
17431
17473
17483
17486
17487
17431
17431
17499
17499
17431
17508
17515
17519
17525
17525
17560
17568
17568
17577
17568
17582
17575
17586
17588
17596
17596
17596
17598
17598
17624
17610
17608
17610
17624
17637
17637
17637
17658
17661
17661
17670
17667
17685
17637
17690
17612
17608
17612
17710
17612
17722
17726
17734
17736
17739
17734
17743
17749
17759
17764
17765
17773
17777
17765
17788
17751
17751
17753
17788
17803
17802
17804
17751
17751
17820
17820
17788
17804
17804
17854
17804
17857
17854
17849
17868
17870
17868
17870
17849
17788
17887
17893
17903
17908
17739
17925
17925
17940
17947
17726
17952
17720
17612
17605
17605
17978
17986
17971
17710
17999
18002
18005
18018
18002
18023
18023
18002
17999
17561
17550
17413
17413
17424
17424
18079
18086
17410
18100
18100
18109
18113
18113
18114
18129
18139
18106
18153
16620
18167
16561
18178
18177
18186
18191
18197
18194
18203
18219
18219
18216
18197
18227
18238
18238
18186
18251
16515
18258
18258
18255
18255
16506
16439
16498
18288
16498
16439
16499
18303
18295
18288
18293
18327
18288
18332
18340
18288
18311
18365
18334
18369
18373
16439
16433
18388
18394
16425
18404
16425
16425
18413
18424
18432
18429
18436
18444
18447
18451
18462
18442
18451
16374
18477
18474
18489
18491
16374
18497
18505
18497
18510
18510
18491
18481
18534
18536
18549
18551
18528
18548
18563
18551
18572
18572
18578
18580
18549
18570
18570
18604
18606
18549
18520
18618
18520
18481
18640
18636
18520
18647
18520
18636
18653
18626
18667
18677
18692
18694
18696
18700
18703
18677
18703
18626
18629
18689
18736
18689
18626
18746
18626
18746
18758
18764
18758
18772
18783
18783
18772
18796
18805
18807
18809
18770
16374
18510
18831
18829
18497
16375
18856
18864
16354
18869
18872
16360
13127
13118
18881
18885
18887
18895
18885
18910
18920
18910
18943
18945
18947
18945
18956
18953
18956
18964
18953
18969
18985
18970
18991
18991
19005
19011
19022
19021
19026
19030
19022
19030
19026
19030
19068
19022
19068
19022
19077
19079
19034
19034
19034
19034
19101
19101
19115
19121
19123
19125
19123
19111
19141
19110
19155
19110
19121
19168
19125
19125
19178
19182
19115
19178
19115
19208
19186
19178
19186
19113
19238
19242
19255
19102
19239
19267
19289
19305
19267
19318
19324
19328
19324
19342
19344
19348
19363
19363
19364
19368
19362
19268
19408
19412
19418
19418
19412
19412
19440
19440
19412
19423
19423
19459
19464
19469
19471
19456
19479
19440
19485
19441
19441
19443
19495
19503
19507
19505
19505
19517
19529
19518
19539
19503
19551
19498
19498
19566
19571
19573
19579
19578
19579
19598
19595
19612
19608
19620
19611
19612
19630
19637
19620
19630
19630
19630
19630
19637
19637
19612
19665
19667
19669
19667
19665
19667
19669
19673
19687
19669
19698
19684
19612
19714
19608
19722
19721
19714
19612
19743
19746
19742
19746
19754
19754
19743
19714
19775
19736
19736
19790
19789
19796
19796
19802
19787
19790
19794
19811
19811
19823
19828
19790
19837
19790
19843
19853
19866
19869
19868
19875
19869
19865
19866
19892
19866
19912
19891
19928
19934
19891
19944
19960
19963
19955
19970
19970
19977
19989
19875
19994
20005
20013
20015
19869
20020
19863
20029
20030
20033
20030
20055
20058
20045
20062
20066
20075
20081
20085
20091
19714
20106
19630
20119
20119
20134
20135
20132
20145
20152
20119
19571
19598
19578
20181
20186
20186
20202
20202
20210
20204
19507
20223
20223
19409
20237
20236
19409
20251
20256
20271
20276
20271
20276
20247
20247
20247
20296
20298
20294
20306
20310
20314
20313
20313
20331
20239
20336
20339
20349
20363
20372
20366
20372
20372
20376
20363
20398
20404
20408
20350
19378
19378
19239
20432
19102
20444
19095
20454
20465
20467
20467
20477
20467
20460
20483
20483
20504
20498
20499
20515
20500
20540
20556
20556
20555
20571
20578
20578
20577
20575
20596
20556
20605
20614
20616
20614
20616
20614
20616
20634
20631
20631
20648
20645
20616
20616
20664
20673
20675
20673
20675
20685
20684
20693
20703
20711
20714
20706
20636
20734
20640
20743
20746
20743
20751
20755
20636
20759
20766
20768
20772
20782
20784
20784
20794
20797
20798
20815
20824
20821
20828
20833
20828
20833
20830
20833
20833
20828
20833
20866
20871
20824
20879
20887
20901
20901
20910
20907
20920
20928
20940
20939
20943
20952
20956
20959
20908
20969
20973
20987
20980
21000
20986
20987
21006
21013
21023
21013
21035
20987
21042
20899
21058
21060
21060
21068
21070
21072
21075
21079
21084
21089
21093
21104
21098
21098
21115
21123
21118
21129
21141
21145
21144
21145
21144
21162
21178
21185
21172
21172
21172
21200
21200
21218
21222
21225
21211
21185
21180
21246
21243
21243
21246
21141
21150
21141
21145
21144
21280
21280
21285
21289
21295
21298
21297
21306
21301
21298
21298
21282
21324
21326
21330
21324
21340
21346
21348
21351
21353
21359
21361
21364
21368
21357
21357
21379
21382
21384
21390
21145
21400
21406
21412
21422
21427
21084
21150
21443
21443
21141
21453
21137
21464
21462
21487
21467
21467
21497
21505
21507
21477
21422
21084
21526
21533
21526
21435
21543
21080
21555
21555
21553
21564
21570
21582
21581
21586
21599
21599
21599
21620
21620
21638
21644
21598
21649
21653
21654
21666
21672
21677
21680
21684
21684
21690
21692
21696
21710
21708
21722
21736
21736
21735
21738
21746
21738
21738
21760
21738
21757
21770
21770
21708
21726
21793
21726
21781
21726
21726
21804
21804
21798
21819
21818
21825
21825
21832
21832
21830
21831
21847
21847
21847
21866
21872
21844
21844
21885
21907
21918
21902
21926
21934
21940
21952
21962
21942
21960
21952
21982
21952
21827
21940
21942
21942
21947
21943
21943
22029
22028
22028
22038
21965
22029
21965
21819
22038
22064
22067
22064
22064
22078
22064
22064
22078
22094
22092
22094
22094
22092
22092
22109
22078
22038
22038
22132
22143
22143
22153
22153
22161
22149
22149
22176
22181
22192
22202
22193
22053
21819
22209
22219
22209
22238
22241
22237
22249
22258
22261
22263
22053
22263
22270
22053
21819
22284
22285
22291
22310
21693
22313
22336
22350
22353
22356
22336
22373
22373
22379
22373
22385
22385
22379
22393
22395
22385
22409
22412
22409
22387
22387
22375
22387
22419
22419
22448
22433
22453
22387
22452
22468
22468
22478
22465
22483
22482
22465
22453
22498
22506
22506
22500
22500
22500
22506
22535
22535
22537
22506
22512
22535
22537
22512
22558
22558
22565
22565
22571
22576
22578
22592
22565
22571
22607
22567
22565
22512
22607
22624
22632
22642
22453
22375
22661
22667
22656
22656
22689
22695
22695
22702
22721
22720
22725
22737
22746
22744
22753
22753
22769
22771
22769
22771
22779
22786
22788
22791
22791
22350
21636
21636
22817
21599
22837
21601
22847
22847
22847
22837
22852
22852
22872
22878
22880
22886
22891
22880
22899
22827
22908
22827
22827
22916
22926
22903
22935
21629
22957
22952
22957
22952
21629
22971
22950
22942
22980
22979
21629
21629
22971
22971
22952
22944
22954
22959
21620
21617
21617
21621
23036
21613
23047
23051
23064
23050
23070
23079
23079
23077
23086
23089
23064
23103
23059
23047
23051
23115
23117
23064
23064
23124
23047
23103
23152
23148
21613
23148
23167
23148
23156
23179
23056
23105
23189
23189
23195
23193
23195
23213
23216
23216
23189
23152
23152
23243
23248
23258
23262
23264
23274
23285
23287
23287
23267
23255
23310
23313
23310
23318
23322
23327
23322
23331
23339
23343
23347
23356
23365
23368
23371
23375
23375
23390
23390
23211
23375
23211
23407
23211
23390
23423
23416
23416
23423
23375
23448
23446
23390
23375
23444
23444
23446
23492
23495
23497
23490
23495
23494
23508
23494
23517
23495
23524
23486
23487
23535
23556
23556
23561
23556
23558
23545
23575
23444
23478
23601
23603
23611
23597
23597
23611
23627
23624
23634
23630
23640
23642
23423
23647
23655
23660
23678
23686
23652
23427
23428
23702
23701
23714
23714
23703
23417
23728
23407
23741
23719
23703
23703
23754
23741
23773
23777
23773
23771
23796
23808
23771
23816
23818
23826
23821
23835
23842
23821
23847
23831
23831
23818
23812
23808
23812
23802
23808
23812
23886
23812
23868
23886
23908
23908
23901
23880
23802
23808
23808
23802
23880
23942
23949
23803
23737
23407
23971
23195
23195
23979
23985
23991
24006
23193
23105
23105
24012
24017
24020
23156
23176
23148
24040
23162
24052
24057
24059
24057
24065
24056
24052
24085
24057
24057
24101
24099
24105
24105
24115
24120
24115
24140
24141
24120
24120
24161
24120
24153
24169
24177
24182
24197
24122
24205
24094
24212
24226
24233
24239
24238
24248
24265
24269
24271
24275
24269
24269
24265
24266
24271
24269
24304
24308
24317
24319
24269
24319
24269
24334
24341
24339
24347
24347
24269
24356
24269
24356
24366
24356
24366
24341
24356
24339
24395
24402
24404
24395
24404
24427
24424
24433
24439
24433
24433
24437
24366
24439
24463
24439
24487
24390
24372
24346
24499
24499
24508
24349
24346
24499
24536
24508
24346
24508
24508
24545
24558
24572
24546
24593
24592
24605
24607
24607
24621
24626
24599
24631
24639
24626
24645
24599
24653
24648
24630
24593
24593
24508
24527
24693
24508
24704
24673
24697
24727
24728
24734
24733
24734
24751
24754
24689
24765
24755
24758
24778
24780
24693
24793
24815
24814
24823
24818
24831
24818
24847
24818
24847
24818
24867
24866
24867
24878
24818
24885
24866
24899
24867
24903
24878
24908
24818
24818
24924
24926
24857
24940
24944
24946
24944
24967
24977
24979
24986
24991
24997
24997
25012
25017
25017
25027
25030
25014
25012
25012
24973
25056
25052
25058
24986
24966
24986
24986
25083
25042
25088
25095
25109
25017
25111
25017
25129
25133
25136
25142
25113
25145
25156
25158
25158
25174
25166
25180
25174
25166
25174
25180
25201
24991
25210
24982
25210
24982
24982
24997
24979
24969
25240
25242
25238
25242
25248
25252
25236
25257
25261
24953
24944
25275
25268
25283
25289
25296
25293
25294
25301
25301
25322
25327
25327
25331
25345
25350
25349
25349
25350
25349
25369
25372
25374
25372
25382
25382
25382
25399
25350
25409
25382
25415
25394
25394
25419
25374
25399
24794
25457
25457
24527
24527
25477
25480
25477
25476
25490
25480
25499
25508
25508
25515
25516
25516
25529
25534
25529
25542
25546
25551
25560
25559
25559
25580
25554
25554
25592
25600
25580
25604
25607
25608
25592
25619
25608
25621
25634
25608
25608
25609
25661
25668
25676
25681
25705
24349
24519
25718
25723
25723
24349
24519
25723
25735
25723
25735
25749
25739
25754
25754
25764
25763
25772
25771
25776
25718
24521
24263
25799
24229
24224
24065
25823
25826
24054
24054
24059
25855
25859
25859
25868
25857
25879
25904
25911
25914
25917
25919
25924
25926
25924
25906
25945
25952
25950
25958
25966
25970
25974
25958
25986
25986
25992
25994
25996
26002
25996
25994
25991
25994
26023
26025
26025
26028
26037
26040
26000
26044
26049
26055
25962
25962
26069
26075
26074
26074
26083
26055
26054
26053
26052
26051
26052
26108
26127
26137
26137
26119
26119
26150
26155
26136
26142
26136
26172
26189
26196
26126
26205
26203
26205
26215
26130
26226
26222
26222
26228
26224
26222
26222
26250
26250
26274
26277
26289
26282
26297
26298
26308
26312
26318
26320
26323
26327
26332
26310
26337
26283
26337
26130
26346
26355
26347
26347
26367
26376
26384
26388
26388
26388
26079
26398
26398
26402
26401
26417
26417
26422
26422
26426
26439
26429
26435
26435
26435
26466
26468
26466
26466
26474
26474
26466
26466
26435
26503
26498
26510
26500
26446
26426
26526
26528
26419
26544
26548
26402
26555
26555
26565
26557
26570
26572
26574
26590
26597
26079
26610
26619
25917
25917
26632
26629
25919
26644
26652
25935
25936
26666
26672
26675
26666
26667
26666
26675
26666
25906
26696
26692
26703
26698
25906
26675
26666
26717
26728
26728
26667
26749
26749
26763
26771
26778
26771
26784
26778
26784
26797
26800
26802
26804
26807
26804
26814
26828
26828
25875
26828
26833
24054
26869
26869
25847
26879
26867
26889
26879
26911
26923
26925
26927
25847
26943
26945
26945
26959
26967
26960
26965
26965
26965
26983
26967
26943
26948
26967
27000
27007
27007
27007
27023
27025
27027
27029
27003
27043
26945
25847
26945
26943
27003
27073
27003
27086
27082
27100
27068
27082
27113
27068
27121
27128
27142
27089
27086
27086
27159
27168
27170
27179
27156
27084
27190
27186
27190
27196
27084
27199
27210
27209
27208
27199
27199
27084
27196
27084
27238
27236
27246
27257
27253
27264
27262
27263
27271
27274
27237
27237
27283
27283
27303
27305
27308
27305
27305
27283
27330
27326
27330
27330
27343
27342
27350
27330
27373
27360
27385
27384
27396
27400
27407
27291
27424
27429
27429
27436
27436
27291
27445
27291
27445
27280
27468
27464
27475
27479
27487
27489
27257
27199
27199
27199
27512
27199
27199
27533
27533
27512
27199
27575
27583
27588
27588
27593
27602
27602
27602
27615
27608
27595
27622
27614
27643
27647
27614
27650
27641
27614
27665
27670
27588
27696
27595
27707
27715
27730
27734
27730
27743
27730
27746
27745
27767
27770
27773
27775
27777
27775
27749
27555
27794
27555
27794
27802
27802
27820
27825
27827
27833
27833
27838
27833
27838
27794
27858
27855
27520
27874
27855
27873
27885
27520
27887
27905
27503
27921
27927
27926
27927
27938
27938
27217
27948
27208
27952
27954
27959
27968
27210
26948
26945
27989
27989
27994
27043
28003
28005
28013
27043
28017
28028
28033
28036
28048
28050
28050
28054
28050
28073
28062
28079
28092
28009
28097
28005
28106
28003
28117
28120
28005
28123
28123
28123
28142
28150
28143
28165
28167
28107
28169
28169
28191
28186
28189
28189
28203
28191
28214
28219
28226
28229
28237
28214
28214
28212
28214
28267
28269
28212
28273
28277
28283
28288
28288
28295
28298
28290
28170
28315
28319
28321
28107
28326
28331
28331
28345
28345
28362
28365
28379
28391
28406
28418
28391
28426
28430
28391
28444
28445
28445
28475
28482
28485
28485
28492
28492
28499
28487
28507
28510
28518
28520
28526
28537
28540
28379
28396
28379
28379
28396
28380
28380
28097
27055
28595
28599
28599
28595
28599
28617
28598
28617
28646
28636
28656
28636
28645
28646
28667
28670
28617
28667
28617
28678
28683
28683
28678
28683
28704
28703
28713
28716
28712
28683
28678
28729
28735
28734
28735
28745
28735
28751
28754
28737
28729
28737
28769
28769
28777
28780
28791
28800
28808
28810
28808
28819
28769
28819
28808
28819
28837
28732
28713
28729
28713
28855
28860
28860
28713
28713
28873
28883
28855
28896
28896
28902
28918
28920
28886
28932
28939
28941
28952
28945
28929
28929
28873
28985
28984
28710
28985
28994
28985
29006
29010
29009
28670
29027
29030
29025
29033
29025
29025
29033
29048
29025
29059
29080
29084
29025
29025
29099
29103
29106
29099
29099
29112
29099
29112
29025
29139
29111
29147
29096
29096
29096
29177
29167
29085
29167
29191
29167
29202
29205
29204
29215
29207
29222
29230
29233
29228
29222
29255
29255
29261
29274
29288
29290
29292
29290
29286
29232
29310
29309
29310
29232
29320
29310
29233
29310
29337
29337
29342
29348
29310
29373
29373
29375
29375
29395
29328
29228
29243
29421
29424
29421
29440
29423
29424
29457
29458
29470
29470
29177
29236
29177
29485
29492
29168
29504
29160
29516
29511
29511
29522
29522
29532
29538
29540
29546
29552
29554
29552
29560
29552
29552
29570
29567
29570
29581
29587
29593
29590
29604
29581
29598
29611
29611
29621
29607
29629
29607
29629
29640
29643
29654
29662
29674
29676
29655
29687
29689
29689
29696
29691
29704
29696
29711
29704
29689
29694
29732
29732
29746
29746
29750
29766
29768
29766
29778
29701
29701
29598
29147
29804
29811
29805
29805
29811
29811
29834
29831
29834
29845
29805
29857
29859
29862
29869
29872
29867
29857
29887
29859
29802
29895
29802
29129
29139
29921
29928
29931
29112
29937
29940
29945
29937
29951
29954
29956
29937
29928
29965
29973
29987
29989
29996
29975
29928
29103
29101
29064
30031
29066
30044
30045
29064
30058
30058
29064
29064
30081
29062
30073
30097
30097
30097
30106
30123
30073
30131
30131
30131
30131
30150
30153
30159
30163
30167
30163
29030
29010
29010
30195
29030
30208
30207
29048
30221
30220
30231
30221
30228
30227
30248
30248
30243
30227
30268
30275
30231
30218
30207
30294
30299
30311
30307
30294
30319
30322
30340
30346
30349
30338
30351
30357
30361
30338
30207
30311
30374
30377
30207
30377
30398
30409
30404
30409
30409
30377
30338
30374
30398
30404
30456
30460
30443
30409
30417
30468
30474
30468
30471
30488
30488
30472
30207
30504
30510
30505
30208
30208
30525
30527
30208
30531
30208
30531
30522
30545
29010
30566
30566
30573
30578
30583
30590
30590
30578
30611
30578
30616
30566
30611
30629
30636
30649
30649
30649
30665
30676
30676
30692
30696
30700
30733
30743
30647
30743
30647
30763
30761
30761
30768
30763
30647
30763
30763
30777
30768
30761
30813
30817
30817
30822
30817
30839
30842
30828
30828
30861
30828
30867
30867
30867
30875
30875
30883
30889
30869
30889
30879
30911
30900
30911
30921
30929
30932
30939
30861
30946
30946
30951
30859
30957
30861
30971
30971
30973
30859
30985
30984
30973
31003
30985
31010
31015
31015
31015
30958
31029
31031
31040
31045
31050
31053
31031
31061
31060
31066
31073
31073
31080
31083
31092
31094
31083
31110
31113
31113
31127
31113
31122
31142
31080
31157
31166
31165
31165
31177
31187
31200
31184
31208
31213
31200
31222
31222
31184
31080
31230
31251
31239
31261
31268
31264
31268
31279
31285
31279
31275
31251
31309
31257
31314
31261
31080
31275
31342
31343
31348
31348
31362
31343
31343
31380
31383
31382
31384
31398
31383
31410
31414
31414
31419
31398
31398
31430
31433
31426
31439
31453
31453
31456
31443
31443
31474
31377
31348
31294
31490
31285
31474
31456
31507
31507
31474
31377
31524
31377
31542
31529
31551
31564
31575
31572
31569
31594
31601
31606
31622
31607
31610
31610
31612
31612
31659
31542
31667
31678
31667
31676
31676
31676
31697
31672
31713
31533
31542
31727
31733
31746
31746
31728
31348
31759
31767
31776
31778
31778
31779
31788
31794
31800
31804
31771
31813
31816
31822
31824
31824
31816
31822
31850
31850
31861
31851
31833
31830
31874
31879
31883
31879
31830
31897
31893
31890
31893
31890
31928
31894
31938
31937
31897
31879
31879
31962
31972
31991
31996
31996
32007
31991
32013
31991
32007
31991
32030
32045
32049
32014
32054
32014
32014
32054
32014
32030
32030
32049
32087
32092
32049
32100
32107
32112
32115
32119
32122
32124
32119
32119
32135
32140
32139
32072
32149
32149
32159
32153
32178
32180
32180
32157
32193
32150
32159
32073
32209
32014
32073
32226
32230
32014
32249
32252
32257
32257
32262
32262
32269
32249
32289
32304
32280
32299
32296
32318
32299
32296
32306
32306
32329
32306
32344
32348
32354
32360
32354
32353
32354
32360
32385
32381
32360
32391
32397
32392
32406
32392
32414
32406
32419
32425
32428
32427
32437
32436
32437
32436
32427
32427
32437
32437
32459
32457
32459
32482
32482
32499
32498
32498
32525
32529
32529
32540
32541
32544
32540
32551
32548
32580
32571
32531
32532
32505
32618
32499
32499
32620
32620
32632
32644
32652
32656
32672
32672
32488
32681
32672
32675
32675
32705
32672
32705
32675
32671
32740
32750
32750
32750
32763
32769
32763
32778
32774
32785
32793
32672
32809
32809
32811
32819
32825
32809
32819
32844
32850
32769
32863
32873
32884
32790
32884
32882
32905
32901
32911
32884
32894
32891
32926
32785
32928
32940
32948
32963
32971
32678
32963
32686
32997
33005
33013
33015
33011
33028
33043
33055
33060
33059
33066
33055
33070
33078
33083
32414
33094
33083
33108
33112
33116
33116
33116
33111
33112
33139
33142
33142
33158
32410
32400
33167
33171
32326
32326
33184
32296
32332
33191
33196
33198
33200
33198
33200
33210
33200
33200
33224
33220
33229
33198
33200
33229
33200
33200
33252
33252
33274
33208
33291
33294
33297
33309
33313
33314
33323
33320
33328
33340
33281
33346
33350
33355
33350
33377
33382
33385
33390
33355
33410
33414
33410
33414
33425
33416
33438
33441
33445
33445
33437
33416
33468
33470
33434
33434
33456
33434
33437
33435
33402
33528
33526
33533
33535
33528
32296
33556
33555
33563
33565
33572
33572
33580
33587
33591
33599
33602
33615
33612
33621
33629
33629
33629
33615
33599
33607
33602
33676
33602
33667
33693
33693
33714
33728
33544
33740
33744
33755
33747
33745
33747
33745
33773
33787
33787
33787
33764
33745
33789
33795
33795
33816
33828
33831
33831
33828
33803
33841
33828
33837
33828
33876
33888
33898
33905
33905
33916
33921
33913
33932
33919
33921
33942
33945
33945
33936
33942
33956
33945
33956
33966
33968
33966
33942
33919
33936
33942
33992
33994
33992
33966
34000
34004
34006
34008
34018
34020
34018
34020
34020
34016
34014
34057
34033
34061
34055
34068
34061
34033
34081
34080
34081
34078
34089
34092
34033
34098
34096
34061
34055
34115
34121
34124
34068
34128
34124
34138
33968
34016
34148
34150
34148
34161
34164
34164
34164
34170
34186
34167
34164
34200
34204
34206
34178
34170
34178
34219
34219
34171
34231
34234
34231
34219
34219
34249
