2
13
18
23
25
34
40
44
50
54
63
74
78
80
89
88
93
88
93
93
85
88
85
123
88
131
131
149
151
156
108
94
173
89
185
188
193
197
201
206
210
217
212
212
227
231
229
233
244
247
253
258
258
266
229
276
217
214
215
287
292
296
291
309
312
317
331
331
343
312
309
343
343
367
370
369
367
379
387
392
396
392
369
392
420
425
414
380
369
446
451
457
365
444
443
474
476
483
365
446
452
452
457
450
533
540
539
550
560
562
560
569
585
588
587
601
601
601
608
605
625
627
605
637
639
646
650
650
656
676
669
687
690
693
704
686
686
714
686
718
686
718
731
737
739
739
751
754
686
719
714
714
768
760
760
782
792
796
796
798
801
801
815
822
824
824
824
846
849
853
846
854
860
866
869
808
876
798
899
903
907
903
903
899
899
899
925
923
938
790
955
788
788
955
965
967
967
965
971
989
971
971
1000
1000
997
1007
1010
1016
1020
1021
1033
1037
1020
1020
1020
1020
1037
1037
1057
1020
1067
1033
1080
1080
1021
1080
1094
1094
1100
1113
1117
1120
1017
993
1142
1145
1145
1153
1158
1149
1176
1142
1184
1142
1189
1191
1193
1176
1200
1212
1223
1227
1229
1138
1240
1244
1255
1261
1261
1268
773
1283
1285
1285
1288
694
687
1324
1334
1325
1325
1345
1324
1345
1327
684
1364
625
1386
587
1386
1386
1390
537
1409
1413
1427
1413
1436
451
1453
1453
1459
1462
452
1477
501
1477
1486
1490
1495
1495
1498
1498
1517
1498
1519
1512
1513
1546
1513
1561
1556
1557
1557
1590
1587
1587
1556
1561
1613
1600
1600
1617
1624
1624
1629
1635
1638
1596
1566
1662
1564
1564
1672
1675
1685
1688
1681
1675
1675
1681
1675
1674
1675
1718
1675
1739
1745
1749
1752
1769
1685
1685
1554
1789
1685
1797
1804
1688
1808
1844
1766
1800
1766
1851
1864
1766
1804
1864
1804
1864
1864
1869
1804
1804
1888
1864
1880
1844
1812
1809
1924
1924
1929
1924
1941
1944
1941
1950
1953
1962
1961
1966
1950
1981
1988
1992
1998
2011
1988
2011
2027
1943
2037
2039
2037
2026
2037
2026
2026
1992
2025
2067
2026
2067
1992
2087
2092
2095
2095
2116
2122
2116
2131
2133
2136
2026
2144
2146
2144
2144
2146
2162
2146
2163
2163
2183
2026
2194
2072
2037
2216
2221
2027
2027
2233
2239
2233
2027
2251
2251
2258
2258
2278
2258
2258
2258
2289
2263
2298
2298
2260
2228
2027
2231
2325
2232
2339
2343
2345
2233
2239
2235
2355
2236
2362
1944
2367
1944
2362
2393
1944
2367
2407
2367
2407
2430
2412
2412
2449
2453
2454
2461
2469
2460
2457
2482
2484
2495
2494
2484
2495
2521
2521
2526
2532
2526
2536
2526
2537
2550
2558
2558
2562
2453
2453
2580
2454
2605
2607
2460
2618
2618
2631
2634
2636
2641
2639
2634
2653
2655
2653
2660
2673
2680
2680
2641
2639
2639
2701
2639
2719
2461
2724
2730
2745
1944
1926
2758
1823
2763
2766
2769
2768
2766
2768
2777
2788
2768
2807
2763
1817
2830
2835
2838
2830
2842
2831
2846
2848
2854
2858
2858
2856
2857
2827
2879
1546
2879
2848
2905
2824
2903
2913
2913
2848
2935
2941
2944
2949
2952
2959
2964
2959
2959
2931
2931
2824
2989
2827
2999
2905
2999
1545
3024
3027
3048
3050
3057
3063
3068
3073
3081
3085
3087
3091
3095
3087
3104
3103
3108
3091
3087
3091
3133
3125
3139
3153
3159
3164
3170
3171
3182
3184
3178
3191
3189
3189
3191
3178
3193
3193
3202
3221
3227
3225
3095
3087
3238
3247
3087
3247
3271
3271
3247
3247
3293
3303
3303
3303
3318
3320
3290
3279
3087
3330
3330
3349
3347
3353
3252
3101
3377
3381
3381
3108
3108
3400
3422
3421
3436
3429
3432
3429
3428
3457
3432
3447
3471
3475
3475
3491
3498
3497
3507
3509
3494
3520
3494
3520
3531
3535
3541
3545
3494
3556
3559
3568
3575
3520
3559
3586
3593
3595
3479
3600
3606
3606
3608
3623
3623
3615
3638
3636
3649
3652
3646
3658
3401
3436
3416
3401
3404
3404
3401
3686
3686
3404
3686
3703
3706
3714
3706
3714
3720
3714
3720
3729
3720
3709
3708
3703
3741
3763
3774
3778
3783
3703
3703
3793
3799
3777
3793
3811
3791
3818
3828
3826
3828
3828
3841
3841
3848
3841
3841
3841
3828
3828
3887
3893
3887
3896
3904
3906
3799
3915
3918
3928
3928
3932
3879
3879
3872
3879
3957
3966
3966
3971
3966
3977
3979
3983
3971
3983
4006
3983
4006
3983
4014
3971
4023
3874
4027
4036
3954
4021
4058
4048
4070
4072
4082
4082
4082
4091
4084
4084
4115
4129
4084
4138
4143
4078
4148
4153
4078
4162
4164
4070
4181
4180
4180
4207
4191
4197
4197
4197
4231
4231
4236
4231
4254
4260
4264
4272
4261
4286
4287
4293
4284
4261
4261
4261
4261
4320
4322
4309
4309
4327
4337
4344
4349
4351
4354
4359
4354
4373
4374
4374
4373
4354
4359
4351
4424
4333
4438
4442
4442
4451
4451
4444
4463
4466
4475
4287
4287
4287
4280
4277
4280
4501
4270
4506
4506
4510
4528
4513
4535
4535
4541
4549
4554
4549
4567
4550
4518
4590
4593
4597
4518
4582
4507
4518
4582
4272
4620
4627
4636
4648
4647
4271
4647
4664
4664
4647
4647
4686
4669
4697
4706
4709
4716
4710
4709
4725
4626
4627
4749
4620
4252
4766
4223
4781
4181
4785
4785
4805
4807
4802
4807
4817
4805
4805
4826
4826
4826
4836
4846
4856
4858
4862
4873
4856
4882
4883
4882
4885
4883
4903
4873
4873
4913
4824
4178
4948
4950
4953
4953
4965
4948
4980
4984
4966
4995
4996
4995
4954
4995
4954
4954
5024
5040
5044
4997
4997
5066
5044
5066
5044
5075
5075
4997
4997
5082
4997
5093
5097
5096
5097
5097
5097
5112
5053
5053
5126
5131
5139
5139
5139
5149
5155
5155
5167
5167
5178
5178
5186
5194
5193
5199
5201
5201
5199
5219
5199
5199
5219
5238
5244
5193
5272
5193
5272
5295
5295
5303
4945
5313
5322
5312
5336
5313
5317
5352
5354
5317
5359
3828
3828
5377
3874
3874
5406
5422
5424
5422
5433
5436
5441
3846
3848
5451
5452
5459
5452
5451
5466
5473
3848
5452
5452
5452
3846
5500
5500
5515
5514
5521
5500
5514
5537
5515
5548
5548
5558
5505
5572
5577
5505
5580
5590
5505
3843
5590
5580
5505
5590
5617
5590
5633
5627
5639
5646
5643
5646
5657
5658
5663
5646
5671
5671
5646
5678
5678
5681
5681
5681
5693
5710
5710
5717
5717
5729
5710
5744
5758
5757
5683
5681
5683
5771
5681
5757
5779
5693
5790
5750
5708
5808
5813
5801
5813
5815
5820
5844
5802
5851
5853
5855
5853
5861
5853
5708
5874
5851
5866
5881
5866
5886
5866
5886
5897
5866
5906
5889
5889
5924
5923
5929
5935
5940
5710
5729
5732
5957
5955
5964
5971
5721
5993
5995
6003
6007
6020
6027
6034
6037
6027
6027
6020
6048
6020
6027
6064
6022
6022
6083
6072
6083
6094
6072
6102
6102
6098
6114
6097
6122
6122
6132
6091
6147
6166
6168
6174
6171
6179
6169
6183
6132
6097
6191
6204
6206
6211
6216
6216
6216
6204
6230
6191
6238
6230
6206
6206
6261
6261
6211
6279
6290
6300
6303
6306
6221
6313
6313
6183
6314
6314
6314
6335
6336
6347
6352
6362
6359
6362
6341
6341
6337
6392
6325
6325
6403
6416
6416
6423
6413
6429
6439
6411
6444
6439
6450
6453
6455
6459
6461
6469
6459
6477
6484
6486
6385
6486
6494
6499
6503
6499
6484
6520
6523
6538
6497
6494
6552
6549
6552
6549
6588
6585
6552
6572
6608
6572
6622
6628
6636
6572
6613
6648
6550
6550
6444
6392
6677
6686
6686
6674
6702
6706
6708
6713
6706
6097
6097
6704
6708
6734
6756
6195
6195
6771
6775
6775
6783
6775
6793
6796
6774
6800
6800
6807
6806
6811
6811
6828
6827
6828
6832
6828
6828
6832
6849
6848
6832
6827
6867
6870
6800
6800
6800
6800
6888
6870
6878
6901
6904
6901
6907
6918
6903
6901
6901
6928
6939
6951
6954
6907
6907
6918
6912
6980
6962
6972
6962
6996
6962
7000
7003
7007
7013
7017
7023
7029
7000
7026
7029
7040
7044
7047
7049
7042
7042
7062
7058
7055
7000
6918
6904
7083
6882
7091
7095
6882
7091
6822
7115
7122
6825
7132
7139
7148
7166
7136
7144
7183
7148
7118
7118
7199
7208
7161
7222
7225
7152
7115
7152
7222
7245
7254
7256
7115
7115
7280
7269
7267
7122
6832
7311
7317
7324
7309
6854
6849
6848
7343
7363
7366
7368
7375
6823
6811
6813
6807
7395
7395
7400
7390
6789
7412
7418
6789
6775
6775
6782
7446
6126
7446
6126
7450
7478
7487
7487
7501
7505
6114
7533
7535
7537
7500
7546
7501
7554
7556
7557
7557
7577
7576
7590
7560
7558
7602
7600
5976
7611
5971
7621
7625
7628
7621
7636
7621
7628
7647
7646
7652
7650
7664
7662
7650
7676
7628
7628
7685
7625
7699
7701
5671
7708
7720
7717
7708
7729
7708
7708
7708
7745
7750
7752
7759
7754
7759
7745
7718
7793
7795
7798
5639
7795
5639
7812
5639
7816
7820
7827
7834
7816
7816
7841
7841
7855
7864
7841
7840
7875
7855
7855
7884
7869
7869
7889
7899
7914
7816
7802
7799
7935
7799
5617
5505
5617
7957
7965
7968
7975
7960
7949
7987
7989
8013
7991
7987
7987
7991
8054
8045
8048
8062
8063
8070
8062
8063
8063
8100
8107
8123
8126
8137
8142
8150
3837
8157
3837
8165
8171
3778
3778
3778
8191
8194
8191
8194
8208
8208
8214
8215
8212
8225
8239
8249
8256
8268
8274
8276
8273
8287
8290
8273
8273
8267
8315
8272
8309
8334
8325
8325
8309
8346
8290
8290
8355
8290
8355
8368
8370
8372
8380
8385
8389
8385
8394
8396
8384
8383
8411
8413
8389
8432
8438
8440
8445
8438
8462
8462
8445
8448
8479
8483
8491
8431
8498
8507
8509
8491
8522
8525
8526
8374
8539
8364
8365
8554
8547
8561
8364
8566
8571
8565
8565
8364
8583
8364
8583
8591
8602
8606
8581
8565
8627
8630
8625
8554
8644
8551
8647
8655
8353
8301
8301
8667
8670
8353
8301
8666
8663
8670
8666
8697
8670
8666
8697
8670
8715
8720
8724
8724
8670
8715
8720
8719
8724
8670
8764
8770
8774
8795
8797
8772
8806
8817
8823
8774
8828
8835
8838
8782
8845
8851
8857
8877
8775
8715
8663
8899
8663
8898
8899
8908
8919
8924
8922
8932
8937
8924
8949
8953
8953
8942
8953
8974
8978
8922
8983
8990
8989
8898
8296
9007
8990
9028
9024
9025
9037
9038
9046
9051
9007
9056
9007
9073
9077
8899
9082
9088
8899
9099
9102
9109
9099
9097
9121
9133
9133
9130
9140
8274
8274
8274
8274
9171
9162
9157
9193
9198
9202
9208
9158
9213
9213
9213
9218
9236
9140
9133
9140
9239
9251
9140
9133
9266
8276
8278
8278
9289
9293
9298
9286
9305
9310
9313
9319
9321
9319
9337
9321
9348
9357
9350
9366
9371
9375
9380
9385
9389
9395
9391
9391
9408
9408
9410
9410
9392
9423
9432
9438
9442
9452
9457
9464
9466
9484
9486
9486
9494
9504
9508
9519
9506
9533
9507
9541
9546
9549
9567
9573
9581
9577
9570
9598
9595
9620
9623
9618
9623
9618
9625
9641
9644
9644
9644
9659
9638
9665
9668
9674
9674
9690
9535
9698
9708
9708
9710
9722
9710
9702
9707
9702
9741
9746
9746
9745
9734
9761
9734
9771
9774
9761
9707
9785
9793
9797
9795
9717
9795
9808
9812
9806
9814
9832
9814
9843
9831
9857
9864
9817
9721
9874
9722
9722
9874
9906
9905
9915
9929
9933
9881
9881
9942
9883
9722
9954
9959
9967
9710
9713
9700
10001
10004
10006
10010
10006
10017
10023
10020
10023
10013
10045
10052
9703
10059
9703
9535
9694
10072
9519
9519
10095
10102
10102
10108
10108
10119
10126
10130
10108
10110
10110
10138
10139
9520
10104
10159
9520
10156
10167
10167
10170
10186
10167
10179
10200
10167
10210
10214
10214
10212
10224
10212
10239
10251
10167
10263
10186
10270
10278
10275
10282
10291
10294
10294
10297
10319
10323
10318
10282
10318
10337
10318
10323
10316
10348
10352
10359
10297
10294
10370
10379
10394
10400
10404
10409
10403
10409
10423
10429
10429
10434
10435
10461
10467
10470
10421
10482
10499
10487
10503
10503
10487
10404
10518
10487
10518
10530
10532
10537
10547
10545
10536
10567
10530
10561
10567
10583
10585
10591
10589
10611
10603
10604
10611
10623
10627
10634
10634
10627
10634
10641
10627
10656
10658
10659
10666
10674
10666
10678
10678
10682
10687
10687
10689
10674
10698
10698
10703
10658
10710
10710
10717
10725
10731
10634
10738
10737
10737
10747
10747
10749
10757
10749
10744
10759
10780
10781
10795
10802
10805
10807
10805
10805
10787
10820
10821
10845
10841
10845
10851
10841
10845
10841
10841
10842
10859
10890
10894
10851
10851
10896
10890
10859
10914
10922
10892
10890
10893
10892
10893
10939
10851
10836
10956
10965
10965
10964
10964
10983
10965
10987
10965
10994
10999
10998
10998
11012
11016
10971
11024
11025
11030
11024
11030
11038
11046
11048
11046
11050
11062
11067
11082
11087
10967
10961
11102
11099
11099
10961
11124
11102
11126
11126
11138
11140
11147
11140
11140
11164
11138
11175
11182
11182
11190
11198
11147
11205
11204
11204
11204
11216
11219
11226
11230
11239
11226
11247
11253
11250
11239
11274
11239
11294
11296
11288
11302
11288
11309
11302
11322
11328
11326
11323
11323
11338
11340
11348
11351
11351
11348
11363
11366
11370
11288
11377
11383
11383
11381
11401
11407
11413
11429
11252
11442
11451
11449
11449
11449
11468
11449
11449
11457
11457
11449
11484
11449
11493
11484
11501
11506
11520
11519
11451
11451
11542
11558
11566
11569
11447
11276
11578
11272
11589
11596
11605
11596
11604
11605
11623
11634
11626
11624
11634
11634
11657
11624
11673
11671
11678
11683
11683
11697
11704
11709
11711
11698
11732
11740
11740
11748
11740
11745
11739
11745
11766
11778
11782
11745
11792
11748
11813
11643
11821
11825
11829
11825
11620
11618
11848
11840
11845
11870
11837
11836
11882
11885
11887
11882
11894
11897
11897
11911
11911
11837
11939
11847
11848
11844
11957
11957
11870
11981
11983
11985
11985
11983
11999
12003
12003
12003
11999
11998
12025
12032
12046
12044
12041
12044
12045
12068
12053
12076
12076
12083
12053
12090
12095
12084
12104
12107
12110
12110
12110
12123
12077
12046
12037
12142
12162
12166
12168
12172
12182
12188
12178
12172
12172
12165
12172
12206
12205
12206
12205
12223
12231
12236
12247
12263
12272
12276
12281
12272
12281
12288
12304
12306
12290
12290
12288
12288
12332
12334
12293
12339
12274
12351
12276
12188
12365
12367
12188
12376
12181
12386
12182
12166
12394
12398
12396
12394
12413
12398
12417
12425
12430
12413
12437
12425
12425
12443
12413
12454
12456
12454
12453
12453
12452
12477
12477
12485
12477
12484
12468
12505
12504
12515
12521
12521
12518
12542
12548
12504
12553
12504
12558
12555
12570
12580
12558
12588
12548
12596
12601
12596
12607
12505
12505
12628
12627
12634
12628
12641
12628
12648
12655
12663
12648
12628
12648
12648
12682
12648
12699
12717
12696
12733
12739
12732
12731
12753
12768
12771
12780
12782
12788
12801
12806
12808
12814
12814
12823
12823
12833
12835
12838
12838
12788
12794
12858
12696
12699
12880
12705
12886
12895
12906
12903
12906
12915
12898
12897
12898
12898
12939
12933
12949
12946
12966
12975
12980
12983
12658
12993
12996
12705
13006
13006
13008
13015
13022
13019
13028
13037
13037
13008
13027
13027
13062
13055
13028
13074
13037
13072
13084
13087
13089
13089
13106
13106
13113
13129
13132
13129
13132
13129
13135
13089
13087
13160
13163
13163
13170
13177
13179
13182
13181
13188
13181
13181
13207
13206
13213
13206
13205
13207
13188
13207
13230
13242
13239
13184
13182
13184
13182
13188
13230
13264
13271
13264
13278
13287
13182
13296
13296
13296
13311
13315
13324
13324
13304
13352
13354
13304
13352
13304
13362
13363
13381
13383
13394
13405
13407
13409
13419
13400
13427
13430
13427
13436
13434
13405
13463
13454
13460
13454
13409
13486
13492
13496
13494
13468
13510
13510
13506
13468
13468
13546
13558
13541
13541
13567
13569
13574
13574
13588
13585
13596
13596
13588
13601
13607
13585
13617
13617
13624
13607
13610
13641
13607
13638
13610
13662
13683
13676
13676
13695
13676
13673
13712
13715
13641
13638
13652
13725
13733
13736
13742
13749
13754
13756
13761
13772
13778
13633
13632
13624
13800
13801
13798
13601
13626
13826
13837
13592
13846
13848
13854
13578
13590
13578
13870
13870
13881
13886
13534
13886
13885
13886
13898
13508
13906
13914
13918
13922
13925
13932
13515
13947
13966
13966
13974
13995
13407
14002
14008
14002
14002
14016
14008
14025
13403
13344
13344
14037
14052
14058
14054
14061
14068
14054
14080
14079
13344
14092
14079
14083
14104
14104
14104
14106
14106
14135
14148
14148
14148
14158
14169
14177
14182
14182
14176
14183
14182
14204
14191
14209
14204
14204
14210
14239
14195
14182
14252
14182
14264
14277
14282
14277
14299
14303
14299
14303
14313
14303
14299
14303
14313
14313
14313
14323
14303
14299
14338
14349
14356
14356
14371
14373
14381
14390
14398
14405
14409
14414
14423
14414
14443
14442
14449
14442
14423
14426
14457
14471
14457
14479
14426
14458
14499
14505
14507
14507
14526
14529
14533
14536
14538
14530
14554
14561
14530
14568
14568
14568
14443
14581
14412
14405
14594
14598
14604
14598
14598
14613
14618
14618
14640
14650
14659
14656
14659
14656
14648
14640
14698
14648
14648
14711
14640
14711
14648
14742
14742
14746
14742
14746
14760
14717
14773
14780
14782
14654
14693
14794
14693
14769
14693
14801
14769
14817
14824
14827
14801
14840
14813
14840
14846
14846
14769
14851
14860
14840
14866
14878
14879
14894
14901
14903
14901
14908
14846
14851
14851
14851
14932
14923
14944
14769
14854
14952
14970
14969
14979
14970
14654
14993
15000
14999
14998
15016
15024
15018
15032
15018
15037
15018
15041
15045
15018
15018
15060
15079
15082
15086
15090
15086
15099
14659
14663
15108
15110
14657
14657
14635
14635
15130
14613
15130
15132
14620
14610
14620
15148
14610
15152
15155
14381
15168
14377
14354
14377
15189
14345
15196
14346
14342
15211
15208
15216
15219
15222
14288
15222
14288
14288
14106
14106
14278
14288
14288
14278
14278
15270
14080
14080
14080
15303
15306
14096
15317
15323
15324
15323
15339
15341
15336
15346
15336
15356
13084
13184
13184
15371
13084
13084
15381
13084
15381
15400
15407
15414
13239
15420
15422
15422
15422
15437
13174
15456
15462
15458
15469
15462
15461
15462
13037
13074
15510
15503
15519
13037
15519
15529
15537
15537
15536
15546
15541
15559
15571
15571
15563
15566
15584
15582
15591
15593
15595
15602
15604
15614
15595
15621
15560
15621
15629
15634
15637
15639
15640
15634
15621
15656
15665
15664
15664
15656
15676
15656
15656
15686
15691
15696
15664
15664
15706
15706
15705
15705
15733
15738
15551
15503
15766
15772
13035
15780
15789
15800
15795
15795
15780
13035
13015
15818
15820
15834
13013
15820
15845
15849
13013
15861
15866
15831
15886
15891
15893
15893
15897
15905
15908
15905
15893
15834
15923
15921
15932
15922
15921
15920
15922
15923
15953
15960
15951
15965
15971
15951
15979
15979
15825
15994
12658
16001
16001
16001
16012
16024
16032
16032
16039
12997
12993
12645
12621
16039
12997
16070
16077
16073
16083
12993
16091
16100
16113
16123
16100
16137
16137
16147
16158
16157
16156
16169
16157
16180
16177
16194
16194
16202
16208
16208
16226
16169
16238
16147
12645
16264
12621
16272
12621
16279
16284
16295
16297
16277
16272
16269
16306
16269
12505
16264
16264
16309
16309
16353
16356
16362
16356
16372
16383
16386
16360
16360
16398
16409
16419
16272
16428
16428
16272
16443
16445
16451
16459
16474
16481
16482
16491
16498
16500
16330
16330
16507
16510
16330
16510
16507
16507
16548
16553
16556
16337
16053
16579
16578
16589
16589
16337
16601
16605
16618
16618
16627
16624
16624
16649
16660
16662
16624
16641
16639
16687
16639
16699
16703
16641
16624
16662
16722
16726
16722
16736
16758
16758
16749
16755
16720
16720
16726
16793
16798
16613
16607
16613
16607
16817
16819
16825
12505
16825
16837
16839
16853
16833
16854
16854
16877
16883
16885
16854
16892
16871
16871
16892
16877
16921
16915
16933
16915
16939
16950
16959
16959
16977
16980
16984
16983
16993
16983
16988
16988
17005
17005
17008
17008
17023
17015
17030
17032
17032
17040
17052
17065
17068
17071
17068
17071
17050
17050
17058
17084
17084
17099
17082
17103
17082
17109
17118
17068
17065
17071
17133
17146
17146
17162
17153
17178
17176
17176
17154
16919
17199
17199
16877
17231
17239
17246
17254
17266
17282
17284
17290
17284
17290
17284
17313
17321
17329
17332
17331
17337
17319
17329
17325
17375
17254
17368
17394
17400
17400
17407
17388
17400
17417
17416
17400
17435
17438
17438
17437
17448
17465
17465
17474
17474
17474
17485
17485
17479
17496
17496
17462
17495
17496
17518
17524
17524
17468
17531
17518
17462
17544
17553
17518
17560
17518
17518
17468
17582
17566
17599
17608
17468
17468
17608
17624
17624
17616
17635
17650
17653
17670
17673
17681
17673
17698
17702
17705
17705
17711
17715
17712
17724
17722
17728
17722
17739
17707
17536
17712
17739
17759
17712
17536
17531
17465
17773
17773
17524
17531
17791
17797
17802
17812
17773
17812
17812
17812
17816
17816
17844
17840
17812
17862
17864
17862
17864
17872
17877
17831
17883
17888
17887
17893
17897
17885
17902
17905
17909
17908
17902
17922
17925
17909
17936
17941
17823
17944
17944
17952
17944
17872
17960
17960
17971
17973
17962
17980
17967
17985
17988
17988
17952
17993
17988
17988
18012
18016
18027
18027
18033
18027
18037
18043
18048
18042
18064
18061
18064
18040
18011
18012
18084
18084
18091
18091
18106
18111
18116
18106
17993
18016
18144
18148
18144
18160
18158
18146
18173
18173
18180
18183
18180
18180
18182
18182
18207
18183
18228
18158
18216
18158
18228
18250
18246
18266
18268
17993
17952
18290
18298
18301
18308
18314
18314
18321
18307
18321
18316
18316
18335
18329
18331
18331
18331
18338
18360
18329
18373
18370
18373
18373
18395
18380
18370
18402
18380
18409
18416
18424
18421
18431
18433
18438
18370
18370
18321
18307
18461
18465
18469
18472
18309
18482
18484
18491
18496
18505
18502
17782
18502
18514
18502
18511
17782
18522
18511
18526
18541
18544
18514
18549
18514
18558
18558
18505
18558
18557
18557
18514
18549
18549
18594
18594
18602
18606
18610
18613
18558
18566
18637
18642
18642
18566
18654
18642
18667
18659
18667
18683
18691
18699
18709
18704
18659
18720
18722
18736
18740
18744
18745
18751
18750
18754
18760
18740
18625
18625
18763
18740
17780
18788
17465
18790
18795
17465
17449
17450
18833
18849
18851
18849
18858
18862
17388
18891
18896
18880
18880
18896
18882
18919
18917
18946
18933
18954
18955
18967
18920
18973
18979
18973
18984
18984
18997
19003
19006
19012
19012
19006
18998
19021
19014
19014
19014
19014
19047
19003
19067
19087
19086
19103
19103
19123
19105
19128
19119
19128
19129
19105
19123
19167
19105
19178
19185
19188
19185
19201
19204
19207
19181
19216
19220
19228
19225
19218
19167
19168
19258
19088
19091
19084
19091
18984
19290
18903
18903
19303
19307
19312
19311
19332
19332
19332
19339
19349
19318
19349
19362
19358
19381
19389
19385
19400
19411
19410
19385
19385
19426
19383
19436
19438
19443
19446
19441
19449
19454
19446
19464
19408
19471
19475
19497
19419
19419
19493
19519
19410
19530
19532
19541
19546
19546
19535
19540
19546
19568
19546
19575
19564
19582
19575
19565
19600
19604
19613
19532
19411
19400
19402
19402
19402
19642
19648
19644
19658
19648
19675
19677
19692
19692
19682
19685
19710
19685
19695
19716
19727
19731
19695
19692
19743
19638
19635
19637
19635
19773
19635
19781
19756
19314
19314
19314
19314
19810
19810
19817
19843
19853
19862
19837
19875
19874
19874
19891
19900
19875
19899
19917
19899
19891
19888
19929
19938
19891
19911
19900
19964
19900
19900
19877
19875
19877
19986
19990
19829
20002
20010
20010
20012
18903
20021
20023
20035
20039
20039
20039
20044
20057
20063
20066
20063
20057
20039
20057
20070
20044
20024
20037
20035
20108
20111
20119
20115
20123
20126
20134
20133
20138
20142
20142
20153
20152
20169
20089
20085
20074
20193
20046
17256
17252
17256
20223
20230
20225
20241
20244
17256
20253
20258
17252
17247
20273
20272
20272
20284
20284
20273
20274
20293
20306
16871
20316
16899
16865
20337
20341
20338
16839
20358
20358
16837
20370
16566
16566
20386
20384
20399
20385
20408
20408
20384
20406
20419
20410
20406
20432
20406
20432
20419
20384
20408
20455
20399
20385
20399
20468
20467
20483
20490
20483
20474
20502
20474
20506
20474
20513
20474
20525
20527
20530
20530
20532
20530
20532
20500
20498
20551
20483
20483
20566
20382
20386
20584
20386
20588
20594
20594
20601
16567
16567
16567
20622
20622
20639
20644
20639
20639
20648
20648
20668
20668
20661
20681
20670
20681
20687
20695
20665
20639
20718
16571
20725
20722
20628
12596
20749
20758
20764
20766
20774
20741
20744
20785
20795
20790
20816
20738
20827
20827
20840
20837
20851
20838
20834
20864
20863
20875
20882
20863
20887
20864
20864
20864
20834
12609
20920
12609
20933
20936
20941
20943
20943
20948
20943
20955
20967
20971
20958
20984
20987
20943
21000
21008
20948
21007
21026
21025
21032
21036
21042
21033
21053
21048
21053
21052
21051
21067
21070
21070
21069
21079
21070
21070
21076
21097
21100
21104
21107
21111
21117
21125
21125
21134
21137
21142
21142
21154
21100
21099
21052
21093
21093
21053
21056
21048
21023
21199
21205
21216
21008
21227
21008
21000
21000
21268
21000
21279
21277
21297
21305
21315
21292
21327
21326
21327
21292
21297
21343
21347
21356
21279
21363
21367
21363
21371
20950
21378
21381
20950
21381
21397
21401
21397
21378
21412
21416
21422
20945
21430
20945
21430
20929
20929
20929
21442
12453
21461
21469
21472
21484
21489
12413
21507
21514
21517
21517
21519
21532
21519
21516
21546
21524
21519
21556
21557
21563
21524
21524
21563
21586
21594
21611
21584
21626
21632
21619
21648
21619
21642
21640
21626
21674
21676
21609
21691
21697
21703
21711
21711
21730
21738
21723
21755
21745
21755
21772
21777
21741
21789
21784
21793
21796
21796
21798
21796
21808
21604
21605
21604
21824
21828
21605
21593
21837
21593
21849
21852
21849
21852
21861
21866
21848
21875
21866
21885
21852
21894
21904
21527
21915
12398
21919
11844
21934
12158
12158
21945
21945
21945
21967
21970
21964
21970
21983
21985
21990
21983
22000
22003
22004
21964
22011
22015
21964
22028
22004
22004
22048
22039
22052
22057
22057
22048
22072
22080
22072
22099
22095
22095
22015
22028
12158
12158
22132
22138
22145
22138
22138
22154
22130
22164
22168
22174
22173
22181
22173
22187
22187
22198
22210
22210
22215
22210
22230
22234
22187
22266
22271
22271
22280
22187
22284
22187
22291
22298
22305
22311
22310
22316
22280
22320
22311
22332
22316
22332
22340
22340
22347
22354
22356
22356
22354
22383
22350
22405
22383
22413
22403
22433
22444
22448
22447
22448
22448
22448
22457
22483
22347
22341
22502
22505
22505
22513
22516
22347
22513
22491
22530
22534
22510
22550
22491
22549
22491
22512
22559
22568
22575
22559
22590
22585
22603
22607
22608
22620
22623
22590
22594
22632
22634
22657
22655
22516
22681
22686
22683
22693
22699
22703
22496
22714
22718
22718
22718
22734
22740
22742
22755
22774
11965
22787
22766
22787
22766
22787
22803
22844
22844
22792
22848
11965
22856
22792
11847
22877
11957
11957
22900
22875
22881
11847
22913
11847
11848
11855
11855
11840
11253
11253
11253
22947
11228
11228
22960
11236
22968
22966
11236
22976
11236
22984
22960
22999
23012
23014
23014
23017
23023
23017
23027
23029
23032
23031
23035
23032
23046
23052
11236
23074
23074
23081
23085
23092
23100
22968
23114
23118
23119
23119
23130
23139
11229
23146
23150
23154
11231
23164
11204
23167
23174
11204
11205
23185
11126
23199
23194
23211
11116
23230
23236
11109
10836
10775
10738
23261
23267
10744
23282
23267
23282
23258
23259
23298
23259
10631
10631
23259
23321
23321
23312
23312
23331
23345
23318
23369
23369
23375
23386
23386
23379
23345
23318
23379
23414
23417
23413
23417
23421
23414
23440
23312
10631
23476
23484
23487
23491
23491
23498
23500
23507
23469
23510
23469
23312
23321
23541
23546
23560
23554
23568
23581
23585
23585
23550
23585
23550
23541
23321
10624
10604
23634
23634
23637
23662
23657
23670
23671
23671
23687
23689
23668
23697
23662
23705
23697
23705
23662
23705
23726
23731
23731
23731
23754
23731
23759
23731
23770
23731
23782
23782
23800
23798
23796
23796
23809
23795
23821
23824
23824
23823
23837
23841
23841
23843
23841
23841
23865
23870
23809
23892
23896
23796
23905
23905
23917
23917
23925
23931
23925
23935
23925
23935
23948
23950
23950
23952
23968
23969
23974
23965
23990
23991
24004
24004
23997
23974
24023
24023
24028
24032
23950
24043
24045
24048
24050
24053
24050
24062
24048
24075
24073
24075
24085
24073
24098
24097
24102
24098
24073
24116
24119
24120
24128
24143
24141
24137
24154
24158
24154
24168
24143
24120
24120
24186
24188
24213
24208
24220
24208
24223
24230
24236
24235
24249
24249
24258
24271
24279
24270
24282
24272
24128
24125
24048
24125
24311
24337
24339
24336
24050
24337
24334
24375
24062
24391
24393
24397
24403
23952
24399
24415
24429
24427
23944
24442
24461
24470
24476
24476
24484
24476
24476
24496
24480
24484
24508
24508
24462
24515
24517
24515
24515
24462
24508
24543
24533
24555
24450
23931
24576
24584
24586
23744
23744
23729
23638
23638
23638
10537
10537
10534
10546
24626
24631
24643
24647
24649
24645
24656
24658
10518
10487
24673
10508
24682
10508
24691
24702
24708
24702
24702
10488
24718
10482
24718
10394
10394
10488
24754
10482
24762
24764
24762
24774
24778
10482
24778
24778
24792
24774
24802
24806
10370
24815
24823
24832
24834
10371
24738
24840
24840
24816
24837
24840
24873
24879
24896
24899
24905
24858
24858
24920
24924
24927
24935
24929
24939
24943
24948
24933
24948
24933
24927
24927
24974
24979
24935
24943
24935
24991
24935
25007
25018
25018
25012
25007
25012
25007
25043
24935
25054
25057
24935
25069
25068
25069
25080
25075
25083
25094
25096
25103
25012
25100
25118
25094
25057
25050
25050
25057
25138
25158
25154
25163
25165
25163
25175
25163
25171
25190
25191
25100
25207
25100
25215
25223
25215
25215
25241
25232
25207
25232
25257
25207
25265
25107
25275
25275
25290
25290
25287
25306
25306
25111
25318
25322
25329
25102
25327
25103
25348
25014
25358
25362
25371
25379
25381
25388
25392
25396
25396
25402
25411
25418
25418
25425
25425
25425
25434
25432
25434
25434
25439
25425
25457
25434
25434
25473
25475
25480
25472
25439
25507
25511
25515
25503
25524
25528
25534
25546
25464
25561
25563
25569
25571
25573
25573
25580
25583
25540
25590
25590
25599
25609
25599
25616
25620
25590
25590
25540
25632
25629
25639
25638
25653
25656
25658
25664
25679
25686
25639
25697
25639
25708
25707
25706
25689
25725
25643
25733
25707
25750
25707
25756
25765
25772
25776
25785
25791
25800
25803
25806
25811
25806
25785
25785
25835
25834
25821
25806
25853
25860
25846
25875
25875
25890
25890
25883
25898
25883
25898
25890
25887
25883
25921
25932
25929
25875
25931
25932
25952
25961
25963
25963
25974
25898
25904
25904
26008
25887
25887
26026
26034
26024
26026
26047
26026
26049
26026
26026
26051
26071
26072
26089
26076
26072
26034
26108
26008
26120
26127
26134
26130
26140
26144
26146
26152
25890
26167
25835
26178
25837
25834
25837
26176
26178
26199
26222
26220
26218
26241
26252
26257
26262
26267
26252
26262
26277
26257
26241
26242
26293
26298
26291
26291
26308
26311
26314
26305
26337
26329
26239
26239
26325
26382
26390
26395
26393
26402
26380
26393
26402
26416
26418
26363
26402
26416
26416
26402
26402
26402
26437
26402
26411
26459
26461
26457
26459
26410
26411
26476
26483
26493
26459
26505
26461
26457
26461
26402
26533
26530
26552
26551
26551
26570
26585
26573
26573
26571
26604
26416
26614
26627
26629
26627
26635
26639
26416
26648
26432
26648
26416
26665
26395
26673
26676
26683
26676
26692
26694
26692
26699
26351
26712
26683
26731
26239
26740
26236
26743
26344
26236
26344
26239
26767
26743
26779
26777
26344
26791
26794
26798
26794
26236
26236
26840
26836
26829
26851
26829
26870
26879
26867
26887
26851
26236
26907
26914
26840
26922
26930
25715
26936
26939
26945
26923
26951
26951
25715
26984
26995
26989
27009
26989
27014
27017
27021
27017
27009
26980
26980
26939
27049
26936
26936
27057
26933
26930
27057
27083
27086
27061
26933
27099
27078
27078
27117
27120
27117
27117
27109
26933
27153
27152
27161
27175
27152
27180
27182
27180
27195
27194
27194
27195
27194
27214
27195
27221
27228
27232
27228
27225
27153
27153
27248
27158
27070
25583
25584
27275
25580
27279
25472
25472
25487
25480
27301
27303
27303
25473
27313
27328
27322
27340
27322
27337
27328
27361
27361
27371
27371
27313
27360
27393
27398
27391
27412
27412
27416
27422
27422
27422
27416
27431
27413
27450
27431
27459
27462
27461
27450
27450
27488
27413
27494
27447
27413
27503
27509
27522
27530
27535
27514
27537
27447
27509
27559
27561
27402
27567
27571
25432
27571
27581
27592
27571
27583
27619
27624
27603
27628
27624
27624
27628
27642
27624
27604
25432
27624
27665
25432
27673
27679
27680
27360
27360
27697
27361
27688
27360
27659
27717
27717
27679
27727
27729
27732
27761
27717
27766
27680
27659
27780
27659
27659
27801
27659
27780
27688
27708
27826
27828
27708
27849
27708
27708
27849
27868
27845
27828
27836
27878
27836
27884
27892
27891
27892
27891
27361
27915
27922
27925
27361
27936
27942
27926
27908
27958
27958
27960
27971
27960
27893
27997
28001
28008
28011
28025
28029
28033
28029
28025
28029
28025
28050
28028
28061
28065
27996
28072
28021
28068
28050
28050
28063
28025
28115
28111
28113
28111
28145
28153
28153
28152
28163
28166
28166
28153
28166
28181
28156
28189
28156
28193
28195
28204
28213
28218
28003
27993
27993
27993
28234
28247
28247
28244
27313
27368
27368
28271
28281
28277
28286
28294
28286
28305
28310
28294
28294
28334
27336
27337
27346
28357
27345
27346
28357
27346
27322
27322
28380
28392
28403
28404
28409
28414
27324
28409
25402
25392
25379
28438
28438
28443
28447
25381
25381
25368
28463
24924
24738
28486
28496
28486
28501
28486
28501
28486
28503
28517
24738
28528
28531
28542
28531
28533
28533
24852
28557
28531
28560
28539
28538
28577
28539
28595
28593
28593
28602
28613
28615
28602
28591
28586
28586
28628
28638
28648
28648
28655
28672
28675
28674
28681
28683
28688
28691
28649
28691
28705
28707
28718
28734
28736
28723
28734
28743
28736
28769
28755
28755
28781
28786
28788
28795
28800
28786
28821
28825
28823
28825
28837
28833
28786
28833
28856
28865
28877
28860
28883
28883
28836
28860
28896
28899
28901
28836
28901
28836
28901
28899
28898
28920
28925
28860
28945
28950
28953
28938
28953
28898
28953
28968
28938
28950
28950
28950
28958
28996
29004
29004
29004
29000
29000
29004
28996
29002
28996
29048
28996
29057
29048
29057
29049
29077
29077
29076
29073
29087
29073
29095
29077
29101
29057
29127
29049
29131
29131
29126
29142
29153
29155
29127
29131
29174
29184
29194
29187
29196
29187
29206
29209
29212
29212
29219
29131
29000
29236
29242
29004
29242
29242
29249
29249
29021
29270
29011
29012
29012
29289
29296
28968
28972
29325
29329
29331
29332
28898
29332
29349
28898
29357
29360
28920
29364
29367
29369
29369
28924
28925
29379
28921
28924
28924
29397
29404
29406
29406
29404
29416
29406
29419
29428
29430
29428
29430
29437
29406
29444
29454
29457
29464
29470
29472
29459
29470
29490
29496
29490
29472
29472
29459
29515
29524
29515
29515
29528
29519
29382
29548
29558
29560
29560
29570
29572
29583
29580
28899
28856
28856
28856
29605
29599
29609
29622
29627
29631
29628
29628
29631
29628
29628
29628
29655
29658
29662
29659
29666
29659
29666
29666
29622
29619
29694
29698
29695
29703
29702
29703
29730
29735
28839
28838
28838
29765
29773
29768
29773
29780
29735
29765
29800
29809
29808
29809
29818
29818
29808
29803
29797
29797
29841
29781
29803
29803
29855
29862
29867
29877
29809
29800
29886
29893
29907
29907
29914
29917
29921
29921
29920
29920
29921
29768
28839
29945
29760
29948
29955
29958
29961
29948
29947
29967
29978
29982
29991
29992
30001
29991
29981
30011
29992
30001
30024
30023
30023
30049
30055
30059
30063
30063
30077
30063
29978
30092
30056
30086
30102
30107
30086
30111
30097
30086
30126
30107
30132
30132
30147
30147
30159
30132
30102
30177
30180
30184
30183
30193
30183
30200
30183
30206
30210
30200
30200
30222
30224
30222
30230
30224
30232
30238
30245
30244
30239
30258
30270
30270
30282
30292
30292
30303
30292
30301
30315
30323
30319
30315
30332
30339
30358
30358
30365
30367
30377
30367
30377
30356
30390
30403
30400
30411
30356
30419
30426
30433
30443
30448
30448
30453
30443
30464
30448
30462
30443
30486
30493
30443
30472
30506
30509
30472
30516
30523
30453
30531
30485
30493
30559
30561
30486
30569
30573
30578
30582
30578
30589
30600
30605
30605
30605
30614
30614
30614
30614
30630
30632
30640
30646
30651
30663
30663
30601
30589
30601
30683
30688
30685
30697
30697
30699
30582
30411
30403
30719
30390
30390
30390
30743
30747
30752
30754
30719
30764
30766
30776
30782
30791
30796
30799
30804
30403
30812
30396
30353
30394
30815
30814
30394
30353
30397
30394
30868
30868
30883
30890
30884
30868
30868
30898
30868
30912
30921
30921
30931
30921
30943
30921
30928
30953
30921
30921
30953
30977
30928
30989
30992
30995
30997
30995
31002
31005
31005
31011
31022
31020
31028
31030
31030
31028
31044
31028
31002
31011
31065
31064
31015
31079
31064
31085
31068
31068
31085
31084
31084
31084
31108
31111
31115
31113
31124
31124
31139
31138
31166
31159
31176
31159
31185
31169
31133
31133
31200
31204
31120
31210
31225
31227
31227
31246
31253
31115
31271
31267
31268
31271
31283
31271
31269
31269
31301
31304
31310
31305
31329
31028
31336
31028
31343
31336
31342
31028
31028
31019
31358
31361
31361
31379
31028
31386
31386
31385
31401
31385
31411
31414
31414
31028
31426
31019
31439
31439
31445
31455
31454
31453
31454
31474
31450
31468
31493
31495
31497
31501
31500
31507
31501
31516
31519
31534
31514
31533
31507
31550
31552
31507
31501
31560
31560
31514
31533
31533
31581
31583
31574
31598
31515
31607
31605
31618
31621
31629
31634
31638
31638
31652
31656
31028
31431
31434
31426
31669
31417
31687
31693
31428
31687
31426
31720
31722
31725
31428
31733
31711
31742
31751
31753
31755
31753
31755
31751
31761
31786
31753
31791
31790
31791
31791
31753
31809
31815
31828
31824
31828
31836
31836
31848
31852
31825
31867
31807
31867
31873
31883
31888
31900
31903
31888
31888
31885
31885
31885
31930
31908
31907
31944
31907
31885
31956
31960
31964
31959
31975
31978
31988
31997
31994
32014
32003
32026
32030
32032
31988
31960
31969
31964
31964
31936
32071
31964
32084
32087
32090
32092
32092
31907
32102
32100
31942
31943
31908
31881
31879
31881
32142
32142
32146
31881
32157
31881
32142
32142
31879
32140
32189
32182
32193
32198
32186
32202
32215
32217
32210
32214
32227
32230
32233
31879
32140
32256
31879
32140
32210
32275
32144
32144
32285
32272
32296
32299
32299
32140
32323
32325
31879
32340
32345
31879
32359
32357
32366
32357
32370
32380
32351
32384
32397
32402
32409
32409
32424
31753
31769
32431
32433
32435
31749
32453
31755
32453
32461
32460
32461
32488
32486
32500
32490
32500
32490
32515
32515
32515
31733
31687
31693
31691
32536
32541
32546
32548
32555
32557
32557
32555
32548
32548
32570
32536
32583
32578
32589
32582
32611
32612
31417
31417
32612
32625
32624
32612
32631
32634
32634
32646
31417
32648
32648
32657
31417
32657
31417
32667
32673
32674
32683
32674
31411
32674
32695
32697
32708
32708
32715
32720
32706
32697
32697
32740
32744
32697
32748
32733
32765
32770
32773
32773
32794
32796
31411
31401
31401
31411
31401
32827
31386
32844
32845
32844
32853
32855
32858
31386
32831
32874
32878
32886
32827
32836
31379
32897
32900
32900
32897
32897
32836
32916
32926
32916
32916
32944
32946
32950
32944
32916
32962
32944
32970
32973
32973
32983
32991
32997
33005
32991
33014
33017
33017
33014
33014
33031
33037
33007
33007
33042
33062
33061
33062
33085
33089
33102
33108
33120
33122
33122
33131
33120
33122
33106
33146
32886
32883
31361
31388
31388
33169
33173
33166
33179
33183
33185
33190
33167
33190
33209
33213
33229
33227
33220
33248
31358
31361
31358
31343
33262
31339
33270
31339
33273
33273
33273
33289
33293
33292
33307
33314
33294
33326
33289
33281
31336
33281
33357
33352
31336
33370
31336
33379
33366
33383
33391
33396
31038
31039
31038
31044
33415
33416
31038
33436
31039
33441
33445
33441
33458
33445
33477
33485
33487
33491
33487
33491
33498
33502
33498
33504
33514
33491
33483
33526
33534
30992
33540
30992
33553
30989
33545
33550
33585
33587
33589
33591
33591
33591
33591
33556
33557
33609
33556
33629
33609
33557
33640
33656
33662
33656
33669
33672
33672
33680
30973
33685
33688
33690
33688
30931
33685
30928
30928
30928
33710
33713
30928
33705
33705
33723
33705
33738
33742
33745
33741
33754
33754
33762
33764
33762
33773
33754
33794
33797
33809
33806
33809
33794
33827
33835
33830
33849
33849
33849
33875
33875
33869
33884
33886
33891
33891
33890
33904
33904
33904
33914
33919
33923
33926
33934
33918
33941
33940
33954
33919
33919
33966
33972
33919
33904
33988
33990
33985
33999
33998
34003
33904
33904
33904
34016
34013
34029
34029
34038
34033
34044
34033
34051
34054
34053
34061
34051
34065
34061
34081
34088
34088
34061
34085
34088
34081
34129
34133
34142
34145
34147
34088
34124
34165
34081
34184
34184
34189
34189
34183
34181
34216
34081
34041
34221
34044
34030
34165
34233
34247
34233
34030
34264
34266
34233
34281
34263
34281
34264
34263
34297
34297
34297
34314
34314
34313
34323
34323
34300
34298
34263
34348
34364
34345
34364
34348
34382
34384
34364
34389
34389
34399
34402
34409
34406
34416
34421
34427
34429
34427
34440
34348
34345
34448
34263
34453
34455
34291
34455
34466
34470
34461
34484
34484
34506
34509
34514
34266
34266
34514
34291
34531
34531
34514
34550
34552
34550
34560
34565
34565
34558
34542
34580
34585
34590
34580
34268
34603
34609
34616
34621
34616
34606
34646
34630
34606
34655
34659
34657
34669
34673
34675
34659
34679
34682
34679
34689
34691
34691
34691
34707
34711
34717
34726
34726
34731
34717
34753
34759
34717
34268
34777
34781
34781
34793
34802
34807
34814
34018
33990
34826
34826
33990
34839
34859
34861
34852
34869
34861
34856
34890
34826
34890
34910
34901
34928
34928
34928
34941
34941
34926
34949
34956
34848
34949
34926
34949
34974
34949
34983
34986
34956
34961
34996
34996
34848
34848
35007
35007
35027
34833
35034
35036
35041
33906
35052
33764
33762
33764
35070
35075
35074
35060
35090
35089
35100
35117
35120
33732
33697
35133
35132
35125
35140
35145
33697
35145
35149
35156
35132
35166
30931
33688
33690
35186
35204
35191
35200
35200
30348
30319
30317
35236
35252
30323
35266
35270
35274
35278
35285
35289
30305
35288
35298
35289
35303
30210
35320
30187
35322
30188
35332
30184
30102
30092
35351
35358
35353
35365
35364
35367
35378
35381
35365
35381
35365
35393
35367
35367
35400
35404
35381
35393
35393
35402
35402
35400
35429
35400
35436
35414
35447
35452
35404
35457
35353
35467
35471
29985
29978
35471
29978
35471
29978
35480
35480
35471
35471
35471
29985
35518
35524
29985
35518
35535
35542
28821
28825
35561
35556
35557
35557
35574
35576
35576
35557
35574
35574
35610
35576
35626
35619
35618
35617
35576
35653
35656
35668
35656
35617
35686
35688
35694
35696
35693
35707
35708
35699
35696
35626
35737
35737
35743
35754
35766
35773
35749
35775
35793
35795
35793
35795
35806
35813
35819
35823
35827
35830
35829
35836
35829
35827
35849
35829
35862
35862
35879
35881
35872
35886
35893
35885
35905
35878
35905
35885
35929
35926
35872
35942
35872
35951
35872
35872
35966
35972
35976
35929
35862
35893
36004
36010
36016
35830
35830
36028
36030
36028
36049
36053
36049
36049
36067
36073
36074
36085
36087
36088
36100
36106
36111
36119
36125
36067
36049
36141
36138
36149
36138
36157
36138
36145
36053
36149
36176
36180
36188
36187
36061
35800
36204
35814
36209
36213
35787
35787
36218
36238
36248
36222
36258
36222
36222
35796
36269
36258
36283
36289
36295
36248
36283
36295
36294
36283
36318
36315
36333
36328
36344
36328
35781
36359
36361
36364
35765
36369
35769
36375
36377
36380
36373
36400
36402
36416
36436
36442
36436
36427
36427
36448
36448
36460
36456
36448
36474
36456
36456
36489
36492
36484
36486
36489
36486
36484
36508
36498
36474
36528
36448
36542
36540
36542
36552
36448
36555
36563
36552
36555
36555
36572
36552
36580
36585
36589
36585
36552
36606
36610
36605
36606
36619
36621
36623
36627
36610
36635
36638
36635
36611
36552
36552
36649
36656
36635
36638
36669
36675
36677
36684
36688
36693
36695
36693
36698
36698
36672
36695
36741
36737
36748
36755
36758
36765
36772
36778
36776
36788
36788
36777
36777
36804
36763
36827
36828
36831
36840
36843
36856
36656
36649
36580
36880
36580
36581
36893
36895
36563
36902
36893
36893
36918
36918
36912
36918
36922
36921
36918
36912
36941
36941
36540
36976
36539
36563
36902
36902
36994
37009
36902
37025
37026
37025
37003
37025
37037
37047
37052
37025
37060
37068
37052
37060
37068
37068
37083
37083
37107
37110
37118
37107
37132
37139
37145
37154
37157
37161
37168
37124
37174
37175
37183
37118
37201
37204
37218
37216
37229
37232
37196
37239
37249
37249
37249
37078
37263
37267
37273
37273
37268
37285
36998
37295
36988
36563
37311
37316
37321
36540
36436
36400
37348
37345
37348
37360
37362
37366
37370
37380
36390
37380
37379
37398
37370
37404
37403
37409
37409
37403
37428
37408
37438
37435
37450
37452
37455
37472
37414
37484
37484
37494
37493
37498
37498
37493
37414
37520
37484
37506
37532
37539
37489
37370
37570
35766
35766
37585
37591
37588
37604
37609
37612
37600
37607
37647
37647
37658
37635
37658
37664
37675
37635
37681
37681
37607
37612
37696
37618
37701
37701
37701
37711
37701
37701
37701
37725
37707
37731
37733
37735
37750
37754
37757
37744
37772
37775
35755
35750
35757
37790
37793
35619
37799
37801
37799
35626
35626
35587
37819
37822
37822
37830
37830
37839
37846
37846
37846
37860
37862
37848
37870
37832
37879
37822
28806
37895
37897
37913
37913
37926
37926
37933
37939
37943
37939
37949
37959
37967
37974
37979
37986
37995
37983
37976
37983
38009
37995
37980
38021
37989
37986
38038
38042
38044
37965
37965
38054
38072
38076
38072
38044
37923
38101
38103
38101
38100
38111
38100
38118
38100
38123
38129
38139
38147
38149
38155
38149
38167
38168
38118
38189
38189
38110
38200
38199
38216
38218
38222
38228
38244
38255
38260
38265
38264
38263
38264
38263
38265
38278
38265
38296
38305
38303
38305
38315
38264
38290
38350
38354
38360
38378
38101
38384
38384
38101
38382
38403
38410
38443
38443
38442
38442
38450
38433
38428
38410
38473
38469
38480
38430
38433
38480
38497
38500
38428
38469
38497
38497
38469
38515
38524
38524
38469
38526
38539
38524
38469
38554
38557
38557
38563
38556
38563
38571
38574
38574
38581
38557
38497
38515
38596
38515
38601
38596
38607
38601
38596
38621
38601
38606
38607
38607
38606
38636
38607
38645
38648
38601
38621
38620
38615
38678
38683
38670
38691
38696
38704
38700
38691
38691
38691
38689
38737
38689
38704
38704
38737
38756
38620
38762
38763
38770
38666
38778
38781
38785
38798
38796
38792
38812
38792
38832
38832
38828
38828
38841
38848
38864
38872
38870
38788
38864
38886
38886
38889
38885
38900
38902
38906
38912
38788
38918
38926
38877
38870
38850
38943
38654
38972
38977
38601
38980
38980
38985
38980
39004
39011
39003
39030
39034
39036
39040
39016
39051
38985
39067
39067
39076
39076
39084
39093
39093
39099
39078
39078
39117
39120
39022
39144
39155
39144
39144
39155
39154
39167
39178
39144
39144
39159
39142
39197
39159
39142
39011
38998
39224
39230
38999
39240
39244
39251
39251
39249
38994
39249
38999
39247
39274
39249
39301
39298
39309
39298
39323
39339
39347
39341
39346
39361
39339
39346
39346
39381
39346
39389
39361
39396
39398
39408
39408
39385
39425
39428
39431
39431
39441
39438
39430
39454
39460
39463
39460
39460
39473
39478
39480
39485
39494
39496
39441
39510
39515
39517
39521
39511
39506
39511
39533
39536
39506
39536
39543
39547
39543
39543
39571
39578
39582
39584
39433
39596
39599
39601
39601
39596
39599
39614
39601
39637
39601
39661
39666
39671
39683
39698
39700
39696
39707
39714
39684
39696
39696
39711
39750
39709
39709
39758
39760
39709
39779
39777
39786
39786
39758
39797
39803
39802
39803
39763
39803
39803
39818
39802
39833
39803
39840
39845
39850
39855
39858
39865
39836
39868
39837
39833
39907
39912
39920
39920
39934
39936
39912
39907
39956
39908
39905
39966
39956
39892
39984
39984
39992
39992
40003
39980
39893
39986
40034
40038
40041
40041
40047
40049
40051
40052
40041
40073
40076
40076
40041
40043
40043
40034
40097
40102
40107
40003
40115
40123
39894
40129
40119
39894
40137
40137
40136
40150
40138
40155
40155
40141
40155
40174
40183
40188
39898
39898
39897
40203
40210
40215
40220
40188
40222
40220
40219
40219
40231
40231
40231
40243
40241
40220
39895
40272
40277
40265
40286
40282
40282
40265
40309
39714
39725
40321
39730
39726
40326
40326
40355
40356
40370
40367
40376
40376
40363
40387
40387
40394
39726
40338
40411
40416
40411
40424
40430
40433
40408
40449
40445
40460
40447
40469
40472
40442
40469
40480
40482
40480
40469
40489
40492
40483
40515
40442
40515
40535
40538
40531
40408
40552
40552
40334
40334
40571
40573
40577
40334
40586
39721
40552
40597
39684
40614
39680
40624
39680
40624
39680
40624
39627
40644
40649
40652
40610
40618
40618
40675
40666
40681
40680
40686
40689
40694
40688
40686
40704
40681
40689
40704
40704
40737
40733
40741
40741
40733
40759
40760
40774
40775
40716
40787
40760
40775
40774
40800
40760
40813
40811
40824
40787
40828
40837
40845
40652
40649
40860
40860
40860
40860
40887
40904
40912
40914
40897
40912
40897
40933
40933
40941
40943
40943
40941
40956
40964
40963
40956
40973
40941
40982
40960
40982
40998
40997
41011
40982
41019
41028
41019
41035
41020
41042
41051
41049
41056
40960
41070
41066
41076
41075
40960
41090
41092
41098
41102
41090
41110
41103
41097
41122
41116
41129
41116
41138
41146
41154
41162
41155
41168
41175
41175
41146
41148
41187
41192
41098
41093
40960
40989
41215
40956
40973
41200
41236
41200
41093
41243
41258
41272
41215
40963
41283
41286
41291
41291
40963
41305
41330
41343
41352
41357
41352
40646
41366
40646
40646
41381
41412
41416
41434
41432
41443
41443
41439
41432
41462
41426
41434
41485
41481
41498
41507
41510
41516
41518
41523
41523
41403
41537
41542
41537
41403
41537
41537
41558
41542
41558
41555
41575
41580
41580
41537
41537
41594
41403
41599
41396
41373
41376
41626
41373
41373
41373
41373
41373
41396
41663
41659
41660
41645
41688
41691
41696
41696
41706
41710
41713
41710
41718
41708
41729
41737
41742
41750
41757
41762
41762
41773
41773
41746
41784
41790
41795
41787
41795
41812
41829
41812
41829
41846
41848
41848
41848
41863
41848
41848
41871
41873
41890
41901
41829
41911
41923
41931
41930
41939
41919
41808
41813
41813
41947
41969
41947
41966
41978
41984
41987
41969
41813
41813
42003
42012
41813
42019
42017
42030
42012
42030
42012
42012
42050
42050
42049
42058
42067
42054
42072
42074
42054
42083
42091
42090
42099
42102
42106
42102
42112
42104
42091
42123
42127
42127
42134
42140
42128
42148
42155
42158
42050
42181
42072
42074
42077
42188
42213
42215
42216
42215
42213
42215
42221
42188
42198
42246
42246
42077
42254
42257
42017
42257
42273
42261
42262
42278
42262
41804
42295
42298
42298
42316
42313
42322
42300
42322
42300
42334
42339
42309
42355
41621
41625
42370
42372
41626
42380
42377
42395
42404
42411
42411
42404
42423
42423
42433
42409
42411
42448
42448
42409
42444
42409
42468
42467
42468
42485
42489
42486
42502
42497
42498
42437
42406
42406
42531
42531
42540
42498
42437
42549
42557
42555
42549
42437
42437
42437
42437
42586
42586
42601
42603
42577
42622
42557
42630
42629
42637
42647
42661
42669
42656
42685
42687
42691
42694
42698
42709
42711
42711
42555
42731
42729
39687
39627
39680
42751
39632
42770
42774
42779
42790
42792
42779
42792
42779
42770
39637
42820
39654
39637
42830
39635
42847
42849
39347
39347
42866
42868
42874
42878
42878
42886
42892
42893
42902
42901
42893
42910
42918
42923
42929
42929
42927
42943
42928
42948
42948
42956
42958
42966
42980
42964
42964
42971
42971
42995
42971
42999
43006
43016
43020
43020
43029
43035
43016
43043
42916
43066
43065
43066
43068
43074
43074
43078
43100
42918
43112
43121
43112
43112
43133
42910
43157
39326
43164
43157
43169
42902
42902
43169
43182
43188
39326
43197
43200
38648
43220
43222
43228
43212
43236
43236
38648
43220
38648
43242
43253
43255
43258
43255
38648
43271
43274
43276
43276
43255
43255
43255
43288
43299
43306
43299
43314
43274
43279
43274
43268
43343
43207
43356
38645
38625
38607
38640
43379
43379
43389
38640
43371
43403
43403
43413
43407
43417
43428
43424
43435
38636
38630
43447
43457
43459
43459
43470
43476
43482
38549
43494
38524
43500
43500
43502
43518
43524
43531
43539
43552
38526
38539
43574
43575
43586
43600
43586
43615
43600
43625
43586
43586
43625
43625
43621
43619
43615
43619
43665
43665
43686
43690
38411
38404
38358
43708
43710
43717
38358
43724
43726
43717
38358
43739
43742
43752
43745
43745
43765
43769
43757
43757
43743
43787
43743
43752
43737
43742
43814
43813
43738
43738
43835
43830
43849
43860
43864
43860
43878
43890
43868
43862
43904
43914
43917
43910
43917
43917
43923
43930
43942
43901
43960
43963
43969
43849
43987
44003
44009
43997
44009
43997
43854
44027
44039
44039
44049
44052
43854
44061
43854
44073
44079
43841
43813
44095
44095
44100
44108
44100
43813
43813
44122
44135
43803
44138
44160
44166
44170
44173
44173
44180
44182
44184
44184
44197
43743
44196
44207
44205
44222
44229
44238
44243
44249
44252
44227
44259
44227
44253
44276
44276
44249
43786
43786
43787
43786
44304
44303
44303
44313
44329
44339
44344
44323
44323
44357
44324
44359
44359
44357
44380
44382
44372
44390
44394
44403
44408
44412
44324
44419
44430
44434
44426
44434
44426
44448
44452
44445
44456
44456
44461
44464
44464
44475
44480
44480
44461
44490
44494
44289
44495
44505
44523
44527
43773
44541
43773
43773
44535
44565
44559
43773
43773
44577
44556
44590
44595
43761
43761
43761
44600
43745
44629
44601
44625
44640
44643
44651
44651
44629
44669
43717
44679
43707
44690
44696
44688
44689
44701
44712
44715
44705
44690
44725
44690
44730
44752
44749
44730
44730
44773
44773
44778
44785
44787
44749
44793
44795
44802
44795
44690
44795
44830
44807
44810
44848
44848
44836
44860
44863
44863
44870
44863
44873
44882
44888
44905
44889
44905
44911
44913
44911
44895
44921
44873
44931
44873
44887
44887
44931
44952
44888
44964
44959
44959
44974
44979
44982
44990
45002
44979
45008
45009
45016
45019
45048
45050
45050
45060
45058
45086
45085
45081
45094
45105
45061
45106
45129
45139
45134
45153
45158
45147
45168
45106
45177
45181
45111
45115
45209
44889
45214
45222
44863
45235
45245
44810
44848
44810
44848
45256
44810
44810
45271
45278
45288
45261
45300
45303
45308
44807
45308
44807
44807
45312
45325
45315
45334
45337
45350
45350
45350
45372
45375
45360
45382
45347
45391
45303
45389
45399
43708
45416
44815
45432
45431
45439
45439
45438
45439
45458
45414
45457
45441
45439
45484
45487
45494
45499
45494
45501
45499
45501
45510
45517
45414
45414
45527
43708
45416
45548
45548
45553
45545
45548
45553
45567
45570
45566
45567
45567
45588
45584
45597
45584
45581
45588
45621
45618
45625
45618
45629
45588
45642
45588
45642
45588
45641
45633
45667
45666
45666
45666
45681
45676
45686
45681
45695
45686
45716
45722
45711
45727
45739
45727
45745
45747
45750
45686
45757
45762
45757
45770
45772
45770
45667
45621
45625
45803
45806
45808
45813
45815
45808
45835
45840
45846
45848
45848
45588
45567
45567
45877
45891
45893
45896
45869
45590
45588
45909
45590
45909
45931
45891
45940
45869
45891
45940
45940
45896
45956
45877
45976
45978
45978
45994
46004
46004
46004
46017
46020
46026
45999
46034
46040
46038
46033
45999
46033
46039
46040
46061
46077
46079
46075
46083
46034
46093
46102
46102
46104
46115
46115
46120
46120
46129
46120
46143
46136
46158
46160
46167
46167
46174
46176
46176
46181
46202
46199
46199
46211
46216
46216
46216
46211
46232
46226
46226
46226
46253
46216
46269
46269
46260
46269
46271
46282
46284
46285
46304
46308
46216
46313
46315
46199
46326
46325
46335
46337
46340
46326
46349
46354
46176
46368
46363
46358
46363
46358
46358
46383
46359
46391
46416
46420
46427
46431
46421
46421
46443
46449
46169
46170
46139
46120
46465
46467
46129
46469
46469
46480
46489
46484
46489
46500
46517
46528
46531
46480
46542
46542
46552
46554
45964
45964
46558
46558
46565
46577
46583
46585
46577
46583
46597
46603
46605
46605
46614
46606
46623
46635
46642
46635
46635
46649
46660
46659
46670
46680
46683
46680
46696
45597
45601
45597
46707
46711
45598
46717
46722
45598
46735
46733
46735
46722
46764
46766
46771
43710
46723
46778
46784
43710
46788
43710
46802
46804
46806
46825
46835
46825
46835
46835
46830
46847
46849
46826
46867
46870
46867
46876
46884
46888
46870
46897
46892
46870
38359
46914
46914
46929
46933
46870
46946
46899
38365
46888
38361
46969
46975
46982
46982
46991
46982
46966
47002
47005
47009
47011
37902
47020
47022
47020
47027
47011
47040
47039
47047
47040
47020
47057
47022
47065
37902
47065
47079
37902
47079
47099
47098
47106
47106
47113
47106
47079
47124
47132
47134
47095
47147
47150
47153
47153
47150
47160
47147
47166
47170
47179
47188
47172
47170
47170
47201
47221
47200
47226
47238
47239
47248
47250
47252
47248
47248
47248
47285
47289
47294
47294
47299
47301
47303
47303
47301
47301
47315
47314
47320
47333
47352
47361
47366
47368
47372
47320
47372
47383
47385
47400
47403
47372
47402
47414
47417
47414
47417
47430
47366
47434
47435
47352
47459
47463
47469
47473
47475
47487
47456
47346
47499
47499
47504
47504
47504
47504
47333
47535
47546
47549
47552
47557
47561
47570
47334
47584
47591
47594
47596
47609
47617
47600
47296
47277
47635
47634
47278
47633
47277
47656
47651
47289
47675
47667
47651
47684
47684
47652
47700
47651
47705
47693
47651
47725
47714
47714
47695
47652
47700
47714
47725
47714
47725
47765
47770
47700
47771
47777
47771
47771
47793
47789
47789
47700
47700
47808
47705
47825
47825
47825
47842
47705
47825
47837
47834
47858
47866
47825
47872
47886
47825
47890
47876
47895
47876
47892
47890
47923
47927
47915
47935
47915
47876
47945
47950
47957
47956
47957
47954
47978
47991
48007
48007
48012
48007
48012
48020
48012
48018
48018
48018
48030
48012
48052
48055
48060
48066
48065
48070
48065
48066
48002
47993
47993
48109
47986
47695
48128
48128
47986
47986
48114
48142
48137
48148
48155
48155
48162
48164
48162
48170
48162
48174
48175
48162
48185
48187
48164
48202
48219
48232
48118
48242
47748
48252
48260
48262
48274
48250
48242
48254
48293
48242
48302
47739
48310
48312
48312
48309
48324
48323
48324
48324
48332
48339
48332
48347
48310
48372
48323
48368
48372
48388
48385
48385
48347
48372
48415
48415
48415
48420
48372
48413
48434
48433
48434
48434
48452
48372
48465
48408
48408
48477
48480
48488
48488
48493
48408
48497
48408
48471
48465
48405
48385
48332
48533
48525
48546
48525
48541
48533
48521
48562
48566
48568
48388
48391
48339
48391
48391
48596
48600
48388
48607
48388
48618
48600
48629
48343
48343
48343
48639
48652
48657
48581
48663
48666
48391
48674
48678
48678
48674
48692
48695
48698
48700
48717
48709
48733
48740
48734
48746
48734
48321
48763
48769
48769
48769
48763
48781
48779
48790
48801
48801
48807
48797
48797
48798
48804
48831
48807
48852
48861
48874
48790
48882
48852
48886
48895
48852
48899
48906
48895
48923
48928
48922
48916
48923
48951
48927
48968
48979
48976
48976
48990
48968
48995
48998
49002
48976
49007
49007
49003
49026
49026
48968
49047
49041
49040
49039
49040
49075
49084
49093
49091
49091
49102
49111
49052
49048
49048
49117
49137
49132
49047
49117
49154
49117
49162
49132
49169
49171
49183
49185
49191
49197
49193
49206
49206
49187
49208
49220
49229
49231
49237
49238
49180
49235
49258
49261
49261
49261
49263
49278
49238
49180
49295
49300
49299
49301
49314
49319
49319
49331
49341
49350
49354
49354
49352
49369
49317
49374
49048
49124
48968
49124
49124
49391
49410
49412
49413
49413
49412
49435
49432
49413
49451
49452
49451
49451
49412
49412
49450
49452
49494
49500
49503
49500
49443
49500
49500
49523
49531
49513
49519
49548
49559
49552
49569
49552
49511
49599
49606
48914
49616
49619
49618
49615
49634
49639
49634
49634
49639
49616
49652
49659
49639
49634
49634
49672
49616
49677
49679
49679
49672
49672
49679
49652
49700
49706
49708
49711
49618
49625
49619
49729
49735
49727
49729
49735
49750
49752
49760
49767
48874
49760
49778
48790
49783
49788
49790
49793
49795
49793
49816
49790
49790
49824
49826
49824
49790
49832
49835
49832
49841
49841
49826
49864
49824
49864
49852
49884
49891
49891
49890
49897
49904
49908
49910
49913
49901
49784
48790
49938
49942
49947
49761
49947
49956
49969
49976
49967
49966
49996
50000
49998
49999
50007
50012
50007
50018
50023
50034
50034
50042
50034
50036
50057
50065
50064
50065
50071
50075
50077
50088
50088
50094
50012
50012
50106
49999
50120
50120
50120
50128
50136
50136
50147
50152
50149
50149
50169
50149
50147
50193
50197
50204
50203
50203
50203
50203
50203
50183
50197
50245
50247
50242
50253
50254
50242
50238
50197
50266
50280
50203
50290
50293
50223
50222
50301
50310
50301
50310
50323
50301
50323
50333
50340
50340
50351
50344
50358
50369
50374
50381
50384
50299
50381
50223
50398
50392
50403
50381
50422
50419
50420
50433
50437
50433
50449
50448
50448
50456
50448
50456
50456
50465
50482
50484
50487
50487
50487
50449
50449
50505
50508
50514
50516
50520
50526
50223
50223
50539
50548
50547
50548
50398
50565
50565
50547
50581
50579
50593
50593
50606
50162
50615
50162
50612
50626
50631
50632
50631
50642
50644
50632
50656
50658
50644
50671
50675
50675
50685
50690
50671
50612
50703
50710
50712
50706
50706
50734
50732
50732
50706
50732
50753
50753
50716
50716
50715
50771
50783
50785
50753
50796
50706
50805
50808
50761
50732
50817
50822
50733
50829
50743
50853
50828
50861
50829
50868
50876
50878
50881
50876
50899
50885
50906
50911
50876
50738
50934
50937
50928
50937
50946
50973
50954
50967
50981
50987
50956
51001
50987
50958
50987
51009
51018
50929
50929
51029
50719
51037
51034
51029
51047
51029
51057
51029
50719
51071
51067
51031
51085
51071
51031
51093
51102
51103
51067
51094
51124
51129
51129
51131
51141
51103
