5
16
7
22
22
43
35
52
60
63
59
57
59
82
87
85
82
85
85
91
85
87
113
115
91
91
91
144
139
140
152
154
152
154
168
62
157
176
179
191
198
200
195
194
216
189
189
216
227
216
189
247
260
268
270
216
234
234
234
301
234
307
304
325
331
286
326
344
344
347
356
361
286
286
373
247
380
249
389
399
407
435
441
443
441
453
440
441
443
467
468
477
245
239
189
239
514
520
532
529
195
545
555
200
204
205
571
567
201
597
601
603
604
614
604
603
614
650
607
659
659
663
671
659
680
659
659
699
699
704
704
724
719
659
736
737
742
746
746
737
737
737
783
746
770
783
798
803
807
804
810
817
810
821
827
817
835
814
798
848
799
757
867
873
879
881
877
867
900
900
908
917
915
867
917
936
949
949
972
757
989
1001
988
1013
1020
667
1028
1029
643
1065
1057
1072
1081
1092
1097
1099
1106
1108
1113
1099
1128
1113
1133
1138
1133
1131
1160
1168
1138
1133
1138
1113
1191
1194
1185
1209
1214
1221
1226
1226
1114
1251
1254
1118
1262
1265
1267
1264
1264
1282
1267
1267
1293
1300
1295
1290
1308
1316
1319
1319
1321
1319
1329
1321
1354
1352
1354
1354
1365
1354
1344
1386
1350
1351
1354
1400
1365
1400
1409
1409
1427
1427
1425
1423
1419
1453
1461
1456
1453
1401
1371
1495
1499
1486
1508
1508
1507
1506
1530
1507
1506
1530
1549
1549
1544
1544
1530
1530
1541
1541
1567
1549
1588
1508
1508
1604
1604
1596
1595
1651
1655
1654
1664
1658
1654
1672
1654
1658
1655
1687
1690
1700
1711
1713
1689
1718
1734
1743
1761
1761
1767
1775
1692
1692
1779
1600
1599
1797
1814
1814
1821
1823
1829
1833
1517
1839
1847
1846
1833
1811
1858
1839
1846
1839
1872
1886
1839
1893
1893
1905
1907
1914
1919
1922
1893
1835
1518
1518
1964
1951
1964
1964
1951
1371
1490
1490
1352
1352
1369
1352
1346
2041
2041
1340
1340
2041
2041
2065
2072
2074
2077
2078
2074
2078
2078
2108
2123
2141
2154
2156
2167
2172
2166
2154
2151
2208
2221
2220
2151
2230
2230
2245
2245
2253
2263
2248
2248
2268
2248
2286
2288
2294
2300
2294
2288
2289
2328
2319
2289
2349
2349
2342
2336
2338
2362
2370
2378
2384
2391
2387
2397
2347
2405
2409
2263
2420
2231
2245
2428
2433
2440
2448
2231
2442
2443
2448
2461
2443
2477
2477
2461
2490
2477
2500
2502
2508
2510
2516
2461
2516
2537
2536
2548
2462
2470
2564
2151
2572
2581
2584
2572
2588
2593
2434
2570
2434
2612
2614
2572
2618
2623
2623
2635
2643
2643
2655
2630
2667
2667
2667
2675
2666
2686
2666
2690
2692
2699
2699
2701
2699
2709
2716
2709
2686
2701
2686
2737
2686
2746
2751
2737
2743
2743
2769
2686
2781
2780
2797
2802
2760
2745
2745
2745
2810
2822
2751
2753
2835
2753
2844
2753
2746
2854
2739
2731
2731
2873
2867
2869
2888
2890
2891
2900
2877
2907
2909
2877
2914
2927
2904
2946
2946
2971
2933
2925
2925
2986
2992
2996
2996
2918
2918
3009
3009
3008
2907
3012
2907
3043
2667
2675
2663
2573
3078
3081
3078
3088
3088
3088
3081
2573
3107
2573
2581
3117
2663
3124
3117
3129
3135
3140
3140
3153
3156
3161
3161
3161
3106
3172
3172
3182
2573
3106
3106
3201
2138
3227
3227
3222
3222
3245
3240
3253
3253
3240
3262
3271
3276
2153
3280
2153
2153
3274
3296
3303
3271
3307
3318
3234
3330
3288
3288
3343
3344
3333
3355
3358
3355
3375
3379
3386
3392
3375
3398
3379
3399
3392
3399
3392
3389
3426
3381
3426
3437
3436
3426
3436
3448
3460
3469
3475
3434
3475
3485
3469
3508
3508
3515
3521
3500
3546
3545
3550
3546
3386
3573
3384
3592
3582
3604
3607
3607
3584
3619
3592
3288
3629
3629
3288
3626
3654
3657
3647
3629
3629
3673
3676
3684
3683
3631
3698
3281
3703
2192
2198
2166
3720
3731
3737
3741
3741
3748
3752
3741
3770
3752
3774
3784
3756
3794
3742
3731
3742
3809
3813
3817
3813
3732
2181
2172
3840
3843
3840
3854
3843
3858
3876
3842
3854
3890
3886
3896
3883
3843
3843
3912
3914
3911
3934
3936
3938
3943
3947
3952
3960
3952
3960
3970
3960
3973
3859
3995
3995
3994
3989
3989
4017
4019
4023
4020
4020
4026
4037
4037
4055
4066
4066
4071
4066
4066
4082
4084
4090
4090
4084
4082
4104
4116
4104
4120
4131
4116
4129
4116
4134
4120
4153
4078
4075
4008
4045
4006
3859
4184
4207
4209
4210
4216
4216
4215
4242
4242
4250
4241
4258
4241
4258
4260
4275
4260
4241
4290
4298
4293
4312
4308
4317
4319
4327
4272
4336
4336
4275
4272
4373
4372
4387
4309
4395
4272
4353
4354
4405
4414
4413
4425
4425
4429
4414
4355
4355
4356
4460
4464
4467
4275
4336
4483
4484
4249
4260
4503
4505
4507
4505
4516
4516
4546
4555
4555
4561
4563
4576
4580
4580
4589
4590
4576
4590
4580
4576
4617
4618
4582
4638
4642
4642
4505
4665
4507
4668
4680
4677
4684
4695
4693
4684
4710
4694
4694
4684
4723
4725
4737
4736
4737
4750
4754
4754
4756
4756
4768
4772
4772
4747
4714
4699
4783
4695
4714
4807
4815
4821
4818
4836
4793
4793
4847
4855
4859
4859
4869
4871
4874
4874
4871
4879
4892
4894
4888
4891
4891
4905
4912
4892
4894
4898
4894
4892
4250
4699
4699
4959
4959
4967
4967
4967
4973
4250
4973
4997
4249
5003
5003
4247
5003
5017
4247
4232
5016
5016
5003
5031
5054
5056
5056
5069
5087
5093
5098
5092
5092
5098
5110
5086
5123
5129
5132
5114
5140
5148
5151
5154
5151
5154
5160
5154
5180
5183
5186
5179
5178
5198
5208
5206
5206
5223
5207
5207
5231
5231
5208
5246
5256
5257
5268
5180
5180
5282
5180
5291
5300
5304
5299
5290
5290
5325
5324
5337
5333
5325
5325
5352
5356
5359
5367
5304
5374
5373
5367
5389
5291
5396
5398
5395
5395
5407
5395
5421
5421
5422
5412
5445
5445
5398
5445
5462
5466
5468
5466
5466
5479
5489
5500
5439
5516
5513
5500
5466
5534
5488
5535
5534
5535
5535
5546
5546
5546
5565
5583
5587
5577
5583
5577
5601
5601
5607
5607
5601
5587
5587
5601
5625
5587
5642
5639
5639
5637
5656
5660
5637
5637
5675
5681
5637
5666
5689
5693
5693
5488
5711
5489
5716
5489
5723
5727
5738
5489
5479
5745
5745
5479
5754
5757
5767
5767
5398
5468
5779
5398
5398
5278
5786
5800
5798
5809
5398
5807
5398
5817
5819
5809
5819
5819
5835
5837
5847
5856
5872
5886
5897
5915
5917
5908
5908
5940
5940
5949
5838
5809
5256
5256
5278
5987
5256
5260
5260
5260
6015
6015
6022
6026
6029
6026
6031
6023
6011
6054
5257
6062
6066
6062
6061
6061
5257
6097
6086
6094
6094
6103
6114
6114
6121
6131
6139
6147
6147
6062
6179
6179
5254
5254
5254
5254
6225
6225
6230
6225
6225
5075
6252
6257
6227
6275
6277
6279
6286
6275
6277
6275
6299
6303
6275
6299
6313
6319
6316
6328
6330
6330
6336
6336
6336
6343
6328
6355
6355
6352
6350
6372
6380
6383
6380
6388
6388
6380
6395
6404
6408
6426
6415
6439
6417
6439
6408
6408
6453
6455
6453
6464
6473
6482
6485
6487
6455
6485
6504
6506
6511
6511
6511
6526
6529
6531
6536
6547
6547
6558
6560
6562
6568
6573
6582
6586
6439
6586
6593
6417
6417
6439
6599
6617
6593
6626
6632
6638
6646
6654
6659
6594
6594
6674
6676
6683
6686
6689
6676
6711
6729
6732
6731
6736
6736
6731
6750
6749
6750
6709
6775
6773
6779
6781
6792
6792
6791
6803
6807
6803
6807
6818
6792
6818
6792
6818
6807
6842
6851
6749
6732
6741
6689
6711
6711
6689
6899
6907
6892
6907
6907
6892
6935
6935
6892
6935
6951
6953
6955
6889
6889
6928
6711
6984
6986
6993
6993
6986
7001
7000
7015
7000
7023
7014
7028
7036
7032
7042
7042
7049
6981
7065
7072
7074
7074
6713
6686
7096
7097
7101
7101
7101
7101
7128
6676
7135
7140
7156
6668
7164
6426
7177
6422
7188
7190
7193
6368
7201
7204
6338
6332
7204
7227
7234
7236
7242
7246
7251
7254
7261
7242
7265
7261
7272
7280
7285
7272
7272
7304
7292
7317
7304
7246
7333
7338
7335
7338
7244
7353
7361
7363
7374
7354
7374
7374
7374
7354
7397
7403
7398
7403
7403
7403
7394
7393
7393
7441
7457
7462
7461
7471
7457
7479
7479
7484
7471
7491
7484
7469
7471
7498
7527
7520
7532
7499
7541
7520
7554
7572
7574
7577
7584
7592
7598
7600
7604
7606
7609
7608
7610
7630
7634
7640
7630
7630
7651
7653
7651
7658
7661
7663
7653
7650
7690
7646
7650
7690
7646
7707
7718
7650
7728
7732
7728
7732
7690
7707
7707
7707
7782
7782
7787
7792
7794
7798
7802
7808
7812
7809
7819
7822
7754
7754
7843
7850
7854
7850
7843
7840
7840
7754
7840
7843
7840
7843
7884
7843
7884
7891
7843
7900
7908
7906
7918
7923
7891
7891
7921
7884
7941
7943
7936
7884
7965
7949
7949
7981
7921
7891
7994
7996
7882
8001
7849
7850
7850
8020
7755
8048
8054
8054
8057
8065
7845
8079
8048
8083
8075
8051
8093
8101
8106
8111
8111
8116
8124
8123
8123
8123
8129
8146
8124
8129
8124
8154
8124
8158
8158
8146
8172
8177
8172
8185
8185
8201
8079
8211
7755
7755
7755
8032
7755
8217
7755
8239
8239
8248
8244
8264
8267
7728
8283
7744
7728
8296
8291
8292
8315
8319
8296
8339
8345
8335
8335
8296
8296
8359
8378
8378
8378
8405
8414
8404
8414
8414
8405
8395
8440
8283
7650
8461
8464
7651
8277
8475
8277
8481
8481
8277
8475
8501
8505
8505
8511
8466
8518
8531
8533
8540
8537
8550
8550
8559
8549
8553
8549
8559
8574
8578
7670
8589
8592
8588
8598
8601
8610
8601
8620
8624
8589
8628
8633
8631
8659
8659
8624
8678
8700
8695
8717
8727
8735
8729
8739
8742
8744
8744
8727
8759
7670
7670
8770
8759
8759
8759
8777
8777
8799
8802
8697
8771
8697
8816
8825
7660
7658
7660
8835
8837
8835
8845
8849
8856
8849
8845
7663
8871
7661
8864
8883
8864
8882
8864
7661
8864
8915
8893
8930
8883
8884
8880
7484
8960
8960
8974
8982
8983
8992
8996
8996
8996
8993
9013
9020
9027
9023
9036
9023
9036
9048
9051
9051
9042
9042
9048
9075
9065
9092
9084
9100
9102
9102
9065
9113
9122
9065
9053
9065
9140
9142
9144
9040
9154
8986
9160
8983
8983
9171
9168
9175
9183
9197
9171
9164
9171
9183
9224
9235
9238
9183
9180
9245
9247
9245
9256
9247
9247
9265
9265
9269
9272
9286
9280
9291
9280
9298
9272
9272
9312
9314
9272
9302
9323
9245
9355
9197
9368
9371
9374
9383
9380
9394
9405
9410
9410
9431
9431
9358
9449
9359
9456
9456
9458
9359
9359
9477
9484
9484
9477
9484
9486
9470
9510
9516
9519
9484
9359
9535
9484
9484
9545
9549
9552
9555
9477
9557
9477
9565
9582
9583
9565
9562
9598
9480
9480
9615
9619
9462
9447
9641
9462
9651
9653
9658
9665
9668
9671
9664
9462
9664
9687
9685
9687
9683
9687
9687
9706
9709
9708
9718
9708
9727
9718
9740
9750
9752
9758
9762
9758
9770
9762
9789
9723
9795
9804
9805
9805
9708
9813
9831
9839
9824
9824
9855
9854
9851
9854
9868
9863
9866
9866
9880
9892
9849
9903
9906
9903
9929
9905
9936
9906
9709
9945
9658
9649
9963
9649
9970
9974
9976
9973
9972
9980
10011
9963
9447
9641
9447
9632
9171
9164
8966
10074
10084
10081
10095
10112
10114
10111
10114
7469
7467
10129
10145
7467
10149
10162
10134
10134
10134
10181
10185
10188
10193
10193
10194
10193
10219
10235
10237
10243
10250
10253
10220
10273
10273
10265
10265
10265
10267
10291
10296
10296
10303
10312
10253
10326
10330
10326
10343
10351
10353
10355
10359
10371
10349
10359
10359
10378
10349
10389
10392
10392
10392
10394
10405
10411
10416
10411
10370
10253
10434
10443
10458
10253
10470
10472
10478
10470
10495
10463
10502
10502
10515
10518
10503
10470
10532
10472
10539
10535
10532
10534
10532
10534
10532
10534
10472
10579
10579
10464
10458
10475
10464
10589
10589
10602
10475
10458
10596
10458
10592
10639
10641
10647
10637
10475
10458
10669
10676
10674
10592
10688
10674
10685
10712
10718
10718
10676
10729
10313
10733
10313
10743
10746
10315
10315
10315
10767
10770
10743
10767
10743
10780
10743
10743
10780
10815
10822
10817
10812
10830
10832
10838
10838
10838
10852
10848
10878
10878
10878
10877
10891
10881
10901
10901
10916
10901
10898
10884
10891
10877
10891
10878
10891
10963
10884
10884
10980
10988
10898
10983
10976
11010
11018
11015
11035
11035
11034
11034
11015
11034
11035
11065
11065
11077
11072
11077
11086
11094
11075
11075
11099
11075
11023
11099
11010
11122
11008
11128
11137
10933
10900
11152
11151
11152
11159
11165
11168
11162
11176
11179
11162
11159
10922
10919
11197
10919
11201
11197
10901
10901
11214
11197
11223
10922
11233
11237
11233
11242
11249
11253
11260
11256
11233
11293
11267
11293
11308
11313
11313
11267
11267
11308
11336
11346
11336
11352
11352
11352
11351
11361
11367
11367
11376
11364
11376
11364
11361
11402
11417
11419
11419
11419
11419
11417
11367
11369
11369
11446
11457
11457
11464
11477
11470
11481
11481
11485
11490
11498
11494
11498
11485
11523
11523
11490
11541
11508
11545
11477
11554
11486
11547
11552
11584
11592
11592
11598
11598
11610
11616
11625
11627
11629
11632
11598
11598
11636
11649
11663
11665
11656
11594
11680
11681
11686
11696
11703
11703
11709
11464
11459
11732
11737
11736
11734
11745
11742
11753
11753
11757
11767
11734
11457
11457
11796
11459
11417
11810
11817
11810
11827
11827
11838
11840
11826
11857
11817
11876
11881
11431
11894
11899
11899
11913
11916
11918
11920
11916
11928
11933
11937
11937
11944
11947
11954
11956
11952
11965
11969
11978
11978
11994
11996
11998
11996
12014
12018
12024
11354
11346
12043
12051
11313
11313
11328
12068
12068
12076
12073
11302
12087
12088
12101
12085
12106
11296
11231
10874
12138
10874
12132
10852
12158
12164
12168
12168
12175
12175
12175
12183
12191
12194
10832
10834
12209
10834
12215
12222
12228
12216
12238
12222
12222
12222
12238
12258
12260
12262
10834
12284
12289
12295
12284
12302
12208
12307
12313
12316
12316
12321
12316
12327
12327
10222
12331
12335
12349
12336
12349
12362
12370
12380
12382
12380
12375
12380
12380
12404
12382
12392
12378
12378
12426
12358
12428
12426
12438
12445
12447
12447
12458
12463
12457
12476
12485
12499
12503
12510
12514
12505
12513
12523
12449
12539
12449
12555
12533
12447
12563
12572
12572
12581
12576
12568
12447
12447
12542
12428
12611
12625
12623
12635
12640
12644
10222
12358
12654
12669
12655
12685
12689
12667
12696
12699
12655
12655
12711
12717
12708
12708
10222
12729
12732
12743
12743
12750
12747
12754
12759
12779
12782
12788
12814
10296
12822
10296
12834
12843
10296
12847
12855
12857
12863
12865
12826
10265
10220
10220
12887
12897
10214
10214
10214
10206
12897
10206
12910
12910
10206
12931
12939
12949
12957
10214
12957
10214
12905
12969
12975
12981
10193
12988
12991
12993
10194
7360
7361
13023
7363
13023
13037
7367
13044
13051
13053
6330
6330
6330
7211
13070
13080
6332
7214
6280
5069
13106
13101
13115
13115
13106
13104
5071
13104
5069
13135
13137
13139
13137
13144
5069
13155
13151
13162
13165
13170
13170
13175
13173
13196
13170
13202
13202
13137
13215
13106
13124
13124
13218
13106
13238
13240
13242
5071
13255
13250
13265
13267
13267
13269
13255
5071
13290
13290
13296
13299
13299
13310
13312
13298
13299
13329
13338
13323
13354
13351
13370
13372
13379
13378
13385
13390
13385
13396
13400
5056
13400
13379
13412
13396
13416
13434
13434
13441
13447
13385
13457
13434
13434
13441
13473
13483
13491
13483
13502
13483
13488
13513
13488
13520
13519
13524
13531
13531
13524
13547
13559
13569
13571
13576
13576
13573
13559
13573
13559
13597
13601
13601
13601
13626
13626
13650
13618
13655
13498
13661
13498
13665
13471
13684
13674
13675
13674
13471
13689
13710
13732
13498
13737
13744
13732
13469
13761
13785
13783
13791
13791
13807
13789
13396
13416
13825
13832
5048
13851
13851
13859
13851
13853
13859
13877
13880
5048
13887
13889
13902
13896
13919
13921
13899
13902
5048
5048
13941
13941
13948
13947
13954
13956
13961
5031
13965
13940
13984
13991
13995
13994
14003
14003
14016
14020
14020
14006
14045
14045
14054
14045
14044
14064
14073
14076
14081
14079
14098
14096
14096
14107
14107
14107
14096
14090
14134
14090
14081
14147
14147
14081
14158
14146
14158
14177
14176
14185
14187
14177
14182
14160
14208
14216
14218
14218
14216
14234
14218
14245
14249
14148
14208
14245
14259
14267
14259
14275
14280
14267
14286
14288
14267
14294
14299
14148
14315
14314
14327
14318
14337
14334
14339
14349
14208
14349
14359
14362
14216
14216
14377
14380
14382
14385
14386
14385
14385
14400
14386
14393
14386
14386
14411
14416
14419
14436
14441
14446
14452
14454
14452
14465
14458
14469
14459
14454
14449
14491
14096
14222
14503
14222
14222
14520
14503
14520
14510
14532
14538
14542
14542
14554
14556
14564
14569
14579
14576
14595
14607
14606
14606
14618
14615
14626
14615
14636
14651
14658
14662
14651
14651
14681
14686
14687
14699
14045
14705
14711
14714
14711
14725
14723
14723
14007
14007
14054
14050
13956
14755
14755
14755
14759
14756
14759
14780
13958
14794
14797
14800
14807
14825
14828
14843
14847
14847
14860
14871
14869
14882
14882
14884
14884
14871
14871
14917
14921
14896
14923
14938
14943
14949
14920
14961
14921
14921
14971
14984
14986
14984
14984
14984
15001
15012
15025
15031
15031
15026
15046
15048
15051
15054
14923
15057
15072
15071
15085
15080
15090
15090
15098
14928
15102
15108
15107
15115
15115
15118
15123
15123
15134
15140
15143
15149
15140
15143
15143
15131
15140
15169
15108
14864
15184
14841
14841
15194
15204
5017
4216
15225
15227
15239
15239
15246
15248
15253
15260
15259
3995
3995
15259
15281
4000
4000
15288
2104
2156
15310
2104
15324
15322
15321
15333
15332
15356
15322
15367
15373
15377
15324
15324
15387
15395
15403
15403
15409
15417
2123
15428
15431
15431
15439
15442
15447
15451
15454
15461
15468
15461
15463
15482
15494
15486
15507
15511
15513
15520
15516
15526
15529
15536
15538
15542
15549
15553
15542
15553
15564
15549
15549
15575
15518
15520
15585
15601
15604
15604
15603
15518
15601
15590
15597
15642
15520
15652
15660
15660
15671
15680
15683
15623
15622
15707
15719
15696
15693
15734
15730
15623
15747
15759
15607
15774
15608
15793
15800
15800
15806
15800
15806
15800
15800
15833
15830
15826
15821
15842
15842
15851
15853
15855
15863
15866
15869
15874
15868
15883
15883
15891
15893
15895
15906
15921
15934
15926
15926
15945
15950
15943
15943
15961
15958
15981
15976
15976
15994
15944
15999
15999
16018
16022
15999
16032
16006
16046
16050
16046
16055
16061
16064
16050
16094
16089
16098
16099
16129
16126
16126
16136
16129
16143
15947
16149
16149
16155
16169
16167
16169
16187
16169
16204
16206
16215
16219
16227
16226
16227
16229
16244
16249
16219
16256
16260
16258
16256
16271
16271
16275
16255
16256
16293
16296
16298
16301
16305
16258
16313
16315
16219
16258
16313
16328
16331
16337
16343
16342
16347
16337
16356
16352
16362
16365
16367
16364
16367
16388
16392
16388
16404
16412
16419
16412
16426
16417
16431
16413
16445
16439
16439
16442
16367
16465
16459
16472
16476
16459
16465
16463
16498
16506
16513
16509
16506
16498
16526
16509
16526
16534
16547
16513
16556
16559
16392
16564
16566
16570
16570
16392
16569
16596
16605
16605
16570
16612
16620
16631
16631
16637
16637
16641
16652
16654
16661
16665
16665
16677
16678
16677
16690
16694
16690
16709
16677
16719
16703
16735
16732
16735
16778
16780
16787
16795
16793
16802
16792
16793
16792
16802
16815
16820
16815
16830
16828
16830
16830
16848
16860
16862
16864
16872
16874
16867
16878
16887
16867
16906
16915
16918
16878
16934
16949
16952
16954
16961
16958
16971
16973
16983
16976
16987
16992
16999
16978
17008
17010
17016
17020
17022
17025
17024
17035
17039
17026
17045
17044
17057
17057
17063
17070
17070
17076
17075
17051
17086
17099
17099
17099
17049
17046
17125
17128
17130
17139
17134
17134
17134
17146
17134
17177
17167
17166
17160
17166
17204
17190
17211
17211
17170
17210
17210
17244
17235
17251
17254
17254
17266
17261
17274
17134
17171
17283
17297
17304
17310
17312
17137
17320
17325
17131
17325
17131
17325
17339
17338
17343
17338
17339
17363
17369
17363
17369
17378
17363
17384
17372
17393
17395
17386
17395
17407
17413
17418
17420
17422
17441
17420
17453
17456
17447
17447
17470
17475
17447
17475
17475
17484
17424
17498
17503
17504
17517
17488
17498
17488
17540
17503
17552
17517
17504
17547
17560
17562
17560
17562
17574
17578
17574
17578
17566
17578
17593
17593
17602
17610
17578
17609
17609
17620
17633
17638
17651
17648
17651
17648
17663
17638
17677
17688
17663
17663
17699
17663
17705
17709
17698
17698
17720
17653
17610
17607
17758
17762
17768
17771
17775
17780
17786
17785
17791
17791
17802
17807
17802
17821
17775
17809
17849
17853
17809
17863
17865
17768
17877
17879
17566
17504
17898
17902
17907
17902
17907
17901
17891
17566
17924
17891
17933
17935
17935
17901
17907
17967
17973
17980
17995
17995
18009
17902
18016
17898
18021
18009
18029
18032
18009
18029
18038
18029
18052
18001
18062
18062
18076
18076
18085
17514
17418
18100
17413
17413
18108
18100
17415
18114
18117
18130
18130
18135
18135
18135
18129
18124
18152
18154
18124
18165
18167
18163
18165
18165
18174
18132
18201
18200
18201
18201
18215
18132
18137
18235
18238
18238
18246
18249
18235
18132
18200
18271
18273
18267
18201
18291
18201
18301
18292
18312
18317
18335
18335
18347
18347
18335
18359
18335
18356
18375
18380
18369
18356
18397
18400
18369
18406
18411
18406
18406
18410
18406
18335
18335
18400
18410
18444
18449
18447
18447
18444
18447
18465
18444
18476
18444
18488
18494
18497
18476
18508
18528
18532
18518
18424
18424
18411
18411
18379
18379
18379
18380
18599
18612
18624
18631
18637
18646
18380
18646
18648
18665
18670
18670
18675
18679
18679
18689
18380
18696
18699
18340
18710
18727
18720
18734
18738
18740
18753
18756
18756
18756
18742
18721
18775
18779
18715
18779
18794
18794
18802
18801
18801
18801
18814
18814
18814
18829
18839
18849
18802
18802
18873
18876
18292
18882
18897
18900
18885
18882
18912
18922
18876
18917
18936
18936
18941
18945
18317
18968
18330
18317
18984
18984
18312
18984
19006
18327
19006
19015
19021
19000
19032
19032
19000
19061
19067
19068
19062
19083
19087
19068
19098
19114
19104
19109
19125
19114
19137
19114
19128
19130
19158
19161
19158
19166
19169
19168
19176
19157
19184
19154
19130
19184
19193
19180
19204
19207
19202
19207
19169
19169
19224
19242
19242
19252
19128
19128
19254
19254
19128
19161
19161
19161
19279
19290
19161
19294
19297
19299
19302
19284
19323
19326
19137
19350
19352
19355
19357
19140
19362
19077
19371
18991
19381
19384
19387
19396
19395
19388
19387
19410
19415
19384
19383
19381
19381
19444
19410
19457
19461
19391
19461
19391
19459
19457
19488
19455
19490
19490
19387
19506
19478
19512
19521
19478
19531
19534
19535
19540
19540
19531
19550
19553
19478
19563
19478
19479
19573
19583
19590
19599
19599
19607
19610
19610
19603
19600
19583
19624
19624
19634
19640
19597
19626
19626
19662
19660
19673
19680
19695
19697
19695
19695
19713
19713
19660
19742
19396
19752
19396
19763
19768
19773
19777
19779
19783
19783
19790
19806
19810
19819
19825
19829
19831
19827
19836
19827
19827
19848
19855
19855
19876
19827
19882
19886
19854
19899
19902
19910
19913
19913
19921
19923
19932
19936
19944
19942
19932
19952
19967
19967
19973
19977
19976
19955
19991
19990
19991
19995
19997
19997
20014
20028
20032
20024
20032
20019
20058
20064
20062
20062
19991
20089
19944
20101
20101
19955
20126
20129
20137
20137
20149
20151
20134
20111
20168
20167
20190
20198
20207
20217
20220
20228
20236
20230
20243
20246
20248
20246
20253
20263
20263
20269
20263
20282
20248
20290
20292
20298
20282
20214
20168
20311
20168
20318
20317
20111
20338
20342
19944
20351
20101
20338
20373
20381
20385
20390
20376
20101
20376
20403
20101
20403
20420
20423
19945
20353
20432
20353
20432
20440
20432
20450
20455
20458
20464
20459
20464
20474
20459
20478
20450
20495
20487
20514
20525
20535
20537
20538
20538
20548
20548
20538
20563
20548
20571
20573
20543
20543
20578
20590
20589
20596
20599
20589
20596
20611
20607
20621
20637
20652
20658
20662
20674
20677
20684
20684
20698
20687
20702
20702
20712
20684
20725
20730
20728
20737
20747
20749
20747
20754
20749
20774
20783
20785
20694
20792
20795
20689
20808
20682
20810
20810
20807
20829
20805
20840
20851
20850
20857
20841
20861
20864
20874
20873
20690
20889
20885
20908
20912
20915
20885
20929
20931
20933
20885
20885
20889
20889
20953
20950
20889
20966
20898
20972
20982
20690
20994
20808
20998
21016
21022
21025
21012
21034
21033
21043
21061
21064
20810
21077
21080
21082
21085
20813
21099
21108
21111
21080
21106
21123
21106
21105
21123
21139
21138
21104
21099
21151
21153
21155
21160
21165
21171
21103
21092
21189
21080
21111
21080
21092
21207
21207
21219
21208
21223
21189
21189
21238
21238
21238
21248
21253
21263
21189
21268
21248
21277
21268
21282
21292
21292
21292
21292
21312
21321
21302
21303
21303
21350
21352
21360
21366
21368
21352
21378
21378
21293
21296
21394
21396
21389
21293
21404
21293
21396
21389
21420
21404
21288
21286
21443
21443
21443
21462
21462
21496
21469
21457
21504
21457
21443
21504
21515
21469
21538
21540
21543
21547
21547
21556
21531
21567
21560
21560
21560
21584
21496
21496
21595
21603
21609
21615
21462
21620
21627
21629
21629
21631
21639
21648
21631
21657
21660
21674
21680
21686
21665
21660
21698
21705
21710
21714
21714
21710
21716
21734
21743
21743
21743
21465
21765
21433
21433
21784
21263
21792
21795
21794
21803
21806
21795
21811
21826
21829
21832
21835
21835
21842
21846
21842
21835
21853
21838
21875
21846
21878
21883
21080
21111
21900
21902
21905
21082
21082
21082
21928
21931
21934
20656
21940
21934
21934
21953
21959
21946
21972
20656
20656
21972
21974
21972
21996
22009
22011
22006
21965
21946
22049
22052
21946
22063
22066
22070
22069
22069
22058
22087
22097
22049
22106
22114
22118
22117
22130
22134
22142
22146
22150
22155
22156
22161
22142
22181
22180
22179
22189
22180
22177
22177
22205
22177
22211
22205
22222
22222
22219
22227
22242
22154
22250
22250
22154
22257
22260
22268
22161
22289
22290
22296
22161
22308
21965
22315
21934
20661
20662
20652
22345
22345
20629
22352
22345
22357
22347
22363
20525
22373
22388
22380
22405
22410
22420
22432
22436
19857
22449
22451
22451
22458
22460
22469
19811
19811
19811
22482
22482
22491
22503
22508
22515
22484
22526
22530
22522
19806
22540
19799
22545
22550
22556
22556
22571
22577
22583
22592
22599
22603
22607
22566
22617
22592
22614
22592
22633
22635
22633
22635
22654
22662
22665
22661
22671
22654
22656
22692
22680
22705
22711
22715
22680
22711
22718
22711
22718
22745
22732
22736
22756
22756
22760
22759
22766
22776
22783
22786
22790
22793
22793
22800
22802
22802
22813
22823
22831
22822
22837
22823
22756
22732
22700
22671
22859
22864
22873
22876
22879
22880
22889
22665
22662
22899
22903
22903
22638
22908
22926
22929
22903
22923
22929
22903
22955
22958
22954
22966
22976
22982
22984
22992
22988
22997
23006
23006
22997
23023
23010
23030
23030
23040
23045
23040
23049
23052
23051
23052
23061
23045
23073
23077
23077
23077
23091
23096
23100
23102
23085
23118
23085
23141
23141
23149
23155
23157
23163
23166
23180
23177
23185
23190
23193
23194
23173
23173
23201
23204
23194
23214
23217
23230
23214
23211
23214
23244
23204
23163
23079
23263
23127
23278
23287
23061
23297
23006
23010
23311
23311
23006
23318
23333
23332
23318
23332
23366
23376
23381
23369
23367
23338
23392
23392
23400
23345
23345
23411
23421
23421
23431
23437
23435
23445
23437
23437
23422
23433
23422
23463
23450
23476
23479
23482
23487
23487
23493
23496
23493
23479
23479
23493
23504
23520
23524
23526
23479
23526
23540
23444
23450
23540
23540
23557
23571
23571
23450
23435
23598
23608
22958
22962
23630
23642
23642
23649
23654
23654
23656
23665
23667
23669
23667
23685
23683
23698
23672
23713
23713
23715
23671
23715
23713
23713
23735
23737
23741
23743
23741
23732
23755
23765
23773
23773
23715
23802
23808
23808
23819
23809
23819
23829
23835
23842
23845
23848
23854
23854
23864
23871
23868
23886
23883
23868
23883
23883
23900
23904
23892
23928
23925
23937
23937
23938
23938
23842
23672
23984
23983
23983
24000
23983
23991
23671
24016
24021
24016
24025
24008
24035
23983
24008
24047
24047
24035
24054
24035
24054
24035
24070
24070
24074
24075
24067
24089
24094
24100
24062
24062
24062
24114
24125
24128
24130
24133
24062
23983
24042
23983
24042
24156
24162
24167
24162
24161
24181
24167
24187
24167
24187
24181
24173
24199
24199
24205
24209
24217
24221
24226
24236
24239
24241
24252
24248
24258
24262
24265
24265
24262
24264
24286
24301
24309
24311
24319
24318
24319
24316
24311
24316
24316
24317
24316
24351
24312
24361
24312
24367
24371
24367
24366
24382
24361
24361
24361
24390
24382
24422
24421
24421
24431
24434
24367
24439
24443
24439
24367
24443
24461
24439
24457
24454
24454
24451
24434
24489
24434
24451
24502
24509
24509
24509
24521
24529
24506
24529
24543
24546
24545
24563
24568
24570
24521
24523
24581
24592
24599
24614
24618
24622
24523
24518
24518
24648
24653
24653
24637
24637
24637
24675
24655
24680
24655
24675
24655
24673
24673
24697
24675
24703
24704
24703
24702
24719
24703
24714
24703
24704
24669
24744
24669
24744
24753
24754
24766
24759
24669
24669
24503
24503
24798
24802
24802
24808
24819
24512
24827
24827
24513
24826
24825
24825
24845
24512
24859
24859
24857
24857
24859
24867
24892
24911
24915
24915
24920
24918
24918
24915
24937
24918
24915
24948
24954
24956
24841
24892
24892
24885
24885
24862
24978
24982
24986
24986
24986
24986
24862
24885
25008
25016
25002
24982
24988
24988
25059
24978
25073
24978
25057
25060
25059
25085
25059
25097
25100
25103
25105
25100
25099
25059
25103
25093
25085
25139
25138
25145
25144
25143
25157
25166
25170
25180
25170
25187
25189
25186
25203
25205
25203
25203
25222
25224
25231
25233
25222
25245
25248
25256
25262
25198
25196
25187
25273
25296
25297
25308
25294
25313
25313
25318
25313
25323
25327
25335
25187
25187
25345
25361
24827
25366
25368
25368
25374
25385
25391
25394
25398
25394
25405
25411
25421
25424
25428
24451
25439
24497
25452
25457
25430
25428
25467
25473
25473
25427
25487
25489
25485
25496
25499
25501
25504
25508
25511
25517
25511
25525
25537
25525
25517
25511
25524
25555
25563
25563
25524
25577
25580
25582
25580
25590
25592
25598
25601
25611
25613
25618
25601
25604
25588
25598
25588
25629
25636
25582
25649
25537
25663
25672
25687
25693
25689
25695
25706
25506
25725
25469
25464
25464
24451
25748
25430
25464
25464
25430
25732
25732
25778
25464
25469
25732
25732
25790
25798
25803
25778
25810
25821
25820
25760
25819
25829
25819
25851
25854
25861
25867
25873
25819
25872
25886
25848
25896
25901
25895
25896
25908
25923
25937
25934
25934
25931
25946
25931
25964
25946
25977
25934
25987
25990
25987
25990
25990
26013
26014
25987
25939
26053
26055
26057
26059
26041
26068
26069
26064
26064
26094
25908
26105
26109
26111
26120
25893
26126
26128
25861
26135
25854
25854
25829
26162
26166
26169
26169
26168
26183
26169
26169
26175
26200
26145
26145
26145
26200
26218
26220
26218
26175
26232
26231
26236
26242
26248
26248
26256
26218
26262
26265
26268
26271
26226
26271
26271
26289
26271
26268
26265
26304
26307
26220
26220
26220
26317
26220
26332
26334
26332
26334
26332
26347
26359
25854
25821
25821
26380
26387
26383
26391
26382
26382
26401
26401
26409
26382
26417
26422
26401
26422
26428
26428
26435
26435
26437
26445
26415
26448
26457
26463
26476
26391
26391
26489
26481
25430
26498
25748
26505
25748
24451
26517
26522
25437
24497
26529
26532
26535
26538
26543
26552
26543
26543
26566
26570
25437
24479
26580
26584
24489
24434
24487
26607
26617
26623
26626
24422
26630
26626
26626
26637
26647
26626
26652
26660
26658
26670
26669
26670
26677
26669
26668
26691
26668
26695
26658
26701
26658
26658
26709
26713
26720
26724
26720
26729
26720
26742
26754
26754
26749
26724
26754
26742
26778
26778
26780
26782
26804
26807
26821
26827
26837
26839
26837
26836
26836
26860
26837
26836
26870
26870
26875
26879
26882
26895
26837
26905
26839
26821
26787
26782
26787
26783
26658
26701
26936
26937
26658
26783
26658
26976
26960
26982
26927
26962
26960
26982
27005
27011
27013
27009
27023
26930
27029
27037
27041
27044
27047
27013
27043
27062
27070
27044
27060
27053
27047
27106
27109
27098
27047
27120
27047
27047
27139
27120
27098
27098
27157
27092
27171
27180
27195
27201
27195
26952
26936
26948
26948
27233
26938
27246
27260
27260
26667
26691
26668
27279
26691
27292
27295
27300
26669
26670
27320
26637
27320
27320
26637
24454
27320
27343
27342
27344
27359
27365
24367
27396
27414
27417
27419
27419
27434
27442
27427
27454
27421
27421
27424
27468
27472
27492
27495
27495
27497
27500
27497
27522
27500
27530
27420
27420
27551
27551
27556
27562
27556
27562
27568
27574
27577
27581
27579
27585
27571
27557
27592
27601
27603
27608
24457
27615
24439
27628
27627
27627
27628
27648
27642
27655
27650
27627
27682
27689
27691
27689
27695
27695
27702
27705
27729
27736
27734
27733
27734
27745
27745
27758
27765
27767
27734
27734
27734
27735
27729
27793
27795
27801
27717
24461
27827
27825
27825
27825
27832
27868
27862
27853
27879
27886
27897
27890
27921
27919
27926
27934
27936
27943
27943
27948
27943
27964
27970
27983
27993
27997
27948
27854
28013
27832
27832
28031
28036
28039
28047
28050
28041
28050
28074
28072
27826
24441
24371
28093
28106
28108
28092
28108
28119
28092
28121
28092
24316
28160
28158
28139
28172
28177
28172
28188
28190
28188
28184
28188
28217
28172
28217
28225
28209
28172
28172
28263
28267
28257
28281
28281
28281
28279
28309
28313
28317
28320
28319
28325
28319
28325
28327
28319
28341
28343
28320
28350
28354
28354
28379
28394
28411
28406
28421
28423
28411
28421
28407
28443
28451
28455
28455
28466
28464
28463
28464
28475
28472
28475
28464
28463
28463
28486
28484
28479
28479
28534
28540
28540
28534
28540
28484
28484
28463
28494
28475
28566
28574
28566
28581
28566
28587
28592
28587
28475
28588
28612
28472
28372
28379
28640
28638
28357
28651
28656
28658
28662
28662
28662
28153
28681
28155
28685
28681
28692
28685
28699
28699
28712
28716
28716
28722
28726
28722
28734
28701
28724
28701
28724
28748
28685
28681
28662
28769
28153
28777
28779
28777
28786
28783
28769
24316
28793
28806
24316
24355
24355
28847
28854
28847
28861
28868
28867
28875
28875
28881
28853
28889
28864
28854
28901
28901
28904
28932
28940
28945
28960
24317
28971
28972
28984
28983
28991
28997
28993
29014
29019
29022
29022
29028
29032
29022
29044
29055
29054
29028
29028
29071
29054
29083
29055
29096
29099
29099
29076
29126
29113
29076
29142
29146
29116
29143
29165
29168
29176
29179
29181
29185
29056
29204
29194
29199
29193
29217
29194
29231
29231
29238
29232
29249
29243
29262
29243
29208
29204
29083
29208
29281
29265
29292
29301
29310
29304
29326
29326
29332
29326
29326
29297
29321
29204
29361
29204
29361
29387
29386
29392
29400
29387
29361
29423
29429
29431
29372
29204
29083
29447
29436
29475
29204
29481
29478
29083
29475
29475
29493
29493
29515
29513
29525
29530
29493
29541
29541
29500
29551
29493
29551
29493
29083
29569
29522
29580
29584
29586
29580
29597
29580
29580
29608
29616
29584
29584
29616
29584
29629
29584
29629
29640
29644
29649
29653
29649
29658
29658
29677
29679
29677
29672
29694
29690
29677
29712
29699
29718
29720
29616
29618
29616
29618
29618
29733
29753
29759
29763
29763
29759
29767
29768
29767
29768
29759
29778
29759
29759
29827
29759
29778
29843
29848
29850
29845
29855
29869
29876
29876
29885
29891
29767
29908
29802
29802
29918
29921
29915
29921
29935
29920
29935
29944
29953
29953
29962
29962
29971
29971
29970
29980
29979
29980
30013
30013
30013
30024
30028
30033
30032
30038
30046
30045
30055
30059
30065
30065
30064
30072
30076
30075
30064
30085
30072
30072
30093
30095
30106
30050
30111
30113
30117
30121
30129
30140
30140
30140
30150
30152
30154
30154
30163
30152
30170
30170
30182
30186
30190
30156
30156
30202
30214
30227
30197
30247
30266
30268
30270
30271
30280
30285
30291
30290
30163
30163
30304
30304
30311
30311
30322
30331
30331
30344
30346
30353
30360
30353
30384
30384
30304
30163
30163
30163
30416
30419
30422
30231
30434
30416
30419
30451
30461
30451
30468
30480
30499
30516
30518
30526
30518
30516
30516
30544
30552
30546
30544
30561
30545
30545
30583
30590
30580
30590
30598
30583
30545
30585
30605
30568
30623
30623
30645
30640
30654
30649
30624
30666
30624
30666
30666
30691
30695
30679
30703
30702
30711
30718
30704
30722
30734
30739
30749
30748
30754
30748
30748
30772
30763
30772
30779
30763
30789
30789
30794
30791
30799
30818
30704
30818
30830
30815
30839
30858
30863
30868
30871
30699
30868
30883
30890
30889
30699
30699
30901
30889
30907
30890
30890
30919
30912
30929
30935
30937
30941
30874
30947
30955
30945
30941
30945
30978
30982
30986
30984
30986
30999
31006
31011
31015
31017
31023
31027
31032
31034
31034
31035
31032
31049
31049
31031
31031
31049
31031
31064
31067
31070
31077
31087
31092
31094
31096
31101
31101
31114
31119
31126
31130
31032
31138
31143
31000
31000
31152
31154
31148
31162
31164
31170
31179
31166
31166
31204
31207
31205
31198
31218
31216
31170
31218
31216
31164
31158
31254
31244
31244
31263
31244
31257
31271
31257
31280
31275
31280
31275
31296
31263
31250
31320
31245
31330
30990
31337
30691
31347
31353
31347
31359
31363
31363
31363
31382
31394
31393
31402
31404
31412
31412
31396
30546
31434
31442
31448
31448
31447
31461
31447
31466
31447
31479
31482
31448
31487
31486
30527
31505
31505
31505
31522
31526
31500
30527
31500
31526
31543
31522
31553
31562
31562
31572
31570
31578
31587
31587
31599
31587
31605
31513
31615
31504
31513
31504
31627
31507
31505
31505
31641
31659
30510
30524
31662
31664
31667
30510
31696
31667
30435
31667
31704
31734
30524
31734
31658
31745
31745
31745
31760
31760
31775
31780
31782
31782
31798
31803
31782
31779
31815
31822
31780
31830
31794
31833
31840
31848
31858
31857
31864
31866
31860
31790
31876
31878
31880
31878
31876
31876
31790
31900
31887
31783
31914
31734
31918
31734
31746
31933
31935
31918
31944
31948
31952
31940
31951
31952
31970
31970
31953
31948
31948
31998
32001
31662
30524
32018
31739
31953
31948
32031
32038
31998
31739
32022
32018
32054
32059
32061
32062
32062
32080
32095
32094
32104
32108
32108
32104
32120
32132
32135
32091
32143
32147
32152
32154
32108
32064
32161
32152
32143
32174
32143
32169
32185
32198
32206
32209
32135
32120
32124
32125
32226
32237
32234
32234
32250
32234
32261
32263
32268
32280
32282
32286
32290
32289
32301
32309
32321
32313
32328
32332
32345
32349
32352
32273
32273
32237
32362
32273
32375
32362
32397
32399
32273
32410
32414
32417
32414
32421
32362
32237
32436
32435
32444
32446
32446
32459
32462
32439
32436
32487
32492
32248
32248
32499
32503
32504
32515
32492
32525
32528
32528
32537
32094
32122
32555
32554
32554
32568
32554
32578
32555
32578
32555
32591
32122
32599
32551
32551
32607
32122
32095
32613
32622
32632
32636
32639
32095
32655
32655
32660
32655
32667
32669
32016
32679
31662
31662
32701
32703
32707
32703
32715
32712
32735
32737
32742
30510
32754
32759
32742
32765
30510
30510
32765
32783
32795
32798
32804
32804
32814
32798
32818
32823
32829
32829
32806
32839
32839
32855
32860
32873
32887
32886
32886
32886
32903
32909
32917
32900
32935
32900
32935
32949
32949
32951
32959
32951
32962
32970
32969
32974
32970
32970
32985
32888
32993
32882
32882
32888
32882
33006
33020
32878
32852
33048
32862
33064
32852
33072
32852
33078
33072
33088
33092
33095
33097
33095
33097
33101
33116
33101
33126
33144
33124
33089
33166
33161
33061
32831
32802
32804
32802
33222
33226
33222
33234
33233
33233
33247
33254
33244
33266
33221
33273
33233
33277
33279
33283
33287
33265
33244
33304
33304
33321
33302
33321
33330
33254
33343
33343
33354
33365
33365
33376
33373
33373
33373
33382
33373
33415
33365
33415
33403
33415
33412
33432
33412
33436
33412
33436
33442
33436
33436
33459
33459
33462
33459
33476
33466
33464
33492
33486
33489
33486
33482
33517
33519
33525
33537
33541
33543
33545
33541
33545
33543
33563
33489
33401
33589
33401
33599
33599
33222
33230
33223
31692
32814
32798
33223
33653
33655
33653
33624
33667
33671
33674
33674
33681
33693
33692
33699
33701
33701
33718
33723
33725
33678
33737
33681
33737
33741
33688
33688
33688
33754
33675
33655
33782
33223
33790
32823
33814
33806
33829
33840
33838
33861
33866
33871
33860
33871
33886
33886
33886
33886
33905
33907
33905
33915
33916
33923
33907
33940
33939
33939
33939
33956
33957
33980
33987
33987
33963
33962
33983
34016
34016
34018
33987
34039
34045
33962
34051
34050
33940
33997
33915
34077
34079
33918
33916
34086
32798
34090
34097
32798
31692
34118
34122
34128
34125
34133
34135
34133
34144
34135
31726
34163
34178
34181
34184
31664
31704
31664
30435
34212
30214
34212
34232
34221
34221
34242
34221
34249
34222
34259
34268
34259
34275
34275
34284
34267
34281
34284
34284
34305
34267
34267
34309
34309
34270
34223
34270
34223
34224
34219
34212
30211
34344
34358
34363
34377
34363
34391
34395
34397
34402
34406
34412
34412
34424
34429
34435
34439
34420
34435
34433
34453
34433
34474
34478
34487
34491
34493
34491
34472
34469
34504
34504
34509
34474
34528
34521
34524
34542
34542
34541
34520
34555
34542
34521
34567
34571
34574
34537
34524
34587
34474
34608
34491
34608
34607
34491
34493
34631
34635
34647
34642
34654
34642
34658
34670
34675
34677
34685
34687
34691
34697
34702
34702
34713
34701
34726
34722
34732
34737
34718
34701
34700
34752
34758
34737
34732
34802
34804
34786
34787
34787
34737
34737
34828
34822
34822
34846
34863
34706
34695
34883
34884
34893
34884
34897
34898
34915
34917
34928
34933
34941
34933
34940
34930
34951
34955
34969
34978
34661
34984
34973
34971
34665
34665
35002
35000
35010
35000
35015
35020
35010
35029
35027
35041
35044
35027
35050
34968
35054
34968
35066
35069
35087
35089
35093
35093
35093
35095
35104
35104
35073
35122
35082
35082
35077
35141
35146
35160
35141
35167
35172
35177
35146
35184
35187
35194
35194
35196
35196
35208
35209
35158
35158
35235
35234
35239
35234
35158
35251
35256
35235
35262
35267
35278
35229
35296
35304
35286
35321
35219
35219
35077
35340
34973
35356
35020
35353
35346
35368
35371
34973
35381
35381
34973
35380
35393
35398
35399
35406
35412
35409
35406
35420
35425
35430
35436
35438
35445
35458
35460
35458
35455
35452
35484
35483
35452
35497
35496
35508
35495
35520
35523
35522
35527
35531
35528
35458
35466
35553
35445
35566
35445
35447
35387
35377
35585
35375
35594
35597
35020
35359
34984
35615
35620
35620
35620
35619
35630
35615
35637
35634
34969
35649
35658
35661
34661
35661
35670
35685
35685
34627
35702
35706
34599
34599
35713
35706
35720
35722
35727
35729
35727
35738
35741
35740
35727
35750
35750
35759
35729
35781
35792
35796
34478
35801
35812
35817
35823
34454
35823
35821
35821
35839
35849
35821
35853
35857
35864
35863
35871
35863
35875
35864
35887
35887
35902
35909
35909
34435
35923
34435
35915
35934
34437
35941
35954
35956
35963
35960
35941
35948
35986
34424
35994
35991
36002
36004
36006
36015
36015
36014
36002
36033
36013
36013
36037
36046
36048
36050
36055
36046
36075
36081
36072
36074
36101
36099
36101
36075
36099
36075
36082
36126
36121
36126
36135
36121
36134
36135
36126
36072
36168
36184
36055
36060
36197
36063
36058
36212
36220
36226
36231
36216
36239
36216
36231
36257
36271
36253
36213
36253
36288
36291
36274
36314
36299
36291
36332
36332
36352
36356
36364
36366
36364
36372
36366
36384
36253
36392
36402
36413
36419
36013
36413
36037
36014
36015
36443
36447
36443
36037
36471
36476
36479
36484
36484
36476
36492
36473
36037
36037
36520
36520
36533
36533
36538
36538
36521
36447
36451
36564
36588
36598
36603
36603
36611
36603
36626
36631
36584
36639
36584
36639
36649
36631
36633
36015
36683
36683
36016
36720
36720
36725
36730
36734
36698
36730
36744
36755
36752
36753
36775
36016
36792
36794
36801
36807
35991
36814
34397
34358
36828
30156
30205
36842
36837
36851
36855
36851
36862
36865
36865
36872
36885
36890
36890
30111
30141
36911
36915
36900
36927
36930
30135
36942
30113
36947
30113
30135
36960
36947
30050
30036
36981
30036
36978
36978
36979
37013
37006
37013
37025
37013
37030
37034
37041
37039
37041
37041
37037
37032
37058
37061
37065
37071
37060
37071
37073
37065
37091
37096
37100
37100
37041
37105
37128
37105
37133
37108
37135
37144
37108
37155
37159
37140
37159
37164
37169
37175
37194
37188
37182
37155
37047
37212
37212
37230
37252
37259
37215
37223
37019
37282
37286
37288
37284
37019
30033
37015
37015
37015
37309
37315
30033
37336
37317
37317
37344
29920
37362
37365
37367
37369
37376
37383
29930
29921
37396
37396
37406
29905
29905
37428
29900
29901
37432
37438
37440
37443
29767
37449
37443
37454
37470
37461
37481
37489
37482
37482
37516
37513
37514
37470
37462
37549
37551
29765
29768
37568
37570
29765
37576
37576
37594
37596
37600
37606
37577
37577
37623
37628
37637
37639
37639
37623
37665
37618
29586
29586
37676
37686
37696
29586
37720
37722
37720
37730
37722
37729
37757
37760
37765
37772
37772
37761
37729
37729
37793
37801
37805
37761
37809
37815
37815
37817
37823
37817
37761
37834
37840
37842
37849
37857
37862
37865
37867
37855
37871
37879
37873
37805
37873
37885
37908
37906
37914
37906
37790
37929
37939
37939
37939
37939
37963
37973
37979
37929
37929
37986
37986
37995
37996
38001
38004
38001
38011
38003
38020
38003
38026
38031
38040
38042
38049
38015
38051
38067
38066
38051
38076
38066
38106
38049
38112
38112
38049
38124
38118
38136
38112
38147
38151
38118
38132
38116
38164
38161
38161
38183
38161
38188
38161
38188
38207
38207
38207
38183
38225
38229
38225
38241
38243
38249
38254
38241
38241
38248
38270
38275
38248
38281
38275
38275
38295
38270
38295
38295
38316
38270
38318
38326
38332
38332
38270
38332
38270
38332
38358
38361
38358
38363
38368
38376
38335
38249
38335
38241
38390
38395
38262
38402
38254
38416
38422
38425
38425
38425
38425
38438
38430
38449
38402
38402
38254
38479
38484
38481
38488
38504
38517
38520
38523
38528
38531
38520
38531
38531
38552
38551
38553
38554
38579
38553
38553
38568
38601
38568
38601
38569
38593
38626
38634
38638
38643
38645
38654
38654
38654
38672
38672
38680
38688
38688
38686
38553
38552
38697
38686
38623
38697
38713
38686
38737
38741
38744
38749
38737
38749
38767
38775
38779
38753
38785
38744
38741
38803
38803
38623
38819
38823
38833
38846
38859
38845
38872
38848
38882
38823
38819
38623
38719
38911
38911
38910
38719
38923
38923
38943
38960
38960
38966
38972
38979
38988
38993
38972
38972
39002
39022
39028
39033
39033
39033
39020
39019
39065
39060
39077
39081
39087
39086
39093
39094
39100
39105
39108
39108
39056
39020
39129
39129
39134
39139
39053
39139
39053
39139
39159
39028
39167
39174
39179
39182
39165
39030
39030
39198
39201
39201
39201
39212
39220
39212
39211
39198
39176
39182
39179
39179
39254
39265
39173
39271
39276
39179
39288
39290
39276
39290
39276
39280
39280
39280
39320
39320
39308
39306
39329
39329
39343
39350
39355
39359
39361
39343
39343
39371
39376
39371
39390
39389
39396
39396
39398
39398
39412
39411
39411
39410
39427
39410
39437
39437
39442
39439
39448
39456
39445
39445
39463
39465
39465
39471
39463
39483
39487
39489
39489
39483
39483
39463
39511
39483
39511
39523
39483
39539
39538
39538
39526
39568
39568
39578
39489
39582
39587
39592
39587
39598
39598
39576
39576
39621
39624
39538
39638
39637
39650
39661
39663
39665
39641
39665
39663
39660
39656
39681
39665
39690
39665
39706
39705
39705
39706
39538
39725
39546
39487
39737
39487
39750
39752
39487
39733
39470
39774
39467
39403
39793
39793
39801
39807
39801
39793
39824
39793
39799
39813
39839
39849
39843
39800
39860
39800
39816
39868
39853
39879
39853
39879
39887
39887
39916
39916
39905
39924
39923
39929
39934
39931
39938
39942
39944
39918
39956
39951
39918
39970
39970
39951
39981
39989
39992
40001
40004
39953
40017
40019
40019
40029
40021
40021
40046
40055
40068
40072
40068
40071
40072
40090
40099
40066
40066
40104
40104
40090
40116
40124
40128
40130
40128
40124
40124
40143
40143
40156
40160
40159
40143
40147
40142
40142
40187
40187
40200
40205
40201
40212
40215
40215
40211
40233
40215
40212
40212
40253
40257
40244
40261
40270
40270
40279
40268
40290
40297
40297
40308
40215
40215
40248
40336
40212
40209
40350
40350
40359
40372
40376
40381
40380
40379
40380
40403
40387
40381
40376
40418
40376
40373
40425
40373
40430
40147
40442
40147
40442
40437
40477
40480
40480
40147
40498
40487
40498
40508
40505
40513
40517
40533
40533
40512
40543
40512
40552
40556
40557
40557
40573
40572
40583
40593
40577
40573
40624
40628
40124
40647
40651
40663
40663
40672
40678
40678
40680
40678
40689
40696
40660
40660
40715
40714
40714
40719
40726
40730
40734
40734
40752
40756
40752
40761
40760
40760
40767
40770
40767
40761
40793
40790
40793
40794
40790
40816
40811
40833
40838
40845
40848
40848
40848
40715
40859
40707
40878
40890
40893
40878
40897
40895
40916
40920
40922
40885
40927
40929
40665
40940
40658
40940
40658
40648
40966
40968
40978
40986
40986
40985
40988
41002
41004
41010
41012
41017
41015
41017
40988
41038
41041
41002
41002
41002
41061
41065
41071
41071
41067
41090
41093
41092
41110
41109
41109
41118
41122
41124
41138
41137
41138
41147
41149
41110
41157
41105
41157
41105
41168
41172
41168
41172
41181
41189
41192
41192
41202
41002
41216
41216
41229
41241
41243
41243
41250
41258
41281
41272
41272
41272
41290
41303
41303
41303
41305
41004
40978
41339
41339
41347
41357
41357
40628
40130
41366
41387
41387
41375
41387
41410
41387
41387
41434
41406
41448
41394
41467
41470
41464
41499
41502
41511
41511
41510
41509
41510
41522
41499
41499
41542
41536
41542
41542
41554
41554
41554
41570
41563
41536
41581
41586
41580
41586
41602
41580
41610
41612
41614
41610
41619
41625
41626
41626
41637
41637
41643
41646
41637
41637
41652
41637
41665
41653
41673
41671
41643
41632
41689
41632
41698
41586
41591
41711
41502
41493
41489
41734
41733
41489
41493
41489
41744
41752
41760
41762
41762
41771
41734
41734
41783
41792
41791
41789
41802
41777
41477
41809
41464
41464
41470
41442
41394
41389
41841
41373
41846
41373
41846
41854
41862
41846
41869
41873
41869
41880
41886
41873
41880
41873
41898
41902
41906
41911
41916
41915
41927
41930
41937
41933
41942
41947
41949
41933
41942
41959
41976
41937
41976
41886
41886
41996
41999
42004
41999
41998
42013
42015
42016
42036
42040
42048
42049
42042
42025
42023
42023
42082
42082
42069
42082
42086
42087
42086
42087
42106
42115
42119
42115
42130
42138
42146
42141
42141
42146
42146
42166
42172
42172
42172
42169
42141
42159
42205
42202
42213
42199
42213
42213
42224
42226
42224
42199
42141
42245
42258
42260
42159
42288
42297
42302
42309
42297
42300
42328
42325
42326
42328
42333
42312
42312
42302
42364
42373
42380
42302
42389
42391
42393
42386
42402
42402
42415
42413
42413
42427
42430
42440
42442
42442
42452
42462
42462
42468
42471
42468
42452
42489
42453
42453
42493
42489
42509
42509
42512
42509
42512
42528
42509
42404
42404
42547
42386
42557
42559
42142
42569
42073
42073
42023
42578
42592
42596
42610
42610
42609
42636
42643
42648
42654
42657
42613
42666
42666
42675
42679
42675
42694
42700
42702
42606
42716
42721
42721
42720
42736
42732
42723
42724
42700
42705
42759
42001
42775
42777
42779
42777
42789
42792
42785
42792
42800
42785
42819
42822
42821
42821
42838
42821
42848
42819
42852
42860
42870
42854
42878
42821
42821
42882
42821
42878
42821
42878
42821
42821
42906
42877
42878
42905
42906
42821
42882
42940
42943
42838
42949
42969
42952
42975
42969
42993
42996
42998
42832
43008
42832
43014
43008
43014
43022
43008
43032
43035
43044
43046
43005
43048
43058
43005
43048
43058
43058
43046
43084
43058
43095
43048
43101
43048
43075
43116
43123
43127
43075
43062
43141
43062
43141
43141
43156
43156
43141
43141
43062
43141
43171
43175
43145
43184
43190
43192
43136
43048
43200
43048
43101
43209
43209
43207
43095
43095
43220
43227
43014
43237
42832
43246
43246
43260
43272
43274
43272
43283
43252
43252
43022
43304
43313
43318
43304
43308
43320
43304
43306
43357
43357
43364
42822
43306
43354
43392
43396
43398
43400
43409
43400
43400
43421
43423
43430
43452
43443
43466
43472
43472
43482
43491
43472
43504
43504
43504
43519
43528
43482
43543
43546
43546
43556
43548
43567
43565
43567
43567
43579
43593
43601
43608
43623
43623
43612
43635
43635
43643
43653
43635
43605
43594
43672
43594
43672
43682
43682
43687
43697
43700
43690
43691
43721
43723
43728
43728
43728
43727
43750
43750
43732
43759
43769
43750
43777
43791
43791
43788
43730
43809
43811
43814
43815
43835
43723
43723
43845
43847
43847
43859
43869
43870
43884
43883
43892
43673
43899
43575
43908
43919
43917
43917
43575
43932
43946
43958
43963
43958
43968
43973
43972
43968
43972
43972
43986
43996
43589
44009
43958
44015
43958
44026
44028
44018
44036
44038
44009
44009
44054
44012
44063
44073
44067
44104
44109
44118
44115
44113
44129
44036
44138
44146
44036
44158
44160
44163
44175
43589
44005
43565
44188
43563
44200
43496
44207
43496
44211
43494
43491
43496
44228
44245
44247
44254
44247
44261
44247
44272
44278
44284
44294
44294
44301
44291
44294
44312
44315
44315
44331
44345
44345
44354
44356
44356
44341
44330
44341
44341
44330
44347
44395
44362
44401
44390
44423
44409
44409
44416
44438
44441
44390
44362
44448
44448
44395
44401
44356
44354
44475
44480
44482
44492
44495
44499
44494
44495
44509
44495
44495
44528
44531
44536
44538
44474
44548
44553
44553
44572
44560
44572
44582
44330
44379
44597
44599
44599
44601
44618
44620
44617
44634
44633
44644
44620
44651
44655
44665
44667
44670
44674
44684
44688
44610
44689
44676
44607
44676
44605
44607
44371
44371
44315
44315
44742
44739
44739
44758
44763
44770
44773
44783
44786
44790
44790
44798
44795
44808
44806
44284
44783
44783
44829
44247
44779
44837
44779
44824
44824
44852
44852
44859
44871
44860
44881
44857
44887
44893
44899
44893
44899
44899
44899
44911
44895
44897
44919
44895
44931
44931
44943
44946
44890
44951
44961
44961
44969
44974
44976
44974
44969
44985
44976
44995
44998
45001
45001
45008
45014
45008
45001
45026
45033
45039
45026
45045
45014
45054
45016
45059
45016
45033
44993
45012
45080
45083
45103
45100
45109
45116
45115
45134
45137
45134
45132
45151
45137
45160
45137
45139
45173
45186
45195
45192
45160
45137
45217
45160
45186
45230
45230
45237
45247
45237
45255
45261
45264
45230
45275
45277
45281
45139
45173
45173
45288
45151
45173
45308
45313
45312
45311
45326
45312
45312
45333
45346
45363
45313
45370
45383
45382
45370
45370
45400
45404
45401
45404
45418
45422
45418
45414
45435
45401
45450
45450
45464
45465
45472
45477
45475
45475
45475
45492
45464
45500
45506
45504
45504
45528
45533
45504
45544
45561
45517
45561
45571
45571
45517
45557
45585
45584
45585
45584
45597
45584
45557
45571
45621
45621
45620
45621
45634
45621
45621
45620
45657
45665
45668
45671
45665
45665
45703
45675
45703
45700
45715
45721
45724
45723
45721
45724
45723
45723
45724
45746
45759
45744
45763
45744
45763
45775
45790
45791
45800
45821
45814
45808
45841
45846
45850
45811
45809
45811
45875
45875
45882
45879
45809
45800
45800
45882
45911
45809
45800
45924
45924
45925
45924
45936
45927
45955
45960
45800
45969
45979
45979
45971
45999
45999
46015
45800
46020
45995
46032
46039
45999
46044
46015
46056
46058
46056
46069
46071
46077
46080
46090
46090
46101
46094
46110
46113
46113
45724
46110
46125
46125
45675
45735
45675
46145
46160
46162
45655
46167
46173
46167
46167
46167
46190
46209
46216
46219
46219
46225
46234
46216
46239
46239
46251
46252
46260
46267
46243
46267
46280
46279
46280
46287
46286
46299
46299
46301
46287
46323
46335
46334
46348
46335
46360
46362
46332
46326
46267
46267
46326
46381
46378
46386
46390
46398
46405
45644
45621
45644
45644
45638
46429
46425
46425
46424
46439
45644
46462
45644
46469
45644
46473
45644
46473
46480
46497
46495
46514
46440
46424
46425
46429
46538
46544
45634
46547
46562
45634
46567
45634
45627
46584
46589
46584
46584
46586
46607
46607
46613
46616
46620
45627
46624
46629
45622
45561
46639
46635
46635
46639
46655
46658
46665
46655
46658
46684
46686
46698
46655
46697
46688
46697
46726
46668
46655
46731
46748
46753
46748
46746
46746
46771
46769
46777
46781
46735
46787
45457
46800
45457
46800
46800
46812
46821
46829
46816
46834
46833
46831
46847
46855
46862
46862
46862
46858
46876
46876
46888
46896
46902
46908
46800
46918
46800
46923
46923
46917
46923
46925
46925
46917
46950
46925
46959
46950
46967
46918
45511
46969
46969
46983
46985
46987
46993
45511
46993
47010
47015
47010
47015
47024
45511
47001
46993
46993
46993
47047
47001
47060
47052
47067
47004
47071
47067
47004
47083
47004
47083
47004
47112
47121
47123
45395
47021
47141
47148
47141
47143
47139
47168
47175
47165
47185
47184
47193
47148
47010
47200
47209
47212
47209
47212
47021
47236
47021
47021
47253
47257
47253
47252
47252
47274
47278
47282
47287
47287
47278
47298
47300
47301
47308
47304
47318
47240
47318
47301
47337
47021
47252
47253
47247
47355
47358
47364
47371
47372
47379
47355
47379
47386
47390
47392
47233
47200
47406
47412
45382
45395
47425
47428
47431
47436
47444
47443
47442
47443
47453
47467
47439
47480
47483
47487
47486
47487
47500
47503
47503
47520
47522
47444
47542
47554
47564
47567
47570
47572
47575
47567
47584
47554
47602
47609
47598
47614
47621
47624
47619
47619
47619
47652
47623
47624
47689
47609
47531
47537
47715
47724
47720
47719
47736
47736
47747
47736
47720
47734
47769
47773
47773
47775
47716
47773
47775
47794
47537
47602
47804
47602
47819
47804
47804
47827
47840
47842
47840
47840
47869
47864
47842
47881
47885
47893
47898
47901
47903
47903
47904
47898
47710
47919
47926
47531
47445
47439
47955
47422
47969
47971
47977
47985
47984
47991
47984
47984
48000
48005
47991
48025
48031
48029
48029
45153
48046
48051
48054
44978
44961
44969
48057
44978
48057
44887
44779
48101
48104
48103
44779
48119
48132
48132
48123
48091
48167
48172
48091
48167
48187
44837
44278
48211
48214
48211
48222
48224
48232
48234
48240
48240
48222
48222
48253
44271
44272
43494
48277
44222
48288
48288
48299
48305
48288
48315
48290
48329
48335
48328
48319
44218
43491
48360
43306
43375
48380
48383
48383
48391
48394
48398
48391
48391
48419
48425
48427
43357
48433
48427
48447
48380
48421
48380
48441
48462
48447
48462
48470
48447
48462
48479
48484
48427
48493
48433
48502
48518
48433
48516
48516
48534
48537
48536
48518
48551
43357
48551
48565
48551
43357
48562
42814
42824
42779
41854
48600
48619
40066
48619
48614
48637
48637
48655
48641
40050
48664
48676
48679
48681
48686
48693
48700
48700
40046
48709
48708
48727
48733
48723
48746
48746
48754
48761
48761
48709
48773
48773
39868
39868
48789
48798
48802
39800
39801
48814
48821
48807
39800
48823
48814
39807
48854
48857
48860
48859
48860
48860
48871
48868
48865
39467
39410
48890
48896
48898
48903
39412
48908
48913
48926
48930
48934
39412
48934
48926
48923
48923
48952
48946
48960
48926
48968
48926
48973
48926
48980
48973
48995
48975
39412
39412
48975
49032
49032
49030
48934
49060
49058
49058
49074
49065
49048
49094
49096
48934
49007
39412
49010
49113
49112
39390
39371
49131
49134
39306
49134
49145
49141
49145
49169
49174
39340
39340
49163
49179
49194
49203
49207
49207
49213
49215
49224
49200
49231
49235
49240
49246
49248
39340
49275
49276
49294
49300
49307
49313
49310
49281
49324
49324
49340
49324
49344
49340
49330
49368
49374
49312
49313
49390
49390
49392
49408
49408
49414
49410
49435
49440
49442
49447
49442
39030
39198
39211
39211
39030
39198
39211
39212
49485
49487
49495
49499
49488
49509
49511
49514
39201
49523
39201
49528
49528
39201
49549
39201
49558
39201
49572
49572
49577
49581
49577
49581
49594
49596
49599
49603
49620
49577
39201
49568
49639
49647
49647
49652
49654
49647
49547
49672
49668
49668
49683
49685
49669
49652
49642
49642
49702
49642
49695
49642
49722
49725
49731
49731
49735
49746
49748
49746
49748
49752
49746
49761
49770
49777
49777
49772
49772
49772
49795
49806
49806
49727
49722
39201
49837
49630
49853
49857
49867
49872
49869
49876
49876
49889
49888
49876
49902
49902
49902
49902
49914
49920
49920
49920
49935
49888
49942
49889
49878
49878
49959
49958
49878
49953
49975
49975
49980
49878
49987
49995
50000
49997
49998
49997
50012
50002
50024
50051
50051
50058
50060
49959
50065
50073
50070
49956
50082
49872
50094
50099
50090
49872
50113
50099
50094
49842
50094
49842
49842
50139
50143
50149
50143
50163
50153
50174
50172
50174
50138
50191
50193
50195
50186
50185
50185
50191
50210
50213
50215
50185
50220
50227
50227
50226
50186
50227
50245
50250
50227
50263
50268
50272
50279
50283
50295
50227
50299
50305
50310
50311
50322
50332
50310
50307
50352
50348
50310
50365
50365
50331
50375
50387
50393
50398
50405
50393
50413
50426
50231
50388
50388
50332
50388
50446
50449
50231
50451
50449
50457
50451
50451
50477
50479
50495
50498
50518
50518
50515
50518
50517
50489
50517
50547
50552
50536
50566
50566
50505
50566
50590
50600
50628
50505
50597
50621
50600
50612
50646
50600
50612
50669
50674
50673
50663
50659
50659
50662
50612
50708
50661
50612
50722
50729
50730
50740
50740
50729
50751
50759
50761
50769
50771
50661
50767
50782
50783
50788
50790
50797
50804
50762
50813
50818
50813
50813
50830
50832
50838
50834
50847
50832
50834
50858
50847
50866
50869
50869
50842
50888
50896
50888
50888
50882
50842
50837
50912
50922
50934
50941
50939
50947
50956
50956
50966
50971
50975
50922
50810
50820
50820
50820
50835
51022
51025
51022
51039
51025
51041
51039
51041
51055
51053
51053
51077
51077
51079
51099
51099
51112
51112
51121
51128
51121
51133
51133
51099
51079
51152
51154
51079
51092
51160
51092
51060
51173
51039
51173
51060
51193
51084
51201
51084
51198
51209
51208
51039
51028
51225
51028
51231
51233
51222
51245
51222
51260
51258
51255
51265
51255
51273
51007
51296
51288
51295
51309
51295
51325
51328
51333
51328
51333
51328
51333
51328
51356
51008
51364
51008
51389
51407
51409
51409
51418
51426
51418
51409
51418
51445
51445
51450
51453
51453
51426
51473
51476
51424
51473
51486
51499
51498
51507
51507
51498
51507
51526
51509
51537
51541
51536
51551
51557
51559
51564
51570
51574
51575
51585
51571
51597
51568
51594
51606
51606
51614
51614
51619
51622
51619
51622
51629
51619
51635
51640
51642
51640
51507
51499
51490
51468
51677
51679
51677
51689
51692
51679
51702
51707
51707
51702
51720
51724
51735
51709
51702
51744
51702
51744
51758
51765
51378
51280
50820
51784
51787
51795
51796
51796
50820
51812
50820
51812
50820
51825
51820
51834
51820
51848
51848
51858
51858
51842
51850
51877
51880
51888
51903
51905
51888
51905
51888
51923
51925
51911
51937
51937
51932
51945
51957
51821
51967
51962
51983
50820
51812
52003
51999
52009
52011
51795
52025
52025
52035
52038
52045
52045
52049
52035
52035
52072
52079
52072
52083
52032
52032
52097
52102
51787
50804
52119
50771
52125
52130
52138
52140
52133
52147
52133
52157
52133
52146
52172
52177
52179
50775
52188
50662
52195
52199
52211
52211
50674
50674
52211
50674
50674
52211
52230
52251
50646
52259
52261
52270
52261
52270
52285
50621
52289
52298
52300
52289
50505
50597
50597
52318
52325
52338
50498
52354
50498
52354
52363
52363
52368
52363
52374
52354
52374
52375
52386
52386
52404
52392
52411
52413
52420
52414
52425
52425
52433
52435
52444
52457
52461
52435
52437
52437
52484
52490
52490
52500
52521
52520
52521
52533
50429
50139
52562
52547
52547
52572
52572
52572
52589
52547
52594
52597
52604
52594
52610
52614
52618
52611
52623
52634
52572
52572
52611
52647
52614
52664
52652
52572
52647
52684
52683
52689
52693
52683
52683
52684
52634
52717
52623
52714
52724
52724
52735
52710
52717
50139
52556
52557
52557
52776
52784
52787
52552
52552
52787
52786
52802
52776
52812
52784
52824
52824
52836
52836
52824
52831
52856
52856
52872
52786
52802
52886
52803
52903
52914
52914
52922
52920
52920
52927
52938
52947
52949
52898
52963
52969
52971
52988
52992
52990
52998
52992
53004
53018
53020
53020
53033
53009
53051
53050
53061
53051
53061
53072
53067
53065
53086
53072
53098
53048
53013
52990
52990
53113
52990
52990
53133
53141
53145
53133
53133
53155
53151
53151
53173
53162
53151
53151
53185
53184
53184
53184
53185
53200
53203
53173
53215
53145
53225
53227
52974
53234
53234
53234
53227
53260
53260
53268
53268
53277
52974
52974
53299
53304
53306
53310
53313
53278
52949
52898
52898
52898
53325
52803
53336
53339
53338
53345
52957
52957
53345
52957
52957
53376
53382
53384
53396
52552
53400
52553
49568
53406
53409
49568
53409
49568
53424
53406
53409
53418
53440
49563
49558
53461
53465
49532
53474
53488
53496
53484
49528
49528
49528
53484
53484
53498
53496
53496
53534
53538
53548
53566
53579
53580
53576
53590
53598
53605
53594
53612
53598
53612
53600
53632
53635
53592
53592
53592
53662
53592
53662
53592
53672
53680
53679
53679
53644
53700
53704
53708
53708
53707
53700
53708
53720
53728
53731
53731
53737
53742
53730
53708
53712
53712
53763
53780
53784
53784
53790
53784
53790
53800
53805
53798
53813
53805
53821
53782
53833
53782
53782
53833
53656
53849
53656
53639
53588
53870
53484
53878
53510
53517
53888
53878
53908
53917
53917
49532
49532
53473
53473
53940
53932
53947
53956
53958
53944
53962
53940
53460
53974
53987
53993
53987
53992
54008
54021
54019
54019
54031
54028
53992
53992
54052
54055
54059
54061
54064
54074
54078
54083
54075
54090
54092
54092
54113
54116
54105
54093
54133
54138
54094
54075
54145
54149
54145
54162
54075
54075
54166
54176
54185
54052
54008
54008
54052
54224
54226
49533
54232
54237
54242
39022
54247
54261
54259
54272
54277
54274
54272
54274
54297
54300
54306
54308
54249
54249
54327
54327
54327
54352
54366
54369
54374
54374
54381
54384
54381
54384
54395
54410
54410
54388
54437
54443
54447
54443
54454
54454
54474
54447
54474
54480
54474
54485
54415
54496
54329
38575
54513
38517
38520
54528
54553
54561
54561
54568
54554
54554
54592
54592
54599
38477
38475
38475
54626
54636
54641
54643
54643
54643
54654
54653
54628
54677
54677
54687
54701
54702
54693
54715
54695
54720
54722
54693
54715
54687
54693
54741
54748
54745
54715
54745
54748
54741
54768
54768
54748
54768
54785
54780
54780
54780
54775
54807
54821
54780
54832
54832
54841
54819
54853
54856
54856
54866
54869
54816
54866
54879
54888
54890
54888
54898
54907
54909
54890
54919
54922
54775
54936
54941
54941
54953
54941
54960
54960
54964
54971
54953
54992
55001
54992
54971
54972
54972
55025
55027
55043
54971
55051
54972
55065
55076
55069
55083
55092
55096
55099
55110
55117
55117
55125
55125
55124
55102
55150
55157
55159
55161
55161
55163
55174
55170
55171
55163
55201
55205
55186
55223
55225
55225
55230
55107
55239
55236
55246
55249
55103
55259
55257
55110
55110
55291
55291
55296
55308
55323
55337
55267
55289
55267
55111
55362
55368
55368
55368
55071
55037
55369
55369
55369
55411
55414
55421
55411
55426
55422
55422
55439
55428
55428
55465
55472
55071
55491
55500
55501
55485
55519
55519
55529
55534
55541
55546
55541
55534
55568
55534
55561
55579
55579
55581
55588
55595
55549
55602
55613
55616
55618
55618
55613
55530
55630
55641
55516
55661
55668
55667
55672
55672
55500
55672
55672
55686
55690
55668
55690
55690
55716
55746
55753
55738
55753
55753
55668
55781
55776
55779
55776
55792
55776
55801
55776
55795
55776
55814
55814
55814
55827
55829
55837
55846
55837
55829
55852
55851
55867
55872
55870
55882
55867
55892
55884
55884
55892
55905
55912
55911
55892
55898
55884
55884
55939
55918
55912
55912
55954
55963
55867
55886
55973
55982
55990
55984
55990
55982
55837
55860
56019
56019
56027
55822
56026
55816
56047
56027
56053
56047
56034
56071
56079
56047
55776
56091
56093
56093
56091
56109
56114
56111
56120
56093
56120
56130
56138
56141
55781
55792
56150
55781
56161
56138
56169
56175
56138
56169
56192
56195
56199
56203
56203
56203
56210
56199
56226
56231
56203
56244
56246
56248
56248
56197
56163
56281
56284
56284
56290
56289
56276
56290
56307
56277
56307
56325
56340
56343
56337
56343
56337
56353
56334
56370
56360
56325
56380
56328
56395
56395
56141
55500
56420
56421
56426
56426
56421
56436
56426
56426
56444
56446
56417
56455
56459
56452
55501
56473
55501
56478
56494
56486
56486
56504
56473
56514
56473
55501
56521
56523
56523
56521
56523
56523
56523
56537
56537
56537
56564
56565
56576
56580
56574
56537
56594
56598
56604
56599
56613
56615
56615
56622
56611
56627
56639
56645
56630
56630
56655
56671
56655
56574
56687
56652
56698
56701
56709
56698
56709
56716
56716
56737
56648
56645
56642
56648
56752
56761
56767
56755
56780
56782
56757
56788
56790
56790
56795
56795
56806
56790
56790
56813
56790
56790
56830
56829
56829
56848
56842
56829
56842
56873
56871
56881
56879
56889
56873
56896
56898
56896
56909
56913
56908
56925
56942
56930
56942
56949
56930
56960
56964
56967
56964
56971
56975
56971
56983
56975
56997
56913
56898
57007
57016
56871
57024
57028
57030
56879
57028
57043
57045
57043
57045
57053
57055
57053
57053
57071
57069
57053
57087
57065
57065
57109
57114
57087
57122
57127
57133
57122
57135
57133
57135
57122
57157
57096
57164
57168
57172
57176
57179
57176
57191
57194
57194
57191
57204
57175
57204
57191
57175
57234
57234
57243
57253
57257
57254
57263
57268
57278
57251
57235
57235
57240
57315
57322
57319
57322
57322
57345
57338
57350
57353
57359
57358
57368
57368
57377
57379
57361
57368
57395
57374
57402
57336
57320
57414
57416
57426
57411
57426
57435
57438
57438
57442
57448
57212
57461
57477
57479
57489
57495
57495
57489
57461
57513
57509
57521
57477
57488
57527
57529
57527
57542
57543
57565
57529
57576
57581
57584
57581
57573
57581
57595
57600
57599
57598
57599
57597
57597
57597
57638
57620
57644
57638
57648
57650
57652
57598
57659
57599
57666
57652
57681
57683
57616
57701
57702
57709
57702
57707
57726
57730
57735
57599
57599
57742
57599
57743
57663
57773
57733
57787
57796
57805
57797
57809
57805
57828
57829
57791
57837
57846
57846
57852
57856
57855
57855
57856
57770
57870
57876
57880
57887
57886
57887
57887
57908
57887
57908
57908
57908
57924
57943
57943
57882
57663
57666
57573
57973
57559
57973
57559
57981
57985
57994
58005
57994
58013
58017
58021
58033
58039
58033
58046
58033
58033
58033
58046
58090
58058
58096
58086
58086
58087
58090
58059
58120
58090
58117
58117
58059
58155
58158
58167
58174
58167
58167
58188
58195
58206
58187
58212
58218
58187
58228
58230
58217
58217
58241
58218
58251
58188
58264
58195
58196
58195
58195
58275
58196
58297
58184
58307
58312
58309
58320
58329
58325
58336
58340
58356
58329
58360
58329
58370
58372
58377
58381
58373
58393
58373
58373
58404
58368
58411
58340
58425
58431
58426
58435
58445
58440
58440
58449
58426
58449
58467
58473
58479
58467
58479
58467
58449
58502
58507
58507
58502
58470
58523
58534
58528
58534
58542
58528
58502
58550
58550
58563
58479
58479
58578
58589
58588
58594
58594
58599
58606
58599
58605
58623
58615
58616
58623
58616
58644
58623
58644
58623
58652
58644
58675
58679
58683
58682
58691
58696
58699
58698
58702
58714
58691
58683
58685
58735
58738
58668
58675
58735
58751
58757
58761
58764
58768
58766
58668
58779
58605
58792
58794
58603
58603
58794
58794
58600
58801
58801
58816
58801
58600
58801
58811
58603
58794
58851
58851
58862
58851
58880
58888
58881
58892
58892
58893
58904
58901
58904
58904
58904
58929
58904
58913
58913
58948
58950
58893
58965
58968
58971
58977
58959
58600
58987
58991
59000
59003
59014
59022
59022
59035
59012
59012
59047
59049
59052
59052
59061
59070
59066
59075
59077
59086
59086
59088
59088
59110
59108
59114
59108
59110
59108
59108
59110
59110
59140
59151
59150
59122
59180
59115
59195
59105
59195
59200
59195
59209
59209
59217
59221
59224
59224
59221
59233
59233
59195
59209
59246
59209
59209
59260
59268
59270
59279
59288
59291
59302
59283
59300
59313
59314
59314
59317
59340
59346
59261
59353
59353
59353
59346
59375
59377
59392
59401
59405
59405
59414
59414
59419
59429
59427
59427
59448
59448
59437
59437
59449
59472
59481
59480
59508
59530
59532
59537
59523
59557
59532
59560
59532
59530
59529
59579
59531
59579
59594
59594
59594
59600
59622
59627
59602
59618
59620
59644
59630
59598
59595
59670
59672
59675
59531
59557
59693
59543
59702
59704
59714
59718
59733
59735
59746
59744
59762
59761
59766
59772
59746
59755
59784
59786
59792
59746
59755
59804
59504
59481
59819
59491
59828
59833
59839
59472
59839
59854
59839
59839
59854
59833
59833
59879
59881
59884
59887
59895
59837
59828
59854
59828
59909
59907
59839
59857
59919
59923
59925
59857
59857
59941
59939
59471
59959
59939
59959
59978
59980
59980
59991
59991
59998
60005
60011
59998
59987
60020
60025
59984
59966
60033
60038
60053
60053
60067
59941
59472
59941
59472
59460
59442
59427
59442
59472
59941
60067
60105
59460
60113
60112
60130
60112
60134
60130
60140
60150
60150
60150
60143
60150
60143
60164
60164
60173
60181
60186
60197
60155
60202
60216
60226
60231
60235
60250
60244
60256
60260
60271
60270
60281
60270
60281
60295
60300
60289
60287
60264
60313
60313
60320
60324
60317
60333
60155
60279
60346
60359
60359
60287
60370
60378
60383
60387
60382
60392
60400
60409
60414
60428
60428
60434
60409
60443
60443
60450
60452
60449
60459
60449
60443
60470
60459
60470
60480
60480
60471
60491
60455
60497
60502
60506
60497
60514
60514
60519
60523
60530
60497
60540
60528
60546
60540
60540
60546
60564
60564
60572
60575
60571
60600
60605
60600
60601
60627
60641
60626
60626
60653
60657
60665
60633
60674
60679
60679
60641
60641
60691
60679
60689
60679
60708
60679
60729
60724
60725
60716
60740
60740
60716
60740
60772
60774
60778
60780
60691
60681
60789
60796
60796
60796
60804
60792
60792
60804
60792
60824
60811
60824
60823
60792
60820
60846
60815
60627
60815
60796
60789
60627
60815
60815
60894
60894
60901
60911
60894
60917
60924
60932
60935
60937
60941
60932
60941
60932
60957
60959
60967
60922
60928
60983
60986
60989
60986
61001
61005
60986
61001
61018
60922
61027
60922
61032
61041
61052
60899
60886
60884
61066
61068
61066
61075
61075
61082
60804
61092
61097
61097
61097
61110
61113
61115
61118
61097
61118
61124
61097
61115
61113
61140
61146
61154
61158
61138
61163
61163
61200
61196
61211
61191
61215
61226
61178
61178
61236
61236
61233
61236
61233
61236
61258
61264
61163
61171
61163
61278
61171
61282
61285
61171
61282
61309
61314
61309
61327
61118
61343
61348
61338
61363
61365
61347
61365
61381
61380
61381
61363
61401
61398
61413
61418
61427
61425
61436
61404
61348
61453
61343
61464
61335
60854
61490
61487
61494
61486
61504
61509
61512
61490
61490
61523
61523
61529
61536
61543
61562
61558
61562
61575
61577
61562
61575
61551
61551
61544
61608
61544
61520
61615
61636
61612
61608
61668
61648
61668
61520
61539
61654
61692
61701
61704
61692
61713
61713
61713
61727
61736
61740
61731
61752
61754
61756
61762
61763
61762
61756
61785
61739
61796
61794
61739
61740
61810
61818
61825
61536
61846
61814
61864
61861
61536
61884
61884
61889
61884
61878
61881
61908
61879
61919
61922
61917
61934
61936
61943
61943
61948
61952
61955
61908
61958
61958
61945
61973
61955
61963
61991
61999
61994
61991
62013
61999
61999
61996
62030
62037
61879
62050
62050
62051
61864
62072
61689
62081
62090
62094
62125
62133
62136
62108
62137
62108
62153
62156
62164
62164
62155
62156
62099
62196
62198
62104
62205
62104
62104
62204
62219
62228
62219
62239
62241
62246
62250
62252
62250
62250
62250
62256
62250
62273
62271
62271
62268
62256
62278
62256
62278
62304
62306
62256
62256
62319
62319
62278
62304
62304
62345
62304
62351
62353
62367
62345
62367
62379
62345
62345
62345
62392
62376
62397
62397
62368
62411
62413
62417
62423
62411
62413
62444
62446
62446
62444
62340
62328
62319
62328
62478
62256
62319
62256
62487
62498
62500
62500
62319
62519
62313
62311
62532
62529
62252
62263
62545
62557
62562
62548
62573
62579
62540
62540
62600
62589
62598
62620
62627
62611
62636
62633
62644
62649
62600
62633
62669
62669
62676
62680
62676
62676
62688
62695
62673
62580
62680
62708
62252
62242
62246
62242
62717
62726
62720
62205
62742
62742
62757
62752
62769
62763
60850
62763
62780
62787
62789
62779
62807
62807
60792
62832
62832
62838
62832
62843
62838
62843
62853
62853
62860
62863
62872
62874
62880
62874
62891
62894
62880
62909
62913
62875
62922
62931
62936
62917
62942
62959
62950
62980
62962
62989
62993
62999
60811
63010
62922
60811
63017
63020
63026
63026
63028
63028
63031
63031
63056
63058
63060
63064
63066
63039
63076
63091
63090
63091
63099
63109
63115
63130
63117
63034
63148
63150
63146
63160
60793
63169
63179
63179
63186
63180
63198
63180
63180
60575
63179
63223
63233
63233
63180
63247
63249
63247
63255
63255
63263
63267
63267
63269
63277
63280
63285
63301
60501
63308
63312
63318
63315
63332
63335
63330
63335
63343
63330
63343
63362
63365
63360
63365
63381
63391
63381
63395
63405
63395
63419
63419
63419
63362
63421
63421
63446
63448
63421
63461
63478
63489
63491
63493
63496
63476
63478
63511
63515
63454
63526
63524
63521
63452
63553
63452
63559
63553
63572
63553
63588
63594
63593
63593
63598
63604
63588
63572
63452
63622
63627
63636
63640
63644
63641
63644
63659
63663
63659
63657
63641
63681
63562
63562
63681
63700
63702
63700
63708
63713
63690
63721
63731
63735
63737
63739
63751
63692
63563
63563
63770
63772
63770
63780
63775
63796
63793
63807
63802
63816
63820
63839
63839
63850
63839
63850
63850
63850
63872
63817
63875
63871
63902
63913
63868
63915
63913
63915
63932
63939
63942
63915
63868
63963
63968
63973
63817
63981
63981
63986
63994
64000
64003
64007
64021
64027
64026
64033
64040
64040
64050
64026
64059
64058
64070
64055
64055
64055
64085
64050
64076
64040
64098
64104
64033
64120
64031
64125
64031
64027
64007
64007
64003
64161
64152
64169
64154
64152
64184
64183
64169
64196
64003
64003
64196
64202
64219
64225
64161
64225
64235
64219
64250
64250
64250
64264
64278
64161
64282
64284
64229
64229
64282
64301
64301
64229
64308
64317
64317
63966
63968
64335
64337
64335
64343
64342
64358
64362
64343
64366
64375
64385
64385
64392
64386
64400
64404
64413
64404
64367
64427
64431
64431
64430
64442
64430
64453
64456
64459
64467
64367
64467
64473
64484
64487
64367
64484
64482
64499
64337
63814
63804
63785
63796
63785
63796
64550
63772
64561
64575
64566
64583
64566
64598
64605
64605
64612
64605
64604
64622
64604
64628
64604
64603
64622
64648
64652
64651
64648
64612
64669
64667
64677
64680
64682
64684
64690
64677
64697
64684
64688
64707
64682
64680
64607
64665
64731
64735
64739
64735
64731
64747
64735
64607
64607
64778
64781
64697
64707
64707
64707
64803
64806
64806
64806
64819
64818
64819
64833
64835
64838
64827
64838
64853
64852
64853
64853
64871
64853
64871
64863
64883
64892
64854
64690
64910
64914
64593
64920
64593
64935
64938
64669
64671
64950
64957
64669
64957
64970
64975
64975
64984
64984
64991
64986
64979
65002
65001
64573
64571
65015
65019
63362
65023
63362
65027
65023
65027
65081
65075
65075
65081
65099
65111
65118
65124
65123
65132
65131
65127
65123
65123
65127
65155
65158
65127
65172
65174
65174
65172
65171
65127
65190
65199
65171
65127
65171
65199
65226
65228
65226
65232
65232
65226
65199
65232
65220
65220
65202
65254
65254
65259
65202
65268
65259
65254
65254
65290
65292
65292
65290
65292
65312
65318
65312
65285
65285
65314
65314
65285
65312
65350
65314
65354
65350
65358
65358
65369
65354
65314
65354
65383
65375
65387
65392
65314
65375
65404
65412
65418
65369
65369
65431
65350
65436
65446
65449
65449
65446
65441
65360
65486
65496
65484
65510
65283
65517
65521
65259
65528
65276
65272
65200
65197
65545
65197
65550
65541
65536
65560
65564
65568
65574
65190
65550
65582
65545
65172
65593
65175
65601
65597
65629
65598
65635
65641
65647
65641
65652
65652
65652
65651
65652
65670
65670
65672
65652
65695
65702
65667
65709
65667
65720
65667
65732
65737
65736
65750
65754
65756
65742
65758
65765
65758
65769
65772
65785
65791
65737
65797
65799
65794
65799
65794
65807
65825
65785
65788
65730
65846
65848
65865
65865
65854
65865
65892
65856
65907
65913
65917
65913
65925
65927
65932
65915
65915
65936
65925
65927
65936
65936
65937
65932
65909
65909
65979
65991
65993
65902
65999
65993
65856
65856
66012
65993
66019
65999
66029
66032
66049
66052
66059
66067
66070
66074
66079
66087
66074
66095
66099
66103
66111
66120
66136
66146
66146
66157
66161
66163
66166
66165
66175
66177
66180
66188
66190
66177
66181
66177
66177
66214
66214
66183
66221
66225
66224
66223
66214
66246
66248
66223
66224
66259
66262
66234
66230
66225
66225
66234
66290
66288
66296
66303
66303
66313
66290
66303
66340
66347
66296
66353
66296
66296
66376
66365
66367
66376
66387
66367
66391
66394
66353
66399
66399
66409
66409
66433
66435
66444
66447
66444
66452
66439
66469
66472
66457
66452
66452
66489
66494
66469
66502
66447
66469
66518
66523
66545
66525
66558
66571
66578
66558
66559
66590
66586
66602
66608
66602
66612
66612
66602
66571
66564
66641
66645
66645
66641
66670
66673
66679
66673
66677
66689
66681
66699
66699
66676
66679
66677
66721
66689
66728
66731
66670
66736
66769
66781
66768
66787
66768
66777
66800
66761
66739
66807
66817
66819
66815
66815
66819
66817
66830
66800
66843
66857
66848
66872
66864
66857
66881
66888
66904
66907
66904
66830
66921
66932
66932
66797
66947
66950
66961
66961
66956
66953
66950
66991
66984
66993
67000
67006
67012
67012
67012
67049
67046
67023
67055
67012
67048
67049
67032
67012
67015
67012
67092
67066
67101
67103
67116
67122
67135
67135
67148
67157
67162
67142
67135
67142
67176
67189
67189
67189
67194
67212
67181
67229
67228
67225
67181
67225
67225
67181
67246
67256
67270
67280
67228
67289
67289
67179
67032
67306
67333
67329
67328
67329
67329
67319
67032
67363
67359
67048
67371
67381
67074
67382
67383
67406
67359
67398
67371
67371
67425
67427
67371
67427
67434
67049
67046
67449
67453
67469
67023
67023
67493
67469
67041
67503
67041
67493
67469
67508
67516
67538
67537
67511
67545
67549
67560
67545
67536
67575
67584
67588
67596
67590
67590
67612
67618
67627
67588
67639
67643
67645
67645
67656
67660
67654
67533
67612
67625
67680
67680
67670
67533
67612
67612
67721
67729
67612
67737
67740
67625
67680
67687
67755
67758
67765
67765
67769
67774
67776
67790
67776
67776
67801
67805
67805
67805
67820
67829
67831
67831
67834
67843
67831
67848
67852
67855
67805
67862
67870
67805
67881
67892
67897
67902
67897
67902
67913
67897
67897
67805
67897
67934
67937
67936
67918
67807
67808
67958
67790
67957
67974
67958
67980
67790
67991
68000
68009
68011
68025
68023
68023
68029
68023
68042
68023
68023
68054
68058
68058
68054
68066
68072
68076
68023
68084
68081
68094
68076
68103
68103
68054
68120
68123
68066
68133
68066
68137
68137
68141
68146
68150
68150
68150
68169
68179
68183
68169
68175
68150
68157
68203
68169
68175
68175
68214
68221
68173
68238
68241
68252
68252
68232
68261
68265
68241
68265
68268
68274
68292
68268
68274
68268
68292
68317
68321
68323
68332
68339
68323
68323
68339
68323
68356
68358
68360
68358
68361
68332
68376
68379
68376
68309
68325
68393
68394
68399
68309
68309
68399
68411
68399
68423
68428
68429
68410
68416
68448
68452
68468
68468
68463
68482
68490
68501
68505
68516
68518
68503
68518
68503
68536
68518
68534
68534
68555
68534
68534
68555
68566
68555
68555
68555
68582
68583
68518
68518
68599
68604
68601
68511
68616
68620
68620
68480
68620
68511
68646
68644
68651
68486
68486
68655
68669
68677
68677
68679
68693
68688
68701
68700
68706
68706
68701
68711
68723
68714
68738
68742
68740
68742
68751
68760
68764
68764
68760
68764
68764
68760
68752
68740
68794
68794
68794
68799
68799
68794
68802
68802
68840
68802
68851
68852
68864
68844
68803
68874
68878
68874
68887
68884
68884
68895
68884
68884
68905
68911
68915
68912
68895
68929
68934
68895
68895
68934
68948
68948
68978
68982
68986
69007
68995
69019
69028
69028
69037
69039
68995
68949
68949
69058
69069
69063
69057
69058
69057
69090
69092
69100
69105
69103
69110
69114
69116
69119
69131
69133
68924
68924
69147
69153
69163
69162
69161
69163
69174
69170
69173
69161
69161
69199
69162
69170
69211
69170
69216
69220
69170
69216
69218
69247
69258
69258
69256
69247
69247
69276
69257
69283
69287
69287
69294
69295
69287
69284
69260
69163
69325
69325
69338
69342
69349
69155
69367
69349
69155
68809
69383
69391
69381
69381
69399
69405
69404
69410
69403
69416
69410
69405
69440
69449
68807
69459
69457
68669
69470
69478
69491
69494
69499
69500
68472
69513
69516
68466
69513
68472
68472
69536
69532
69550
69557
69549
69563
69566
69570
69570
69573
69550
69584
69584
69592
69584
69597
69592
69566
69553
69592
69621
69620
69626
69632
69616
69640
69644
69640
69616
69620
69592
69621
69675
69670
69621
69690
69621
69621
69709
69709
69709
69718
69690
69626
69739
69626
69690
69690
69754
69754
69762
69769
69771
69774
69765
69789
69789
69797
69789
69791
69789
69797
69824
69782
69768
69782
69769
69842
69745
69850
69626
69873
69873
69872
69657
69886
69739
69632
69894
69640
69616
69896
69616
69914
69616
69916
69949
69952
69951
69973
69989
69987
69973
69973
70018
70019
70015
70019
70024
70017
70017
70052
70056
70056
70070
70076
70052
70089
70056
70093
70098
70093
70097
70111
70118
70121
70127
70126
70126
70135
70089
70157
70164
70166
70171
70171
70077
70184
70186
70193
70184
70070
70070
70211
70212
70226
70222
70238
70236
70237
70223
70226
70224
70278
70017
70286
70286
70286
70028
70315
69969
70325
69969
70340
70353
70358
70356
70374
70369
70380
70388
70391
70373
70391
70371
70405
70404
70412
70412
70412
70412
70426
70412
70412
70417
70405
70371
70453
70405
70457
70461
70457
70473
70474
70480
70483
70491
70494
70502
70502
70517
70502
70502
70459
70453
70543
70453
70451
70560
70559
70559
70559
70572
70371
70451
70451
70451
70451
70572
70559
70560
70587
70614
70371
70365
70618
70629
70631
70365
70638
70642
70365
70365
70635
70652
70654
70652
70665
70667
70674
70674
70678
70691
70690
70697
70676
70718
70713
70713
70727
70713
70642
70366
70738
70356
70741
70362
70749
70749
70759
69969
70766
70772
70778
70332
70332
70788
70332
69952
69597
69581
70816
70819
70822
70824
70824
70838
70841
70841
70813
70851
70855
70858
70855
70854
70870
70874
70879
70884
69569
69569
70912
70912
70903
70903
70903
70937
70942
70951
69573
70964
70973
70977
70976
70976
70968
70996
70996
70993
70993
71004
71011
71031
71026
71026
71040
71031
71019
71026
71063
71040
71077
71079
71049
71093
71011
71106
71106
71108
71108
71122
71121
71121
71127
71135
71135
70996
70996
71165
70964
70964
68466
71192
68466
69516
71200
71200
71220
71226
71228
71226
71241
71241
71253
71263
71203
71284
71283
71297
71300
71302
68309
71313
71320
71317
68310
71334
71336
68292
71347
68238
68173
71363
71378
71363
71361
71361
71383
71366
71396
71402
71383
71361
68159
71361
68171
68159
71436
71439
71450
71455
68138
71467
71446
71471
71487
71491
71498
71498
71506
71506
71512
71515
71521
71523
71515
71535
71514
71535
71515
71545
71535
71555
71535
71535
71545
71572
71573
71582
71572
71573
71610
71604
71625
71606
71529
71632
71606
71648
71646
71650
71646
71650
71632
71529
71521
71667
71664
71529
71677
71529
71693
71529
71667
71681
71710
71521
71726
71523
71733
71733
71743
71754
71754
71736
71771
71778
71783
71785
71785
71743
71733
71733
71802
71810
71816
71805
71813
71726
71803
71726
71500
71852
71479
68133
68133
68126
68058
71874
68055
68051
67989
71886
71909
71912
71912
71918
71926
71930
71937
71892
67776
71948
71950
71957
71962
71954
71973
68000
71989
71987
72000
72003
72011
72017
72020
72016
72030
72016
72034
72030
72068
72030
72020
72077
72024
72084
72084
72082
71989
72017
68000
68000
71989
68000
71979
72116
72123
72117
72131
72137
72141
72137
72131
72122
71979
71979
72163
71979
72163
72172
72182
72200
72194
72208
72208
72187
72200
72230
72200
72228
72241
72230
72245
72248
72248
72222
72186
72222
72280
72282
72282
72278
72294
72297
72116
72305
72307
72329
72336
72320
72352
72321
72364
72369
72364
72359
72321
72364
72367
72398
72367
72402
72404
72333
72333
72327
72327
72327
72420
72422
72425
72414
72432
72435
72333
72329
72122
72449
72122
72463
72467
72471
72137
72490
72494
72506
72495
72517
72495
72506
72529
72529
72529
72506
72535
72555
72533
72565
72521
72563
72575
72560
72530
72530
72555
72599
72560
72612
72575
72610
72530
72610
72633
72636
72641
72641
72650
72656
72658
72658
72656
72658
72671
72675
72669
72636
72686
72641
72686
72702
72707
72707
72702
72702
72720
72737
72745
72747
72631
72755
72753
72747
72747
72764
72747
72777
72777
72786
72809
72562
72817
72521
72823
72832
72836
72842
72839
72846
72842
