2
2
2
2
4
4
21
26
26
27
27
27
27
27
27
27
57
68
68
74
86
92
98
102
104
104
104
104
104
128
128
128
128
128
128
128
128
128
128
128
128
128
128
128
128
128
128
128
128
128
128
128
128
128
128
128
128
128
128
128
128
128
128
128
128
128
128
128
128
128
128
128
128
128
148
148
148
148
148
148
148
148
148
148
148
157
157
162
162
162
162
162
162
186
186
212
212
212
212
212
212
212
212
212
212
212
212
212
212
212
212
212
212
212
212
212
212
212
212
223
223
223
223
223
223
223
223
223
223
223
223
223
223
223
223
223
223
223
223
223
223
251
251
251
251
269
269
269
269
269
269
269
269
269
269
269
269
269
300
300
329
333
333
333
335
335
335
340
340
340
340
340
340
340
340
340
340
340
340
340
340
340
340
340
340
340
409
409
409
459
459
459
459
459
459
459
459
459
459
459
459
478
514
514
514
514
514
514
514
514
514
514
514
514
514
514
514
528
530
562
562
562
591
591
591
591
591
591
591
591
591
591
591
591
591
591
591
591
591
591
591
591
591
591
591
591
591
591
591
591
591
591
591
591
591
591
591
591
591
591
591
591
591
591
591
591
591
591
591
591
591
591
591
591
591
591
591
591
591
591
591
591
591
591
591
591
591
591
591
591
591
591
591
591
591
591
591
591
591
591
591
591
591
591
591
591
591
591
591
591
594
606
606
606
606
606
606
606
606
606
606
606
606
606
606
606
606
606
606
606
606
606
606
606
606
606
606
606
606
606
606
606
606
606
610
620
628
628
628
652
652
652
652
652
652
652
652
652
652
652
652
652
652
652
652
652
652
652
652
652
652
652
652
652
652
652
652
652
652
652
652
652
652
652
652
652
652
652
652
652
652
652
652
652
652
652
652
653
653
689
689
689
689
689
689
689
689
689
689
712
712
724
724
724
724
774
794
794
794
794
809
809
809
812
812
812
812
812
826
826
826
826
826
826
826
826
826
826
826
826
826
846
855
855
855
855
855
894
898
898
898
898
898
898
898
898
898
898
898
898
898
898
898
898
898
898
898
898
898
898
898
898
898
898
898
898
898
898
898
898
898
898
898
898
898
898
898
898
898
898
898
917
931
931
931
931
931
931
931
931
931
931
931
931
931
931
931
931
931
931
931
931
931
931
931
