1
3
5
9
9
9
20
28
28
34
41
41
46
59
59
59
71
81
87
92
104
106
115
115
121
121
133
133
133
136
150
152
152
160
161
162
165
167
177
179
179
179
182
182
182
210
212
212
220
220
221
228
234
235
235
235
235
243
249
251
251
251
266
279
287
287
287
295
296
299
300
310
315
324
358
377
398
398
398
398
407
407
407
407
407
407
407
407
407
407
416
416
416
416
416
416
416
416
416
416
439
442
442
442
442
442
442
442
442
442
442
442
442
442
442
442
442
442
442
442
442
442
442
442
442
442
442
442
442
442
442
442
442
442
442
442
442
442
442
456
464
464
464
464
464
464
464
464
464
488
488
488
491
494
502
502
502
502
502
502
502
502
507
513
515
515
524
524
524
578
585
585
613
613
620
620
620
620
620
620
620
620
620
620
630
630
630
630
631
690
723
737
737
744
744
772
772
772
772
775
775
775
775
775
775
788
790
798
801
801
801
801
801
801
801
801
801
801
801
801
801
801
801
801
801
801
801
801
801
801
801
801
801
801
801
801
801
801
801
801
801
801
801
801
801
801
801
801
801
801
801
801
801
801
801
801
801
801
801
801
801
801
801
801
801
801
801
801
801
801
801
801
801
801
801
801
801
801
801
801
801
801
801
801
801
801
801
801
801
801
801
801
801
801
801
805
824
833
833
833
833
837
837
837
837
837
837
837
837
837
837
837
837
837
837
837
837
837
837
840
856
856
902
902
902
902
902
902
902
902
902
902
902
921
921
950
950
977
977
977
977
977
977
977
977
977
977
977
977
977
977
977
977
977
977
977
977
977
977
977
977
977
983
983
983
989
991
991
991
991
991
991
991
991
991
991
991
991
991
991
991
991
991
991
991
1032
1036
1036
1036
1036
1036
1036
1043
1049
1049
1049
1049
1049
1049
1049
1049
1049
1049
1049
1049
1049
1049
1049
1049
1049
1049
1074
1074
1096
1148
1148
1148
1148
1148
1148
1153
1158
1158
1158
1158
1158
1182
1182
1182
1182
1182
1188
1188
1200
1209
1209
1209
1209
1209
1209
1209
1209
1209
1209
1209
1209
1209
1209
1209
1241
1241
1241
1241
1241
1241
1241
1241
1241
1241
1241
1241
1241
1241
1241
1241
1241
1241
1241
1241
1241
1241
1241
1241
1252
1252
1252
1252
1252
1252
1252
1252
1252
1252
1252
1252
1252
1252
1254
1314
1314
1326
1353
1353
1353
1382
1382
1382
1382
1382
1382
1382
1382
1382
1382
1382
1382
1382
1382
1382
1382
1382
1382
1382
1382
1382
1382
1382
1382
1382
1382
1382
1382
1382
1382
1382
1382
1382
1382
1382
1433
1433
1433
1454
1454
1486
1486
1486
1486
1486
1486
1486
1486
1561
1598
1598
1598
1645
1645
1645
1645
1645
1645
1645
1645
1645
1645
1645
1645
1645
1645
1645
1645
1645
1645
1645
1645
1645
1645
1645
1645
1645
1645
1645
1645
1645
1645
1664
1665
1723
1723
1723
1749
1749
1801
1801
1801
1801
1801
1801
1801
1801
1804
1804
1804
1804
1804
1804
1804
1804
1804
1804
1804
1804
1804
1804
1804
1804
1804
1804
1804
1804
1804
1804
1804
1804
1804
1804
1804
1804
1819
1820
1820
1820
1820
1820
1823
1823
1823
1823
1823
1823
1823
1861
1891
1891
1907
1907
1907
1907
1907
1930
1930
1930
1930
1930
1930
1936
1936
1936
1936
1936
1936
1946
1946
1963
1980
1980
1980
1980
1980
1980
1980
1980
1980
1980
1980
1980
1980
1980
1980
1980
1997
2001
2003
2003
2003
2003
2003
2013
2013
2013
2013
2013
2013
2013
2013
2013
2013
2013
2013
2013
2013
2013
2013
2013
2013
2013
2013
2013
2013
2013
2013
2013
2013
2013
2013
2013
2013
2020
2020
2041
2041
2076
2076
2135
2135
2135
2135
2135
2135
2135
2135
2135
2135
2135
2135
2135
2135
2135
2135
2135
2135
2135
2135
2135
2135
2135
2135
2142
2142
2144
2144
2144
2144
2144
2144
2144
2144
2144
2144
2144
2144
2144
2144
2144
2144
2144
2144
2150
2205
2205
2212
2215
2225
2226
2226
2226
2226
2260
2260
2267
2267
2267
2295
2310
2310
2310
2317
2348
2348
2348
2348
2348
2348
2357
2363
2363
2363
2363
2403
2410
2410
2414
2444
2447
2458
2460
2481
2481
2487
2503
2503
2503
2503
2503
2503
2503
2503
2503
2503
2503
2503
2503
2503
2503
2503
2503
2503
2503
2503
2503
2503
2503
2503
2503
2503
2503
2503
2503
2503
2527
2527
2535
2535
2535
2535
2535
2535
2540
2540
2559
2563
2563
2563
2563
2563
2563
2563
2563
2563
2563
2563
2563
2563
2563
2563
2563
2563
2563
2563
2563
2563
2563
2563
2563
2563
2563
2563
2563
2563
2563
2563
2563
2563
2563
2563
2563
2563
2563
2563
2563
2563
2563
2563
2563
2563
2563
2563
2563
2563
2563
2563
2563
2563
2563
2563
2563
2563
2563
2563
2563
2563
2563
2563
2563
2563
2563
2563
2563
2563
2563
2563
2563
2563
2563
2563
2563
2563
2563
2563
2563
2563
2563
2563
2563
2563
2563
2563
2563
2571
2571
2571
2571
2571
2571
2571
2571
2571
2571
2571
2571
2571
2571
2571
2571
2571
2571
2571
2571
2571
2571
2571
2571
2571
2571
2571
2571
2571
2571
2571
2571
2571
2571
2571
2571
2571
2571
2571
2571
2571
2571
2571
2639
2641
2649
2649
2649
2667
2667
2692
2710
2710
2716
2716
2716
2727
2732
2742
2742
2742
2742
2742
2743
2743
2745
2745
2745
2745
2745
2745
2794
2794
2794
2804
2806
2806
2833
2833
2833
2833
2833
2833
2833
2833
2833
2833
2833
2833
2833
2833
2833
2833
2833
2833
2833
2833
2842
2842
2842
2842
2865
2882
2882
2882
2905
2905
2905
2905
2905
2975
2981
2981
3029
3030
3067
3067
3067
3067
3067
3067
3067
3067
3067
3067
3067
3067
3067
3067
3067
3067
3067
3067
3067
3067
3067
3067
3067
3076
3076
3083
3083
3083
3083
3083
3083
3083
3083
3083
3083
3090
3102
3102
3102
3102
3102
3139
3139
3139
3152
3173
3173
3173
3173
3173
3173
3173
3173
3173
3173
3173
3173
3173
3173
3173
3173
3173
3173
3173
3183
3183
3183
3183
3183
3214
3243
3243
3243
3243
3243
3275
3275
3275
3275
3275
3275
3275
3275
3275
3275
3278
3278
3278
3278
3278
3278
3278
3278
3278
3278
3278
3278
3288
3293
3293
3345
3358
3358
3358
3358
3358
3358
3358
3358
3358
3358
3358
3358
3358
3358
3358
3358
3358
3358
3358
3358
3358
3358
3358
3358
3358
3358
3358
3358
3358
3361
3361
3361
3361
3361
3361
3361
3361
3361
3361
3361
3361
3361
3361
3361
3361
3361
3361
3361
3361
3361
3361
3361
3361
