7
7
7
7
7
19
19
19
26
31
35
35
35
38
38
49
49
62
96
100
100
115
115
118
124
125
135
135
135
142
148
154
157
157
164
164
169
169
182
187
192
203
203
203
203
203
209
227
231
231
231
236
236
236
245
245
247
254
254
259
265
272
272
272
294
294
294
295
297
307
307
327
328
328
328
328
332
338
344
351
351
354
354
354
354
354
354
354
354
354
354
354
354
354
354
354
354
354
354
354
354
354
354
354
354
354
354
354
354
354
354
362
362
362
362
362
362
416
416
416
416
416
416
416
416
416
416
416
416
416
416
416
416
418
418
418
418
418
418
418
418
418
418
418
418
418
418
418
418
428
428
428
436
436
436
436
436
436
439
457
457
457
457
457
457
457
457
457
457
457
457
457
457
457
457
457
457
457
457
457
457
457
469
469
469
476
498
519
519
526
540
552
555
555
577
587
590
590
590
590
590
590
590
592
592
592
592
592
592
592
592
592
596
596
596
596
596
596
596
596
596
596
596
596
596
596
596
596
596
596
596
596
596
596
596
596
596
596
596
596
596
596
596
596
596
596
596
596
596
596
596
596
596
596
596
596
596
596
596
596
596
596
596
596
596
596
596
596
596
596
596
596
605
623
623
720
720
720
720
735
735
735
750
750
755
755
755
755
755
755
755
755
755
755
755
755
755
755
755
755
755
755
755
755
755
755
755
755
755
755
755
755
755
755
755
755
755
755
755
755
755
755
755
755
755
755
755
755
755
755
755
755
755
755
755
755
800
801
801
839
863
869
869
869
869
869
869
869
869
869
879
879
879
879
879
884
884
884
884
884
884
884
962
962
978
979
991
991
991
991
991
991
991
1005
1005
1005
1005
1005
1005
1005
1005
1005
1005
1005
1005
1005
1005
1005
1005
1005
1005
1005
1005
1005
1005
1005
1005
1005
1005
1010
1014
1014
1014
1014
1014
1014
1014
1014
1014
1014
1014
1014
1014
1014
1014
1014
1014
1014
1014
1014
1014
1014
1014
1014
1014
1014
1014
1014
1014
1014
1014
1014
1014
1014
1014
1014
1014
1014
1014
1014
1014
1014
1014
1014
1014
1014
1014
1014
1014
1014
1014
1014
1014
1014
1014
1014
1014
1014
1014
1014
1014
1014
1014
1014
1014
1014
1014
1014
1014
1014
1014
1014
1014
1014
1014
1014
1014
1014
1014
1014
1014
1014
1014
1014
1014
1014
1014
1014
1014
1014
1014
1014
1014
1014
1014
1014
1014
1014
1014
1014
1014
1014
1014
1014
1014
1014
1014
1014
1014
1014
1014
1014
1014
1014
1014
1014
1014
1014
1014
1014
1014
1014
1014
1014
1014
1014
1014
1047
1061
1061
1061
1061
1061
1061
1061
1061
1061
1061
1061
1061
1061
1061
1061
1061
1061
1061
1061
1061
1061
1061
1061
1061
1061
1061
1061
1061
1061
1061
1061
1061
1061
1061
1061
1061
1061
1061
1061
1061
1061
1061
1061
1061
1061
1061
1061
1061
1061
1061
1061
1061
1061
1061
1061
1061
1061
1061
1061
1061
1061
1061
1061
1061
1061
1061
1061
1061
1061
1061
1061
1061
1061
1061
1061
1061
1061
1061
1061
1061
1061
1061
1061
1061
1061
1061
1061
1061
1061
1061
1061
1061
1061
1061
1061
1061
1061
1061
1061
1061
1061
1061
1061
1061
1061
1061
1061
1061
1061
1061
1061
1061
1061
1061
1061
1061
1061
1061
1061
1061
1061
1061
1061
1061
1061
1061
1061
1061
1061
1061
1061
1061
1061
1061
1061
1061
1061
1061
1061
1061
1061
1061
1061
1061
1061
1061
1061
1083
1118
1118
1141
1155
1155
1193
1193
1215
1224
1224
1224
1224
1224
1224
1224
1240
1240
1240
1240
1240
1240
1240
1240
1240
1240
1240
1240
1240
1240
1240
1256
1258
1258
1258
1258
1258
1258
1339
1378
1378
1378
1382
1399
1399
1399
1399
1399
1399
1399
1399
1399
1399
1399
1399
1399
1399
1399
1399
1399
1399
1399
1399
1399
1399
1399
1399
1412
1412
1412
1454
1454
1454
1475
1475
1475
1475
1475
1475
1475
1475
1475
1487
1487
1487
1487
1487
1487
1487
1487
1491
1491
1491
1491
1491
1491
1491
1491
1491
1491
1491
1491
1491
1491
1491
1491
1491
1491
1491
1491
1491
1491
1491
1491
1491
1491
1491
1491
1491
1491
1491
1491
1491
1491
1491
1491
1491
1491
1492
1506
1513
1513
1513
1513
1561
1561
1563
1593
1593
1598
1631
1631
1640
1640
1640
1640
1640
1650
1650
1650
1650
1674
1682
1682
1682
1682
1682
1704
1704
1704
1718
1718
1718
1718
1718
1718
1718
1718
1742
1742
1742
1742
1742
1742
1742
1742
1742
1742
1742
1742
1742
1742
1742
1742
1742
1742
1742
1742
1742
1742
1742
1742
1742
1742
1742
1742
1742
1742
1760
1760
1760
1760
1760
1760
1760
1780
1780
1807
1807
1807
1842
1844
1844
1844
1844
1844
1859
1859
1859
1859
1859
1859
1859
1859
1859
1859
1859
1859
1859
1859
1859
1859
1859
1859
1859
1859
1859
1859
1859
1859
1859
1859
1861
1868
1868
1877
1878
1878
1907
1907
1907
1907
1907
1915
1915
1923
1923
1923
1923
1923
1923
1923
1923
1923
1923
1923
1923
1923
1923
1923
1923
1923
1923
1923
1923
1923
1923
1923
1923
1923
1923
1923
1923
1923
1923
1923
1923
1923
1948
1948
1948
1948
1948
1948
1948
1948
1948
1948
1948
1948
1948
1948
1948
1948
1948
1948
1948
1948
1948
1948
1948
1948
1948
1948
1948
1948
1948
1948
1948
1970
1970
1970
1970
1970
1970
1970
1970
1970
1970
1970
1970
1970
1970
1970
1970
1970
1970
1970
1970
1970
1970
1970
1970
1970
1970
1970
1970
1970
1970
1970
1970
1970
1970
1970
1970
1970
1970
1970
1970
1970
1970
1970
1970
1970
1970
1970
1970
1970
1970
1970
1970
1970
1970
1970
1970
1970
1970
1970
1970
1970
1970
1970
1970
1970
1978
1978
1978
1978
2008
2008
2014
2014
2014
2014
2014
2033
2034
2038
2038
2046
2048
2072
2072
2072
2087
2087
2087
2087
2087
2087
2087
2087
2087
2087
2087
2087
2087
2087
2087
2087
2087
2087
2087
2100
2100
2100
2100
2100
2100
2100
2100
2100
2100
2100
2100
2100
2100
2100
2100
2100
2100
2100
2100
2100
2100
2100
2100
2100
2100
2100
2100
2100
2100
2100
2100
2100
2100
2113
2113
2124
2134
2151
2151
2151
2151
2151
2151
2151
2151
2151
2151
2151
2151
2151
2151
2151
2151
2151
2151
2151
2160
2160
2160
2160
2160
2160
2160
2160
2160
2160
2160
2160
2160
2160
2160
2194
2194
2244
2244
2244
2244
2271
2271
2271
2271
2271
2271
2271
2271
2271
2271
2271
2271
2271
2271
2271
2271
2271
2271
2271
2271
2271
2271
2271
2271
2271
2271
2271
2271
2271
2271
2271
2271
2271
2271
2290
2290
2290
2290
2290
2302
2302
2302
2302
2302
2302
2302
2318
2318
2318
2318
2318
2318
2353
2353
2353
2353
2353
2353
2353
2373
2378
2378
2378
2411
2430
2430
2430
2430
2457
2457
2457
2477
2480
2480
2489
2489
2489
2511
2520
2520
2520
2536
2536
2536
2536
2536
2536
2543
2543
2543
2543
2543
2543
2543
2543
2543
2543
2543
2543
2543
2543
2543
2543
2543
2543
2543
2543
2543
2543
2543
2543
2543
2543
2543
2543
2543
2543
2543
2543
2543
2543
2543
2543
2543
2543
2543
2543
2543
2543
2543
2543
2543
2543
2543
2543
2543
2543
2543
2543
2543
2543
2543
2543
2543
2543
2543
2543
2543
2543
2543
2543
2548
2560
2565
2565
2565
2565
2565
2571
2591
2600
2600
2600
2600
2600
2600
2600
2600
2616
2616
2635
2635
2635
2635
2635
2635
2635
2635
2635
2635
2635
2635
2635
2635
2635
2635
2635
2635
2635
2635
2635
2635
2635
2635
2635
2635
2635
2635
2635
2635
2635
2635
2635
2635
2635
2635
2635
2635
2635
2635
2635
2635
2635
2635
2635
2638
2638
2638
2638
2638
2638
2638
2642
2642
2642
2661
2667
2667
2685
2694
2694
2709
2709
2709
2709
2709
2709
2709
2709
2709
2709
2709
2709
2709
2709
2709
2709
2709
2709
2709
2709
2709
2709
2709
2722
2726
2767
2767
2767
2767
2778
2778
2783
2783
2783
2783
2790
2790
2790
2790
2790
2797
2797
2812
2812
2812
2819
2834
2834
2834
2834
2834
2859
2859
2859
2927
2927
2934
2939
2939
2939
2939
2939
2939
2939
2939
2939
2939
2939
2939
2939
2939
2939
2964
2964
2972
2972
2972
2972
2972
2981
2981
2981
2981
2981
2981
2981
2981
2981
2981
3000
3007
3013
3025
3036
3036
3036
3036
3036
3036
3036
3059
3059
3138
3152
3158
3158
3158
3158
3158
3158
3158
3158
3158
3158
3158
3158
3158
3158
3158
3158
3158
3158
3158
3158
3158
3158
3158
3158
3158
3158
3158
3158
3158
3158
3158
3158
3158
3158
3158
3158
3158
3158
3158
3158
3158
3158
3158
3158
3158
3158
3158
3158
3158
3158
3158
3158
3158
3158
3158
3158
3158
3158
3158
3158
3158
3158
3158
3158
3158
3158
3158
3158
3158
3158
3158
3158
3158
3158
3158
3158
3158
3158
3158
3158
3158
3158
3158
3158
3158
3158
3158
3158
3158
3158
3158
3158
3158
3158
3158
3158
3158
3158
3158
3158
3158
3158
3158
3158
3158
3158
3158
3158
3158
3158
3161
3161
3161
3167
3167
3193
3193
3208
3208
3208
3208
3208
3208
3208
3208
3220
3233
3247
3260
3260
3260
3260
3260
3260
3309
3313
3335
3335
3335
3335
3335
3335
3380
3380
3380
3380
3380
3380
3380
3380
3380
3380
3380
3380
3380
3380
3380
3380
3380
3380
3380
3380
3380
3380
3380
3380
3380
3382
3382
3382
3382
3382
3382
3382
3382
3382
3393
3414
3414
3420
3420
3420
3420
3420
3420
3434
3470
3470
3470
3470
3474
3474
3499
3504
3504
3504
3504
3540
3540
3540
3540
3540
3540
3540
3540
3540
3540
3540
3540
3540
3540
3540
3540
3540
3540
3540
3540
3540
3540
3540
3540
3540
3540
3540
3540
3540
3540
3540
3540
3540
3540
3540
3540
3540
3540
3540
3540
3540
3540
3540
3540
3540
3540
3540
3540
3540
3540
3540
3540
3540
3540
3540
3540
3540
3540
3540
3540
3540
3540
3540
3540
3540
3540
3540
3540
3540
3540
3540
3540
3540
3540
3540
3540
3540
3540
3540
3540
3540
3540
3540
3540
3540
3540
3540
3544
3544
3544
3583
3587
3587
3587
3587
3587
3599
3599
3599
3599
3599
3622
3642
3653
3653
3653
3653
3653
3653
3660
3660
3660
3660
3660
3660
3665
3674
3688
3688
3691
3691
3691
3691
3691
3691
3691
3691
3700
3700
3700
3700
3700
3700
3700
3700
3700
3700
3700
3700
3700
3700
3700
3700
3700
3700
3700
3700
3700
3700
3700
3700
3700
3700
3700
3700
3700
3700
3700
3700
3700
3700
3700
3733
3733
3753
3753
3762
3762
3762
3762
3770
3770
3784
3784
3784
3784
3784
3784
3784
3784
3784
3828
3828
3828
3828
3828
3828
3828
3828
3828
3828
3828
3828
3828
3828
3828
3828
3828
3828
3828
3828
3828
3828
3828
3828
3828
3828
3828
3828
3828
3828
3828
3828
3828
3828
3828
3828
3828
3828
3828
3828
3852
3870
3876
3876
3876
3876
3876
3876
3876
3876
3876
3876
3876
3876
3876
3876
3876
3876
3876
3876
3876
3876
3876
3876
3876
3876
3876
3876
3876
3876
3891
3891
3902
3944
3944
3960
3977
3979
3979
3979
3979
3979
3979
3979
3979
3979
3979
3979
3990
3990
3990
3990
3990
3990
3990
3990
3990
3990
3990
3990
3990
3990
3990
3990
3990
3990
3990
3990
3990
3990
3990
3990
3990
3990
3990
3990
3990
3990
3990
3990
3990
3990
3990
3990
3990
3990
3990
3990
3990
3990
3990
3990
3990
3990
3990
3990
3990
3990
3990
3990
3990
3990
3990
3990
3990
3990
3990
3990
3990
3990
3990
3990
3990
3990
3990
3990
3990
3990
3990
3990
3990
3990
3990
3990
3990
3990
3990
3990
3990
3990
3990
3990
3990
3990
3990
3990
3990
3990
3990
3990
3990
3990
4010
4025
4025
4025
4025
4025
4025
4025
4025
4034
4034
4034
4034
4034
4034
4034
4034
4034
4034
4034
4034
4034
4034
4034
4034
4034
4034
4034
4034
4034
4034
4034
4034
4034
4034
4034
4038
4038
4088
4088
4088
4088
4088
4094
4094
4105
4127
4127
4127
4134
4134
4134
4134
4134
4134
4134
4134
4134
4134
4134
4134
4134
4134
4134
4134
4134
4134
4145
4160
4160
4160
4160
4160
4160
4160
4160
4160
4160
4160
4160
4160
4160
4160
4160
4160
4160
4160
4160
4160
4160
4160
4160
4160
4160
4160
4160
4160
4160
4160
4160
4160
4160
4160
4160
4160
4160
4160
4160
4160
4160
4160
4160
4160
4160
4160
4160
4160
4160
4160
4160
4160
4160
4160
4160
4160
4160
4160
4160
4160
4160
4160
4160
4160
4160
4160
4160
4160
4160
4160
4160
4160
4160
4160
4160
4160
4160
4160
4160
4160
4160
4160
4160
4160
4160
4160
4160
4160
4160
4160
4160
4160
4160
4160
4160
4160
4160
4160
4160
4160
4160
4160
4160
4160
4160
4160
4160
4160
4160
4160
4160
4160
4160
4160
4160
4160
4160
4160
4160
4160
4160
4160
4160
4160
4160
4160
4160
4160
4160
4160
4160
4160
4160
4160
4160
4160
4160
4160
4160
4160
4160
4160
4160
4160
4160
4160
4160
4160
4160
4160
4160
4160
4160
4160
4162
4162
4162
4162
4162
4162
4162
4162
4162
4162
4162
4162
4162
4162
4162
4190
4190
4213
4213
4213
4213
4213
4213
4213
4213
4213
4213
4213
4213
4213
4213
4213
4213
4213
4213
4213
4213
4213
4213
4213
4213
4213
4228
4228
4228
4228
4228
4228
4228
4228
4228
4228
4228
4228
4228
4228
4228
4228
4228
4228
4228
4235
4235
4235
4278
4278
4278
4278
4285
4285
4285
4285
4285
4339
4342
4398
4398
4410
4410
4416
4416
4417
4433
4467
4491
4491
4491
4491
4512
4512
4551
4566
4566
4569
4569
4579
4579
4579
4579
4579
4598
4612
4612
4612
4612
4612
4612
4612
4612
4612
4612
4612
4612
4612
4628
4628
4628
4628
4628
4628
4628
4633
4644
4644
4661
4661
4661
4661
4661
4661
4661
4661
4661
4661
4661
4661
4661
4661
4661
4661
4661
4661
4661
4661
4670
4710
4717
4717
4717
4717
4737
4737
4757
4761
4761
4761
4761
4811
4811
4811
4811
4811
4811
4811
4811
4811
4811
4811
4811
4811
4811
4811
4811
4811
4811
4811
4831
4831
4831
4831
4831
4831
4831
4831
4831
4831
4831
4831
4831
4850
4850
4850
