3
3
3
3
3
3
3
3
3
10
10
10
10
10
10
10
10
10
10
10
10
10
10
10
10
10
10
10
10
10
10
10
10
10
10
10
10
10
10
10
10
10
10
57
66
66
67
67
97
97
97
97
101
101
101
101
101
141
141
141
141
141
141
141
141
141
155
155
155
155
155
155
169
169
169
169
169
169
169
169
169
169
169
169
169
169
169
169
169
169
169
169
169
169
169
169
169
169
169
169
176
176
176
187
190
190
201
201
201
201
201
201
201
201
201
201
201
215
216
216
224
224
224
224
224
236
236
236
236
236
236
236
236
236
236
236
236
236
236
236
236
236
236
236
236
236
257
271
271
271
271
271
283
283
283
327
327
372
372
372
372
392
392
395
395
395
428
428
428
450
455
477
477
477
508
508
530
530
530
540
543
543
598
598
625
625
625
625
625
625
625
625
625
625
625
625
625
625
625
625
625
625
625
625
625
625
625
625
625
625
625
682
692
698
698
727
727
736
748
748
758
767
767
767
774
774
774
774
797
804
829
829
844
846
846
853
858
862
871
876
881
881
881
886
886
894
901
901
909
913
915
925
928
936
942
942
951
951
960
963
963
976
976
976
976
976
976
976
976
976
976
976
976
976
976
976
976
976
976
976
976
976
976
976
976
976
976
976
976
976
976
976
976
976
976
976
976
976
976
976
976
976
976
976
976
976
976
976
976
976
976
976
976
976
976
976
976
976
976
976
976
976
976
976
976
976
976
976
976
976
976
976
976
976
976
976
976
976
976
976
976
976
976
976
976
976
976
976
976
976
976
976
976
976
976
976
976
976
976
976
976
976
976
976
976
976
976
976
976
976
976
976
976
976
976
976
976
976
976
976
976
976
976
976
976
976
976
976
976
976
976
976
976
976
976
976
976
976
976
976
976
976
976
976
976
976
976
976
976
976
976
976
976
976
976
976
976
976
976
976
976
976
976
976
976
976
976
976
976
976
976
976
976
976
976
976
976
976
976
976
976
976
976
976
976
976
976
976
976
976
976
976
976
976
976
976
976
976
976
976
976
976
976
976
976
976
976
976
976
976
976
976
976
976
976
976
976
976
976
976
976
976
976
976
976
976
976
976
976
976
976
976
976
976
976
976
976
976
976
976
976
976
976
976
976
976
976
976
976
976
976
976
976
976
976
976
976
976
976
976
976
976
976
976
976
976
976
976
976
976
976
976
976
976
976
976
976
976
976
976
976
976
976
976
976
976
976
976
976
976
976
976
976
976
976
976
976
976
976
976
976
976
976
976
976
976
976
976
976
976
976
976
976
976
976
976
976
976
976
976
976
976
976
976
976
976
976
976
976
976
976
976
976
981
981
981
981
1011
1011
1011
1011
1011
1011
1011
1017
1017
1057
1058
1062
1077
1087
1116
1116
1116
1116
1116
1116
1116
1182
1182
1182
1182
1182
1182
1182
1192
1192
1192
1192
1192
1192
1192
1192
1192
1192
1203
1203
1203
1203
1203
1203
1203
1203
1203
1203
1203
1203
1203
1203
1203
1203
1203
1203
1226
1230
1230
1281
1281
1281
1281
1281
1281
1281
1281
1281
1281
1281
1281
1281
1281
1281
1281
1281
1281
1281
1281
1281
1281
1281
1281
1281
1281
1281
1281
1281
1281
1281
1281
1281
1281
1281
1281
1281
1281
1281
1281
1281
1281
1281
1281
1281
1281
1281
1281
1281
1281
1281
1281
1281
1281
1281
1281
1281
1281
1281
1291
1291
1291
1291
1291
1385
1385
1385
1385
1399
1409
1411
1411
1428
1439
1439
1439
1439
1439
1439
1439
1451
1451
1453
1453
1453
1453
1499
1521
1521
1530
1530
1530
1573
1573
1573
1573
1573
1573
1573
1573
1573
1573
1573
1573
1573
1573
1573
1573
1579
1579
1579
1579
1579
1579
1579
1579
1579
1579
1587
1601
1615
1619
1620
1620
1641
1641
1641
1641
1641
1641
1641
1649
1649
1659
1659
1659
1659
1659
1659
1659
1659
1659
1659
1659
1659
1675
1675
1682
1682
1682
1682
1682
1682
1686
1686
1696
1707
1707
1707
1707
1707
1707
1707
1707
1707
1707
1707
1707
1707
1707
1707
1707
1707
1707
1707
1707
1707
1707
1707
1707
1707
1707
1707
1707
1707
1707
1720
1720
1720
1720
1720
1720
1720
1720
1720
1720
1720
1720
1720
1720
1720
1720
1720
1720
1720
1720
1720
1720
1720
1720
1720
1720
1720
1720
1746
1746
1746
1776
1776
1776
1776
1776
1776
1776
1776
1776
1776
1776
1776
1776
1776
1776
1779
1779
1779
1779
1779
1779
1779
1779
1779
1779
1779
1779
1779
1779
1779
1779
1779
1779
1779
1779
1779
1779
1779
1779
1779
1779
1779
1779
1779
1779
1779
1779
1779
1779
1779
1779
1779
1779
1779
1779
1779
1779
1779
1779
1779
1779
1779
1786
1786
1786
1786
1786
1786
1786
1786
1786
1786
1786
1786
1786
1792
1792
1792
1792
1792
1792
1792
1792
1792
1792
1792
1792
1792
1792
1792
1792
1792
1792
1792
1792
1792
1792
1792
1792
1792
1792
1792
1792
1792
1792
1792
1792
1792
1792
1792
1792
1792
1792
1792
1792
1792
1792
1792
1792
1792
1792
1792
1792
1792
1792
1792
1792
1792
1792
1792
1792
1792
1792
1792
1792
1792
1792
1792
1792
1792
1792
1792
1792
1792
1792
1792
1792
1792
1792
1792
1804
1804
1820
1835
1835
1835
1835
1864
1864
1864
1864
1864
1864
1864
1864
1864
1864
1864
1881
1881
1881
1881
1894
1894
1901
1901
1901
1901
1901
1901
1901
1901
1901
1901
1901
1901
1901
1901
1901
1901
1901
1901
1901
1901
1901
1901
1901
1901
1909
1909
1909
1909
1909
1929
1929
1929
1948
1948
1969
1971
1974
1974
1974
2026
2026
2026
2026
2026
2026
2026
2026
2026
2026
2026
2026
2026
2026
2026
2026
2026
2026
2026
2029
2051
2074
2074
2093
2093
2093
2093
2093
2104
2114
2114
2114
2115
2115
2115
2115
2119
2119
2119
2119
2119
2119
2119
2119
2119
2119
2119
2119
2119
2119
2119
2119
2119
2119
2215
2215
2215
2241
2241
2241
2241
2241
2241
2241
2241
2241
2241
2241
2241
2241
2241
2241
2241
2241
2241
2241
2241
2241
2241
2241
2241
2241
2241
2241
2241
2243
2243
2280
2284
2284
2284
2284
2284
2284
2284
2284
2284
2284
2284
2284
2284
2284
2284
2284
2296
2296
2308
2324
2332
2332
2332
2332
2332
2332
2332
2344
2344
2344
2344
2363
2383
2413
2413
2475
2475
2481
2481
2481
2481
2481
2481
2532
2532
2532
2532
2532
2532
2532
2532
2544
2544
2600
2600
2604
2604
2604
2663
2692
2692
2708
2708
2708
2708
2708
2708
2713
2716
2718
2720
2725
2725
2725
2725
2725
2725
2725
2725
2725
2725
2734
2747
2747
2747
2763
2763
2763
2763
2763
2763
2763
2763
2763
2763
2763
2763
2763
2763
2763
2763
2763
2763
2763
2791
2791
2791
2819
2819
2819
2819
2819
2819
2819
2819
2819
2819
2819
2819
2819
2819
2819
2819
2819
2819
2819
2819
2819
2819
2819
2819
2819
2819
2819
2819
2850
2850
2855
2855
2855
2855
2855
2855
2855
2855
2855
2855
2855
2855
2855
2855
2855
2855
2855
2855
2873
2879
2879
2879
2879
2879
2879
2879
2879
2879
2879
2879
2879
2879
2879
2879
2879
2879
2879
2879
2879
2891
2891
2891
2891
2891
2891
2891
2897
2908
2908
2908
2936
2936
2936
2936
2936
2936
2936
2936
2936
2936
2936
2936
2936
2936
2936
2936
2936
2936
2936
2936
2936
2936
2936
2936
2936
2936
2936
2936
2936
2936
2936
2936
2936
2936
2936
2936
2936
2936
2936
2936
2936
2936
2936
2936
2936
2936
2936
2936
2936
2936
2936
2936
2936
2936
2936
2936
2936
2936
2936
2936
2936
2936
2936
2936
2936
2936
2936
2936
2936
2936
2936
2936
2936
2936
2936
2936
2936
2936
2936
2936
2936
2936
2936
2936
2936
2936
2936
2936
2936
2936
2936
2936
2936
2936
2936
2936
2936
2936
2936
2936
2936
2936
2936
2936
2936
2936
2936
2936
2936
2936
2936
2936
2936
2936
2936
2936
2936
2968
2968
2968
2968
2968
2968
2998
2998
3000
3004
3004
3004
3004
3004
3004
3004
3004
3004
3004
3004
3004
3004
3004
3004
3004
3004
3004
3004
3004
3004
3004
3004
3004
3004
3004
3004
3004
3004
3004
3004
3004
3020
3020
3090
3090
3090
3090
3090
3090
3090
3090
3090
3090
3090
3090
3090
3090
3090
3090
3090
3090
3090
3090
3090
3090
3090
3090
3090
3090
3090
3090
3090
3090
3090
3090
3090
3090
3090
3090
3090
3090
3090
3090
3090
3090
3090
3090
3090
3090
3090
3090
3090
3090
3090
3090
3090
3090
3090
3090
3090
3090
3090
3090
3090
3090
3090
3090
3090
3090
3090
3090
3090
3090
3090
3090
3090
3090
3090
3090
3090
3090
3090
3090
3090
3090
3090
3090
3090
3090
3090
3090
3090
3090
3090
3090
3090
3090
3090
3090
3090
3090
3090
3090
3090
3090
3090
3090
3090
3090
3090
3090
3090
3090
3090
3090
3090
3090
3117
3117
3119
3119
3154
3173
3177
3184
3184
3184
3184
3184
3184
3184
3184
3184
3198
3198
3198
3198
3198
3198
3198
3198
3229
3241
3241
3241
3241
3241
3241
3241
3242
3242
3249
3255
3255
3255
3255
3255
3260
3314
3314
3314
3314
3314
3314
3314
3314
3314
3314
3331
3331
3331
3331
3331
3331
3331
3331
3335
3335
3335
3335
3335
3335
3335
3335
3335
3335
3335
3335
3335
3335
3335
3335
3335
3335
3335
3335
3335
3335
3335
3335
3335
3335
3335
3335
3335
3335
3335
3335
3335
3335
3335
3335
3335
3335
3335
3335
3335
3335
3335
3335
3335
3335
3335
3335
3335
3335
3335
3335
3335
3345
3345
3362
3362
3362
3362
3362
3362
3362
3362
3362
3362
3362
3362
3362
3391
3391
3399
3399
3399
3399
3399
3399
3399
3399
3399
3405
3405
3413
3413
3413
3413
3413
3413
3413
3413
3413
3413
3413
3413
3413
3416
3416
3416
3416
3416
3450
3450
3459
3461
3491
3493
3493
3493
3493
3493
3495
3522
3557
3557
3557
3566
3579
3581
3581
3626
3651
3671
3675
3677
3677
3689
3702
3724
3724
3724
3724
3739
3739
3757
3757
3757
3757
3757
3757
3757
3757
3804
3804
3804
3804
3804
3804
3804
3804
3804
3804
3804
3804
3804
3804
3804
3804
3804
3804
3804
3804
3804
3804
3804
3804
3804
3806
3814
3814
3814
3814
3814
3814
3814
3814
3814
3814
3814
3814
3814
3814
3814
3814
3814
3814
3814
3814
3814
3814
3828
3828
3883
3883
3883
3883
3883
3883
3883
3883
3883
3883
3883
3883
3883
3883
3883
3883
3883
3883
3883
3883
3883
3883
3883
3883
3883
3883
3883
3883
3883
3883
3883
3883
3883
3883
3883
3883
3883
3883
3883
3883
3883
3883
3883
3883
3883
3883
3883
3883
3883
3883
3883
3883
3883
3883
3883
3883
3883
3883
3883
3883
3883
3883
3883
3883
3883
3883
3883
3883
3883
3883
3883
3883
3883
3883
3883
3883
3883
3883
3883
3883
3883
3883
3883
3883
3883
3883
3883
3883
3883
3883
3883
3883
3883
3883
3883
3883
3883
3883
3883
3883
3883
3883
3883
3883
3883
3883
3883
3883
3883
3883
3883
3883
3883
3883
3883
3883
3883
3883
3883
3883
3883
3883
3883
3883
3883
3883
3883
3883
3883
3883
3883
3883
3883
3883
3883
3883
3883
3883
3883
3883
3883
3883
3883
3883
3883
3883
3883
3883
3883
3883
3883
3883
3883
3883
3883
3883
3883
3883
3883
3883
3883
3883
3883
3883
3883
3883
3883
3883
3883
3883
3883
3883
3883
3883
3883
3883
3883
3883
3883
3883
3883
3883
3883
3883
3883
3883
3883
3883
3883
3883
3883
3883
3883
3883
3883
3883
3883
3883
3883
3883
3883
3883
3883
3883
3883
3883
3883
3883
3883
3883
3883
3883
3883
3883
3883
3883
3883
3883
3883
3883
3883
3883
3883
3883
3883
3883
3883
3883
3883
3883
3883
3883
3883
3883
3883
3883
3883
3883
3883
3883
3883
3883
3883
3883
3883
3883
3883
3883
3883
3883
3883
3883
3883
3883
3883
3883
3883
3883
3883
3883
3883
3883
3883
3883
3883
3883
3883
3883
3883
3883
3883
3883
3883
3883
3883
3883
3883
3883
3883
3883
3883
3883
3883
3883
3883
3883
3883
3883
3883
3883
3883
3883
3883
3883
3883
3883
3883
3883
3883
3883
3883
3883
3883
3883
3883
3883
3883
3883
3883
3883
3883
3883
3883
3883
3883
3883
3883
3883
3883
3883
3883
3883
3883
3883
3883
3883
3883
3883
3883
3883
3883
3883
3883
3883
3883
3883
3883
3883
3883
3883
3883
3883
3883
3883
3883
3883
3912
3912
3912
3912
3912
3912
3912
3912
3912
3912
3912
3912
3912
3912
3912
3912
3912
3912
3912
3912
3922
3922
3922
3922
3927
3927
3927
3927
3940
3940
3970
3998
3998
3998
3998
4039
4039
4039
4039
4039
4039
4039
4041
4041
4110
4138
4138
4138
4138
4138
4138
4138
4138
4142
4163
4174
4185
4222
4229
4230
4230
4232
4232
4232
4253
4302
4302
4306
4306
4306
4306
4306
4306
4306
4306
4306
4306
4306
4306
4306
4306
4306
4306
4306
4306
4306
4306
4306
4306
4306
4306
4306
4306
4306
4306
4306
4306
4306
4312
4315
4315
4315
4315
4315
4341
4341
4341
4341
4341
4341
4341
4341
4341
4341
4341
4341
4341
4341
4341
4341
4355
4359
4359
4364
4364
4364
4391
4403
4428
4428
4428
4436
4485
4559
4560
4605
4605
4605
4605
4605
4605
4605
4605
4605
4605
4605
4605
4605
4605
4605
4605
4605
4605
4605
4605
4605
4605
4605
4605
4605
4688
4689
4689
4728
4728
4756
4756
4756
4805
4805
4816
4816
4816
4816
4816
4816
4816
4816
4836
4836
4836
4836
4867
4867
4867
4867
4867
4867
4867
4867
4868
4868
4868
4868
4868
4868
4868
4868
4868
4868
4868
4868
4868
4868
4868
4868
4868
4868
4868
4868
4868
4868
4868
4868
4868
4868
4868
4868
4868
4868
4868
4868
4868
4868
4868
4868
4868
4868
4868
4868
4868
4868
4868
4868
4868
4868
4868
4868
4868
4868
4868
4868
4868
4868
4868
4868
4868
4868
4868
4868
4868
4868
4868
4868
4868
4868
4868
4868
4868
4868
4868
4868
4868
4868
4868
4868
4868
4868
4868
4868
4868
4868
4868
4868
4868
4868
4868
4868
4868
4868
4868
4868
4868
4868
4868
4868
4868
4868
4868
4868
4868
4868
4868
4868
4868
4868
4868
4868
4868
4868
4868
4868
4868
4868
4868
4868
4868
4868
4868
4868
4868
4868
4868
4868
4868
4868
4868
4868
4868
4868
4868
4868
4868
4868
4868
4868
4868
4868
4868
4868
4868
4868
4868
4868
4868
4868
4868
4868
4868
4868
4868
4868
4868
4868
4868
4868
4868
4868
4868
4868
4868
4868
4868
4868
4868
4868
4868
4868
4868
4868
4868
4868
4868
4868
4868
4868
4868
4868
4868
4868
4868
4868
4868
4868
4868
4868
4868
4868
4868
4868
4868
4868
4868
4868
4868
4868
4868
4868
4868
4868
4868
4868
4868
4868
4868
4868
4868
4868
4868
4868
4868
4868
4868
4868
4868
4868
4868
4868
4868
4868
4868
4868
4868
4868
4868
4868
4868
4868
4868
4868
4868
4868
4868
4868
4868
4868
4868
4868
4868
4868
4868
4868
4868
4868
4868
4868
4868
4868
4868
4868
4868
4868
4868
4868
4868
4877
4885
4897
4897
4897
4897
4897
4897
4897
4897
4897
4897
4897
4897
4897
4897
4897
4897
4897
4897
4897
4897
4897
4897
4897
4897
4897
4897
4897
4897
4897
4897
4897
4897
4897
4897
4897
4897
4897
4897
4897
4897
4897
4897
4897
4897
4897
4897
4897
4897
4901
4977
4977
4977
4977
4977
4977
4977
4977
4977
4977
4977
4977
4977
4977
4977
4977
4977
4977
4977
4977
4977
4977
4977
4981
4986
4986
4986
4986
4986
4986
4986
4986
4986
5029
5029
5029
5029
5029
5029
5029
5029
5029
5029
5029
5029
5029
5029
5029
5029
5029
5029
5029
5029
5029
5029
5029
5029
5029
5029
5029
5029
5029
5029
5029
5029
5029
5029
5029
5029
5029
5029
5029
5029
5029
5029
5029
5029
5029
5029
5029
5029
5029
5029
5029
5029
5029
5029
5029
5029
5029
5029
5029
5029
5029
5029
5029
5029
5029
5029
5029
5029
5029
5029
5029
5029
5029
5029
5029
5029
5029
5029
5029
5029
5029
5029
5029
5029
5029
5029
5029
5029
5029
5029
5030
5030
5030
5035
5035
5035
5035
5063
5063
5075
5091
5103
5103
5142
5142
5168
5180
5183
5183
5183
5183
5194
5194
5194
5194
5231
5259
5259
5259
5259
5259
5259
5259
5259
5259
5306
5306
5306
5306
5306
5306
5306
5306
5306
5306
5306
5306
5306
5306
5306
5306
5306
5306
5306
5306
5306
5306
5306
5356
5376
5394
5394
5418
5418
5418
5418
5418
5418
5418
5418
5418
5418
5418
5418
5418
5418
5418
5467
5489
5489
5489
5489
5489
5489
5489
5489
5516
5516
5516
5516
5535
5535
5535
5545
5545
5545
5545
5545
5545
5545
5545
5545
5545
5545
5545
5545
5545
5545
5545
5545
5545
5545
5545
5545
5545
5545
5545
5545
5545
5545
5545
5545
5545
5545
5545
5545
5545
5545
5545
5545
5545
5545
5545
5545
5545
5545
5545
5545
5545
5545
5545
5545
5545
5545
5545
5545
5545
5545
5545
5545
5545
5545
5545
5545
5545
5545
5545
5545
5545
5545
5545
5545
5545
5545
5545
5545
5545
5545
5545
5545
5545
5545
5545
5545
5545
5545
5545
5545
5545
5545
5545
5545
5545
5545
5545
5545
5545
5545
5545
5545
5545
5545
5545
5548
5548
5548
5548
5548
5569
5569
5569
5569
5569
5569
5569
5569
5569
5569
5569
5569
5575
5575
5575
5575
5584
5584
5584
5598
5598
5598
5598
5598
5616
5616
5616
5616
5616
5616
5616
5616
5616
5616
5616
5616
5641
5641
5641
5641
5641
5641
5641
5641
5641
5641
5641
5641
5641
5641
5641
5641
5641
5641
5672
5672
5672
5697
5697
5697
5697
5738
5738
5738
5738
5738
5804
5804
5804
5804
5804
5804
5804
5804
5823
5823
5823
5823
5823
5823
5823
5823
5823
5823
5823
5823
5823
5823
5823
5823
5823
5823
5823
5823
5823
5823
5823
5823
5823
5823
5823
5823
5823
5823
5823
5823
5823
5823
5823
5823
5823
5823
5823
5823
5823
5828
5828
5840
5872
5876
5897
5897
5923
5923
5923
5930
5930
5930
5930
5930
5930
5930
5930
5941
5941
5941
5941
5951
5951
5977
5977
5977
5977
5977
5977
5977
5977
5977
6008
6023
6040
6072
6072
6072
6072
6072
6072
6072
6072
6072
6072
6072
6072
6072
6072
6072
6072
6072
6072
6072
6072
6072
6072
6072
6072
6072
6072
6072
6072
6072
6072
6072
6072
6072
6085
6117
6117
6117
6117
6117
6117
6117
6117
6134
6134
6134
6134
6134
6134
6134
6134
6134
6134
6134
6134
6144
6144
6144
6200
6200
6212
6212
6212
6212
6212
6212
6212
6212
6212
6212
6212
6212
6212
6212
6212
6212
6212
6212
6212
6212
6212
6212
6212
6212
6212
6212
6212
6212
6212
6212
6212
6212
6212
6212
6212
6212
6212
6212
6212
6212
6212
6212
6212
6212
6212
6212
6212
6212
6212
6212
6212
6212
6212
6212
6212
6212
6212
6212
6212
6212
6212
6226
6238
6238
6238
6238
6238
6238
6238
6238
6242
6242
6252
6331
6344
6351
6356
6356
6356
6356
6356
6356
6373
6373
6373
6373
6373
6373
6373
6373
6373
6373
6373
6373
6373
6373
6373
6373
6373
6373
6373
6401
6401
6403
6411
6456
6456
6476
6480
6480
6480
6480
6480
6480
6480
6480
6480
6480
6480
6480
6480
6480
6480
6480
6480
6480
6480
6480
6480
6480
6480
6480
6480
6480
6480
6480
6480
6480
6480
6480
6480
6480
6480
6487
6487
6487
6496
6496
6504
6504
6510
6510
6510
6510
6562
6562
6565
6565
6565
6565
6602
6630
6631
6631
6631
6631
6631
6631
6631
6631
6631
6670
6670
6677
6705
6712
6714
6714
6718
6718
6718
6718
6718
6718
6729
6729
6729
6729
6729
6729
6729
6729
6729
6729
6729
6729
6729
6729
6729
6729
6729
6729
6729
6729
6729
6729
6729
6729
6729
6729
6729
6729
6729
6744
6748
6748
6757
6758
6758
6758
6758
6760
6760
6760
6760
6799
6831
6831
6831
6871
6873
6878
6878
6878
6878
6878
6878
6912
6912
6912
6912
6912
6912
6920
6920
6924
6924
6924
6924
6924
6924
6924
6924
6924
6924
6924
6924
6924
6924
6924
6924
6924
6935
6935
6935
6935
6935
6935
6935
6935
6947
6947
6947
6947
6947
6947
6947
6959
6959
7001
7001
7001
7024
7027
7027
7027
7027
7027
7027
7027
7027
7027
7027
7027
7027
7027
7027
7027
7027
7027
7027
7027
7027
7027
7027
7027
7027
7027
7027
7027
7027
7027
7027
7027
7027
7027
7027
7027
7027
7027
7027
7027
7027
7027
7027
7027
7027
7027
7027
7027
7027
7027
7041
7049
7055
7055
7055
7055
7055
7055
7055
7055
7055
7055
7055
7055
7055
7055
7055
7055
7055
7055
7055
7055
7055
7055
7055
7055
7055
7055
7055
7055
7055
7055
7084
7089
7089
7089
7089
7089
7089
7092
7092
7092
7092
7092
7092
7092
7099
7105
7105
7105
7105
7105
7105
7105
7105
7105
7126
7126
7126
7126
7126
7130
7210
7210
7227
7277
7310
7310
7313
7313
7313
7313
7313
7313
7313
7313
7313
7313
7313
7313
7313
7313
7317
7317
7317
7317
7317
7317
7317
7317
7317
7317
7317
7317
7317
7317
7317
7317
7317
7317
7317
7317
7317
7317
7320
7325
7325
7325
7325
7325
7333
7352
7352
7352
7362
7362
7362
7362
7362
7362
7362
7362
7362
7362
7362
7362
7362
7362
7362
7362
7373
7386
7386
7395
7395
7402
7402
7415
7415
7415
7440
7440
7440
7475
7475
7475
7483
7483
7483
7497
7529
7529
7538
7538
7538
7579
7581
7591
7620
7636
7636
7636
7636
7662
7662
7662
7666
7666
7666
7666
7683
7683
7699
7699
7699
7699
7699
7726
7735
7735
7735
7758
7758
7758
7758
7773
7773
7781
7784
7784
7784
7784
7784
7784
7784
7784
7784
7784
7784
7784
7784
7784
7784
7784
7784
7784
7784
7784
7784
7784
7784
7784
7784
7784
7784
7784
7798
7798
7844
7844
7844
7844
7862
7884
7884
7884
7886
7886
7886
7886
7886
7886
7886
7886
7886
7886
7886
7886
7886
7886
7889
7889
7909
7909
7909
7909
7909
7909
7909
7909
7920
7920
7920
7920
7920
7920
7920
7920
7920
7920
7920
7920
7920
7920
7920
7920
7920
7920
7920
7920
7920
7920
7920
7920
7920
7920
7920
7920
7920
7920
7920
7920
7920
7920
7920
7920
7920
7920
7920
7920
7920
7920
7920
7920
7920
7920
7920
7920
7920
7920
7920
7922
7922
7922
7922
7922
7958
7958
7958
7958
7958
7958
7958
7958
7977
7977
7977
7977
7977
7977
7977
7977
7977
7983
7998
7998
7998
7998
7998
7998
7998
7998
8032
8032
8043
8043
8043
8043
8043
8043
8043
8043
8043
8043
8043
8043
8043
8043
8043
8043
8043
8043
8043
8043
8043
8043
8043
8043
8043
8043
8043
8043
8043
8043
8043
8043
8058
8058
8058
8059
8059
8095
8095
8101
8105
8105
8105
8105
8105
8105
8105
8105
8105
8105
8105
8105
8105
8105
8105
8105
8105
8105
8105
8105
8105
8105
8105
8105
8105
8105
8124
8124
8124
8124
8124
8124
8124
8124
8124
8124
8131
8131
8131
8131
8131
8131
8131
8131
8131
8131
8131
8131
8131
8131
8131
8131
8131
8131
8131
8131
8131
8131
8131
8131
8131
8131
8131
8131
8131
8131
8131
8131
8131
8131
8131
8131
8131
8131
8131
8131
8131
8131
8131
8131
8131
8131
8131
8131
8131
8131
8131
8131
8131
8131
8131
8131
8131
8131
8131
8131
8131
8131
8131
8131
8131
8131
8131
8131
8131
8131
8131
8131
8131
8131
8131
8131
8131
8131
8140
8140
8147
8147
8147
8147
8147
8147
8147
8147
8147
8147
8147
8147
8147
8147
8147
8147
8147
8147
8147
8178
8178
8178
8178
8193
8193
8193
8193
8193
8193
8193
8193
8193
8193
8193
8210
8210
8236
8236
8236
8236
8236
8236
8250
8252
8252
8256
8256
8256
8256
8256
8297
8303
8322
8361
8361
8369
8369
8409
8409
8420
8420
8420
8420
8420
8420
8420
8420
8420
8454
8454
8454
8454
8454
8454
8454
8454
8454
8454
8454
8454
8454
8517
8534
8592
8594
8620
8620
8658
8658
8658
8658
8658
8658
8658
8658
8658
8658
8658
8658
8658
8658
8658
8658
8658
8658
8658
8658
8658
8658
8658
8658
8658
8658
8658
8658
8658
8658
8658
8658
8658
8658
8658
8658
8658
8658
8658
8658
8658
8658
