1
5
5
18
18
18
18
18
18
18
18
18
18
18
18
18
18
18
18
33
70
70
70
70
76
81
88
94
95
97
105
119
119
122
122
128
128
133
135
141
141
141
150
162
166
184
185
185
190
191
197
211
235
241
244
244
244
254
254
258
263
263
265
265
270
277
277
281
281
292
292
292
292
292
292
292
292
292
292
292
292
292
292
292
347
347
347
347
347
347
347
347
347
347
347
347
347
347
347
347
347
347
347
347
347
347
347
347
347
347
347
347
347
347
347
347
347
347
347
347
347
347
347
347
347
347
347
347
347
347
347
347
347
347
347
347
347
347
347
347
347
347
347
347
347
347
347
347
347
347
347
347
347
347
347
347
347
347
347
347
347
347
347
347
347
347
347
347
347
347
347
347
347
347
347
347
347
347
347
347
347
347
347
347
347
347
347
347
347
347
347
347
347
347
347
347
347
347
347
347
347
347
347
347
347
347
347
347
347
347
347
347
347
347
347
347
347
347
347
347
347
347
347
347
347
347
347
347
347
347
347
347
347
347
347
347
347
347
347
347
347
347
347
347
347
347
347
347
347
347
347
347
347
347
347
347
393
393
396
396
396
406
406
406
406
406
408
408
408
429
439
447
452
459
462
486
504
504
504
504
521
521
526
526
526
547
547
547
547
547
547
547
547
547
547
547
547
547
547
547
547
547
547
547
547
547
547
547
547
547
547
547
547
547
547
547
547
547
547
547
547
547
547
547
547
547
547
547
547
547
547
547
547
547
547
547
547
547
547
547
547
547
547
547
547
547
547
547
547
547
547
547
547
547
547
547
547
547
547
547
547
547
547
547
547
547
547
547
547
547
547
547
547
547
547
547
547
547
547
547
547
547
547
547
547
547
547
547
547
547
547
547
547
547
547
547
547
547
547
547
547
547
547
547
547
547
547
547
547
547
547
547
547
547
547
547
547
547
547
547
547
547
547
547
547
547
547
547
547
547
547
547
547
547
547
547
547
547
547
547
547
547
547
547
547
547
547
547
547
547
547
547
547
547
547
547
574
574
574
574
574
574
574
615
623
623
630
647
647
647
647
647
647
647
647
647
647
654
654
654
654
654
654
654
654
654
654
654
654
654
654
654
654
654
654
654
654
654
654
654
654
654
654
654
661
661
689
689
690
735
745
745
745
745
745
745
745
745
745
745
745
745
745
745
745
745
745
745
745
745
745
745
745
745
745
745
745
745
745
745
745
745
745
745
749
749
749
749
749
749
749
749
749
749
802
802
802
802
802
802
802
802
802
802
845
845
845
845
845
845
845
845
845
845
845
845
845
845
855
881
881
925
925
925
925
925
925
958
968
968
968
968
968
968
968
968
968
968
968
968
968
1014
1014
1014
1014
1014
1014
1017
1017
1017
1036
1036
1036
1036
1036
1036
1036
1050
1050
1050
1104
1104
1108
1117
1144
1144
1168
1168
1217
1217
1217
1217
1226
1226
1226
1226
1226
1226
1226
1226
1226
1226
1226
1226
1226
1226
1226
1226
1226
1226
1226
1226
1226
1226
1271
1271
1300
1300
1300
1300
1300
1300
1300
1311
1311
1311
1311
1311
1311
1331
1331
1331
1346
1346
1381
1381
1381
1381
1381
1381
1406
1406
1411
1415
1415
1415
1415
1415
1415
1449
1449
1449
1452
1452
1452
1452
1452
1452
1452
1452
1452
1452
1452
1452
1452
1452
1452
1452
1452
1452
1452
1452
1452
1452
1452
1452
1452
1452
1452
1452
1452
1452
1452
1452
1452
1452
1461
1472
1472
1472
1472
1472
1472
1492
1492
1492
1492
1492
1512
1524
1524
1524
1524
1524
1524
1524
1526
1526
1543
1543
1575
1575
1575
1585
1585
1585
1585
1585
1585
1585
1585
1585
1585
1585
1585
1585
1585
1585
1585
1585
1585
1585
1585
1585
1585
1585
1585
1585
1585
1585
1585
1585
1585
1585
1585
1585
1585
1585
1585
1585
1585
1585
1585
1585
1585
1585
1585
1585
1585
1585
1585
1585
1585
1585
1585
1585
1585
1585
1585
1585
1585
1585
1585
1585
1585
1585
1585
1585
1585
1585
1585
1585
1585
1585
1585
1585
1585
1585
1585
1585
1585
1585
1585
1608
1608
1608
1608
1643
1659
1660
1684
1684
1684
1684
1684
1684
1684
1684
1684
1684
1684
1684
1684
1684
1684
1684
1684
1684
1684
1684
1684
1684
1684
1684
1684
1684
1684
1684
1684
1684
1684
1684
1684
1684
1684
1684
1684
1684
1684
1684
1684
1684
1684
1684
1684
1684
1684
1684
1684
1684
1684
1684
1684
1684
1684
1684
1684
1684
1684
1684
1684
1684
1684
1684
1684
1688
1688
1688
1688
1688
1688
1688
1688
1688
1688
1688
1733
1733
1733
1759
1759
1759
1759
1759
1759
1759
1759
1759
1759
1759
1759
1759
1759
1759
1759
1759
1759
1759
1759
1759
1759
1759
1759
1759
1759
1759
1759
1759
1759
1759
1759
1759
1759
1759
1759
1766
1766
1766
1766
1766
1766
1766
1766
1766
1766
1766
1766
1766
1766
1769
1769
1769
1769
1803
1803
1803
1803
1803
1803
1844
1844
1844
1844
1844
1844
1844
1844
1844
1858
1858
1888
1895
1923
1923
1923
1923
1923
1923
1923
1923
1923
1923
1923
1923
1923
1923
1923
1923
1923
1923
1923
1923
1923
1923
1923
1931
1942
1942
1942
1942
1942
1942
1942
1942
1942
1942
1942
1942
1942
1942
1942
1942
1942
1942
1942
1942
1942
1942
1942
1942
1942
1942
1942
1946
1946
1946
1946
1946
1946
1946
1946
1970
1978
1978
1978
1978
1990
1990
2002
2002
2002
2002
2002
2002
2002
2002
2002
2002
2002
2002
2002
2002
2002
2002
2002
2002
2002
2002
2002
2002
2011
2011
2011
2011
2011
2011
2011
2011
2011
2037
2037
2037
2037
2037
2037
2037
2037
2037
2067
2076
2078
2078
2078
2078
2078
2078
2078
2078
2078
2078
2078
2078
2078
2078
2078
2078
2078
2078
2078
2078
2078
2078
2078
2078
2078
2078
2078
2078
2078
2078
2078
2078
2078
2078
2078
2078
2078
2078
2078
2078
2078
2078
2078
2078
2078
2078
2078
2078
2078
2078
2078
2078
2078
2078
2078
2078
2078
2078
2078
2078
2078
2078
2078
2078
2078
2078
2078
2078
2093
2101
2101
2107
2107
2116
2143
2156
2190
2190
2190
2190
2190
2190
2190
2190
2190
2190
2190
2190
2195
2195
2195
2195
2195
2195
2195
2195
2195
2195
2195
2195
2195
2195
2195
2195
2195
2195
2195
2195
2195
2195
2195
2245
2278
2278
2295
2295
2297
2318
2318
2332
2332
2332
2332
2332
2361
2369
2372
2372
2372
2372
2416
2416
2439
2439
2439
2439
2439
2439
2439
2454
2454
2454
2454
2476
2476
2476
2476
2476
2530
2530
2530
2530
2530
2530
2530
2530
2530
2530
2530
2549
2583
2583
2583
2583
2583
2625
2625
2625
2647
2647
2647
2647
2647
2673
2673
2754
2754
2754
2754
2754
2754
2754
2754
2754
2754
2754
2754
2754
2754
2754
2754
2754
2754
2754
2754
2754
2754
2754
2781
2787
2787
2787
2787
2787
2836
2853
2853
2853
2853
2853
2853
2853
2853
2853
2853
2853
2853
2853
2853
2853
2853
2853
2853
2853
2853
2853
2853
2853
2853
2853
2853
2853
2853
2853
2853
2853
2853
2853
2853
2853
2853
2853
2853
2853
2853
2853
2853
2853
2853
2853
2853
2853
2853
2853
2853
2853
2853
2853
2853
2853
2853
2853
2853
2853
2853
2853
2853
2853
2853
2853
2853
2853
2853
2853
2853
2853
2853
2853
2853
2853
2853
2853
2853
2853
2853
2853
2853
2853
2853
2853
2869
2869
2873
2873
2892
2892
2892
2892
2909
2909
2909
2909
2922
2922
2922
2922
2922
2922
2922
2922
2922
2922
2922
2922
2927
2927
2927
2927
2927
2927
2934
2934
2934
2934
2934
2934
2934
2934
2934
2934
2934
2934
2934
2934
2934
2934
2934
2934
2934
2934
2940
2947
2979
2979
2979
2979
2979
2979
2979
2979
2979
2979
2979
2979
2979
2979
2979
2979
2979
2979
2979
2979
2979
2979
2979
2979
2979
2979
2979
2979
2979
2979
2991
2991
3006
3006
3061
3062
3062
3074
3086
3086
3114
3114
3114
3114
3114
3134
3134
3134
3134
3192
3192
3200
3206
3206
3206
3206
3206
3209
3209
3209
3226
3226
3226
3226
3226
3226
3226
3226
3226
3226
3226
3226
3226
3226
3226
3226
3226
3226
3226
3226
3226
3226
3226
3226
3226
3226
3226
3226
3226
3226
3226
3226
3235
3235
3262
3262
3262
3262
3262
3262
3262
3262
3276
3276
3303
3303
3303
3316
3356
3356
3356
3356
3356
3356
3356
3356
3356
3377
3377
3377
3384
3384
3384
3384
3386
3393
3393
3393
3393
3393
3393
3393
3393
3443
3443
3451
3451
3451
3451
3476
3505
3505
3505
3516
3516
3558
3577
3577
3577
3577
3577
3583
3584
3607
3607
3607
3607
3612
3621
3628
3628
3659
3659
3659
3686
3686
3686
3686
3686
3686
3686
3686
3686
3686
3686
3686
3686
3686
3686
3686
3686
3686
3686
3686
3686
3686
3686
3686
3686
3686
3686
3686
3686
3686
3686
3686
3686
3686
3686
3686
3686
3686
3686
3686
3686
3686
3686
3686
3686
3686
3686
3686
3686
3686
3686
3686
3686
3686
3686
3686
3686
3686
3686
3686
3686
3686
3686
3686
3686
3686
3686
3686
3686
3686
3686
3686
3686
3686
3686
3686
3686
3686
3686
3686
3686
3686
3686
3686
3686
3686
3686
3686
3686
3686
3686
3686
3686
3686
3686
3686
3686
3686
3686
3686
3686
3686
3686
3686
3686
3686
3686
3686
3686
3686
3686
3686
3686
3695
3707
3709
3746
3755
3755
3755
3765
3765
3766
3766
3766
3766
3784
3784
3784
3784
3784
3784
3784
3784
3784
3784
3784
3784
3784
3784
3784
3784
3784
3784
3784
3784
3784
3784
3784
3784
3784
3784
3784
3784
3784
3784
3784
3784
3784
3784
3784
3784
3799
3799
3799
3799
3812
3812
3831
3831
3831
3831
3866
3877
3890
3890
3890
3913
3913
3913
3913
3913
3949
3956
3956
3977
3977
3977
3977
3977
3977
3977
3977
3977
3977
3977
3977
3977
3977
3977
3977
3977
3977
3977
3977
3977
3977
3977
3977
3977
3977
3977
3977
3977
3977
3977
3977
3977
3977
3977
3977
3977
3977
3977
3977
3977
3977
3977
3977
3977
3977
3977
3977
3977
3977
3977
3977
3977
3977
3977
3977
3977
3977
3977
3977
3977
3977
3977
3977
3977
3977
3977
3977
3977
3977
3977
3977
3977
3977
3977
3977
3977
3977
3977
3977
3977
3977
3977
3977
3977
3977
3977
3977
3977
3977
3977
3977
3977
3977
3977
3977
3977
3977
3977
3977
3977
3977
3977
3977
3977
3977
3977
3977
3977
3977
3977
3977
3977
3977
3977
3977
3977
3977
3977
3977
3977
3977
3977
3977
3977
3977
3977
3977
3977
3977
3977
3977
3977
3977
3977
3977
3977
3977
3977
3977
3977
3977
3977
3977
3977
3977
3977
3977
3977
3977
3977
3977
3977
3977
3977
3977
3977
3977
3977
3977
3977
3977
3977
3977
3977
3977
3977
3977
3977
3977
3977
3977
3977
3977
3977
3991
3991
3991
3991
3991
3991
3991
3991
3991
3991
3991
3991
3991
3991
3991
3991
3991
3991
3991
3991
3991
3991
3991
3991
3991
3991
3991
3991
3991
3991
3991
3991
3991
3991
3991
3991
3991
3991
3991
3991
4019
4019
4019
4039
4041
4041
4041
4041
4045
4060
4060
4067
4067
4067
4067
4077
4077
4088
4114
4114
4122
4122
4122
4122
4122
4127
4157
4157
4157
4161
4161
4162
4162
4162
4166
4166
4166
4166
4166
4166
4166
4184
4184
4184
4184
4184
4184
4184
4184
4184
4184
4184
4184
4184
4184
4184
4184
4184
4184
4184
4184
4184
4184
4184
4184
4208
4208
4208
4208
4248
4248
4248
4248
4248
4248
4248
4248
4248
4248
4248
4248
4248
4248
4248
4248
4248
4248
4248
4248
4248
4248
4248
4248
4248
4248
4248
4256
4256
4267
4291
4291
4291
4291
4291
4291
4291
4291
4303
4308
4314
4314
4322
4325
4325
4337
4337
4337
4337
4337
4337
4337
4337
4337
4337
4384
4384
4384
4415
4415
4415
4436
4436
4518
4528
4547
4547
4547
4547
4605
4605
4624
4624
4664
4664
4686
4691
4691
4691
4691
4691
4691
4691
4691
4691
4691
4691
4691
4691
4691
4691
4691
4691
4691
4691
4691
4691
4691
4691
4697
4745
4761
4761
4768
4768
4811
4811
4811
4811
4811
4811
4811
4811
4811
4811
4811
4811
4811
4811
4811
4811
4811
4836
4836
4836
4836
4882
4894
4894
4894
4894
4894
4894
4894
4894
4894
4894
4894
4894
4894
4894
4894
4894
4894
4894
4894
4894
4894
4894
4894
4894
4894
4894
4894
4894
4894
4894
4894
4894
4894
4894
4894
4894
4894
4894
4894
4894
4894
4894
4894
4894
4894
4894
4894
4894
4894
4894
4894
4894
4894
4894
4894
4894
4894
4894
4894
4894
4894
4894
4894
4894
4894
4894
4894
4894
4894
4894
4900
4922
4931
4931
4931
4931
4931
4931
4931
4931
4940
4960
4960
4960
4960
5018
5018
5018
5026
5026
5026
5041
5041
5072
5072
5072
5072
5072
5072
5072
5072
5072
5072
5072
5072
5072
5072
5072
5072
5072
5072
5072
5072
5072
5072
5072
5072
5072
5072
5072
5072
5072
5072
5072
5072
5072
5072
5072
5072
5072
5072
5072
5072
5072
5072
5072
5072
5072
5072
5072
5072
5072
5072
5072
5072
5072
5072
5072
5072
5072
5072
5072
5072
5072
5072
5072
5072
5072
5072
5072
5072
5072
5072
5072
5072
5072
5072
5072
5072
5072
5072
5072
5072
5072
5072
5072
5072
5072
5072
5072
5072
5072
5072
5072
5072
5072
5072
5072
5072
5072
5072
5072
5072
5072
5072
5072
5072
5072
5072
5072
5072
5072
5072
5072
5072
5072
5072
5072
5072
5072
5072
5072
5072
5072
5072
5072
5072
5072
5072
5072
5072
5072
5072
5072
5072
5072
5072
5072
5072
5072
5072
5072
5072
5072
5072
5072
5072
5072
5072
5072
5072
5072
5072
5072
5072
5072
5072
5072
5072
5072
5072
5072
5072
5078
5092
5092
5092
5092
5092
5092
5092
5092
5092
5092
5092
5092
5092
5092
5092
5092
5092
5092
5092
5092
5092
5092
5092
5092
5092
5137
5137
5137
5148
5148
5148
5148
5148
5148
5158
5158
5158
5158
5158
5158
5158
5158
5158
5158
5158
5158
5158
5158
5158
5158
5158
5158
5158
5158
5158
5158
5158
5158
5158
5158
5158
5158
5158
5158
5158
5158
5158
5158
5158
5158
5158
5171
5179
5179
5179
5195
5195
5195
5195
5195
5195
5199
5235
5278
5309
5309
5364
5364
5364
5364
5373
5373
5394
5399
5399
5399
5399
5399
5399
5399
5399
5418
5418
5449
5449
5449
5449
5449
5449
5449
5449
5449
5459
5476
5476
5476
5476
5476
5476
5476
5476
5476
5476
5476
5486
5486
5486
5532
5532
5546
5546
5546
5546
5546
5546
5546
5546
5546
5546
5546
5546
5546
5564
5565
5565
5565
5565
5565
5569
5605
5605
5605
5605
5619
5624
5664
5664
5664
5664
5664
5666
5666
5669
5669
5723
5767
5768
5768
5775
5844
5844
5874
5888
5888
5892
5892
5892
5892
5892
5892
5892
5892
5892
5892
5892
5892
5892
5892
5892
5892
5892
5892
5892
5892
5892
5892
5892
5892
5892
5892
5892
5892
5892
5892
5892
5922
5922
5922
5922
5922
5922
5922
5922
5922
5922
5922
5922
5922
5922
5922
5922
5922
5922
5922
5922
5922
5922
5922
5922
5922
5922
5922
5922
5922
5922
5922
5922
5922
5922
5950
5950
5950
5950
5950
5965
6033
6033
6033
6033
6033
6033
6033
6033
6033
6033
6033
6033
6033
6033
6033
6033
6033
6033
6033
6033
6033
6033
6033
6033
6033
6033
6033
6033
6033
6033
6033
6033
6033
6033
6033
6033
6033
6033
6033
6033
6033
6033
6033
6033
6033
6033
6033
6033
6033
6033
6033
6033
6033
6033
6033
6033
6033
6033
6033
6033
6033
6033
6033
6033
6033
6033
6033
6033
6033
6033
6033
6033
6033
6033
6033
6033
6033
6033
6033
6033
6033
6033
6033
6033
6033
6033
6033
6033
6033
6033
6033
6033
6033
6033
6033
6033
6033
6033
6033
6033
6033
6033
6033
6033
6033
6033
6033
6033
6033
6033
6033
6033
6033
6033
6033
6045
6072
6072
6091
6091
6106
6106
6111
6111
6115
6115
6115
6139
6139
6139
6139
6139
6141
6141
6141
6141
6159
6159
6182
6182
6182
6182
6188
6188
6188
6188
6199
6242
6243
6243
6243
6243
6243
6248
6248
6248
6248
6248
6248
6248
6248
6248
6248
6248
6248
6248
6248
6248
6248
6248
6248
6248
6248
6248
6248
6248
6248
6248
6248
6248
6248
6248
6248
6248
6248
6248
6248
6248
6248
6248
6248
6248
6248
6248
6248
6248
6248
6248
6248
6248
6248
6248
6248
6248
6248
6248
6248
6248
6248
6248
6248
6248
6248
6248
6248
6248
6248
6265
6265
6295
6295
6295
6295
6295
6295
6295
6295
6304
6304
6304
6304
6304
6326
6333
6333
6351
6351
6351
6351
6351
6351
6351
6351
6351
6351
6351
6351
6351
6351
6351
6351
6351
6351
6351
6363
6363
6371
6371
6371
6371
6371
6371
6371
6371
6371
6371
6371
6371
6371
6371
6371
6371
6371
6371
6371
6371
6371
6371
6371
6371
6371
6371
6371
6371
6371
6371
6371
6371
6371
6371
6371
6371
6371
6371
6371
6371
6371
6371
6418
6418
6418
6418
6418
6418
6418
6442
6442
6442
6442
6442
6442
6442
6453
6453
6478
6480
6480
6490
6533
6533
6533
6533
6533
6533
6533
6533
6533
6533
6533
6533
6533
6533
6533
6533
6533
6533
6533
6533
6533
6533
6533
6547
6547
6577
6577
6577
6591
6596
6609
6609
6609
6609
6609
6609
6609
6609
6616
6616
6616
6616
6616
6623
6623
6631
6631
6631
6631
6631
6663
6663
6663
6663
6663
6663
6753
6753
6765
6765
6781
6781
6781
6781
6781
6781
6781
6781
6787
6787
6787
6847
6847
6847
6847
6851
6851
6851
6851
6851
6851
6851
6851
6851
6851
6851
6851
6851
6851
6851
6851
6851
6851
6851
6851
6851
6851
6851
6851
6851
6851
6851
6851
6851
6851
6851
6851
6851
6851
6851
6851
6851
6851
6851
6851
6851
6851
6851
6851
6851
6851
6851
6851
6851
6851
6851
6851
6851
6851
6851
6851
6851
6851
6851
6851
6851
6851
6851
6851
6851
6851
6851
6851
6851
6851
6851
6851
6851
6851
6851
6851
6851
6851
6851
6851
6851
6851
6851
6851
6851
6851
6851
6851
6851
6851
6851
6851
6851
6851
6851
6879
6879
6879
6879
6879
6879
6879
6879
6879
6879
6879
6879
6879
6879
6879
6879
6879
6879
6879
6879
6879
6879
6879
6879
6879
6879
6879
6879
6879
6879
6879
6879
6879
6879
6879
6879
6879
6879
6879
6879
6879
6879
6879
6879
6879
6879
6879
6879
6879
6879
6879
6879
6879
6879
6879
6879
6879
6879
6879
6879
6879
6879
6879
6879
6879
6879
6879
6879
6879
6879
6879
6879
6879
6879
6879
6879
6879
6879
6879
6879
6879
6879
6879
6879
6879
6879
6879
6879
6879
6879
6879
6879
6879
6879
6879
6879
6879
6879
6879
6879
6879
6879
6879
6879
6879
6899
6899
6899
6899
6899
6899
6899
6899
6899
6899
6899
6899
6899
6899
6899
6899
6899
6899
6899
6899
6899
6899
6899
6899
6899
6920
6921
6921
6921
6921
6921
6921
6921
6927
6928
6928
6928
6928
6932
6932
6932
6932
6932
6932
6932
6932
6932
6932
6932
6932
6932
6932
6932
6932
6932
6932
6932
6932
6932
6932
6932
6932
6932
6932
6932
6932
6932
6932
6932
6932
6932
6932
6932
6932
6932
6932
6932
6932
6932
6932
6932
6932
6932
6932
6932
6932
6932
6932
6932
6932
6932
6932
6932
6932
6932
6932
6932
6932
6932
6932
6932
6932
6932
6932
6932
6932
6932
6932
6932
6932
6932
6932
6932
6932
6932
6932
6932
6932
6932
6932
6932
6932
6932
6932
6932
6932
6932
6932
6932
6932
6932
6932
6932
6932
6932
6932
6932
6932
6932
6932
6932
6932
6932
6932
6932
6974
6974
6974
6974
6974
6974
6974
6974
6974
6974
6974
6974
6974
6974
6974
6974
6974
6974
6974
6974
6974
6975
6975
6975
6984
7008
7008
7008
7008
7008
7008
7008
7008
7008
7008
7008
7008
7008
7008
7008
7008
7008
7008
7008
7008
7008
7008
7008
7035
7035
7035
7035
7035
7035
7035
7035
7035
7035
7035
7035
7059
7059
7059
7063
7063
7063
7063
7063
7063
7063
7066
7070
7070
7070
7070
7070
7070
7070
7070
7070
7070
7070
7070
7070
7070
7070
7070
7070
7070
7070
7070
7070
7070
7070
7070
7070
7098
7098
7109
7109
7109
7109
7109
7109
7126
7126
7126
7126
7126
7126
7126
7126
7126
7126
7126
7126
7126
7126
7126
7126
7126
7126
7126
7126
7126
7126
7126
7126
7126
7126
7126
7126
7126
7126
7126
7126
7126
7126
7126
7126
7126
7126
7126
7126
7195
7222
7222
7255
7255
7255
7255
7255
7255
7255
7255
7255
7255
7255
7255
7255
7255
7255
7255
7255
7255
7255
7255
7255
7255
7255
7255
7255
7255
7255
7255
7255
7255
7255
7255
7255
7255
7255
7255
7255
7255
7255
7255
7255
7255
7255
7255
7255
7255
7255
7255
7255
7255
7255
7255
7255
7255
7255
7255
7255
7255
7255
7255
7255
7255
7255
7255
7255
7255
7255
7255
7259
7259
7259
7259
7259
7259
7259
7259
7259
7259
7259
7259
7259
7259
7259
7259
7259
7259
7262
7262
7262
7262
7262
7262
7262
7262
7262
7262
7262
7262
7262
7262
7262
7262
7262
7262
7262
7262
7262
7262
7262
7262
7262
7262
7262
7262
7307
7314
7314
7314
7314
7314
7314
7314
7314
7314
7314
7314
7314
7314
7314
7314
7314
7333
7365
7365
7365
7365
7377
7379
7379
7379
7379
7379
7379
7394
7398
7398
7398
7398
7398
7398
7398
7398
7398
7398
7398
7398
7398
7398
7398
7398
7398
7398
7398
7398
7398
7398
7398
7398
7398
7398
7398
7398
7398
7398
7398
7398
7398
7398
7398
7398
7398
7398
7398
7398
7398
7398
7398
7398
7398
7398
7398
7398
7398
7398
7398
7398
7398
7398
7398
7398
7398
7398
7398
7398
7398
7398
7398
7398
7398
7398
7398
7398
7398
7398
7398
7398
7398
7398
7398
7398
7398
7398
7398
7398
7398
7398
7398
7398
7398
7398
7398
7398
7398
7398
7398
7398
7398
7398
7398
7398
7398
7398
7398
7398
7398
7398
7398
7398
7398
7398
7417
7457
7457
7457
7457
7457
7457
7457
7457
7457
7492
7496
7496
7496
7496
7496
7496
7496
7496
7496
7496
7496
7496
7496
7496
7496
7496
7496
7496
7496
7496
7496
7496
7496
7496
7534
7534
7534
7534
7534
7534
7534
7534
7534
7534
7534
7534
7534
7534
7534
7534
7534
7534
7534
7534
7534
7534
7534
7534
7534
7534
7534
7534
7534
7534
7534
7534
7534
7534
7534
7534
7534
7542
7542
7542
7542
7542
7542
7542
7542
7542
7542
7542
7542
7542
7542
7542
7542
7542
7542
7542
7542
7542
7542
7542
7542
7542
7542
7542
7542
7542
7542
7542
7542
7542
7542
7542
7542
7542
7542
7542
7542
7542
7542
7542
7542
7542
7542
7542
7542
7542
7542
7542
7542
7542
7542
7542
7542
7542
7542
7542
7542
7542
7564
7591
7591
7591
7591
7648
7648
7648
7648
7648
7648
7648
7648
7648
7648
7648
7648
7648
7648
7648
7648
7648
7648
7648
7648
7648
7648
7648
7648
7648
7648
7648
7648
7648
7648
7648
7648
7648
7648
7648
7648
7648
7648
7648
7648
7648
7648
7648
7648
7648
7648
7648
7648
7701
7701
7701
7701
7732
7732
7732
7732
7732
7732
7732
7732
7732
7732
7732
7732
7732
7760
7781
7781
7781
7830
7830
7844
7844
7844
7844
7844
7844
7844
7854
7854
7854
7854
7858
7901
7925
7925
7925
7925
7925
7925
7925
7925
7925
7925
7925
7925
7925
7925
7925
7925
7925
7925
7941
7941
7943
7943
7943
7949
7949
7951
7951
7951
7951
7953
7953
7991
7991
7991
7991
7991
7991
7991
7991
7991
7991
7991
7991
7991
7991
7991
7991
7991
7991
7991
7991
7991
7991
7991
7991
7991
7991
8007
8007
8007
8007
8007
8007
8023
8029
8029
8029
8029
8029
8029
8029
8029
8029
8029
8029
8029
8029
8029
8029
8029
8029
8029
8029
8029
8029
8029
8029
8029
8029
8029
8029
8029
8029
8029
8029
8029
8029
8029
8029
8029
8029
8029
8029
8029
8029
8029
8029
8029
8029
8029
8029
8029
8029
8029
8029
8029
8029
8029
8069
8069
8079
8079
8079
8079
8079
8079
8079
8079
8084
8084
8084
8084
8088
8089
8089
8089
8093
8093
8093
8123
8123
8123
8123
8126
8126
8126
8126
8126
8140
8140
8147
8147
8147
8147
8147
8147
8147
8181
8181
8197
8197
8197
8197
8197
8274
8274
8301
8301
8332
8336
8336
8336
8362
8362
8362
8362
8362
8362
8406
8406
8406
8406
8406
8406
8406
8406
8406
8406
8406
8406
8406
8406
8406
8406
8406
8406
8406
8406
8406
8406
8406
8406
8406
8406
8406
8406
8406
8406
8406
8406
8406
8406
8406
8406
8406
8406
8406
8406
8406
8406
8406
8406
8406
8406
8406
8406
8406
8406
8406
8406
8406
8406
8406
8406
8406
8406
8406
8406
8406
8406
8406
8406
8406
8435
8435
8435
8435
8450
8472
8472
8472
8472
8472
8472
8472
8472
8472
8472
8472
8472
8472
8472
8472
8472
8472
8472
8472
8474
8474
8474
8561
8561
8561
8561
8561
8561
8561
8561
8561
8561
8561
8561
8561
8561
8561
8561
8561
8561
8561
8561
8562
8564
8564
8579
8586
8586
8590
8590
8590
8590
8590
8590
8590
8590
8590
8590
8590
8590
8590
8590
8590
8590
8590
8590
8590
8590
8590
8590
8590
8590
8590
8590
8590
8590
8590
8590
8590
8590
8590
8590
8590
8590
8592
8609
8621
8649
8649
8649
8649
8649
8649
8649
8649
8649
8649
8649
8649
8649
8649
8649
8649
8649
8649
8649
8649
8649
8649
8649
8649
8649
8649
8649
8649
8649
8649
8649
8649
8649
8649
8649
8649
8649
8649
8649
8649
8649
8649
8649
8649
8649
8649
8649
8649
8649
8649
8649
8649
8649
8649
8649
8649
8649
8649
8649
8649
8649
8649
8649
8649
8649
8649
8649
8649
8649
8649
8649
8649
8649
8649
8649
8649
8649
8649
8649
8649
8649
8649
8649
8649
8649
8649
8649
8649
8649
8649
8689
8694
8694
8698
8698
8698
8698
8741
8741
8741
8741
8741
8741
8741
8741
8741
8761
8761
8778
8778
8778
8778
8778
8778
8778
8778
8778
8778
8778
8778
8778
8778
8778
8778
8778
8778
8778
8778
8778
8778
8778
8778
8778
8778
8778
8778
8778
8778
8778
8778
8778
8778
8778
8778
8778
8778
8778
8778
8778
8778
8778
8784
8784
8795
8797
8797
8797
8797
8807
8807
8807
8807
8807
8807
8807
8862
8862
8862
8862
8862
8862
8862
8862
8862
8862
8862
8864
8876
8880
8880
8880
8880
8880
8880
8880
8880
8880
8884
8902
8902
8902
8966
8966
8966
8966
8966
8996
8996
8996
8996
8996
8996
9001
9012
9012
9012
9012
9012
9012
9012
9012
9012
9012
9012
9012
9012
9012
9012
9020
9020
9020
9020
9020
9041
9041
9041
9041
9041
9041
9041
9041
9054
9057
9078
9094
9094
9094
9094
9108
9108
9108
9108
9108
9108
9108
9108
9139
9139
9179
9189
9189
9228
9228
9228
9228
9228
9228
9228
9228
9252
9252
9323
9323
9323
9323
9323
9323
9323
9323
9323
9323
9323
9323
9323
9323
9323
9323
9323
9323
9323
9323
9323
9323
9323
9323
9323
9323
9323
9323
9323
9323
9323
9323
9323
9323
9323
9323
9323
9323
9323
9323
9323
9323
9323
9323
9323
9323
9323
9323
9323
9323
9323
9323
9323
9323
9323
9323
9323
9323
9323
9323
9323
9323
9323
9323
9323
9323
9323
9323
9323
9323
9323
9323
9323
9323
9323
9323
9323
9323
9323
9323
9323
9323
9323
9323
9323
9323
9323
9323
9323
9323
9323
9323
9323
9349
9349
9371
9371
9371
9371
9371
9371
9371
9406
9406
9406
9406
9406
9406
9406
9406
9406
9406
9406
9406
9406
9406
9406
9406
9406
9406
9406
9406
9406
9406
9406
9406
9406
9406
9406
9406
9406
9406
9406
9406
9406
9406
9406
9406
9406
9406
9406
9406
9406
9406
9406
9406
9406
9406
9430
9439
9447
9447
9447
9447
9447
9447
9447
9452
9456
9456
9494
9506
9506
9538
9538
9538
9538
9538
9538
9538
9538
9538
9538
9538
9538
9538
9538
9538
9538
9538
9538
9538
9538
9538
9538
9538
9538
9538
9538
9538
9538
9554
9581
9581
9581
9581
9581
9581
9581
9581
9581
9581
9581
9581
9581
9582
9582
9582
9582
9608
9608
9621
9629
9629
9629
9629
9655
9655
9655
9655
9655
9655
9655
9655
9655
9655
9655
9655
9655
9662
9662
9685
9687
9687
9687
9701
9701
9701
9701
9716
9724
9728
9736
9736
9736
9736
9736
9736
9736
9736
9736
9736
9736
9736
9736
9736
9736
9736
9736
9736
9736
9736
9736
9736
9736
9736
9736
9736
9736
9736
9756
9756
9756
9756
9774
9796
9796
9796
9796
9796
9796
9796
9796
9796
9796
9796
9834
9841
9841
9841
9841
9841
9841
9841
9841
9841
9841
9841
9841
9841
9841
9847
9847
9847
9847
9847
9847
9847
9847
9868
9870
9870
9870
9870
9870
9870
9870
9891
9891
9891
9891
9891
9935
9945
9959
9959
9961
9961
9961
9961
9961
9961
9961
9961
9979
10002
10002
10016
10035
10035
10095
10095
10101
10114
10114
10114
10114
10114
10114
10114
10114
10114
10114
10114
10114
10114
10114
10114
10152
10152
10152
10152
10152
10152
10152
10152
10152
10152
10152
10152
10152
10152
10152
10152
10152
10152
10152
10152
10152
10152
10152
10152
10152
10152
10152
10152
10152
10152
10152
10152
10152
10152
10152
10152
10152
10152
10152
10152
10152
10152
10152
10152
10152
10152
10152
10152
10152
10152
10152
10152
10152
10152
10152
10152
10152
10152
10152
10152
10152
10152
10152
10152
10152
10152
10188
10188
10200
10200
10200
10200
10208
10208
10208
10215
10224
10224
10224
10224
10224
10224
10225
10225
10225
10225
10225
10225
10225
10225
10225
10242
10242
10291
10291
10412
10412
10412
10426
10426
10476
10476
10476
10477
10502
10540
10540
10560
10579
10579
10621
10621
10621
10621
10621
10621
10621
10621
10661
10661
10688
10688
10702
10724
10724
10724
10724
10724
10724
10724
10724
10724
10724
10724
10724
10724
10724
10725
10725
10742
10742
10746
10746
10746
10750
10750
10750
10750
10750
10750
10750
10750
10750
10750
10750
10750
10750
10750
10750
10750
10758
10758
10768
10768
10768
10768
10768
10773
10773
10773
10773
10773
10773
10773
10773
10773
10773
10773
10773
10795
10795
10795
10795
10795
10795
10795
10795
10795
10795
10795
10795
10800
10804
10813
10813
10848
10870
10870
10870
10870
10870
10893
10896
10896
10901
10901
10901
10901
10901
10901
10901
10901
10901
10901
10901
10901
10901
10901
10901
10901
10901
10901
10901
10901
10901
10901
10901
10901
10901
10901
10901
10901
10901
10901
10901
10901
10901
10901
10901
10901
10901
10901
10901
10901
10901
10901
10901
10901
10901
10901
10907
10947
10974
10974
10974
10974
10974
10974
10983
10983
10983
10983
10983
11006
11010
11016
11016
11016
11016
11016
11016
11016
11016
11016
11016
11016
11016
11016
11016
11016
11016
11016
11016
11016
11016
11016
11016
11016
11016
11016
11016
11016
11016
11016
11016
11016
11016
11016
11016
11016
11016
11016
11016
11016
11016
11016
11016
11016
11016
11016
11016
11016
11016
11016
11016
11016
11016
11016
11016
11016
11016
11016
11016
11016
11016
11016
11016
11016
11016
11016
11016
11016
11016
11016
11016
11016
11016
11016
11016
11016
11016
11016
11016
11016
11016
11016
11016
11016
11016
11016
11016
11016
11016
11041
11047
11047
11047
11047
11047
11047
11047
11047
11047
11047
11047
11047
11047
11047
11047
11047
11047
11047
11047
11047
11047
11047
11047
11047
11047
11047
11047
11047
11047
11047
11047
11047
11047
11047
11047
11055
11082
11082
11097
11097
11097
11097
11097
11097
11097
11097
11097
11097
11097
11097
11097
11097
11097
11097
11097
11097
11097
11097
11097
11097
11097
11097
11097
11097
11097
11097
11097
11097
11097
11097
11097
11097
11097
11097
11097
11097
11097
11097
11097
11097
11097
11097
11097
11097
11097
11097
11097
11097
11097
11097
11097
11097
11097
11097
11097
11097
11097
11097
11097
11097
11097
11097
11097
11097
11097
11097
11097
11097
11097
11097
11097
11097
11097
11097
11097
11097
11097
11097
11097
11097
11097
11097
11097
11097
11097
11097
11097
11097
11097
11097
11097
11097
11097
11097
11097
11097
11097
11097
11097
11097
11097
11097
11097
11097
11097
11097
11097
11097
11097
11097
11097
11097
11097
11097
11097
11097
11097
11097
11097
11097
11097
11097
11097
11097
11097
11097
11097
11097
11097
11097
11097
11097
11097
11097
11097
11097
11097
11097
11097
11097
11097
11097
11097
11097
11097
11097
11097
11097
11097
11097
11097
11097
11097
11097
11097
11097
11097
11097
11097
11097
11097
11097
11097
11097
11097
11097
11097
11097
11097
11097
11097
11097
11097
11097
11097
11097
11097
11097
11097
11097
11097
11097
11097
11097
11097
11097
11097
11097
11097
11097
11097
11097
11097
11097
11097
11097
11097
11097
11097
11097
11097
11097
11097
11097
11097
11097
11097
11097
11097
11097
11097
11097
11097
11097
11097
11097
11097
11097
11097
11097
11097
11097
11097
11097
11097
11097
11097
11097
11097
11097
11097
11097
11097
11097
11097
11097
11097
11097
11097
11097
11097
11097
11097
11097
11097
11097
11097
11097
11097
11097
11097
11097
11097
11097
11097
11097
11097
11097
11097
11097
11097
11097
11097
11097
11097
11097
11097
11097
11097
11097
11097
11097
11097
11097
11097
11097
11097
11097
11097
11097
11097
11097
11097
11097
11097
11097
11097
11097
11097
11097
11097
11097
11097
11097
11097
11097
11097
11097
11097
11097
11097
11097
11097
11097
11097
11097
11097
11097
11097
11097
11097
11097
11097
11097
11097
11097
11097
11097
11097
11097
11097
11097
11097
11097
11097
11097
11097
11097
11097
11097
11097
11097
11097
11097
11097
11097
11097
11097
11097
11097
11097
11097
11097
11097
11097
11097
11097
11097
11097
11097
11097
11097
11097
11097
11097
11097
11097
11097
11097
11097
11097
11097
11097
11097
11097
11097
11097
11097
11097
11097
11097
11097
11097
11097
11097
11097
11097
11097
11097
11097
11097
11097
11097
11097
11097
11097
11097
11097
11097
11097
11097
11097
11097
11097
11097
11097
11097
11097
11097
11097
11097
11097
11097
11097
11097
11097
11097
11097
11097
11097
11097
11097
11097
11097
11097
11097
11097
11097
11097
11097
11097
11097
11097
11097
11097
11097
11097
11097
11097
11097
11097
11097
11097
11097
11111
11121
11138
11138
11138
11138
11138
11138
11138
11138
11138
11138
11138
11138
11138
11138
11155
11155
11155
11155
11155
11155
11155
11155
11155
11155
11155
11155
11155
11155
11155
11155
11155
11155
11155
11155
11155
11155
11155
11155
11155
11155
11155
11155
11155
11155
11155
11155
11155
11155
11155
11155
11155
11155
11183
11183
11183
11183
11183
11190
11190
11214
11214
11214
11214
11214
11220
11220
11220
11220
11220
11220
11220
11220
11220
11220
11220
11220
11220
11220
11220
11267
11267
11277
11277
11277
11277
11277
11277
11277
11277
11294
11294
11294
11294
11294
11294
11294
11295
11307
11307
11307
11307
11307
11313
11313
11313
11313
11313
11313
11371
11381
11381
11381
11381
11381
11381
11381
11381
11381
11399
11399
11399
11399
11399
11399
11416
11416
11416
11464
11464
11477
11477
11480
11497
11497
11497
11497
11497
11497
11497
11516
11516
11516
11516
11516
11516
11516
11516
11516
11516
11516
11516
11516
11516
11516
11516
11516
11516
11516
11516
11516
11516
11516
11516
11516
11516
11516
11516
11516
11516
11516
11516
11516
11516
11516
11516
11516
11516
11516
11516
11516
11516
11516
11516
11516
11516
11516
11516
11516
11516
11516
11516
11516
11516
11516
11516
11516
11516
11516
11516
11516
11516
11516
11516
11516
11516
11516
11516
11516
11516
11516
11516
11516
11516
11516
11516
11516
11516
11516
11516
11516
11516
11516
11516
11516
11516
11516
11516
11516
11516
11516
11516
11516
11516
11516
11516
11516
11516
11516
11516
11516
11516
11516
11516
11520
11520
11520
11545
11545
11545
11545
11545
11545
11554
11562
11562
11562
11579
11582
11582
11582
11582
11582
11582
11582
11582
11582
11582
11582
11582
11582
11582
11582
11582
11582
11582
11582
11582
11582
11582
11582
11582
11582
11582
11582
11582
11582
11582
11582
11582
11582
11582
11582
11582
11582
11582
11582
11582
11582
11582
11582
11582
11582
11623
11629
11629
11629
11629
11629
11629
11629
11629
11629
11629
11629
11629
11629
11629
11629
11629
11629
11629
11629
11634
11634
11634
11634
11656
11656
11687
11693
11693
11693
11693
11711
11711
11717
11717
11763
11763
11763
11763
11763
11763
11763
11763
11763
11763
11763
11763
11763
11763
11763
11773
11773
11781
11781
11781
11794
11795
11795
11795
11795
11795
11795
11795
11795
11795
11795
11795
11795
11798
11799
11799
11799
11799
11813
11813
11813
11813
11813
11813
11813
11813
11813
11813
11813
11813
11813
11813
11813
11813
11813
11813
11813
11837
11857
11857
11857
11857
11857
11857
11857
11857
11872
11872
11872
11892
11892
11892
11899
11899
11899
11923
11923
11923
11923
11923
11923
11923
11923
11923
11923
11923
11923
11923
11923
11923
11923
11923
11923
11923
11923
11927
11929
11929
11976
11976
11976
11988
11988
11988
11988
11988
11988
11988
11988
11991
11991
12003
12015
12028
12028
12035
12035
12035
12035
12035
12035
12035
12035
12035
12035
12035
12035
12035
12043
12050
12050
12050
12050
12050
12050
12050
12050
12050
12050
12050
12050
12050
12050
12050
12050
12050
12050
12050
12050
12050
12050
12050
12050
12050
12050
12050
12050
12050
12050
12050
12055
12055
12078
12078
12094
12120
12120
12120
12120
12139
12139
12139
12169
12181
12181
12181
12181
12181
12187
12187
12187
12187
12187
12187
12187
12187
12187
12187
12187
12187
12187
12187
12187
12187
12187
12187
12187
12187
12187
12187
12187
12187
12187
12187
12187
12187
12210
12210
12219
12219
12219
12219
12219
12219
12219
12219
12219
12219
12219
12219
12219
12219
12219
12219
12219
12219
12219
12219
12219
12219
12219
12219
12219
12219
12219
12219
12219
12219
12219
12219
12219
12219
12219
12219
12219
12219
12219
12219
12219
12219
12219
12219
12219
12219
12219
12219
12219
12219
12219
12219
12219
12219
12219
12219
12219
12219
12219
12219
12219
12219
12219
12219
12219
12219
12219
12219
12219
12219
12219
12219
12219
12219
12219
12219
12219
12219
12219
12219
12219
12219
12219
12219
12219
12219
12219
12219
12219
12219
12219
12219
12219
12219
12219
12219
12219
12219
12219
12219
12219
12219
12219
12219
12219
12219
12219
12219
12219
12219
12219
12219
12219
12219
12219
12219
12219
12219
12219
12219
12219
12219
12219
12219
12219
12219
12219
12219
12219
12219
12219
12219
12219
12219
12219
12219
12219
12219
12219
12219
12219
12219
12219
12219
12219
12219
12219
12219
12219
12219
12219
12219
12219
12219
12219
12219
12219
12219
12219
12219
12219
12219
12219
12219
12219
12219
12219
12219
12219
12219
12219
12219
12219
12219
12219
12219
12219
12219
12219
12219
12219
12219
12219
12219
12219
12219
12219
12219
12219
12219
12219
12219
12219
12219
12219
12219
12219
12219
12219
12219
12219
12219
12219
12219
12219
12219
12219
12219
12219
12219
12219
12219
12219
12219
12230
12230
12230
12230
12230
12230
12230
12230
12230
12233
12233
12233
12233
12265
12268
12268
12281
12281
12281
12281
12281
12281
12281
12281
12281
12281
12281
12281
12281
12281
12281
12281
12295
12295
12303
12303
12303
12303
12303
12305
12305
12305
12305
12312
12326
12328
12328
12331
12331
12331
12346
12346
12346
12346
12346
12346
12346
12346
12346
12346
12346
12367
12373
12383
12416
12416
12416
12416
12433
12433
12433
12433
12433
12443
12445
12445
12445
12445
12445
12445
12445
12445
12445
12445
12445
12445
12445
12445
12445
12445
12445
12445
12445
12445
12445
12445
12445
12445
12459
12459
12459
12480
12483
12483
12483
12483
12483
12483
12483
12483
12483
12483
12483
12483
12483
12483
12483
12483
12483
12483
12483
12483
12483
12483
12483
12483
12483
12483
