30
34
34
40
56
56
58
58
69
70
72
72
72
72
75
82
82
88
97
97
109
113
113
113
113
129
129
138
138
149
149
153
168
168
169
177
177
177
181
181
181
212
212
212
212
238
240
252
252
270
273
280
282
301
301
309
309
337
344
344
344
344
374
381
381
386
386
386
401
401
411
419
419
430
457
457
457
466
466
475
475
506
506
511
511
517
529
529
539
541
541
543
553
556
556
559
580
580
597
597
597
603
607
609
614
614
621
622
631
631
631
631
644
645
648
652
652
655
655
658
661
661
667
683
688
693
695
695
716
721
734
744
754
766
771
773
773
773
789
794
818
825
825
830
835
835
846
846
846
846
854
854
854
854
854
854
854
854
854
854
854
854
854
854
854
854
854
854
854
854
854
854
854
854
854
854
854
854
854
854
854
854
854
854
854
854
854
854
854
854
854
854
854
854
854
854
854
854
854
854
854
854
854
854
854
854
854
854
854
854
854
854
854
854
854
854
854
854
854
854
854
854
854
854
854
854
854
854
854
854
854
854
854
854
854
854
854
854
854
854
854
854
854
854
854
854
854
854
854
854
854
854
854
854
854
854
854
854
854
854
854
854
854
854
854
854
854
854
854
854
854
854
854
854
854
854
854
854
854
854
854
854
854
854
854
854
854
854
854
854
854
854
854
854
854
854
854
854
854
854
854
854
854
854
854
854
854
854
861
861
861
861
861
861
861
861
861
861
875
892
892
892
892
892
894
894
894
894
894
907
907
907
907
907
907
907
907
907
907
907
907
907
941
942
942
942
949
949
949
949
949
949
949
993
1018
1018
1018
1018
1018
1018
1018
1018
1018
1018
1018
1018
1018
1018
1018
1018
1018
1018
1018
1018
1018
1018
1018
1018
1018
1018
1018
1018
1018
1018
1018
1018
1018
1018
1018
1018
1018
1018
1018
1018
1018
1018
1018
1018
1018
1018
1018
1018
1018
1018
1018
1018
1018
1018
1018
1018
1018
1018
1018
1018
1018
1018
1018
1018
1018
1018
1018
1018
1018
1018
1018
1018
1018
1018
1018
1018
1018
1018
1018
1018
1018
1018
1018
1018
1018
1018
1018
1018
1018
1018
1018
1018
1018
1018
1018
1018
1018
1018
1018
1018
1018
1018
1018
1018
1018
1018
1018
1018
1018
1018
1018
1018
1018
1018
1018
1018
1018
1018
1018
1018
1018
1018
1018
1018
1018
1018
1018
1018
1018
1018
1018
1018
1018
1018
1018
1018
1018
1018
1018
1018
1018
1018
1018
1018
1018
1018
1018
1018
1018
1018
1018
1018
1018
1018
1018
1018
1018
1018
1018
1018
1018
1018
1018
1018
1018
1018
1018
1018
1018
1018
1018
1018
1018
1018
1018
1018
1018
1018
1018
1018
1018
1018
1018
1018
1018
1018
1018
1018
1018
1018
1018
1018
1018
1018
1018
1018
1018
1018
1018
1018
1018
1018
1018
1018
1018
1018
1018
1018
1018
1018
1018
1018
1018
1018
1018
1018
1018
1018
1018
1018
1018
1018
1018
1018
1018
1018
1018
1018
1022
1022
1031
1031
1031
1031
1031
1031
1031
1031
1036
1036
1036
1036
1036
1036
1036
1036
1036
1036
1041
1041
1058
1058
1058
1058
1058
1058
1058
1058
1058
1058
1058
1058
1058
1058
1058
1058
1058
1058
1058
1058
1058
1058
1058
1058
1058
1058
1058
1058
1058
1058
1058
1058
1058
1058
1058
1058
1058
1058
1058
1058
1058
1058
1058
1058
1058
1058
1058
1058
1058
1058
1058
1058
1058
1058
1058
1058
1058
1058
1058
1058
1058
1058
1058
1058
1058
1058
1058
1058
1058
1058
1058
1058
1058
1058
1058
1058
1058
1058
1058
1058
1058
1058
1058
1058
1058
1058
1058
1058
1058
1058
1058
1058
1058
1058
1058
1058
1058
1058
1058
1058
1058
1058
1058
1058
1058
1058
1058
1058
1058
1058
1058
1058
1058
1058
1058
1058
1058
1058
1058
1058
1058
1058
1058
1058
1058
1058
1058
1058
1058
1067
1096
1096
1107
1107
1108
1108
1108
1108
1108
1108
1108
1108
1108
1108
1108
1108
1108
1108
1108
1108
1108
1108
1108
1108
1108
1108
1108
1108
1108
1108
1108
1108
1108
1108
1108
1108
1108
1108
1108
1108
1108
1108
1108
1108
1108
1108
1108
1108
1108
1108
1108
1108
1108
1108
1108
1108
1108
1108
1108
1108
1108
1108
1108
1108
1108
1108
1108
1108
1118
1140
1140
1140
1140
1140
1140
1140
1140
1140
1140
1140
1140
1140
1142
1166
1166
1166
1211
1211
1241
1241
1241
1241
1241
1241
1241
1241
1241
1241
1245
1245
1245
1245
1245
1245
1245
1245
1245
1245
1245
1245
1245
1245
1245
1245
1245
1245
1245
1245
1245
1245
1245
1245
1245
1245
1245
1245
1245
1245
1245
1245
1245
1245
1245
1245
1245
1245
1245
1245
1245
1245
1245
1245
1245
1245
1245
1245
1245
1245
1245
1245
1245
1245
1245
1245
1245
1245
1245
1245
1245
1245
1245
1245
1245
1245
1245
1245
1245
1245
1245
1245
1245
1245
1245
1245
1245
1245
1245
1245
1245
1245
1245
1245
1245
1245
1245
1245
1245
1245
1245
1245
1245
1245
1245
1245
1245
1245
1245
1245
1245
1245
1245
1245
1245
1245
1245
1245
1245
1245
1245
1245
1245
1245
1245
1245
1245
1245
1245
1245
1245
1245
1245
1245
1245
1245
1245
1245
1245
1245
1245
1245
1245
1245
1245
1245
1245
1245
1245
1245
1245
1245
1245
1245
1245
1245
1245
1245
1245
1245
1245
1245
1245
1245
1245
1245
1245
1245
1245
1245
1245
1245
1245
1245
1245
1245
1245
1245
1245
1245
1245
1258
1258
1258
1258
1258
1273
1273
1273
1302
1302
1302
1302
1302
1302
1302
1302
1302
1302
1319
1319
1319
1350
1350
1350
1350
1350
1350
1350
1350
1350
1350
1350
1350
1350
1350
1350
1350
1350
1350
1350
1350
1350
1350
1350
1350
1352
1365
1421
1421
1421
1421
1421
1421
1421
1421
1421
1421
1428
1428
1428
1428
1428
1433
1433
1433
1433
1433
1433
1433
1433
1433
1433
1433
1433
1433
1433
1433
1433
1433
1433
1433
1433
1433
1433
1443
1443
1443
1477
1477
1477
1477
1477
1477
1477
1477
1477
1477
1477
1477
1477
1477
1477
1477
1477
1477
1477
1477
1477
1477
1477
1477
1477
1477
1477
1477
1477
1477
1477
1477
1477
1477
1477
1477
1477
1477
1477
1477
1477
1477
1477
1477
1477
1477
1477
1477
1477
1477
1477
1477
1477
1477
1477
1477
1477
1477
1477
1477
1477
1477
1477
1477
1477
1477
1477
1477
1477
1477
1477
1477
1477
1477
1477
1477
1477
1477
1477
1477
1477
1477
1477
1477
1477
1477
1477
1477
1477
1477
1477
1477
1477
1477
1477
1477
1477
1477
1477
1477
1477
1477
1477
1477
1477
1477
1477
1477
1477
1480
1483
1483
1483
1483
1483
1483
1483
1483
1483
1483
1483
1483
1483
1483
1483
1483
1483
1483
1483
1483
1490
1490
1508
1508
1508
1508
1508
1508
1508
1508
1508
1508
1508
1508
1508
1508
1508
1508
1508
1508
1508
1508
1508
1508
1508
1508
1508
1508
1508
1508
1508
1508
1523
1523
1523
1540
1540
1540
1540
1540
1548
1548
1561
1561
1561
1561
1561
1561
1561
1561
1561
1561
1561
1561
1561
1561
1561
1561
1561
1561
1561
1561
1561
1561
1561
1561
1561
1561
1561
1561
1561
1564
1596
1596
1596
1647
1664
1672
1697
1697
1697
1697
1697
1697
1697
1697
1697
1697
1697
1697
1697
1697
1697
1697
1697
1697
1697
1697
1697
1697
1721
1721
1721
1721
1721
1721
1721
1721
1731
1746
1746
1746
1746
1746
1746
1746
1746
1746
1746
1746
1746
1746
1746
1756
1756
1756
1756
1756
1756
1756
1756
1756
1756
1756
1756
1756
1756
1756
1756
1756
1756
1756
1756
1756
1756
1756
1756
1756
1756
1756
1756
1756
1756
1756
1756
1756
1756
1756
1756
1756
1756
1756
1756
1756
1756
1756
1769
1769
1769
1769
1787
1799
1815
1815
1815
1815
1815
1832
1857
1863
1863
1863
1863
1873
1873
1873
1886
1892
1892
1892
1892
1909
1909
1909
1909
1916
1916
1947
1947
1964
1964
1971
1971
1971
1971
1971
2023
2031
2031
2031
2031
2031
2031
2031
2031
2031
2031
2031
2031
2031
2031
2031
2031
2031
2031
2031
2031
2031
2031
2031
2031
2031
2031
2031
2042
2042
2049
2049
2075
2075
2075
2083
2083
2083
2083
2083
2083
2083
2083
2083
2083
2083
2083
2083
2083
2083
2092
2092
2125
2125
2129
2129
2129
2129
2129
2129
2129
2129
2129
2129
2129
2129
2129
2129
2129
2129
2129
2129
2129
2129
2129
2129
2129
2129
2129
2129
2129
2129
2129
2162
2162
2164
2164
2164
2164
2164
2164
2164
2164
2164
2164
2164
2164
2164
2164
2164
2182
2191
2191
2191
2191
2191
2191
2191
2191
2191
2191
2191
2191
2191
2191
2191
2191
2191
2191
2191
2191
2191
2191
2191
2191
2191
2191
2191
2191
2191
2191
2191
2191
2191
2191
2191
2191
2191
2191
2191
2191
2191
2191
2191
2191
2191
2191
2191
2191
2191
2191
2191
2191
2191
2191
2191
2194
2194
2194
2198
2202
2202
2202
2247
2247
2247
2247
2247
2247
2247
2247
2247
2247
2247
2247
2247
2267
2267
2273
2273
2290
2302
2347
2347
2347
2365
2365
2365
2365
2365
2365
2365
2365
2365
2365
2365
2365
2365
2365
2365
2365
2365
2365
2365
2365
2365
2365
2365
2365
2365
2365
2365
2365
2365
2365
2365
2365
2365
2365
2365
2365
2365
2365
2365
2365
2365
2365
2365
2365
2365
2365
2365
2365
2365
2365
2365
2365
2365
2365
2365
2365
2365
2365
2365
2365
2365
2365
2365
2365
2365
2365
2365
2365
2365
2365
2365
2365
2365
2365
2365
2365
2367
2369
2369
2369
2369
2369
2369
2369
2369
2369
2369
2369
2369
2369
2369
2369
2369
2369
2369
2369
2369
2369
2369
2369
2369
2369
2369
2369
2369
2369
2417
2417
2417
2417
2417
2417
2417
2417
2417
2423
2423
2423
2423
2436
2436
2436
2436
2436
2436
2436
2436
2436
2456
2456
2456
2456
2481
2481
2481
2481
2481
2481
2481
2481
2481
2481
2481
2509
2509
2509
2509
2509
2509
2509
2509
2509
2509
2509
2509
2509
2509
2509
2509
2509
2509
2509
2509
2509
2509
2509
2509
2509
2509
2509
2509
2509
2509
2509
2509
2509
2509
2509
2509
2509
2509
2509
2509
2509
2509
2509
2509
2509
2509
2509
2509
2509
2509
2509
2509
2509
2509
2509
2509
2509
2509
2509
2509
2509
2509
2509
2509
2509
2509
2509
2509
2509
2509
2509
2509
2509
2509
2509
2509
2509
2509
2509
2509
2509
2509
2509
2509
2509
2509
2509
2509
2509
2509
2509
2509
2509
2509
2509
2509
2509
2509
2509
2509
2509
2509
2509
2509
2509
2509
2509
2509
2509
2509
2509
2509
2509
2509
2509
2509
2509
2509
2509
2509
2509
2509
2509
2509
2509
2509
2509
2509
2509
2509
2509
2509
2509
2509
2509
2509
2509
2509
2509
2509
2509
2509
2509
2509
2509
2509
2509
2509
2509
2509
2509
2509
2509
2509
2509
2509
2509
2509
2509
2509
2509
2509
2509
2509
2509
2509
2509
2509
2509
2509
2509
2509
2509
2509
2509
2509
2509
2509
2509
2509
2509
2509
2509
2509
2509
2509
2509
2509
2509
2509
2509
2509
2509
2509
2509
2509
2509
2509
2509
2509
2509
2509
2509
2509
2509
2509
2509
2509
2509
2509
2509
2509
2509
2509
2509
2509
2513
2513
2513
2513
2513
2514
2514
2550
2550
2550
2550
2550
2550
2550
2550
2550
2563
2563
2563
2563
2563
2563
2563
2563
2563
2563
2563
2563
2563
2563
2563
2563
2563
2563
2563
2576
2576
2576
2576
2576
2576
2576
2576
2576
2576
2576
2576
2576
2576
2576
2576
2599
2599
2599
2599
2599
2599
2599
2599
2599
2599
2599
2599
2599
2599
2599
2630
2679
2679
2679
2679
2679
2679
2679
2679
2679
2693
2697
2697
2697
2697
2697
2701
2701
2701
2701
2701
2728
2728
2728
2728
2728
2728
2728
2728
2728
2728
2728
2728
2728
2728
2728
2728
2728
2728
2728
2728
2728
2728
2728
2728
2728
2728
2728
2728
2728
2728
2728
2728
2728
2728
2728
2728
2728
2728
2728
2728
2728
2728
2728
2728
2728
2728
2728
2728
2728
2728
2728
2728
2728
2728
2728
2728
2728
2728
2728
2728
2728
2728
2728
2728
2728
2728
2741
2741
2741
2773
2773
2773
2773
2773
2773
2773
2773
2773
2773
2773
2773
2773
2773
2773
2773
2773
2773
2773
2773
2773
2773
2773
2773
2773
2773
2773
2773
2773
2773
2773
2773
2773
2773
2773
2773
2773
2773
2773
2773
2773
2773
2773
2773
2773
2773
2773
2773
2773
2773
2773
2773
2773
2773
2773
2773
2773
2773
2773
2773
2773
2773
2773
2773
2773
2773
2773
2773
2773
2773
2773
2773
2773
2773
2773
2773
2773
2773
2773
2773
2773
2773
2773
2773
2773
2773
2773
2773
2773
2773
2773
2773
2773
2773
2773
2773
2773
2773
2773
2773
2773
2773
2773
2773
2773
2773
2773
2773
2773
2773
2773
2785
2785
2785
2785
2785
2785
2815
2819
2819
2819
2819
2819
2819
2819
2819
2819
2819
2819
2819
2819
2819
2819
2819
2819
2819
2819
2819
2819
2819
2819
2819
2819
2819
2819
2819
2819
2819
2819
2819
2819
2819
2819
2819
2819
2819
2819
2819
2819
2819
2819
2819
2819
2819
2819
2819
2819
2819
2819
2819
2819
2819
2819
2819
2819
2819
2819
2819
2819
2819
2819
2819
2819
2819
2819
2819
2819
2819
2819
2819
2819
2819
2819
2819
2819
2819
2819
2819
2819
2819
2819
2819
2819
2819
2819
2819
2819
2819
2819
2819
2819
2819
2819
2819
2819
2819
2819
2819
2819
2819
2819
2819
2819
2819
2819
2819
2819
2819
2819
2819
2819
2819
2819
2819
2819
2819
2819
2819
2819
2819
2819
2819
2819
2819
2819
2819
2819
2819
2819
2819
2819
2819
2819
2819
2819
2819
2819
2819
2819
2819
2819
2819
2819
2819
2819
2819
2819
2819
2819
2819
2819
2819
2819
2819
2819
2819
2819
2819
2819
2819
2819
2819
2819
2819
2819
2819
2819
2819
2819
2819
2819
2819
2819
2819
2819
2819
2819
2819
2819
2819
2819
2819
2819
2819
2819
2819
2819
2819
2819
2819
2819
2819
2819
2819
2819
2819
2819
2819
2819
2819
2819
2819
2819
2819
2819
2819
2819
2819
2819
2819
2819
2819
2819
2819
2819
2819
2819
2819
2819
2819
2819
2819
2819
2819
2819
2819
2819
2819
2819
2819
2819
2819
2819
2819
2819
2819
2819
2819
2819
2819
2819
2819
2819
2819
2819
2819
2819
2819
2819
2819
2819
2819
2819
2819
2819
2819
2819
2819
2819
2819
2819
2819
2819
2819
2819
2819
2819
2819
2819
2819
2819
2819
2819
2819
2819
2819
2819
2819
2819
2819
2828
2828
2853
2853
2853
2853
2853
2853
2853
2853
2892
2892
2892
2896
2896
2896
2896
2906
2906
2906
2906
2906
2932
2955
2955
2955
2955
2955
2955
2955
2955
2955
2955
2955
2955
2955
2955
2955
2955
2955
2955
2955
2955
2955
2955
2981
2981
2981
2981
2981
2981
2981
2981
2981
2981
2981
2981
2981
2981
2981
2991
2991
3013
3013
3055
3055
3124
3124
3124
3124
3124
3124
3124
3124
3124
3124
3124
3124
3137
3153
3175
3175
3175
3175
3175
3175
3175
3175
3175
3175
3175
3175
3175
3175
3175
3175
3175
3175
3175
3175
3175
3175
3175
3175
3175
3175
3175
3175
3175
3175
3175
3175
3175
3175
3175
3175
3205
3205
3205
3205
3205
3205
3205
3205
3205
3205
3205
3205
3230
3230
3230
3230
3230
3230
3230
3230
3230
3230
3230
3246
3246
3246
3246
3246
3246
3300
3300
3300
3300
3300
3300
3300
3300
3300
3300
3300
3300
3300
3300
3327
3327
3327
3327
3327
3327
3327
3327
3327
3327
3327
3338
3355
3355
3375
3375
3375
3375
3375
3375
3375
3375
3375
3375
3375
3375
3375
3375
3375
3375
3375
3375
3375
3375
3375
3375
3375
3375
3375
3375
3375
3375
3375
3375
3375
3375
3375
3375
3375
3375
3375
3375
3388
3388
3388
3388
3388
3388
3446
3446
3446
3446
3446
3446
3446
3446
3446
3446
3446
3446
3446
3446
3446
3446
3446
3446
3446
3446
3446
3446
3446
3446
3446
3446
3446
3446
3446
3446
3446
3446
3446
3446
3446
3446
3446
3446
3446
3446
3446
3446
3446
3446
3446
3446
3446
3446
3446
3446
3446
3446
3446
3446
3446
3446
3446
3446
3446
3446
3446
3446
3446
3446
3446
3446
3446
3446
3446
3446
3446
3446
3446
3446
3446
3446
3446
3446
3446
3446
3446
3446
3446
3446
3446
3446
3446
3446
3446
3446
3446
3446
3446
3446
3446
3446
3446
3446
3446
3446
3446
3446
3446
3446
3446
3446
3446
3446
3446
3446
3446
3446
3446
3446
3446
3446
3446
3446
3446
3446
3446
3446
3446
3446
3446
3446
3446
3446
3446
3446
3446
3446
3446
3446
3446
3446
3446
3446
3446
3446
3446
3446
3446
3446
3446
3446
3446
3446
3446
3446
3446
3446
3446
3446
3446
3446
3458
3467
3467
3497
3498
3498
3498
3498
3498
3498
3498
3498
3498
3498
3506
3512
3512
3512
3512
3512
3512
3512
3512
3512
3512
3512
3512
3512
3512
3512
3512
3512
3512
3512
3512
3512
3512
3512
3512
3512
3512
3512
3512
3512
3512
3512
3512
3512
3512
3512
3512
3512
3512
3512
3512
3512
3512
3512
3512
3512
3512
3512
3512
3512
3512
3512
3512
3512
3512
3512
3512
3512
3512
3512
3512
3512
3512
3512
3512
3512
3512
3512
3512
3512
3512
3512
3512
3512
3512
3512
3512
3512
3512
3512
3512
3512
3512
3512
3512
3512
3512
3512
3512
3512
3512
3512
3512
3512
3512
3512
3512
3512
3512
3512
3512
3512
3512
3512
3512
3512
3512
3512
3512
3512
3512
3512
3512
3512
3512
3512
3512
3512
3512
3512
3512
3512
3512
3512
3512
3512
3512
3512
3512
3512
3512
3512
3512
3512
3512
3512
3512
3512
3512
3512
3512
3512
3512
3512
3512
3512
3512
3512
3512
3512
3512
3512
3512
3512
3512
3512
3512
3512
3512
3512
3512
3512
3512
3512
3512
3512
3512
3512
3512
3512
3512
3512
3512
3512
3512
3512
3512
3512
3512
3512
3512
3512
3512
3512
3512
3512
3512
3512
3512
3512
3512
3525
3531
3531
3531
3547
3547
3547
3547
3547
3547
3547
3547
3547
3547
3547
3547
3547
3564
3564
3564
3564
3564
3564
3564
3564
3564
3564
3564
3564
3564
3564
3564
3564
3564
3564
3564
3564
3564
3564
3564
3564
3564
3564
3564
3564
3564
3564
3564
3564
3564
3564
3564
3564
3564
3564
3564
3564
3564
3564
3564
3564
3564
3564
3564
3564
3564
3564
3564
3564
3564
3564
3564
3564
3564
3564
3564
3564
3564
3564
3564
3564
3564
3564
3564
3564
3564
3564
3564
3564
3564
3564
3564
3564
3564
3564
3564
3564
3564
3564
3564
3564
3564
3564
3564
3564
3564
3564
3564
3564
3564
3564
3564
3564
3564
3564
3564
3564
3564
3564
3564
3564
3564
3564
3564
3580
3589
3630
3630
3630
3630
3630
3630
3630
3630
3630
3630
3630
3630
3630
3630
3630
3630
3630
3630
3630
3630
3630
3630
3646
3646
3646
3646
3646
3646
3646
3646
3679
3719
3735
3742
3747
3747
3747
3747
3755
3761
3797
3797
3797
3839
3839
3839
3889
3889
3889
3903
3903
3932
3950
4014
4014
4014
4014
4014
4014
4014
4014
4014
4014
4014
4014
4014
4014
4014
4014
4014
4014
4014
4014
4014
4014
4014
4014
4014
4014
4014
4014
4014
4014
4014
4014
4014
4014
4014
4014
4014
4014
4014
4014
4014
4014
4014
4014
4014
4014
4014
4014
4014
4014
4014
4014
4014
4014
4014
4014
4014
4014
4014
4014
4014
4014
4014
4014
4014
4014
4014
4014
4014
4014
4014
4014
4014
4014
4014
4014
4014
4014
4014
4014
4014
4014
4014
4014
4014
4014
4014
4014
4014
4014
4014
4014
4014
4014
4014
4014
4014
4014
4014
4014
4014
4014
4014
4014
4014
4014
4014
4014
4014
4014
4014
4014
4014
4014
4014
4014
4014
4014
4014
4014
4014
4014
4014
4014
4014
4014
4014
4014
4014
4014
4014
4014
4014
4014
4014
4014
4014
4014
4014
4014
4014
4014
4014
4014
4014
4014
4014
4014
4014
4014
4014
4014
4014
4014
4014
4014
4014
4014
4014
4014
4014
4014
4014
4014
4014
4014
4014
4014
4014
4014
4014
4014
4014
4014
4014
4014
4014
4014
4014
4014
4014
4014
4014
4014
4014
4014
4014
4014
4014
4014
4014
4014
4014
4014
4014
4014
4014
4014
4014
4014
4014
4014
4026
4034
4070
4070
4124
4149
4170
4181
4181
4181
4181
4187
4187
4190
4248
4248
4248
4248
4248
4248
4248
4248
4248
4256
4302
4342
4342
4342
4342
4342
4342
4342
4342
4342
4342
4342
4342
4342
4342
4342
4342
4342
4342
4342
4342
4342
4342
4342
4342
4342
4342
4342
4342
4342
4342
4342
4342
4342
4342
4342
4342
4342
4342
4342
4342
4342
4342
4342
4342
4342
4342
4342
4342
4342
4342
4342
4342
4342
4342
4342
4342
4342
4342
4342
4342
4342
4342
4342
4342
4342
4342
4342
4342
4342
4342
4342
4342
4342
4342
4342
4342
4342
4342
4342
4342
4342
4342
4342
4342
4342
4342
4342
4342
4342
4342
4342
4342
4342
4342
4342
4342
4342
4342
4342
4342
4342
4342
4342
4342
4342
4342
4342
4342
4342
4342
4342
4342
4342
4342
4342
4342
4342
4342
4342
4342
4342
4342
4342
4342
4342
4342
4342
4342
4342
4342
4342
4342
4342
4342
4342
4342
4342
4342
4342
4342
4342
4342
4342
4342
4342
4342
4342
4342
4342
4342
4342
4342
4342
4342
4342
4342
4342
4342
4342
4342
4342
4342
4342
4342
4342
4342
4342
4342
4342
4342
4342
4342
4342
4342
4342
4342
4342
4342
4342
4342
4342
4342
4342
4342
4342
4342
4342
4342
4342
4342
4342
4342
4342
4342
4342
4342
4342
4342
4342
4342
4342
4342
4342
4342
4342
4342
4342
4342
4342
4342
4342
4342
4342
4342
4342
4342
4342
4342
4342
4342
4342
4342
4342
4342
4342
4342
4342
4342
4342
4342
4342
4342
4342
4342
4342
4342
4342
4342
4342
4342
4342
4342
4342
4342
4342
4342
4342
4342
4342
4342
4342
4342
4342
4342
4342
4342
4342
4342
4342
4342
4342
4342
4342
4342
4342
4342
4342
4342
4342
4342
4342
4342
4342
4342
4342
4342
4342
4342
4342
4342
4342
4342
4342
4342
4342
4342
4342
4342
4342
4342
4342
4342
4342
4342
4342
4342
4342
4342
4342
4342
4342
4342
4342
4342
4342
4342
4342
4342
4342
4342
4342
4342
4342
4342
4342
4342
4342
4342
4342
4342
4342
4342
4342
4342
4342
4342
4342
4342
4342
4342
4342
4342
4342
4342
4342
4342
4342
4342
4342
4342
4342
4342
4342
4342
4342
4342
4342
4342
4342
4342
4342
4342
4342
4342
4342
4342
4342
4342
4342
4342
4342
4342
4342
4342
4342
4342
4342
4342
4342
4342
4342
4342
4342
4342
4342
4342
4342
4342
4342
4342
4342
4342
4342
4342
4342
4342
4342
4342
4342
4342
4342
4342
4342
4342
4342
4342
4342
4342
4342
4342
4352
4352
4352
4352
4352
4395
4395
4425
4425
4425
4425
4425
4425
4425
4452
4468
4468
4468
4468
4480
4480
4520
4520
4520
4520
4520
4520
4520
4520
4520
4520
4520
4520
4520
4520
4520
4520
4520
4520
4520
4520
4534
4534
4562
4562
4562
4562
4564
4564
4564
4564
4564
4564
4564
4564
4564
4564
4564
4564
4564
4564
4564
4564
4564
4564
4635
4639
4639
4649
4649
4666
4666
4666
4666
4666
4666
4666
4666
4666
4666
4666
4666
4666
4666
4666
4666
4666
4666
4666
4666
4666
4666
4666
4666
4666
4666
4666
4666
4666
4666
4666
4666
4666
4666
4666
4666
4666
4666
4672
4696
4696
4696
4696
4696
4696
4696
4696
4696
4696
4696
4696
4696
4696
4696
4696
4696
4696
4696
4696
4696
4696
4696
4696
4696
4696
4696
4696
4696
4696
4696
4696
4696
4696
4696
4696
4696
4696
4696
4696
4696
4696
4696
4696
4696
4696
4696
4696
4696
4696
4696
4696
4696
4696
4696
4696
4696
4696
4713
4713
4713
4725
4725
4736
4755
4759
4759
4769
4776
4776
4776
4776
4776
4791
4804
4804
4804
4804
4812
4812
4812
4838
4838
4838
4838
4838
4854
4854
4854
4854
4854
4854
4854
4854
4881
4881
4887
4896
4896
4896
4896
4896
4902
4917
4917
4917
4917
4917
4917
4917
4917
4917
4917
4917
4917
4917
4917
4917
4917
4917
4917
4917
4917
4917
4917
4917
4917
4917
4917
4917
4917
4917
4917
4917
4917
4917
4917
4917
4917
4917
4917
4917
4917
4917
4917
4917
4917
4917
4917
4917
4917
4917
4917
4917
4917
4917
4917
4917
4917
4917
4917
4917
4917
4917
4917
4917
4917
4917
4917
4917
4917
4917
4917
4917
4917
4917
4917
4917
4917
4917
4917
4917
4917
4917
4917
4917
4917
4917
4917
4917
4917
4917
4917
4917
4917
4917
4917
4917
4917
4917
4917
4917
4917
4917
4917
4917
4920
4920
4929
4929
4936
4936
4936
4936
4936
4936
4936
4936
4936
4936
4936
4941
4943
4943
4970
4970
4970
4970
4970
4970
4970
4970
4971
4978
4978
4978
4978
4978
4978
4978
4978
5011
5018
5018
5018
5018
5018
5028
5028
5028
5028
5028
5038
5040
5040
5080
5080
5105
5112
5112
5136
5136
5151
5151
5262
5270
5270
5270
5270
5270
5315
5315
5315
5315
5315
5315
5315
5315
5315
5315
5315
5315
5315
5315
5315
5315
5315
5315
5315
5315
5315
5315
5315
5315
5315
5315
5315
5315
5336
5336
5336
5336
5336
5336
5336
5336
5336
5336
5345
5345
5345
5365
5365
5365
5365
5365
5365
5365
5365
5384
5384
5384
5384
5384
5384
5394
5399
5399
5416
5421
5431
5431
5431
5431
5431
5431
5452
5452
5452
5496
5496
5496
5497
5497
5497
5497
5497
5497
5497
5497
5497
5497
5497
5521
5521
5521
5551
5551
5581
5585
5585
5585
5585
5585
5658
5658
5664
5679
5687
5687
5699
5699
5699
5699
5699
5699
5699
5699
5699
5699
5699
5699
5699
5699
5699
5713
5713
5713
5713
5713
5713
5713
5713
5713
5713
5713
5713
5713
5713
5713
5713
5713
5713
5713
5713
5713
5713
5713
5713
5713
5713
5713
5713
5713
5713
5713
5713
5713
5713
5713
5713
5713
5713
5713
5713
5713
5713
5713
5713
5713
5713
5713
5713
5713
5713
5713
5713
5713
5713
5713
5713
5713
5713
5713
5713
5713
5713
5713
5713
5713
5713
5713
5713
5713
5713
5713
5713
5713
5713
5713
5713
5713
5713
5713
5713
5713
5713
5713
5713
5713
5713
5713
5713
5713
5713
5713
5713
5713
5713
5713
5713
5713
5713
5713
5713
5713
5713
5713
5713
5713
5713
5713
5713
5713
5713
5713
5713
5713
5713
5713
5713
5713
5713
5713
5713
5713
5713
5713
5713
5713
5713
5713
5713
5713
5713
5713
5713
5713
5713
5713
5713
5713
5713
5713
5713
5713
5713
5713
5713
5713
5713
5713
5713
5713
5713
5713
5713
5713
5713
5713
5713
5713
5713
5713
5713
5713
5713
5713
5713
5713
5713
5713
5713
5713
5713
5713
5713
5713
5713
5713
5713
5713
5713
5713
5713
5713
5713
5713
5713
5713
5713
5713
5713
5713
5713
5713
5713
5713
5713
5713
5713
5713
5713
5713
5713
5713
5713
5713
5713
5718
5718
5718
5737
5737
5737
5746
5754
5754
5795
5816
5816
5816
5877
5891
5896
5896
5896
5896
5896
5896
5896
5896
5896
5896
5896
5896
5896
5896
5896
5896
5896
5896
5896
5896
5896
5896
5896
5896
5896
5896
5896
5896
5896
5896
5896
5896
5896
5896
5896
5896
5896
5896
5896
5896
5896
5896
5896
5896
5896
5896
5896
5896
5896
5896
5896
5896
5896
5896
5896
5896
5896
5896
5896
5896
5896
5896
5896
5906
5918
5918
5933
5933
5933
5933
5933
5947
5979
5979
5979
5979
5979
5979
5979
5979
5979
5979
5979
5979
5979
5979
5979
5979
5979
5979
5979
5979
5979
5979
5979
5979
5984
5984
5991
5999
5999
5999
5999
5999
5999
5999
5999
5999
5999
5999
5999
5999
5999
5999
5999
5999
5999
5999
5999
5999
5999
5999
5999
5999
5999
5999
5999
5999
5999
5999
5999
5999
5999
5999
5999
5999
5999
5999
5999
5999
5999
5999
5999
5999
5999
5999
5999
5999
5999
5999
5999
5999
5999
5999
5999
5999
5999
5999
5999
5999
5999
5999
5999
5999
5999
5999
5999
5999
5999
5999
5999
6001
6001
6001
6017
6017
6026
6026
6026
6026
6026
6026
6026
6026
6026
6026
6026
6026
6026
6026
6026
6026
6026
6037
6037
6037
6037
6037
6037
6037
6037
6037
6037
6037
6037
6037
6037
6037
6037
6037
6037
6037
6037
6037
6037
6037
6037
6037
6037
6037
6037
6037
6037
6037
6037
6037
6037
6037
6037
6037
6037
6037
6037
6037
6037
6037
6037
6037
6037
6037
6037
6037
6037
6037
6037
6037
6037
6037
6037
6037
6037
6037
6037
6037
6037
6037
6037
6037
6037
6037
6037
6037
6037
6037
6037
6037
6037
6037
6037
6037
6037
6037
6037
6037
6037
6037
6037
6037
6037
6037
6037
6037
6037
6037
6037
6037
6037
6037
6037
6037
6037
6037
6037
6037
6037
6037
6037
6037
6037
6037
6037
6037
6037
6037
6037
6037
6037
6037
6037
6037
6037
6037
6037
6037
6037
6037
6037
6037
6037
6037
6037
6037
6037
6037
6037
6037
6037
6037
6037
6037
6037
6037
6037
6037
6037
6037
6037
6037
6037
6037
6037
6037
6037
6037
6037
6037
6037
6037
6037
6037
6037
6037
6037
6037
6037
6037
6037
6037
6037
6037
6037
6037
6037
6037
6037
6037
6037
6037
6037
6037
6037
6037
6037
6037
6037
6037
6037
6037
6037
6037
6037
6037
6037
6037
6037
6037
6037
6037
6037
6037
6037
6037
6037
6037
6037
6037
6037
6037
6037
6037
6037
6037
6037
6037
6037
6037
6037
6037
6037
6037
6037
6037
6037
6037
6037
6037
6037
6037
6037
6037
6037
6037
6037
6037
6037
6037
6037
6037
6037
6037
6037
6037
6037
6037
6037
6037
6037
6037
6037
6037
6037
6037
6037
6037
6037
6037
6037
6037
6037
6037
6037
6037
6037
6037
6037
6037
6037
6037
6037
6037
6037
6037
6037
6037
6037
6037
6037
6037
6037
6037
6037
6037
6037
6037
6037
6037
6037
6037
6037
6037
6037
6037
6037
6037
6037
6037
6037
6037
6037
6037
6037
6037
6037
6037
6037
6037
6037
6037
6037
6037
6037
6037
6037
6037
6037
6037
6037
6037
6037
6037
6037
6037
6037
6037
6037
6037
6037
6037
6037
6037
6037
6037
6037
6037
6037
6037
6037
6037
6037
6037
6037
6037
6037
6037
6037
6037
6037
6037
6037
6037
6037
6037
6037
6037
6037
6037
6037
6037
6037
6037
6037
6037
6037
6037
6037
6037
6037
6037
6037
6037
6037
6065
6083
6083
6083
6083
6083
6083
6083
6083
6083
6083
6083
6083
6083
6083
6083
6083
6083
6083
6083
6083
6083
6083
6083
6083
6083
6083
6083
6083
6083
6083
6083
6083
6083
6083
6083
6083
6083
6083
6083
6083
6083
6083
6083
6083
6083
6083
6083
6083
6083
6083
6083
6083
6083
6083
6083
6083
6083
6083
6088
6088
6088
6088
6088
6088
6111
6111
6111
6111
6111
6111
6111
6111
6115
6122
6122
6162
6162
6162
6162
6162
6162
6162
6162
6162
6162
6162
6162
6162
6162
6162
6162
6162
6162
6162
6162
6162
6162
6162
6171
6171
6171
6205
6205
6205
6205
6205
6205
6205
6205
6205
6205
6205
6205
6211
6211
6211
6211
6211
6211
6211
6211
6211
6211
6211
6211
6211
6211
6211
6255
6255
6300
6300
6300
6300
6300
6300
6300
6300
6300
6300
6300
6300
6300
6300
6323
6323
6323
6388
6388
6388
6388
6388
6388
6388
6388
6388
6388
6388
6388
6388
6388
6388
6388
6388
6388
6388
6388
6388
6388
6388
6388
6388
6388
6388
6388
6388
6388
6388
6388
6388
6416
6457
6457
6485
6485
6485
6485
6485
6485
6485
6485
6485
6485
6485
6485
6485
6485
6485
6485
6485
6513
6513
6520
6520
6520
6520
6520
6520
6554
6554
6554
6554
6554
6554
6554
6563
6563
6563
6563
6605
6605
6605
6628
6628
6628
6670
6672
6688
6703
6703
6704
6704
6705
6705
6705
6705
6707
6707
6707
6707
6730
6778
6781
6781
6781
6781
6781
6781
6781
6781
6781
6781
6781
6781
6781
6781
6781
6781
6781
6781
6781
6781
6781
6781
6781
6790
6790
6790
6790
6790
6790
6790
6790
6790
6799
6799
6799
6811
6811
6811
6811
6811
6811
6811
6811
6811
6811
6811
6811
6811
6811
6811
6811
6811
6811
6811
6811
6811
6811
6811
6811
6811
6811
6811
6811
6811
6811
6811
6811
6811
6811
6811
6811
6811
6811
6811
6811
6811
6811
6811
6811
6811
6811
6811
6811
6811
6811
6811
6811
6811
6811
6811
6811
6811
6811
6811
6811
6811
6811
6811
6811
6811
6811
6811
6811
6811
6811
6811
6811
6811
6811
6811
6811
6811
6811
6811
6811
6811
6811
6811
6811
6811
6811
6811
6811
6811
6811
6811
6811
6811
6811
6811
6811
6811
6811
6811
6811
6811
6811
6811
6811
6811
6811
6811
6811
6811
6811
6811
6849
6849
6855
6893
6893
6966
6966
7023
7023
7030
7030
7030
7030
7030
7030
7030
7030
7030
7030
7030
7030
7030
7030
7030
7030
7030
7030
7030
7030
7030
7030
7030
7030
7030
7030
7030
7030
7030
7046
7046
7046
7051
7053
7053
7053
7053
7053
7053
7053
7053
7053
7053
7081
7104
7113
7113
7113
7113
7113
7138
7158
7165
7165
7187
7194
7194
7194
7194
7194
7194
7194
7194
7194
7194
7194
7194
7194
7194
7194
7194
7194
7233
7233
7240
7240
7240
7240
7240
7240
7240
7240
7240
7240
7240
7240
7240
7240
7249
7249
7249
7249
7249
7249
7249
7249
7249
7249
7249
7249
7249
7249
7249
7249
7249
7249
7249
7249
7249
7249
7249
7249
7249
7249
7249
7249
7249
7249
7249
7249
7249
7249
7249
7249
7249
7249
7249
7249
7249
7249
7249
7249
7249
7249
7249
7249
7249
7249
7249
7249
7249
7249
7249
7249
7249
7249
7249
7249
7249
7249
7249
7249
7249
7249
7249
7249
7249
7249
7249
7249
7249
7249
7249
7249
7249
7249
7249
7249
7249
7249
7249
7249
7249
7249
7249
7249
7249
7249
7249
7249
7249
7249
7249
7249
7249
7249
7249
7249
7249
7249
7249
7249
7249
7249
7249
7249
7249
7249
7249
7249
7249
7249
7249
7249
7249
7249
7249
7249
7249
7254
7257
7277
7277
7277
7277
7277
7277
7277
7277
7277
7277
7277
7277
7277
7277
7277
7277
7277
7277
7277
7277
7277
7277
7277
7277
7277
7277
7277
7277
7277
7277
7277
7277
7277
7277
7277
7277
7277
7277
7277
7277
7277
7277
7277
7277
7277
7277
7277
7277
7277
7277
7277
7277
7277
7277
7277
7277
7277
7277
7277
7277
7277
7277
7277
7277
7277
7277
7277
7277
7277
7277
7277
7277
7277
7277
7277
7277
7277
7277
7277
7277
7277
7277
7277
7277
7277
7277
7277
7324
7324
7327
7327
7327
7327
7327
7327
7327
7327
7327
7327
7327
7327
7327
7327
7327
7327
7327
7343
7343
7343
7343
7343
7343
7343
7343
7343
7343
7343
7343
7343
7343
7343
7343
7343
7343
7343
7343
7343
7343
7343
7343
7359
7359
7359
7359
7359
7359
7359
7364
7379
7379
7379
7379
7379
7379
7379
7379
7379
7379
7379
7379
7379
7379
7379
7379
7379
7379
7379
7379
7379
7379
7379
7379
7379
7379
7379
7379
7379
7379
7379
7379
7379
7379
7379
7379
7379
7379
7379
7379
7379
7379
7379
7379
7379
7379
7379
7379
7379
7379
7379
7379
7379
7379
7379
7379
7379
7379
7379
7379
7379
7379
7379
7379
7379
7379
7379
7379
7379
7379
7379
7379
7379
7379
7379
7379
7379
7379
7379
7379
7379
7379
7379
7379
7379
7379
7379
7379
7379
7379
7379
7379
7379
7379
7379
7379
7379
7379
7379
7379
7379
7379
7379
7379
7379
7379
7379
7379
7379
7379
7379
7379
7379
7379
7379
7379
7379
7379
7379
7379
7379
7379
7379
7379
7379
7379
7379
7379
7379
7379
7379
7379
7379
7379
7379
7379
7418
7418
7418
7428
7428
7428
7428
7451
7451
7451
7451
7451
7451
7458
7462
7476
7476
7476
7476
7476
7476
7476
7476
7476
7476
7476
7476
7476
7476
7476
7476
7476
7476
7476
7476
7476
7476
7476
7476
7476
7476
7476
7488
7488
7499
7499
7499
7527
7527
7527
7527
7527
7527
7527
7527
7527
7527
7527
7527
7527
7536
7538
7540
7540
7553
7553
7553
7553
7554
7554
7554
7554
7554
7556
7556
7556
7556
7556
7556
7556
7556
7585
7620
7620
7620
7642
7642
7642
7642
7642
7642
7642
7642
7642
7642
7642
7642
7642
7642
7642
7642
7642
7642
7642
7642
7642
7642
7642
7642
7642
7642
7642
7642
7642
7642
7642
7642
7642
7642
7642
7642
7642
7642
7642
7642
7642
7642
7642
7642
7642
7642
7642
7642
7642
7642
7642
7642
7642
7642
7642
7642
7642
7642
7642
7642
7642
7642
7642
7642
7642
7642
7642
7642
7642
7642
7642
7642
7642
7642
7642
7642
7642
7642
7642
7642
7642
7642
7642
7642
7642
7642
7642
7642
7642
7642
7642
7642
7642
7642
7642
7642
7642
7642
7642
7642
7642
7642
7642
7642
7642
7642
7642
7642
7642
7642
7642
7642
7642
7642
7642
7642
7642
7642
7642
7642
7642
7642
7642
7642
7642
7642
7642
7642
7642
7642
7642
7642
7642
7642
7642
7642
7642
7642
7642
7642
7642
7642
7642
7642
7642
7642
7642
7642
7642
7642
7642
7642
7642
7642
7642
7642
7642
7642
7642
7642
7642
7642
7642
7642
7642
7642
7642
7642
7642
7642
7642
7642
7642
7642
7642
7642
7642
7642
7642
7642
7642
7642
7651
7651
7651
7669
7669
7698
7698
7698
7717
7717
7717
7717
7717
7717
7717
7717
7717
7726
7726
7733
7761
7761
7761
7761
7871
7871
7871
7871
7875
7875
7875
7875
7875
7875
7875
7875
7875
7875
7875
7875
7875
7875
7875
7875
7875
7875
7875
7875
7875
7875
7875
7875
7943
7943
7954
7954
7954
7954
7954
7954
7954
7954
7954
7977
7989
7989
7989
7989
8016
8016
8016
8026
8026
8026
8049
8049
8049
8049
8049
8049
8049
8049
8049
8049
8049
8049
8049
8049
8049
8049
8049
8049
8049
8049
8091
8091
8091
8091
8091
8091
8091
8094
8094
8094
8094
8094
8094
8094
8094
8094
8094
8094
8094
8094
8094
8096
8096
8096
8145
8151
8151
8151
8151
8151
8151
8151
8151
8151
8151
8166
8166
8166
8166
8166
8166
8166
8166
8166
8166
8166
8166
8166
8166
8166
8166
8176
8176
8176
8176
8176
8176
8176
8176
8176
8176
8176
8176
8176
8176
8176
8176
8176
8176
8176
8176
8176
8176
8176
8176
8176
8176
8176
8176
8176
8176
8176
8176
8176
8176
8176
8176
8176
8176
8176
8176
8176
8178
8178
8233
8233
8233
8233
8233
8233
8238
8243
8243
8243
8243
8243
8243
8243
8243
8265
8265
8277
8277
8298
8298
8320
8320
8344
8344
8344
8344
8354
8354
8354
8354
8354
8354
8354
8354
8354
8354
8354
8354
8354
8354
8354
8354
8354
8354
8354
8354
8354
8354
8354
8354
8354
8354
8354
8354
8354
8354
8354
8354
8354
8354
8354
8354
8354
8354
8354
8354
8354
8354
8354
8354
8354
8354
8354
8354
8354
8354
8354
8354
8354
8354
8354
8354
8354
8354
8354
8354
8354
8354
8354
8354
8354
8354
8354
8354
8354
8354
8354
8354
8354
8354
8354
8354
8354
8354
8354
8354
8354
8354
8354
8354
8360
8390
8419
8442
8451
8451
8451
8451
8451
8451
8451
8451
8451
8451
8475
8478
8487
8487
8573
8573
8573
8589
8612
8612
8677
8677
8677
8677
8677
8677
8677
8677
8677
8677
8677
8677
8677
8677
8677
8677
8677
8677
8677
8677
8677
8677
8677
8677
8677
8696
8696
8696
8703
8703
8730
8754
8754
8754
8754
8754
8754
8754
8754
8754
8754
8765
8765
8765
8765
8782
8782
8782
8782
8782
8812
8849
8849
8849
8849
8905
8938
8938
8938
8938
8938
8938
8938
8938
8948
8948
8948
8948
8948
8948
8975
8975
8975
8975
8975
8975
8975
8975
8975
8975
8975
8975
8975
8975
8975
8975
8975
8975
8975
8975
8975
8975
8975
8975
8975
8975
8975
8975
8975
8975
8975
8975
8975
8975
8975
8975
8975
8984
8984
8988
8988
8992
9017
9017
9046
9046
9081
9081
9081
9114
9114
9129
9129
9129
9129
9129
9129
9129
9129
9129
9138
9138
9138
9138
9138
9138
9138
9138
9138
9138
9152
9152
9152
9152
9152
9165
9165
9173
9183
9183
9183
9199
9199
9199
9199
9199
9199
9199
9199
9199
9199
9199
9199
9199
9199
9199
9199
9199
9199
9199
9199
9199
9199
9199
9199
9199
9199
9199
9199
9199
9199
9199
9199
9199
9199
9199
9199
9199
9199
9199
9199
9199
9199
9199
9199
9199
9210
9210
9210
9212
9212
9212
9235
9235
9235
9235
9246
9246
9246
9246
9246
9246
9246
9246
9246
9246
9246
9246
9246
9246
9246
9246
9246
9246
9246
9246
9246
9246
9246
9246
9246
9246
9250
9250
9250
9275
9275
9275
9275
9275
9283
9286
9286
9312
9312
9325
9325
9325
9325
9325
9325
9325
9325
9348
9363
9363
9363
9363
9363
9363
9363
9363
9363
9363
9363
9363
9363
9363
9363
9363
9379
9379
9379
9379
9379
9379
9410
9410
9410
9410
9440
9440
9440
9440
9440
9440
9440
9464
9472
9472
9472
9472
9472
9472
9472
9472
9475
9475
9475
9475
9493
9493
9493
9493
9493
9493
9556
9556
9572
9572
9593
9593
9593
9593
9593
9593
9593
9593
9593
9593
9593
9598
9600
9600
9600
9601
9601
9618
9618
9658
9658
9658
9658
9658
9685
9685
9685
9685
9689
9689
9689
9689
9689
9689
9689
9689
9689
9689
9689
9689
9689
9689
9689
9689
9689
9689
9689
9689
9689
9689
9689
9689
9689
9689
9689
9689
9689
9689
9689
9689
9689
9689
9689
9689
9689
9689
9689
9689
9689
9689
9689
9689
9689
9689
9689
9689
9689
9689
9689
9689
9689
9689
9689
9689
9689
9689
9689
9689
9689
9689
9689
9689
9689
9689
9689
9689
9689
9689
9689
9689
9689
9689
9689
9689
9689
9689
9689
9689
9689
9689
9689
9689
9689
9689
9689
9689
9689
9689
9689
9689
9689
9689
9689
9689
9689
9689
9689
9689
9689
9689
9689
9689
9689
9689
9689
9689
9689
9689
9689
9689
9689
9689
9689
9689
9689
9689
9689
9689
9689
9689
9689
9689
9689
9689
9689
9689
9689
9689
9689
9689
9689
9689
9689
9689
9689
9689
9689
9689
9689
9689
9689
9689
9689
9689
9689
9689
9689
9689
9689
9689
9689
9689
9689
9689
9689
9689
9689
9689
9689
9689
9689
9689
9689
9689
9689
9689
9689
9689
9689
9689
9689
9689
9689
9689
9689
9689
9689
9689
9689
9689
9689
9689
9689
9689
9689
9689
9689
9689
9689
9689
9689
9689
9689
9689
9689
9689
9689
9689
9689
9689
9689
9689
9689
9689
9689
9689
9689
9689
9689
9689
9689
9689
9689
9689
9689
9689
9689
9689
9689
9689
9689
9689
9690
9690
9690
9690
9690
9690
9690
9690
9690
9690
9690
9690
9690
9690
9690
9690
9690
9690
9690
9690
9690
9690
9690
9690
9690
9690
9690
9690
9690
9690
9690
9690
9690
9690
9690
9690
9690
9690
9690
9690
9690
9690
9690
9697
9697
9715
9715
9715
9715
9715
9719
9761
9761
9761
9761
9762
9762
9762
9762
9762
9762
9762
9769
9769
9772
9772
9772
9772
9781
9781
9781
9843
9843
9843
9843
9843
9843
9843
9843
9843
9843
9843
9843
9843
9843
9843
9843
9843
9843
9843
9843
9843
9843
9843
9843
9878
9878
9896
9896
9896
9896
9896
9896
9896
9896
9896
9896
9896
9896
9896
9896
9896
9896
9896
9896
9896
9896
9896
9896
9896
9896
9896
9896
9896
9896
9896
9896
9896
9896
9896
9896
9896
9896
9896
9896
9896
9896
9910
9916
9916
9916
9972
9972
9972
9972
9972
9972
9990
9990
9995
9995
9995
9995
9995
9995
9995
9995
9995
9995
9995
9995
9995
9995
9995
9995
9995
9995
9995
9995
9995
9995
9995
9995
9995
9995
9995
9995
9995
9995
9995
9995
9995
9995
9995
9995
9995
9995
9995
9995
9995
9995
9995
9995
9995
9995
9995
9995
9995
9995
9995
9995
9995
9995
9995
9995
9995
9995
9995
9995
9995
9995
9995
9995
9995
9995
9995
9995
9995
9995
9995
9995
9995
9995
9995
9995
9995
9995
9995
9995
9995
9995
9995
9995
9995
9995
9995
9995
9995
9995
9995
9995
9995
9995
9995
9995
9995
9995
9995
9995
9995
9995
9995
9995
9995
9995
9995
9995
9995
9995
9995
9995
9995
9995
9995
9995
9995
9995
9995
9995
9995
9995
9995
9995
9995
9995
9995
9995
9995
9995
9995
9995
9995
9995
9995
9995
9995
9995
9995
9995
9995
9995
9995
9995
9995
9995
9995
9995
9995
9995
9995
9995
9995
9995
9995
9995
9995
9995
9995
9996
9996
9999
9999
9999
10004
10010
10010
10072
10072
10072
10072
10072
10072
10072
10072
10072
10072
10072
10072
10072
10072
10072
10072
10072
10072
10072
10072
10072
10072
10072
10072
10072
10072
10072
10072
10072
10072
10072
10072
10072
10072
10072
10072
10072
10072
10072
10072
10072
10072
10072
10072
10072
10072
10072
10072
10072
10072
10072
10072
10072
10080
10080
10087
10104
10118
10118
10118
10123
10133
10133
10133
10133
10133
10133
10133
10133
10133
10133
10133
10133
10133
10133
10133
10133
10133
10133
10133
10133
10133
10133
10133
10133
10133
10133
10133
10133
10133
10133
10133
10133
10133
10133
10133
10133
10133
10133
10133
10133
10154
10154
10154
10154
10154
10154
10154
10154
10154
10154
10154
10154
10154
10154
10154
10154
10154
10154
10154
10176
10176
10183
10183
10183
10191
10209
10234
10234
10234
10234
10234
10234
10234
10234
10234
10234
10234
10234
10234
10234
10234
10234
10234
10234
10234
10234
10234
10234
10234
10234
10234
10234
10234
10234
10234
10234
10234
10234
10234
10239
10239
10239
10239
10239
10239
10239
10239
10239
10239
10239
10239
10239
10241
10251
10288
10291
10291
10291
10291
10291
10291
10291
10324
10324
10324
10324
10324
10324
10324
10324
10361
10361
10368
10368
10368
10368
10368
10368
10368
10368
10368
10368
10368
10368
10368
10368
10368
10368
10368
10368
10368
10368
10368
10368
10368
10368
10368
10368
10368
10368
10368
10368
10368
10368
10368
10368
10368
10368
10368
10368
10368
10368
10368
10368
10368
10368
10368
10368
10368
10368
10368
10368
10368
10368
10368
10368
10368
10368
10368
10368
10368
10368
10368
10368
10368
10368
10368
10368
10368
10368
10368
10368
10368
10368
10368
10368
10368
10368
10368
10368
10368
10368
10368
10384
10384
10399
10399
10399
10399
10399
10399
10399
10399
10399
10399
10399
10399
10399
10399
10399
10399
10399
10399
10399
10399
10399
10399
10399
10399
10399
10399
10399
10399
10399
10399
10399
10404
10404
10404
10404
10404
10404
10404
10404
10404
10404
10404
10404
10404
10404
10404
10404
10404
10404
10404
10404
10404
10404
10404
10404
10404
10412
10412
10412
10412
10412
10412
10412
10417
10417
10417
10420
10420
10443
10443
10443
10443
10443
10443
10443
10443
10458
10458
10458
10482
10482
10482
10490
10490
10490
10500
10500
10500
10500
10500
10503
10508
10513
10552
10552
10552
10575
10582
10600
10603
10603
10603
10617
10617
10617
10617
10617
10630
10636
10683
10691
10691
10691
10691
10700
10700
10718
10718
10718
10729
10737
10770
10770
10792
10792
10792
10797
10834
10834
10834
10834
10834
10834
10834
10834
10834
10834
10834
10834
10834
10834
10834
10834
10834
10834
10834
10834
10834
10834
10834
10834
10834
10834
10834
10834
10834
10834
10834
10834
10834
10834
10834
10834
10834
10834
10834
10834
10834
10834
10834
10834
10834
10834
10834
10834
10834
10834
10834
10834
10834
10856
10856
10856
10856
10856
10856
10856
10856
10856
10856
10856
10856
10856
10856
10856
10856
10856
10856
10856
10856
10856
10856
10856
10856
10856
10856
10856
10856
10856
10856
10856
10856
10856
10872
10903
10903
10903
10903
10903
10903
10903
10903
10903
10943
10943
10967
10971
10971
10971
10971
10971
10971
10971
10971
10971
10971
10971
10971
10971
10971
10971
10971
10971
10971
10971
10971
10971
10971
10971
10971
10981
10981
10981
10981
10981
10995
10995
10995
10995
11011
11029
11029
11029
11029
11029
11029
11029
11029
11029
11029
11029
11029
11029
11029
11029
11029
11029
11029
11029
11029
11029
11029
11029
11029
11029
11029
11029
11029
11029
11029
11029
11029
11029
11029
11029
11029
11029
11029
11029
11029
11029
11029
11029
11029
11029
11029
11029
11029
11029
11029
11029
11029
11029
11029
11029
11029
11029
11029
11029
11029
11029
11029
11029
11029
11029
11029
11029
11029
11029
11029
11029
11029
11029
11029
11029
11029
11029
11029
11029
11029
11029
11029
11029
11029
11029
11029
11029
11029
11029
11029
11029
11029
11029
11029
11029
11029
11029
11029
11029
11029
11029
11029
11029
11029
11029
11029
11029
11029
11029
11029
11029
11029
11029
11029
11029
11029
11029
11029
11029
11029
11029
11029
11029
11029
11029
11029
11029
11029
11029
11029
11029
11029
11029
11029
11029
11029
11029
11029
11029
11029
11029
11029
11029
11029
11039
11039
11059
11092
11092
11092
11092
11092
11092
11092
11092
11092
11092
11092
11092
11092
11092
11092
11092
11092
11139
11139
11139
11139
11139
11139
11139
11139
11139
11139
11139
11152
11158
11158
11158
11158
11158
11158
11158
11158
11158
11158
11158
11158
11158
11158
11158
11158
11158
11158
11158
11158
11158
11158
11161
11161
11197
11197
11197
11197
11208
11208
11208
11208
11208
11221
11247
11247
11261
11261
11261
11261
11261
11261
11261
11261
11261
11261
11261
11261
11261
11261
11261
11261
11261
11261
11261
11261
11261
11261
11261
11261
11261
11261
11261
11261
11261
11261
11261
11275
11280
11280
11280
11280
11280
11280
11280
11280
11280
11280
11280
11280
11280
11280
11280
11280
11280
11280
11280
11283
11287
11299
11299
11299
11299
11299
11299
11299
11299
11299
11299
11299
11299
11299
11299
11314
11314
11314
11314
11314
11314
11314
11314
11314
11314
11314
11314
11314
11314
11314
11314
11314
11314
11314
11344
11356
11356
11356
11407
11407
11411
11411
11411
11411
11411
11447
11485
11485
11485
11485
11485
11495
11495
11495
11522
11522
11522
11522
11522
11522
11522
11522
11522
11522
11522
11522
11522
11522
11522
11522
11522
11522
11522
11522
11522
11522
11522
11522
11522
11522
11522
11522
11522
11522
11522
11522
11522
11522
11522
11522
11522
11522
11522
11522
11522
11522
11522
11522
11522
11522
11522
11522
11522
11522
11522
11522
11522
11522
11522
11522
11522
11522
11522
11522
11522
11522
11522
11522
11522
11522
11522
11522
11522
11522
11522
11522
11522
11522
11522
11522
11522
11522
11522
11522
11522
11522
11522
11522
11522
11522
11522
11522
11522
11522
11522
11522
11522
11522
11522
11522
11522
11522
11522
11522
11522
11522
11522
11522
11522
11534
11556
11556
11556
11556
11556
11556
11556
11556
11556
11556
11556
11556
11556
11556
11556
11556
11556
11556
11556
11556
11556
11556
11556
11556
11556
11556
11556
11556
11556
11556
11556
11556
11556
11556
11556
11556
11556
11556
11556
11556
11556
11556
11556
11556
11556
11556
11556
11556
11556
11556
11556
11556
11556
11556
11556
11556
11556
11556
11556
11556
11556
11556
11556
11556
11556
11556
11556
11556
11556
11556
11556
11556
11556
11556
11556
11556
11556
11556
11556
11556
11556
11556
11556
11556
11556
11556
11556
11556
11556
11556
11556
11556
11556
11556
11556
11556
11556
11556
11556
11556
11556
11556
11556
11556
11556
11556
11556
11556
11556
11556
11556
11556
11556
11556
11556
11556
11556
11556
11556
11556
11556
11556
11556
11556
11556
11556
11556
11556
11556
11556
11556
11556
11556
11556
11556
11556
11556
11556
11556
11556
11556
11556
11556
11556
11556
11556
11556
11556
11556
11556
11556
11556
11556
11556
11556
11556
11556
11556
11556
11556
11556
11556
11556
11556
11556
11556
11556
11556
11556
11556
11556
11556
11556
11556
11556
11556
11556
11556
11556
11556
11556
11556
11556
11556
11556
11556
11556
11556
11556
11556
11556
11556
11556
11556
11556
11556
11556
11556
11556
11556
11556
11556
11556
11556
11556
11556
11556
11556
11556
11556
11556
11556
11556
11556
11556
11556
11556
11556
11556
11556
11556
11556
11556
11556
11556
11556
11556
11556
11556
11556
11556
11556
11556
11556
11556
11556
11556
11556
11556
11556
11556
11556
11556
11556
11556
11556
11556
11556
11556
11556
11556
11556
11556
11556
11556
11556
11556
11556
11556
11556
11556
11556
11556
11556
11556
11556
11556
11556
11556
11556
11556
11556
11556
11556
11556
11556
11556
11556
11556
11556
11556
11556
11556
11556
11556
11556
11556
11556
11556
11556
11556
11556
11556
11556
11556
11556
11556
11556
11556
11556
11556
11556
11556
11556
11556
11556
11556
11556
11556
11556
11556
11556
11556
11556
11556
11556
11556
11556
11556
11556
11556
11556
11556
11556
11556
11556
11556
11556
11556
11556
11556
11556
11556
11556
11556
11556
11556
11556
11556
11556
11556
11556
11556
11558
11558
11558
11558
11558
11558
11558
11558
11558
11558
11558
11558
11558
11558
11558
11558
11558
11558
11558
11558
11558
11558
11558
11558
11558
11558
11558
11558
11558
11558
11558
11558
11561
11561
11561
11561
11561
11561
11584
11591
11596
11596
11596
11596
11596
11596
11596
11596
11596
11596
11596
11596
11596
11596
11596
11596
11596
11596
11596
11596
11596
11596
11596
11596
11596
11596
11596
11596
11596
11596
11596
11596
11596
11596
11596
11596
11596
11596
11596
11596
11596
11596
11596
11596
11596
11596
11596
11596
11596
11596
11596
11596
11596
11596
11596
11596
11596
11596
11596
11596
11596
11596
11596
11596
11596
11596
11596
11596
11596
11596
11596
11596
11596
11596
11596
11596
11596
11604
11604
11604
11611
11611
11621
11621
11625
11625
11625
11626
11626
11626
11633
11633
11633
11633
11633
11633
11633
11633
11633
11633
11633
11633
11633
11633
11633
11633
11633
11633
11633
11633
11633
11633
11633
11633
11633
11633
11633
11633
11633
11633
11633
11633
11633
11633
11633
11633
11633
11633
11633
11633
11633
11633
11633
11633
11633
11633
11633
11633
11633
11633
11633
11633
11633
11633
11633
11633
11633
11633
11633
11633
11633
11633
11633
11633
11633
11633
11633
11633
11633
11633
11633
11633
11633
11633
11633
11633
11633
11633
11633
11633
11633
11633
11633
11633
11633
11633
11633
11633
11633
11633
11633
11633
11633
11633
11633
11633
11633
11633
11633
11633
11633
11633
11633
11633
11633
11633
11633
11633
11633
11633
11633
11633
11633
11633
11633
11633
11633
11633
11633
11633
11633
11633
11633
11633
11633
11633
11633
11633
11633
11633
11633
11633
11633
11633
11633
11633
11633
11633
11633
11633
11633
11633
11633
11633
11633
11633
11651
11651
11651
11671
11671
11671
11714
11714
11714
11740
11761
11761
11770
11770
11770
11787
11791
11791
11791
11791
11791
11791
11791
11799
11807
11819
11819
11831
11831
11844
11844
11861
11866
11866
11869
11871
11871
11896
11896
11896
11896
11905
11905
11905
11905
11939
11956
11956
11956
11956
11956
11956
11956
11967
11967
11967
11967
11967
11967
11967
11967
11967
11967
11967
11967
11967
11967
11967
11967
11967
11967
11967
11967
11967
11985
11985
11985
11985
11985
11985
11985
11985
11985
11985
12003
12009
12009
12009
12042
12042
12042
12042
12042
12042
12042
12042
12047
12049
12049
12049
12049
12061
12061
12061
12061
12087
12087
12110
12110
12110
12110
12110
12110
12110
12110
12121
12141
12141
12141
12141
12202
12202
12202
12202
12202
12202
12202
12202
12202
12202
12202
12202
12202
12202
12202
12202
12202
12202
12202
12224
12224
12247
12247
12247
12247
12247
12247
12254
12254
12254
12288
12288
12288
12288
12288
12288
12288
12288
12288
12288
12288
12288
12288
12288
12297
12344
12347
12347
12347
12347
12347
12347
12347
12347
12347
12347
12347
12347
12347
12347
12347
12347
12347
12347
12358
12358
12358
12383
12383
12383
12383
12383
12383
12383
12390
12390
12390
12390
12390
12390
12390
12390
12397
12397
12411
12411
12411
12443
12454
12495
12512
12512
12538
12538
12538
12538
12538
12538
12538
12538
12538
12538
12538
12538
12538
12538
12538
12538
12538
12538
12538
12538
12538
12538
12543
12562
12562
12562
12597
12597
12597
12597
12597
12597
12597
12597
12597
12597
12597
12597
12597
12597
12597
12597
12597
12628
12656
12702
12702
12702
12705
12718
12718
12718
12722
12722
12722
12739
12739
12739
12739
12739
12739
12739
12739
12739
12739
12739
12739
12739
12773
12776
12785
12785
12791
12791
12791
12791
12805
12805
12805
12805
12805
12825
12825
12825
12825
12825
12848
12848
12848
12848
12848
12861
12861
12861
12894
12894
12912
12912
12916
12916
12916
12916
12927
12927
12927
12930
12930
12930
12934
12934
12937
12963
12963
12963
12963
12963
12963
12963
12963
12963
12963
12963
12963
12963
12963
12963
12963
12963
12963
12963
12963
12963
12963
12963
12963
12963
12963
12963
12963
12963
12963
12963
12963
12963
12963
12963
12963
12963
12963
12963
12963
12963
12963
12963
12963
12963
12963
12963
12963
12963
12963
12963
12963
12963
12963
12963
12963
12963
12963
12963
12963
12963
12963
12963
12963
12963
12963
12963
12963
12963
12963
12963
12963
12963
12963
12963
12963
12963
12963
12963
12963
12963
12963
12963
12963
12963
12963
12963
12963
12963
12963
12963
12963
12963
12963
12963
12963
12963
12963
12963
12963
12963
12963
12963
12963
12963
12963
12963
12963
12963
12963
12963
12963
12963
12963
12963
12963
12963
12963
12963
12963
12963
12963
12963
12963
12963
12963
12963
12963
12963
12963
12963
12963
12963
12963
12963
12963
12963
12963
12963
12963
12963
12963
12963
12963
12963
12963
12963
12963
12963
12963
12963
12963
12963
12963
12963
12963
12963
12963
12963
12963
12963
12963
12963
12963
12972
12972
13021
13021
13021
13021
13021
13021
13021
13021
13030
13030
13030
13030
13030
13030
13030
13030
13030
13030
13030
13030
13030
13030
13030
13030
13030
13030
13030
13030
13030
13030
13030
13030
13030
13030
13030
13030
13030
13030
13030
13030
13030
13030
13030
13030
13030
13030
13030
13030
13030
13030
13030
13030
13030
13030
13030
13030
13030
13030
13030
13055
13119
13119
13126
13126
13131
13131
13172
13200
13200
13200
13231
13235
13235
13239
13254
13254
13254
13254
13264
13269
13269
13269
13269
13269
13269
13269
13269
13269
13269
13269
13269
13269
13269
13269
13269
13269
13269
13269
13269
13269
13269
13269
13269
13269
13269
13269
13269
13269
13269
13269
13269
13269
13269
13269
13269
13269
13269
13269
13269
13269
13269
13269
13269
13269
13269
13269
13269
13269
13315
13315
13327
13364
13364
13364
13364
13364
13364
13364
13364
13364
13364
13364
13401
13401
13417
13417
13428
13472
13496
13496
13496
13502
13506
13506
13506
13506
13506
13506
13506
13506
13506
13506
13506
13506
13506
13506
13566
13566
13566
13566
13566
13566
13566
13566
13566
13566
13576
13576
13576
13583
13583
13583
13583
13583
13583
13583
13583
13614
13619
13619
13632
13632
13632
13632
13632
13632
13632
13632
13632
13646
13668
13668
13668
13668
13668
13668
13668
13668
13668
13668
13668
13668
13668
13668
13674
13674
13674
13677
13677
13677
13677
13677
13677
13677
13677
13677
13677
13677
13677
13677
13677
13677
13677
13677
13677
13677
13677
13677
13677
13677
13677
13677
13677
13689
13689
13689
13689
13689
13728
13755
13779
13779
13779
13779
13779
13779
13779
13779
13779
13779
13779
13779
13779
13779
13779
13779
13779
13779
13779
13779
13779
13779
13779
13779
13779
13785
13785
13785
13785
13785
13836
13836
13849
13849
13849
13849
13852
13886
13886
13886
13897
13897
13897
13897
13897
13897
13897
13897
13897
13897
13897
13897
13897
13897
13897
13897
13897
13897
13897
13897
13897
13897
13897
13897
13897
13897
13897
13897
13897
13897
13897
13897
13897
13897
13897
13897
13897
13897
13897
13897
13897
13897
13897
13897
13897
13897
13897
13897
13897
13897
13897
13897
13897
13897
13897
13897
13897
13897
13897
13897
13897
13897
13897
13897
13897
13897
13897
13902
13902
13902
13902
13902
13902
13902
13914
13914
13914
13921
13921
13921
13957
13972
13972
13972
13972
13972
13972
13972
13972
13972
13972
14001
14001
14001
14001
14043
