4
5
8
9
9
9
11
17
17
35
35
35
35
54
61
75
78
80
98
100
106
106
107
107
107
118
118
118
118
118
118
118
118
118
118
118
118
118
118
118
118
118
118
118
118
118
118
118
118
118
118
118
118
118
118
118
118
118
118
118
118
118
118
152
152
152
196
196
237
237
244
265
265
267
267
273
273
274
275
290
290
305
305
305
305
305
335
337
337
346
348
348
373
379
396
396
401
401
401
401
401
401
401
401
401
401
401
401
401
401
401
401
401
401
401
401
401
401
401
401
401
401
401
401
401
401
401
401
401
401
401
401
401
401
401
401
401
401
401
401
401
401
401
401
401
401
401
404
451
498
498
498
498
498
498
498
498
516
516
516
516
516
555
559
623
623
633
646
648
649
649
649
653
655
659
662
662
678
684
695
706
709
710
711
711
711
711
728
735
740
740
751
754
756
759
765
765
765
788
790
790
790
810
810
812
815
815
816
816
824
824
828
833
833
838
838
838
847
850
850
850
853
853
853
853
853
853
853
853
853
853
874
874
874
874
874
874
874
874
897
908
908
908
914
914
914
914
914
914
914
914
914
914
914
914
914
914
914
914
914
914
914
914
914
914
914
914
914
914
914
914
914
914
914
914
914
914
914
914
914
914
914
914
914
914
914
914
914
914
914
914
914
914
914
914
914
914
914
914
914
914
914
914
914
914
914
914
914
914
914
914
914
914
914
914
914
914
914
914
914
914
914
914
914
914
914
914
914
914
914
963
986
988
988
1000
1000
1000
1000
1000
1000
1000
1000
1000
1000
1000
1000
1000
1000
1000
1000
1000
1000
1000
1000
1000
1000
1000
1007
1011
1101
1101
1101
1134
1168
1168
1168
1168
1168
1168
1183
1183
1183
1210
1229
1252
1256
1289
1289
1289
1289
1289
1289
1289
1289
1289
1289
1289
1289
1290
1295
1295
1330
1330
1354
1354
1354
1354
1354
1354
1354
1354
1354
1354
1354
1354
1354
1354
1354
1354
1354
1354
1354
1354
1354
1354
1354
1354
1354
1354
1354
1354
1354
1354
1354
1354
1362
1367
1367
1367
1367
1372
1378
1378
1378
1407
1426
1440
1440
1440
1440
1444
1444
1477
1477
1495
1495
1495
1499
1499
1534
1534
1534
1534
1534
1534
1534
1534
1534
1534
1534
1534
1535
1553
1553
1553
1562
1562
1562
1601
1601
1601
1601
1640
1640
1640
1640
1640
1640
1640
1640
1640
1640
1640
1640
1640
1640
1640
1640
1640
1640
1640
1655
1655
1665
1665
1673
1673
1673
1681
1681
1681
1681
1681
1681
1681
1681
1681
1681
1681
1681
1681
1681
1681
1681
1681
1688
1688
1688
1688
1688
1688
1688
1688
1688
1688
1688
1688
1688
1688
1688
1688
1688
1688
1688
1688
1688
1688
1688
1688
1688
1688
1688
1688
1688
1688
1688
1688
1688
1688
1688
1688
1688
1688
1688
1688
1688
1688
1688
1688
1688
1688
1688
1688
1688
1688
1688
1688
1688
1688
1688
1688
1688
1688
1688
1688
1688
1688
1688
1688
1688
1709
1727
1727
1731
1731
1749
1749
1749
1749
1749
1749
1749
1749
1749
1749
1749
1749
1749
1776
1776
1776
1776
1776
1776
1776
1776
1776
1776
1776
1776
1776
1776
1776
1822
1822
1822
1822
1822
1822
1834
1834
1834
1834
1849
1849
1849
1849
1849
1849
1849
1849
1849
1849
1849
1849
1849
1849
1849
1849
1849
1849
1849
1849
1849
1849
1849
1849
1849
1849
1849
1849
1849
1849
1849
1849
1849
1849
1849
1849
1849
1849
1849
1849
1849
1849
1849
1849
1849
1849
1849
1863
1863
1863
1863
1863
1863
1863
1863
1863
1910
1910
1910
1967
1972
1972
1972
1972
1980
2014
2032
2037
2037
2037
2037
2037
2037
2037
2037
2056
2057
2057
2057
2057
2057
2057
2059
2059
2084
2099
2106
2106
2106
2143
2143
2143
2148
2215
2215
2228
2228
2228
2228
2228
2228
2228
2228
2228
2228
2228
2228
2228
2228
2228
2228
2228
2228
2228
2228
2228
2228
2228
2228
2228
2228
2228
2228
2228
2228
2228
2228
2228
2228
2228
2241
2244
2244
2269
2269
2269
2269
2284
2295
2302
2302
2302
2302
2302
2302
2302
2323
2323
2323
2325
2325
2325
2325
2325
2325
2325
2325
2325
2329
2329
2329
2329
2329
2329
2329
2329
2329
2329
2329
2347
2347
2351
2351
2351
2351
2351
2351
2351
2351
2351
2351
2362
2362
2362
2362
2362
2362
2362
2362
2362
2362
2362
2362
2362
2362
2362
2362
2365
2365
2385
2385
2414
2414
2414
2414
2414
2414
2414
2414
2414
2414
2414
2414
2414
2414
2414
2414
2414
2419
2419
2436
2450
2450
2450
2450
2450
2450
2450
2450
2450
2450
2450
2450
2450
2450
2450
2450
2450
2450
2450
2450
2450
2450
2450
2450
2450
2450
2450
2450
2450
2450
2450
2450
2450
2450
2450
2450
2450
2450
2450
2450
2450
2450
2450
2450
2450
2463
2463
2463
2463
2476
2483
2483
2483
2514
2514
2514
2514
2514
2514
2514
2514
2514
2514
2522
2529
2529
2529
2529
2529
2561
2561
2608
2608
2625
2625
2631
2631
2631
2631
2631
2631
2631
2631
2631
2631
2631
2631
2631
2631
2631
2631
2631
2631
2719
2719
2729
2737
2737
2766
2766
2769
2769
2769
2769
2769
2769
2769
2769
2769
2769
2769
2769
2769
2769
2769
2769
2769
2769
2769
2769
2769
2769
2769
2769
2769
2769
2769
2769
2769
2769
2769
2769
2769
2769
2769
2769
2769
2769
2769
2769
2769
2769
2769
2769
2769
2769
2769
2769
2769
2769
2769
2769
2769
2769
2769
2769
2769
2769
2769
2769
2769
2769
2769
2769
2769
2769
2769
2769
2769
2769
2769
2769
2769
2769
2769
2769
2769
2769
2769
2769
2769
2769
2769
2769
2769
2769
2769
2769
2769
2769
2769
2769
2769
2769
2769
2769
2769
2769
2769
2769
2769
2769
2769
2769
2769
2769
2769
2769
2769
2769
2769
2769
2769
2769
2769
2769
2769
2769
2769
2769
2769
2769
2769
2769
2769
2769
2769
2769
2769
2769
2769
2769
2769
2769
2769
2769
2769
2769
2769
2769
2769
2769
2769
2769
2769
2769
2769
2769
2778
2778
2778
2778
2778
2778
2778
2778
2778
2778
2778
2778
2778
2778
2778
2778
2778
2778
2778
2778
2778
2778
2778
2778
2778
2778
2778
2778
2778
2798
2798
2798
2798
2798
2798
2798
2798
2798
2798
2798
2798
2798
2798
2798
2798
2798
2798
2798
2798
2798
2798
2798
2798
2798
2816
2816
2827
2827
2866
2866
2866
2866
2866
2866
2866
2918
2918
2918
2918
2918
2924
2924
2924
2924
2924
2924
2924
2924
2924
2924
2924
2924
2924
2924
2924
2924
2924
2924
2924
2924
2924
2924
2924
2924
2924
2924
2924
2924
2924
2924
2924
2924
2924
2924
2924
2924
2924
2924
2924
2936
2951
2968
3015
3015
3015
3015
3015
3015
3015
3015
3043
3043
3043
3043
3043
3043
3043
3043
3043
3043
3043
3043
3043
3069
3069
3069
3080
3084
3084
3084
3084
3084
3084
3091
3149
3149
3149
3149
3149
3149
3149
3149
3149
3149
3149
3149
3149
3149
3149
3149
3149
3149
3151
3152
3152
3152
3152
3152
3152
3152
3152
3152
3152
3152
3152
3152
3152
3152
3152
3152
3152
3152
3152
3152
3152
3152
3152
3152
3152
3152
3163
3163
3163
3170
3170
3170
3170
3170
3170
3170
3170
3170
3170
3170
3170
3170
3170
3170
3181
3191
3191
3191
3202
3226
3231
3231
3231
3231
3239
3239
3239
3239
3239
3239
3239
3239
3239
3239
3239
3239
3239
3239
3239
3239
3239
3239
3239
3239
3239
3239
3239
3239
3239
3239
3239
3239
3239
3239
3239
3239
3239
3239
3239
3239
3239
3239
3239
3239
3239
3239
3239
3239
3239
3239
3239
3239
3239
3239
3239
3239
3239
3239
3239
3239
3239
3239
3239
3239
3239
3239
3239
3239
3239
3239
3239
3239
3239
3239
3239
3239
3239
3239
3239
3239
3239
3239
3240
3241
3255
3257
3257
3257
3257
3257
3257
3257
3257
3257
3257
3301
3301
3301
3329
3329
3329
3366
3366
3387
3387
3401
3401
3401
3401
3401
3401
3406
3406
3406
3406
3406
3406
3448
3448
3473
3514
3514
3514
3514
3514
3514
3514
3514
3514
3514
3514
3514
3517
3517
3526
3526
3526
3567
3567
3567
3567
3573
3573
3573
3573
3573
3573
3573
3573
3573
3573
3573
3573
3573
3573
3573
3573
3573
3573
3573
3573
3573
3573
3573
3573
3573
3585
3585
3585
3585
3585
3593
3593
3620
3620
3677
3677
3681
3684
3712
3712
3751
3751
3751
3751
3773
3773
3775
3785
3785
3806
3806
3806
3806
3806
3806
3806
3806
3839
3839
3839
3851
3851
3851
3851
3851
3851
3851
3851
3917
3917
3937
3937
3949
3971
3971
3971
3971
3971
3971
3971
3971
3971
3971
3971
3971
3971
3971
3971
3971
3971
3971
3971
3971
3971
3971
3971
3971
3971
3971
3971
3971
3971
3971
3971
3971
3971
3971
3971
3971
3971
3971
3971
3971
3971
3971
3971
3971
3971
3971
3971
3971
3971
3971
3971
3971
3971
3971
3971
3971
3971
3971
3971
3971
3971
3971
3971
3971
3971
3971
3971
3971
3971
3971
3971
3971
3971
3971
3971
3971
3971
3971
3971
3987
3987
3987
3987
3987
3987
3987
3987
3987
3987
3987
3987
3987
3987
3987
3987
3987
3987
3987
3987
3987
3987
3987
3987
3987
3987
3987
3987
3987
3987
3987
3987
3987
3987
3987
3987
3987
3987
3987
3987
3987
3987
3987
3987
3987
3987
3987
3987
3987
3987
3987
3987
3987
3987
3987
3987
3987
4005
4005
4021
4021
4045
4067
4067
4079
4079
4082
4089
4089
4089
4089
4104
4104
4104
4104
4136
4136
4162
4171
4171
4177
4192
4209
4209
4209
4209
4209
4209
4209
4209
4209
4209
4209
4209
4209
4209
4209
4209
4209
4209
4240
4240
4240
4240
4240
4240
4240
4250
4282
4282
4282
4282
4282
4282
4282
4282
4282
4282
4282
4282
4282
4282
4282
4282
4282
4282
4282
4282
4282
4282
4282
4282
4282
4282
4282
4282
4282
4282
4282
4282
4282
4282
4282
4282
4282
4282
4282
4282
4282
4282
4282
4282
4282
4282
4282
4282
4282
4282
4282
4282
4282
4282
4282
4282
4282
4282
4282
4282
4282
4282
4282
4282
4296
4302
4302
4302
4302
4315
4315
4315
4315
4315
4315
4315
4316
4351
4363
4363
4417
4417
4417
4417
4417
4417
4417
4417
4417
4417
4421
4421
4421
4421
4421
4421
4421
4421
4421
4421
4444
4444
4478
4493
4517
4517
4517
4592
4592
4592
4592
4624
4636
4636
4658
4658
4674
4686
4686
4701
4701
4701
4701
4701
4701
4701
4701
4701
4701
4701
4701
4701
4701
4701
4701
4701
4701
4701
4701
4701
4701
4701
4701
4701
4701
4701
4701
4701
4701
4701
4701
4701
4701
4701
4701
4701
4701
4701
4701
4701
4701
4701
4701
4701
4701
4701
4701
4701
4701
4701
4701
4701
4701
4701
4701
4701
4701
4701
4701
4701
4701
4701
4701
4701
4701
4701
4701
4701
4701
4701
4701
4701
4701
4701
4701
4701
4701
4701
4701
4701
4701
4701
4701
4701
4701
4701
4701
4701
4701
4701
4701
4701
4701
4701
4701
4701
4701
4701
4701
4701
4701
4701
4701
4701
4701
4701
4701
4701
4701
4701
4701
4701
4701
4701
4701
4701
4701
4701
4701
4701
4701
4701
4701
4701
4701
4701
4701
4701
4701
4701
4701
4701
4701
4701
4701
4708
4709
4709
4734
4734
4734
4734
4734
4734
4734
4734
4737
4737
4737
4737
4737
4737
4737
4737
4737
4737
4737
4737
4737
4737
4737
4737
4737
4737
4737
4737
4737
4773
4773
4798
4798
4806
4806
4806
4806
4806
4806
4806
4806
4806
4806
4806
4806
4806
4806
4806
4806
4806
4806
4806
4806
4806
4806
4806
4806
4806
4806
4806
4806
4806
4806
4806
4806
4806
4806
4806
4806
4806
4806
4806
4806
4806
4806
4806
4806
4806
4806
4806
4806
4806
4806
4806
4806
4806
4806
4806
4806
4806
4806
4806
4806
4806
4806
4806
4806
4806
4806
4806
4820
4820
4820
4852
4852
4852
4852
4871
4871
4871
4871
4871
4871
4871
4871
4871
4871
4871
4871
4871
4871
4871
4871
4871
4883
4911
4911
4911
4911
4911
4911
4924
4924
4929
4929
4929
4929
4974
4987
4997
4997
5019
5019
5019
5019
5025
5027
5039
5042
5063
5063
5063
5063
5063
5063
5063
5063
5063
5063
5063
5063
5063
5063
5063
5063
5063
5063
5063
5063
5063
5063
5063
5063
5063
5063
5063
5063
5063
5063
5063
5063
5063
5063
5063
5063
5063
5063
5063
5063
5063
5063
5063
5063
5063
5063
5063
5063
5063
5063
5063
5063
5063
5063
5063
5063
5063
5063
5063
5063
5063
5063
5063
5063
5063
5063
5063
5063
5063
5063
5063
5063
5063
5063
5063
5063
5063
5063
5063
5063
5063
5063
5063
5063
5063
5063
5063
5063
5063
5063
5063
5063
5063
5063
5063
5063
5063
5063
5063
5063
5063
5063
5063
5063
5063
5063
5063
5063
5063
5108
5113
5144
5144
5144
5162
5162
5168
5168
5236
5260
5288
5288
5288
5288
5288
5288
5299
5299
5316
5316
5325
5325
5328
5392
5392
5396
5451
5451
5451
5451
5451
5458
5458
5458
5458
5458
5458
5458
5458
5458
5458
5458
5458
5458
5458
5492
5492
5507
5507
5507
5507
5507
5507
5507
5507
5507
5507
5507
5507
5507
5507
5507
5507
5507
5507
5507
5528
5528
5528
5528
5528
5528
5528
5528
5528
5528
5528
5528
5534
5534
5534
5542
5542
5564
5564
5584
5584
5584
5584
5584
5584
5584
5584
5584
5584
5584
5584
5584
5584
5584
5584
5584
5584
5584
5584
5584
5584
5584
5584
5584
5584
5584
5584
5584
5584
5584
5584
5584
5584
5584
5584
5584
5584
5584
5584
5584
5584
5584
5584
5584
5584
5584
5584
5584
5584
5584
5584
5584
5584
5584
5584
5584
5584
5584
5584
5584
5584
5584
5584
5584
5584
5584
5584
5584
5584
5584
5584
5584
5584
5584
5584
5584
5584
5584
5584
5584
5584
5584
5584
5584
5584
5584
5584
5584
5584
5584
5584
5584
5584
5584
5584
5584
5584
5584
5584
5584
5584
5584
5584
5584
5584
5584
5584
5584
5584
5584
5584
5584
5584
5584
5584
5584
5584
5584
5584
5584
5584
5584
5584
5584
5584
5584
5584
5584
5584
5584
5584
5584
5584
5584
5584
5584
5584
5584
5584
5584
5584
5584
5584
5584
5584
5584
5584
5584
5584
5584
5584
5584
5584
5584
5584
5584
5584
5584
5584
5584
5584
5584
5584
5584
5584
5584
5584
5584
5584
5584
5584
5584
5584
5584
5584
5584
5584
5584
5584
5584
5584
5584
5584
5584
5584
5584
5584
5584
5584
5584
5584
5584
5584
5584
5584
5584
5584
5584
5584
5584
5584
5584
5584
5584
5584
5584
5584
5584
5584
5584
5584
5584
5584
5584
5584
5584
5584
5584
5584
5584
5584
5584
5584
5584
5584
5584
5584
5584
5584
5584
5584
5584
5584
5584
5584
5584
5584
5584
5584
5584
5584
5584
5584
5584
5584
5584
5584
5584
5584
5584
5584
5584
5584
5584
5584
5584
5584
5584
5584
5584
5584
5584
5584
5584
5584
5584
5584
5584
5584
5584
5584
5584
5584
5584
5584
5584
5584
5584
5584
5584
5584
5584
5584
5584
5584
5584
5584
5584
5584
5584
5584
5584
5584
5584
5584
5584
5629
5629
5629
5629
5629
5629
5629
5629
5629
5629
5629
5629
5629
5634
5634
5634
5634
5634
5655
5709
5729
5729
5740
5740
5751
5751
5751
5751
5751
5751
5751
5751
5751
5751
5761
5777
5813
5817
5817
5830
5830
5830
5830
5834
5834
5834
5834
5834
5834
5834
5834
5834
5834
5834
5834
5834
5834
5834
5834
5834
5834
5834
5834
5834
5834
5834
5834
5834
5834
5834
5834
5834
5834
5834
5834
5834
5834
5834
5834
5834
5834
5834
5834
5834
5834
5834
5834
5834
5834
5834
5834
5834
5834
5834
5834
5834
5834
5834
5834
5834
5834
5834
5834
5834
5834
5834
5834
5834
5834
5834
5834
5834
5834
5834
5834
5834
5834
5834
5834
5834
5834
5834
5834
5834
5834
5834
5834
5834
5834
5834
5834
5834
5834
5834
5834
5834
5834
5834
5834
5834
5834
5834
5834
5834
5834
5834
5834
5834
5834
5834
5834
5834
5834
5834
5834
5834
5834
5834
5834
5834
5834
5834
5834
5834
5834
5834
5834
5834
5834
5835
5835
5835
5835
5837
5837
5837
5845
5845
5845
5845
5845
5855
5855
5855
5870
5870
5870
5870
5870
5870
5870
5870
5870
5870
5870
5870
5870
5870
5870
5886
5886
5886
5886
5886
5886
5886
5886
5886
5886
5886
5886
5886
5886
5886
5886
5886
5886
5886
5886
5886
5886
5886
5886
5886
5886
5886
5886
5886
5886
5886
5886
5886
5886
5886
5886
5886
5886
5886
5886
5886
5886
5886
5886
5886
5886
5886
5886
5886
5886
5886
5886
5886
5886
5886
5886
5886
5886
5886
5886
5886
5886
5886
5886
5886
5886
5886
5886
5886
5886
5886
5886
5886
5886
5886
5886
5886
5886
5886
5886
5886
5886
5886
5886
5886
5886
5886
5886
5886
5886
5886
5886
5886
5886
5886
5886
5886
5886
5886
5886
5886
5886
5886
5886
5886
5886
5886
5886
5886
5886
5886
5886
5925
5925
5925
5925
5925
5925
5925
5925
5925
5925
5925
5925
5925
5925
5925
5925
5925
5925
5925
5925
5925
5925
5925
5925
5925
5925
5925
5925
5925
5925
5925
5925
5925
5925
5925
5925
5925
5925
5925
5944
5944
5944
5944
5944
5944
5944
5944
5944
5944
5944
5944
5944
5944
5944
5944
5944
5944
5944
5944
5944
5944
5944
5944
5944
5944
5944
5944
5944
5944
5944
5944
5944
5944
5944
5944
5944
5944
5944
5944
5944
5944
5944
5944
5944
5944
5944
5944
5944
5944
5944
5944
5944
5944
5944
5944
5944
5944
5944
5944
5944
5944
5944
5944
5944
5944
5944
5950
5950
5950
5950
5950
5950
5950
5950
5950
5950
5950
5950
5950
5950
5950
5950
5950
5968
5968
5968
5968
5968
5980
5980
6014
6014
6014
6031
6042
6042
6042
6042
6047
6052
6056
6056
6056
6056
6056
6080
6087
6087
6087
6087
6087
6087
6087
6087
6087
6087
6087
6087
6087
6087
6087
6087
6087
6087
6087
6087
6087
6087
6087
6087
6087
6087
6087
6087
6087
6087
6087
6087
6087
6087
6087
6087
6087
6087
6087
6087
6087
6087
6087
6087
6087
6087
6087
6087
6087
6087
6087
6087
6087
6087
6121
6133
6144
6144
6144
6144
6144
6144
6144
6144
6144
6144
6144
6144
6144
6144
6144
6144
6144
6144
6144
6144
6144
6144
6144
6144
6144
6144
6144
6144
6144
6144
6144
6144
6144
6144
6144
6144
6144
6144
6144
6144
6144
6144
6144
6155
6155
6155
6155
6155
6196
6196
6197
6214
6227
6227
6227
6227
6227
6227
6227
6227
6227
6227
6227
6227
6227
6227
6227
6227
6227
6227
6227
6227
6227
6227
6227
6227
6227
6227
6227
6227
6227
6227
6227
6227
6227
6227
6227
6227
6227
6227
6227
6227
6227
6227
6227
6227
6227
6227
6227
6227
6227
6227
6227
6227
6227
6227
6227
6227
6227
6227
6227
6227
6227
6227
6227
6227
6227
6227
6227
6227
6227
6227
6227
6227
6227
6227
6227
6227
6237
6237
6237
6237
6237
6237
6237
6237
6237
6237
6289
6304
6304
6304
6304
6304
6304
6307
6320
6320
6320
6320
6320
6320
6320
6320
6320
6320
6320
6320
6320
6320
6320
6320
6320
6320
6320
6320
6320
6320
6320
6355
6355
6355
6355
6355
6355
6355
6355
6355
6355
6355
6355
6355
6355
6355
6355
6355
6355
6355
6355
6355
6355
6355
6355
6355
6355
6355
6355
6355
6355
6355
6355
6355
6355
6355
6355
6355
6355
6355
6355
6355
6355
6355
6355
6355
6355
6355
6355
6355
6355
6355
6355
6355
6355
6355
6355
6355
6355
6355
6355
6355
6355
6355
6355
6355
6355
6355
6355
6355
6355
6355
6355
6355
6355
6355
6355
6355
6355
6355
6355
6355
6355
6355
6355
6355
6355
6355
6355
6355
6355
6355
6355
6355
6355
6355
6355
6355
6355
6358
6358
6379
6379
6379
6379
6379
6379
6379
6379
6379
6379
6379
6379
6379
6379
6379
6379
6379
6379
6379
6379
6379
6379
6379
6379
6379
6379
6379
6379
6379
6379
6379
6379
6379
6379
6379
6379
6379
6379
6379
6379
6379
6379
6379
6379
6379
6379
6379
6379
6379
6379
6379
6379
6379
6379
6379
6379
6379
6379
6379
6379
6379
6379
6379
6379
6379
6379
6379
6379
6379
6379
6379
6379
6379
6379
6379
6379
6379
6379
6379
6379
6379
6379
6379
6379
6379
6379
6379
6379
6379
6379
6379
6379
6379
6379
6379
6379
6379
6379
6379
6379
6379
6379
6379
6379
6379
6379
6379
6379
6379
6379
6379
6379
6425
6432
6432
6432
6432
6453
6454
6454
6457
6461
6461
6495
6505
6509
6516
6516
6549
6549
6574
6574
6574
6592
6592
6592
6592
6592
6592
6592
6592
6592
6592
6592
6592
6624
6624
6624
6624
6624
6624
6624
6624
6624
6624
6624
6624
6624
6624
6624
6624
6624
6624
6624
6624
6624
6624
6624
6624
6624
6624
6624
6624
6624
6624
6624
6624
6624
6624
6624
6624
6624
6624
6624
6624
6624
6624
6624
6624
6624
6624
6624
6624
6624
6624
6624
6624
6624
6624
6624
6624
6624
6624
6624
6624
6624
6624
6624
6624
6624
6624
6624
6624
6624
6624
6624
6624
6624
6624
6624
6624
6624
6624
6624
6624
6624
6624
6624
6624
6624
6624
6624
6624
6624
6624
6624
6624
6624
6624
6624
6624
6624
6624
6624
6624
6624
6624
6624
6624
6624
6624
6624
6624
6624
6624
6624
6630
6640
6673
6673
6688
6689
6689
6689
6703
6703
6703
6703
6712
6712
6712
6712
6712
6712
6739
6739
6739
6739
6739
6750
6752
6777
6777
6796
6796
6796
6796
6796
6796
6815
6815
6815
6815
6815
6815
6815
6815
6815
6815
6815
6815
6815
6815
6815
6815
6815
6815
6815
6815
6815
6815
6815
6815
6815
6815
6815
6815
6815
6815
6815
6815
6815
6815
6815
6815
6815
6815
6815
6815
6815
6815
6815
6815
6815
6815
6815
6815
6815
6815
6815
6815
6815
6815
6815
6815
6815
6815
6862
6862
6862
6862
6862
6862
6862
6862
6917
6917
6917
6917
6934
6934
6934
6934
6946
6946
6946
6946
6946
6946
6946
6946
6946
6946
6946
6946
6946
6946
6946
6946
6946
6946
6946
6946
6946
6946
6946
6949
6949
7004
7006
7006
7006
7006
7016
7016
7016
7016
7016
7029
7029
7033
7042
7042
7042
7057
7057
7057
7057
7057
7057
7057
7057
7057
7057
7057
7057
7057
7057
7057
7057
7057
7057
7057
7057
7057
7057
7057
7057
7057
7057
7057
7057
7057
7057
7057
7057
7057
7057
7057
7057
7057
7057
7057
7057
7057
7057
7057
7057
7057
7057
7057
7057
7057
7057
7057
7057
7057
7057
7057
7057
7057
7057
7057
7062
7082
7082
7082
7082
7082
7118
7120
7120
7120
7120
7129
7129
7133
7133
7133
7133
7133
7133
7142
7161
7161
7163
7178
7178
7196
7196
7226
7226
7226
7226
7226
7226
7233
7233
7233
7233
7268
7268
7268
7268
7268
7268
7268
7268
7268
7268
7268
7268
7268
7268
7268
7268
7268
7268
7268
7268
7268
7268
7268
7268
7268
7268
7268
7268
7268
7268
7268
7268
7268
7268
7268
7268
7268
7268
7268
7268
7268
7268
7268
7268
7268
7268
7268
7268
7268
7268
7268
7268
7268
7268
7268
7268
7268
7268
7268
7268
7268
7268
7268
7268
7268
7268
7268
7268
7268
7268
7268
7268
7268
7268
7268
7268
7268
7268
7268
7268
7268
7268
7268
7268
7268
7268
7268
7268
7268
7268
7268
7268
7268
7268
7268
7268
7268
7268
7268
7268
7268
7268
7275
7275
7281
7281
7281
7281
7281
7281
7281
7281
7281
7281
7281
7281
7281
7281
7281
7281
7281
7281
7281
7281
7281
7281
7281
7281
7281
7281
7281
7281
7285
7285
7295
7295
7295
7295
7295
7300
7300
7300
7300
7300
7300
7300
7300
7300
7300
7300
7300
7300
7300
7300
7300
7300
7300
7300
7300
7300
7300
7300
7300
7300
7300
7300
7300
7300
7300
7300
7304
7304
7304
7304
7304
7304
7304
7304
7304
7304
7304
7304
7304
7304
7304
7304
7304
7304
7317
7317
7317
7317
7317
7317
7345
7345
7345
7345
7345
7345
7345
7345
7345
7345
7345
7345
7345
7345
7345
7345
7345
7345
7345
7345
7352
7352
7370
7376
7376
7376
7376
7376
7376
7376
7376
7376
7376
7376
7376
7376
7376
7376
7376
7376
7376
7376
7376
7376
7376
7376
7376
7376
7376
7376
7376
7376
7376
7376
7376
7376
7376
7376
7376
7376
7376
7376
7376
7376
7376
7376
7376
7376
7376
7376
7376
7376
7376
7376
7376
7376
7376
7376
7376
7376
7376
7376
7376
7376
7376
7376
7376
7376
7376
7376
7376
7376
7376
7376
7376
7376
7376
7376
7376
7376
7376
7376
7376
7376
7376
7376
7376
7376
7397
7407
7407
7407
7450
7468
7468
7468
7468
7468
7468
7490
7490
7490
7490
7490
7490
7490
7490
7490
7490
7504
7504
7504
7504
7504
7504
7504
7504
7504
7504
7504
7515
7515
7515
7515
7515
7515
7515
7515
7515
7515
7515
7557
7557
7557
7557
7557
7557
7557
7557
7557
7557
7557
7557
7557
7557
7557
7557
7557
7557
7557
7570
7570
7570
7570
7570
7570
7570
7570
7570
7570
7570
7570
7582
7582
7582
7582
7582
7582
7592
7592
7592
7592
7592
7621
7621
7621
7621
7621
7621
7621
7621
7621
7621
7621
7621
7621
7621
7621
7621
7621
7621
7621
7621
7621
7621
7621
7621
7621
7621
7621
7621
7621
7621
7621
7621
7621
7621
7621
7621
7621
7622
7622
7622
7622
7632
7649
7649
7651
7651
7651
7651
7651
7651
7651
7651
7651
7651
7651
7651
7651
7651
7651
7687
7687
7687
7687
7687
7687
7687
7687
7689
7699
7699
7699
7699
7778
7778
7778
7788
7788
7788
7832
7832
7832
7832
7832
7832
7876
7905
7925
7931
7931
7931
7931
7931
7931
7937
7937
7966
7975
7975
7975
7975
7975
7975
7980
7980
7980
8002
8002
8002
8002
8002
8002
8002
8002
8002
8002
8002
8002
8002
8002
8002
8002
8002
8002
8002
8002
8002
8002
8002
8002
8002
8002
8002
8002
8002
8002
8002
8002
8002
8002
8002
8002
8002
8002
8002
8002
8002
8002
8002
8002
8002
8002
8002
8002
8002
8002
8002
8002
8002
8002
8002
8002
8002
8002
8002
8002
8002
8002
8002
8002
8002
8002
8002
8002
8002
8002
8002
8002
8002
8002
8002
8002
8002
8002
8002
8002
8002
8002
8002
8002
8002
8002
8002
8002
8002
8002
8002
8002
8002
8002
8002
8002
8002
8002
8002
8002
8002
8002
8002
8002
8002
8002
8002
8002
8002
8002
8002
8002
8002
8002
8002
8015
8015
8015
8015
8015
8015
8015
8015
8015
8015
8015
8015
8015
8015
8015
8015
8015
8015
8015
8015
8015
8015
8015
8015
8015
8015
8015
8015
8015
8015
8015
8015
8015
8015
8015
8015
8015
8015
8015
8015
8015
8015
8015
8015
8015
8015
8015
8015
8015
8015
8015
8015
8015
8015
8015
8015
8015
8015
8015
8015
8015
8015
8015
8015
8015
8015
8015
8017
8041
8041
8049
8049
8053
8053
8053
8053
8053
8054
8081
8081
8133
8133
8133
8156
8156
8156
8156
8156
8156
8156
8156
8156
8156
8161
8161
8161
8161
8161
8185
8185
8185
8185
8185
8190
8206
8215
8232
8232
8232
8273
8273
8273
8273
8273
8273
8273
8273
8273
8273
8273
8273
8273
8273
8273
8273
8273
8273
8273
8280
8331
8331
8347
8356
8356
8356
8356
8356
8356
8356
8379
8379
8384
8384
8406
8455
8455
8455
8455
8455
8455
8455
8455
8455
8455
8455
8455
8455
8455
8455
8516
8517
8517
8517
8517
8546
8555
8555
8555
8599
8600
8600
8600
8600
8600
8600
8600
8600
8600
8600
8600
8600
8600
8600
8600
8611
8611
8642
8642
8642
8642
8642
8670
8670
8670
8701
8701
8722
8722
8722
8722
8722
8722
8722
8722
8722
8722
8722
8722
8722
8722
8722
8722
8722
8722
8722
8722
8722
8722
8722
8722
8722
8722
8722
8722
8722
8722
8722
8722
8722
8722
8722
8722
8722
8722
8722
8722
8724
8733
8736
8736
8736
8736
8736
8736
8736
8736
8736
8736
8736
8736
8751
8762
8762
8762
8762
8762
8762
8762
8762
8762
8762
8762
8762
8762
8762
8762
8762
8762
8762
8762
8762
8762
8762
8762
8762
8762
8762
8762
8762
8762
8762
8762
8762
8762
8762
8762
8762
8762
8762
8762
8762
8762
8762
8762
8762
8762
8762
8762
8762
8762
8762
8762
8762
8762
8762
8762
8762
8762
8762
8762
8762
8762
8762
8762
8762
8762
8762
8762
8762
8762
8762
8762
8762
8762
8762
8762
8762
8762
8762
8762
8762
8762
8762
8762
8762
8762
8762
8762
8762
8762
8762
8762
8762
8762
8762
8762
8762
8762
8762
8762
8762
8762
8762
8762
8762
8762
8762
8762
8762
8787
8815
8838
8838
8838
8838
8838
8838
8838
8838
8885
8885
8885
8885
8901
8901
8901
8901
8901
8901
8901
8901
8901
8901
8901
8901
8901
8901
8901
8901
8901
8901
8901
8901
8901
8901
8901
8901
8901
8901
8901
8901
8901
8901
8901
8901
8901
8901
8901
8901
8901
8901
8901
8901
8901
8901
8901
8901
8901
8901
8901
8901
8901
8901
8901
8901
8901
8901
8901
8901
8901
8901
8901
8901
8901
8901
8901
8901
8901
8901
8901
8901
8901
8901
8901
8901
8901
8901
8901
8901
8901
8901
8901
8901
8901
8901
8901
8901
8901
8901
8901
8901
8901
8901
8901
8901
8901
8901
8901
8901
8901
8901
8901
8901
8901
8901
8901
8901
8901
8901
8901
8901
8901
8901
8901
8901
8901
8901
8901
8901
8901
8901
8901
8901
8901
8901
8901
8901
8901
8901
8901
8901
8901
8901
8901
8901
8901
8901
8901
8901
8901
8901
8901
8901
8901
8901
8901
8901
8901
8901
8901
8901
8901
8901
8901
8901
8901
8901
8901
8901
8901
8901
8901
8901
8901
8901
8901
8901
8901
8901
8901
8901
8901
8901
8901
8901
8901
8909
8909
8909
8909
8919
8919
8935
8943
8967
8967
8967
8967
8967
8967
8967
8967
8967
8967
8967
8967
8967
8967
8967
8967
8979
8979
9016
9016
9016
9023
9023
9023
9023
9023
9047
9047
9047
9047
9047
9047
9047
9070
9070
9070
9081
9081
9081
9081
9081
9081
9081
9081
9086
9086
9086
9086
9086
9086
9086
9086
9086
9086
9086
9086
9113
9113
9113
9113
9113
9113
9113
9113
9113
9113
9113
9113
9113
9113
9113
9113
9113
9113
9113
9113
9113
9113
9113
9113
9113
9113
9113
9113
9113
9113
9113
9113
9113
9113
9113
9113
9113
9113
9113
9113
9113
9113
9113
9113
9113
9113
9113
9113
9113
9113
9113
9113
9113
9113
9113
9113
9113
9113
9113
9113
9113
9113
9113
9113
9113
9113
9113
9113
9113
9122
9122
9138
9138
9141
9141
9141
9181
9213
9243
9243
9249
9249
9249
9249
9278
9278
9293
9298
9298
9298
9298
9298
9298
9298
9298
9298
9298
9298
9298
9298
9298
9298
9298
9301
9301
9301
9301
9301
9301
9301
9301
9301
9301
9301
9301
9301
9301
9301
9301
9301
9301
9301
9301
9301
9301
9301
9301
9301
9301
9301
9301
9301
9301
9301
9301
9301
9301
9301
9301
9301
9301
9301
9301
9301
9301
9301
9301
9301
9301
9301
9301
9301
9301
9301
9301
9301
9301
9301
9301
9301
9301
9301
9301
9301
9301
9301
9301
9301
9301
9301
9301
9301
9301
9301
9301
9301
9301
9301
9301
9301
9301
9301
9301
9301
9301
9301
9301
9301
9301
9301
9301
9301
9301
9301
9301
9301
9301
9301
9301
9301
9301
9301
9301
9301
9301
9301
9301
9301
9301
9301
9301
9301
9301
9301
9301
9301
9301
9301
9301
9301
9301
9301
9301
9301
9301
9301
9301
9301
9301
9301
9301
9301
9301
9301
9301
9301
9301
9301
9301
9301
9301
9301
9301
9301
9301
9301
9301
9301
9301
9301
9301
9301
9301
9301
9301
9301
9301
9301
9301
9301
9301
9301
9301
9301
9301
9301
9301
9321
9332
9336
9336
9356
9370
9370
9370
9370
9370
9380
9380
9380
9380
9380
9380
9380
9395
9395
9395
9395
9395
9395
9395
9395
9395
9395
9395
9395
9395
9395
9395
9395
9395
9395
9395
9395
9395
9395
9415
9419
9442
9442
9442
9442
9442
9454
9454
9454
9454
9454
9454
9454
9454
9487
9489
9489
9489
9489
9489
9489
9489
9489
9489
9489
9489
9489
9489
9489
9515
9536
9536
9536
9536
9536
9536
9549
9558
9564
9564
9564
9572
9572
9572
9572
9572
9572
9572
9582
9582
9582
9582
9582
9582
9582
9593
9593
9593
9593
9593
9593
9593
9593
9593
9593
9593
9593
9593
9605
9605
9605
9605
9605
9605
9605
9605
9605
9605
9605
9605
9631
9631
9631
9631
9631
9631
9631
9631
9631
9631
9631
9631
9631
9631
9631
9631
9631
9631
9631
9631
9631
9631
9631
9631
9631
9631
9631
9631
9631
9631
9631
9631
9631
9631
9631
9631
9631
9631
9631
9631
9631
9631
9631
9631
9631
9631
9631
9631
9631
9631
9631
9631
9631
9631
9631
9631
9631
9631
9631
9631
9631
9631
9631
9631
9631
9631
9631
9631
9631
9631
9631
9631
9631
9631
9631
9631
9631
9631
9631
9631
9631
9631
9631
9631
9631
9631
9631
9631
9631
9631
9631
9631
9631
9631
9631
9631
9631
9631
9631
9631
9631
9631
9631
9631
9631
9631
9631
9631
9631
9631
9631
9631
9631
9631
9631
9631
9631
9631
9631
9631
9631
9631
9631
9631
9631
9631
9631
9631
9631
9631
9631
9631
9631
9631
9631
9631
9631
9631
9631
9631
9631
9631
9631
9631
9631
9631
9631
9631
9631
9631
9631
9631
9631
9631
9631
9631
9631
9631
9631
9631
9631
9631
9631
9631
9631
9631
9631
9631
9631
9631
9631
9631
9631
9631
9631
9631
9631
9631
9631
9631
9631
9631
9631
9631
9631
9631
9631
9631
9631
9631
9631
9631
9631
9631
9631
9631
9631
9631
9631
9631
9631
9631
9631
9631
9634
9654
9654
9654
9654
9654
9667
9667
9667
9667
9667
9667
9667
9667
9667
9667
9667
9667
9667
9667
9667
9667
9667
9667
9667
9667
9667
9667
9667
9667
9667
9667
9667
9667
9667
9667
9667
9667
9667
9684
9684
9684
9702
9705
9705
9705
9705
9705
9705
9709
9709
9709
9709
9709
9709
9709
9709
9709
9709
9709
9709
9709
9709
9747
9766
9771
9771
9781
9829
9875
9904
9904
9904
9904
9904
9904
9904
9904
9904
9904
9904
9904
9904
9904
9904
9904
9904
9904
9904
9904
9904
9904
9904
9904
9904
9904
9904
9904
9904
9904
9904
9904
9904
9904
9904
9904
9904
9904
9904
9904
9904
9904
9904
9904
9904
9906
9906
9906
9906
9906
9925
9925
9925
9925
9925
9925
9925
9935
9935
9935
9935
9935
9935
9935
9935
9935
9935
9935
9935
9935
9935
9935
9935
9935
9935
9935
9935
9935
9935
9935
9935
9935
9935
9935
9935
9938
9951
9951
9951
9951
9951
9951
9951
9951
9951
9951
9953
9953
9953
9953
9953
9956
9956
9969
9969
9969
9969
9969
9976
9976
9976
9999
9999
9999
9999
9999
9999
10020
10020
10020
10067
10069
10069
10069
10075
10090
10090
10133
10133
10149
10163
10163
10163
10188
10194
10214
10214
10214
10214
10214
10214
10214
10214
10214
10214
10214
10218
10218
10244
10244
10244
10261
10262
10262
10266
10275
10275
10281
10296
10296
10296
10296
10298
10298
10298
10312
10339
10354
10354
10366
10366
10366
10366
10366
10371
10371
10371
10386
10386
10386
10386
10421
10421
10440
10440
10440
10447
10447
10452
10493
10493
10493
10493
10493
10517
10517
10517
10529
10541
10541
10560
10560
10560
10560
10560
10560
10560
10560
10560
10560
10560
10560
10560
10560
10560
10560
10560
10560
10560
10560
10560
10560
10560
10560
10560
10573
10573
10573
10573
10573
10573
10585
10598
10598
10607
10607
10624
10641
10641
10641
10655
10655
10663
10663
10663
10663
10676
10682
10682
10700
10707
10707
10707
10746
10746
10746
10773
10773
10773
10773
10773
10773
10773
10773
10773
10773
10773
10773
10773
10773
10773
10775
10775
10775
10775
10775
10775
10775
10775
10775
10775
10775
10775
10775
10775
10775
10841
10841
10841
10841
10841
10841
10863
10872
10872
10872
10880
10880
10880
10880
10880
10880
10880
10880
10880
10880
10880
10880
10880
10880
10880
10880
10880
10880
10880
10880
10880
10880
10880
10880
10880
10880
10880
10880
10880
10880
10880
10880
10880
10908
10929
10929
10961
10975
10976
10976
10976
10992
10992
10992
10992
10992
10992
11012
11012
11012
11012
11012
11012
11012
11012
11012
11012
11012
11012
11012
11012
11012
11012
11012
11012
11012
11012
11012
11012
11012
11012
11012
11012
11012
11012
11012
11012
11012
11012
11012
11012
11012
11012
11012
11012
11012
11012
11012
11012
11012
11012
11012
11012
11012
11012
11012
11012
11012
11012
11012
11072
11072
11072
11072
11072
11072
11072
11072
11072
11072
11072
11072
11072
11072
11072
11072
11072
11072
11072
11072
11072
11072
11073
11102
11102
11105
11105
11105
11107
11125
11125
11125
11125
11125
11125
11125
11125
11125
11125
11125
11125
11125
11125
11125
11125
11125
11125
11125
11125
11125
11125
11125
11125
11125
11155
11155
11155
11183
11183
11183
11183
11189
11199
11212
11253
11272
11272
11280
11280
11327
11327
11351
11351
11364
11364
11401
11401
11412
11412
11412
11433
11433
11433
11433
11433
11433
11433
11433
11433
11433
11433
11433
11433
11433
11433
11433
11433
11433
11433
11437
11453
11453
11453
11453
11453
11453
11453
11453
11453
11453
11453
11453
11453
11453
11453
11453
11453
11453
11453
11453
11453
11453
11453
11453
11453
11453
11453
11453
11453
11453
11453
11453
11453
11453
11453
11453
11453
11453
11453
11453
11453
11453
11453
11453
11453
11453
11453
11453
11453
11453
11453
11453
11453
11453
11453
11453
11453
11453
11453
11453
11453
11453
11453
11453
11453
11453
11453
11453
11453
11453
11453
11453
11453
11453
11453
11453
11453
11453
11453
11453
11453
11453
11453
11453
11453
11453
11453
11453
11453
11453
11453
11453
11453
11453
11453
11453
11453
11453
11453
11453
11453
11453
11453
11453
11453
11453
11453
11453
11453
11453
11453
11453
11453
11453
11453
11453
11453
11453
11453
11453
11453
11453
11453
11453
11453
11453
11453
11453
11453
11453
11453
11453
11453
11453
11453
11453
11453
11453
11453
11453
11453
11453
11453
11453
11453
11453
11453
11453
11453
11453
11453
11453
11453
11453
11453
11453
11453
11453
11453
11453
11453
11453
11453
11453
11453
11455
11455
11544
11544
11544
11544
11544
11590
11605
11605
11605
11605
11605
11605
11605
11605
11605
11605
11605
11605
11607
11607
11655
11655
11655
11694
11694
11720
11721
11745
11750
11755
11780
11780
11786
11803
11803
11803
11803
11803
11803
11803
11803
11803
11803
11803
11803
11803
11803
11803
11803
11803
11803
11803
11803
11803
11803
11803
11803
11803
11803
11803
11803
11817
11837
11837
11837
11837
11837
11854
11854
11854
11854
11854
11854
11854
11854
11854
11854
11854
11854
11854
11854
11854
11854
11854
11854
11854
11854
11854
11854
11854
11854
11892
11897
11897
11897
11897
11897
11914
11921
11921
11921
11921
11921
11921
11921
11921
11921
11921
11921
11921
11921
11932
11934
11934
11934
11934
11947
11947
11957
11998
11998
12018
12018
12055
12059
12070
12070
12070
12079
12079
12079
12079
12112
12112
12112
12112
12112
12112
12112
12112
12112
12112
12112
12112
12112
12112
12112
12112
12112
12112
12112
12112
12112
12112
12112
12121
12134
12134
12149
12149
12156
12156
12156
12156
12157
12157
12157
12157
12157
12157
12157
12164
12164
12164
12172
12172
12172
12172
12172
12172
12172
12172
12172
12172
12172
12172
12172
12172
12172
12172
12172
12172
12172
12172
12172
12172
12172
12172
12172
12172
12172
12172
12172
12172
12172
12174
12194
12194
12216
12216
12216
12230
12243
12243
12243
12243
12243
12252
12260
12261
12265
12265
12265
12290
12290
12290
12290
12290
12290
12290
12290
12290
12290
12290
12290
12290
12290
12290
12290
12290
12290
12290
12290
12290
12290
12290
12290
12290
12290
12290
12290
12290
12290
12290
12290
12290
12290
12290
12290
12290
12290
12290
12290
12290
12290
12290
12290
12290
12290
12290
12290
12290
12290
12290
12290
12290
12290
12290
12290
12290
12290
12290
12290
12290
12290
12290
12290
12290
12290
12290
12290
12290
12290
12290
12290
12290
12303
12303
12303
12303
12303
12303
12303
12303
12303
12303
12303
12303
12303
12303
12303
12303
12303
12303
12303
12303
12303
12303
12303
12303
12303
12303
12303
12303
12303
12303
12303
12303
12303
12303
12303
12303
12303
12303
12303
12303
12303
12303
12303
12303
12303
12303
12303
12303
12303
12303
12303
12303
12303
12303
12303
12303
12303
12303
12303
12303
12303
12303
12303
12303
12303
12303
12303
12303
12303
12303
12303
12303
12303
12303
12303
12303
12303
12303
12364
12364
12375
12375
12375
12375
12375
12375
12375
12375
12375
12375
12375
12375
12375
12375
12375
12375
12375
12375
12375
12375
12375
12375
12375
12375
12375
12375
12375
12375
12375
12375
12375
12375
12375
12375
12375
12375
12375
12375
12375
12375
12375
12375
12375
12375
12375
12375
12375
12375
12375
12375
12375
12375
12375
12375
12375
12375
12375
12375
12375
12375
12375
12375
12375
12375
12375
12375
12375
12375
12375
12375
12375
12375
12375
12375
12415
12415
12415
12415
12415
12451
12451
12466
12466
12498
12498
12498
12498
12498
12498
12505
12505
12505
12505
12505
12505
12505
12505
12505
12505
12505
12505
12505
12505
12505
12505
12505
12505
12505
12505
12505
12505
12505
12505
12505
12505
12505
12505
12505
12505
12505
12505
12505
12505
12505
12505
12519
12519
12519
12519
12519
12519
12519
12519
12519
12519
12519
12519
12519
12519
12519
12519
12519
12519
12519
12519
12519
12519
12519
12519
12519
12519
12519
12519
12519
12519
12519
12519
12519
12519
12519
12519
12519
12519
12519
12519
12519
12528
12537
12537
12537
12548
12548
12548
12548
12548
12571
12571
12571
12571
12571
12571
12571
12571
12571
12571
12571
12571
12571
12571
12571
12571
12571
12571
12571
12571
12607
12607
12625
12625
12625
12637
12637
12637
12637
12637
12637
12637
12637
12637
12669
12672
12691
12691
12691
12691
12691
12691
12691
12691
12691
12691
12691
12691
12691
12691
12691
12691
12691
12691
12691
12691
12691
12691
12691
12691
12691
12691
12691
12695
12695
12695
12695
12754
12754
12767
12767
12775
12775
12775
12775
12775
12791
12799
12799
12812
12812
12812
12819
12851
12860
12905
12906
12906
12906
12942
12942
12942
12942
12942
12942
12942
12942
12942
12942
12942
12942
12942
12942
12942
12942
12942
12942
12942
12942
12942
12942
12942
12942
12942
12942
12942
12942
12942
12942
12942
12942
12942
12942
12942
12942
12942
12942
12942
12942
12942
12942
12967
12967
12990
12990
12990
12990
12990
12990
12998
13035
13035
13035
13053
13090
13093
13093
13187
13187
13187
13187
13187
13187
13187
13189
13189
13189
13189
13189
13201
13201
13202
13202
13202
13218
13218
13218
13218
13218
13226
13226
13226
13226
13226
13226
13226
13226
13226
13226
13226
13226
13226
13226
13226
13226
13226
13226
13226
13226
13226
13226
13226
13226
13226
13226
13227
13227
13254
13254
13254
13254
13254
13254
13254
13254
13254
13254
13254
13254
13254
13254
13254
13254
13254
13254
13254
13254
13254
13260
13260
13260
13260
13260
13260
13260
13260
13260
13260
13260
13260
13260
13260
13260
13260
13260
13260
13260
13260
13260
13260
13260
13260
13292
13310
13323
13334
13334
13334
13354
13355
13382
13413
13416
13416
13416
13416
13416
13416
13416
13416
13439
13439
13457
13457
13457
13457
13464
13467
13484
13485
13485
13485
13485
13540
13540
13543
13543
13543
13600
13600
13600
13600
13600
13600
13600
13600
13600
13600
13600
13600
13600
13600
13600
13600
13600
13600
13600
13600
13600
13633
13633
13633
13633
13633
13654
13656
13687
13687
13687
13687
13687
13701
13701
13701
13701
13701
13701
13701
13701
13701
13701
13701
13701
13701
13701
13701
13701
13701
13701
13701
13701
13701
13701
13701
13701
13701
13701
13701
13701
13701
13701
13701
13701
13701
13701
13701
13701
13701
13701
13701
13701
13701
13701
13701
13701
13701
13701
13701
13701
13709
13709
13709
13709
13709
13709
13709
13721
13729
13751
13751
13751
13751
13751
13751
13751
13751
13751
13751
13751
13751
13751
13751
13751
13751
13751
13751
13751
13751
13751
13751
13751
13751
13751
13751
13751
13751
13751
13751
13751
13751
13751
13751
13751
13751
13751
13751
13751
13751
13751
13751
13751
13751
13751
13751
13751
13751
13751
13751
13751
13751
13751
13751
13751
13751
13751
13751
13751
13751
13751
13751
13751
13751
13751
13751
13751
13751
13751
13751
13751
13751
13751
13751
13751
13751
13751
13751
13751
13751
13751
13751
13751
13751
13751
13751
13751
13751
13751
13751
13751
13751
13751
13751
13751
13751
13751
13751
13751
13751
13751
13751
13751
13751
13751
13751
13797
13797
13821
13821
13850
13850
13850
13881
13881
13881
13902
13902
13902
13902
13902
13909
13909
13909
13909
13909
13961
13961
13961
13976
13976
13976
13976
13987
13987
13987
13987
13987
13999
14010
14010
14010
14010
14010
14036
14040
14040
14040
14040
14040
14040
14040
14040
14040
14040
14040
14040
14040
14040
14040
14040
14040
14040
14040
14040
14040
14040
14040
14040
14040
14040
14040
14040
14040
14040
14040
14040
14040
14040
14040
14040
14040
14040
14040
14040
14040
14040
14040
14040
14040
14040
14040
14040
14040
14040
14040
14040
14040
14040
14040
14040
14040
14040
14040
14040
14065
14072
14089
14124
14124
14124
14124
14124
14124
14124
14124
14124
14124
14124
14124
14124
14124
14124
14124
14124
14124
14124
14124
14124
14124
14124
14124
14124
14124
14124
14124
14124
14124
14131
14143
14155
14179
14179
14179
14179
14179
14179
14179
14179
14179
14179
14179
14179
14179
14179
14179
14179
14179
14179
14179
14179
14179
14179
14179
14179
14179
14179
14179
14179
14179
14179
14179
14179
14179
14179
14179
14179
14179
14179
14179
14179
14179
14179
14179
14179
14179
14179
14179
14179
14179
14179
14179
14179
14179
14179
14179
14179
14179
14179
14179
14179
14179
14179
14179
14179
14179
14179
14179
14179
14179
14179
14179
14179
14179
14179
14208
14208
14208
14208
14208
14230
14230
14230
14230
14230
14237
14257
14273
14273
14273
14273
14273
14273
14286
14286
14323
14323
14323
14336
14336
14336
14336
14347
14347
14347
14347
14347
14347
14347
14347
14347
14347
14347
14347
14383
14383
14400
14402
14413
14413
14413
14413
14413
14413
14413
14415
14415
14415
14415
14415
14415
14415
14415
14415
14415
14423
14437
14441
14441
14441
14441
14441
14452
14452
14452
14452
14452
14452
14452
14461
14468
14468
14468
14468
14468
14468
14501
14501
14501
14512
14512
14525
14525
14525
14525
14525
14525
14525
14525
14550
14575
14575
14575
14575
14575
14575
14575
14575
14575
14575
14575
14575
14575
14575
14575
14575
14575
14575
14575
14575
14575
14575
14575
14575
14575
14575
14575
14575
14575
14575
14575
14575
14575
14575
14584
14584
14584
14584
14584
14584
14584
14584
14584
14584
14584
14584
14584
14584
14584
14584
14584
14584
14584
14584
14584
14584
14584
14584
14584
14584
14584
14584
14584
14584
14584
14584
14584
14584
14584
14584
14584
14584
14584
14584
14584
14584
14584
14584
14584
14584
14584
14584
14584
14584
14584
14584
14584
14584
14584
14584
14584
14584
14584
14584
14584
14584
14584
14584
14584
14584
14584
14584
14584
14584
14584
14584
14584
14584
14584
14584
14584
14584
14584
14584
14584
14584
14584
14584
14584
14584
14584
14584
14584
14584
14584
14584
14584
14584
14584
14584
14584
14584
14584
14584
14584
14584
14584
14584
14584
14584
14584
14584
14584
14584
14584
14584
14584
14584
14584
14584
14584
14584
14584
14584
14584
14584
14584
14584
14584
14584
14584
14584
14584
14584
14584
14584
14584
14584
14584
14584
14584
14584
14584
14584
14584
14584
14584
14584
14584
14584
14584
14584
14584
14584
14584
14584
14584
14584
14584
14587
14587
14587
14617
14625
14625
14627
14627
14627
14627
14627
14627
14627
14627
14627
14627
14627
14627
14627
14627
14627
14627
14627
14627
14627
14627
14627
14627
14627
14627
14627
14627
14627
14627
14627
14627
14627
14627
14627
14627
14627
14627
14627
14627
14627
14627
14627
14627
14627
14627
14627
14627
14627
14627
14627
14627
14627
14627
14627
14627
14627
14627
14627
14627
14627
14627
14627
14627
14659
14659
14659
14659
14659
14659
14659
14659
14659
14659
14659
14659
14659
14659
14659
14659
14659
14659
14659
14659
14659
14684
14684
14684
14684
14684
14684
14684
14684
14684
14684
14684
14684
14684
14684
14684
14684
14684
14684
14684
14684
14684
14684
14684
14684
14684
14684
14684
14684
14684
14684
14684
14684
14684
14684
14684
14684
14684
14684
14684
14684
14684
14684
14684
14684
14684
14684
14684
14684
14684
14684
14684
14684
14684
14684
14684
14684
14684
14684
14684
14684
14684
14684
14684
14684
14684
14684
14684
14684
14684
14684
14684
14684
14684
14684
14684
14684
14684
14684
14684
14684
14684
14684
14684
14684
14684
14684
14684
14684
14684
14684
14684
14684
14684
14684
14684
14684
14684
14684
14684
14684
14684
14684
14684
14684
14684
14684
14684
14684
14684
14684
14684
14684
14684
14684
14684
14684
14684
14684
14684
14684
14684
14684
14684
14729
14733
14733
14733
14733
14733
14733
14733
14733
14733
14733
14733
14733
14733
14733
14733
14733
14733
14733
14733
14743
14743
14743
14743
14743
14748
14748
14748
14766
14766
14766
14766
14766
14766
14766
14766
14766
14766
14766
14766
14766
14766
14766
14766
14766
14766
14766
14766
14766
14766
14766
14766
14766
14766
14766
14766
14766
14766
14766
14766
14766
14766
14766
14766
14766
14766
14766
14766
14766
14766
14766
14766
14766
14766
14766
14766
14766
14766
14766
14766
14766
14766
14766
14766
14766
14766
14766
14766
14766
14766
14795
14796
14796
14796
14836
14836
14836
14857
14857
14857
14857
14857
14857
14857
14857
14857
14857
14857
14857
14857
14857
14857
14857
14857
14857
14857
14857
14857
14857
14857
14857
14857
14857
14857
14857
14857
14857
14857
14857
14857
14857
14857
14857
14857
14857
14857
14857
14864
14864
14864
14864
14864
14864
14864
14864
14864
14864
14864
14864
14864
14864
14864
14898
14898
14898
14898
14898
14898
14898
14898
14898
14898
14898
14898
14898
14898
14898
14898
14898
14898
14898
14898
14898
14930
14950
15016
15016
15016
15016
15016
15043
15043
15043
15043
15043
15043
15043
15043
15043
15043
15043
15043
15043
15043
15043
15043
15043
15043
15043
15043
15043
15043
15043
15043
15043
15043
15043
15043
15043
15043
15043
15043
15043
15043
15043
15043
15043
15043
15043
15043
15043
15043
15043
15043
15043
15043
15043
15043
15043
15043
15043
15043
15043
15043
15043
15043
15043
15043
15043
15043
15043
15043
15043
15043
15043
15043
15043
15043
15043
15043
15043
15043
15043
15043
15043
15043
15043
15043
15043
15043
15043
15043
15043
15043
15043
15043
15043
15043
15043
15043
15043
15043
15043
15043
15043
15043
15043
15043
15043
15043
15043
15043
15043
15043
15043
15043
15043
15043
15043
15043
15043
15043
15043
15043
15043
15043
15043
15043
15043
15043
15043
15043
15043
15043
15043
15043
15043
15043
15043
15043
15043
15043
15049
15049
15049
15089
15089
15089
15089
15096
15099
15099
15099
15099
15099
15099
15099
15099
15099
15099
15099
15099
15099
15099
15099
15099
15099
15112
15112
15112
15112
15112
15112
15112
15112
15112
15112
15112
15112
15112
15112
15112
15112
15112
15112
15112
15112
15112
15112
15112
15112
15112
15112
15112
15112
15112
15112
15112
15112
15112
15112
15112
15112
15112
15112
15112
15112
15112
15112
15112
15112
15112
15112
15112
15112
15112
15112
15112
15112
15112
15112
15112
15112
15112
15112
15112
15112
15112
15112
15112
15112
15112
15112
15112
15112
15112
15112
15112
15112
15112
15112
15112
15112
15112
15112
15112
15112
15112
15112
15112
15112
15112
15112
15112
15112
15112
15112
15112
15112
15112
15112
15112
15112
15112
15112
15112
15112
15112
15112
15112
15112
15112
15112
15112
15112
15112
15112
15112
15112
15112
15112
15112
15112
15112
15112
15112
15112
15112
15112
15112
15112
15112
15112
15112
15112
15112
15112
15112
15112
15112
15112
15112
15112
15112
15112
15112
15112
15112
15112
15112
15112
15112
15112
15112
15112
15112
15112
15112
15112
15112
15112
15112
15112
15112
15112
15112
15112
15112
15112
15112
15112
15112
15112
15112
15112
15112
15112
15112
15112
15112
15112
15112
15112
15112
15112
15112
15112
15112
15112
15112
15112
15112
15112
15112
15112
15112
15112
15112
15112
15112
15112
15112
15112
15112
15112
15112
15112
15112
15112
15112
15112
15112
15112
15112
15112
15112
15112
15112
15112
15112
15112
15112
15112
15112
15112
15112
15112
15112
15112
15112
15112
15112
15112
15112
15112
15112
15112
15112
15112
15112
15112
15112
15112
15112
15112
15112
15112
15112
15112
15112
15112
15112
15112
15112
15112
15112
15112
15112
15112
15112
15112
15112
15112
15112
15112
15112
15112
15112
15112
15112
15112
15112
15112
15112
15112
15112
15112
15112
15112
15112
15112
15112
15112
15112
15112
15112
15112
15112
15112
15112
15112
15112
15112
15112
15112
15112
15112
15112
15112
15112
15112
15112
15112
15115
15124
15137
15137
15137
15137
15137
15137
15137
15137
15137
15137
15137
15137
15137
15137
15137
15137
15137
15137
15137
15137
15137
15137
15137
15137
15137
15137
15161
15161
15161
15194
15214
15232
15232
15232
15232
15232
15245
15245
15245
15276
15281
15281
15314
15314
15323
15323
15323
15323
15323
15327
15343
15358
15358
15358
15370
15370
15370
15370
15370
15370
15370
15370
15370
15370
15370
15370
15370
15370
15370
15370
15370
15370
15370
15370
15370
15370
15370
15370
15370
15370
15370
15370
15370
15370
15370
15370
15370
15370
15370
15370
15408
15413
15426
15426
15433
15455
15496
15496
15502
15506
15535
15535
15535
15535
15535
15535
15535
15535
15535
15535
15535
15535
15535
15535
15535
15535
15535
15535
15535
15535
15535
15535
15535
15535
15535
15535
15535
15535
15535
15535
15535
15535
15535
15535
15535
15535
15535
15535
15535
15535
15535
15535
15535
15535
15535
15535
15535
15535
15535
15535
15535
15535
15535
15535
15535
15535
15535
15535
15535
15535
15535
15535
15535
15535
15535
15535
15535
15540
15574
15574
15574
15574
15574
15574
15574
15574
15574
15574
15574
15574
15574
15574
15574
15574
15574
15574
15574
15574
15574
15574
15574
15574
15574
15574
15574
15574
15574
15574
15574
15574
15574
15574
15574
15574
15574
15574
15574
15574
15574
15574
15574
15574
15574
15574
15574
15574
15574
15574
15574
15574
15574
15574
15574
15574
15574
15574
15574
15574
15574
15574
15574
15574
15574
15574
15574
15574
15574
15574
15574
15574
15574
15574
15574
15574
15574
15574
15574
15574
15574
15574
15574
15574
15574
15574
15574
15574
15574
15574
15574
15574
15574
15574
15574
15574
15574
15574
15574
15574
15574
15574
15574
15574
15574
15574
15574
15574
15574
15574
15574
15574
15574
15574
15574
15574
15574
15574
15574
15574
15574
15574
15580
15580
15585
15615
15615
15617
15617
15627
15627
15659
15659
15659
15659
15659
15659
15659
15659
15659
15659
15659
15659
15659
15669
15669
15691
15691
15691
15691
15691
15691
15708
15744
15744
15761
15799
15799
15799
15799
15799
15799
15799
15799
15799
15799
15799
15799
15799
15799
15799
15799
15799
15819
15819
15834
15849
15849
15849
15889
15909
15909
15909
15909
15909
15913
15913
15913
15928
15948
15973
15973
15973
15973
15973
15979
15979
15979
15979
15999
16043
16048
16048
16048
16082
16082
16082
16082
16082
16082
16082
16082
16092
16092
16092
16092
16092
16092
16092
16092
16092
16103
16103
16103
16103
16103
16103
16103
16108
16108
16108
16125
16125
16125
16125
16125
16125
16125
16125
16139
16139
16139
16154
16154
16154
16154
16154
16158
16160
16160
16160
16171
16174
16174
16174
16174
16174
16176
16225
16225
16225
16225
16225
16225
16225
16235
16235
16235
16239
16239
16239
16268
16268
16278
16278
16278
16278
16278
16278
16278
16278
16330
16330
16330
16330
16330
16330
16346
16346
16346
16346
16363
16365
16370
16378
16378
16378
16378
16378
16378
16393
16393
16393
16393
16431
16431
16431
16431
16431
16431
16431
16431
16431
16431
16431
16431
16431
16431
16431
16431
16431
16431
16431
16431
16431
16431
16431
16431
16431
16431
16431
16431
16431
16440
16440
16440
16440
16440
16440
16440
16446
16446
16446
16446
16446
16446
16446
16446
16446
16446
16446
16446
16446
16446
16446
16446
16446
16446
16446
16446
16446
16446
16446
16446
16446
16446
16446
16446
16446
16446
16446
16446
16446
16446
16446
16446
16446
16446
16446
16446
16446
16446
16446
16446
16446
16446
16446
16446
16446
16446
16446
16473
16473
16473
16473
16478
16478
16478
16478
16478
16478
16530
16530
16530
16530
16530
16530
16530
16530
16542
16556
16563
16575
16584
16584
16588
16627
16627
16694
16734
16734
16734
16748
16748
16748
16751
16751
16751
16757
16757
16757
16757
16757
16757
16757
16757
16757
16757
16757
16770
16770
16775
16779
16779
16779
16779
16779
16779
16779
16779
16779
16779
16779
16779
16779
16779
16779
16779
16779
16779
16779
16779
16779
16779
16779
16779
16779
16779
16779
16779
16779
16779
16779
16779
16779
16779
16779
16779
16779
16779
16779
16779
16779
16779
16779
16779
16779
16779
16779
16779
16779
16779
16779
16779
16779
16779
16779
16779
16779
16779
16779
16779
16779
16779
16779
16779
16779
16801
16801
16824
16824
16836
16836
16836
16846
16846
16848
16848
16848
16900
16926
16926
16926
16926
16926
16926
16926
16926
16926
16926
16926
16926
16926
16926
16926
16926
16926
16926
16926
16926
16926
16926
16926
16926
16926
16926
16926
16926
16926
16926
16926
16926
16934
16934
16934
16934
16976
16994
16999
17016
17039
17039
17039
17039
17039
17039
17039
17039
17039
17039
17039
17039
17039
17039
17039
17039
17039
17039
17039
17039
17039
17039
17039
17039
17039
17039
17039
17039
17039
17039
17039
17039
17039
17039
17039
17039
17039
17039
17039
17039
17039
17039
17039
17039
17039
17039
17039
17039
17039
17039
17039
17039
17074
17074
17074
17074
17074
17074
17074
17083
17083
17083
17083
17088
17088
17088
17088
17125
17142
17142
17152
17152
17152
17152
17154
17154
17177
17177
17183
17183
17183
17183
17183
17223
17223
17223
17223
17223
17223
17223
17223
17223
17223
17223
17223
17223
17223
17223
17234
17234
17234
17234
17234
17234
17234
17234
17234
17234
17234
17234
17254
17321
17321
17321
17321
17321
17321
17321
17321
17321
17321
17321
17321
17345
17345
17361
17361
17361
17361
17361
17413
17448
17448
17448
17448
17448
17535
17540
17540
17540
17556
17556
17556
17556
17556
17556
17556
17556
17556
17556
17556
17556
17556
17556
17556
17556
17556
17556
17556
17556
17556
17556
17556
17556
17556
17556
17556
17556
17556
17556
17556
17556
17556
17556
17556
17556
17556
17556
17556
17556
17556
17556
17556
17556
17563
17563
17563
17563
17566
17583
17623
17623
17623
17623
17623
17623
17623
17623
17623
17623
17623
17623
17623
17623
17623
17623
17623
17623
17623
17623
17623
17623
17623
17623
17623
17623
17623
17623
17623
17623
17623
17623
17623
17623
17623
17623
17623
17623
17623
17623
17623
17623
17623
17623
17623
17623
17623
17623
17623
17623
17623
17623
17623
17623
17623
17623
17623
17623
17623
17623
17623
17623
17623
17623
17623
17623
17623
17623
17623
17623
17623
17623
17623
17623
17623
17623
17623
17623
17623
17623
17623
17623
17623
17623
17623
17623
17623
17623
17623
17623
17623
17623
17623
17623
17623
17623
17623
17623
17623
17623
17623
17623
17623
17623
17623
17623
17623
17623
17623
17623
17623
17623
17623
17623
17623
17623
17623
17623
17623
17623
17623
17623
17623
17623
17623
17623
17623
17623
17623
17623
17623
17623
17623
17623
17623
17623
17623
17623
17623
17623
17623
17623
17623
17623
17623
17623
17623
17623
17623
17623
17623
17623
17623
17623
17623
17623
17623
17623
17623
17623
17623
17623
17623
17623
17623
17623
17623
17623
17623
17623
17623
17623
17623
17623
17623
17623
17623
17623
17623
17623
17623
17623
17623
17623
17623
17623
17623
17623
17623
17623
17623
17623
17623
17623
17623
17623
17623
17623
17623
17630
17637
17639
17639
17639
17639
17639
17639
17639
17639
17639
17639
17639
17639
17639
17639
17639
17639
17639
17639
17639
17639
17639
17639
17639
17639
17639
17639
17639
17639
17639
17639
17639
17639
17640
17640
17689
17689
17701
17701
17701
17701
17726
17761
17761
17761
17761
17761
17794
17818
17820
17820
17820
17820
17820
17825
17825
17875
17875
17875
17875
17875
17875
17875
17875
17875
17875
17888
17888
17888
17888
17888
17919
17921
17971
17971
17982
17982
17982
17982
17982
17982
17982
17982
17982
17982
17982
17982
17982
17982
17982
17982
17982
17982
17982
17982
17982
17982
17999
17999
17999
17999
17999
17999
17999
17999
17999
18013
18013
18013
18013
18013
18013
18031
18031
18031
18031
18031
18031
18081
18085
18090
18098
18098
18145
18145
18145
18145
18145
18145
18145
18145
18148
18191
18191
18191
18191
18191
18191
18191
18191
18191
18191
18191
18191
18191
18191
18191
18191
18191
18191
18191
18191
18191
18191
18191
18191
18191
18191
18191
18191
18191
18191
18191
18191
18191
18191
18191
18191
18191
18191
18191
18191
18191
18191
18191
18206
18206
18206
18206
18206
18206
18241
18241
18264
18277
18277
18277
18305
18345
18348
18348
18348
18377
18398
18398
18398
18398
18398
18398
18398
18398
18398
18398
18398
18398
18398
18398
18398
18398
18398
18398
18398
18398
18398
18398
18398
18398
18398
18398
18398
18398
18398
18398
18398
18398
18398
18407
18407
18440
18440
18440
18465
18470
18470
18470
18470
18470
18470
18470
18470
18470
18470
18470
18470
18470
18470
18470
18470
18470
18470
18470
18470
18470
18470
18470
18470
18470
18470
18470
18470
18470
18470
18470
18470
18470
18470
18470
18470
18470
18470
18470
18470
18470
18470
18470
18470
18470
18470
18470
18470
18470
18470
18470
18470
18470
18470
18470
18470
18470
18546
18546
18546
18546
18546
18546
18546
18546
18546
18546
18546
18546
18546
18546
18546
18546
18546
18546
18546
18546
18559
18559
18613
18623
18623
18672
18672
18672
18672
18672
18672
18672
18672
18672
18672
18672
18672
18672
18672
18672
18672
18672
18672
18672
18672
18672
18672
18672
18672
18672
18672
18672
18672
18672
18672
18672
18672
18672
18672
18672
18672
18672
18672
18672
18672
18672
18672
18672
18672
18672
18672
18672
18672
18672
18672
18672
18672
18672
18672
18672
18672
18672
18672
18672
18672
18672
18672
18672
18689
18689
18689
18689
18689
18689
18689
18689
18689
18689
18689
18689
18689
18689
18689
18689
18689
18689
18689
18689
18689
18689
18689
18689
18689
18689
18689
18689
18689
18689
18689
18689
18689
18689
18689
18689
18689
18689
18689
18689
18689
18689
18689
18689
18689
18689
18689
18689
18689
18689
18689
18689
18689
18693
18693
18693
18693
18693
18693
18693
18693
18732
18755
18755
18755
18755
18755
18755
18755
18755
18755
18755
18755
18755
18755
18755
18755
18755
18755
18755
18755
18755
18755
18755
18755
18755
18755
18755
18755
18755
18755
18755
18755
18755
18755
18755
18755
18755
18755
18755
18755
18755
18755
18755
18755
18793
18793
18793
18793
18793
18836
18836
18836
18836
18836
18836
18836
18836
18836
18836
18836
18836
18836
18836
18836
18836
18836
18836
18836
18836
18836
18836
18836
18836
18836
18836
18836
18836
18836
18836
18836
18836
18836
18836
18836
18836
18836
18836
18836
18836
18836
18836
18836
18836
18836
18836
18836
18840
18840
18840
18840
18840
18840
18840
18840
18840
18840
18840
18840
18840
18840
18840
18840
18840
18840
18840
18840
18840
18840
18840
18840
18840
18840
18840
18840
18840
18840
18840
18840
18840
18840
18840
18840
18840
18840
18867
18875
18875
18875
18875
18875
18875
18893
18893
18893
18893
18893
18893
18893
18893
18893
18893
18893
18893
18893
18893
18893
18893
18893
18893
18893
18893
18893
18893
18893
18893
18899
18923
18923
18979
18982
18982
18982
18999
19005
19043
19067
19081
19081
19081
19101
19101
19101
19115
19115
19148
19152
19152
19152
19152
19171
19180
19180
19180
19180
19180
19180
19180
19180
19180
19180
19180
19180
19180
19180
19180
19180
19180
19180
19180
19180
19180
19180
19180
19180
19180
19180
19180
19180
19180
19180
19180
19180
19180
19180
19180
19180
19180
19180
19180
19180
19180
19180
19180
19180
19180
19180
19180
19180
19180
19180
19180
19180
19180
19180
19180
19180
19180
19180
19180
19180
19180
19180
19180
19180
19180
19180
19180
19180
19180
19180
19180
19180
19180
19180
19180
19180
19180
19180
19180
19180
19180
19180
19180
19180
19180
19180
19180
19180
19180
19180
19180
19180
19180
19180
19180
19180
19204
19241
19241
19241
19241
19241
19241
19241
19241
19241
19241
19241
19241
19241
19241
19241
19241
19241
19241
19241
19241
19241
19241
19241
19241
19241
19241
19241
19241
19241
19241
19241
19241
19241
19241
19241
19241
19241
19241
19241
19241
19241
19241
19241
19241
19241
19241
19241
19241
19241
19241
19241
19241
19241
19241
19241
19241
19241
19241
19248
19248
19248
19280
19301
19301
19305
19317
19317
19326
19326
19326
19326
19326
19333
19333
19333
19333
19333
19333
19333
19333
19333
19333
19333
19333
19333
19333
19333
19333
19333
19333
19333
19333
19333
19333
19333
19333
19333
19333
19333
19333
19333
19333
19333
19333
19333
19333
19333
19333
19333
19333
19333
19333
19333
19333
19333
19333
19333
19333
19333
19333
19333
19333
19333
19333
19333
19333
19333
19333
19333
19333
19333
19333
19333
19333
19333
19333
19333
19333
19333
19333
19333
19333
19333
19333
19333
19333
19333
19333
19333
19333
19345
19347
19364
19364
19428
19428
19428
19428
19431
19431
19431
19431
19431
19431
19431
19431
19431
19431
19431
19431
19431
19431
19431
19431
19431
19431
19431
19431
19431
19431
19431
19431
19431
19431
19431
19431
19431
19431
19431
19431
19431
19431
19431
19434
19481
19481
19481
19481
19481
19481
19505
19505
19518
19518
19518
19518
19518
19518
19518
19518
19518
19518
19518
19518
19518
19518
19518
19518
19518
19518
19518
19518
19518
19518
19518
19518
19518
19518
19518
19518
19518
19518
19518
19518
19518
19518
19518
19518
19518
19518
19518
19518
19518
19518
19518
19518
19518
19518
19518
19518
19518
19518
19518
19518
19518
19518
19518
19518
19518
19525
19527
19533
19533
19533
19533
19538
19580
19580
19580
19600
19600
19600
19600
19600
19600
19600
19621
19621
19621
19648
19670
19670
19700
19700
19700
19700
19700
19700
19700
19700
19706
19706
19711
19751
19757
19757
19757
19757
19757
19757
19757
19757
19757
19757
19776
19776
19794
19795
19828
19828
19855
19865
19865
19865
19865
19865
19865
19865
19865
19865
19865
19865
19865
19884
19912
19912
19917
19917
19917
19917
19917
19917
19917
19917
19917
19917
19917
19917
19924
19924
19924
19924
19924
19924
19924
19924
19924
19924
19939
19941
19941
19953
19962
19964
19964
19968
19968
19970
19970
19970
19970
19970
19977
19985
19985
19990
20000
20000
20000
20006
20006
20006
20029
20029
20035
20047
20047
20047
20047
20047
20051
20051
20051
20051
20051
20051
20051
20051
20051
20051
20051
20051
20051
20051
20051
20051
20051
20051
20051
20051
20051
20051
20051
20051
20051
20051
20051
20051
20051
20051
20051
20062
20062
20062
20062
20062
20116
20181
20181
20183
20183
20183
20183
20183
20192
20192
20192
20192
20192
20192
20192
20206
20206
20206
20218
20218
20218
20268
20268
20318
20320
20320
20320
20320
20320
20320
20342
20351
20351
20357
20367
20367
20367
20381
20381
20381
20381
20381
20381
20381
20381
20381
20381
20381
20382
20382
20382
20382
20390
20390
20390
20390
20390
20390
20390
20390
20393
20393
20393
20393
20393
20393
20393
20393
20393
20393
20393
20393
20393
20393
20393
20393
20393
20393
20393
20393
20393
20393
20393
20393
20393
20393
20393
20393
20393
20393
20393
20393
20393
20393
20393
20393
20393
20393
20393
20393
20393
20393
20393
20393
20393
20393
20393
20393
20393
20393
20393
20393
20393
20393
20393
20393
20393
20393
20396
20396
20407
20407
20427
20427
20427
20427
20433
20433
20468
20468
20470
20470
20515
20547
20551
20551
20551
20551
20565
20565
20565
20565
20565
20565
20565
20565
20565
20565
20573
20579
20585
20585
20592
20598
20598
20598
20598
20635
20637
20637
20639
20639
20639
20639
20639
20639
20639
20639
20639
20639
20639
20639
20639
20639
20639
20640
20648
20648
20688
20703
20703
20703
20703
20703
20703
20703
20703
20703
20703
20703
20712
20712
20735
20735
20735
20735
20735
20735
20759
20759
20759
20759
20759
20781
20781
20781
20781
20781
20781
20781
20781
20781
20781
20781
20781
20781
20781
20781
20781
20781
20781
20781
20781
20781
20781
20781
20781
20781
20781
20781
20781
20781
20781
20781
20781
20781
20781
20781
20781
20781
20781
20781
20781
20810
20810
20810
20810
20810
20810
20810
20810
20822
20822
20822
20822
20822
20853
20876
20876
20885
20885
20940
20940
20940
20940
20940
20940
20940
20940
20948
20994
20994
20994
20994
20994
20994
20994
20994
20994
20994
20994
20994
20994
20994
20994
20994
20994
20994
20994
20994
20994
20994
20994
20994
20994
20994
20994
20994
20994
20994
20994
20994
20994
20994
20994
20994
20994
20994
20994
20994
20994
20994
20994
20994
20994
20994
20994
20994
20994
20994
20994
20994
20994
20994
20994
20994
20994
20994
20994
20994
20994
20994
20994
20994
20994
20994
20994
20994
20994
20994
20994
20994
20994
20994
20994
20994
20994
20994
20994
20994
20994
20994
20994
20994
20994
20994
20994
20994
20994
20994
20994
20994
20994
20994
20994
20994
20994
20994
20994
20994
20994
20994
20994
20994
20994
20994
20994
20994
20994
20994
20994
20994
20994
20994
20994
20994
20994
20994
20994
20994
20994
20994
20994
20994
20994
20994
20994
20994
20994
20994
20994
20994
20994
20994
20994
20994
20994
20994
20994
20994
20994
20994
20994
20994
20994
20994
20994
20994
20994
20994
20994
20994
20994
20994
20994
20994
20994
20994
20994
20994
20994
20994
20994
20994
20994
20994
20994
20994
20994
20994
20994
20994
20994
20994
20994
20994
20994
20994
20994
20994
20994
20994
20994
20994
20994
20994
20994
20994
20994
20994
20994
20994
20994
20994
20994
20994
20994
20994
20994
20994
20994
20994
20994
20994
20994
20994
20994
20994
20994
20994
20994
20994
20994
20994
20994
20994
20994
20994
20994
20994
20994
20994
20994
20994
20994
20994
20994
20994
20994
20994
20994
20994
20994
20994
20994
20994
20994
20994
20994
20994
20994
20994
20994
20994
20994
20994
20994
20994
20994
20994
20994
20994
20994
20994
20994
20994
20994
20994
20994
20994
20994
20994
20994
20994
20994
20994
20994
20994
20994
20994
20994
20994
20994
20994
20994
20994
20994
20994
20994
20994
20994
20994
20994
20994
20994
20994
20994
20994
20994
20994
20994
20994
20994
20994
20994
20994
20994
20994
20994
20994
20994
20994
20994
20994
20994
20994
20994
20994
20994
20994
20994
20994
20994
20994
20994
20994
20994
20994
20994
20994
20994
20994
20994
20994
20994
20994
20994
20994
20994
20994
20994
20994
21006
21006
21006
21006
21008
21008
21008
21008
21008
21008
21008
21008
21008
21008
21008
21008
21008
21008
21008
21008
21008
21008
21008
21008
21008
21008
21008
21008
21008
21008
21008
21008
21008
21008
21012
21056
21056
21088
21092
21092
21092
21092
21092
21092
21092
21092
21092
21092
21092
21092
21117
21117
21117
21117
21117
21117
21117
21117
21117
21117
21117
21117
21117
21117
21117
21117
21117
21117
21117
21117
21117
21131
21131
21131
21131
21131
21131
21143
21143
21156
21156
21156
21156
21156
21156
21156
21156
21156
21156
21156
21156
21156
21156
21156
21156
21156
21156
21156
21156
21156
21156
21156
21156
21156
21156
21156
21156
21156
21156
21156
21156
21156
21156
21156
21156
21156
21156
21156
21156
21156
21156
21156
21156
21156
21156
21156
21156
21156
21156
21156
21156
21156
21156
21156
21156
21156
21156
21156
21156
21156
21156
21156
21156
21156
21156
21156
21156
21156
21156
21156
21156
21156
21156
21156
21156
21156
21156
21156
21156
21156
21156
21156
21156
21156
21156
21156
21156
21156
21156
21156
21156
21156
21156
21156
21156
21156
21156
21156
21156
21156
21156
21156
21156
21156
21156
21156
21156
21156
21156
21156
21156
21156
21156
21156
21156
21156
21156
21156
21156
21156
21156
21156
21156
21156
21156
21156
21156
21156
21156
21156
21156
21156
21156
21156
21156
21156
21156
21156
21156
21156
21156
21156
21156
21156
21156
21156
21156
21156
21156
21156
21156
21156
21156
21156
21156
21156
21156
21156
21156
21156
21156
21156
21156
21156
21156
21156
21156
21156
21156
21156
21156
21156
21156
21156
21156
21156
21156
21156
21156
21156
21156
21156
21156
21156
21156
21156
21156
21156
21156
21156
21156
21156
21156
21156
21156
21156
21156
21156
21156
21156
21156
21156
21156
21156
21156
21156
21156
21156
21156
21156
21175
21175
21175
21175
21186
21193
21193
21193
21193
21193
21193
21193
21193
21193
21193
21193
21193
21198
21198
21198
21198
21198
21198
21235
21235
21235
21284
21284
21284
21284
21284
21284
21284
21284
21284
21284
21284
21284
21284
21284
21284
21284
21284
21284
21284
21284
21284
21284
21284
21284
21284
21284
21284
21284
21284
21284
21284
21284
21284
21284
21284
21306
21306
21319
21319
21319
21319
21319
21319
21319
21319
21319
21319
21319
21319
21319
21319
21319
21319
21319
21319
21319
21319
21319
21319
21319
21339
21344
21361
21361
21361
21361
21361
21361
21361
21361
21361
21361
21361
21361
21361
21383
21383
21383
21383
21395
21413
21413
21413
21413
21413
21413
21413
21413
21413
21413
21413
21413
21413
21413
21413
21413
21413
21413
21413
21413
21413
21413
21413
21413
21413
21413
21413
21413
21413
21413
21413
21413
21413
21413
21413
21413
21413
21413
21413
21413
21413
21413
21413
21413
21413
21413
21413
21413
21413
21413
21413
21413
21413
21413
21413
21413
21413
21413
21413
21413
21413
21413
21413
21413
21413
21413
21413
21413
21413
21413
21413
21413
21413
21413
21413
21413
21413
21413
21413
21413
21413
21413
21413
21413
21444
21450
21450
21450
21450
21450
21450
21450
21450
21450
21450
21450
21450
21450
21450
21450
21450
21450
21450
21450
21450
21450
21450
21450
21450
21450
21450
21450
21450
21450
21450
21450
21450
21450
21450
21450
21450
21450
21450
21450
21450
21450
21450
21450
21450
21450
21450
21450
21450
21450
21450
21450
21450
21450
21450
21450
21450
21450
21450
21450
21450
21450
21450
21450
21450
21450
21450
21450
21450
21450
21450
21450
21450
21450
21450
21450
21450
21450
21450
21450
21450
21471
21471
21471
21471
21471
21471
21471
21471
21471
21471
21471
21471
21471
21471
21471
21471
21471
21471
21471
21471
21471
21471
21471
21471
21471
21471
21471
21471
21471
21471
21471
21471
21471
21471
21471
21471
21471
21471
21471
21471
21471
21471
21471
21471
21471
21471
21471
21471
21471
21471
21471
21471
21471
21471
21471
21471
21471
21471
21471
21471
21471
21471
21471
21471
21471
21471
21471
21471
21471
21471
21471
21471
21471
21471
21471
21471
21471
21471
21471
21471
21471
21471
21471
21471
21471
21471
21471
21471
21471
21471
21471
21471
21471
21471
21471
21471
21471
21471
21471
21471
21471
21471
21471
21471
21471
21471
21471
21471
21471
21471
21471
21471
21471
21471
21471
21471
21471
21471
21471
21471
21471
21471
21471
21471
21471
21471
21471
21471
21471
21471
21471
21471
21471
21471
21471
21471
21471
21471
21471
21471
21471
21471
21471
21471
21471
21471
21471
21471
21495
21551
21551
21551
21551
21551
21551
21551
21551
21559
21572
21572
21596
21596
21596
21596
21596
21596
21609
21610
21610
21610
21638
21638
21671
21671
21671
21671
21671
21671
21671
21701
21701
21701
21701
21701
21701
21734
21734
21734
21734
21734
21734
21736
21736
21736
21736
21736
21736
21736
21736
21736
21736
21736
21736
21736
21736
21736
21742
21753
21753
21753
21753
21793
21793
21847
21847
21847
21847
21847
21847
21847
21847
21847
21847
21847
21847
21847
21847
21847
21847
21847
21847
21847
21847
21847
21847
21847
21847
21847
21847
21847
21847
21847
21847
21847
21847
21847
21847
21847
21847
21847
21847
21847
21847
21847
21847
21847
21847
21847
21847
21847
21847
21847
21847
21847
21847
21847
21847
21847
21847
21847
21847
21847
21847
21847
21847
21847
21847
21847
21847
21847
21847
21847
21847
21847
21847
21847
21847
21847
21847
21847
21847
21847
21847
21847
21847
21847
21847
21847
21847
21847
21847
21847
21847
21847
21847
21847
21847
21847
21847
21847
21847
21847
21847
21847
21847
21847
21847
21847
21847
21847
21847
21847
21847
21847
21847
21847
21847
21847
21847
21847
21847
21847
21847
21847
21847
21847
21847
21847
21847
21847
21847
21847
21847
21847
21847
21847
21847
21847
21847
21847
21847
21847
21847
21847
21847
21847
21847
21847
21847
21847
21847
21847
21847
21847
21847
21847
21847
21847
21847
21847
21847
21847
21847
21847
21847
21847
21847
21847
21847
21847
21847
21847
21847
21847
21847
21847
21847
21847
21847
21847
21847
21847
21847
21847
21847
21847
21847
21847
21847
21847
21847
21847
21847
21847
21847
21847
21847
21847
21847
21847
21847
21847
21847
21847
21847
21847
21847
21847
21847
21847
21847
21847
21847
21847
21847
21847
21847
21847
21847
21847
21847
21847
21847
21847
21847
21847
21847
21847
21847
21847
21847
21847
21847
21847
21847
21847
21847
21847
21847
21847
21847
21847
21847
21847
21847
21847
21847
21847
21847
21847
21847
21847
21847
21847
21847
21847
21847
21847
21847
21847
21847
21847
21847
21847
21847
21847
21847
21847
21847
21847
21847
21847
21847
21847
21847
21847
21847
21847
21847
21847
21847
21847
21847
21847
21847
21847
21847
21847
21847
21847
21847
21847
21847
21847
21847
21847
21847
21847
21847
21847
21847
21847
21847
21847
21847
21847
21847
21847
21847
21847
21847
21847
21847
21847
21847
21847
21847
21847
21847
21847
21847
21847
21847
21847
21847
21847
21847
21847
21847
21847
21847
21847
21847
21847
21847
21847
21847
21847
21847
21847
21847
21847
21847
21847
21847
21847
21847
21847
21847
21847
21847
21847
21847
21847
21847
21847
21847
21847
21847
21847
21847
21847
21847
21847
21847
21847
21847
21847
21847
21847
21847
21847
21847
21847
21847
21847
21847
21847
21847
21847
21847
21847
21847
21847
21847
21847
21847
21847
21847
21847
21847
21847
21847
21847
21847
21847
21847
21847
21847
21847
21847
21847
21847
21847
21847
21847
21847
21847
21847
21847
21847
21847
21847
21847
21847
21847
21847
21847
21847
21847
21847
21847
21847
21847
21847
21847
21847
21847
21847
21847
21847
21847
21847
21847
21847
21847
21847
21847
21847
21847
21847
21847
21847
21847
21847
21847
21847
21847
21847
21847
21847
21847
21847
21847
21847
21847
21847
21847
21847
21847
21847
21847
21847
21847
21847
21847
21847
21847
21847
21847
21847
21847
21847
21847
21861
21861
21861
21861
21861
21861
21861
21861
21861
21861
21861
21861
21861
21861
21861
21861
21861
21861
21861
21861
21861
21861
21861
21861
21861
21861
21861
21861
21861
21861
21861
21861
21861
21861
21861
21861
21861
21861
21861
21861
21861
21861
21861
21861
21861
21861
21861
21861
21861
21861
21861
21861
21861
21861
21861
21861
21861
21861
21861
21861
21861
21861
21861
21861
21861
21861
21861
21861
21861
21861
21861
21861
21861
21861
21892
21892
21892
21892
21892
21892
21892
21892
21892
21892
21892
21892
21892
21892
21892
21892
21892
21892
21892
21892
21892
21892
21892
21892
21892
21892
21907
21907
21907
21907
21928
21928
21928
21928
21928
21928
21928
21928
21928
21928
21928
21928
21928
21928
21928
21928
21928
21928
21928
21928
21928
21928
21928
21928
21928
21928
21928
21928
21928
21928
21928
21928
21928
21928
21928
21928
21928
21928
21928
21928
21928
21928
21928
21928
21928
21928
21928
21928
21928
21928
21928
21935
21935
21935
21945
21957
21958
21958
21995
21995
21995
21995
21995
22016
22016
22023
22051
22051
22051
22051
22051
22051
22068
22072
22072
22072
22075
22075
22075
22075
22075
22075
22075
22075
22075
22075
22075
22075
22075
22075
22075
22075
22075
22075
22075
22075
22086
22141
22149
22149
22149
22149
22149
22149
22235
22255
22255
22255
22279
22279
22279
22279
22297
22297
22313
22313
22358
22358
22358
22358
22358
22358
22358
22358
22358
22358
22358
22358
22358
22358
22358
22358
22358
22358
22358
22358
22358
22358
22358
22358
22358
22358
22358
22358
22358
22358
22358
22358
22358
22358
22358
22358
22358
22358
22358
22358
22358
22358
22358
22358
22358
22358
22358
22358
22370
22370
22370
22370
22370
22370
22370
22370
22370
22370
22370
22370
22370
22370
22370
22370
22370
22370
22370
22370
22370
22370
22370
22370
22370
22370
22370
22370
22370
22370
22370
22370
22370
22370
22370
22370
22370
22370
22370
22370
22370
22370
22370
22370
22370
22370
22370
22370
22370
22370
22370
22370
22370
22370
22370
22370
22370
22370
22370
22370
22370
22370
22370
22370
22370
22370
22370
22370
22370
22370
22370
22370
22370
22370
22370
22370
22370
22370
22370
22370
22370
22370
22370
22370
22370
22370
22370
22370
22370
22370
22370
22370
22370
22370
22370
22370
22370
22370
22370
22370
22370
22370
22370
22370
22370
22370
22370
22370
22370
22370
22370
22370
22370
22370
22370
22370
22370
22370
22370
22370
22370
22370
22370
22370
22370
22370
22370
22370
22370
22370
22370
22370
22370
22370
22370
22370
22370
22370
22370
22370
22370
22370
22370
22370
22370
22370
22370
22370
22370
22370
22370
22370
22370
22370
22370
22370
22370
22370
22370
22370
22370
22370
22370
22370
22370
22370
22370
22370
22370
22374
22374
22374
22374
22374
22374
22374
22374
22374
22374
22374
22374
22374
22393
22427
22427
22427
22427
22427
22427
22427
22427
22427
22427
22427
22427
22427
22427
22427
22427
22427
22427
22427
22427
22427
22427
22436
22436
22459
22476
22483
22483
22483
22483
22483
22483
22483
22483
22483
22483
22483
22483
22483
22483
22483
22483
22483
22483
22483
22483
22483
22483
22483
22483
22483
22483
22483
22483
22483
22483
22483
22483
22483
22483
22483
22483
22483
22483
22483
22483
22483
22483
22483
22483
22483
22483
22483
22483
22483
22483
22483
22483
22483
22483
22483
22483
22483
22483
22483
22483
22483
22483
22483
22483
22483
22483
22483
22483
22483
22483
22483
22483
22483
22483
22483
22483
22483
22483
22483
22483
22483
22483
22483
22544
22544
22544
22544
22544
22544
22563
22563
22563
22563
22563
22577
22577
22577
22612
22626
22626
22626
22626
22626
22626
22626
22626
22626
22640
22640
22647
22647
22647
22647
22647
22658
22658
22675
22675
22679
22679
22679
22681
22681
22714
22727
22727
22734
22734
22734
22734
22734
22734
22734
22734
22734
22734
22734
22734
22734
22734
22734
22734
22734
22767
22767
22767
22767
22767
22767
22767
22767
22767
22767
22767
22767
22767
22767
22767
22767
22767
22767
22767
22767
22767
22767
22778
22778
22778
22778
22778
22778
22778
22783
22796
22796
22796
22836
22838
22838
22838
22838
22838
22838
22838
22838
22838
22838
22838
22838
22838
22838
22838
22838
22838
22838
22838
22838
22838
22855
22868
22884
22915
22915
22915
22915
22915
22915
22915
22920
22920
22920
22920
22935
22935
22935
22935
22935
22935
22935
22935
22935
22935
22935
22935
22935
22935
22935
22935
22935
22935
22935
22935
22935
22935
22935
22935
22935
22935
22935
22935
22935
22935
22935
22935
22935
22935
22935
22935
22935
22935
22935
22935
22935
22935
22935
22935
22935
22935
22935
22935
22935
22954
22954
22954
22954
22954
22964
22975
23014
23014
23014
23036
23036
23036
23036
23036
23036
23036
23036
23036
23036
23036
23036
23036
23036
23036
23036
23036
23044
23044
23045
23045
23064
23064
23087
23087
23108
23129
23129
23129
23157
23157
23157
23157
23157
23157
23157
23157
23157
23157
23157
23157
23157
23157
23157
23193
23223
23223
23227
23227
23242
23258
23266
23279
23279
23279
23284
23284
23303
23353
23353
23353
23374
23374
23374
23374
23374
23374
23374
23374
23374
23416
23416
23416
23416
23416
23416
23416
23416
23416
23416
23416
23416
23416
23416
23416
23416
23416
23416
23416
23416
23416
23416
23438
23456
23456
23456
23554
23581
23581
23594
23594
23594
23594
23594
23594
23594
23594
23594
23594
23594
23596
23641
23641
23641
23641
23641
23641
23641
23641
23641
23641
23641
23641
23641
23641
23641
23641
23653
23674
23674
23682
23684
23684
23684
23684
23684
23713
23754
23754
23761
23761
23761
23761
23761
23770
23770
23770
23770
23770
23770
23770
23770
23770
23770
23770
23770
23770
23770
23770
23770
23770
23770
23777
23777
23777
23777
23777
23777
23777
23777
23777
23777
23777
23777
23777
23777
23777
23777
23777
23777
23777
23777
23777
23777
23777
23777
23777
23777
23777
23777
23777
23777
23777
23777
23777
23777
23777
23777
23777
23777
23777
23777
23777
23777
23777
23777
23777
23777
23777
23777
23777
23777
23777
23777
23777
23777
23777
23777
23777
23777
23777
23777
23777
23777
23777
23777
23777
23777
23777
23777
23777
23777
23777
23777
23777
23777
23777
23777
23782
23782
23782
23782
23782
23813
23813
23840
23840
23840
23840
23840
23845
23851
23851
23862
23876
23876
23876
23876
23894
23894
23894
23894
23894
23894
23899
23928
23928
23928
23928
23961
23964
23973
23973
23973
23973
23973
23973
23973
23973
23976
24012
24021
24021
24021
24021
24021
24021
24021
24021
24021
24021
24021
24021
24021
24021
24021
24021
24021
24021
24021
24021
24021
24021
24021
24044
24044
24044
24062
24062
24069
24069
24069
24069
24069
24069
24069
24069
24069
24069
24069
24069
24069
24069
24069
24069
24069
24069
24069
24069
24069
24069
24069
24069
24069
24069
24069
24069
24069
24069
24069
24069
24077
24077
24077
24077
24077
24077
24077
24077
24077
24077
24077
24077
24077
24077
24077
24077
24077
24077
24077
24077
24077
24077
24077
24077
24077
24077
24077
24077
24077
24077
24077
24077
24077
24077
24077
24077
24077
24077
24077
24077
24077
24077
24077
24077
24077
24077
24077
24077
24077
24077
24077
24077
24077
24077
24077
24077
24077
24077
24077
24077
24077
24077
24077
24077
24097
24146
24149
24165
24165
24165
24165
24165
24165
24189
24189
24189
24189
24189
24189
24189
24189
24189
24194
24216
24218
24218
24218
24218
24218
24249
24249
24249
24249
24249
24249
24249
24249
24249
24276
24276
24314
24328
24380
24380
24380
24409
24409
24409
24409
24409
24409
24409
24409
24409
24409
24409
24409
24409
24421
24421
24421
24421
24421
24421
24421
24421
24421
24421
24421
24421
24421
24421
24421
24421
24421
24421
24421
24421
24421
24421
24421
24421
24421
24421
24421
24421
24421
24421
24421
24421
24421
24421
24424
24438
24438
24445
24445
24445
24453
24453
24483
24489
24489
24489
24489
24489
24490
24529
24543
24543
24543
24543
24543
24543
24543
24543
24543
24543
24543
24543
24543
24543
24543
24543
24543
24543
24543
24543
24543
24543
24543
24549
24549
24549
24549
24549
24549
24549
24549
24549
24549
24549
24555
24584
24614
24614
24614
24645
24645
24681
24711
24711
24727
24727
24727
24756
24757
24757
24774
24774
24774
24774
24774
24774
24774
24774
24774
24774
24774
24774
24774
24774
24774
24774
24774
24774
24774
24774
24774
24774
24774
24774
24774
24774
24774
24774
24774
24774
24774
24774
24774
24774
24774
24774
24774
24774
24774
24774
24774
24774
24774
24783
24783
24809
24809
24809
24809
24809
24809
24809
24809
24809
24809
24809
24809
24809
24809
24809
24809
24809
24809
24809
24809
24809
24809
24809
24809
24809
24809
24809
24809
24809
24809
24809
24809
24809
24809
24809
24809
24809
24809
24809
24809
24809
24809
24809
24809
24809
24809
24809
24809
24809
24809
24809
24809
24809
24809
24809
24809
24809
24809
24809
24809
24809
24809
24835
24835
24835
