2
482
848
1
760
960
874
2
2084
896
1941
2
780
122
680
1
4
168
2100
5
875
4581
4004
1
81
151
940
5
840
1140
1488
2
21
1170
551
1
223
710
3162
1
145
247
879
1
3828
1011
3126
1
2
65
288
57
692
274
201
1
681
638
239
1
280
345
1269
1
1
2366
900
1
373
849
624
1
145
3000
1929
1
488
382
205
1
8
147
110
1
938
2022
1036
3
609
285
410
1
394
1410
423
1
1
1328
186
2
1390
433
218
3
1640
263
82
1
1674
210
816
3
17
260
441
10
122
1338
3080
5
109
2014
53
1
220
310
102
1
1
4356
769
2
583
244
1548
4
2910
547
1668
4
638
549
985
1
4
1082
889
1
2406
388
1530
2
991
632
1764
1
972
229
1720
4
1
333
1039
1
2936
588
48
14
574
924
860
1
1828
1615
392
1
4
903
1002
1
738
66
840
1
983
158
504
1
4236
2412
519
5
5
54
75
1
921
121
2082
1
820
275
1440
3
534
921
494
1
1
973
444
2
99
390
557
1
456
671
426
1
464
861
2214
1
2
2007
266
2
1926
417
449
1
760
685
112
1
1081
1910
645
5
1
308
171
1
294
3366
862
1
700
553
562
1
1025
2154
494
1
1
232
2034
1
920
3700
658
1
1445
718
232
1
784
1176
4320
1
2
393
313
9
696
1875
364
1
562
257
103
1
3732
922
996
1
2
2211
104
2
861
253
294
1
898
191
1580
1
495
1052
928
1
2
1714
188
1
2490
990
3732
2
508
662
324
2
912
1452
1701
1
1
319
799
1
1974
826
561
1
88
336
644
3
4662
1212
77
2
2
700
3498
1
765
565
1806
1
455
679
878
1
60
127
1051
1
1
219
868
1
707
1824
237
1
4515
742
446
1
317
148
4056
1
1
771
506
1
37
311
1508
2
1572
360
353
1
829
670
2036
1
1
774
393
2
916
141
775
1
615
4472
603
1
601
986
704
1
1
355
1662
1
803
560
912
1
510
403
1268
2
546
1863
869
1
1
1768
934
1
4088
639
1980
19
549
625
3925
1
407
669
1075
1
1
283
735
3
3792
2559
322
1
1870
877
356
1
570
1428
1146
4
2
355
276
1
3684
2856
663
1
683
527
758
1
147
702
739
3
1
968
220
5
2144
742
867
1
963
698
147
1
740
592
614
1
1
59
593
1
386
2667
79
1
814
863
143
1
1560
709
3645
1
4
912
500
1
241
132
447
1
854
843
826
1
506
372
965
7
2
729
285
4
757
690
570
1
1542
375
944
1
939
520
856
1
1
2016
627
1
796
368
1024
1
2277
474
930
1
1364
369
583
3
1
192
1034
1
217
908
200
1
539
2356
155
1
38
120
432
2
2
1002
647
2
598
537
949
1
1040
903
966
1
969
698
1407
4
1
319
46
1
705
222
814
2
818
1808
862
1
2530
861
492
1
7
831
232
2
135
668
1566
1
588
2025
324
1
1038
652
715
1
1
86
590
1
342
970
133
66
657
2250
634
1
992
591
473
2
4
463
506
1
711
615
3264
5
768
1040
518
1
976
230
820
1
1
182
894
10
706
589
2140
1
928
507
985
1
598
1098
411
5
1
1539
245
1
862
3472
4900
2
587
888
173
1
442
818
1235
1
4
965
753
6
650
715
916
1
128
1005
2526
2
1280
4380
871
1
1
796
192
16
363
166
383
1
612
763
365
5
668
742
226
1
1
547
754
12
782
953
1992
1
767
496
801
1
655
800
1334
1
60
249
755
1
1456
120
546
1
1034
4480
234
46
225
843
354
1
1
1425
225
1
417
410
695
1
963
769
849
1
819
1027
1944
1
1
152
972
1
122
1012
230
3
585
465
160
1
1019
1108
1800
1
2
1134
4156
3
1039
822
736
4
585
908
517
2
3035
95
525
1
1
1052
905
1
1996
994
2082
1
1027
573
408
2
1035
597
646
6
5
791
528
1
2106
620
1176
1
482
533
472
1
990
2670
265
36
4
137
369
4
800
3876
684
1
326
55
3130
2
4680
154
1888
1
2
84
285
1
1282
504
595
1
1503
494
690
1
549
110
10
1
2
432
595
1
2112
573
4851
1
1908
297
587
14
1586
948
322
1
3
840
2103
1
2300
710
506
1
766
1176
705
2
404
90
682
3
1
160
336
1
424
2010
1268
11
865
72
48
1
309
730
458
18
2
1646
90
1
1024
936
106
1
248
402
2826
2
1008
75
957
1
1
2124
832
2
297
3055
985
9
372
221
264
1
522
698
684
1
2
844
96
1
578
459
628
5
827
249
1046
1
663
778
664
1
2
620
270
1
361
714
252
1
162
1474
902
2
336
111
250
2
2
693
512
1
417
586
395
1
217
873
103
1
721
405
1062
1
2
81
850
2
675
2478
876
1
980
197
897
1
957
436
810
2
7
944
824
1
132
1600
1444
2
1548
66
576
2
805
646
268
1
17
4758
390
76
594
386
432
7
784
645
785
1
1036
38
610
1
1
282
74
1
338
85
1326
1
619
338
308
2
492
66
367
1
3
464
1890
1
448
444
703
3
990
706
3240
1
383
141
978
33
1
138
642
1
560
697
596
1
722
707
1154
1
4671
1101
486
1
1
1112
921
1
794
829
2315
1
892
256
229
1
861
679
409
1
2
804
544
2
42
398
777
4
1986
217
173
2
2253
1476
948
1
2
278
142
5
545
576
829
1
227
741
181
4
370
606
538
1
1
64
372
629
156
950
732
1
551
993
4176
1
251
2500
699
1
1
590
592
4
354
537
752
1
351
829
739
3
961
236
616
2
1
97
291
79
741
402
484
1
639
839
4610
1
723
283
701
4
2
311
988
1
1902
143
1314
1
383
871
585
1
362
687
989
1
1
1079
658
3
166
1368
767
2
438
431
375
1
794
1752
1476
1
1
113
720
8
2336
1304
1066
15
432
3039
3504
1
1044
90
1005
1
1
141
1929
1
4695
305
140
1
4704
673
870
1
43
626
664
2
1
2445
134
1
179
4225
861
1
581
957
758
1
1569
1644
553
26
1
135
864
2
1092
343
516
25
2214
297
177
2
1929
853
418
1
4
808
997
1
4080
742
2548
2
908
4542
49
3
614
305
277
1
1
631
200
1
593
904
281
1
249
3350
596
2
750
1347
122
1
1
635
2046
1
4648
1810
600
6
481
425
138
1
279
521
960
1
1
1002
2392
2
801
2661
67
1
716
642
221
1
889
151
853
1
1
1872
3708
1
692
949
660
14
726
408
121
1
1736
871
736
1
2
1630
198
1
974
215
2512
2
72
987
2052
1
1064
869
2884
1
1
970
354
1
2709
938
308
1
522
438
998
1
703
401
418
5
12
914
892
1
1027
557
1960
1
480
2295
374
1
1370
808
722
3
33
2160
899
3
524
438
965
2
645
883
4790
1
513
261
167
1
1
1110
1566
1
787
298
421
10
462
938
772
2
3112
215
320
1
2
88
417
2
1094
702
706
5
1650
542
1476
3
815
903
980
1
1
836
77
1
500
1540
1748
1
336
1824
1592
1
4730
351
645
1
8
1015
274
3
546
328
411
1
951
380
600
2
102
54
307
1
3
646
1250
5
2301
119
842
2
834
780
855
1
224
398
2032
2
1
1604
522
1
672
1221
300
2
4420
511
410
3
807
571
340
1
1
264
441
1
473
262
933
13
171
125
134
1
478
134
710
1
2
1569
1120
1
498
873
1007
4
137
336
400
9
394
3626
366
1
2
319
902
1
46
4907
713
1
570
726
1368
2
625
1059
901
1
1
967
741
2
2640
2046
666
1
198
310
134
2
763
344
563
1
1
565
960
2
745
602
328
4
1750
592
450
2
2455
3759
248
3
16
1593
918
1
759
307
682
1
2295
1746
767
3
4638
618
2751
1
1
749
1947
1
697
2658
956
35
161
382
507
1
604
359
550
1
1
711
571
7
1075
864
475
1
569
820
234
2
426
990
3876
1
1
848
809
1
1084
674
194
1
845
280
395
1
48
208
924
4
1
1328
462
1
4210
540
635
1
4365
318
2946
1
567
932
378
150
16
4096
151
1
4816
3610
1008
1
707
121
662
1
706
393
815
1
1
1012
1051
2
861
4050
408
2
494
910
272
23
335
876
962
7
1
664
1300
71
898
2673
586
1
431
802
468
1
475
1048
937
1
5
802
4718
3
2136
1311
356
1
644
427
551
3
132
332
63
3
1
1074
768
1
902
1962
868
1
554
212
3170
2
1091
1040
645
1
1
1029
216
3
103
4424
215
560
209
557
698
1
3990
2199
481
2
10
1082
315
1
95
984
502
2
115
67
1392
1
90
282
1216
1
3
271
198
1
381
963
956
1
1022
789
3245
2
350
1007
858
4
1
512
1568
2
111
449
171
2
817
1035
654
2
542
1088
1030
1
2
172
582
1
345
944
394
2
4158
837
735
2
927
1200
2220
1
1
695
84
1
824
292
244
1
1038
27
2110
2
782
331
684
2
1
1091
347
4
2146
1340
613
2
1432
551
581
1
459
757
581
1
1
4410
376
1
624
344
334
1
1952
659
676
1
554
903
532
1
1
183
105
1
2108
1150
425
1
2100
2595
80
2
4812
1398
2904
1
1
118
606
2
2697
757
87
4
1496
497
992
2
848
305
1184
1
2
682
1031
11
903
122
2002
6
1210
461
1611
1
849
439
3688
2
1
1978
483
1
1398
293
871
1
4602
821
743
2
215
632
4720
1
1
888
930
1
1642
609
246
1
493
654
988
3
2092
892
2176
1
3
491
2067
7
441
170
590
1
201
99
1544
1
1005
930
1554
1
1
945
679
1
938
678
988
3
653
243
1012
1
1174
102
1440
1
4
1015
126
2
181
407
1194
1
548
526
399
2
153
1108
314
3
1
557
248
2
4722
861
593
59
429
964
1593
38
2984
855
536
1
1
1188
141
1
868
1194
904
1
420
728
844
3
90
290
902
1
1
852
383
1
929
200
370
4
4242
514
534
3
1006
128
834
642
6
652
308
1
533
110
849
2
2098
613
1466
1
209
28
1011
1
1
2245
621
1
3724
173
464
1
4056
508
114
2
1694
402
473
4
1
849
843
1
542
885
1629
1
440
236
842
1
451
2433
553
5
1
2036
1953
1
1540
4224
939
2
460
1984
1743
1
288
452
630
4
2
208
2204
215
2376
516
704
1
940
648
166
2
308
959
588
1
1
282
409
1
1016
515
4590
2
487
207
169
2
596
284
911
1
1
1968
661
1
404
860
1548
21
390
532
667
1
1419
1003
673
1
3
142
1702
4
889
1012
690
28
1646
603
157
1
1652
449
732
1
1
716
1401
2
764
1002
1824
1
464
356
964
1
2007
919
2032
1
90
1516
922
1
148
891
1009
1
3696
1288
691
2
318
653
2436
1
14
1562
1652
2
966
118
996
1
2064
1970
3260
1
1848
4775
586
1
3
796
960
10
4824
1063
172
1
2325
555
965
1
196
933
180
5
1
286
781
1
647
469
987
1
903
466
1596
1
314
460
859
1
1
427
138
13
894
615
603
1
506
105
665
1
2550
615
351
3
2
4631
3508
1
911
903
114
5
2827
789
681
1
732
832
514
2
2
4818
430
1
396
71
427
3
582
384
1594
2
876
629
237
1
2
4676
2736
1
660
664
447
1
148
280
30
1
361
96
1006
1
1
253
809
5
548
884
744
1
968
872
1611
1
418
714
979
2
1
968
591
36
471
1050
1914
1
382
959
215
1
556
223
1894
14
1
669
390
3
272
1835
505
1
332
1030
481
1
834
460
1968
44
1
680
288
10
857
1455
295
4
1042
988
892
2
1455
728
678
2
1
496
428
1
151
53
692
1
1416
2618
702
1
2002
3078
4435
1
1
1446
790
1
990
3455
399
6
304
293
31
1
239
1570
754
1
1
76
1624
2
460
311
883
1
2502
339
896
1
3189
552
552
1
1
959
299
1
503
277
641
1
501
3784
640
4
547
643
334
5
1
798
454
1
786
1039
2200
1
141
1209
511
4
822
380
373
2
5
388
1827
1
76
1020
121
1
450
692
1402
2
1584
227
361
7
1
1788
1562
4
214
53
970
1
1092
561
728
2
239
876
62
1
1
711
795
1
824
255
17
1
1456
1532
1736
1
782
2484
999
2
1
80
404
1
542
208
108
8
689
250
676
1
1479
703
1026
1
3
157
1026
1
1028
556
255
7
982
358
967
1
1198
701
308
1
1
800
140
7
995
291
272
1
619
650
3096
4
447
2052
846
1
1
636
177
1
3264
883
671
1
1521
641
113
4
188
504
185
1
1
379
2088
1
750
639
1388
2
936
340
138
20
254
116
686
1
1
342
839
1
151
2724
786
1
1344
160
183
2
491
1354
797
9
1
786
2094
2
614
359
784
3
454
265
70
24
1636
728
881
15
6
762
766
1
347
269
1340
2
183
282
443
2
544
414
270
4
1
888
1251
1
176
262
627
1
725
701
177
3
710
1270
770
4
1
713
321
3
313
1076
549
2
457
1009
411
9
298
922
672
2
1
979
776
1
380
841
144
1
1378
966
1004
4
366
823
217
1
2
425
534
1
1000
340
831
1
1468
1878
665
5
510
396
300
1
1
554
587
1
279
281
855
1
238
942
305
1
513
816
45
1
2
730
578
2
473
1916
436
2
400
342
949
1
936
694
532
1
2
989
