1
212
351
2
136
909
278
2
298
254
525
1
2235
465
262
1
1
80
580
1
771
559
1440
1
755
187
1860
1
704
366
936
1
10
819
597
4
648
875
814
1
1202
101
94
24
321
208
1202
1
1
801
968
3
990
956
798
1
1032
962
965
1
2733
730
1001
2
1
466
2328
3
562
1246
663
15
813
1556
829
1
795
4173
343
1
1
1170
474
1
2225
652
1048
1
104
756
1012
1
152
707
706
1
11
3592
1454
1
591
562
1013
5
550
524
523
8
3368
861
4060
2
1
307
154
1
244
690
625
3
2745
330
228
1
453
95
940
1
1
904
120
2
407
933
302
1
454
1059
1988
2
799
834
849
1
1
915
1210
7
442
870
376
11
2042
189
1024
1
1534
454
76
1
1
246
411
1
1662
1854
849
1
354
754
73
1
664
57
619
1
2
501
1016
1
1160
57
177
1
416
105
977
5
222
491
3720
1
2
563
664
3
987
287
292
3
3072
1376
903
1
1013
566
675
2
1
1023
440
2
181
1032
1464
1
223
819
963
1
3695
412
671
2
1
458
2100
2
1311
2460
441
1
798
1344
615
1
4905
3220
1564
3
1
259
920
1
289
870
360
1
1164
882
383
1
1010
877
909
1
3
878
172
15
539
933
1461
3
515
356
1176
1
544
532
1068
3
1
420
868
1
620
692
862
28
718
2164
565
1
1043
520
363
1
1
824
840
32
420
401
2352
1
526
932
90
1
891
926
292
1
1
1569
4746
9
684
194
610
1
2376
963
332
13
374
262
116
1
1
460
935
1
844
781
1929
1
569
958
2012
1
130
4008
313
20
13
584
785
1
538
438
729
1
644
1080
719
1
3219
885
75
1
1
513
27
1
784
106
449
2
509
344
327
1
308
1034
842
57
53
723
222
1
333
362
989
1
44
156
53
1
918
1031
675
1
1
136
670
10
720
1894
206
1
1780
820
2004
1
316
653
18
1
2
3704
774
250
2034
1040
542
1
1440
634
1302
2
608
287
480
1
1
578
1210
1
1416
4500
929
2
2420
915
843
2
929
577
742
2
1
378
490
1
437
767
466
1
3750
1602
464
2
958
1112
2708
1
1
772
409
1
330
4580
301
1
386
382
920
2
788
1548
1424
1
1
207
277
1
430
234
2092
1
428
790
509
1
462
807
1854
2
7
461
827
1
1948
319
234
1
875
1770
128
1
580
830
959
1
1
352
7
12
2520
1274
295
1
127
572
2096
1
848
920
817
4
1
701
395
9
1996
908
910
4
154
700
2598
1
1476
498
877
2
3
877
1562
6
1670
2038
153
3
1958
624
797
6
728
161
616
1
1
1558
454
10
777
754
224
1
285
2366
587
2
111
492
181
1
1
1518
691
1
376
929
668
1
583
690
553
11
1394
126
302
18
1
973
2625
1
870
942
241
1
256
129
347
1
882
366
789
1
1
835
4991
1
611
550
744
1
588
1016
708
1
699
886
154
1
3
3872
1014
1
4750
325
796
1
1524
688
469
1
552
1030
1360
2
8
604
967
1
438
201
1039
446
2286
383
655
207
266
297
835
8
1
480
885
6
452
145
1248
1
977
1068
449
2
938
421
838
4
3
529
763
9
2214
220
812
1
1956
728
455
3
743
316
481
3
1
1004
2042
1
4968
196
2508
29
4434
986
99
2
507
98
962
39
5
573
984
1
914
16
878
2
246
931
396
2
96
4830
678
1
1
936
356
1
1000
383
125
3
211
85
930
1
113
3944
285
3
4
827
720
1
799
482
1003
1
1374
2225
655
3
993
3456
1800
1
1
562
585
2
2160
957
872
1
563
252
295
3
579
352
797
1
1
426
368
1
68
213
208
2
550
2007
367
1
453
2422
356
1
1
719
500
4
743
1844
2292
6
146
2259
212
1
879
711
811
3
5
1394
702
3
269
971
666
2
593
652
582
2
656
907
838
1
25
356
854
1
1632
972
607
1
134
451
937
10
553
1038
510
1
10
898
851
1
1060
504
420
2
476
298
349
1
543
3112
718
1
4
621
721
1
490
653
245
1
1216
387
119
1
919
328
983
1
1
711
2373
1
984
16
399
1
849
651
84
17
271
139
410
1
1
98
1762
1
888
1532
996
1
224
515
476
2
513
347
510
1
3
912
547
1
1436
287
943
5
857
1964
972
1
617
917
1939
3
1
723
965
1
605
1959
1030
8
1386
598
3972
10
2945
824
1940
66
21
56
1308
4
929
1336
277
1
550
263
1962
2
2994
2072
658
1
3
518
177
1
1054
1510
1038
2
881
755
592
1
197
214
183
569
1
4602
3220
3
778
619
1192
1
1764
342
1581
3
481
1196
670
2
1
224
2912
1
901
107
202
98
79
2307
216
2
429
667
2054
3
14
823
450
1
714
97
1632
6
505
241
1478
1
434
287
722
1
1
972
340
1
964
485
45
1
372
96
602
5
473
1746
1010
1
5
831
800
1
854
712
182
1
329
783
1844
1
1142
454
239
5
3
360
1528
8
650
192
1344
1
884
547
105
1
574
140
1578
11
28
1702
706
1
714
400
899
1
658
225
1364
1
154
308
298
1
1
985
831
2
464
145
291
1
724
533
853
2
969
1626
792
1
2
1616
1662
1
570
1085
101
97
310
808
716
7
164
1438
996
3
1
832
588
1
646
1072
817
3
495
562
2445
1
622
781
1248
1
1
3195
997
1
1003
1758
185
1
1005
140
383
1
2484
3300
467
1
1
953
334
1
676
917
325
1
904
1017
3111
1
425
720
510
1
3
282
2345
1
201
498
264
1
230
794
732
7
695
270
928
1
2
506
4386
5
386
436
705
12
711
540
924
1
677
62
604
1
1
476
828
2
764
938
482
1
1784
2556
596
1
663
594
528
1
1
513
2760
1
776
702
4540
1
919
1544
1689
1
868
4802
147
1
1
948
732
1
618
819
876
2
813
421
28
1
1575
318
914
1
1
1059
2210
6
1566
640
855
1
995
2140
1568
1
753
414
962
1
1
4522
282
2
623
615
960
1
4065
959
106
5
1094
1437
753
1
1
991
349
1
2088
1262
4995
1
278
4998
3088
9
854
783
826
3
2
2166
90
1
293
2098
1508
1
1071
829
731
2
942
4204
200
1
2
485
590
1
1286
384
71
1
787
335
650
1
459
482
160
267
2
149
102
1
594
660
4176
1
708
675
106
2
1924
2331
794
1
1
924
952
1
1024
133
896
1
467
1033
842
1
289
992
1057
1
1
4475
536
1
993
3930
215
1
618
670
364
2
3652
420
853
1
2
735
242
6
275
822
981
2
694
993
714
1
280
2064
2190
1
1
619
481
2
868
448
695
1
922
616
162
2
2904
2346
582
1
1
748
384
1
1434
462
1944
1
105
447
463
1
751
534
798
1
2
759
882
25
749
703
125
1
326
86
729
1
881
1000
915
4
1
104
434
1
4345
835
871
3
129
673
2172
1
1024
838
726
1
1
576
407
1
346
410
534
1
4548
1632
1179
5
922
2463
646
2
1
33
823
89
898
1022
637
1
1063
2241
618
10
539
658
3774
3
36
678
347
22
3280
314
55
1
1070
167
464
1
159
622
1440
1
1
597
78
1
376
513
105
62
386
614
266
1
683
1025
963
3
1
382
321
1
273
4650
622
2
440
1722
318
1
1246
1046
668
1
1
983
602
1
944
233
304
6
342
564
1020
2
673
418
744
3
1
104
591
1
246
474
982
1
1778
767
1722
74
530
716
774
1
4
741
1556
1
916
568
1550
6
164
300
514
10
1019
213
4356
1
1
811
926
2
255
91
4872
1
89
141
2048
7
1173
2262
449
10
3
465
6
1
237
311
196
1
1066
401
173
1
1564
724
475
1
25
116
1826
1
241
538
1055
1
1010
200
943
1
429
946
2180
7
4
841
2216
10
263
458
390
2
568
172
60
1
186
1025
165
3
20
240
874
5
540
254
825
2
508
894
1236
3
704
900
102
2
2
1014
696
2
465
967
1945
1
419
816
862
10
932
281
2517
1
60
702
908
1
287
400
381
3
600
191
541
1
4575
280
618
6
1
956
419
1
940
342
299
1
1218
553
519
2
87
204
2991
2
1
1012
191
179
632
44
493
1
1526
444
882
1
515
647
865
1
3
256
1044
1
845
1041
1851
6
416
971
652
7
2006
994
92
1
3
2006
876
1
597
835
1496
2
1335
658
843
1
571
871
403
1
3
251
933
1
519
183
1785
2
4878
783
460
5
1442
461
880
2
1
392
2850
1
839
772
889
2
132
876
573
1
844
780
220
2
37
305
383
1
447
2700
1065
1
926
3436
959
1
391
398
4048
1
1
1506
701
1
628
134
444
1
1015
434
990
1
689
402
715
2
1
644
1198
1
210
735
142
1
824
1046
267
1
975
566
550
1
2
4428
4096
1
970
2260
198
1
256
945
589
4
349
997
1017
1
2
314
299
1
3537
864
677
1
592
476
240
11
230
768
65
6
8
837
972
1
195
314
708
3
436
901
952
1
952
155
1964
1
1
631
54
1
502
230
1037
1
823
3610
630
2
4568
252
940
2
1
393
650
1
946
257
2316
1
1010
462
590
1
410
226
368
8
2
768
440
4
823
329
908
1
439
998
502
3
719
931
1034
1
1
1950
681
1
230
212
774
1
1770
984
396
1
632
872
1035
1
2
90
376
332
557
261
1002
1
630
714
373
1
506
521
1005
1
1
150
275
2
982
877
119
2
539
4025
1086
2
1044
244
870
1
1
789
846
1
612
635
343
1
525
703
226
1
798
680
408
1
1
974
466
1
4984
705
1404
1
2043
945
2133
1
266
3016
1530
1
5
392
663
3
61
1922
570
1
494
161
221
3
513
1884
649
4
1
610
833
2
425
197
292
7
612
218
422
2
950
866
347
1
1
480
694
2
354
897
4907
9
3367
1587
212
1
2808
534
183
2
471
954
2049
1
2352
599
1144
1
550
885
570
1
368
152
279
2
1
898
522
1
979
364
840
1
237
1212
1728
1
764
384
597
2
4
4411
760
9
3120
876
460
1
142
4115
652
2
670
2040
106
1
1
298
947
1
470
982
235
5
167
3180
230
1
959
1120
1498
1
1
131
3072
1
154
2108
1022
1
231
945
928
1
2625
428
361
1
1
910
946
12
1386
233
702
1
494
504
370
1
1845
1574
1039
2
3
1031
829
1
168
714
120
5
52
354
567
1
781
974
914
1
1
624
928
2
4824
630
1846
1
712
267
981
2
807
866
516
1
1
759
376
10
854
656
572
2
1712
674
2712
1
928
1990
901
6
3
1059
345
2
768
1437
866
1
714
225
617
1
461
992
293
1
1
626
76
1
738
2066
634
1
917
294
955
1
506
709
468
1
1
996
3116
1
579
751
240
1
94
3808
458
2
3612
81
888
1
8
324
938
1
262
75
511
1
783
2883
468
2
1914
218
903
15
83
452
683
1
425
914
1968
1
540
1448
762
5
160
918
294
1
3
683
1550
2
258
1025
3564
4
709
637
719
1
826
1428
909
14
1
765
341
4
4755
757
674
2
1642
779
4188
1
933
1290
1720
5
1
1600
1021
1
696
1396
164
1
1048
788
632
1
742
294
310
1
1
236
510
1
214
397
412
1
656
440
250
7
1120
3540
2324
1
1
360
544
1
563
784
2226
4
1914
3705
1356
1
579
186
1025
1
3
869
477
2
512
1007
845
1
834
1896
2076
2
4380
1626
1190
1
1
1432
4760
1
416
449
242
1
1336
21
386
1
922
2037
768
1
3
932
880
3
561
946
464
1
138
133
546
1
451
334
4012
1
1
485
602
4
580
936
151
2
111
43
3020
24
696
1022
71
1
1
457
378
1
455
1658
1209
1
1404
676
1016
1
771
282
1044
144
10
573
979
1
1990
279
279
9
733
4333
883
1
991
286
133
3
2
4344
4865
2
1600
610
658
120
294
648
1506
2
1826
533
209
4
1
2325
1083
1
1556
610
647
1
384
875
3129
3
495
864
427
2
1
1018
815
1
134
217
611
1
960
1030
891
1
3348
953
392
1
12
225
355
1
1946
1364
144
1
143
678
283
1
978
1872
2826
1
1
109
1047
1
83
1782
588
2
356
268
762
1
4475
761
1368
3
1
225
759
1
774
2994
322
1
2020
672
896
1
899
699
872
1
11
4688
820
1
438
23
2048
4
1054
1096
1734
4
1602
281
619
1
1
847
645
1
382
457
187
3
650
436
348
2
311
736
649
2
1
2559
883
1
859
1058
584
1
475
1316
791
2
781
303
226
1
1
272
885
1
196
284
278
1
753
617
699
4
630
703
905
1
1
671
1100
1
282
718
374
2
647
530
1608
2
590
1018
151
1
1
724
953
1
1525
827
167
1
286
1874
158
3
623
2716
706
1
1
568
1905
1
755
550
1100
1
808
198
210
2
162
990
292
2
3
882
831
6
424
1000
456
4
324
1019
645
2
110
983
161
2
1
68
504
1
1766
1058
980
3
390
175
293
1
178
493
147
1
20
781
922
22
418
349
821
2
1565
404
33
1
107
3824
983
1
2
609
2100
1
306
59
698
1
1368
738
2320
1
1396
905
949
1
1
442
834
1
41
960
652
1
296
527
285
4
524
997
4266
5
1
270
2094
1
771
801
852
1
1384
971
401
1
1384
1450
253
3
3
254
2385
5
14
4350
498
2
927
714
1284
1
496
478
198
1
11
868
493
2
1168
1304
783
1
952
390
157
5
3087
606
574
15
1
583
281
1
577
780
634
1
1242
425
333
7
229
283
680
1
1
670
554
1
1024
356
334
2
513
572
268
6
957
596
1826
1
2
829
525
1
595
395
163
3
208
2400
1088
1
775
361
995
1
1
1001
958
2
59
430
911
10
1518
410
1940
1
696
657
1518
1
1
779
976
1
349
1714
2520
1
361
185
152
16
540
657
1080
1
2
684
691
1
712
540
1057
1
3190
351
702
2
2781
707
943
1
2
490
932
4
805
2412
661
7
150
554
4312
1
908
125
707
1
2
331
619
1
1958
1012
1124
29
681
168
1426
1
1234
519
95
1
5
1010
767
48
663
4040
3016
2
434
577
1606
1
981
715
368
5
1
320
38
3
1033
999
906
1
196
1002
655
20
626
1312
2448
1
3
528
261
2
14
571
3580
3
772
1624
857
2
681
438
533
1
1
832
899
2
99
212
362
1
1332
376
899
1
294
508
582
2
1
1404
1536
1
187
924
220
1
257
229
690
2
607
147
45
1
1
616
210
2
767
253
120
1
563
2416
886
1
257
1008
3540
3
30
860
1160
2
296
233
933
1
912
531
397
1
2304
675
1042
2
3
515
660
5
748
1980
180
1
4362
922
976
1
1671
807
365
2
3
178
242
38
352
763
866
1
3828
120
1016
1
857
526
706
1
73
1067
559
21
325
519
828
11
392
976
871
1
636
586
842
1
1
375
975
1
699
2232
544
2
987
603
1888
1
92
1648
1041
1
5
562
78
1
446
1500
438
1
369
207
936
1
1929
132
191
16
1
2304
2682
1
612
1038
456
1
921
942
883
2
3024
1037
144
3
1
832
1048
4
851
481
293
6
308
491
744
19
387
1383
932
1
3
402
1292
1
388
721
913
1
429
1004
327
1
756
380
564
1
1
1656
598
1
946
465
575
1
103
303
768
1
212
462
555
5
3
720
667
1
1377
249
423
1
526
225
874
4
122
1542
565
1
1
804
1010
1
1460
2400
957
3
726
43
439
1
444
713
660
2
1
1530
906
1
900
732
606
2
424
906
740
1
254
526
826
1
1
794
812
7
547
450
620
2
131
1208
536
3
859
520
392
3
1
578
503
3
1146
538
343
1
554
709
512
1
547
189
1952
1
1
4043
924
1
209
894
2460
4
1608
819
839
5
981
224
708
1
1
477
284
1
1064
1728
4740
4
547
968
957
1
498
4180
1694
3
2
861
478
1
354
4112
276
1
1060
599
778
6
644
2516
390
1
1
178
894
1
502
3252
1077
1
123
649
1156
1
3828
885
2066
1
7
3990
543
1
3828
1025
947
1
1164
83
380
3
756
229
1824
1
3
547
360
1
650
553
126
1
989
906
4984
1
643
88
309
17
2
941
1896
1
850
1562
71
1
364
1445
892
1
50
702
226
7
2
297
86
1
366
168
527
1
1370
1010
756
1
546
4116
240
1
1
213
3852
3
1708
147
276
1
922
183
184
1
234
168
268
3
3
1016
1075
1
176
921
1684
1
1566
30
931
1
923
1584
397
2
1
886
865
2
710
1989
632
8
35
938
3126
1
124
244
218
1
2
576
154
1
916
123
537
13
618
684
324
1
1414
212
294
2
1
2460
715
1
624
399
872
5
766
31
707
1
373
3480
1042
1
1
489
794
2
323
789
236
1
631
265
576
1
655
343
295
1
2
2429
1748
1
3654
301
977
1
99
924
310
1
128
867
1738
2
1
573
632
12
919
918
1636
1
914
1760
413
1
645
4230
1755
1
2
1302
621
1
222
430
66
2
958
934
2754
1
641
696
1112
2
1
4524
640
1
148
978
1246
29
474
142
468
3
2244
408
1420
1
1
4040
703
2
1048
207
213
2
464
3748
320
1
4025
215
154
1
1
689
323
1
628
659
1372
1
425
989
493
2
3888
634
481
1
4
114
615
1
404
924
476
1
396
273
1770
3
1336
178
209
1
1
911
613
1
158
513
930
1
868
359
342
1
4185
143
1046
1
1
1752
263
1
178
575
219
1
856
474
3612
1
921
530
319
1
2
138
417
1
3840
455
989
1
483
711
104
1
1830
844
1485
3
3
1112
2072
2
225
2196
464
1
112
493
530
1
570
822
269
7
2
2316
1023
1
366
1400
226
2
3108
219
1025
1
715
290
756
2
4
4147
374
1
309
932
615
2
843
1445
470
1
1032
1960
411
2
1
472
1228
2
897
940
675
5
330
713
804
1
