20
574
392
1
168
4500
1002
13
769
917
39
1
419
258
4392
1
1
1672
745
2
986
4445
2900
1
140
672
874
5
2170
814
572
1
5
2670
955
1
156
987
870
1
231
864
258
6
236
1018
2652
3
4
1176
4104
1
452
3024
427
2
659
1878
2268
2
725
319
1009
1
4
2344
756
3
702
920
1000
1
603
360
981
2
1009
769
858
1
9
194
940
1
341
929
103
1
685
326
759
1
392
343
521
1
2
506
35
10
122
1952
609
1
4692
111
257
1
1084
328
523
1
1
94
738
2
1007
1272
446
1
294
366
1554
1
185
344
308
35
13
941
939
1
300
510
70
1
734
92
684
6
833
1048
110
1
1
338
151
3
946
1376
330
2
212
722
228
3
3805
768
1820
5
6
94
693
2
689
131
1084
1
360
791
973
1
927
970
1055
1
1
272
596
6
1774
220
150
1
877
1626
2764
6
3500
161
923
3
1
750
341
1
988
644
68
1
568
736
114
1
906
835
258
3
2
99
1024
6
699
478
640
46
202
1592
638
1
631
825
651
1
1
924
632
1
1007
263
294
2
547
1046
144
1
190
966
348
4
13
614
4122
5
398
942
36
1
978
975
1006
1
229
543
515
1
1
649
932
1
982
587
2020
1
706
470
791
1
4908
715
933
1
6
843
1086
1
924
1281
740
1
197
191
534
1
1444
1024
634
1
1
983
1248
6
896
458
66
1
436
661
527
1
1936
1156
718
7
5
662
166
134
907
931
458
1
1394
762
503
1
687
274
446
1
1
1146
580
1
125
2044
890
1
1352
387
878
1
3636
1602
255
2
1
937
2088
1
610
160
334
3
1002
68
2264
1
1980
1732
1430
5
2
2835
493
1
901
609
210
18
581
154
617
1
308
183
1316
1
3
191
838
1
825
1131
891
2
3178
380
487
1
1110
1464
1890
5
3
597
364
1
560
1039
480
3
769
168
965
3
3189
658
2376
11
7
535
545
1
2772
807
1007
2
468
720
528
1
603
392
321
7
4
148
355
2
1822
794
947
3
750
454
263
1
780
547
196
2
1
1700
863
1
281
216
235
2
652
110
366
2
1000
833
200
4
1
696
487
1
478
530
866
61
279
284
1290
1
946
266
240
1
1
749
283
1
2182
1556
3590
1
175
3728
88
1
551
123
838
1
2
579
873
1
586
2811
500
2
1006
1011
724
1
1650
165
388
4
2
375
251
1
384
340
940
1
785
531
642
1
4895
992
901
1
2
836
961
1
547
888
930
2
492
609
1124
1
970
569
1054
59
1
236
1043
1
863
1041
1000
2
199
852
3412
1
1971
781
192
3
1
1520
633
2
480
1407
709
5
761
967
36
4
792
990
399
5
5
326
617
1
218
548
492
1
969
1872
930
1
1200
745
668
1
15
1650
1268
1
1298
825
770
1
820
545
952
9
241
756
643
1
2
251
1848
1
510
467
615
2
611
1384
4440
1
897
762
924
33
1
609
338
14
1574
706
1087
1
620
576
884
1
624
629
1242
1
2
2316
2805
1
260
424
345
4
2304
489
654
2
974
71
791
3
1
523
598
1
185
580
694
1
1982
816
57
1
480
1017
331
1
18
340
133
2
362
210
890
2
1054
573
1098
1
1146
930
1007
2
1
1050
4048
3
208
734
801
1
1040
324
255
1
481
737
830
1
1
4200
320
1
975
1059
2158
1
684
552
706
2
493
531
864
1
1
601
318
1
504
100
340
2
1040
809
303
15
197
647
334
9
7
2214
499
1
1240
923
599
1
994
463
1124
1
544
1007
3004
1
1
1860
1708
1
152
838
651
1
1484
737
1038
1
386
127
204
1
3
37
4060
1
791
797
444
1
694
604
464
5
797
94
293
1
62
534
1708
11
1714
464
895
1
1048
642
1732
2
68
861
994
1
2
1120
1054
1
216
446
442
1
780
204
804
3
422
964
447
1
7
999
801
83
859
1836
948
1
2313
4686
1041
3
179
1716
612
1
2
2700
976
1
491
56
920
2
614
895
1098
1
888
765
968
1
48
990
834
3
759
512
417
1
722
224
224
7
128
832
2742
2
2
471
1264
1
508
674
1047
4
1692
324
465
19
1210
265
395
7
2
4995
350
1
224
615
862
1
140
744
208
3
161
614
122
1
2
1514
534
2
591
1010
992
1
907
1827
1662
1
405
3876
4404
1
13
964
551
2
331
699
102
9
1352
112
1035
2
528
2305
531
3
1
968
99
6
188
38
4824
1
366
2157
881
2
288
674
678
1
1
2010
1404
1
1632
552
408
1
102
811
890
1
489
1868
2230
1
1
364
1024
1
673
328
416
1
1010
1468
248
1
480
1712
723
4
3
408
1292
1
1029
281
1039
1
895
364
147
1
415
506
83
1
3
712
1688
2
837
916
522
1
279
624
2488
2
969
28
847
2
2
776
677
2
448
63
1040
1
1506
1242
615
1
1320
2220
283
1
2
751
1320
1
470
1950
580
1
792
382
377
1
428
1928
650
4
1
560
60
2
99
603
222
1
437
929
601
1
939
1974
149
2
1
930
242
2
1047
526
175
7
714
558
902
1
631
297
342
2
15
1647
693
3
577
117
3588
1
506
816
91
36
714
1778
881
1
1
567
930
1
367
3692
1012
1
774
902
890
1
1017
180
380
1
1
3840
407
1
265
200
339
53
346
777
604
2
939
1450
87
1
1
260
360
1
916
857
226
2
281
883
621
8
619
374
978
10
2
333
724
1
4025
1868
310
3
806
127
215
2
651
447
308
1
1
249
168
2
1014
522
298
1
860
244
3436
1
482
484
775
1
2
972
377
142
302
324
3680
1
206
4764
416
1
512
3135
867
1
3
492
842
1
1250
138
281
9
2175
1924
569
1
203
200
482
3
1
682
392
1
1908
551
325
3
745
228
590
1
608
841
1060
4
1
246
1796
3
265
1245
2202
1
3970
944
616
1
976
694
1334
1
2
2178
1352
1
246
733
474
8
896
555
545
1
721
565
1039
2
1
111
647
12
531
998
611
2
120
784
327
3
2370
126
517
1
1
281
390
1
368
138
97
1
4065
538
548
1
291
1614
1040
1
1
1215
637
1
1434
1186
921
4
238
1015
527
1
396
867
2061
3
1
636
303
1
3552
718
818
1
429
2400
139
2
1064
821
536
1
1
762
1053
3
195
4040
783
1
873
422
715
3
360
217
130
10
1
804
39
2
2268
428
835
3
4712
1057
476
1
507
720
754
1
1
803
648
1
709
1308
909
1
1802
555
312
1
232
976
490
3
1
933
593
1
874
685
1620
2
370
959
785
1
3627
851
708
17
1
644
90
1
3180
930
635
1
284
1492
441
1
733
828
657
1
1
522
828
1
913
915
340
1
251
4395
876
1
861
791
2032
1
1
1866
963
1
73
617
272
1
382
1101
534
3
285
110
715
1
1
509
907
1
1312
800
583
1
510
910
526
4
495
906
612
27
1
760
934
1
921
1486
91
3
840
4515
1496
2
372
341
341
1
1
331
443
1
1044
827
942
1
695
135
517
3
652
4158
851
3
1
656
2500
11
216
121
3484
2
388
1191
1664
1
3235
416
798
1
1
781
754
4
1482
2164
1830
1
909
967
846
1
791
74
270
10
1
742
998
1
1335
693
919
1
527
155
794
3
529
2148
210
1
15
723
318
3
648
700
474
5
238
516
388
3
451
984
1926
4
1
869
511
1
373
927
714
2
3117
420
543
1
492
404
654
2
5
883
1042
3
898
676
1576
6
556
699
995
2
1912
680
807
1
1
3164
694
1
337
864
797
1
332
2304
1020
2
209
767
1326
6
1
867
464
1
964
882
910
1
235
1887
671
1
622
77
2696
1
1
508
362
3
515
227
367
1
2874
2496
831
2
691
821
1308
1
3
900
1438
2
983
470
24
1
711
747
857
4
1434
1528
625
30
6
835
248
5
472
290
1058
1
482
1182
928
1
868
1077
489
1
1
108
2976
14
621
466
750
1
4806
1796
1210
1
36
307
977
1
1
524
303
3
642
702
268
1
2151
3685
2097
1
884
329
124
1
1
217
286
1
419
1764
164
4
1660
844
271
2
302
387
479
3
2
366
934
1
244
83
125
11
774
474
1630
1
892
228
786
4
1
920
818
4
474
610
437
1
450
1044
1200
1
521
616
587
7
1
1256
199
4
579
1878
652
1
2595
612
379
1
3748
2172
1510
1
1
3196
245
1
573
216
668
1
1476
1872
1746
1
1500
1552
3330
1
2
870
816
2
209
831
1970
1
247
129
201
1
786
4200
4620
1
10
89
996
1
3135
424
977
1
1023
96
589
3
909
1656
3888
1
6
359
280
30
122
424
184
1
369
480
376
1
149
389
811
2
1
728
960
43
903
1212
1031
1
541
215
524
4
385
69
300
1
1
359
1376
2
364
861
125
1
1420
4695
497
1
808
471
317
1
5
2373
1414
2
25
780
1382
1
786
324
517
1
354
670
839
1
1
647
691
1
992
988
389
1
852
896
693
7
755
190
905
1
1
125
129
1
918
84
733
7
434
687
868
1
1998
252
1008
1
1
413
608
2
4800
807
448
2
927
449
371
1
1092
553
120
1
1
2250
693
4
390
186
935
1
985
4972
926
1
1452
549
380
1
2
687
593
2
898
1330
715
1
476
711
308
2
286
1179
262
26
1
179
230
2
838
343
454
2
175
488
798
1
984
81
740
4
4
1776
931
11
1008
1239
4360
2
411
491
3940
5
473
370
1018
12
2
838
354
1
256
136
489
1
1974
699
1434
1
999
458
1000
1
1
3177
486
1
359
952
355
1
184
484
994
2
69
67
895
1
5
615
1060
1
4015
699
4886
2
676
364
1854
1
280
76
1017
1
1
882
579
1
2048
1091
377
1
278
649
520
1
566
230
2811
1
1
379
505
1
276
532
956
2
416
2325
582
3
88
202
591
1
6
776
568
11
122
822
198
4
877
75
1622
1
4886
149
867
45
1
844
3395
3
625
3576
468
2
1089
812
610
1
2736
785
253
1
1
2776
920
3
578
180
583
1
891
1040
281
1
2262
394
575
1
6
597
2032
1
1032
2436
2300
1
550
3952
3545
3
388
730
681
1
3
679
867
2
702
356
652
1
577
255
466
1
1617
267
737
1
1
4992
940
5
1732
1008
864
1
677
620
204
8
929
803
278
1
1
515
1046
1
1564
1776
369
1
271
813
953
2
917
693
560
1
2
717
744
6
2984
208
312
1
116
1440
772
1
622
3500
748
1
1
256
914
7
4035
435
88
2
544
503
1078
15
759
365
512
1
2
512
937
1
1008
816
141
1
375
124
2604
3
685
428
4025
1
1
529
702
1
626
254
546
1
620
583
2108
1
335
222
1940
3
1
1143
580
5
1082
761
933
3
402
904
476
3
535
4676
719
1
1
724
480
2
775
728
525
1
525
133
547
2
1035
658
512
1
1
220
287
1
478
821
966
1
943
1328
1018
2
991
506
1206
9
1
593
1184
1
229
258
1004
1
832
1000
518
1
210
247
828
2
1
3992
1324
1
428
308
274
1
137
388
972
4
1890
436
511
22
7
3078
764
1
1158
710
670
1
294
957
986
1
425
1053
837
1
1
378
1422
1
659
1055
366
1
1004
2562
1240
1
711
121
248
1
4
3081
2002
1
689
248
637
1
974
378
1070
2
897
680
1150
2
1
4606
156
1
836
418
922
4
155
395
3232
1
162
582
984
1
2
3872
1988
1
1210
649
882
1
419
