1
430
370
1
2472
850
1512
8
951
441
140
1
622
307
509
3
1
262
2295
1
702
4266
941
1
698
680
1054
1
2352
1113
659
2
1
590
934
3
740
370
802
1
880
2064
196
1
298
373
30
1
12
951
958
1
2856
757
668
1
669
796
902
3
382
3252
575
4
1
488
323
1
868
100
187
1
392
438
3480
1
3816
177
771
1
1
1974
746
3
1659
578
304
1
132
206
1850
1
528
808
24
1
2
891
630
1
497
474
3375
2
613
943
377
3
309
526
205
1
1
190
556
1
246
471
605
1
595
3136
980
28
876
960
929
1
1
2649
580
1
107
759
2660
4
531
1618
444
6
993
1100
161
1
4
494
135
1
1984
148
1596
1
791
718
290
2
948
616
477
3
1
2133
1116
8
775
192
910
1
916
617
245
2
771
956
177
1
2
1590
1664
4
1008
590
1576
1
781
1384
1755
4
360
890
160
3
1
350
123
1
1032
1497
851
504
1084
1005
3944
1
693
259
1592
3
23
911
221
1
712
157
948
1
653
796
715
6
433
221
434
1
5
903
1416
5
444
947
759
1
1638
411
790
14
360
1684
794
7
1
755
2148
3
1024
1018
993
5
460
282
1092
1
901
1190
491
1
1
854
70
2
1226
762
349
2
907
4700
872
1
220
231
1650
3
1
1588
223
1
729
630
1642
7
586
2652
2274
1
1306
364
1023
2
124
1928
428
1
591
173
798
2
1080
952
201
1
910
1020
594
1
1
1546
874
1
128
868
1008
11
1900
595
1308
1
552
2752
603
1
4
1052
913
1
545
911
1608
44
837
732
407
1
672
819
752
2
1
624
160
4
1304
669
140
12
393
309
1212
1
645
315
962
23
1
1900
2706
2
585
4407
572
1
1778
917
620
2
975
745
472
1
1
3400
785
1
158
1424
60
1
576
868
442
1
2160
1067
27
2
1
687
441
1
837
943
774
1
174
805
884
131
552
648
420
9
2
449
693
2
312
1030
1410
2
99
2044
721
2
2408
438
693
2
1
3615
465
1
725
1356
307
24
482
128
887
1
994
1010
948
2
2
3913
646
2
593
379
803
3
568
944
111
1
80
181
1218
1
1
539
650
6
3870
703
206
2
4280
788
534
10
360
947
680
1
1
996
591
3
343
965
605
1
570
417
588
2
406
797
681
1
1
925
3804
1
357
831
248
1
393
910
939
1
697
1128
436
1
2
736
601
5
163
746
4584
1
331
641
374
2
129
2142
1233
1
1
555
3577
1
1170
68
618
2
242
316
993
1
632
577
462
1
7
1934
402
2
842
830
448
11
758
672
443
1
1648
680
635
1
1
842
147
1
131
222
1049
1
709
913
514
1
1731
538
2490
5
1
927
513
1
1020
4725
1562
1
996
1959
734
1
1548
266
148
2
6
836
337
4
586
835
765
22
1095
174
448
1
965
786
779
9
1
351
1803
1
544
1246
909
1
421
1178
144
1
225
3820
1353
1
2
709
838
1
1116
265
507
1
965
549
4160
1
734
2204
923
6
1
3111
892
4
701
698
186
1
1608
4928
744
4
77
257
285
2
2
896
127
1
288
99
547
1
1698
143
647
3
2088
1272
111
8
23
498
334
1
272
1162
4060
3
492
154
944
1
212
714
1792
3
1
1484
261
3
344
171
962
1
2424
1110
890
5
893
698
649
9
1
1812
813
1
90
3468
2185
13
200
3122
439
1
1335
457
931
1
1
291
628
1
1270
1182
944
2
3588
524
1594
1
690
906
626
3
1
596
85
8
244
520
994
1
616
287
316
1
4842
282
804
1
1
446
154
1
2103
132
53
1
970
686
371
1
1244
690
207
6
4
458
1714
1
190
787
215
2
1602
837
169
2
484
771
1016
1
1
1618
157
1
2274
1662
3066
2
1482
2436
1173
7
220
79
410
1
1
747
105
1
317
1554
565
1
3774
804
730
1
721
563
170
1
3
207
1509
29
638
106
680
1
483
406
2440
13
2592
447
407
1
1
837
180
7
484
650
347
1
238
281
1058
2
561
1166
878
7
1
522
2074
2
789
489
2704
11
145
1456
586
3
288
798
2448
2
1
1053
707
1
254
520
888
1
261
1448
881
3
721
416
947
1
5
613
796
1
339
602
150
1
238
150
1598
1
645
330
869
26
2
1428
308
1
139
765
213
1
4980
393
980
1
398
833
53
8
1
747
1300
1
779
430
223
1
241
828
842
1
4728
844
1024
1
5
784
444
1
2835
1275
2032
1
76
594
1007
1
624
1398
804
1
2
304
928
1
950
126
835
1
189
692
157
1
456
311
807
2
9
2848
894
1
594
93
961
4
456
459
99
5
990
1814
1328
59
1
410
649
1
1400
191
406
1
681
405
637
1
1176
568
465
2
4
286
414
8
1013
126
852
2
735
892
458
2
1592
1548
45
1
2
2350
4235
1
693
612
229
5
2468
187
882
2
302
1042
957
9
1
523
215
4
579
2472
569
1
1766
1782
208
3
474
355
518
2
5
4335
130
1
852
541
1382
1
2067
2061
1014
1
362
1022
411
1
1
992
3084
1
603
529
886
1
894
612
974
1
994
215
903
1
20
3730
352
17
2313
396
175
1
1300
478
223
1
474
144
919
1
2
779
230
3
4212
484
1062
1
827
340
186
2
481
82
2784
1
1
720
423
1
229
732
352
1
400
1005
1898
5
280
172
363
1
2
50
1250
3
415
2480
244
2
2265
615
639
1
747
1084
562
1
1
745
507
1
1743
3324
988
1
1808
412
118
1
310
220
604
1
1
2988
436
1
1308
757
796
1
156
1492
261
11
826
368
973
1
2
597
1900
1
1818
1620
676
1
502
3860
725
1
2944
2811
213
3
1
2036
1722
1
192
1230
749
4
574
501
839
1
289
767
114
14
2
49
452
1
910
3996
767
1
2056
993
1546
1
690
290
489
2
5
548
1122
1
483
455
856
1
1102
1042
134
1
256
151
983
3
1
91
541
1
464
885
592
1
615
897
819
1
876
891
101
2
1
893
2496
7
159
328
298
1
369
746
980
1
882
642
485
10
1
2190
1774
1
211
1048
286
2
103
597
119
1
927
992
823
2
1
1044
4280
1
112
1336
689
1
799
628
262
3
640
58
3825
1
2
143
891
2
472
132
1856
3
848
893
926
1
1275
367
2756
1
2
1010
114
1
554
902
472
1
1004
967
107
18
336
1218
751
3
3
783
42
6
73
674
735
1
733
1732
211
1
562
372
1928
1
1
585
249
1
849
2022
225
14
669
833
2472
3
678
635
648
1
1
1305
773
1
1652
546
776
1
873
1224
1674
3
666
651
633
1
10
132
1452
1
547
411
354
14
252
847
94
7
3360
2018
950
1
1
55
3068
1
1672
911
1922
1
684
1260
2157
1
516
107
2280
1
1
367
989
2
243
1164
890
1
236
90
1554
31
385
475
926
1
1
418
342
1
336
634
736
1
756
296
1298
1
335
973
1330
6
1
570
373
1
941
3560
149
1
661
386
632
1
678
4536
586
1
1
981
772
1
591
446
2544
1
483
261
406
1
1974
999
2769
2
1
727
803
10
528
454
266
1
1116
509
73
10
313
286
195
1
1
325
365
1
382
642
1628
2
1170
329
742
2
1019
781
784
7
1
666
705
4
3400
697
1382
1
496
103
737
2
2313
2856
204
1
2
537
554
92
896
316
1114
2
532
548
1092
1
566
109
594
2
4
1041
625
2
471
793
472
1
126
3906
458
14
752
408
341
1
2
2469
702
2
156
629
404
1
180
338
811
1
1142
642
62
1
12
922
3992
1
1071
582
464
1
529
563
1918
3
362
943
1974
1
3
2535
1140
1
310
884
212
5
851
763
683
1
324
532
398
1
1
198
361
1
411
203
66
2
772
974
387
1
476
521
937
1
6
132
497
2
747
40
1952
2
213
552
813
1
1590
81
1606
1
1
40
1425
1
260
640
714
1
762
922
212
1
1539
714
918
1
1
1076
24
1
826
429
622
2
597
613
2062
1
944
704
2980
239
2
226
636
1
283
2060
606
3
2412
159
979
1
1756
1028
173
1
2
926
937
2
1324
379
893
1
254
468
522
1
138
252
119
1
5
423
170
2
115
1224
1003
1
599
964
912
1
661
683
881
9
4
79
527
1
183
1908
1588
5
599
170
2184
2
200
3045
417
1
1
797
1450
2
88
2985
675
4
334
2268
912
1
536
504
944
1
1
814
750
3
964
583
408
1
170
918
105
1
576
564
438
1
6
603
786
1
794
4249
389
1
618
843
256
1
99
2157
918
1
1
584
848
1
314
65
1588
3
297
480
4500
1
1245
2265
1003
2
17
515
981
1
381
369
482
5
330
642
712
1
973
984
897
1
1
922
532
187
584
772
652
1
820
560
933
3
470
1012
914
1
1
617
60
1
1288
1035
20
1
2046
412
806
3
796
358
444
2
1
42
950
1
696
654
48
1
795
2480
673
2
752
1576
1659
7
12
752
987
1
580
831
1854
1
987
905
670
1
806
684
810
7
1
676
448
1
700
145
792
1
336
1638
951
1
294
2128
775
1
1
696
16
1
367
1008
955
1
79
922
960
2
978
956
221
5
1
1188
895
1
253
288
1508
1
888
445
457
1
1524
234
934
2
1
425
401
2
132
545
498
12
124
78
1063
1
2432
1346
60
1
1
264
286
1
580
848
1017
6
4030
871
1005
2
213
824
263
2
3
903
1027
1
182
562
1122
1
802
546
610
1
811
911
1668
1
1
1376
251
1
1024
1086
136
1
810
642
1041
1
974
2205
1524
38
3
922
2947
1
386
916
1998
2
234
488
431
1
1005
1006
974
6
1
935
735
1
428
779
1767
1
1912
616
281
2
855
218
597
3
1
2348
915
1
466
177
820
3
149
1408
844
1
477
200
1892
1
1
791
2140
1
2355
692
297
4
2952
2364
906
7
715
118
2028
1
1
455
686
1
420
1022
723
1
885
332
1617
1
417
1461
554
1
1
2205
476
1
4960
1978
620
1
659
715
852
1
1161
637
778
1
3
73
971
37
341
972
325
1
423
178
959
1
276
799
28
1
1
44
64
1
237
500
1986
1
622
666
1238
1
686
876
716
1
5
169
1494
1
720
1738
3124
2
402
334
285
2
795
525
580
6
1
1330
3237
3
700
553
695
1
1048
138
286
1
109
314
574
3
1
546
981
1
673
440
837
25
41
840
1484
1
451
542
327
1
1
383
1876
7
506
192
147
2
961
900
3685
1
184
712
684
163
1
956
223
1
200
576
685
6
387
1900
868
1
1926
627
876
1
3
1862
774
4
942
954
700
1
591
2014
292
1
745
720
140
1
54
468
2325
1
210
644
281
1
436
284
313
6
77
143
949
1
1
953
272
5
787
925
554
1
346
866
453
2
729
446
3584
1
2
299
773
1
1568
4858
1316
2
632
338
234
1
263
118
601
1
1
4912
4910
1
520
2667
1798
1
432
932
4685
1
413
612
1910
1
75
653
468
1
615
382
965
1
660
997
527
7
314
594
277
2
1
1590
512
1
469
189
589
1
590
761
107
1
630
144
1472
1
1
836
676
1
250
272
695
1
1548
1120
733
1
589
4430
105
1
1
828
108
1
666
792
744
9
726
1012
670
1
366
3570
564
14
1
1500
417
1
798
476
567
2
190
896
362
1
209
971
164
1
2
1356
205
1
494
521
930
4
1458
4040
288
1
284
2012
180
2
12
414
877
6
467
560
928
1
370
445
656
11
703
441
2289
19
1
201
35
3
290
113
602
15
514
1227
425
1
880
288
302
1
8
750
2724
1
4310
834
551
1
381
318
805
1
937
836
608
3
1
2066
104
1
261
4064
919
1
929
988
2445
2
2084
1868
462
1
1
338
528
1
600
137
2946
1
140
541
384
1
3945
173
945
1
1
1156
1022
1
693
1614
620
4
1554
2705
3392
1
875
491
115
1
3
78
3836
4
302
349
1562
2
383
54
4482
1
965
4392
1066
1
1
592
653
20
905
889
4030
1
2070
348
417
3
832
183
4305
2
2
680
740
2
941
737
878
19
470
236
810
1
1988
1239
346
1
1
692
900
53
306
989
556
1
252
172
855
1
196
700
174
1
1
562
401
1
586
642
869
1
2340
757
383
2
426
301
300
1
2
712
950
1
1618
657
475
2
710
2432
71
1
142
539
3927
1
1
2055
3420
1
328
866
38
4
1012
1046
379
2
597
755
572
2
1
94
831
1
1013
576
4200
6
636
4248
912
1
606
1626
68
1
1
4350
2820
3
835
276
338
3
997
555
190
1
774
989
343
1
1
254
934
1
66
742
418
2
442
325
555
15
1090
423
1264
1
1
647
132
2
509
247
229
1
294
626
3475
1
2220
269
1629
1
1
1168
311
1
941
1365
478
2
747
3136
2020
2
1024
574
189
1
1
691
207
1
914
1581
756
1
183
205
898
6
1242
318
1008
2
1
478
436
2
1092
301
432
1
1038
1438
887
1
628
351
475
1
5
2427
798
1
673
968
918
1
2202
926
672
1
521
362
262
5
1
1784
751
1
594
1059
2412
4
263
142
977
1
1318
879
1658
3
1
2696
496
1
968
912
158
2
747
61
918
3
127
975
426
1
2
258
332
1
547
812
40
1
1356
1382
4264
1
914
1182
4752
1
1
545
875
1
220
224
832
1
630
927
299
2
682
559
608
2
2
427
462
40
572
307
2082
1
277
917
206
1
612
893
375
1
1
449
697
1
961
3816
588
2
620
348
410
1
593
864
772
1
1
1248
124
1
1437
624
584
1
884
1510
454
3
2100
722
3117
1
1
177
911
2
1236
972
460
3
540
725
578
1
238
1036
517
1
1
710
1170
2
2112
964
179
1
446
1358
722
1
58
102
174
1
1
923
161
1
2228
892
458
1
911
187
220
1
766
899
1112
1
1
1010
228
2
624
1052
