1
952
885
1
564
339
127
3
854
914
112
1
1040
806
89
2
10
941
670
3
150
345
813
3
744
248
698
1
4653
991
693
1
1
325
393
1
4760
2088
1376
1
679
3140
1896
1
238
167
966
3
1
1726
967
1
474
354
1240
2
1001
3395
856
1
585
266
714
7
1
208
2856
2
2390
638
4985
1
725
2670
183
5
875
1580
105
1
3
962
1238
2
934
674
365
1
492
1950
451
1
702
902
300
2
1
448
235
6
486
4624
522
9
128
898
2403
7
557
814
480
1
1
67
1282
1
708
232
215
1
666
534
2807
3
936
287
1009
3
7
834
670
2
354
871
161
2
1764
98
752
2
878
23
764
10
2
476
868
1
1372
1042
2475
4
793
1013
841
1
2856
673
308
2
13
450
418
1
827
747
534
1
4992
724
4575
1
570
568
808
11
14
1048
1548
1
294
809
500
3
748
3732
453
2
612
977
574
1
7
759
2708
1
1044
1094
148
2
562
1898
211
1
557
510
1014
2
2
127
1030
1
903
1126
590
2
4290
372
611
1
1572
76
1542
2
1
4092
566
1
827
4635
842
4
650
1041
98
1
174
770
1302
3
1
167
976
1
566
994
166
2
234
2220
1430
30
1924
866
844
2
1
534
1448
2
138
3916
178
1
1066
330
3224
1
219
964
802
1
2
100
614
3
304
4970
261
4
979
1085
464
1
291
986
341
1
1
996
2144
1
547
529
476
1
219
345
682
1
1083
267
228
1
2
310
314
1
146
653
113
1
597
571
159
1
965
668
210
1
1
4845
2382
1
743
1460
802
2
732
915
927
1
366
1028
1592
1
1
159
251
10
1024
2181
833
1
73
492
914
6
616
670
646
2
2
898
636
1
209
790
553
3
611
994
2763
1
2054
915
66
1
1
997
457
1
707
537
1533
7
507
462
347
1
201
470
1568
1
2
717
208
1
1560
948
800
4
788
310
397
2
304
936
243
1
1
384
277
1
508
3400
645
2
705
430
670
1
1398
623
785
1
1
1012
539
1
954
206
366
2
987
1046
1062
1
3966
630
330
1
4
219
557
1
685
151
169
3
78
496
492
1
617
767
405
326
1
2825
662
1
1047
725
983
1
1400
420
700
1
1320
963
845
1
3
542
1970
4
746
544
892
1
262
1033
126
11
464
876
489
2
1
238
244
1
2799
602
656
6
467
995
649
1
484
624
731
1
1
1008
501
2
50
816
3768
1
1256
2307
2013
1
180
1484
648
1
1
4155
229
1
993
381
893
2
508
713
3600
1
553
127
626
1
3
965
1452
1
558
149
362
1
620
251
1638
2
1011
500
1704
2
102
942
543
1
430
107
419
7
232
1010
665
9
2740
1946
1592
4
1
1634
777
1
671
121
1335
3
1082
674
986
1
210
131
1520
1
1
2352
657
1
141
853
559
57
4120
816
295
1
923
1592
966
1
1
243
966
96
3168
767
750
1
150
353
462
3
285
211
526
1
1
467
394
9
571
479
154
1
151
460
1410
1
353
981
111
27
1
4655
683
1
588
847
3051
8
847
608
525
35
331
435
501
1
19
1554
449
1
513
640
4095
10
754
1228
172
10
937
2184
447
1
1
626
1414
1
550
1996
623
1
203
1035
580
1
510
987
479
1
1
1914
1446
1
505
423
695
1
381
201
1000
6
2968
423
366
1
1
286
623
1
443
897
2940
1
157
848
1030
3
1512
345
495
1
1
629
980
1
1041
4763
106
5
970
1406
61
3
206
1075
701
1
1
34
150
2
554
984
776
1
587
526
441
4
1007
1430
668
1
2
2412
443
1
239
500
268
4
1390
1150
216
29
394
352
812
3
4
1928
489
12
529
630
564
1
836
872
219
29
565
937
325
1
1
102
560
4
368
909
1460
1
156
924
2676
1
2040
578
284
1
2
753
3829
2
281
645
694
2
942
897
996
13
210
528
258
2
1
2476
600
2
918
341
889
2
644
795
1916
1
358
812
536
1
1
465
2388
5
812
1354
3524
1
4970
384
1040
1
724
12
887
2
3
592
329
33
883
917
692
1
1290
1052
1050
1
991
145
1058
3
1
289
156
9
243
975
585
8
76
1009
905
2
433
713
402
2
4
236
869
2
684
561
4700
1
285
226
479
7
1748
1019
2708
1
1
776
966
1
864
667
1440
1
188
1570
943
1
217
3088
1926
1
33
238
750
1
267
1030
2400
3
798
852
396
1
156
661
254
2
1
507
662
1
905
39
1404
1
3084
770
901
3
406
638
28
4
1
1018
812
2
200
1352
1550
1
439
1683
708
2
767
867
309
3
1
2850
603
1
192
961
261
5
906
894
94
6
948
814
198
1
1
694
1980
1
424
435
1236
3
218
405
252
1
1526
169
2355
19
1
665
542
3
295
107
773
1
1060
1216
2916
1
93
1124
2556
3
1
2014
220
3
873
582
237
1
859
745
410
4
735
307
1624
1
1
699
266
18
460
79
2298
1
302
813
508
1
463
87
707
1
1
1500
375
1
1004
534
362
1
272
170
810
1
648
329
1282
1
5
2196
507
1
267
804
889
3
361
1182
613
1
740
967
208
4
8
855
3432
2
163
600
462
1
479
909
855
1
1006
462
1344
1
1
981
306
1
1005
3456
780
1
818
703
1712
1
75
701
687
1
1
210
778
4
1828
1412
530
1
907
316
2020
1
584
28
3159
1
1
1046
1114
1
545
758
997
3
652
673
755
1
77
2044
665
5
1
148
1638
1
526
493
756
2
511
282
303
33
348
4008
544
3
14
1702
1344
13
609
1032
1058
1
1220
4945
4578
2
418
772
378
1
1
335
4392
1
601
3464
960
1
336
2394
873
1
514
254
784
1
1
260
384
2
105
3808
547
3
363
821
530
1
2847
984
520
1
1
302
1030
1
124
1200
302
1
4124
925
760
1
235
3960
934
2
1
1884
3084
1
4734
550
1972
1
762
963
309
1
941
1158
4000
4
1
492
204
3
4102
139
1458
1
811
294
1370
1
762
763
731
1
1
374
480
1
802
340
971
1
238
767
59
1
2361
375
643
1
2
845
165
1
801
91
554
1
1812
924
831
1
4232
1320
1959
1
1
620
892
2
694
309
704
1
372
971
993
1
873
1479
960
1
1
410
1028
1
979
384
1791
1
403
4576
111
1
905
164
2855
1
3
626
1872
1
1995
346
550
1
3927
274
223
27
1100
273
714
1
1
926
421
1
175
1000
1788
2
1562
806
1614
1
670
712
926
1
1
999
695
2
1226
484
296
1
1122
948
943
96
864
346
838
1
1
152
204
1
3728
154
912
1
903
986
2445
1
53
572
549
4
1
240
715
2
725
1636
1084
1
366
613
803
1
664
911
928
1
3
403
4173
5
1110
792
69
2
3716
748
762
1
343
3684
698
1
1
992
2682
1
768
503
735
2
96
415
1772
2
1128
3560
107
1
2
1728
1051
1
375
996
1072
1
439
947
208
1
443
135
700
1
1
812
867
1
633
1620
1042
1
203
1872
249
1
181
1629
437
1
1
782
195
1
991
450
1022
1
620
1968
520
3
492
216
1654
2
1
548
2568
1
4048
964
506
1
410
990
616
3
635
966
981
44
3
651
530
1
632
367
842
1
782
3080
1940
1
583
65
991
1
1
237
882
1
986
121
935
1
708
3159
2844
2
415
612
306
1
64
1932
184
1
1035
1398
913
2
1347
1448
498
7
66
139
429
21
1
3915
570
3
679
1136
1976
3
505
940
211
3
770
988
1738
1
1
1634
407
9
989
539
2478
1
945
997
993
1
905
860
328
1
1
438
201
2
325
620
206
1
523
497
4625
6
212
669
904
1
1
974
294
1
782
463
644
2
463
770
1654
2
860
2038
1234
1
2
939
346
1
333
737
273
10
969
249
246
23
1041
4425
413
1
1
953
1320
24
611
1480
690
1
665
2127
709
1
683
580
216
1
8
1035
1072
1
365
1341
900
2
86
914
753
1
470
1081
302
1
1
402
352
1
538
1162
599
2
352
998
697
1
366
346
154
28
1
869
2384
1
345
335
642
1
514
1344
745
7
4835
1386
269
1
1
494
1034
9
258
735
682
6
639
982
1287
1
1490
2403
142
1
1
366
474
2
836
1028
112
1
291
671
444
22
948
539
1704
3
1
725
1011
2
984
1046
318
1
859
156
2032
1
1042
927
2337
1
1
725
221
3
704
100
498
1
782
491
801
1
1360
98
1830
1
1
2775
4615
2
648
228
2814
1
472
3860
356
3
1454
783
625
6
1
2002
756
1
190
298
1013
5
1024
484
400
1
2184
192
3780
2
1
1420
185
2
799
275
718
1
590
3605
1647
1
319
781
696
1
2
265
1796
1
351
401
164
1
940
220
568
1
224
1808
632
1
5
2100
251
24
2328
646
652
1
3834
1818
679
3
1236
1374
776
1
1
680
771
4
617
560
433
2
976
1712
930
2
1656
820
97
1
22
1143
373
5
1716
858
176
1
528
1820
1042
1
1006
689
743
2
1
584
885
3
751
4735
2044
1
1432
971
487
3
901
692
1444
2
1
859
1122
3
3096
621
2630
1
476
655
771
1
608
970
138
4
1
618
438
2
3532
868
116
1
4686
927
2068
1
1106
198
1374
7
1
732
949
23
752
970
564
1
3006
607
47
1
501
132
3285
3
1
1002
954
1
1057
680
142
1
173
106
713
12
923
166
577
1
1
1935
1688
1
733
227
4970
1
165
1052
1116
1
1174
900
598
1
8
173
790
1
1052
4110
438
1
205
1588
660
10
1564
2283
431
41
1
952
1037
1
236
1025
87
1
634
253
130
1
712
416
696
1
4
810
195
1
430
278
306
1
82
495
853
1
449
225
474
3
1
94
188
1
587
88
183
2
104
129
634
1
905
4210
970
2
2
249
855
1
1407
1007
208
1
398
719
613
2
512
861
513
1
1
2100
796
3
491
744
2172
1
696
553
953
8
1008
1818
880
1
1
393
693
1
811
710
536
1
955
554
790
10
270
575
80
4
1
214
934
17
515
111
614
2
170
625
1384
2
423
500
344
3
1
541
794
4
680
1041
1436
2
523
360
126
1
3968
293
710
1
1
898
432
2
657
667
240
1
1611
600
723
1
976
1884
319
1
1
2022
505
1
982
799
644
2
739
402
800
1
3978
882
527
1
1
150
818
1
955
1087
989
1
688
156
250
1
1004
88
106
5
1
890
981
8
4908
4505
993
1
4044
588
589
1
310
947
884
2
1
977
8
1
2480
302
962
2
1884
904
3248
1
849
521
493
1
1
950
1830
7
765
1011
313
1
512
959
218
1
441
375
969
2
28
415
646
1
356
741
776
1
120
107
1077
3
3054
154
530
1
1
186
731
1
373
940
513
1
342
319
1126
1
1242
517
519
2
5
694
423
1
572
508
71
2
852
511
780
1
2664
343
562
38
45
2576
519
1
388
812
980
1
491
1902
438
1
152
787
723
6
1
338
520
1
776
149
488
10
554
176
64
7
185
309
373
3
2
869
45
1
365
1728
519
1
1046
499
138
10
498
867
957
1
1
149
2058
3
220
3625
608
2
857
1380
272
1
902
267
1260
3
26
1330
2322
2291
318
1506
1066
1
1626
798
441
1
227
339
530
1
3
891
1275
1
57
822
1035
3
244
100
610
1
701
624
742
1
1
312
971
5
572
1642
2202
1
244
156
710
4
327
1182
1018
4
1
309
693
1
822
75
980
1
1013
544
761
4
579
336
654
97
1
683
485
1
368
1218
835
1
853
992
426
1
996
1824
459
1
1
67
790
1
2058
1037
528
1
337
761
270
1
1714
435
356
1
1
91
168
1
439
749
860
2
438
910
730
1
230
510
516
1
1
2996
2736
1
571
126
358
1
2766
1051
1500
1
713
765
846
1
1
960
939
1
548
403
372
1
859
682
262
1
708
1360
280
1
2
881
935
1
2784
1634
619
2
577
2382
166
2
512
261
508
4
1
1328
4165
3
1581
290
687
4
668
730
836
1
938
828
199
2
1
2334
1050
1
219
631
549
1
453
267
205
17
472
293
300
1
1
974
1914
1
929
840
242
1
100
454
164
2
555
3156
382
2
1
987
132
3
1458
980
974
1
503
330
787
154
808
1029
327
1
1
1650
504
2
582
360
277
1
721
939
120
1
992
263
425
1
27
399
766
1
475
1656
257
4
725
254
479
1
713
944
1515
5
1
891
345
1
93
4368
681
1
802
1659
2132
1
817
724
696
1
2
186
269
1
611
71
149
4
1007
310
241
2
415
197
573
1
2
597
966
1
4188
752
4390
1
668
1282
626
2
1498
2694
421
1
1
1085
964
1
1950
1480
792
1
840
448
1708
2
509
216
1134
1
1
638
556
3
1880
1076
983
1
1272
2390
351
2
134
433
1004
1
1
744
353
1
804
848
3680
1
865
432
617
1
1032
286
1070
1
1
857
30
1
241
652
1216
1
780
958
3302
3
427
934
300
1
1
586
4150
1
615
949
507
5
3432
532
1354
2
745
1521
898
1
1
874
1200
27
273
660
982
1
791
928
995
1
173
996
904
1
23
1016
87
1
3168
440
855
1
1049
848
228
4
982
932
348
2
8
3152
1061
3
367
670
639
1
369
2000
3024
10
679
551
59
1
3
758
491
1
294
1066
1772
4
967
1376
805
5
871
489
814
1
1
897
349
1
974
1085
859
1
519
1098
793
2
1954
293
169
1
1
342
490
4
333
201
1072
1
152
792
143
1
326
352
934
1
3
862
283
1
73
411
432
1
158
1701
4500
1
762
319
496
4
1
485
956
1
1017
1144
475
1
80
1188
1888
4
595
219
1045
1
21
392
215
3
1038
1610
1252
1
692
2628
843
1
1642
572
2074
3
1
2520
468
52
597
503
428
1
2892
604
285
3
702
935
1456
1
1
1650
2058
1
660
2361
811
1
62
782
1054
1
168
267
919
1
1
694
360
1
1728
906
402
4
398
1034
582
2
192
608
979
2
17
1936
2584
1
968
435
138
2
184
142
944
2
585
966
3710
1
4
2280
239
4
132
251
3920
1
96
2232
346
1
371
340
1659
1
1
446
2188
1
449
440
154
1
304
463
515
2
1006
4200
815
2
1
3812
152
4
938
511
945
2
245
1660
613
1
774
330
795
4
69
420
1846
2
1574
1536
948
5
968
469
740
2
2020
336
2912
105
1
873
531
1
721
1005
360
1
788
594
559
1
234
248
1009
2
1
1071
514
1
172
179
6
1
464
865
640
1
901
559
328
2
14
678
2154
1
3114
329
653
1
2415
931
3231
1
998
1005
1634
8
2
483
1170
4
988
488
4910
1
359
382
139
1
692
358
2330
2
1
658
417
1
766
298
651
2
1182
2652
705
1
969
1234
941
1
1
1080
216
2
378
637
1400
1
602
638
388
2
739
2910
419
5
2
86
627
1
1450
478
224
1
727
308
446
1
951
980
994
3
1
877
539
2
500
2430
302
1
199
401
743
3
742
125
371
1
1
486
562
1
3228
830
1518
1
396
3016
771
1
379
365
1530
1
1
500
817
2
780
1392
382
1
1614
1662
1722
1
1434
921
302
2
1
693
209
3
717
656
1332
3
858
353
357
1
112
993
351
1
1
1566
632
1
912
2168
844
1
208
276
967
3
738
114
49
1
1
984
545
1
278
620
1434
1
1372
570
28
1
784
692
726
5
3
593
700
2
706
169
208
1
59
1001
980
1
204
562
2132
1
1
1152
924
4
604
749
374
1
439
1562
161
5
406
2920
668
3
8
907
852
1
1494
356
888
1
116
339
1870
1
459
496
202
1
1
1884
263
1
926
2106
368
1
845
3310
683
6
2937
696
799
1
1
1072
2030
1
480
670
786
2
26
282
124
1
750
2352
448
1
1
898
686
1
943
613
631
20
855
375
3808
5
806
1560
731
1
1
158
318
4
4310
232
462
3
1020
666
314
2
2424
101
872
1
1
183
987
1
840
1006
170
1
344
1930
1073
1
342
925
804
1
1
469
2424
1
287
811
689
21
335
745
1602
3
396
330
153
1
1
278
380
6
980
129
1536
3
1002
924
855
1
154
504
656
1
1
942
517
1
3370
226
628
2
723
315
406
36
444
975
2244
1
1
2134
4354
1
584
354
139
3
457
606
744
2
771
3952
975
5
6
664
865
1
245
986
863
2
857
345
2552
2
1612
617
3153
9
1
240
239
1
72
801
975
9
151
1634
852
1
2412
665
574
1
6
142
785
2
299
1232
870
1
4440
893
962
1
221
677
695
1
1
4104
454
1
2120
410
58
2
221
208
665
1
988
1432
946
2
7
4855
1051
3
392
3135
1690
1
752
380
2748
1
683
1059
283
5
1
38
4180
9
252
404
1016
5
1642
189
487
1
717
575
1452
1
3
1246
675
2
1069
721
320
1
841
793
4765
1
2841
1074
166
1
82
632
502
1
2043
163
107
3
388
1269
557
1
474
1287
2679
1
1
1952
173
1
2865
3703
563
3
1660
380
1680
1
635
4850
779
1
1
373
787
4
578
908
1010
15
694
716
504
2
251
479
1560
4
2
378
1330
1
4848
417
786
1
1448
976
2424
3
2372
236
723
2
6
298
816
1
442
448
2756
1
86
709
202
1
867
1198
234
1
10
2595
304
3
786
132
538
1
928
367
605
1
1728
126
2655
2
2
2316
514
1
946
1416
1508
1
463
907
2022
8
862
386
342
2
1
679
722
2
466
1024
620
1
96
935
807
2
526
290
887
1
1
1218
286
1
303
273
738
1
705
1022
615
4
446
518
888
1
2
603
416
5
1038
586
69
1
482
1318
1011
3
194
125
424
1
9
945
1470
1
181
1356
3790
2
400
63
2895
1
508
804
1023
1
1
795
363
1
198
487
879
9
581
124
617
2
1012
311
2008
3
49
193
64
36
361
339
1350
5
678
421
706
1
333
101
288
7
1
707
920
3
911
4134
2982
1
583
332
660
1
865
221
628
1
1
524
1008
5
998
590
1874
20
860
283
221
4
338
682
1551
1
2
958
1022
2
654
4308
407
10
1908
656
3820
1
665
274
223
1
28
633
390
10
1890
530
559
1
2373
172
4880
1
423
268
1857
4
4
834
908
1
496
1320
1638
1
2066
802
575
1
630
645
154
1
1
2217
69
1
2187
972
96
1
3620
554
409
2
803
801
2445
1
1
183
336
1
1110
608
730
1
378
1162
619
1
316
362
144
1
1
538
860
3
216
437
1624
1
525
155
747
1
3495
672
599
1
11
1008
477
1
285
89
128
1
586
421
140
1
651
468
627
1
1
598
713
2
986
963
202
6
693
2181
923
2
401
727
472
4
1
596
2823
1
274
384
887
1
305
481
252
1
1016
814
709
6
1
566
582
1
1726
2613
243
51
385
558
564
1
1908
4225
532
1
1
400
433
6
860
974
980
1
526
353
2394
1
1796
392
1176
1
14
46
4656
2
900
2046
1021
7
928
391
944
5
4901
996
348
1
2
595
945
1
936
629
500
10
2980
100
3700
1
835
238
836
1
1
686
167
1
256
366
362
1
324
725
274
8
308
451
1498
1
1
929
882
2
640
524
181
1
17
628
191
2
2391
2904
4168
1
2
474
228
6
471
1036
1647
1
2304
882
498
3
137
376
1067
1
3
1272
966
1
3825
465
338
1
552
3896
1007
1
465
854
510
1
1
143
617
1
975
225
575
1
1560
1275
1018
31
384
3699
716
1
1
695
42
3
788
4695
3780
2
2136
297
685
1
4490
155
530
1
1
420
1284
3
375
1062
1599
1
844
987
3950
2
444
220
2445
1
1
639
4991
1
40
1298
606
1
926
683
695
2
65
4512
954
1
1
806
1160
3
3
827
2475
1
397
710
387
2
415
470
530
1
3
228
627
2
151
538
2850
1
627
750
1050
1
1762
676
440
1
2
516
862
8
638
412
445
1
2472
305
3700
1
1092
1756
83
1
1
795
403
1
1896
1017
896
4
180
2253
174
3
833
941
1264
1
1
899
861
4
1190
239
279
7
1110
320
315
1
785
536
71
1
1
368
620
1
817
970
189
1
327
384
500
19
298
1288
251
35
8
541
636
1
268
956
4811
4
822
1560
1971
1
894
1047
443
1
1
224
876
1
745
525
320
3
964
534
1336
3
1584
699
341
2
1
432
3300
1
739
408
256
6
959
1006
733
1
811
273
540
1
1
346
359
5
994
3020
530
2
130
620
121
2
62
692
240
1
1
878
444
1
242
814
207
1
427
803
254
1
528
391
651
2
3
1730
661
3
756
567
832
1
