1
284
872
1
40
666
676
2
835
845
626
1
429
591
859
1
4
734
312
1
780
137
463
2
1024
317
531
5
842
4600
284
1
1
828
370
1
371
149
780
1
289
315
138
1
217
120
788
2
1
1140
602
1
251
370
1587
1
986
132
318
2
735
406
535
1
1
4716
3556
56
707
664
327
1
720
98
163
2
2805
929
669
3
1
841
353
3
362
656
763
126
816
291
73
1
892
2324
1812
2
1
1490
824
1
253
716
585
1
954
554
878
2
3375
2973
556
1
1
351
1476
4
655
254
1575
1
986
727
2088
1
532
927
906
1
12
1614
2163
4
252
278
101
1
600
991
822
2
637
850
229
2
1
764
874
1
1210
983
2325
6
1494
630
821
1
4020
1100
180
1
1
1569
374
1
1406
1798
57
1
266
724
344
2
2325
143
248
2
1
712
1023
2
67
912
1525
1
317
1086
1796
1
831
378
701
38
1
358
1624
1
966
3448
595
1
1716
852
771
10
375
274
952
2
2
2820
1004
72
1556
1422
661
1
798
64
587
1
2250
638
510
1
1
346
40
2
400
1856
544
2
933
1152
93
1
336
772
819
1
1
1055
284
2
323
1428
990
1
355
538
507
1
606
3564
3200
2
2
120
637
3
1038
684
624
1
563
594
991
120
1060
295
933
1
2
666
519
73
598
2308
1416
3
156
534
482
1
346
1615
897
1
1
691
1258
2
672
666
924
2
108
492
650
2
504
1028
363
1
1
732
812
1
161
476
990
1
284
913
859
1
4475
339
946
4
1
720
288
1
385
1904
361
1
1638
162
625
1
273
211
320
1
1
153
205
1
643
522
218
1
972
707
89
4
926
258
634
2
1
678
1195
2
726
930
80
1
60
758
489
3
520
767
2556
2
1
273
950
1
903
436
951
1
1730
2253
881
3
885
881
625
6
1
3522
759
12
681
673
1353
1
669
853
129
9
678
92
243
19
3
594
225
11
869
333
570
3
1144
132
916
1
678
270
811
1
2
204
1188
2
744
268
1808
27
503
489
660
1
464
161
289
1
2
505
551
7
844
90
777
570
483
932
454
4
524
770
154
1
1
861
304
1
1404
628
1500
1
162
427
688
1
959
487
480
2
1
1680
1878
6
1168
263
54
1
285
880
61
1
308
3510
339
11
1
2090
351
76
864
792
690
1
87
515
1210
1
730
345
940
1
2
1106
120
2
384
316
896
5
849
299
869
1
297
507
322
1
1
194
1004
1
1014
842
580
1
112
246
997
10
483
250
193
10
1
629
711
1
804
304
836
1
175
244
4415
1
929
3552
2050
2
1
1284
122
1
1096
703
651
4
912
858
299
1
903
918
2106
1
1
98
184
1
782
830
864
1
1775
422
745
1
224
486
273
3
11
48
682
2
2224
4095
1155
1
1986
415
496
3
171
1569
946
1
1
871
939
26
366
996
1152
1
810
723
942
9
774
277
981
3
1
290
1086
2
55
141
131
1
1065
964
4249
2
458
165
743
1
2
76
3255
1
915
252
977
1
564
431
467
53
2745
84
80
1
1
576
558
1
500
222
610
1
620
1500
614
1
980
1354
294
1
1
93
949
1
962
1050
978
1
245
395
1928
1
698
1876
1380
5
3
596
508
6
459
1444
375
2
3084
733
1412
1
564
132
104
1
2
721
4452
1
579
2440
968
1
776
128
127
3
298
742
627
1
1
573
1572
4
943
653
822
2
1299
384
152
1
792
977
739
1
4
786
212
1
772
285
572
1
939
321
650
1
2466
436
615
1
2
463
712
1
390
1354
798
1
616
713
314
1
520
576
4190
1
1
452
131
7
1250
933
865
5
3177
1644
868
1
574
674
1930
4
1
518
265
46
870
1588
310
1
80
1056
1239
1
756
1614
1032
1
33
158
1160
2
1068
824
2571
1
432
1047
476
1
1890
476
1102
7
1
789
1288
2
690
1042
901
1
710
1742
1632
1
2601
2055
684
1
1
681
184
1
1290
241
65
2
3498
545
720
1
1064
262
248
1
1
453
261
1
320
874
446
6
1055
15
670
1
516
792
380
1
1
637
597
2
811
82
1227
1
2060
809
2020
1
169
1810
705
1
1
871
438
3
68
569
1235
1
182
650
481
1
569
875
491
1
2
713
4890
3
2396
423
1456
1
807
1002
887
1
2244
2412
173
4
1
2388
719
4
492
986
170
1
941
4862
3748
3
455
924
525
2
1
637
610
2
868
256
1041
1
2140
556
585
10
1486
800
2592
2
22
1024
205
1
160
176
328
21
1000
1006
1025
5
1776
3320
243
5
1
2456
768
43
138
115
2855
1
942
770
828
2
387
94
2190
2
25
4560
3405
1
414
1648
54
1
965
531
1596
1
288
2528
240
2
1
767
591
4
2156
583
660
2
455
974
138
1
886
1602
484
1
1
402
1358
1
294
1416
288
2
482
836
469
3
543
217
309
1
6
784
994
1
895
399
1174
1
223
2016
145
1
904
89
492
5
8
585
229
2
1386
126
274
2
150
524
2118
11
1098
1248
347
2
1
950
730
2
698
782
372
1
702
890
107
3
350
97
198
1
39
2976
4728
3
708
1029
1236
1
845
1218
617
1
4900
628
643
5
1
988
543
2
447
373
699
10
1054
439
492
6
1352
1025
623
1
2
329
1071
1
1714
441
1596
1
2841
83
985
3
975
1210
773
1
1
517
925
3
1084
196
1176
2
3836
428
2350
1
4040
199
1424
1
1
491
269
1
303
1474
736
1
525
816
335
1
929
451
529
1
1
630
485
9
2433
500
1704
2
541
103
608
2
227
797
1174
1
1
185
766
1
702
797
527
1
806
244
1022
11
993
332
766
17
1
1338
513
1
694
510
749
1
1078
761
1131
1
163
812
288
2
1
650
1130
1
836
444
92
1
796
346
106
1
804
561
300
2
1
3388
1290
27
2976
3987
298
1
323
732
4818
6
606
838
361
1
1
720
687
1
545
434
4060
5
636
1116
378
1
398
915
2646
1
1
302
275
4
1450
653
414
1
1348
178
1224
10
2031
1316
966
28
1
471
297
1
2328
243
681
2
1108
2760
1704
2
316
841
917
2
19
712
1574
1
785
936
1872
1
175
591
1604
1
531
236
3490
2
5
222
456
1
172
930
260
1
286
538
407
1
477
722
64
1
20
898
201
8
958
382
796
3
1046
580
485
67
502
708
117
1
1
394
1882
2
933
617
50
1
1998
70
632
5
1034
2945
920
1
1
460
450
1
1140
1638
690
1
1614
291
857
1
1562
117
849
1
1
742
3150
2
558
141
965
1
1144
719
569
1
1155
959
1096
1
8
321
302
1
942
892
609
1
757
3580
406
4
796
528
535
1
1
475
339
1
256
375
942
1
296
712
3540
3
785
286
287
1
1
154
839
2
372
409
1506
1
568
622
105
3
518
1700
1056
2
1
4288
600
1
476
1740
813
1
72
684
634
1
215
506
947
3
1
366
576
4
820
431
346
19
866
1085
2080
1
238
287
354
3
1
350
542
5
1618
2559
1063
2
481
643
1850
1
901
1033
183
1
1
242
1081
2
198
408
380
1
400
256
918
2
760
4116
686
33
1
626
1410
1
1970
839
307
1
1008
1043
92
27
812
520
774
1
1
854
925
3
382
675
1528
1
2499
1066
1156
1
514
962
796
4
1
1246
288
1
328
858
3950
1
1377
73
769
1
217
659
197
1
1
345
955
9
230
3135
2931
1
192
69
696
1
227
287
982
1
1
304
3632
4
511
998
512
2
671
676
543
4
3100
753
616
3
1
256
828
1
159
3105
936
1
648
783
225
1
956
2739
857
1
5
997
940
1
1452
525
980
4
581
1134
157
1
1085
682
2020
1
1
478
636
1
3232
1344
407
1
914
998
551
1
1060
501
593
1
2
717
596
2
968
511
624
1
776
175
336
1
718
750
589
3
6
723
4895
1
213
219
880
1
772
80
4712
1
1007
489
550
2
3
1406
835
1
3735
1682
228
1
626
994
235
3
1180
944
402
7
2
972
1892
1
826
501
338
1
731
934
624
3
1344
4335
115
1
2
1743
914
21
4655
4260
827
1
1725
962
890
1
943
438
235
1
2
1617
368
3
592
156
362
3
444
2415
203
2
460
351
797
1
1
948
1290
1
765
1228
373
1
3114
837
1950
1
242
761
723
40
16
134
518
1
388
548
536
1
1575
51
418
3
1060
1120
641
1
1
927
683
1
1034
199
1390
4
367
749
1031
1
605
642
1024
1
2
180
969
1
750
1016
2064
1
1004
587
1042
1
291
313
2058
7
1
540
968
1
975
404
1130
12
148
188
644
1
1602
1017
1051
1
19
948
146
1
732
526
486
2
2092
897
95
1
452
962
677
1
1
984
136
1
531
689
1572
2
1338
650
657
3
4945
998
676
1
3
776
992
1
802
92
776
2
306
715
1013
3
586
705
454
1
1
915
1191
1
618
707
641
1
1168
203
1025
5
460
925
404
1
10
251
183
1
821
996
479
1
888
490
329
1
2305
260
675
1
3
4150
502
1
2640
2391
752
1
501
2169
117
3
550
442
2068
1
1
601
828
1
531
1322
660
1
767
1490
912
1
116
106
257
1
1
402
761
1
4050
733
813
5
613
366
264
1
1122
685
775
1
1
576
872
1
236
358
1290
1
1008
320
814
4
808
451
356
1
2
997
483
1
447
807
239
5
1740
365
782
5
366
887
497
5
8
973
940
1
66
208
744
2
529
242
600
1
1106
564
807
2
2
883
424
1
65
1019
1582
1
633
990
454
5
1838
24
1015
1
2
71
1983
1
849
952
798
3
581
733
1918
1
914
380
3685
1
1
253
970
1
911
711
740
2
1224
2346
69
1
304
1968
233
2
6
476
621
2
547
993
351
1
591
560
410
2
376
4830
517
1
3
762
200
1
1220
1044
687
3
744
885
1036
1
2034
1887
782
1
1
495
812
3
505
616
815
1
485
840
1095
2
357
705
767
1
2
1206
462
1
315
601
950
5
967
472
998
2
425
3055
632
1
1
2112
902
1
2691
846
96
1
1098
180
967
1
3039
370
694
1
1
150
290
1
1592
653
302
2
481
397
696
1
153
81
403
1
1
1388
522
1
1318
513
620
4
1032
295
816
2
550
1068
330
1
1
305
313
1
919
113
77
1
1040
687
127
3
289
3012
176
1
1
401
136
1
203
1720
4560
32
364
934
559
1
1298
887
146
4
1
990
973
1
662
2068
501
1
574
840
3400
1
584
709
79
1
1
983
286
1
515
385
1061
1
165
684
3096
1
857
1560
911
1
6
814
469
1
1632
661
688
1
1021
597
2790
3
548
690
186
1
2
818
1054
1
1510
386
1911
1
349
2432
436
1
82
964
1230
1
1
252
836
1
347
4362
881
1
1042
882
267
2
1031
469
1658
1
1
360
126
1
674
1308
993
1
116
482
617
1
571
479
672
2
1
528
1052
1
282
172
926
1
329
801
949
1
306
3900
1006
1
1
1008
439
2
964
220
746
4
4710
990
679
1
876
804
581
1
1
268
664
1
897
690
512
1
537
66
910
1
889
1152
633
1
1
795
504
1
354
680
493
4
3432
431
371
2
878
871
734
1
3
214
1198
1
4064
967
762
1
3500
1014
650
4
2664
221
137
1
53
1776
672
2
642
2066
548
1
397
639
940
1
305
415
887
1
8
88
937
1
843
993
1013
1
39
121
380
1
227
507
467
2
2
226
2240
1
2064
1027
2440
1
186
1080
865
1
986
847
684
1
1
926
131
2
317
140
3170
79
941
1233
636
1
2092
100
1430
3
2
1544
448
1
387
695
4060
1
260
390
1370
136
405
935
1334
1
9
1660
183
2
252
594
263
1
1533
1726
886
2
317
516
567
1
1
355
858
1
763
1002
4761
2
696
540
717
1
679
1001
522
1
1
960
218
1
521
607
1062
1
197
531
908
12
381
802
454
3
4
906
730
1
821
806
589
1
399
90
1656
1
512
366
892
1
2
983
941
2
692
1260
552
1
1073
1412
354
1
2418
1647
373
1
1
318
953
2
241
72
586
1
1100
682
952
1
1010
618
322
2
2
154
2152
1
810
949
342
1
4350
898
530
4
971
918
698
1
1
2268
278
2
703
691
1448
8
4016
662
2916
3
1026
57
623
3
8
501
1071
2
3716
908
796
1
257
168
510
1
682
2841
642
1
1
355
512
10
434
898
218
1
1890
903
3325
3
460
210
652
1
1
200
894
1
626
284
1030
1
728
99
747
1
915
892
857
8
2
4860
1766
1
895
4940
746
1
127
548
689
1
884
145
780
1
4
770
609
1
954
481
59
1
1037
931
572
1
416
841
769
1
8
798
604
1
658
535
1938
3
643
679
170
1
767
669
222
1
8
984
240
1
210
331
2259
1
336
54
498
2
707
175
370
1
2
130
1188
2
869
1965
1940
1
421
586
313
1
531
733
783
14
1
778
564
1
903
868
508
1
658
729
1776
1
350
342
580
1
5
2112
860
2
309
1832
169
4
1022
843
179
1
248
321
2271
1
1
269
126
7
256
1854
2160
1
1554
1994
508
2
4264
962
1636
1
10
437
945
1
976
191
676
1
177
242
876
1
368
297
954
1
3
657
169
6
849
528
410
1
626
649
265
1
2460
3144
942
1
1
866
420
1
76
1836
709
1
709
953
588
3
308
352
802
6
4
2888
2800
3
234
344
337
1
527
1164
926
1
934
136
1408
1
21
864
1858
2
619
1470
214
1
588
148
160
1
606
1482
673
2
1
646
598
3
647
681
958
4
922
653
465
1
998
224
723
3
1
125
918
1
456
837
169
2
1068
981
551
1
2016
713
244
1
3
752
3213
1
537
956
619
2
974
444
3496
1
3184
304
70
1
1
122
2130
1
572
279
122
8
272
740
871
1
267
2062
1486
1
1
3388
935
1
428
774
500
1
343
1876
252
2
755
118
374
1
1
232
160
2
1500
1232
2130
1
354
4770
186
2
206
528
372
1
3
3005
1762
1
514
335
1065
17
473
1033
150
1
366
462
334
2
1
786
1941
1
413
928
4940
1
138
470
332
2
653
264
28
2
1
865
2233
1
1767
237
432
1
1023
2580
913
2
1688
291
1662
3
1
411
2430
3
671
489
147
1
432
1888
102
1
2769
765
425
1
2
900
524
1
112
374
223
1
126
337
414
1
103
286
659
1
3
547
989
2
126
1148
3787
8
1226
254
265
2
2134
283
4896
1
1
110
1096
3
996
145
831
1
653
413
721
3
1089
2104
1162
2
1
336
1065
1
583
342
835
2
972
492
88
1
376
158
123
1
1
107
891
1
367
486
521
1
539
961
639
2
1116
282
1236
3
1
599
3105
1
943
361
265
1
580
4605
255
3
3935
884
1968
1
1
896
1071
1
968
258
64
1
853
87
77
2
2370
832
353
1
1
3936
600
1
508
1166
878
1
119
742
954
1
4100
334
812
24
1
1034
1110
33
41
622
1009
1
2136
38
699
1
1080
1136
84
6
2
540
915
3
143
1009
624
75
448
432
182
2
254
990
779
1
6
1020
892
1
3096
573
464
1
609
736
55
2
780
877
589
3
1
51
639
1
692
416
2916
1
605
1476
691
1
642
175
547
2
1
343
675
1
2043
979
440
1
391
713
421
20
660
838
473
1
2
90
602
1
534
229
508
1
2038
596
843
3
840
301
926
1
6
888
2178
1
974
199
958
1
895
1918
662
1
958
702
824
62
1
4354
248
1
554
1785
707
25
741
4272
277
4
732
494
99
5
1
2040
1001
1
349
1146
499
1
476
624
935
1
1720
575
403
1
9
944
778
1
718
1011
125
4
226
819
2079
1
4070
630
333
1
1
28
252
1
4860
2038
490
6
616
452
896
1
803
334
988
1
1
1022
749
7
1072
178
3712
2
372
790
698
1
950
1292
957
1
1
807
1132
1
733
708
124
1
729
2044
782
1
537
1146
1314
1
7
579
214
519
321
4994
162
1
799
549
514
2
1446
4650
4698
1
1
564
405
4
852
884
337
1
357
1064
159
2
177
2589
282
2
5
2841
868
1
959
4466
162
1
539
688
295
2
333
173
1582
29
1
264
1056
3
966
110
1641
11
1090
978
588
5
223
409
916
2
1
603
253
1
109
439
685
5
406
928
642
2
224
70
415
29
1
876
905
1
1136
140
810
3
538
3521
930
1
564
463
4704
1
2
478
149
1
2104
673
692
1
369
910
136
1
2408
4132
600
2
1
3728
468
1
777
836
821
9
308
675
917
5
2775
952
228
4
1
1611
88
1
998
178
384
2
767
478
668
1
2940
864
937
1
2
551
955
1
93
571
461
1
906
870
967
30
1524
840
637
1
2
690
708
1
4480
336
755
2
595
507
1586
1
526
409
4303
1
1
666
218
1
198
413
664
1
4215
436
3360
1
218
365
379
2
10
632
1208
1
959
934
322
2
543
697
270
1
472
300
735
1
1
350
478
3
939
451
835
4
420
703
640
4
1386
201
776
2
1
1760
668
1
312
2648
470
1
825
975
872
1
877
778
128
4
50
1200
868
4
100
1248
2168
3
572
935
526
13
340
1164
283
1
2
4256
444
1
146
2296
269
1
2568
517
145
4
488
134
2316
1
1
344
750
1
1000
235
752
25
453
4985
586
3
257
741
2492
1
7
4680
123
1
1005
259
334
1
2838
805
656
1
4750
1047
756
1
1
941
3996
1
243
796
582
7
375
269
3069
1
577
712
411
1
2
420
2240
1
340
546
359
1
672
917
338
1
1052
1041
558
2
3
122
1722
1
439
392
471
1
1174
808
818
1
878
984
444
1
2
909
1368
7
518
504
976
1
786
293
2112
1
61
56
566
1
1
318
1018
2
510
343
911
1
298
295
604
1
570
609
4125
3
3
726
195
1
923
447
2092
1
618
748
1424
1
416
997
551
3
1
451
2418
1
488
241
170
1
1292
422
212
4
702
4986
128
1
1
399
1568
1
275
121
444
1
685
453
343
4
460
1081
257
8
3
414
2795
1
1377
821
337
1
656
2976
556
4
452
96
946
14
1
491
827
1
975
495
912
1
144
917
4664
1
2038
539
997
3
1
763
1682
19
943
311
249
1
63
461
171
33
875
2976
906
4
1
1070
306
4
548
511
660
1
715
528
187
2
796
210
354
60
1
784
589
3
940
572
953
1
2007
732
662
1
744
941
809
1
65
370
612
1
1060
911
668
1
396
163
404
4
203
325
611
2
1
287
1652
1
300
1782
645
1
1033
682
1506
1
404
3300
599
1
5
901
965
1100
594
990
187
1
471
1552
1090
1
118
528
139
1
1
920
1014
2
1548
191
298
1
356
368
853
1
109
951
1242
1
3
225
584
3
576
891
2454
1
1033
962
581
1
722
1420
326
5
1
335
2331
1
60
932
612
2
2064
920
605
5
938
1504
4242
1
1
107
591
1
362
129
256
32
840
1635
621
2
988
278
863
1
4
258
878
1
1021
2104
1252
1
323
990
758
1
548
796
1682
1
1
1370
1038
1
1830
662
938
1
422
469
670
2
99
522
2064
4
6
1794
503
5
629
256
321
5
350
855
932
3
196
1018
542
8
4
472
486
4
490
321
422
5
4685
771
522
2
2074
1578
436
2
1
961
2102
1
731
859
500
1
392
1956
2004
17
703
139
2972
1
4
460
942
1
1472
431
457
1
792
45
680
1
586
1622
1881
3
1
112
706
1
921
816
424
1
762
134
450
1
4544
797
920
1
1
629
1148
3
210
1011
918
4
792
645
967
1
869
1001
98
1
1
1952
570
1
828
1616
189
3
709
581
1116
1
735
178
2751
11
1
969
3636
9
397
528
3640
1
424
3456
151
24
153
109
783
1
2
601
744
1
4275
666
1230
1
1424
196
235
4
688
186
965
4
2
534
726
1
646
354
271
1
206
410
2196
1
726
782
355
1
1
689
395
2
94
854
1051
2
641
388
620
2
649
398
134
3
1
343
170
3
996
714
1166
3
348
632
683
1
477
88
