2
24
223
1
1012
477
90
4
713
3324
828
1
382
519
86
1
1
478
1041
1
1008
221
819
1
659
479
2072
1
857
955
123
9
1
1779
1342
1
873
1134
360
1
356
948
705
1
202
342
240
1
1
1860
680
1
113
2080
528
1
3084
106
1178
1
691
634
854
5
1
582
1802
1
954
406
1204
7
620
126
906
8
937
573
581
2
2
3240
382
4
965
360
1006
1
383
206
1006
1
478
1796
474
1
2
513
186
4
1158
1228
390
1
920
1740
150
3
3045
977
958
2
19
711
695
2
528
138
1024
2
202
474
899
1
142
913
703
1
2
1528
798
1
888
799
689
1
971
540
862
2
4700
739
1702
1
1
700
4576
1
705
808
974
1
2920
1990
24
1
1929
1040
768
1
1
281
4875
1
705
610
15
1
257
2448
939
13
140
638
984
1
2
495
4288
1
358
596
866
3
1822
4454
1400
1
928
1296
899
1
2
4952
2212
10
132
250
714
37
1276
238
312
1
60
747
892
1
1
913
669
1
2177
4816
787
1
826
182
792
4
505
340
435
1
1
972
747
1
2400
382
1011
6
490
722
120
1
924
753
604
6
1
1350
687
1
681
1654
410
2
588
394
434
2
1023
205
593
1
1
642
177
6
188
102
484
5
712
3550
809
5
867
200
214
1
1
1324
619
1
590
1788
1554
7
79
464
751
4
468
620
448
1
1
669
2700
4
1896
668
320
31
1200
671
644
26
314
1328
802
1
2
876
252
5
1022
1455
300
14
201
2040
772
1
1170
304
730
6
1
2415
650
1
384
378
194
1
302
439
1228
1
1892
494
176
1
1
428
745
2
889
359
414
1
850
849
892
1
595
3732
628
1
1
93
410
2
35
303
698
1
712
1466
980
1
262
1586
3027
1
1
912
681
1
171
578
295
2
1906
273
633
1
459
2421
847
1
1
715
648
1
516
222
1464
1
856
926
576
7
586
399
321
2
3
67
268
14
616
418
835
265
418
617
343
2
427
2127
383
2
1
614
855
1
117
966
586
1
947
790
176
1
792
43
65
9
1
809
205
1
316
3044
600
1
356
1368
832
1
956
615
576
12
1
1282
2589
1
942
1722
117
1
1019
534
1436
7
3680
211
1938
1
2
628
362
98
432
4940
1460
3
3440
346
918
6
684
684
817
1
1
459
997
5
67
1482
4545
3
723
425
401
1
327
758
982
3
3
459
262
1
279
221
621
1
537
1013
396
1
1752
830
2164
1
2
535
461
1
444
827
373
1
558
158
1950
2
184
924
927
3
3
671
360
1
432
1908
415
2
998
603
1221
7
916
368
155
3
3
610
1004
2
866
3756
752
2
853
773
4333
1
279
430
926
1
1
1382
511
1
583
87
589
1
627
1476
1044
2
665
580
501
1
4
336
1612
4
623
814
256
1
138
848
220
1
138
301
4164
1
1
330
4720
1
712
241
1722
1
975
654
361
1
238
1562
991
2
1
4955
185
1
907
1518
847
1
273
2313
540
2
113
1232
4884
1
1
1032
1602
2
509
445
708
2
320
1600
684
1
2550
1262
764
3
1
4968
523
1
1332
4056
1500
1
307
579
292
1
89
523
667
1
1
788
820
261
573
968
319
3
1718
1410
3948
2
1142
610
981
2
1
375
847
2
658
204
555
1
998
721
144
1
186
2066
683
1
1
4192
255
2
950
307
402
2
689
1009
805
1
1578
1068
4560
1
1
665
625
1
869
1970
898
1
831
358
1860
4
439
816
26
102
14
1332
144
1
994
442
864
1
853
366
2456
1
930
444
553
1639
1
42
953
2
661
981
804
1
457
839
655
6
2166
980
916
11
1
1298
2655
2
52
1033
906
1
5000
4025
869
1
828
336
548
3
1
940
546
1
113
489
4430
1
812
563
2062
1
642
246
395
1
1
763
698
1
160
341
601
1
250
148
918
1
750
353
165
1
1
46
2385
1
729
339
1314
2
674
1302
1408
1
614
251
1620
1
2
1812
636
3
814
616
2235
1
1412
805
2821
6
407
685
1508
1
1
290
576
1
1028
236
1033
1
4410
472
723
1
698
631
434
1
2
764
2358
1
514
444
652
1
573
1779
196
3
3385
567
1102
1
2
286
871
1
324
1764
1116
1
1007
862
196
2
1390
556
570
10
8
1372
935
1
1432
894
986
1
701
971
705
2
391
908
934
3
1
984
1518
2
883
818
644
1
260
730
986
1
678
1242
794
1
1
505
354
9
909
1176
818
1
293
336
240
1
758
464
967
7
3
755
1162
2
386
316
195
1
39
612
1516
2
379
854
825
45
1
1074
2372
1
597
99
451
1
687
1065
989
2
165
1092
979
2
3
721
840
2
2395
74
4410
1
562
1112
938
1
334
4018
1634
1
1
3870
913
1
1365
117
481
1
576
1024
1322
1
1353
4524
363
1
1
2295
1092
1
236
665
1021
3
353
53
675
1
346
606
1386
1
1
287
773
1
1146
950
3425
1
102
587
1564
2
2210
151
384
27
1
108
2936
1
116
724
933
2
492
42
208
1
415
326
492
1
5
936
1230
1
605
69
494
15
705
508
2007
1
413
853
127
13
2
653
221
1
117
119
529
1
518
92
465
1
380
930
389
1
2
762
1444
1
666
4935
441
5
880
679
988
1
1504
463
417
5
1
539
1814
2
877
51
680
1
1054
2892
1480
2
1056
234
305
1
1
328
1044
2
264
1070
616
1
336
783
329
1
2142
109
21
2
4
689
3054
5
1858
1033
857
20
320
275
106
2
1935
1136
344
1
1
1616
836
4
496
958
2452
1
705
630
915
2
1504
958
2256
1
1
4860
313
24
489
813
1536
208
393
161
198
2
117
581
1017
1
1
126
375
1
3140
665
1005
1
1392
1057
400
1
1320
235
683
1
9
736
1536
1
258
1031
1738
1
920
28
45
2
522
1452
489
1
1
199
190
14
535
4212
886
2
985
190
2744
1
1088
1754
646
1
4
856
1044
1
503
418
2472
1
794
528
541
2
485
678
121
1
1
946
808
225
4936
510
607
1
1595
296
929
1
750
870
86
2
2
439
193
6
287
982
842
1
1746
186
215
1
437
793
476
1
2
92
948
1
3776
1412
600
1
870
1126
744
4
128
389
784
2
1
504
473
1
714
904
816
1
316
540
702
1
618
986
1738
1
2
714
171
1
341
2420
1820
1
250
1034
423
1
1428
2241
373
3
1
1761
153
2
2074
2355
978
1
1404
109
465
1
443
365
3692
62
3
577
873
2
980
941
19
1
2085
739
1560
1
1110
1878
2304
1
1
1776
797
1
990
439
956
1
877
718
625
5
1034
579
857
1
1
1146
1805
3
557
240
764
3
1182
1966
380
1
576
150
712
2
3
770
332
8
1004
396
827
2
733
240
486
1
818
785
651
1
1
1106
703
1
317
4056
797
1
552
766
670
1
801
2328
759
1
2
1125
971
2
1054
882
190
1
690
2460
213
1
1421
598
2484
1
1
2000
1858
10
4292
1045
1326
2
826
831
484
1
355
219
156
1
1
126
2534
1
2034
159
2096
1
188
429
665
2
939
206
147
1
29
787
502
1
937
951
643
1
984
268
970
7
710
481
1704
1
3
771
2124
1
987
159
1300
1
86
704
3484
1
1005
350
241
3
1
897
111
1
431
1152
782
1
978
956
690
3
1656
292
1722
1
1
355
1896
10
1023
803
397
1
3780
979
4401
2
970
1629
377
1
1
193
255
2
860
333
1989
2
240
1326
879
1
3668
559
583
1
2
3324
654
1
534
815
183
3
588
552
74
2
3955
899
191
1
1
320
1515
2
880
899
165
1
1284
834
708
2
3696
148
402
1
1
4750
916
1
205
111
764
1
368
580
755
1
654
1544
237
2
10
2034
268
2
491
739
348
2
558
1142
3300
1
938
896
413
3
3
528
1222
2
645
864
718
1
126
154
654
1
663
1522
1134
1
2
604
120
3
842
979
468
1
555
193
325
1
3420
531
922
1
3
1050
76
2
772
277
749
1
1060
348
1292
1
1048
845
290
3
4
882
173
1
1546
940
96
1
312
310
1089
1
158
231
543
1
6
270
902
1
170
3320
891
1
743
352
759
3
786
119
92
1
1
1017
974
1
672
809
628
2
905
501
1500
1
329
1404
47
1
7
197
570
2
886
723
4452
4
881
443
735
1
535
706
183
2
222
317
987
1
711
332
549
1
270
490
285
8
112
971
953
2
1
457
281
4
1009
76
858
2
736
210
1570
1
300
535
867
2
1
1260
883
3
945
267
354
1
3272
461
562
1
898
211
590
2
2
400
418
1
891
1250
894
2
774
370
109
1
98
3368
217
1
1
1984
1650
2
445
71
474
1
1017
391
1052
1
933
867
141
11
3
1036
682
1
969
266
563
2
2584
2102
316
1
230
635
297
1
1
942
450
13
2456
1980
565
1
491
104
911
1
1545
2649
630
2
1
542
809
3
481
847
741
1
884
576
2212
1
1196
744
72
1
1
441
967
1
864
799
799
1
551
678
439
1
733
644
1852
1
1
1512
734
1
633
4860
413
1
220
4277
1953
1
1780
1072
638
2
3
3348
1902
1
773
262
379
1
194
798
528
2
101
250
511
10
2
1554
723
1
261
585
803
2
348
1640
961
1
621
2288
967
1
12
858
936
1
145
1242
236
1
678
671
289
1
1070
657
587
1
1
364
493
1
171
203
707
9
1198
391
285
4
28
726
692
6
1
2080
1356
1
977
526
481
1
572
145
131
10
677
900
406
1
2
115
1492
4
198
2247
503
9
667
1696
666
1
186
728
927
1
1
4004
176
1
658
433
960
4
1974
60
914
1
730
1022
629
1
2
244
170
1
929
630
1950
3
1731
62
3594
1
646
220
1908
1
1
1424
1179
2
991
927
989
2
4700
549
814
1
266
337
962
1
1
4165
208
1
3075
2492
2034
1
900
426
1148
1
89
4062
1982
1
3
828
963
2
881
221
2484
2
324
1983
652
3
1012
576
776
1
1
4074
966
11
218
281
634
1
917
873
2100
1
801
66
907
1
2
729
1480
2
737
811
142
148
2018
533
997
3
2815
148
554
1
2
460
562
1
1413
705
904
3
580
1444
2595
4
1092
948
247
1
1
2205
1101
1
1158
3672
1044
15
1038
351
23
1
864
587
467
4
1
2860
215
1
264
2124
1380
1
432
281
4060
6
1664
534
279
2
1
714
530
3
924
836
764
1
2020
353
2496
2
787
2628
1012
1
1
678
294
2
1004
879
146
23
366
2382
193
1
138
332
470
1
3
396
519
1
876
884
4837
2
762
800
741
3
477
609
183
1
5
4425
1104
1
644
1060
1974
1
608
282
4473
1
456
4023
849
3
1
4890
684
1
787
638
426
3
220
692
274
1
182
3288
648
7
1
866
1022
4
531
113
304
1
402
488
699
1
4746
809
296
4
1
794
1440
1
657
945
56
16
1512
646
956
1
4998
416
994
2
1
762
315
1
234
220
891
4
770
838
4240
2
286
203
1416
1
1
2142
155
1
4750
