1
1314
908
66
614
78
941
5
2358
482
230
2
983
3078
881
27
2
488
547
1
157
458
1044
3
519
873
550
1
1173
322
1506
1
1
2073
231
2
515
960
208
1
3906
1013
200
9
441
186
564
2
4
539
967
2
198
2320
460
2
989
844
768
1
497
768
490
1
1
4400
261
1
898
746
986
4
4985
4068
3186
3
196
370
340
1
1
758
871
3
953
452
768
1
2624
818
756
1
209
660
286
1
2
32
892
6
1431
557
1634
1
1150
546
105
1
1048
1168
329
1
2
397
720
1
470
215
3744
1
127
559
2009
3
462
1017
2964
1
7
1466
943
1
784
1654
736
1
453
1250
950
2
1964
672
754
1
1
290
2472
1
1408
237
832
1
489
4080
1428
9
247
428
918
1
1
159
237
1
226
514
1055
3
3612
1556
214
1
883
2664
868
1
142
3744
704
1
678
718
1420
2
445
993
2280
4
473
230
358
1
1
502
297
1
136
498
263
1
608
908
137
4
518
780
1014
2
1
217
492
1
937
262
1228
1
777
650
240
3
980
208
814
1
4
2415
511
1
513
1406
732
1
881
602
1250
1
767
490
205
1
1
782
1029
2
525
547
1018
4
523
484
882
1
4529
360
509
1
1
997
756
1
349
469
2135
1
432
1590
520
2
720
534
386
1
1
439
634
1
367
126
501
1
970
786
382
1
492
916
334
1
10
648
976
1
969
947
49
15
988
1302
507
1
864
482
1071
3
3
680
734
1
1602
700
264
1
2277
902
893
2
1920
567
3408
4
13
432
470
1
222
624
92
1
327
749
2388
2
612
142
136
4
7
954
637
2
1014
1958
462
1
622
3114
1932
1
422
1590
816
1
7
885
574
2
357
1638
543
17
651
878
941
1
856
970
890
6
1
408
1000
4
1354
2190
450
2
571
65
242
1
549
1013
389
5
9
762
707
1
506
612
343
2
1146
349
858
1
946
199
282
1
1
4032
302
7
1015
835
244
1
542
953
438
1
319
493
256
1
2
670
582
1
1208
137
510
1
886
404
286
2
612
4400
169
1
1
632
172
17
984
705
630
1
3570
1190
1015
1
1079
1065
790
2
1
365
290
1
150
111
647
1
120
796
679
1
980
717
1730
1
1
363
1028
3
637
836
3110
1
99
1001
588
1
238
1942
1944
1
1
143
359
1
803
593
766
1
703
361
4026
7
211
673
538
1
1
946
826
2
416
3318
262
20
353
1418
684
5
726
672
485
9
1
846
547
7
631
669
622
1
711
985
805
1
420
563
144
1
1
526
928
20
681
752
373
1
956
849
1446
2
460
569
4605
1
1
370
491
1
3605
776
3270
1
400
127
940
7
355
1569
4671
1
5
968
1136
1
948
4725
715
3
838
966
861
1
645
2915
126
2
1
259
912
1
63
550
575
1
795
850
914
2
1020
785
223
2
2
476
290
2
1914
750
946
1
655
1029
752
1
565
993
3312
1
3
983
3042
14
764
510
882
1
358
1050
416
1
1508
815
985
1
1
626
296
1
617
839
538
1
474
146
40
3
118
193
507
3
12
710
539
1
1007
58
1027
3
407
650
140
2
1458
1846
725
1
5
710
4602
1
2240
84
791
1
35
2799
691
5
258
673
851
1
4
1596
1086
1
2074
1005
610
1
644
212
215
1
619
876
752
1
4
468
690
1
549
2013
1220
1
328
1604
430
1
3420
439
1394
1
1
352
1208
1
986
429
106
1
454
942
443
1
1308
478
841
1
1
922
3108
3
613
81
618
1
1036
267
1944
1
620
245
421
1
3
582
1027
3
1634
125
99
2
594
297
223
2
4408
460
651
1
15
1162
801
1
1800
598
1340
1
601
1924
1008
1
660
1666
484
3
1
1128
585
1
683
616
575
1
709
956
174
1
648
430
553
1
1
81
783
5
349
418
378
1
127
2084
304
1
1920
74
248
4
4
792
1536
1
306
598
815
1
443
974
2030
1
182
2454
553
1
4
569
491
1
1773
114
700
2
3320
970
494
1
2988
1209
55
1
3
961
527
1
63
1048
320
1
982
252
1572
9
728
1203
759
1
1
571
1185
1
354
2766
1497
2
740
213
862
2
711
410
413
1
2
458
218
1
767
940
2466
1
67
244
1032
3
642
864
451
4
4
4105
1975
5
1383
366
141
1
647
652
284
1
471
74
707
1
1
994
528
1
733
550
429
2
272
819
25
1
371
854
588
3
3
1006
168
1
428
567
684
1
831
612
974
2
331
1408
762
1
1
2241
3033
1
608
439
1864
2
4880
974
533
4
1005
1128
189
2
4
235
141
1
528
215
147
1
117
1368
793
1
536
229
995
12
1
249
972
1
615
627
2452
2
446
3905
223
1
4344
916
3332
1
1
884
264
1
496
1846
441
3
246
670
228
1
816
906
997
1
1
621
308
1
3
3616
693
1
353
565
1260
2
290
52
433
1
1
700
2214
1
1021
897
3174
1
711
420
775
1
869
3116
1132
2
1
1314
270
1
1298
100
218
1
931
780
1210
1
1164
832
621
1
1
396
284
1
487
785
928
1
689
684
805
2
3556
62
936
2
1
887
1195
1
2188
423
629
1
747
600
375
1
572
2244
1938
5
1
969
677
15
616
154
4284
1
1112
852
930
1
344
552
714
1
1
553
863
1
14
266
67
1
1008
1055
1386
2
131
780
3300
2
2
640
4680
1
2844
518
1238
7
705
1007
716
2
143
2913
639
1
15
884
1448
5
1638
2070
156
1
900
830
296
1
1534
574
498
1
3
750
1065
83
790
799
995
2
374
904
176
1
448
1224
245
1
1
1443
991
3
582
996
105
1
121
105
342
1
195
984
522
2
6
472
3024
7
595
534
1052
1
908
110
564
2
879
1186
2067
1
4
857
212
1
598
706
538
1
610
899
144
4
678
748
1474
1
1
447
471
3
619
170
4116
3
1112
4214
601
1
1560
965
444
1
2
777
430
1
663
869
3600
1
196
2230
282
247
561
683
88
2
8
703
186
1
189
1488
202
1
966
719
324
1
371
788
922
1
3
894
2853
2
616
549
836
6
422
155
292
1
549
931
520
5
1
257
162
1
318
1752
993
1
314
544
273
11
2148
725
527
1
1
280
4705
1
4456
190
870
1
457
1476
411
1
544
891
850
1
1
150
511
4
2174
256
563
1
1584
464
4968
1
295
452
649
1
1
1605
870
1
930
441
417
3
340
658
568
1
1032
137
628
14
1
370
216
2
2090
937
988
1
982
338
510
1
967
3704
440
1
2
1552
1062
2
1031
248
969
2
357
426
715
1
511
692
293
1
1
620
630
2
459
900
1185
1
1804
980
190
1
1806
668
768
74
1
667
596
1
508
476
693
1
608
545
674
1
1063
515
835
2
6
2340
542
1
952
261
592
1
67
556
531
2
450
747
3325
2
1
511
954
1
2066
373
1870
2
880
1028
186
1
278
80
978
1
1
4840
4110
1
149
638
891
1
529
499
1592
1
128
657
1173
3
5
771
300
1
4880
180
990
1
867
828
895
5
3300
1208
430
1
1
665
554
5
278
778
579
3
2205
600
1948
3
44
873
944
5
3
496
840
12
337
1534
980
1
2400
986
483
2
4102
540
380
2
21
1426
597
1
1029
530
138
1
827
1006
688
1
737
385
245
2
3
1003
1198
1
110
398
503
2
1004
597
2346
2
768
702
2980
1
1
3888
90
1
994
1186
1042
4
4680
3680
544
2
1004
996
1031
1
1
935
873
1
454
1278
931
7
894
796
504
1
884
773
887
1
1
941
2100
1
542
1316
1402
3
510
110
2991
1
882
1654
370
1
1
2424
323
1
9
565
354
5
690
2431
1292
2
657
2432
916
1
12
398
1980
1
900
916
1116
6
833
3295
385
1
1840
421
1575
1
2
3372
1232
1
1762
525
99
2
821
669
1202
1
1192
994
4840
5
2
988
738
1
579
2145
983
27
967
981
1235
3
713
1300
2012
1
1
888
796
1
2830
190
1002
2
1052
610
869
1
2000
831
964
1
2
400
564
2
527
913
371
1
936
1042
199
1
545
143
684
1
1
355
2136
15
98
911
911
5
236
1000
787
1
518
552
1004
1
1
2920
334
1
996
1184
939
1
840
1700
1048
1
410
1950
660
1
2
271
422
2
1578
201
700
3
650
703
308
10
405
618
232
1
1
906
1806
1
494
1018
246
1
630
1225
186
5
289
1653
4554
1
7
998
1776
1
1064
388
554
1
1485
583
460
1
211
1006
918
1
9
230
747
1
520
4914
294
5
108
779
291
8
882
1580
2435
1
2
150
746
1
679
692
496
1
373
1228
650
1
641
1770
726
2
1
699
306
4
509
946
571
1
807
776
48
1
820
580
282
1
36
48
73
1
1224
377
510
2
813
506
1344
1
832
784
735
1
2
438
663
1
141
2384
759
1
804
1058
213
1
241
992
396
4
1
423
64
2
821
523
1003
2
522
1039
1566
1
996
1592
2104
1
1
291
1272
1
2078
276
663
1
2600
827
278
1
216
601
473
2
1
92
202
1
53
774
252
1
952
3354
97
1
946
998
639
1
3
960
328
1
190
166
655
1
1024
622
477
3
1248
877
616
1
4
824
427
1
226
290
175
1
358
2728
796
1
663
1024
3390
1
29
258
678
5
998
233
563
1
645
913
783
4
4132
423
887
1
3
370
983
9
544
56
217
3
494
801
617
2
1450
568
476
1
1
552
651
1
714
1398
1364
1
452
787
901
4
1006
840
759
1
1
4500
128
1
1976
184
375
4
916
1882
4788
9
1898
174
189
1
1
371
3710
10
1476
837
2492
2
551
744
660
1
280
929
192
1
1
478
705
1
1988
317
3236
3
261
721
2895
3
829
877
745
1
3
596
883
3
838
685
1062
2
836
478
198
3
894
859
3075
1
1
73
912
1
308
401
229
1
913
2050
737
8
3008
1576
44
8
1
1009
205
2
689
1986
717
2
720
1424
229
2
862
633
1836
1
1
656
954
2
431
1352
285
1
1594
112
1470
1
171
132
3536
1
67
586
440
1
1812
766
419
1
566
1028
704
8
938
87
192
2
6
650
395
29
470
3592
309
1
861
813
532
5
313
808
968
2
1
577
1606
1
1846
515
463
1
1258
794
496
2
758
3738
488
1
1
740
309
1
1504
456
3228
1
3524
669
1581
13
856
768
391
8
1
148
200
1
723
984
2481
10
240
1572
247
6
838
663
976
1
2
796
3156
4
296
518
185
3
735
32
567
1
688
1665
285
1
1
531
717
1
756
835
275
1
543
842
703
1
102
445
460
1
1
55
1354
2
704
400
368
120
700
919
545
4
901
686
549
2
1
1556
95
1
840
1608
1212
6
565
2970
42
1
750
2052
851
1
1
3636
737
1
3048
586
133
1
645
754
595
42
639
533
363
1
3
279
956
1
1035
963
808
1
689
957
603
2
1049
844
3920
1
1
733
567
1
757
858
966
2
149
743
546
1
118
1015
589
1
1
802
484
2
595
3836
861
3
858
926
627
2
102
39
664
1
12
817
712
1
801
4158
119
1
3640
404
341
7
935
938
403
3
1
929
116
1
422
470
552
1
451
473
201
3
709
502
1658
1
2
786
860
1
466
574
3928
1
377
428
975
1
1629
912
872
1
1
92
182
5
466
2883
570
1
1682
756
580
1
168
447
454
1
45
833
849
1
144
1368
224
1
690
642
916
1
425
751
193
2
1
770
961
1
716
282
921
3
1095
234
677
1
1032
987
290
13
2
1134
125
1
1606
617
1077
14
565
3776
744
2
638
296
957
448
26
248
965
10
868
571
966
1
4086
996
96
1
1023
288
126
7
4
844
1086
1
423
92
1057
15
3860
3670
330
1
399
257
677
1
1
634
752
1
918
404
2640
6
99
749
666
2
1304
1206
824
1
1
2035
832
1
282
421
868
1
188
901
4195
1
864
968
1011
1
3
473
277
13
521
209
876
1
4012
831
128
1
514
2900
2006
3
54
366
868
1
1023
3192
148
2
452
1324
681
1
51
2577
1144
1
1
606
1524
2
1042
963
4312
1
620
3261
1035
4
859
733
199
3
2
332
1032
3
638
367
690
2
871
1716
1320
1
142
391
147
2
1
656
250
5
498
847
272
1
578
1875
334
1
118
848
213
1
4
390
672
1
982
533
3468
1
4644
240
46
1
869
626
1760
6
1
99
844
1
33
104
284
3
914
973
498
1
464
161
736
6
1
1488
2430
1
798
1346
936
1
2126
453
464
1
1492
2004
488
1
1
946
131
1
1548
510
1001
2
1988
604
468
1
1524
604
97
4
3
897
1466
1
404
248
3720
1
423
1932
484
1
369
4886
744
1
2
633
614
34
850
1330
1039
1
2838
1839
571
1
481
4528
1673
1
42
200
1084
15
917
989
525
1
805
1092
536
1
173
573
495
1
1
659
370
1
1022
509
3801
1
960
3099
789
1
96
749
841
93
1
3087
643
1
338
955
2838
3
964
205
276
2
472
486
656
1
2
907
1500
1
509
589
187
1
2691
525
1448
1
344
388
139
1
1
1320
2178
29
618
1802
965
2
207
972
909
1
820
891
1148
11
1
83
996
2
570
638
413
4
704
581
2145
4
1852
837
916
1
1
674
346
1
900
702
909
1
336
180
1659
1
1370
171
681
1
1
628
904
1
955
706
2394
1
234
896
1160
1
1142
1730
354
1
1
146
159
4519
3024
153
1526
1
2217
382
511
1
955
934
506
2
1
653
503
3
133
568
491
13
411
447
377
1
107
1482
285
1
1
440
807
1
154
493
195
3
888
4228
866
1
290
1043
83
1
1
383
380
1
2034
671
688
1
151
412
1880
1
1073
794
1356
1
16
853
2253
1
706
1390
701
2
740
358
127
2
1842
163
480
1
1
208
812
7
122
239
801
1
444
1005
1136
5
457
296
1002
4
1
750
857
1
907
914
1264
6
1850
107
232
3
132
656
797
2
1
249
703
2
640
4270
636
2
562
296
1374
75
1112
627
359
1
1
798
319
1
1514
2044
4710
2
1462
732
1536
1
780
2991
356
9
1
427
570
1
185
1866
271
22
889
285
530
1
130
678
801
1
4
39
640
2
489
71
1862
1
185
3618
778
1
826
426
699
1
1
1001
3864
1
1176
944
106
7
218
689
360
1
546
436
665
1
5
456
4830
2
524
76
474
3
87
921
133
5
2730
2248
846
3
4
608
1006
2
1738
856
1054
4
319
2200
647
1
756
750
62
2
2
38
763
3
729
358
800
5
682
732
346
1
553
1311
182
1
2
138
666
1
308
999
709
2
242
684
898
2
380
551
623
1
1
430
160
1
182
1092
1038
2
743
3452
722
1
556
818
224
26
1
843
36
1
811
577
754
1
645
664
355
1
498
2226
656
2
1
410
1432
3
630
554
112
1
314
3870
525
285
230
846
802
1
4
260
997
3
976
742
878
2
799
1012
455
1
1580
976
62
1
1
396
1920
1
46
246
270
1
156
1324
709
1
2008
947
276
3
1
150
674
1
483
4041
565
2
473
230
659
1
2024
4424
653
1
1
453
827
5
520
177
376
1
677
720
118
5
1514
2204
1017
7
7
820
885
10
236
1352
431
4
1348
468
1634
1
876
394
418
1
6
741
619
1
1215
374
227
1
688
678
726
1
750
654
764
1
1
1164
171
1
289
884
1116
2
737
2346
251
1
920
910
417
2
1
732
258
2
247
818
242
1
845
1941
234
1
848
134
877
1
1
658
488
3
632
1026
250
4
1052
1608
1024
3
460
2025
430
1
1
961
820
1
1776
3135
1029
1
106
2076
2559
6
578
980
965
3
1
2704
673
2
571
230
145
4
1334
112
822
1
311
823
882
1
3
599
243
1
606
684
220
1
602
444
138
1
154
447
808
2
1
557
383
1
806
646
