1
962
290
1
449
234
834
15
3885
741
858
1
151
1372
261
1
1
180
1918
2
1072
718
498
1
796
4670
477
2
2385
674
1033
1
1
137
4771
1
418
678
530
1
260
235
3276
1
1568
291
858
1
13
1020
269
1
602
1384
223
1
4888
3360
3210
1
3332
1028
2163
2
4
153
678
1
2504
1859
426
1
1488
1672
350
1
427
505
4990
1
1
140
642
1
664
93
59
1
862
240
402
1
217
185
1776
1
1
653
252
1
847
548
144
8
277
2440
3315
1
1040
2450
1221
1
2
432
304
2
1844
729
424
1
772
140
172
3
959
555
317
1
8
424
660
6
787
4736
714
13
504
194
627
1
1746
938
986
1
1
816
916
1
397
4131
422
1
553
859
838
4
1323
536
504
3
1
954
585
3
1073
622
2160
24
866
599
53
1
258
688
2086
3
1
190
288
1
848
58
530
1
1424
2144
864
2
2548
410
121
1
2
946
728
3
1700
955
534
1
386
274
649
4
581
635
55
4
1
1054
775
1
376
206
142
1
308
1834
950
2
757
3784
2214
5
7
179
571
1
821
234
170
1
401
1432
651
4
544
138
562
19
1
237
763
2
528
1001
654
1
3400
2388
593
1
668
4350
3810
1
2
262
771
1
992
4904
425
1
453
1032
1826
1
1965
645
63
2
106
1122
286
3
634
390
910
1
1264
858
1016
3
128
4016
263
1
6
154
2400
3
1000
2484
546
11
283
890
454
2
764
924
4735
1
1
932
1395
1
193
528
784
18
4444
1376
902
1
597
4372
192
2
1
4170
1794
5
1532
982
1084
1
162
574
968
7
516
82
40
6
1
602
834
1
321
682
160
1
972
896
679
1
860
1028
1958
1
1
1215
478
3
663
1029
272
1
282
1514
4750
1
247
873
15
1
2
74
846
4
366
4128
412
1
1730
846
968
48
604
672
231
10
1
4405
1212
1
569
346
1718
1
990
148
849
1
578
361
614
2
3
1986
467
1
385
1262
97
1
556
616
953
2
310
113
476
1
1
573
706
1
4150
291
4315
1
228
355
97
1
535
308
1138
1
1
91
456
2
1009
494
1922
2
997
784
1465
1
267
692
269
7
7
2484
2345
4
694
92
1540
2
495
465
64
2
997
257
803
1
1
920
192
5
463
1795
850
1
293
76
615
4
322
440
1176
3
1
468
930
1
148
371
1002
13
998
567
798
7
80
892
559
1
1
70
760
1
284
939
638
1
185
386
1788
1
2391
964
479
1
2
490
202
4
65
101
271
2
560
592
277
4
967
379
3124
1
1
909
656
1
829
842
4779
18
869
452
712
1
522
740
919
4
1
404
934
1
705
516
701
1
773
3012
744
2
1071
911
1360
3
1
215
726
1
936
421
419
1
318
542
69
1
995
3844
87
1
7
853
444
1
18
847
848
27
2920
432
645
4
514
677
324
4
1
128
850
1
154
525
113
3
168
1998
207
1
646
936
32
1
5
376
68
10
266
2460
577
2
3876
876
611
1
823
149
312
1
1
987
2002
1
466
192
1010
1
668
155
126
1
817
4410
376
1
1
286
947
1
3820
1784
1076
1
264
817
2172
1
947
230
88
2
2
1046
907
3
936
410
776
1
811
1418
741
1
980
832
491
1
15
750
698
1
857
4800
380
2
737
1282
747
1
1040
952
209
1
1
484
874
1
349
706
412
6
269
312
707
25
2156
3140
724
1
1
422
900
4
416
766
3524
1
433
905
652
1
966
938
467
2
3
40
222
13
314
349
440
1
48
3832
2136
2
928
1484
897
1
1
3788
482
1
736
3924
1144
1
710
683
584
1
339
594
972
1
1
900
542
1
849
473
970
32
786
48
705
2
587
980
445
1
3
1188
628
1
463
2340
258
1
3400
973
1738
10
798
537
222
1
1
1644
304
1
529
831
211
1
860
1742
621
3
22
939
926
3
3
601
508
2
993
748
200
1
649
959
140
4
966
657
207
6
5
405
1380
1
444
73
697
2
553
4850
123
9
428
411
443
1
1
936
545
1
648
403
787
1
896
4676
924
1
590
891
265
1
4
4809
425
2
370
597
810
1
331
286
140
2
752
344
1416
1
7
1916
294
1
357
976
543
1
448
628
983
2
2024
75
758
1
1
245
324
2
4485
2070
887
1
437
577
827
3
919
212
566
1
1
822
233
1
700
878
236
1
594
735
536
2
854
276
199
1
1
3020
102
1
836
598
339
1
536
268
432
2
1626
135
516
1
1
1560
2892
1
997
267
86
1
149
142
744
1
580
1396
866
1
3
579
610
7
339
734
436
1
346
1712
171
1
977
327
192
1
5
848
820
1
368
3240
183
1
613
3904
189
1
685
558
289
12
1
1790
4895
157
249
756
577
42
192
609
558
2
425
2271
726
1
1
149
186
2
722
1014
2346
1
120
430
634
2
197
1677
153
2
1
392
233
20
298
535
908
1
96
959
669
1
566
1013
430
1
1
570
2274
1
984
3954
251
1
953
761
546
1
485
966
516
1
8
1690
450
1
1057
327
434
3
702
1575
477
1
504
420
1030
1
1
582
443
6
994
1869
1245
13
411
435
1014
2
924
2026
511
3
2
872
581
1
283
1404
157
1
1827
471
850
3
522
4690
1942
1
4
764
475
1
1182
2224
2042
3
703
1089
1310
1
1272
566
932
1
11
848
230
1
1016
951
592
8
576
816
563
1
389
1001
486
2
1
774
1376
1
98
476
843
1
1904
244
1170
1
724
993
1460
1
1
624
548
1
1648
240
1980
6
1116
582
467
1
684
253
421
2
1
621
327
4
2427
261
966
1
377
480
513
1
132
624
536
1
1
696
133
4
4720
566
1083
1
824
356
1011
1
1560
882
841
2
1
536
786
1
619
494
682
1
342
2112
507
1
927
730
196
1
1
260
1018
4
400
228
535
5
952
234
147
1
593
669
832
1
2
854
230
3
464
207
492
1
1432
3468
665
2
141
470
304
2
2
265
579
1
925
1814
275
1
506
707
868
11
903
544
805
2
5
214
1116
10
396
4410
895
2
980
1015
976
1
1089
2976
174
1
3
1008
1839
2
840
2968
887
1
324
351
594
1
1000
77
348
2
1
248
809
1
920
225
780
1
138
324
939
4
232
2010
1908
1
2
1000
4136
1
710
2020
650
1
624
1021
448
1
865
2964
3848
1
1
178
2490
1
808
297
288
33
4779
398
2226
2
1426
761
394
1
22
537
390
7
957
491
58
1
500
868
619
3
1039
1556
659
1
1
1701
824
2
4800
922
710
2
562
700
497
1
418
2208
584
1
4
540
804
1
814
772
500
1
390
977
315
1
1400
3630
715
1
1
2481
783
1
248
441
1568
2
342
3311
573
1
2050
774
972
1
1
516
144
1
3992
675
343
1
521
867
678
1
2058
408
808
1
1
156
1460
2
2780
1064
396
1
1040
672
830
1
943
3465
253
10
1
1496
1624
1
897
939
4720
1
1782
27
400
1
898
142
1526
1
1
732
837
1
3945
745
59
1
1000
353
533
1
247
1568
4952
1
1
2154
621
4
508
721
3765
4
3021
4608
1710
4
1048
633
129
1
66
428
669
10
103
82
213
1
2304
490
515
9
646
454
845
2
1
1844
962
1
669
1944
222
1
231
208
934
6
2054
847
139
1
1
656
464
3
682
1884
289
9
192
255
981
4
528
699
938
2
1
107
759
1
777
981
354
1
1648
790
772
4
970
587
354
1
1
875
1664
1
2464
1620
4557
1
555
832
529
1
216
278
1032
1
1
160
186
1
162
934
996
1
722
60
4825
1
860
1576
856
2
1
2136
877
4
1404
791
571
1
799
330
897
1
4518
143
4361
1
3
158
734
1
162
3141
668
2
2334
692
868
2
122
220
876
1
1
851
352
73
913
881
643
1
502
341
992
1
547
1530
1074
2
1
1035
369
1
2184
1800
701
2
2034
953
568
3
748
891
546
1
2
147
962
1
791
530
391
1
73
306
488
25
3775
583
1066
1
2
561
1812
3
526
1000
651
1
567
257
690
1
190
481
457
7
1
468
127
1
208
293
274
1
908
342
300
3
4842
64
368
4
1
1605
273
1
773
434
1010
4
1304
457
902
1
2385
758
261
3
1
120
921
4
1572
281
37
1
612
820
656
25
3124
857
117
1
1
4564
228
1
1022
451
808
2
194
999
162
1
94
92
854
2
1
713
141
1
581
221
1013
3
67
899
480
21
705
3925
631
1
1
3036
1332
1
625
978
416
2
904
409
516
1
716
590
1134
2
7
480
617
1
657
305
528
3
1466
613
177
3
30
1216
673
1
1
1404
1350
1
207
688
199
1
2057
661
955
2
570
464
2223
141
1
473
257
1
2132
2454
935
26
937
275
3990
1
220
1563
1216
1
1
1004
963
1
2601
333
114
1
498
410
984
2
3765
1003
196
28
10
1158
333
1
256
234
316
2
2856
87
754
1
501
2058
1522
2
37
681
653
3
419
1019
991
1
1016
4320
724
4
189
298
661
1
1
868
498
1
1450
969
162
1
430
338
620
1
2500
2018
255
1
1
996
212
2
558
312
1020
1
3894
322
230
2
796
805
576
1
7
692
737
2
273
218
1022
3
760
135
646
1
1838
3438
207
1
1
202
738
1
440
1122
421
1
417
942
194
2
807
481
1170
1
1
785
4977
1
422
1352
741
5
616
230
1018
3
1214
906
1248
1
1
3164
246
1
435
1810
915
1
906
827
326
57
810
2454
584
2
4
805
4851
1
160
2115
829
31
481
918
111
1
142
825
230
5
82
188
481
1
628
3012
1605
1
278
371
463
1
1890
915
559
11
4
1812
360
1
359
292
385
5
832
100
614
6
662
863
446
2
2
415
383
3
78
1344
67
1
4590
864
300
1
1244
451
917
2
1
704
330
2
464
4460
501
2
2859
2478
642
1
541
873
1670
2
1
868
856
2
1245
1040
622
1
237
