270
3
14
7
88
27
3
196
2
268
51
3
10
102
4
89
139
57
36
94
3
2
26
4
17
3
26
1
1
82
10
34
2
11
2
12
19
3
51
3
2
55
1
4
3
53
6
7
8
18
33
6
24
6
10
15
3
3
5
56
8
1
5
12
92
7
1
26
4
1
3
14
1
13
3
12
6
33
78
56
3
3
29
54
57
32
4
73
2
49
17
3
5
21
134
5
27
5
12
2
3
4
6
9
9
265
3
1
33
4
16
2
16
1
5
2
261
2
3
4
14
64
135
24
6
4
3
2
1
23
4
3
4
132
31
8
1
5
2
17
7
7
19
5
3
2
3
81
52
79
62
3
10
2
14
2
1
14
2
15
2
3
2
9
11
2
1
2
34
8
5
2
1
1
266
1
1
1
1
1
1
1
1
1
1
1
1
1
1
1
1
1
1
1
1
1
1
1
1
1
1
1
1
1
1
1
1
1
1
1
1
1
1
1
1
1
1
1
1
1
1
1
1
1
1
1
1
1
1
1
1
1
1
1
1
1
1
1
1
1
1
1
1
1
1
1
1
1
1
1
1
1
1
1
1
1
1
1
1
1
1
1
1
1
1
1
1
1
1
1
