640
3
7
4
5
3
58
7
9
64
4
1
3
3
2
18
4
43
5
13
2
3
263
232
3
29
3
23
234
3
63
5
50
146
294
9
78
51
3
7
2
26
14
56
12
3
192
3
233
26
3
3
14
6
7
83
2
602
16
3
6
2
1
5
245
33
7
213
8
54
1
14
3
2
94
2
55
3
7
292
3
2
92
50
1
9
4
41
5
8
5
1
100
3
8
4
14
25
222
635
10
2
85
1
142
50
76
3
2
5
3
3
6
15
6
2
7
4
7
4
2
2
57
1
10
11
13
1
4
4
2
98
11
579
9
34
144
4
3
592
3
3
3
16
11
3
622
625
3
3
3
604
5
6
18
585
638
15
37
11
95
20
28
5
1
21
25
5
49
80
1
5
4
5
5
1
10
2
7
3
13
17
63
43
206
3
620
227
1
1
9
61
164
92
1
1
3
2
89
5
60
3
3
62
57
3
9
11
3
3
7
166
302
44
11
3
163
12
7
236
13
31
10
2
586
65
5
3
5
44
39
27
16
9
49
5
17
583
2
3
3
7
2
3
3
12
13
251
6
189
7
3
47
20
10
3
3
2
7
83
23
188
8
5
2
272
21
3
11
1
31
7
8
22
29
48
30
5
289
3
8
16
7
42
5
27
7
33
6
266
1
82
3
4
581
2
11
19
5
1
3
1
82
7
9
2
1
4
2
3
73
16
11
10
2
2
238
5
4
229
4
19
78
2
5
68
3
3
7
3
2
57
40
42
9
5
12
9
577
5
2
70
38
35
5
2
12
5
11
75
47
224
168
2
4
4
7
71
52
211
9
52
291
4
1
6
2
87
9
2
191
3
5
28
5
3
45
575
2
4
7
2
633
1
243
1
78
2
4
15
1
1
1
1
1
1
1
1
1
1
621
1
1
1
1
1
1
1
1
1
1
1
1
1
1
1
1
1
1
1
1
1
1
1
1
1
1
1
1
1
1
1
1
1
1
1
1
1
1
1
1
1
1
1
1
1
1
1
1
1
1
1
1
1
1
1
1
1
1
1
1
1
1
1
1
1
1
1
1
1
1
1
1
1
1
1
1
1
1
1
1
1
1
1
1
1
1
1
1
1
1
1
1
1
1
1
1
1
1
1
1
1
1
1
1
1
1
1
1
1
1
1
1
1
1
1
1
1
1
1
1
1
1
1
1
1
1
1
1
1
1
1
1
1
1
1
1
1
1
1
1
1
1
1
1
1
1
1
1
1
1
1
1
1
1
1
1
1
1
1
1
1
1
1
1
1
1
1
1
1
1
1
1
1
1
1
1
1
1
1
1
1
1
1
1
1
1
1
1
1
1
1
1
1
1
1
1
1
1
1
1
1
1
1
1
1
1
1
1
1
1
1
1
1
1
1
1
1
1
1
1
1
1
1
1
1
1
1
1
1
1
1
1
1
1
1
1
1
1
1
