1250
3
126
1
6
8
3
154
4
5
12
14
11
139
3
30
5
272
2
3
4
2
27
29
2
3
8
5
3
13
999
83
24
109
37
7
1097
2
20
5
19
7
132
2
310
37
65
3
4
3
21
7
11
15
4
4
37
18
53
263
2
3
24
389
391
3
8
6
1
2
81
10
6
1
1
1
17
1
667
9
4
24
3
396
1
10
2
52
1
1021
10
35
127
1
54
1011
1
5
3
3
8
3
5
6
2
394
18
2
3
6
5
56
25
4
12
370
3
12
10
111
1
3
5
3
132
135
5
4
6
26
79
147
3
2
251
4
10
3
277
5
4
3
2
3
3
29
5
398
10
120
3
1245
4
104
1005
9
1108
199
20
28
390
5
161
2
188
1063
21
1
2
7
6
36
11
3
2
5
67
26
11
2
15
3
2
17
17
5
7
170
4
4
3
26
71
1
3
31
2
10
31
2
2
2
5
30
16
2
7
4
21
31
3
23
10
2
11
3
27
22
2
10
270
9
197
15
5
21
1
1
373
3
3
4
129
7
5
9
23
11
2
16
5
16
5
35
42
14
3
1050
643
41
73
4
2
160
3
16
4
14
2
6
157
3
5
672
9
4
1
3
1056
1
7
1
14
39
8
1
3
7
7
1
221
11
384
2
4
6
3
10
8
4
5
2
28
4
4
2
8
273
397
4
18
32
37
27
271
3
2
67
1
89
1
3
50
3
4
7
7
133
2
5
9
371
1
7
8
13
190
8
2
3
6
3
13
22
3
3
2
52
12
168
3
7
7
25
1
82
43
3
44
2
15
1047
15
3
5
3
2
32
2
5
17
377
631
2
11
3
1
23
12
21
71
34
3
4
6
3
3
2
2
43
264
9
16
9
3
4
1071
275
81
22
2
5
2
70
30
19
7
2
5
1
9
2
131
3
12
4
8
665
145
3
88
14
4
1
12
65
2
1060
3
11
1
7
5
2
2
60
24
149
2
123
3
6
32
8
381
2
10
4
2
219
8
15
4
29
7
14
8
233
3
94
6
40
17
1
6
12
2
6
19
3
22
5
4
3
2
9
1247
3
4
4
39
326
9
3
151
17
4
10
10
172
136
12
313
3
320
22
35
26
3
22
10
20
19
9
9
29
2
3
1
231
11
14
36
7
18
20
3
1
4
59
17
1
7
9
4
1085
5
24
8
6
399
368
4
34
9
2
15
2
2
18
1058
2
3
3
42
3
3
130
3
78
23
3
4
4
8
1
2
77
5
61
7
12
28
3
3
19
3
2
388
6
3
3
3
1
2
54
1
2
147
8
4
122
4
3
33
2
1
82
8
13
1
2
32
2
8
75
16
128
3
5
2
4
18
28
7
66
3
13
41
143
8
2
2
1081
19
3
1048
2
5
5
24
8
1
2
31
86
37
1
5
9
392
2
1
29
4
44
22
10
3
3
26
1
14
3
2
118
261
1
2
5
13
403
6
1
134
4
3
4
153
1
48
3
3
215
4
2
14
3
29
3
24
6
266
1
5
3
1044
130
3
3
2
3
5
82
10
2
1016
12
43
2
1
6
1
7
364
3
16
4
9
3
3
1
29
153
11
41
4
3
6
22
431
1083
2
13
26
2
1017
4
635
9
663
3
9
33
10
1001
31
8
2
35
6
2
9
27
1
5
4
5
148
1019
11
16
39
19
112
3
10
5
9
141
4
7
3
1
37
228
1
5
21
3
4
5
3
3
366
1059
430
1
5
3
1
13
41
11
3
10
10
1025
1023
3
42
11
5
1
1
1
1
1
1
1
1
1
1
1
1
1
1
1
1
1
1
1
1
1
1
1
1
1
1
1
1
1
1
1
1
1
1
1
1
1
1
1
1
1
1
1
1
1
1
1
1
1
1
1
1
1
1
1
1
1
1
1
1
1
1
1
1
1
1
1
1
1
1
1
1
1
1
1
1
1
1
1
1
1
1
1
1
1
1
1
1
1
1
1
1
1
1
1
1
1
1
1
1
1
1
1
1
1
1
1
1
1
1
1
1
1
1
1
1
1
1
1
1
1
1
1
1
1
1
1
1
1
1
1
1
1
1
1
1
1
1
1
1
1
1
1
1
1
1
1
1
1
1
1
1
1
1
1
1
1
1
1
1
1
1
1
1
1
1
1
1
1
1
1
1
1
1
1
1
1
1
1
1
1
1
1
1
1
1
1
1
1
1
1
1
1
1
1
1
1
1
1
1
1
1
1
1
1248
1
1
1
1
1
1
1
1
1
1
1
1
1
1
1
1
1
1
1
1
1
1
1
1
1
1
1
1
1
1
1
1
1
1
1
1
1
1
1
1
1
1
1
1
1
1
1
1
1
1
1
1
1
1
1
1
1
1
1
1
1
1
1
1
1
1
1
1
1
1
1
1
1
1
1
1
1
1
1
1
1
1
1
1
1
1
1
1
1
1
1
1
1
1
1
1
1
1
1
1
1
1
1
1
1
1
1
1
1
1
1
1
1
1
1
1
1
1
1
1
1
1
1
1
1
1
1
1
1
1
1
1
1
1
1
1
1
1
1
1
1
1
1
1
1
1
1
1
1
1
1
1
1
1
1
1
1
1
1
1
1
1
1
1
1
1
1
1
1
1
1
1
1
1
1
1
1
1
1
1
1
1
1
1
1
1
1
1
1
1
1
1
1
1
1
1
1
1
1
1
1
1
1
1
1
1
1
1
1
1
1
1
1
1
1
1
1
1
1
1
1
1
1
1
1
1
1
1
1
1
1
1
1
1
1
1
1
1
1
1
1
1
1
1
1
1
1
1
1
1
1
1
1
1
1
1
1
1
1
1
1
1
1
1
1
1
1
1
1
1
1
1
