2160
2
16
5
7
5
14
18
8
11
8
6
3
7
3
16
3
167
7
9
12
10
136
2
4
2
2
33
13
490
935
63
6
4
3
127
9
129
2
3
29
99
6
465
49
35
6
3
2
1
2
2
4
427
80
78
3
328
988
33
1
378
4
122
354
45
21
1
14
3
25
3
5
266
348
3
2
7
8
321
733
6
5
2
2
2
37
11
2
3
29
2
4
35
63
88
35
115
17
1
2106
12
13
488
14
50
3
5
2
6
7
9
7
6
9
2
3
6
4
6
33
499
12
15
15
1
8
4
3
3
2
3
1
26
5
12
5
21
44
57
24
2
4
108
135
9
1
58
20
168
7
10
2
5
3
52
15
12
2
10
4
323
13
17
3
2
5
9
12
2
2
4
3
4
3
14
2
2
945
6
326
4
5
6
12
2
22
83
91
3
3
14
12
12
5
5
15
2
104
30
2
5
6
1
2
3
3
1
2
66
22
2
347
5
6
57
270
42
5
398
33
3
5
23
95
2
2
14
66
3
5
121
65
94
9
4
9
3
10
2
189
2
1
914
4
5
3
16
1
12
1
264
3
23
16
2
14
399
255
45
4
6
216
22
10
3
8
32
2
2
33
3
1
143
125
3
5
10
2
22
4
442
17
4
21
2
9
10
1
17
349
4
13
2
4
50
1
38
26
10
8
3
12
5
3
2
5
3
8
3
469
4
910
2
1
1
5
32
7
5
2
2
52
4
219
3
30
3
101
4
3
2
6
7
25
3
10
2
724
3
10
7
1
16
440
1108
2
3
8
2086
21
3
3
5
5
8
23
15
55
5
5
4
48
3
5
43
3
3
96
3
292
63
15
5
4
1
1106
99
7
4
26
5
26
2
1092
66
3
5
2
3
4
14
996
243
9
3
3
15
30
7
10
2
8
1
1
3
3
33
2
6
53
5
5
4
7
49
18
8
30
12
348
1
2109
9
2094
2
3
1
924
3
1
8
5
6
2
2
27
13
9
8
5
2
22
3
9
2
156
2152
2
7
3
3
2129
1
7
5
192
3
1
15
10
2
4
5
13
1
179
290
5
3
16
10
23
15
5
54
3
11
3
393
27
22
3
2
2
2
2
5
7
75
31
359
1
32
154
1111
3
180
922
354
4
10
2
8
3
139
2
9
363
3
6
5
993
12
21
5
2
2
3
32
69
3
21
3
10
2124
1
3
98
6
2
143
29
8
1
28
2
1
5
4
9
17
6
11
387
6
1
2
3
80
11
3
1
47
2
25
29
7
100
6
8
15
1
6
3
3
151
353
3
2
1
27
38
481
5
1
19
2
1053
3
2
4
96
13
1
6
9
25
327
1
6
60
3
7
35
20
109
31
1
19
1
5
2088
4
17
10
11
373
9
7
44
7
15
4
22
9
364
918
6
3
24
261
42
3
126
3
3
29
3
12
2
40
12
2
487
10
25
3
2
352
2
5
31
12
1
3
259
17
2
4
262
9
2090
5
2
3
20
12
2
1
10
11
3
7
3
3
10
434
4
5
2
3
1
3
2
8
1
5
16
3
3
7
24
2
34
369
21
4
3
3
24
139
2096
444
3
4
9
56
21
3
13
59
11
4
2
31
3
37
4
1
5
19
1082
3
16
2
130
36
6
2
61
917
1086
70
7
17
8
7
21
5
4
2
1
4
3
31
10
38
3
15
13
11
4
90
6
4
3
3
3
3
8
24
6
4
83
138
4
32
36
4
55
3
7
5
6
4
47
20
5
4
2
3
10
3
16
479
5
40
31
2
5
4
379
2143
166
11
3
3
3
8
3
81
134
3
10
6
650
6
18
494
7
3
13
2
11
485
133
9
27
375
4
19
1
11
8
29
3
17
17
16
11
1
190
3
13
5
11
6
2
1
63
3
3
943
2
5
2
7
3
3
1
47
3
3
6
125
7
1
42
3
4
11
132
9
5
1
3
7
371
148
26
1
3
102
5
471
3
2
994
3
13
12
3
10
3
128
468
6
1
987
4
84
3
18
3
35
268
1995
105
5
4
1
50
21
377
3
5
20
7
107
10
2
2
53
55
1
66
2
26
2
8
82
45
1
510
2
1
28
26
975
35
386
7
2
13
64
46
149
1
6
3
11
4
34
2
11
97
11
2
56
7
3
65
7
8
11
9
14
1
3
1
34
4
8
2
46
9
383
2
106
3
72
5
24
14
8
73
5
12
98
30
2
6
5
8
14
5
3
19
5
2120
4
5
1
3
33
5
6
61
1
48
35
1
1259
2
5
7
1
326
7
3
67
6
5
6
5
3
42
3
5
2
5
9
10
2
2127
15
17
2
9
7
3
4
5
137
352
14
3
593
2133
87
20
245
1
912
10
27
5
11
3
17
46
5
7
50
2
354
9
3
79
2
37
3
3
16
7
5
3
728
28
3
3
7
15
4
96
14
58
350
2
14
4
7
4
213
3
3
31
78
351
58
28
2154
8
13
1110
7
10
8
5
1
3
8
1
1
1
9
726
141
3
12
3
3
2
25
368
3
16
18
345
59
9
4
27
2
17
11
5
86
104
2092
2
2
11
41
4
385
2
4
14
2
396
1261
124
1
3
5
5
7
6
18
3
4
4
1
141
11
930
6
33
9
51
2
23
130
258
8
7
2
2
14
2
13
2144
1
1
72
19
10
89
21
43
373
4
1
3
2
8
9
1
1
3
6
483
2
12
46
3
10
3
2
3
22
24
3
1
496
6
45
1
3
3
933
2079
323
2
52
64
341
4
2
7
3
27
6
41
13
3
3
30
10
32
5
2
163
13
14
2
165
4
208
163
2
2
2
31
8
46
5
11
2
1
31
54
11
1083
30
36
1
5
18
1
1105
35
139
2
147
16
32
3
2
2
14
3
1
6
23
21
29
4
2
5
6
2
80
59
383
2
2
2
1
4
145
37
34
32
2137
4
2108
3
1
1
24
110
5
60
329
361
12
9
385
3
7
2
931
4
3
463
3
3
108
162
12
107
2
6
23
9
13
2126
62
3
33
7
47
3
5
25
1
11
1
7
5
1
2
1
11
1
1
1
1
1
1
1
1
1
1
1
1
1
1
1
1
1
1
1
1
1
1
1
1
1
1
1
1
1
1
1
1
1
1
1
2097
1
1
1
1
1
1
1
1
1
1
1
1
1
1
1
1
1
1
1
1
1
1
1
1
1
1
1
1
1
1
1
1
1
1
1
1
1
1
1
1
1
1
1
1
1
1
1
1
1
1
1
1
1
1
1
1
1
1
1
1
1
1
1
1
1
1
1
1
1
1
1
1
1
1
1
1
1
1
1
1
1
1
1
1
1
1
1
1
1
1
1
1
1
1
1
1
1
1
1
1
1
1
1
1
1
1
1
1
1
1
1
1
1
1
1
1
1
1
1
1
1
1
1
1
1
1
1
1
1
1
1
1
1
1
1
1
1
1
1
1
1
1
1
1
1
1
1
1
1
1
1
1
1
1
1
1
1
1
1
1
1
1
1
1
1
1
1
1
1
1
1
1
1
1
1
1
1
1
1
1
1
1
1
1
1
1
1
1
1
1
1
1
1
1
1
1
1
1
1
1
1
1
1
1
1
1
1
1
1
1
1
1
1
1
1
1
1
1
1
1
1
1
1
1
1
1
1
1
1
1
1
1
1
1
1
1
1
1
1
1
1
1
1
1
1
1
1
1
1
1
1
1
1
1
1
1
1
1
1
1
1
1
1
1
1
1
1
1
1
1
1
1
1
1
1
1
1
1
1
1
1
1
1
1
1
1
1
1
1
1
1
1
1
1
1
1
1
1
1
1
1
1
1
1
1
1
1
1
1
1
1
1
1
1
1
1
1
1
1
1
1
1
1
1
1
1
1
1
1
1
1
1
1
1
1
1
1
1
1
1
1
1
1
1
1
1
1
1
1
1
1
1
1
1
1
1
1
1
1
1
1
1
1
1
1
1
1
1
1
1
1
1
1
1
1
1
1
1
1
1
1
1
1
1
1
1
1
1
1
1
1
1
1
1
1
1
1
1
1
1
1
1
1
1
1
1
1
1
1
1
1
1
1
1
1
1
1
1
1
1
1
1
1
1
1
1
1
1
1
1
1
1
1
1
1
1
1
1
1
1
1
1
1
1
1
1
1
1
1
1
1
1
1
1
1
1
1
1
1
1
1
1
1
1
1
1
1
1
1
1
1
1
1
1
1
1
1
1
1
1
1
1
1
1
1
1
1
1
1
1
1
1
1
1
1
1
1
1
1
1
1
1
1
1
1
1
1
1
1
1
1
1
1
1
1
1
1
1
1
1
1
1
1
1
1
1
1
1
1
1
1
1
1
1
1
1
1
1
1
1
1
1
1
1
1
1
1
1
1
1
1
1
1
1
1
1
1
1
1
1
1
1
1
1
1
1
1
1
1
1
1
1
1
1
1
1
1
1
1
1
1
1
1
1
1
1
1
1
1
1
1
1
1
1
1
1
1
1
1
1
1
1
1
1
1
1
1
1
1
1
1
1
1
1
1
1
1
1
1
1
1
1
1
1
1
1
1
1
1
1
1
1
1
1
1
1
1
1
1
1
1
1
1
1
1
1
1
1
1
1
1
1
1
1
1
1
1
1
1
1
1
1
1
1
1
1
1
1
1
1
1
1
1
1
1
1
1
1
1
1
1
1
1
1
1
1
1
1
1
1
1
1
1
1
1
1
1
1
1
1
1
1
1
1
1
1
1
1
1
1
1
1
1
1
1
1
1
1
1
1
1
1
1
1
1
1
1
1
1
1
1
1
1
1
1
1
1
1
1
1
1
1
1
1
1
1
1
1
1
1
1
1
1
1
1
1
1
1
1
1
1
1
1
1
1
1
1
1
1
1
1
1
1
1
1
1
1
1
1
1
1
1
1
1
1
1
1
