3430
51
3
9
18
8
14
8
27
14
10
7
8
59
2789
12
3
26
43
7
3
7
3
6
3
156
54
3
2343
16
4
1
41
2
8
1
9
1049
1
11
2
3
13
3
1
1
34
2
2
2
5
2
914
2
3
1
4
10
58
9
10
3
2850
13
6
34
3
5
39
12
3
9
243
2
3320
10
19
1
4
6
2
8
9
22
1
161
7
3
6
41
3
2
13
47
16
2
1164
9
4
24
101
477
3
33
1
4
1
3
40
4
3
32
26
1
3
3
5
21
15
63
3
14
154
33
10
8
5
1
1
2
30
5
1
1
12
4
4
1
2795
1031
9
6
5
2
3
11
4
8
5
2
2
3
4
25
25
3
5
26
3
7
92
21
2356
9
1
5
3
6
6
5
33
7
3001
4
186
31
2
6
1
22
13
19
18
4
5
28
6
7
7
2
2
41
2
12
1
24
2
3
3
11
14
5
4
6
83
2
2
2
15
3
2
1
6
22
3
6
15
35
2420
6
7
16
26
10
17
4
15
55
7
5
9
24
903
3
2
12
2
2
26
3
2
7
3
49
25
3
2345
9
9
6
15
2
20
2
1
4
6
20
2
9
2224
2
2
12
2360
8
2775
484
3
35
40
4
41
12
495
228
240
26
383
53
1
3
2
1161
2
8
5
149
18
2
6
2
5
5
10
13
3
2
1
321
1
2998
3
5
14
3
3000
10
276
61
5
10
2
18
77
4
3
5
7
48
6
29
3
1
48
21
1
3
21
30
5
13
100
2
123
8
19
11
3
4
2768
2
5
7
32
2
3
8
2488
2
7
3
543
17
11
7
7
352
3
31
3
1
9
35
5
3
2
9
3
13
51
16
3
3
2
11
8
27
60
35
2
1
2
2
20
7
50
12
46
9
16
5
2
24
91
4
22
3
1
23
28
2852
9
44
2
13
3
8
4
1
2
3
4
59
2
6
3
11
1029
309
3
91
2
1
24
9
1
2
10
8
67
3
18
3
228
4
4
50
1
4
3
59
131
2
9
5
33
28
2
15
29
22
17
1
1
14
4
1
3
59
7
4
37
72
8
2
58
79
16
564
4
11
176
13
3
121
3
1
5
2502
30
216
6
21
3
5
486
2
4
3
10
1
10
8
49
3
11
8
2
5
14
7
3
74
5
7
98
509
1054
50
3
2
4
2363
50
20
1
56
10
16
2
45
55
1290
8
216
6
19
11
100
4
25
22
2
8
66
28
52
4
9
6
8
3
3
1
5
7
31
144
4
3
2
28
3
5
2422
1
21
3
27
2424
86
2
4
24
8
4
1
48
433
1
23
11
9
32
3
2995
24
5
4
23
7
15
2772
4
5
180
4
34
6
3
13
10
3
1
21
2
147
15
18
1865
3
2
3
27
11
4
72
1
37
2
2
4
310
3
201
3
94
4
198
7
2
10
57
916
10
312
2
3
3
20
11
52
71
3
2
8
901
42
327
2720
2
10
886
27
1
2
5
3
3
22
4
20
5
1026
8
5
219
38
3
32
26
3
91
3
3
1
1
3
5
89
42
2
4
1
423
5
2
8
9
47
11
68
1022
36
5
12
17
40
6
12
136
2774
8
7
3003
2
29
74
152
65
5
5
421
2
210
2
17
3
37
27
3
3
5
50
8
3
66
3
129
2
1
23
151
182
5
7
10
18
26
35
8
28
38
141
15
5
3
8
1
3
2
8
7
147
11
5
7
365
97
4
4
2
5
86
3
2
23
7
36
100
8
3
20
2
14
96
1
2500
3
9
1146
2951
5
7
45
6
2
12
14
75
16
420
16
212
41
2
6
9
11
2
2
9
18
29
7
5
46
203
209
13
419
340
12
2
3
4
3
464
12
2
2407
11
44
27
126
101
1
5
15
10
10
3
170
12
3
33
91
413
3
44
3
5
3
90
13
492
21
1
3
2
6
9
41
2
90
3
3422
27
3
4
24
62
23
3
2
1053
5
5
32
37
47
1
1
12
1
1
2
1
7
4
4
8
33
4
223
56
7
21
13
36
3
149
11
5
1
53
4
230
3
3
44
3
8
1863
1
42
20
12
8
5
2
11
9
3319
4
1
11
1
30
1
53
2
1
15
17
3
4
3426
1
25
1
45
25
2
11
3
16
5
3
129
1
2
8
64
28
18
5
3
13
21
161
8
1
2
2
1
22
19
3
84
5
3
4
1
4
2992
15
4
3
1
12
42
92
25
5
1
2
6
1
9
105
17
16
33
1
32
6
4
2
3
4
27
3
1
116
5
3
1
3
9
8
2994
1861
151
2
6
12
21
29
29
5
5
2
48
6
13
76
16
1
208
13
7
8
3
3
3423
25
28
2321
5
1
5
5
9
2833
10
6
3
59
12
69
3
2
1
5
5
4
3
16
3
8
7
17
4
2
43
4
1
3
2
2
4
4
2
29
8
12
5
2
27
1
139
7
5
11
1
2831
3
3
75
4
2
4
11
3
25
5
3
3
37
140
3
5
217
64
9
5
1
3
29
13
20
1
1
3
5
899
2
16
4
178
3
52
6
23
5
3
2853
89
61
1
314
18
11
3
2
3
6
195
4
2
2
192
4
4
6
3
1
11
6
13
3
34
2
7
8
8
5
222
3
12
4
9
6
3
9
10
8
6
51
10
3
4
1028
188
2
3
10
2
3317
13
1247
21
12
2828
12
1
15
7
17
12
14
13
1
3
3
3
1
1
4
1121
143
6
10
21
12
1246
5
10
13
2
9
2
124
6
5
18
88
3
3
20
2
13
2
3
1
336
11
7
13
45
56
3
36
6
2
15
2
5
23
35
10
127
8
24
29
4
5
9
32
1
6
13
2
1
43
80
6
32
145
5
2
2
3
1
33
6
3
2
139
12
5
7
2
5
2
3
11
3
11
43
10
493
12
7
3
16
8
7
3
3
7
8
3
210
49
1
2
7
3
4
53
54
10
1
3
32
2
1
1241
17
2
2
3
48
3
7
8
2358
3
5
4
6
227
30
2
13
2
13
8
1
57
1
12
3
4
3
3
2
12
38
4
103
2
3
5
2
72
25
6
5
8
215
1
12
10
7
25
1
3
11
4
3
3
5
3
4
3
13
4
4
137
1
16
27
3
3
133
10
47
2
12
83
1
132
329
1
3
11
1
17
121
9
2365
6
2
63
10
25
3
3
3
37
501
2
1
27
6
3
240
3
3
1
42
3
4
1
3
14
205
3
8
3
93
6
2986
2
4
8
1
6
54
30
7
2
9
3
33
3
5
15
8
7
5
4
5
2
49
3
54
2
7
2
2
38
491
2
3
2
2
2
21
3
2
54
13
10
5
13
1
142
3
5
2
3
6
4
15
2
9
3
43
1
2
31
33
1162
5
427
24
12
24
37
4
86
5
2
2
3
3
2
94
1
1
6
7
11
21
2
212
316
13
9
14
1
15
4
5
25
17
159
26
3
22
3
9
4
18
21
2220
2
1
5
6
31
13
157
13
15
8
7
3
4
8
11
319
8
3
6
97
17
9
2988
1
12
6
4
30
13
31
462
29
3
37
12
27
3
8
1
33
28
46
2
115
70
2
4
4
9
66
3
11
3
81
2
3
2
1024
38
15
2
4
4
1
3
7
6
3
3
5
1
21
2
9
26
2218
10
393
3
3
24
10
7
10
3
5
570
31
1
123
31
2
2791
5
1
26
22
22
68
2
8
1
4
2
62
31
6
4
3
4
3
10
76
9
3
2
19
42
92
4
6
331
9
3
11
15
12
1
18
2
7
2
28
3
15
4
4
2
12
13
7
3
3
1
99
2
3
3
5
89
9
3
24
8
10
88
29
6
4
2409
129
28
6
20
6
4
7
3
4
13
3
5
12
1
5
2
5
2
234
19
6
3
3
44
11
3
93
1
1
17
387
4
2965
1
8
22
2
42
2912
1
12
2347
1
209
169
2
147
32
3
19
30
2
1
5
21
8
4
4
3
11
9
12
5
3
65
9
2
217
2
41
3
10
3
884
5
1
3
50
36
10
3
10
2
458
13
3
5
1
19
2
3241
8
5
418
44
3
13
9
3
4
1
16
6
92
2334
2
3
3
7
68
12
7
5
3
481
2
3
24
56
3
34
5
7
2484
3
8
24
13
24
14
338
20
57
4
2
55
3
1
5
7
2
23
3
11
1
4
2
1119
6
13
4
88
20
17
3
2
1
17
3
3
30
2
4
8
30
221
9
4
13
5
5
11
11
2
6
3
27
2
56
226
4
66
15
5
6
23
2
2910
1051
7
3
64
17
220
4
5
5
5
4
3
2
9
3
2
5
35
40
8
3
163
42
11
207
131
18
197
120
24
17
4
5
31
29
22
6
5
2
19
3
2
207
6
6
29
72
19
70
3
47
28
3
1
8
9
5
3
3
4
108
2
21
52
5
7
4
2
11
1
3
55
4
7
3
2
225
2
38
6
3
24
5
52
124
2
2
1032
9
1
1
7
2
1
1
1
73
5
2
15
172
4
8
7
1
6
39
1
1025
34
2487
46
14
16
14
41
3
1
3
4
56
3
3
63
27
7
2239
2
149
26
53
34
4
3
14
19
3
3
7
3
2
90
1
8
5
5
27
8
2
3
1
5
18
2834
11
5
10
16
7
3
3012
1
4
6
13
13
390
3
3
13
7
31
3
17
4
11
8
6
3
4
17
2
1
6
63
14
10
38
3
3243
2
6
3
2
5
5
3
2
8
2
3
4
6
7
15
242
134
10
11
562
3
3
10
1
3
4
6
58
7
2844
5
17
105
5
23
2
8
2
24
65
2
33
3
18
2
211
14
3
3
6
2
2
1
325
2
5
2
19
1
1
4
2
41
7
7
5
54
48
2
2
3
2
4
2
36
3
47
13
6
111
9
1148
1
10
16
2
3
2
1
1
3
36
1
1
2
1
1
1
1
1
1
1
1
1
1
1
1
1
1
1
1
1
1
1
1
1
1
1
1
1
1
1
1
1
1
1
1
1
1
1
1
1
1
1
1
1
1
1
1
1
1
1
1
1
1
1
1
1
1
1
1
1
1
1
1
1
1
1
1
1
1
1
1
1
1
1
1
1
1
1
1
1
1
1
1
1
1
1
1
1
1
1
1
1
1
1
1
1
1
1
1
1
1
1
1
1
1
1
1
1
1
1
1
1
1
1
1
1
1
1
1
1
1
1
1
1
1
1
1
1
1
1
1
1
1
1
1
1
1
1
1
1
1
1
1
1
1
1
1
1
1
1
1
1
1
1
1
1
1
1
1
1
1
1
1
1
1
1
1
1
1
1
1
1
1
1
1
1
1
1
1
1
1
1
1
1
1
1
1
1
1
1
1
1
1
1
1
1
1
1
1
1
1
1
1
1
1
1
1
1
1
1
1
1
1
1
1
1
1
1
1
1
1
1
1
1
1
1
1
1
1
1
1
1
1
1
1
1
1
1
1
1
1
1
1
1
1
1
1
1
1
1
1
1
1
1
1
1
1
1
1
1
1
1
1
1
1
1
1
1
1
1
1
1
1
1
1
1
1
1
1
1
3424
1
1
1
1
1
1
1
1
1
1
1
1
1
1
1
1
1
1
1
1
1
1
1
1
1
1
1
1
1
1
1
1
1
1
1
1
1
1
1
1
1
1
1
1
1
1
1
1
1
1
1
1
1
1
1
1
1
1
1
1
1
1
1
1
1
1
1
1
1
1
1
1
1
1
1
1
1
1
1
1
1
1
1
1
1
1
1
1
1
1
1
1
1
1
1
1
1
1
1
1
1
1
1
1
1
1
1
1
1
1
1
1
1
1
1
1
1
1
1
1
1
1
1
1
1
1
1
1
1
1
1
1
1
1
1
1
1
1
1
1
1
1
1
1
1
1
1
1
1
1
1
1
1
1
1
1
1
1
1
1
1
1
1
1
1
1
1
1
1
1
1
1
1
1
1
1
1
1
1
1
1
1
1
1
1
1
1
1
1
1
1
1
1
1
1
1
1
1
1
1
1
1
1
1
1
1
1
1
1
1
1
1
1
1
1
1
1
1
1
1
1
1
1
1
1
1
1
1
1
1
1
1
1
1
1
1
1
1
1
1
1
1
1
1
1
1
1
1
1
1
1
1
1
1
1
1
1
1
1
1
1
1
1
1
1
1
1
1
1
1
1
1
1
1
1
1
1
1
1
1
1
1
1
1
1
1
1
1
1
1
1
1
1
1
1
1
1
1
1
1
1
1
1
1
1
1
1
1
1
1
1
1
1
1
1
1
1
1
1
1
1
1
1
1
1
1
1
1
1
1
1
1
1
1
1
1
1
1
1
1
1
1
1
1
1
1
1
1
1
1
1
1
1
1
1
1
1
1
1
1
1
1
1
1
1
1
1
1
1
1
1
1
1
1
1
1
1
1
1
1
1
1
1
1
1
1
1
1
1
1
1
1
1
1
1
1
1
1
1
1
1
1
1
1
1
1
1
1
1
1
1
1
1
1
1
1
1
1
1
1
1
1
1
1
1
1
1
1
1
1
1
1
1
1
1
1
1
1
1
1
1
1
1
1
1
1
1
1
1
1
1
1
1
1
1
1
1
1
1
1
1
1
1
1
1
1
1
1
1
1
1
1
1
1
1
1
1
1
1
1
1
1
1
1
1
1
1
1
1
1
1
1
1
1
1
1
1
1
1
1
1
1
1
1
1
1
1
1
1
1
1
1
1
1
1
1
1
1
1
1
1
1
1
1
1
1
1
1
1
1
1
1
1
1
1
1
1
1
1
1
1
1
1
1
1
1
1
1
1
1
1
1
1
1
1
1
1
1
1
1
1
1
1
1
1
1
1
1
1
1
1
1
1
1
1
1
1
1
1
1
1
1
1
1
1
1
1
1
1
1
1
1
1
1
1
1
1
1
1
1
1
1
1
1
1
1
1
1
1
1
1
1
1
1
1
1
1
1
1
1
1
1
1
1
1
1
1
1
1
1
1
1
1
1
1
1
1
1
1
1
1
1
1
1
1
1
1
1
1
1
1
1
1
1
1
1
1
1
1
1
1
1
1
1
1
1
1
1
1
1
1
1
1
1
1
1
1
1
1
1
1
1
1
1
1
1
1
1
1
1
1
1
1
1
1
1
1
1
1
1
1
1
1
1
1
1
1
1
1
1
1
1
1
1
1
1
1
1
1
1
1
1
1
1
1
1
1
1
1
1
1
1
1
1
1
1
1
1
1
1
1
1
1
1
1
1
1
1
1
1
1
1
1
1
1
1
1
1
1
1
1
1
1
1
1
1
1
1
1
1
1
1
1
1
1
1
1
1
1
1
1
1
1
1
1
1
1
1
1
1
1
1
1
1
1
1
1
1
1
1
1
1
1
1
1
1
1
1
1
1
1
1
1
1
1
1
1
1
1
1
1
1
1
1
1
1
1
1
1
1
1
1
1
1
1
1
1
1
1
1
1
1
1
1
1
1
1
1
1
1
1
1
1
1
1
1
1
1
1
1
1
1
1
1
1
1
1
1
1
1
1
1
1
1
1
1
1
1
1
1
1
1
1
1
1
1
1
1
1
1
1
1
1
1
1
1
1
1
1
1
1
1
1
1
1
1
1
1
1
1
1
1
1
1
1
1
1
1
1
1
1
1
1
1
1
1
1
1
1
1
1
1
1
1
1
1
1
1
1
1
1
1
1
1
1
1
1
1
1
1
1
1
1
1
1
1
1
1
1
1
1
1
1
1
1
1
1
1
1
1
1
1
1
1
1
1
1
1
1
1
1
1
1
1
1
1
1
1
1
1
1
1
1
1
1
1
1
1
1
1
1
1
1
1
1
1
1
1
