5120
5
1184
30
10
22
55
2
9
5
1
191
2
3
18
37
5
182
372
29
3
3
4
9
3
64
3
1
14
115
1
73
5
2163
388
1
2
87
8
3
7
16
4
28
22
14
511
41
9
14
1
2
2
1557
5
43
3
19
3
1092
3
3
3
167
3
3
12
6
133
2
6
4
5
5
11
4
9
4
64
5
397
5
2
7
36
12
5
39
2164
3
32
2
8
12
85
513
47
16
2
10
5100
1
3
8
7
4
1
135
2
3
30
4
177
18
522
14
75
29
28
3
81
1
99
2
6
52
2769
1
9
1
3
4
2
1177
9
58
4
6
901
1
52
2
518
15
115
7
21
1178
80
24
556
89
3
11
41
12
15
9
2
3
3
11
1
1
15
36
2
75
8
8
2
3
12
26
53
35
147
3
106
3
9
21
25
6
2789
2
119
9
7
3
1
4
3
4
23
2
22
1
74
3
1
2
2
72
294
12
3
4
37
4
5
333
15
25
1
5
6
2
2256
3
352
1126
12
44
8
424
5
3
4
42
7
7
427
15
2
5
2
14
752
5
766
2
5
6
56
3
192
106
3
10
23
19
11
8
545
3
20
8
31
3
4
7
1
3
729
511
5
4
3
3
3
273
9
93
4
14
9
6
5
1
7
17
3
20
2
10
5
17
38
4
6
1066
7
2
443
3
102
10
3
3
8
13
4
27
3
16
2
3
31
3
3
6
329
25
2
2
52
38
40
7
361
5
3
8
44
46
5071
53
105
1
10
3
2
4
2
5
10
3
12
3
2
3
20
324
5
5
66
2
9
13
1
76
4
4
6
1576
1140
6
11
7
4
23
3
746
14
5
5
3
25
6
9
1094
11
2
7
3
3
4618
2
3
6
3
16
1
10
6
1
6
6
1
7
4
34
11
12
3
2
337
7
318
18
2206
55
26
2
7
4
3
62
38
3
461
2
8
2
3
106
4
136
3
161
21
3
16
6
141
2
8
11
2
3
3
2
1112
4
3
2
1
41
2606
3
131
138
7
3
74
5
66
2
5
35
16
7
2
5
2
2
3
3
21
1536
2
34
9
8
5
2
60
27
17
1128
2750
1
3
4
59
59
10
41
1
4
39
6
91
2630
4
2
5
20
76
3
22
3
7
2
83
7
1
874
20
27
13
3
1
1
3
9
12
35
2611
5
4
3025
34
191
10
13
6
132
189
1
14
441
5
24
36
4
4
2
121
3
1
5
57
5
3
2
84
332
1
553
6
8
2
2
5
22
12
12
3
3
6
7
193
3
8
27
3
2
7
30
53
1
4
8
855
1
13
3
1
1
1
99
4
1
10
15
2
286
6
527
26
10
55
2752
7
5
11
2600
8
48
2
7
3
5
362
25
288
4
3
2
419
12
42
10
69
8
5
9
551
2
8
11
7
1
4
3
9
1
2
4
8
3
55
3
7
3
2
179
13
6
3
1
7
3
9
4
13
4
3
5
23
11
2
1
247
1
3
10
19
38
1
3
772
3
7
2
2201
4
131
2
549
15
8
19
6
82
161
4
3
10
60
4
2
3
10
10
3
82
3
53
42
5
3
3
11
43
754
7
18
4
3
12
6
6
374
316
60
36
2
125
14
3
49
2
9
1583
3
2
3
3
84
3
5
2
31
13
902
54
9
2
15
7
196
3
5
4
9
5
2
7
4
4
2
210
9
15
11
376
2
2
3
899
338
8
73
28
3
35
9
19
5
3
2
14
20
6
2
3
1
27
12
196
3
7
28
47
11
4
4
2
5
6
6
18
5
2157
5
95
2
26
4
217
884
350
149
3
3
3
45
2
3
3
7
6
5
15
5
42
3
9
35
16
6
387
3
2577
54
5
470
4
8
18
3
4
1577
2
44
3
25
11
7
1
23
3
28
879
96
4605
67
34
4
13
7
7
70
32
3
6
3
3
51
2
7
5
3
173
13
10
14
2
9
11
9
4
141
12
2
22
2
3
2
2
1
26
3
7
3
11
23
2
7
6
67
2
14
55
2
347
6
76
4
3
3
8
11
2
5
7
13
47
43
3
1
5
5
258
4
4
1520
17
5
3
13
1
34
108
2
3
112
7
1
11
209
10
164
117
399
3
3
13
13
3
10
1
3
27
48
1134
24
31
2
18
2
3
4
1
227
4
365
3
7
2601
50
2253
83
1
2
2
8
1
3
3
11
26
4577
4
3
3
83
3
3
5
118
1
2
7
3
51
3
134
22
7
3
2
10
881
33
2
247
75
3
1
27
1
4
10
6
4
7
3
2
2
12
75
3
30
4
29
3
3
101
13
1
4634
6
3
25
6
14
24
39
3
215
30
47
25
9
3
6
1
12
7
120
1
19
3
10
1
6
24
4
12
5
222
3
2
2
1
5
5
10
2
58
346
6
5
5
3
29
3
2
5
51
10
128
3
3
146
29
7
3
110
6
9
53
1138
1561
9
4
7
9
2
2
48
35
39
15
1082
6
5
5
2
13
5
143
2159
3
1
22
102
1
515
3
460
3
6
847
2
23
13
7
3
2
10
18
2
104
7
2
2
5
3
2
4
2
6
1
3
2
22
43
50
4
11
23
559
1
3
3
6
53
11
12
25
2
6
7
12
5
2
99
23
3
2
2755
2
22
11
2
8
35
4
36
22
14
9
36
758
2
3
7
868
2
99
8
33
52
37
9
5
36
1
57
4628
51
3
31
4
25
4
18
2
2652
1
20
8
40
332
10
863
2
5
44
3
201
7
26
123
1559
434
203
3
2
1519
1
1398
2
41
46
4
7
5
2
35
1
8
11
5
4
1
47
1
3
8
776
2
4
19
119
9
2
45
3
2
1
60
1
33
193
15
21
2
9
25
3
4
3
5
3
75
3
164
4
1
33
9
13
184
4
2
7
13
2
6
3
3
11
1
5
11
4
7
8
3
3
2575
10
135
2
13
5
8
7
50
3
4
5
1
126
12
1568
3
392
5
3
3
14
2
13
2
3
9
5
228
28
8
14
13
6
1
25
4
7
3
16
2
4
137
28
5
24
5
3
3
2
1
17
5
61
11
2
7
1
3
4
6
161
3
2
523
5
25
46
3
3
5
2
2208
5
25
2
356
3
1
77
21
12
8
9
2597
21
1
12
1
3
8
11
7
3
3
10
4
1
357
3
3
7
143
2255
4
112
2574
20
41
3
2
26
15
8
16
10
16
3
2
9
3
2790
2
252
2
13
15
3
4
5104
7
1
123
27
1064
386
3
14
2
757
234
16
3
6
58
279
7
60
8
31
3
7
5
109
3
14
3
31
34
6
6
3
2
1
132
76
56
7
184
4
2
1537
6
10
5
30
2626
7
11
3
13
8
3
3
6
3
23
5
49
16
3
10
6
4
4
3
3
5
29
34
4
2
459
5
7
3
1
387
2
79
2
9
15
3
2
1
12
307
108
3
17
1
15
28
1
2
39
7
10
5
403
1
7
2
1
8
179
51
5
3
4
11
2
2
1
3
5
71
7
18
1
17
2
1
3
14
3
4
6
4
34
130
27
2
5
5
10
6
2762
35
3
19
1
13
5
224
10
391
7
2
27
10
59
5
4
78
4
2
3
6
1
6
27
14
370
3
18
21
250
9
9
8
46
56
1095
3
4
53
165
1
1068
48
13
130
6
3
16
23
4
76
1
3
26
2
211
5
16
6
74
17
1
6
1
16
3
18
23
3
21
19
1
4
4
3
9
5
58
3
23
11
10
2628
98
3
3
1102
27
22
6
21
1
62
213
7
6
1
3
5
163
45
68
2
3
6
11
2
24
4
3
9
42
7
10
39
27
11
3
4
3
2
4
8
9
904
185
3
8
3
32
3
14
22
1
80
6
18
3
14
1
5
31
9
27
3
40
5
5
44
59
17
2
7
34
2
121
4
2
1
1
13
22
2
18
3
86
50
2
2
16
30
3
12
7
7
4
2
8
2
13
48
43
33
277
2
21
33
47
3
1130
270
63
3
12
3
22
2
73
57
12
12
7
9
2
14
1
9
64
28
201
3
2
6
103
4
12
9
193
6
124
2
54
114
6
187
33
140
40
11
11
32
2170
2631
70
363
1564
5
3
10
4
2132
2
29
3
20
4
5
2
2
85
11
8
10
17
15
11
268
12
14
8
6
81
37
9
88
4
5
5
7
10
2
38
41
6
2142
3
9
16
47
7
1136
5
5
3
21
4
89
1
3
1
2746
56
9
2
877
5
2
45
37
4
1
6
3
5
6
5
343
3
16
5
3
3
1
60
133
139
197
6
3
2
14
15
3
3
3
363
17
2
28
6
2788
27
5
1
3
1
3
57
16
4
24
73
6
3
5
7
8
45
5
5
49
3
26
4
2
104
4
2
8
8
26
13
517
12
1
5
29
63
2609
6
78
9
52
525
2
5
419
2
17
12
16
3
8
5
2
83
1
4
2728
8
3
10
2
29
2
6
1088
45
1
2
59
72
32
16
2153
13
8
2
33
1
2
7
7
3
3
46
2
5
77
11
12
36
5
19
5
2
88
10
2
5
6
47
14
69
3
35
8
443
3
52
14
17
43
81
4
83
4
54
720
1122
321
26
2
7
12
4
1
46
33
7
3
14
40
10
41
2
33
1
2
7
8
12
5
1
1
2
3
4597
4
1084
74
4
2
5
2
2
5
2
122
3
2
3
108
9
313
8
1
3
17
5
5
3
3
8
48
66
1
2
6
22
5
83
5
3
4
413
12
152
3
14
1
32
1116
65
8
8
3
3
87
20
12
2
180
25
2
2
328
5
6
23
21
6
159
12
2
2738
2
1097
3
4
8
3
2
1
2
2
7
4
14
5
3
7
5
10
3
1
78
1
5
47
1
55
5
133
21
1
6
97
3
35
9
6
14
38
19
18
10
3
14
721
1
14
851
2
2
2
3
17
10
2
15
5077
2
3
3
7
30
5073
15
117
3
21
29
3
445
13
121
61
46
2
3
12
2
5
61
9
3
1
303
41
435
3
22
14
442
3
2607
7
11
2
40
21
520
5
4
54
3
543
2
20
13
7
21
11
1
16
3
1
3
5
1
2
10
113
2
19
7
2
3
3
311
2
3
3
2
18
9
2
1
22
3
5
8
40
9
6
3
55
72
5
6
71
1562
2
221
5
2791
168
1534
1
6
81
12
1
130
4595
7
6
2
41
19
417
3
1
4
35
1987
4
155
3
4
2
3
118
2
87
11
10
1
6
4604
7
28
4
2
9
68
865
22
781
34
139
3
27
3
284
5
157
2
5
3
367
11
24
8
2
31
1
3
182
5117
1
3
3
5106
1
2
72
2
57
3
3
1
2
2
5
29
5
5
8
314
1
5
5
4587
32
9
1
49
31
2
7
14
11
39
9
7
64
1
8
2
367
2
1
423
2573
1
88
1
10
90
882
2
3
9
4
6
11
19
85
9
3
1
1
6
2
61
3
6
4
6
2
1
14
1
1
76
39
1
49
1132
14
27
19
205
132
9
1
2
14
3
2
8
6
5
3
8
48
5
21
2
11
20
2
9
190
340
4
8
5
6
3
7
1
18
132
65
5
38
5
6
15
3
26
30
28
9
8
6
1
2
3
1999
6
16
7
3
55
6
5
2
2
1061
3
9
5
4
3
8
11
32
516
3
3
148
2
4
23
3
7
3
37
2
4
7
296
1
199
12
34
10
5
1
3
80
6
166
5
37
8
56
3
68
434
4
2
25
3
3
2
3
4
2
6
3
1
362
5
3
7
6
16
4
8
3
2
5
34
2
1
21
2
2
521
1579
1
309
28
4
3
3
4
3
3
5109
1
5
5
20
2
3
3
1
3
348
13
26
15
21
272
1
23
19
3
5
6
4
2
7
111
11
11
10
323
5
426
19
3
2
6
13
7
2
30
352
23
2
1182
14
3
2504
29
3
2
195
192
378
43
2
1189
5
3
6
3
3
36
432
2
5
2
29
9
2
110
2758
6
6
2
2
1
7
9
1
17
4563
69
26
2
9
3
3
3
5
24
4
7
1
9
7
49
3
3
11
4
9
14
5
7
4
7
2744
2
223
3
5
113
5
1
50
2
17
3
9
4
4
27
6
5
2
1541
48
11
3
16
3
9
45
11
2
15
5
1
12
187
2
255
4
3
3
6
65
2
755
3
7
7
4
2
2
2
24
5
56
3
3
79
853
2
9
8
1
13
24
14
906
41
14
134
3
5
3
38
5
3
36
321
17
3
14
20
1
11
446
70
7
23
9
15
16
7
77
7
2
364
126
4
6
124
5
42
7
515
208
4
195
6
3
1
2
2
1
2
11
335
15
89
5
3
1
4
6
1581
10
8
12
227
3
3
4
4
1059
5
2736
31
3
2
2
1
232
2
2
3
7
6
10
122
2
17
8
16
110
12
317
408
20
3
2754
8
9
30
38
15
519
86
238
17
11
3
53
2205
3
3
4565
19
14
175
7
26
25
3
61
12
410
2
3
15
8
3
1
8
316
5
143
10
2
12
5
2
52
8
4
13
2
6
18
7
3
4
4
13
2
354
9
4
1
1
9
5
1118
3
9
19
50
449
1
5
155
4
344
8
3
445
3
25
157
3
14
2
4
52
13
23
447
7
5
17
2
9
1
19
8
3
2
108
14
6
5
4
2
3
402
4
3
17
3
2
45
2
3
2
1522
1463
5
2
40
3
13
8
50
513
135
3
6
7
2
6
2
169
6
3
3
5
46
13
2
1
5
3
145
68
1
1
29
6
19
3
10
5
72
18
3
2708
5
3
30
29
3
4
1
50
7
51
21
24
23
6
7
5
3
9
119
2
3
11
6
58
2
8
13
137
2
3
10
5
3
18
315
3
2
2
2
8
5
4
2
5
3
3
1
2
3
16
2727
4
14
5
2148
2
76
401
3
5069
41
6
3
2
2
3
5
5
9
2
23
8
2
4
3
34
2
10
2
5
23
9
4
3
23
19
2
3
24
195
7
111
37
87
8
21
4
128
44
4
3
6
3
3
5
20
2
10
6
3
59
22
2
361
18
8
2
1090
33
13
5
6
5
2
233
9
6
1
3
7
2
3
3
4
416
20
12
15
1
2
15
10
6
4
2
4575
16
6
29
10
4
281
6
54
7
4
5
35
45
3
9
8
24
750
6
12
48
70
337
18
1
2
136
2
9
4
20
7
27
4
365
1
5
13
2
1
2
1
1
11
16
3
33
3
6
7
29
3
3
2
3
1
60
1
1
1
1
1
1
1
1
1
1
1
1
1
1
1
1
1
1
1
1
1
1
1
1
1
1
1
1
1
1
1
1
1
1
1
1
1
1
1
1
1
1
1
1
1
1
1
1
1
1
1
1
1
1
1
1
1
1
1
1
1
1
1
1
1
1
1
1
1
1
1
1
1
1
1
1
1
1
1
1
1
1
1
1
1
1
1
1
1
1
1
1
1
1
1
1
1
1
1
1
1
1
1
1
1
1
1
1
1
1
1
1
1
1
1
1
1
1
1
1
1
1
1
1
1
1
1
1
1
1
1
1
1
1
1
1
1
1
1
1
1
1
1
1
1
1
1
1
1
1
1
1
1
1
1
1
1
1
1
1
1
1
1
1
1
1
1
1
1
1
1
1
1
1
1
1
1
1
1
1
1
1
1
1
1
1
1
1
1
1
1
1
1
1
1
1
1
1
1
1
1
1
1
1
1
1
1
1
1
1
1
1
1
1
1
1
1
1
1
1
1
1
1
1
1
1
1
1
1
1
1
1
1
1
1
1
1
1
1
1
1
1
1
1
1
1
1
1
1
1
1
1
1
1
1
1
1
1
1
1
1
1
1
1
1
1
1
1
1
1
1
1
1
1
1
1
1
1
1
1
1
1
1
1
1
1
1
1
1
1
1
1
1
1
1
1
1
1
1
1
1
1
1
1
1
1
1
1
1
1
1
1
1
1
1
1
1
1
1
1
1
1
1
1
1
1
1
1
1
1
1
1
1
1
1
1
1
1
1
1
1
1
1
1
1
1
1
5107
1
1
1
1
1
1
1
1
1
1
1
1
1
1
1
1
1
1
1
1
1
1
1
1
1
1
1
1
1
1
1
1
1
1
1
1
1
1
1
1
1
1
1
1
1
1
1
1
1
1
1
1
1
1
1
1
1
1
1
1
1
1
1
1
1
1
1
1
1
1
1
1
1
1
1
1
1
1
1
1
1
1
1
1
1
1
1
1
1
1
1
1
1
1
1
1
1
1
1
1
1
1
1
1
1
1
1
1
1
1
1
1
1
1
1
1
1
1
1
1
1
1
1
1
1
1
1
1
1
1
1
1
1
1
1
1
1
1
1
1
1
1
1
1
1
1
1
1
1
1
1
1
1
1
1
1
1
1
1
1
1
1
1
1
1
1
1
1
1
1
1
1
1
1
1
1
1
1
1
1
1
1
1
1
1
1
1
1
1
1
1
1
1
1
1
1
1
1
1
1
1
1
1
1
1
1
1
1
1
1
1
1
1
1
1
1
1
1
1
1
1
1
1
1
1
1
1
1
1
1
1
1
1
1
1
1
1
1
1
1
1
1
1
1
1
1
1
1
1
1
1
1
1
1
1
1
1
1
1
1
1
1
1
1
1
1
1
1
1
1
1
1
1
1
1
1
1
1
1
1
1
1
1
1
1
1
1
1
1
1
1
1
1
1
1
1
1
1
1
1
1
1
1
1
1
1
1
1
1
1
1
1
1
1
1
1
1
1
1
1
1
1
1
1
1
1
1
1
1
1
1
1
1
1
1
1
1
1
1
1
1
1
1
1
1
1
1
1
1
1
1
1
1
1
1
1
1
1
1
1
1
1
1
1
1
1
1
1
1
1
1
1
1
1
1
1
1
1
1
1
1
1
1
1
1
1
1
1
1
1
1
1
1
1
1
1
1
1
1
1
1
1
1
1
1
1
1
1
1
1
1
1
1
1
1
1
1
1
1
1
1
1
1
1
1
1
1
1
1
1
1
1
1
1
1
1
1
1
1
1
1
1
1
1
1
1
1
1
1
1
1
1
1
1
1
1
1
1
1
1
1
1
1
1
1
1
1
1
1
1
1
1
1
1
1
1
1
1
1
1
1
1
1
1
1
1
1
1
1
1
1
1
1
1
1
1
1
1
1
1
1
1
1
1
1
1
1
1
1
1
1
1
1
1
1
1
1
1
1
1
1
1
1
1
1
1
1
1
1
1
1
1
1
1
1
1
1
1
1
1
1
1
1
1
1
1
1
1
1
1
1
1
1
1
1
1
1
1
1
1
1
1
1
1
1
1
1
1
1
1
1
1
1
1
1
1
1
1
1
1
1
1
1
1
1
1
1
1
1
1
1
1
1
1
1
1
1
1
1
1
1
1
1
1
1
1
1
1
1
1
1
1
1
1
1
1
1
1
1
1
1
1
1
1
1
1
1
1
1
1
1
1
1
1
1
1
1
1
1
1
1
1
1
1
1
1
1
1
1
1
1
1
1
1
1
1
1
1
1
1
1
1
1
1
1
1
1
1
1
1
1
1
1
1
1
1
1
1
1
1
1
1
1
1
1
1
1
1
1
1
1
1
1
1
1
1
1
1
1
1
1
1
1
1
1
1
1
1
1
1
1
1
1
1
1
1
1
1
1
1
1
1
1
1
1
1
1
1
1
1
1
1
1
1
1
1
1
1
1
1
1
1
1
1
1
1
1
1
1
1
1
1
1
1
1
1
1
1
1
1
1
1
1
1
1
1
1
1
1
1
1
1
1
1
1
1
1
1
1
1
1
1
1
1
1
1
1
1
1
1
1
1
1
1
1
1
1
1
1
1
1
1
1
1
1
1
1
1
1
1
1
1
1
1
1
1
1
1
1
1
1
1
1
1
1
1
1
1
1
1
1
1
1
1
1
1
1
1
1
1
1
1
1
1
1
1
1
1
1
1
1
1
1
1
1
1
1
1
1
1
1
1
1
1
1
1
1
1
1
1
1
1
1
1
1
1
1
1
1
1
1
1
1
1
1
1
1
1
1
1
1
1
1
1
1
1
1
1
1
1
1
1
1
1
1
1
1
1
1
1
1
1
1
1
1
1
1
1
1
1
1
1
1
1
1
1
1
1
1
1
1
1
1
1
1
1
1
1
1
1
1
1
1
1
1
1
1
1
1
1
1
1
1
1
1
1
1
1
1
1
1
1
1
1
1
1
1
1
1
1
1
1
1
1
1
1
1
1
1
1
1
1
1
1
1
1
1
1
1
1
1
1
1
1
1
1
1
1
1
1
1
1
1
1
1
1
1
1
1
1
1
1
1
1
1
1
1
1
1
1
1
1
1
1
1
1
1
1
1
1
1
1
1
1
1
1
1
1
1
1
1
1
1
1
1
1
1
1
1
1
1
1
1
1
1
1
1
1
1
1
1
1
1
1
1
1
1
1
1
1
1
1
1
1
1
1
1
1
1
1
1
1
1
1
1
1
1
1
1
1
1
1
1
1
1
1
1
1
1
1
1
1
1
1
1
1
1
1
1
1
1
1
1
1
1
1
1
1
1
1
1
1
1
1
1
1
1
1
1
1
1
1
1
1
1
1
1
1
1
1
1
1
1
1
1
1
1
1
1
1
1
1
1
1
1
1
1
1
1
1
1
1
1
1
1
1
1
1
1
1
1
1
1
1
1
1
1
1
1
1
1
1
1
1
1
1
1
1
1
1
1
1
1
1
1
1
1
1
1
1
1
1
1
1
1
1
1
1
1
1
1
1
1
1
1
1
1
1
1
1
1
1
1
1
1
1
1
1
1
1
1
1
1
1
1
1
1
1
1
1
1
1
1
1
1
1
1
1
1
1
1
1
1
1
1
1
1
1
1
1
1
1
1
1
1
1
1
1
1
1
1
1
1
1
1
1
1
1
1
1
1
1
1
1
1
1
1
1
1
1
1
1
1
1
1
1
1
1
1
1
1
1
1
1
1
1
1
1
1
1
1
1
1
1
1
1
1
1
1
1
1
1
1
1
1
1
1
1
1
1
1
1
1
1
1
1
1
1
1
1
1
1
1
1
1
1
1
1
1
1
1
1
1
1
1
1
1
1
1
1
1
1
1
1
1
1
1
1
1
1
1
1
1
1
1
1
1
1
1
1
1
1
1
1
1
1
1
1
1
1
1
1
1
1
1
1
1
1
1
1
1
1
1
1
1
1
1
1
1
1
1
1
1
1
1
1
1
1
1
1
1
1
1
1
1
1
1
1
1
1
1
1
1
1
1
1
1
1
1
1
1
1
1
1
1
1
1
1
1
1
1
1
1
1
1
1
1
1
1
1
1
1
1
1
1
1
1
1
1
1
1
1
1
1
1
1
1
1
1
1
1
1
1
1
1
1
1
1
1
1
1
1
1
1
1
1
1
1
1
1
1
1
1
1
1
1
1
1
1
1
1
1
1
1
1
1
1
1
1
1
1
1
1
1
1
1
1
1
1
1
1
1
1
1
1
1
1
1
1
1
1
1
1
1
1
1
1
1
1
1
1
1
1
1
1
1
1
1
1
1
1
1
1
1
1
1
1
1
1
1
1
1
1
1
1
1
1
1
1
1
1
1
1
1
1
1
1
1
1
1
1
1
1
1
1
1
1
1
1
1
1
1
1
1
1
1
1
1
1
1
1
1
1
1
1
1
1
1
1
1
1
1
