-38327
-39542
-38589
-38878
-39584
-39537
-37629
-36221
-36368
-36860
-38148
-37557
-38763
-39333
-37666
-36438
-37791
-38439
-37033
-36973
-36918
-37647
-37857
-36536
-36225
-34435
-34496
-34515
-33445
-32405
-33798
-34474
-34551
-34523
-34136
-34196
-35249
-35695
-34532
-36479
-36274
-36420
-36164
-37635
-36376
-36637
-37265
-36484
-37042
-35875
-36214
-36406
-37785
-38097
-37824
-38620
-38673
-39679
-39027
-39354
-38221
-39156
-39076
-38435
-39484
-38486
-39632
-36988
-37451
-38159
-36507
-36126
-34413
-34180
-35139
-33902
-35464
-35182
-36228
-36102
-33946
-35630
-34956
-33604
-34342
-34210
-33878
-32148
-33665
-32449
-31558
-31717
-31976
-31590
-31876
-30945
-29040
-29422
-28147
-28674
-28749
-28006
-28721
-29733
-29048
-29538
-29846
-29293
-30682
-29050
-28775
-30379
-29607
-29311
-28901
-29679
-30349
-29570
-28809
-30047
-28447
-27823
-27652
-28116
-28143
-28609
-27355
-29333
-29859
-29517
-29440
-29290
-29668
-27125
-26520
-27282
-27745
-29293
-30107
-29221
-28482
-28789
-31356
-29795
-30222
-31041
-29314
-29762
-29027
-28891
-30060
-28566
-28809
-28902
-28621
-29495
-28715
-29580
-28543
-29814
-29030
-30035
-31272
-31792
-31243
-33152
-32823
-31042
-32054
-32306
-30376
-32033
-32360
-31600
-31776
-31829
-32220
-29972
-30860
-29094
-31146
-30359
-28029
-28101
-27850
-28385
-29651
-28533
-29296
-29934
-29231
-27408
-29821
-30014
-28726
-29658
-28558
-28424
-27666
-29752
-27683
-27756
-30593
-29509
-28994
-29083
-29754
-30125
-29862
-31125
-31007
-30474
-30213
-31275
-30787
-31439
-31202
-29062
-28936
-31710
-31564
-31847
-31645
-31944
-35173
-34062
-35186
-33931
-34386
-33792
-32740
-33257
-34274
-33333
-32848
-31924
-32450
-31051
-31163
-32279
-33806
-32889
-31387
-31057
-30702
-31319
-29998
-30284
-31223
-31237
-32569
-32037
-31642
-32737
-31980
-31285
-31530
-31334
-32508
-31325
-33640
-32701
-32960
-33567
-34078
-33270
-32524
-32197
-31984
-30883
-30732
-30462
-30865
-31214
-33487
-33437
-33257
-32155
-33181
-34340
-33384
-32771
-32484
-33187
-32438
-34957
-32745
-32080
-33301
-32246
-33134
-32629
-32315
-31596
-30804
-32750
-31214
-30405
-29740
-29231
-27646
-26207
-27147
-27687
-26230
-27000
-25505
-24826
-23226
-23362
-24429
-24645
-23735
-23893
-22092
-23374
-23523
-24491
-24542
-21939
-21872
-22439
-23390
-23013
-22993
-23074
-21561
-23142
-21863
-22347
-22200
-21832
-22087
-22806
-23030
-23366
-21093
-21687
-22440
-22760
-22852
-21911
-22062
-21458
-19960
-19801
-19314
-20250
-21350
-20372
-20410
-20852
-19630
-19945
-21288
-20331
-19760
-18424
-18915
-18902
-18904
-18966
-19262
-18670
-18707
-17854
-18153
-17848
-16156
-18399
-16756
-17470
-18272
-18111
-18856
-18178
-17618
-17788
-18439
-18689
-19216
-19212
-18333
-17670
-17564
-16360
-15922
-16426
-15749
-14762
-16589
-15593
-15332
-15995
-15671
-16616
-16616
-18175
-17995
-16916
-16304
-18227
-17881
-18111
-16772
-18252
-19627
-18374
-18560
-19316
-18250
-19443
-18893
-19054
-20413
-20227
-19798
-18238
-17540
-18724
-18410
-18014
-17376
-18929
-20061
-19923
-20170
-21071
-21677
-20850
-19590
-19778
-21388
-21355
-20977
-20525
-19620
-20660
-21328
-21600
-18441
-17935
-19490
-19946
-19009
-18129
-18879
-18980
-19377
-19083
-19608
-19512
-18958
-18135
-18646
-17105
-16756
-15917
-15261
-16673
-15687
-15929
-16007
-16144
-17236
-16477
-18003
-18303
-17381
-19347
-16672
-18057
-18535
-16918
-16814
-15893
-16721
-17574
-18752
-18026
-18085
-17345
-18973
-18226
-17551
-19294
-20464
-19696
-19766
-20348
-20248
-22255
-21558
-20406
-20336
-21260
-21930
-22541
-22638
-22301
-22048
-20350
-22030
-21173
-20954
-20794
-19796
-19568
-19778
-18880
-18740
-18012
-20237
-19351
-17858
-16108
-17671
-17361
-18412
-18695
-17243
-18309
-19811
-20118
-19056
-17609
-18862
-18023
-16077
-16506
-16371
-17781
-16888
-17438
-19126
-18276
-18249
-18876
-17094
-17778
-17883
-19099
-18541
-18544
-17843
-16220
-16541
-16093
-16892
-18198
-17349
-18677
-20448
-20082
-20719
-17567
-18653
-18299
-17050
-18637
-16745
-16804
-18723
-17911
-18129
-18341
-20072
-18694
-20908
-19250
-20951
-22093
-20421
-21479
-19525
-20249
-20169
-20231
-20420
-19322
-18985
-20099
-19880
-20130
-21055
-22739
-20917
-22749
-19978
-22575
-23060
-22804
-21759
-21832
-21796
-21664
-21441
-22953
-23332
-22888
-23451
-23500
-24715
-23865
-24612
-25241
-25392
-25657
-23064
-23168
-23508
-23361
-24803
-23093
-22205
-21275
-22077
-22764
-23517
-23264
-22606
-23363
-23429
-22436
-21653
-21719
-22029
-22251
-20905
-19626
-19553
-21378
-19655
-19250
-20252
-20339
-21515
-21414
-21490
-20051
-19121
-20484
-19369
-20263
-19637
-19982
-19103
-20166
-22040
-22121
-21265
-22280
-22386
-22389
-23711
-22682
-22725
-22812
-21299
-21318
-22284
-21465
-22159
-18846
-19445
-19350
-18948
-20107
-20959
-19737
-19135
-20248
-18903
-19581
-18911
-18957
-19331
-19814
-18118
-17566
-18336
-18094
-18396
-17859
-17074
-17255
-17883
-17387
-18433
-16796
-17167
-16959
-16596
-16888
-15656
-12657
-12809
-13688
-13724
-15128
-14831
-14134
-14383
-14015
-13387
-13023
-12924
-12350
-12085
-12995
-10476
-11235
-10908
-12785
-12267
-12470
-10673
-9645
-10477
-10150
-10565
-10037
-9011
-7856
-7469
-7572
-6772
-4593
-4658
-5335
-4999
-3370
-4608
-4816
-5235
-3995
-4363
-4617
-3811
-4782
-4769
-4359
-2537
-2753
-2587
-1936
-2434
-1216
-1976
-256
-736
897
319
-1794
-904
1534
298
609
-382
-712
115
-528
475
-941
-2843
-2600
-4459
-3642
-4589
-5475
-5743
-5578
-2995
-2165
-2369
-2519
-3397
-2391
-1096
-1126
-737
-1254
