11777
13381
13911
13963
13738
13421
12821
12705
13590
13076
13809
13577
13137
13727
12919
12748
14038
13970
12746
12659
12786
12466
13230
13540
13137
12648
13665
12949
13936
13089
14304
12750
13173
12636
13423
14419
14171
14012
13621
14474
12744
12723
12993
13483
13567
14823
14435
13641
14474
13524
14648
14308
14092
15329
13845
15525
15978
15914
15805
16165
14233
14726
14358
15130
15681
14705
15128
14905
14958
15592
14893
15387
14395
16192
14853
15528
13412
13275
14089
13263
13543
14461
13565
14671
13519
14324
13721
14388
14046
14515
13400
13386
13577
15408
14289
14198
14751
14549
14021
15681
15075
14627
13841
14455
15379
14111
14372
14926
13629
15357
13704
14290
15121
14303
13826
13663
14936
14616
14643
14179
13030
13724
13974
14202
12887
13226
12633
12448
13090
13725
13316
12205
11801
10492
10840
10026
11887
11631
11839
11240
10781
11102
11656
12354
12065
11718
10431
11783
10849
11659
11464
11176
12305
11535
11794
10096
10918
9957
11638
11624
10442
10487
10990
11027
11772
10929
10931
10008
9958
11150
10132
11356
10592
10346
10265
10935
11125
11666
10956
10357
11126
12428
12344
11610
11994
11751
10984
11373
10362
11430
11383
9881
10491
10430
10400
10235
11332
10635
9882
9953
10808
10646
9759
9918
10404
9774
10187
10510
11319
11281
11433
10664
9647
10813
11388
11573
11119
10662
10673
11300
10579
11487
10459
11934
10259
12149
12174
11758
10692
10490
12182
10533
11799
12155
10914
10530
11416
10471
10871
11755
10147
11335
10564
11483
12531
12603
12623
12101
11174
12175
11393
11014
12820
11279
11446
10909
11465
10840
11579
10903
11287
11984
11453
9448
10856
9679
9319
9804
9879
10053
8678
7893
8694
9096
7576
7653
7174
7769
8057
8375
7330
8244
7751
7851
8738
7257
8531
8704
7880
7905
8869
8875
7477
8002
8241
8293
7326
7804
8816
8308
6336
7377
8394
7541
8962
8899
8547
7929
7770
7233
8915
7447
8159
8628
7944
7995
7198
7960
8663
8385
8722
9355
7935
8666
8193
8161
8122
8241
7925
9134
9372
7607
7869
9254
9155
7737
8156
7944
7951
7666
8368
7431
7472
9074
8720
7480
8094
7962
7679
7589
8957
8089
9062
9202
8706
8966
8344
9210
9071
8108
7530
8842
7510
9287
7970
9227
8371
8507
8254
7858
7464
7381
8804
7209
8444
8109
7949
8738
8387
7680
7603
8892
7098
8574
7377
9029
7706
7964
8873
9087
8538
7547
7899
8389
7581
8993
8984
7646
7471
7609
7248
8937
8472
7951
8222
8271
8438
7954
8865
7073
8027
8349
8943
7051
8245
8897
7717
7142
7219
7016
7168
8831
7104
7772
7620
7975
8457
8492
8718
7106
7164
7687
8542
7545
8703
7660
7456
8192
7456
8819
7568
8154
7992
8008
7544
7002
8834
8668
8563
8186
7144
8504
7172
8465
8613
8902
7226
7650
8134
8931
7889
8808
7542
8631
8821
7736
7107
7056
7384
7651
7406
7711
8750
8636
7282
8384
8471
8872
7529
7803
7446
7764
8429
7505
7309
8327
8259
7566
8090
9002
8942
8431
8474
9164
8947
7432
8395
9345
7952
9328
8053
8110
8984
9846
8577
8314
8064
8518
7409
7749
7728
8011
7967
8202
7560
8052
8487
7494
8256
7573
7346
7855
8463
8532
8146
8454
8359
7198
8749
7627
7952
8406
8787
8474
8620
8820
8639
9311
8117
7722
9242
8063
8465
7772
8603
8196
7740
8042
7763
7864
6418
6569
5290
7130
6669
6568
6453
4971
5317
5758
5829
5333
4847
5057
5275
4910
4793
4689
4764
5889
6144
6138
4618
5424
4256
5727
4851
3527
4584
5407
5006
4002
4261
4720
4079
5826
4383
5132
4036
5775
3973
2863
3812
2917
4368
3190
2632
4418
4092
4529
3077
3306
4618
3080
2793
3312
3644
2187
3890
3325
2524
2200
3239
2010
2364
3172
2176
2459
1481
1770
1817
1848
2868
2188
2324
2561
3271
1904
3190
1874
2012
3221
2512
3629
1539
820
2779
2663
851
2306
901
1040
1025
2694
1986
2078
929
2755
1253
1896
2724
823
1349
1468
1610
2060
2413
2112
1667
2598
1342
620
798
1805
1318
632
2404
2495
2485
1661
1504
1289
2445
2485
2809
2966
3358
1470
2761
2151
1881
3326
2213
3384
1762
3147
2979
3271
2667
1874
1678
1160
2076
2003
1248
1780
1138
232
1504
213
581
1440
522
1551
625
933
-240
632
33
173
-79
950
307
1006
666
1060
-15
1097
-157
88
-1386
-1260
-313
-1280
-1659
-770
-1275
-385
-1880
-1201
-640
-280
-1855
-237
-645
-1315
-224
536
-931
-1083
-1471
-828
-3303
-2377
-1550
-1721
-1595
-1687
-2223
-1984
-1926
-2394
-1315
-1332
-2289
-1207
-1775
-940
-1386
-835
-140
-954
-1186
-517
18
-1719
-334
157
-790
42
55
482
-462
1026
-806
-130
726
890
-811
85
-113
-745
-276
-738
424
378
-443
978
238
-425
287
1116
-817
-661
-364
308
647
1607
84
809
71
1608
473
730
1149
-646
285
1312
16
953
682
174
-645
106
-196
-733
-821
-194
150
-834
-1304
-1177
-430
-778
-1130
141
-1274
-971
-1446
-1311
-16
378
-150
-618
-1146
-1106
-960
-482
88
-30
-374
-333
-591
-717
-615
-1315
-732
-476
524
265
-1172
-1123
-427
166
88
-108
-870
-496
-645
-730
-927
58
-872
400
12
70
-681
354
-894
-497
815
618
-66
257
1956
919
718
548
148
662
285
237
623
234
225
111
-281
393
1314
1283
-375
-370
1297
-451
-225
59
213
-323
320
731
36
243
912
168
94
1425
-92
502
-474
-160
-550
190
-544
767
-685
-990
-1054
-176
-219
-1164
-603
-1143
698
683
824
-65
-60
-1527
467
-21
-900
-910
-320
-8
-1076
-959
-488
-407
-134
-634
-62
-429
541
141
-167
610
-667
284
609
-638
-486
-84
-281
-369
37
-1046
484
-1119
-1136
75
-1222
-357
92
-483
-1567
-545
133
-706
-377
-972
-559
-734
29
-398
427
-661
33
-748
5
-560
-569
-407
503
321
971
-986
647
-81
-658
-1743
-1045
-863
-812
-470
441
-235
150
-50
-795
36
