-8713
-8540
-8545
-9475
-9280
-8155
-9568
-9602
-8874
-8385
-8735
-9791
-8953
-9338
-8304
-8121
-7785
-7630
-7058
-8829
-7344
-8764
-8865
-8566
-7350
-8258
-7120
-8585
-8531
-8800
-7899
-7287
-7344
-6961
-6406
-6140
-6091
-6832
-6815
-6914
-7316
-7314
-7242
-7818
-8569
-9041
-9321
-9703
-9006
-8771
-9269
-8474
-10166
-10647
-9679
-11807
-11827
-12100
-11682
-11739
-11929
-11188
-10636
-11687
-11343
-11850
-10706
-10453
-11116
-10743
-10302
-9574
-9370
-10052
-9457
-9243
-8808
-8563
-9266
-8370
-8050
-10158
-9891
-10862
-10804
-10520
-10196
-11131
-9679
-11062
-10207
-9903
-10255
-9964
-8756
-9869
-9145
-7948
-8036
-8205
-9275
-9638
-10241
-9516
-9140
-9525
-10375
-9232
-11019
-11219
-11701
-10581
-10983
-10760
-11152
-11088
-10977
-10030
-10747
-9795
-11320
-9222
-8857
-9555
-9110
-8994
-7725
-8555
-8577
-9206
-8738
-7029
-7023
-8071
-6738
-6961
-7112
-7506
-7477
-8101
-7470
-6700
-7171
-6583
-8291
-7503
-7051
-6529
-7227
-6754
-7057
-7779
-7824
-7176
-7168
-8073
-9565
-10365
-9409
-8012
-8539
-9016
-9478
-7987
-8850
-9691
-9373
-9372
-9372
-8955
-8482
-8771
-9633
-11208
-11370
-9867
-11324
-10559
-11509
-11185
-10395
-10176
-10488
-10471
-10274
-9701
-9746
-9460
-10384
-10215
-11162
-10039
-9027
-9557
-10254
-10304
-8910
-9363
-10677
-10725
-11408
-9384
-8375
-10312
-9878
-10460
-10397
-10119
-10023
-12549
-12993
-12660
-13221
-14263
-13344
-13561
-14079
-14039
-15426
-14897
-15077
-15279
-13741
-13653
-15355
-14740
-15108
-15701
-14085
-14819
-14435
-14037
-16522
-15875
-16022
-14787
-14629
-14943
-14169
-14923
-15364
-15589
-15436
-13716
-13113
-12874
-11297
-12262
-11517
-11737
-11964
-9853
-10429
-10593
-11200
-11362
-10914
-10512
-11173
-10675
-11191
-11211
-11136
-11431
-9651
-10555
-10466
-9583
-10317
-9408
-9423
-8600
-8355
-8970
-7584
-5686
-5814
-7322
-7692
-7399
-6918
-6979
-5635
-5941
-6571
-5886
-5640
-6758
-5457
-6492
-6561
-4512
-5700
-6727
-5114
-4388
-4719
-7341
-7326
-7340
-6010
-6791
-6362
-5518
-6854
-7093
-5284
-7168
-7699
-7041
-6938
-8038
-7065
-6170
-7465
-6948
-6580
-6677
-6535
-6781
-7976
-6971
-4686
-5087
-2818
-2003
-3240
-1529
-2316
-3375
-3379
-698
-1329
-1145
459
-1241
-492
-1112
-1066
-1627
-2806
-2052
-1557
-2551
-1273
-1409
385
-128
-667
-452
-230
-1087
-1944
-2055
-893
-1072
-2808
-2034
-1453
-2253
-1767
-2617
-1277
-2014
-1985
-2645
-2508
-1561
-2164
-1522
-2412
-1713
-1064
-2390
-2224
-1559
-2612
-1492
-1628
-3412
-3365
-3403
-3125
-1438
-779
-1704
-2300
-3215
-2207
-1353
-1123
-1204
-2357
-2304
-1522
-998
-2405
-3928
-2824
-2566
-3714
-2753
-3978
-2167
-2460
-2491
-1065
-1982
-1456
-1997
-1383
-1465
-1156
-954
-839
-122
-1523
-1084
-359
-210
-1978
-623
-662
-574
-3484
-3343
-2728
-3720
-3009
-2796
-3811
-3270
-4137
-4512
-3352
-4272
-3721
-4504
-3089
-6063
-6180
-5586
-5114
-5070
-5462
-5222
-4047
-4736
-4304
-4142
-2573
-1416
-3390
-2066
-2317
-1899
-2421
-2724
-2437
-2034
-3356
-3093
-1867
-1951
-2408
-1506
-3525
-3907
-3019
-2843
-2398
-3082
-3562
-3333
-2434
-1596
-2699
-3280
-4055
-4079
-4312
-3697
-4882
-3599
-5154
-3205
-4225
-4557
-5574
-4995
-5006
-4927
-5120
-5870
-6192
-6581
-6213
-6017
-6355
-5608
-4906
-4855
-5355
-3949
-4176
-2733
-2658
-4267
-3842
-3463
-4154
-4228
-3717
-4801
-3466
-4112
-4361
-4411
-3064
-3280
-2355
-2416
-1936
-1610
-920
-2856
-2768
-2344
-3651
-3620
-1802
-2066
-2410
-2761
-3500
-2744
-2294
-2793
-1274
-421
-1057
-1041
80
278
-582
-634
419
783
