6614
6559
6557
6146
5668
4789
5370
4284
5600
3797
4906
6053
6042
5808
6683
4891
7503
6966
7512
6451
5935
6702
5902
7496
6604
5835
7100
7820
7622
7051
6707
7287
5869
6242
6038
6143
6610
6239
5859
5949
6500
6889
6348
7129
7488
7297
7048
7393
7613
8690
8304
7755
7474
8294
7777
8138
8530
7485
8297
7437
7353
8781
7466
7338
9166
9109
7527
9756
7892
8123
7229
7366
6538
6425
6096
5643
5531
5659
5537
5299
4833
5218
5003
6091
5876
7207
6081
6805
6131
6150
6332
7090
7616
8190
7842
8509
6774
7027
8520
8180
7991
7669
7085
6918
8062
8146
7885
9154
7024
7265
7144
7595
6442
8476
7997
7277
7002
7085
6276
6065
7872
7884
6457
7368
6710
5250
6670
5819
5135
5431
5350
4738
6245
6137
5443
4339
4940
4622
4455
4921
4575
4313
3147
5009
4790
4149
6065
4843
6127
5576
5591
5781
5948
6973
7615
6985
6403
5923
6633
5355
6830
6703
5917
5511
5696
4464
3224
4242
4343
5294
4858
5078
5812
5030
4147
5363
4347
4511
5066
4155
5289
5833
6917
7352
6569
6861
5645
7130
5602
6545
6077
6174
6836
6940
5709
5654
7172
5839
6114
5341
5205
6547
6132
5431
6121
6304
7227
6040
7302
7140
6912
6530
7256
5746
8140
7814
4950
6048
4774
5363
5942
4791
4827
3987
3691
4892
3269
4964
5048
5695
4783
5533
6490
6595
5559
5488
5028
5474
5555
4109
4606
4360
4265
5732
5100
3801
4497
3698
4474
1794
919
584
1115
2473
3300
2003
2554
2170
2015
2327
3351
2529
1462
1450
1306
815
2340
1333
327
1535
271
701
689
1135
939
882
225
458
1074
349
370
468
-654
1716
318
1479
-1465
-1667
-322
-744
93
-349
-988
-146
-1119
-1678
-235
-1350
-4
-1130
-1501
-2038
-2611
-1486
-1654
-1073
-2503
-1247
-1021
-2514
-2578
-2687
-2545
-2168
-2702
-3847
-2334
-2123
-3236
-5104
-5144
-6781
-7221
-5389
-6496
-6024
-6132
-6440
-6808
-6686
-7778
-6709
-6642
-7683
-7234
-6748
-7129
-7679
-7846
-6180
-5723
-6412
-8286
-7705
-7194
-5567
-7175
-6127
-6603
-6600
-7728
-8882
-7856
-6888
-7151
-5022
-6766
-6537
-4420
-5649
-4921
-4182
-6126
-6072
-4511
-5387
-5168
-6857
-7696
-7336
-5592
-8203
-7598
-6730
-7437
-8069
-7591
-6782
-8275
-7977
-7588
-8191
-7151
-7671
-7599
-6205
-5337
-5863
-5965
-4983
-5855
-6729
-5346
-5339
-6307
-7085
-6986
-7447
-4741
-5424
-6025
-5543
-4315
-4296
-5346
-5103
-5796
-5862
-5024
-5990
-5251
-5440
-6354
-4677
-4638
-6115
-6101
-6039
-4985
-5036
-5744
-6504
-6497
-6110
-6722
-5230
-5528
-5942
-4762
-4429
-5546
-3906
-4728
-4824
-4243
-3334
-4689
-4759
-3712
-3546
-2837
-3802
-2246
-3016
-2129
-1979
-1874
-3086
-2359
-2953
-1435
-2011
-1686
-1811
-2071
-1090
-1504
-2112
-2507
-1672
-1467
-2049
-2760
-3501
-2159
-2828
-3012
-2664
-2050
-2950
-1457
-2556
-2327
-708
-542
-755
-767
-1026
-1843
-305
-392
433
-284
-619
-1733
-862
-2178
-874
244
59
222
-1230
-832
-1263
-902
-176
-196
-1811
-1282
184
-1378
-866
-884
20
754
-221
-219
226
953
1306
2271
235
1405
1839
1397
919
1793
1604
1799
680
1771
2206
2493
1347
2570
1109
2509
2972
1807
2459
1481
1708
1698
2057
958
169
-181
481
-307
-731
1071
1414
-217
579
902
1312
937
1363
-1024
-295
-148
-34
857
1708
1479
495
-54
-751
47
20
1185
605
-32
-109
794
-354
730
-181
34
-259
-1526
-1447
298
688
828
70
551
-820
830
668
-200
441
156
-47
-460
-943
172
897
-685
610
1583
1428
1462
610
1597
605
667
586
1089
890
2409
2496
2433
2718
1846
982
2205
1388
2173
1115
1541
1650
2176
3220
2607
3454
2078
2240
1661
3261
1961
2212
2781
1647
1968
2924
3627
4509
2256
2531
1415
674
-127
2583
1542
1190
2534
2181
2445
1392
2979
1115
-687
-951
-654
-1095
-3017
-2134
-3817
-2386
-3846
-3436
-2632
-2556
-2969
-3273
-1854
-1540
-3246
-3136
-4581
-4422
-4154
-4242
-5390
-5331
-4417
-5213
-6054
-4688
-5220
-5728
-6238
-6071
-3776
-4166
-4166
-4158
-4190
-2609
-1943
-1155
-2590
-1419
-1284
-2509
-2505
-1660
-1729
451
592
1680
1078
1577
2246
2270
2667
2073
1471
1527
1081
902
1344
2495
1310
903
-86
217
1246
366
-419
1805
1389
-38
-784
-353
-794
541
-182
-1436
-891
844
-377
1423
1187
159
471
164
1044
1958
685
1288
1312
872
2741
2498
1798
3031
3293
3792
4774
4075
3873
3796
4511
4469
3307
5789
3893
4086
4090
3661
4485
2158
4043
3417
2938
2843
3212
3121
2816
4188
3504
3469
4048
3161
4417
5860
5397
4243
4490
5675
6702
5127
4651
5290
4890
4831
3482
3536
4093
3117
1534
1404
2884
1337
1907
3354
2751
4225
3671
2291
2778
2181
2216
1993
2380
2922
2797
2438
1344
2565
1480
2016
1461
643
903
-1041
-739
-973
-115
-371
835
1052
310
616
235
1444
1854
747
-659
88
-925
-118
-1043
253
327
4
352
-758
-357
-1066
-1944
-1875
-2779
-133
117
-992
183
-2088
852
570
1016
-893
247
-331
-343
-102
715
41
671
593
-421
18
-252
880
1499
-554
181
-956
-791
-1509
-2988
-3078
-2404
-3662
-3766
-2631
-4120
-4083
-2892
-4885
-5621
-5513
-4351
-6238
-5899
-7275
-6877
-6973
-8352
-9263
-9433
-7698
-7054
-8574
-8700
-7822
-6394
-6807
-6591
-6937
-6782
-7208
-5273
-5608
-3761
-3685
-5069
-4232
-4148
-4550
-3639
-4063
-4192
-3839
-3930
-3664
-4285
-3136
-1934
-2992
-3012
-2728
-3806
-3964
-2597
-3179
-4563
-1711
-2163
-1945
-1388
-2251
-1008
-745
-465
-459
69
-143
-1397
999
-870
964
-303
642
-965
-344
629
-922
1322
-61
735
1164
782
1712
1651
1576
2386
1033
1319
2236
1394
2564
2574
1965
645
600
879
2269
1676
1343
719
791
368
651
-199
748
-61
538
-595
-514
487
1192
2346
2557
1696
289
462
994
912
516
341
120
-989
410
501
-2517
-2410
-2207
-1232
-336
-1959
-161
181
-948
-886
-404
