341 : 306
342 : 103
345 : 51
347 : 392
351 : 290
352 : 279
355 : 38
356 : 269
358 : 136 343
359 : 257
361 : 19
362 : 109
363 : 376
364 : 36 274
365 : 320 348 355
366 : 284 389
368 : 68 85 153 209
371 : 220 262
372 : 307 340 357
373 : 34 41 57 176 358
374 : 64 144 342
375 : 196 261 275
376 : 102 322
377 : 128 299 309
378 : 89 162 198 341
379 : 45 76 96 118 154 256 362
380 : 9 235 247 255
381 : 26 227 280 371
382 : 135 240 363
383 : 67 91 121 139 157 396
384 : 35 47 133 181 191 208 296 344 379
385 : 166 179 304
386 : 53 101 107 169 298 300 323 359
387 : 10 199 214 232 245 305 347
388 : 59 60 72 81 160 177 215 218 248 258 293 397
389 : 1 65 106 123 131 141 210 372
390 : 86 125 156 171 206 294 310 327 353 375 400
391 : 5 13 20 116 200 228 238 301 302
392 : 29 314 368
393 : 119 146 188 278 384 393
394 : 90 148 185 204 211 254 377
395 : 120 225
396 : 205
397 : 75 163 178 202 226 352 369 380
398 : 25 69 88 93 143 387 390
399 : 16 40 229 266 330 346 349 395
400 : 32 66 70 73 80 111 186 224 272 329 366 394
401 : 22 23 77 82 105 263 271 277 286 288 338
402 : 104 112 175 321 325 337 361 367
403 : 87 95 151 158 173 276 324 399
404 : 46 63 134 140 273 317 335 391
405 : 37 56 152 190 195 197 382
406 : 7 28 62 100 129 183 201 282
407 : 49 74 79 110 124 149 174 217 242 252 260 316 383
408 : 42 122 150 161 244 287 297 319 370 378
409 : 108 194 250 308 328
410 : 6 83 159 207 295 318 356 360
411 : 58 98 180 182 270 350 373
412 : 11 117 164 241 267 285 292 303
413 : 3 39 127 216 236 237 381
414 : 31 71 115 203 222 283
415 : 18 155 388
416 : 145 172 189 192 259 268 312 331 332 336 364
417 : 8 17 55 99 165 168 289 386
418 : 4 21 54 84 137 351
419 : 2 33 130 170 230
420 : 138 219 221 239 246 249
421 : 12 92 233 339
422 : 132 167 315 334
423 : 50 126 365 374
424 : 142 251 281
425 : 27 231
426 : 114 326
427 : 43 48 223 311
428 : 313 345 354 398
431 : 52 94 193 264
432 : 14
433 : 44 212 291
434 : 30 97 243
435 : 15
436 : 61
437 : 253 333 385
438 : 24 234
439 : 265
440 : 184
444 : 213
448 : 113
451 : 187
455 : 147
460 : 78
