430 : 458
432 : 356
433 : 428
446 : 236
447 : 308
452 : 461
453 : 277 288
454 : 294 393 406
455 : 14
458 : 326 364
459 : 152 328
460 : 378
461 : 84 240 318 416 488
462 : 399 499
463 : 131 287
464 : 150 164 385
465 : 65 276
466 : 103 245
467 : 324 419 464
468 : 117 252 355
469 : 161 271 311 424 493
470 : 113 127 280 307 367 437
471 : 142 228 401
472 : 66 256 462
473 : 72 283 295 342 423
474 : 31 153 241 323 456 495
475 : 408 421 430
476 : 4 187 210 289 465
477 : 82 138 305 485
478 : 151 296 327 329 403 434
479 : 1
480 : 182 268 375
481 : 2 11 133 292 325 426 442 486
482 : 7 135 359 369 371 417 440 444
483 : 36 64 136 231 233 298 313 315
484 : 16 86 167 331 344 396 402 454
485 : 143 253 322 340 429 433
486 : 29 206 273 300 350
487 : 46 94 165 257 453
488 : 89 415 452
489 : 32 95 99 185 219 374 411 475
490 : 26 63 104 392 398 418 425
491 : 59 119 141 147 211 224 235 278 330 483 487
492 : 5 476
493 : 13 77 183 190 202 262 279 286 304 335 377 386 389 478
494 : 15 106 114 122 234 284 316 449 450 482
495 : 8 22 37 57 156 163 192 244 247 261 353 439 441 446 459
496 : 54 83 92 217 221 251 348 362 420 422 432
497 : 39 160 230 303 317 354 358 365 368 370 376 383 472
498 : 93 109 110 203 274 445 470 477 494
499 : 67 74 129 186 263 302 379 382 395 410 412 457
500 : 27 41 73 81 198 238 333 363 404 414
501 : 38 79 208 214 215 218 259 266 320 361
502 : 78 146 275 388 460 467 469 473
503 : 107 123 200 269 349 372 397 431
504 : 44 68 102 112 126 157 158 169 212 282 310 381 384
505 : 52 85 124 155 168 225 466 479 481
506 : 285 471
507 : 134 237 281 345 347 407 413 436 500
508 : 10 19 20 97 175 193 265 309 387 468
509 : 24 96 149 159 176 178 227 270 321 336 360
510 : 40 128 201
511 : 55 91 100 145 196 242 301 334 341 489 490
512 : 33 258
513 : 71 220 239 246 463
514 : 21 35 132 232 306 357 394 443 451 498
515 : 34 42 43 58 166 390
516 : 18 45 60 62 125 144 181 249 405
517 : 47 194 373 391 438
518 : 88 204 216 250 293 409
519 : 49 105 180 195 248 290 447
520 : 3 111 137 179 254 484
521 : 17 25 51 53 243 272 435 480
522 : 75 130 173 188 352 448 491
523 : 121 191 474 492
524 : 61
525 : 23 139 199 213
526 : 154 209 264 299 337 366 400
527 : 76 291 343
528 : 9 115 205 314 332 380
529 : 30 229 297 339 346
530 : 184 189
531 : 260 338
532 : 69 255 351
533 : 28 118 174
534 : 80 170 172
535 : 171 207
536 : 162
537 : 6 90 222 319
538 : 87
539 : 312
541 : 12 455
542 : 70
543 : 101 120
544 : 148 177
545 : 497
546 : 56 108
547 : 197
549 : 226
551 : 98 223
552 : 267
554 : 48 116
558 : 496
561 : 140
562 : 427
567 : 50
