534 : 456
535 : 379
536 : 393
538 : 568 585
541 : 272
542 : 264
544 : 27 441
547 : 412 482
549 : 400
550 : 250 458
552 : 216
553 : 164 314 383 503
555 : 37 255 374
556 : 407 461 498 539
557 : 93 298
559 : 299 493
560 : 509 515
561 : 120 370
562 : 432 582
563 : 376 450 534 543
564 : 48 99 363 528
565 : 479
566 : 143 183 523
567 : 81 110 150 187 592
568 : 381 391 413 510
569 : 60 146 203 282 340 341 395 555
570 : 133 470
571 : 142 421
572 : 321
573 : 103 336 566
574 : 65 106 177 284 287 434
575 : 45 86 161 166 199 300 330 457
576 : 155 208 253 309 428 445
577 : 398 487 571
578 : 122 129 213 261 275 435 533
579 : 112 204 348 417 438 452 485 501 504 596 599
580 : 196 265 364 488 529
581 : 74 197 342 442 447 506
582 : 26 79 118 145 286 440 467 473 532 561
583 : 10 285 328 499 512 565 591
584 : 64 258 303 323 406 419 425 455 541 588
585 : 101 173 240 262 517 524 537 545 556 586
586 : 5 11 22 245 254 345 427 478
587 : 109 156 181 189 280 308 469 600
588 : 24 139 222 228 372 449 518 542 560
589 : 58 92 96 115 123 327 388 397 502 514 573
590 : 9 67 91 194 241 477 489
591 : 191 351 411 526 538 564
592 : 15 69 89 160 402 414 429 431 466 483 490
593 : 51 55 95 132 316
594 : 2 23 28 43 179 188 210 311 319 324 422 579
595 : 107 215 227 382 495 508 520 554
596 : 124 218 230 246 344 357 390 480 486 583
597 : 136 151 226 332 360 409 415 465 548 574
598 : 32 49 54 85 307 484 590
599 : 182 293 325 326 338 355 377 522 580
600 : 18 127 159 237 239 259 260 289 297 322 334 448 531
601 : 1 12 138 224 243 337 375 405 420 436 474 513 562 563 567 598
602 : 46 52 98 168 223 248 301 343 418 505
603 : 108 113 157 201 302 318 329 378 387 394 547
604 : 3 57 72 178 221 231 249 268 273 317 396 433 558
605 : 33 63 75 83 207 359 424 468 507 550 552
606 : 62 68 97 163 256 266 290 367 401 416 426 451 453 549
607 : 105 202 295 346 353 399 491 576 578
608 : 7 14 35 175 176 278 310 365 380 454 459 471 525 530
609 : 30 84 119 212 217 304 312 333 335 371 386 389 408 551 569 584 593
610 : 8 131 439 475
611 : 41 82 125 162 180 192 463 500 511
612 : 94 185 214 251 271 350 352 410 444 494 540
613 : 137 349 361 362 384 404 481 553 570
614 : 56 87 126 149 252 288 430 437 462 516 521
615 : 34 40 42 50 70 77 78 80 88 114 130 170 242
616 : 13 90 206 594
617 : 121 193 234 339 544
618 : 73 76 403 577
619 : 47 152 276
620 : 44 116 281 492 497 595
621 : 25 38 195 211 235 238 263 546
622 : 267 270 305 557
623 : 117 153 200 220 296 347 385 589
624 : 209 232 279 472
625 : 135 443 559 575
626 : 59 71 154 198 274 277 496
628 : 19 144 172 174 247 356 392 476
629 : 31 128 219 225
630 : 446
631 : 423 535 536 581
632 : 244 315 460
633 : 158 169
634 : 21 269 313 464
635 : 104 184 229 257
636 : 141 597
637 : 306
638 : 148 165
639 : 36 61 292 519
640 : 147 186
642 : 17 111 294
643 : 66 102 236 331 373
646 : 291 369
647 : 29 233 354 587
648 : 358 366
649 : 53 100 171 368
650 : 167 205
651 : 283
652 : 16 527
653 : 4
655 : 572
657 : 39
659 : 190
660 : 6 134
663 : 320
674 : 140
682 : 20
