621 : 396
626 : 623
627 : 433
628 : 676
632 : 332
633 : 581
636 : 445
639 : 602
640 : 516
641 : 477 582
642 : 142
643 : 290 309 388 398
646 : 622
647 : 605
648 : 617
649 : 46
650 : 186 375
651 : 146
652 : 238 642
653 : 233 455
654 : 425 569 679
655 : 221
656 : 298 523 575 628 688
657 : 584
658 : 289 593
659 : 394 464 598 680
660 : 327 341 694
661 : 686
662 : 270 585 632 651 657 660 671
663 : 189 240 361 381 473 526 565 648
664 : 135 170 364 419 556 643
665 : 109 258 441
666 : 93 324 577 673
667 : 52 71 288 313 456 508 653 666 692 695
668 : 637 674
669 : 156 380 513 595 601 664
670 : 141 181 191 360
671 : 154 219 224 334 397 483 592 624
672 : 175 177 187 222 237 245 356 693
673 : 184 236 303 382 436 682
674 : 558 587
675 : 91 130 603 691
676 : 21 122 152 286 370 552 579 597 609 644 661 687
677 : 66 95 243 247 304 319
678 : 115 162 185 218 223 276 291 346 439 633
679 : 123 132 137 255 287 294 336 373 383 426
680 : 180 299 418 450 506
681 : 75 300 432 515 542
682 : 158 242 401 510 514 645 672
683 : 76 215 253 279 323 374 427 534 600 639
684 : 57 176 249 331 338 362 481 505 525 659
685 : 210 260 281 308 344 486 578 616 618 621 647
686 : 1 47 99 244 277 312 355 378 405
687 : 29 42 62 125 150 265 395 559 607 625 675
688 : 50 149 188 246 352 438 529 560
689 : 34 305 429 491 551 604 700
690 : 399 437 662 669 677
691 : 25 40 44 164 196 306 500 576 613
692 : 8 53 67 106 167 171 367 431 452 458 568
693 : 22 317 326 335 358 415 638
694 : 7 15 43 54 209 385 443 484 489 494 497 553 563 583 629
695 : 36 38 103 126 192 272 422 451 620
696 : 30 101 269 413 471 527 570 591 640 658 699
697 : 3 49 107 134 347 409 468 562 571 573 606 663
698 : 90 98 148 179 183 230 275 280 328 359 459 474
699 : 4 59 108 220 259 293 314 369 457 460 469 531 537 555 574 610 619 646 654 667 670
700 : 48 213 307 322 417 543 580
701 : 65 124 227 330 403 472 545 586 636
702 : 45 64 86 100 204 217 345 348 411 615 690
703 : 231 368 391 444 480 503 539 548 614 678 697
704 : 39 73 74 136 311 377 435 557 608 650
705 : 20 159 248 295 302 363 402 412 535 547 550 567 631
706 : 81 82 89 127 140 254 321 333 354 475 594 596
707 : 84 120 160 292 325 408 414 487 685
708 : 56 117 131 139 202 216 434 440 453 467 599
709 : 16 70 172 207 339 479 488 511
710 : 14 133 166 194 226 350 366 470 502 588 696
711 : 94 155 199 343 390 447 461 463 528
712 : 12 61 161 193 262 283 406 589 634
713 : 110 225 342 668 689
714 : 41 69 145 201 212 340 349 376 509 554 684
715 : 2 198 540 611 681
716 : 157 228 273 274 365 371 416 496 519 520 649
717 : 27 37 118 268 421 430 533 590
718 : 6 96 144 197 310 446 465 476 492
719 : 173 485 512
720 : 60 68 78 88 442 561
721 : 114 147 241 495 524 544 698
722 : 10 58 389 393 423 532 564 655
723 : 169 521
724 : 32 33 153 163 572 630 656
725 : 105 206 235 256 271
726 : 19 63 83 168 234 252
727 : 79 111 261 379 392 478
728 : 92 195 337
729 : 24 113 407
730 : 151 211 282 462 507
731 : 35 80 116 320 410 683
732 : 51 174 428 482 541
733 : 119 386
734 : 17 182 316 400 448 466
735 : 28 55 85 104 190 266 301 612 635 641
736 : 18 493 518
737 : 5 11 72 232 284 420 627
738 : 87 424 517
739 : 208 357 665
740 : 214
741 : 263 297 454 538
742 : 26 296 504
743 : 13 112 449
744 : 278 384
745 : 77 264 285 318 329
746 : 128 229
747 : 178 315
748 : 129 143 372
749 : 205 239 404 522
750 : 203 250 536
751 : 97 102 652
752 : 9 353
754 : 498
755 : 546
756 : 499
757 : 31 165 626
758 : 490
759 : 200
760 : 121 530
762 : 387
764 : 267
765 : 501
766 : 257
767 : 23
768 : 251
769 : 566
773 : 138
776 : 351 549
