723 : 274
725 : 800
727 : 718
728 : 500 778
729 : 687 704
731 : 749 774
732 : 205 428 558 663 737
735 : 377
738 : 166
740 : 362 469 710
741 : 456
742 : 3 68 224 249 785 794
743 : 771
746 : 61
747 : 88 263 610 624 661 674 742
748 : 109 318 336 442 462
749 : 367 396 496
750 : 204
751 : 199
752 : 553
753 : 238 665
754 : 244 298 789
755 : 337
756 : 512
757 : 162 470 744
758 : 63 156 275 611 682
759 : 37 78 110 593
760 : 138 186 255 335 474
761 : 30 76 265 338 437 775 786
763 : 79 135 269 277 521 788
764 : 495 522 548 719 798
765 : 160 282 339 488
766 : 152 315 554
767 : 185 292 583 655
768 : 24 33 123 169 346 372 421 726
769 : 11 50 235 366 446 779 783 793
770 : 303 310 486 652 692
771 : 189 234 410 515 569 578 623 721 791 792
772 : 799
773 : 93 184 630 723 781
774 : 84 177 402 505 555 677
775 : 165 191 203 404 407 441 463 607
776 : 18 174 227 385 415 481 592 738 741
777 : 164 568 616 617 688 725 790
778 : 41 108 190 427 534 546
779 : 139 179 258 434 669
780 : 136 509 622 707
781 : 27 75 80 92 183 192 320 333 424 439 445 464 599 729 763 782
782 : 59 308 376
783 : 23 168 181 392 466 582 686
784 : 35 141 170 295 536 550 672 702 724 776
785 : 29 131 153 286 433 448 491 502 544 588 612 619 628 647 651 695 759
786 : 67 182 187 228 309 598 613 668 706 795
787 : 4 52 119 145 146 157 176 247 254 368 389 398 566
788 : 2 15 116 180 357 468 595 660 753
789 : 99 122 125 126 330 429 451 585 694 731 750 796
790 : 87 197 217 285 381 492 587 762 784
791 : 77 288 348 411 452 471 547 565 645 693
792 : 172 250 260 296 414 527 667 680 697 732
793 : 60 89 117 121 370 383 395 507 538 575 594 683
794 : 101 220 291 314 369 422 506 579 597 642 654 681
795 : 31 436 513 711 747 752
796 : 7 21 81 225 237 279 284 305 319 530 573 675 787
797 : 48 149 161 280 299 589 639
798 : 45 206 210 218 230 257 323 360 482 504 516 676 678 735 757
799 : 20 25 65 104 154 173 209 241 301 334 378 467 603 780
800 : 28 347 351 443 447 571 584 608 740
801 : 14 34 66 243 289 300 356 581 767
802 : 196 213 271 313 322 331 359 380 401 430 472 572 580 679 727 730 739 766
803 : 259 273 307 326 409 440 475 567 643 700
804 : 47 51 147 302 316 332 417 518 524 557 689 698 716 733
805 : 36 53 73 103 178 384 501 541 559 591 620 626
806 : 1 12 32 100 344 450 539 604
807 : 8 58 201 262 268 391 412 418 478 487 561 641 705 748
808 : 44 64 150 193 363 408 517 532 576 632 664 797
809 : 38 40 113 304 480 650 691
810 : 22 86 207 317 403 449 484 542 636 746
811 : 42 96 143 188 198 232 272 499 514 519 720 761 764
812 : 19 39 72 85 137 253 352 393 423 457 508 549 574 670 717
813 : 111 221 236 278 525 625 633 634 684 696 722 772
814 : 6 56 83 208 215 503 520 673
815 : 194 311 341 394 460 529 577 644 659 699 755 773
816 : 10 94 114 216 267 327 397 425 523
817 : 163 324 379 590 703 728
818 : 130 200 219 345 400 459 461 712
819 : 140 158 175 270 281 297 329 386 479 485 543 601 745 765
820 : 71 353 526 690
821 : 46 133 350 454 552 618 629 743
822 : 74 115 129 171 195 340 387 438 444 545 751
823 : 17 62 107 124 134 293 306 455 458 483 627 701
824 : 82 223 287 325 431 631 648
825 : 264 276 535 640 713
826 : 97 144 148 476 528 609
827 : 91 118 233 312 349 373 374 540 638 657
828 : 120 167 614 758
829 : 159 361 432 600 671 769 770
830 : 16 57 211 212 231 245 251 426 714
831 : 70 477 490 531 551 621
832 : 132 355 358 416 473 556 662 709
833 : 5 365 371 586 615 715
834 : 43 256 321 465 494 511 708
835 : 55 405 498 666
836 : 266 294 382 413 533 596 602 637
837 : 202 283 388 635 649 777
838 : 9 239 489 734
839 : 54 222 328 399 653 768
840 : 128 375 564
841 : 246 736
842 : 343 354 493 658
843 : 419 562
844 : 90 214 406 685
845 : 98 229 261 754
846 : 142 240 248
847 : 26 435 497
848 : 151 756
849 : 105 106
850 : 242
851 : 102 155 560 570
852 : 226
853 : 364 605
854 : 95 112
856 : 656
857 : 646
858 : 127
862 : 453 606
863 : 420
865 : 290 390
866 : 537
869 : 69
871 : 252 760
873 : 563
877 : 49
878 : 510
885 : 342
889 : 13
