1027
-1
-1
-1
388
-1
-1
769
2678
3338
-1
-1
-1
-1
4128
4068
2496
1442
545
716
2529
-1
4751
1069
-1
1507
2615
271
3983
-1
1779
766
4609
-1
-1
4021
-1
4833
316
-1
-1
-1
1532
-1
-1
-1
4029
271
4912
1410
275
-1
1115
2439
-1
-1
2733
-1
1528
-1
4314
97
2303
-1
2175
-1
4659
-1
2195
-1
3328
877
3167
-1
3218
3397
-1
2635
3429
1180
344
-1
-1
-1
-1
907
4072
4119
766
-1
-1
-1
-1
-1
3004
-1
3956
-1
-1
719
-1
-1
-1
3367
2880
2582
-1
2138
-1
2789
-1
-1
-1
157
1752
-1
1528
-1
-1
1920
3394
-1
-1
3130
-1
1121
1997
3933
-1
-1
-1
-1
-1
-1
-1
-1
-1
610
4827
6
528
-1
922
1860
-1
1456
-1
1155
2308
-1
4495
-1
4883
-1
-1
4667
4836
-1
1289
-1
-1
2541
2407
-1
-1
4875
-1
-1
-1
-1
-1
838
3028
-1
4582
-1
-1
-1
3018
-1
3575
4142
-1
-1
-1
-1
-1
-1
3482
2022
-1
1299
3965
1047
2157
2771
1379
-1
-1
687
-1
-1
-1
-1
2263
-1
-1
4184
-1
-1
4901
2828
-1
-1
-1
581
4077
2149
-1
694
-1
1638
-1
4384
-1
-1
-1
1302
1971
4402
1002
1978
-1
-1
-1
2137
-1
1682
-1
-1
-1
3726
-1
2334
4602
2938
-1
-1
-1
1070
3411
1655
2032
-1
-1
144
-1
-1
-1
1351
-1
1167
3063
2981
3866
-1
-1
-1
3632
-1
4181
-1
4318
-1
2198
4547
-1
4766
-1
-1
3626
3026
3326
-1
2952
-1
-1
2490
2978
4803
3377
-1
1026
366
2756
3789
-1
3469
-1
255
1468
-1
2051
4013
-1
-1
1026
-1
-1
-1
4341
-1
4219
-1
2339
-1
4011
3974
-1
-1
-1
2822
-1
-1
-1
-1
1224
-1
160
3500
2228
4239
2981
-1
-1
-1
-1
3471
-1
-1
-1
3532
3314
1257
4700
-1
1310
-1
2743
-1
-1
-1
3134
-1
-1
907
2108
-1
1649
-1
2523
-1
-1
-1
2285
-1
-1
2206
-1
-1
-1
2526
1418
2311
3452
-1
-1
1702
-1
4835
-1
4362
-1
2875
4506
3818
-1
-1
-1
-1
3778
-1
-1
2374
1322
1579
-1
-1
4222
515
-1
-1
534
-1
1206
-1
-1
-1
-1
1668
-1
-1
-1
-1
-1
-1
-1
-1
1858
3649
-1
3818
323
2332
-1
164
1751
2387
-1
-1
3781
-1
-1
-1
-1
3547
-1
-1
3258
2990
2809
2983
-1
3884
-1
1800
-1
-1
-1
-1
-1
2291
-1
4578
1945
2881
-1
-1
-1
4439
572
1313
-1
-1
989
1388
3537
4265
4684
2547
3026
342
1623
216
-1
1603
-1
-1
954
-1
-1
-1
796
3000
-1
-1
-1
243
-1
2194
1475
-1
-1
-1
-1
-1
-1
-1
-1
-1
3258
-1
1914
-1
4566
518
-1
-1
3094
1172
-1
551
-1
-1
4588
411
2976
-1
1533
493
566
1114
-1
190
-1
-1
-1
-1
-1
3761
3496
-1
-1
1403
-1
-1
-1
4397
3657
3829
2792
-1
3406
-1
553
-1
-1
-1
-1
-1
3384
4733
451
509
786
2682
-1
4640
3709
588
-1
630
3796
-1
4121
-1
-1
43
-1
4828
2588
1825
2844
2829
-1
-1
-1
3653
-1
4356
1468
-1
-1
-1
-1
240
-1
-1
-1
3658
-1
398
-1
-1
-1
584
-1
-1
-1
716
2324
1733
-1
-1
-1
-1
-1
-1
248
3251
4088
1090
2721
2976
-1
1820
3370
1252
-1
4914
2557
1004
3788
-1
4444
-1
-1
2287
-1
-1
1765
1919
4512
3596
4657
-1
1410
-1
4792
-1
-1
-1
3743
1833
-1
630
-1
-1
3876
-1
-1
878
-1
684
-1
-1
2276
-1
1272
3824
-1
1395
2218
4395
-1
-1
2372
-1
-1
-1
102
-1
4827
-1
-1
703
2041
-1
2363
-1
-1
-1
-1
2578
2571
-1
3408
518
4592
650
2114
2353
215
-1
540
733
4723
-1
4241
-1
2301
-1
-1
1290
4495
4839
-1
4396
1829
-1
4084
3621
-1
4561
-1
-1
-1
1830
-1
2031
4854
1112
3228
-1
-1
3163
1914
4724
3902
-1
3114
2251
1828
3546
524
-1
3508
-1
4142
1896
-1
-1
3011
-1
-1
-1
-1
790
4706
-1
3226
3912
998
-1
3500
-1
4744
-1
-1
-1
-1
-1
518
-1
-1
767
1222
2604
3945
2346
2098
2162
-1
-1
-1
2978
-1
3645
-1
-1
-1
2623
459
925
-1
4766
650
11
1793
-1
-1
1591
-1
-1
-1
-1
-1
-1
-1
973
-1
-1
3838
1878
-1
-1
-1
-1
1402
3303
473
-1
4382
227
-1
1291
-1
-1
-1
-1
-1
3509
4366
2727
-1
2469
-1
-1
-1
-1
-1
-1
-1
1404
-1
-1
371
4010
1942
4220
-1
-1
1313
1007
-1
-1
-1
-1
2424
2675
-1
3867
-1
3208
-1
4545
-1
1331
3334
-1
-1
-1
-1
3089
-1
4407
-1
-1
4437
-1
2478
2585
-1
-1
3409
4665
3333
4463
121
-1
-1
4020
-1
-1
-1
2679
2003
1820
-1
3027
-1
4424
4307
3892
-1
1476
-1
151
-1
-1
-1
3450
1868
-1
2831
-1
265
3454
-1
4859
-1
2746
-1
1333
-1
1504
-1
2540
-1
4222
2913
3844
-1
4500
1326
-1
810
4692
-1
-1
1271
-1
3344
2312
3236
1106
4842
1706
-1
3740
-1
-1
3157
105
1408
4755
-1
1332
-1
-1
287
1189
-1
1548
-1
-1
2237
3820
-1
-1
-1
-1
3380
-1
1001
-1
2631
1137
3562
-1
-1
-1
-1
-1
2980
-1
-1
366
3872
4364
348
-1
3904
481
3878
137
-1
-1
3070
4606
4726
2099
3306
-1
-1
2944
195
-1
2309
4857
3183
-1
2136
3206
-1
2774
-1
2512
-1
-1
3926
1194
2823
851
-1
-1
3360
-1
-1
-1
2568
-1
-1
-1
-1
3110
-1
-1
1277
-1
2968
2192
1878
4130
-1
3504
4592
-1
534
2946
4858
2974
-1
2371
2259
-1
-1
3523
-1
780
4859
1215
1506
-1
998
-1
3687
3841
1639
-1
4485
-1
-1
2522
4195
3740
1839
4374
2783
-1
-1
-1
2017
-1
717
1476
-1
2418
4512
-1
161
4029
-1
4616
-1
-1
141
1060
1241
308
4887
3872
-1
-1
3643
-1
-1
1989
1251
4124
862
-1
3630
-1
1533
-1
-1
-1
-1
-1
-1
-1
-1
72
1733
-1
1582
-1
-1
-1
2600
191
-1
4737
-1
