474
574
257
544
672
175
328
-1
-1
124
-1
298
673
277
-1
253
591
475
200
562
34
592
194
276
617
427
522
295
328
295
252
189
361
44
58
263
339
720
236
325
287
-1
506
172
273
720
-1
79
84
646
-1
289
347
75
222
531
216
32
36
399
268
116
430
667
125
236
592
300
87
402
492
426
561
651
49
23
529
211
636
165
557
328
-1
150
31
555
619
173
-1
652
368
698
595
297
598
150
23
444
527
475
-1
281
668
239
200
111
137
639
6
-1
62
594
292
419
215
323
322
530
188
156
294
451
87
284
273
235
113
534
577
397
25
-1
685
395
207
-1
11
378
710
125
216
457
8
655
292
608
295
144
41
721
8
70
59
713
494
667
530
121
280
486
25
185
245
142
48
291
417
698
529
414
78
595
98
-1
88
311
602
297
192
137
579
428
17
278
11
456
494
-1
388
272
463
-1
379
10
645
-1
350
236
4
485
560
74
655
367
414
292
483
-1
111
537
382
194
478
455
530
24
177
471
462
378
628
585
273
659
570
305
189
276
88
65
595
321
337
175
36
353
251
226
496
548
121
287
668
619
347
124
412
548
378
310
364
332
90
485
723
454
637
332
434
-1
715
178
56
121
382
531
368
170
23
261
332
327
626
634
491
283
712
446
720
343
6
229
595
173
20
230
506
79
161
292
370
553
181
327
508
235
405
545
78
679
570
105
31
377
240
498
354
65
290
211
165
136
246
575
98
614
233
277
229
452
373
561
236
348
519
293
485
49
50
624
34
679
572
271
354
725
493
61
512
692
523
108
543
115
395
239
454
36
637
95
561
6
337
416
351
263
516
184
416
78
164
65
62
116
480
121
679
505
-1
600
556
124
239
696
-1
-1
-1
361
238
-1
698
556
478
-1
469
322
58
82
724
337
351
339
641
393
322
51
102
673
585
455
570
-1
293
476
138
-1
699
29
41
476
658
-1
397
481
21
322
108
509
647
240
698
563
193
150
97
547
310
60
159
693
23
-1
126
450
280
273
-1
328
680
482
126
129
103
423
591
172
502
299
716
214
492
415
557
523
199
125
397
596
72
-1
320
218
513
277
451
423
442
290
-1
215
18
673
637
14
244
191
323
-1
132
527
498
59
653
522
214
596
654
178
181
366
457
61
443
101
320
588
505
434
485
234
270
-1
219
205
-1
25
629
57
578
24
595
332
160
674
128
312
527
598
139
585
705
297
425
475
511
334
15
232
218
40
720
643
649
472
19
88
100
343
376
582
641
198
699
626
131
124
726
475
166
623
469
602
353
435
641
391
650
68
234
390
302
40
-1
74
594
704
316
672
424
491
272
-1
558
365
266
392
36
124
337
150
393
482
198
337
310
172
297
255
639
539
234
417
-1
726
700
324
278
280
58
62
220
352
575
56
485
501
498
353
58
27
41
439
18
527
444
642
539
76
434
-1
485
590
623
623
19
254
399
623
354
430
440
126
-1
201
513
111
599
714
721
359
540
350
106
225
587
530
67
349
195
488
716
657
650
166
639
640
59
189
-1
474
538
573
142
516
550
707
579
52
400
409
585
199
557
427
481
596
596
389
301
681
402
297
-1
703
258
182
207
389
438
456
643
636
190
201
387
353
174
-1
379
702
591
310
483
646
39
455
681
258
451
263
570
520
-1
344
36
537
297
329
687
510
560
393
-1
539
-1
725
473
210
444
243
202
132
502
627
417
248
332
-1
130
277
319
219
464
319
405
470
243
609
137
244
444
395
286
144
211
725
53
367
379
582
248
290
222
345
635
443
647
66
27
16
87
-1
486
116
616
330
414
53
149
582
31
368
105
164
664
720
488
724
283
575
251
217
240
59
205
698
596
403
159
493
119
343
113
395
263
198
629
225
149
258
36
529
482
463
104
647
27
323
341
