43
455
-1
169
107
-1
1106
812
1177
444
1249
680
679
648
125
56
20
1230
264
1047
24
148
341
-1
403
703
852
523
344
-1
864
688
1093
207
623
897
812
1195
407
1047
223
516
812
652
748
377
1253
974
-1
20
716
-1
1044
732
438
759
152
-1
-1
1055
1135
-1
542
946
643
473
414
1165
-1
1000
1036
1135
151
74
144
180
208
-1
1093
1184
1055
1231
177
614
647
-1
993
227
256
67
456
1090
1064
660
867
731
209
884
743
354
542
256
944
830
1150
296
741
853
1180
773
1135
1245
183
1118
1230
-1
914
246
176
1069
526
400
796
-1
95
274
53
520
118
172
173
2
609
738
371
1104
-1
196
575
615
314
-1
913
-1
204
234
19
953
229
-1
238
464
186
353
607
366
989
833
190
183
659
625
697
412
253
823
1118
416
67
400
71
-1
953
803
671
976
660
45
394
35
697
689
1054
37
75
-1
672
1121
600
-1
-1
790
851
1212
30
-1
469
899
636
497
171
575
780
59
623
492
1089
1235
631
467
156
264
533
584
172
979
179
1252
165
-1
409
1130
594
-1
125
768
151
798
44
242
523
1182
642
1205
1048
952
1217
1140
-1
1034
684
1119
86
47
716
967
141
330
1119
1174
88
186
1099
-1
468
293
679
404
439
201
31
780
1168
842
-1
500
1100
509
1121
271
1235
-1
98
198
919
519
338
618
909
161
1142
188
1185
764
576
-1
950
352
149
28
360
830
612
528
1075
110
601
1127
953
804
738
1065
461
658
249
1178
1111
875
487
55
444
1034
422
-1
613
-1
1187
772
593
1085
768
1173
709
355
0
645
745
1126
-1
-1
-1
1054
1053
812
237
1190
617
1196
1077
505
205
39
416
-1
161
1000
-1
36
884
1184
962
1128
783
1031
-1
778
1219
814
492
679
239
1242
1098
675
208
-1
817
368
356
1225
1144
705
-1
820
1007
422
805
-1
653
1219
735
675
80
158
-1
530
1196
1237
294
1031
1139
181
-1
1243
807
1139
38
646
461
172
1222
441
539
290
361
888
38
-1
436
677
915
959
708
516
524
683
893
863
1089
549
754
1015
858
-1
332
738
264
510
1133
1184
320
955
-1
1169
966
459
87
-1
20
785
1140
275
-1
897
1184
862
1093
-1
489
1045
786
1191
497
915
66
354
254
530
93
1075
1096
1044
123
276
719
259
120
150
1121
366
353
75
873
284
792
12
13
265
133
508
346
26
1154
570
-1
993
660
721
7
1211
62
733
1001
206
18
1046
409
490
705
714
755
458
1071
775
14
1131
1214
535
972
241
427
414
1235
-1
411
485
488
-1
323
225
1159
1098
-1
988
865
-1
1090
788
-1
370
409
93
-1
671
972
571
1162
139
-1
1214
642
298
542
863
469
153
1130
1237
-1
1031
849
1133
397
120
59
1006
683
660
650
422
711
-1
937
826
339
260
568
722
713
492
1124
837
229
2
-1
375
438
1192
833
1064
232
679
938
1020
97
-1
416
360
1176
1115
709
-1
83
1122
20
747
290
1035
55
647
219
901
421
304
535
107
989
673
919
1090
1020
90
419
1082
114
908
555
376
930
734
106
635
964
506
1037
123
484
70
-1
739
-1
460
1062
36
617
1075
90
211
-1
1131
1034
1128
689
-1
832
541
1028
126
568
1235
531
820
856
728
1175
-1
1000
735
445
893
263
-1
-1
242
-1
120
848
414
827
655
371
-1
-1
397
609
1168
767
423
851
780
157
279
888
1090
1169
1034
970
242
265
757
749
892
1169
792
850
966
279
992
952
575
1184
714
384
647
580
483
356
1037
296
1046
62
350
388
294
671
532
1183
142
849
297
847
294
491
-1
97
1063
320
386
-1
975
974
141
424
248
748
1252
593
307
72
502
301
539
563
790
916
-1
948
254
869
1011
46
1134
-1
-1
266
583
587
974
1044
274
1121
531
1011
683
654
425
1068
1025
444
540
810
-1
-1
-1
921
-1
33
375
971
1250
915
890
1013
257
181
781
373
744
1012
341
275
-1
510
1252
445
455
-1
51
1100
1109
788
509
411
1025
490
1239
509
432
1031
787
195
193
1139
349
1186
1147
737
196
888
1
516
1046
761
172
666
1065
-1
524
356
553
537
504
597
463
195
1031
4
775
1135
349
916
814
833
186
691
649
44
-1
291
281
278
764
1170
1178
945
546
1098
744
198
382
54
877
368
1172
391
124
541
107
114
805
166
769
1250
605
-1
336
401
-1
707
475
435
314
-1
960
1065
1000
875
610
1161
678
897
865
608
955
323
245
1027
601
246
141
326
260
610
673
1166
190
185
1218
653
805
721
611
-1
639
467
739
390
979
398
264
639
468
128
467
1196
390
566
276
246
801
804
243
938
610
1168
283
871
227
66
-1
265
574
-1
1104
904
447
13
858
504
1048
476
1089
1120
642
675
388
1239
349
537
1045
970
1057
893
775
175
223
1252
674
-1
1094
790
1145
1167
380
1159
511
777
761
1054
522
713
660
124
455
571
10
210
263
587
638
880
-1
276
425
107
525
1118
1205
237
19
382
801
906
939
945
1123
294
1191
1130
1108
161
666
1020
353
635
870
352
807
-1
1186
908
873
172
1039
1007
-1
1246
651
577
896
502
19
49
58
320
394
-1
5
631
144
41
-1
879
349
470
757
778
207
276
652
-1
314
213
733
658
-1
796
1216
496
585
304
335
35
-1
475
989
1222
301
779
-1
-1
31
1110
-1
961
566
989
1023
139
223
1049
456
983
45
-1
306
438
92
542
996
198
388
-1
449
153
131
1045
171
1052
92
315
1234
390
684
211
1091
295
531
613
473
570
593
688
-1
170
936
1212
291
1116
169
438
792
151
576
899
1069
252
745
-1
160
1044
8
-1
72
1162
1130
-1
837
868
358
1123
121
245
749
128
352
113
1164
93
437
655
677
992
980
1186
1093
401
1159
14
559
826
74
567
67
327
932
877
195
614
536
1191
667
426
867
1121
1134
135
946
1143
1048
437
1165
747
12
291
-1
1154
411
810
260
5
709
235
567
710
527
756
118
541
1114
622
803
646
400
364
1096
1100
384
245
824
735
1030
634
1004
875
1051
912
661
661
1190
174
921
961
587
671
833
9
-1
720
70
797
1168
836
837
1170
88
585
1105
755
563
940
526
372
526
216
975
597
161
474
400
1212
691
1209
1085
658
-1
731
734
668
944
1105
812
1245
336
824
576
958
-1
-1
1118
55
497
523
232
274
716
544
1249
110
850
26
389
196
10
