-1
-1
-1
-1
-1
474
-1
379
-1
-1
-1
-1
-1
-1
-1
484
-1
-1
465
-1
-1
-1
-1
72
743
-1
8
-1
-1
-1
467
-1
-1
352
-1
0
604
-1
-1
-1
-1
-1
-1
-1
-1
-1
-1
-1
577
-1
-1
-1
-1
-1
-1
-1
-1
-1
-1
-1
627
-1
-1
-1
388
327
-1
-1
-1
-1
-1
-1
-1
-1
-1
491
764
-1
-1
-1
-1
-1
-1
-1
-1
-1
-1
-1
-1
-1
-1
403
320
-1
150
-1
-1
68
-1
593
337
-1
-1
-1
-1
-1
-1
-1
284
-1
-1
-1
-1
-1
367
-1
-1
-1
-1
-1
-1
59
451
-1
-1
-1
-1
-1
-1
670
-1
-1
-1
-1
-1
251
-1
-1
-1
188
286
-1
303
-1
-1
-1
-1
-1
-1
-1
-1
-1
-1
-1
-1
513
-1
-1
-1
-1
-1
-1
-1
608
46
-1
-1
-1
-1
-1
-1
-1
-1
-1
-1
295
-1
-1
-1
-1
-1
-1
604
-1
-1
160
-1
-1
-1
-1
-1
-1
-1
-1
302
-1
754
-1
-1
-1
-1
-1
-1
-1
-1
-1
-1
540
-1
156
-1
-1
-1
-1
-1
-1
583
-1
22
-1
634
-1
-1
-1
-1
-1
-1
-1
-1
-1
-1
150
-1
-1
-1
-1
422
-1
-1
-1
-1
-1
-1
-1
-1
-1
327
-1
-1
-1
-1
-1
-1
-1
-1
217
-1
-1
-1
-1
-1
509
-1
680
-1
-1
-1
373
-1
-1
1
188
-1
-1
-1
-1
-1
-1
-1
-1
-1
-1
-1
-1
-1
-1
-1
-1
-1
57
-1
-1
-1
-1
-1
-1
-1
-1
-1
562
-1
-1
-1
-1
252
-1
-1
198
-1
-1
681
580
-1
-1
-1
-1
-1
-1
-1
-1
-1
-1
148
-1
-1
305
-1
619
-1
-1
-1
-1
292
-1
-1
-1
-1
496
-1
-1
-1
437
-1
-1
-1
-1
80
-1
-1
-1
-1
-1
49
667
-1
-1
-1
-1
-1
-1
-1
213
-1
-1
611
-1
-1
-1
-1
-1
-1
-1
-1
-1
12
-1
-1
-1
-1
-1
-1
-1
-1
-1
-1
-1
-1
-1
-1
-1
-1
-1
468
-1
-1
-1
-1
-1
334
-1
198
-1
-1
-1
-1
-1
-1
-1
-1
-1
-1
247
-1
-1
-1
83
-1
106
393
31
-1
-1
-1
178
-1
432
539
-1
379
-1
-1
-1
-1
-1
-1
297
-1
-1
-1
-1
-1
491
-1
-1
519
-1
-1
-1
-1
-1
266
691
-1
384
622
560
-1
-1
-1
-1
64
-1
-1
-1
-1
-1
545
-1
-1
-1
-1
405
-1
-1
611
148
-1
47
268
-1
-1
-1
