1669
2251
1443
1844
2760
1249
1697
804
2163
1441
1960
1872
1098
1125
-1
2029
1818
2020
1512
1324
1808
812
483
297
2588
73
2419
812
-1
1057
143
2335
1292
2494
1767
2671
701
2420
2755
1253
2273
2791
309
949
1968
1379
-1
2392
2524
778
1258
-1
1909
1006
743
1402
1931
1265
2305
1963
2522
55
2186
2658
155
1621
821
1235
385
249
2056
2689
2737
2096
1278
-1
390
2345
116
2070
-1
2640
2706
1869
1023
111
2655
632
2093
574
2148
1214
-1
2453
495
1862
636
501
58
875
1269
1679
356
691
2405
1399
-1
2620
-1
740
2637
2281
1778
2061
224
2072
1043
264
902
909
2054
1692
2535
1888
1007
1058
2254
-1
1778
2063
2754
2035
1401
1172
789
1710
-1
2409
1458
2052
189
420
795
583
5
185
2453
2363
334
764
1681
1897
2512
2205
2329
-1
2092
1680
2799
2792
708
-1
2113
143
823
1055
2696
2356
-1
871
2131
1480
426
390
-1
1662
1372
310
2318
-1
863
1364
346
620
1326
1501
1149
1311
-1
2247
1841
1004
2358
934
1048
76
153
1646
-1
826
-1
2719
2552
2005
2137
2410
850
429
229
-1
2467
2200
482
2344
2197
2801
-1
1882
2637
204
1034
641
1860
911
1403
708
1723
974
865
1214
2571
-1
1348
1491
2208
1433
2231
311
941
2732
2486
2447
1481
1144
368
589
140
618
2728
1743
349
1743
2193
-1
-1
2351
2572
2394
2706
489
1271
1347
668
-1
-1
676
112
32
-1
1950
2420
1594
2119
2535
-1
751
1092
2466
1752
1987
2365
1753
816
417
1709
675
1562
1909
-1
1545
600
2536
1347
2137
1421
581
-1
714
591
2680
999
1985
2510
1461
674
2574
935
400
2785
1380
2544
-1
1589
2116
2133
2336
525
2373
719
2275
1631
1534
689
383
143
41
1865
2311
1212
2691
2663
2207
393
476
2410
1463
619
1971
1086
-1
2207
1815
-1
-1
-1
1768
1654
2557
278
1301
378
2218
2645
201
2142
1593
1422
919
2679
2756
2481
306
124
332
1187
-1
816
1743
374
1232
-1
307
2467
1041
1074
2626
2405
-1
1223
485
22
2698
697
795
2745
190
1102
676
-1
133
2199
2589
1784
555
1095
2422
2773
767
970
1586
264
2215
1854
245
2199
1170
452
1683
1480
277
802
1269
1954
67
1665
754
1377
861
1225
674
356
1574
1153
-1
1422
2772
1041
2051
2189
2445
-1
2014
291
2215
2697
412
1740
-1
2652
1911
2
615
827
-1
835
1226
312
1786
2008
1931
1883
2034
2418
2779
2500
1146
2248
569
2431
967
1823
2074
-1
149
985
2453
1436
2438
1032
173
2439
2783
2464
1505
1007
530
107
178
1136
2621
2051
2785
-1
1283
1358
321
2708
2227
477
-1
2267
2498
1236
561
1137
819
330
635
2676
23
-1
2017
2278
1008
171
-1
1611
1972
-1
513
1724
2588
96
681
1345
1821
-1
414
2262
1927
608
1671
2592
231
904
512
1270
1681
-1
2215
175
2573
1577
2160
2017
216
2349
1063
2356
2427
-1
1668
1626
1264
421
1257
1067
951
725
-1
2570
1006
1489
659
2287
1646
1237
779
240
1649
-1
1215
187
143
1567
2239
1036
2196
1724
2149
2307
2271
600
927
2390
2303
804
2265
1907
1388
2203
1513
2679
1345
1870
1722
156
974
1899
2677
-1
183
784
1356
435
964
1965
677
1855
384
235
844
61
616
1403
1605
765
-1
1740
808
303
2553
-1
666
2118
2008
652
2543
2497
-1
1770
1457
2333
-1
1100
1364
543
1048
998
1321
2278
1878
1781
1794
797
1642
1880
1086
-1
1708
2102
2799
1880
629
422
-1
1372
2633
2274
1936
138
2754
2463
1290
-1
1407
823
-1
1522
2396
1913
484
405
1414
4
2061
1348
1748
2603
1293
593
2549
2465
2391
2133
2078
2230
2125
-1
323
2266
2328
1348
1998
2453
1541
730
1107
513
2333
69
761
2268
2794
2192
1069
472
187
1887
1527
1698
2515
1830
-1
2523
652
1704
441
2782
775
2805
2788
1885
438
117
1669
2679
-1
84
2587
138
-1
2311
-1
417
2604
1874
1714
1491
169
1760
1243
1695
919
1531
51
49
1979
2261
377
2014
2454
727
1797
798
255
1782
929
-1
253
1349
-1
2590
396
1769
2143
61
-1
2357
2145
228
2623
1270
786
831
2612
2797
2294
2183
495
-1
473
1563
446
1773
626
429
923
2575
2794
2230
2791
2547
2198
1658
-1
1479
76
1276
2751
1301
911
-1
2797
2041
397
1009
1529
2239
2017
313
567
2320
773
341
2293
2347
-1
1827
1190
1776
1097
1100
879
872
1675
1999
1854
520
1601
575
613
2222
900
890
1927
1510
793
1445
116
373
124
89
2156
2196
608
1396
1513
1479
2163
706
1069
2497
-1
2167
-1
-1
1950
2542
1966
2630
2197
-1
495
1977
2652
2059
2319
1642
2283
2262
1498
1345
1959
809
1870
1583
-1
1117
969
2311
1854
2794
1637
126
571
76
2633
1891
252
157
2693
2147
2254
1766
2619
-1
409
446
924
1191
1592
911
814
2590
1931
455
1930
-1
2711
92
2182
553
495
2221
2235
83
677
89
2157
12
2501
57
318
1046
-1
2169
375
1227
441
-1
1873
1987
1336
1629
1632
1933
290
2035
1578
1807
524
477
0
1764
763
1885
263
1920
1903
213
2669
24
1090
83
-1
2470
552
1840
167
2616
2477
821
2360
28
-1
1668
1596
1278
2691
2751
488
-1
503
942
1211
-1
-1
2155
2021
1126
1960
1471
821
2575
2356
1164
248
615
1465
2596
2309
2391
2737
2778
-1
2799
1063
728
2562
1827
668
406
1803
2151
943
1892
76
2573
1872
-1
2517
311
2423
2479
1580
1091
1228
71
1783
513
482
2622
2787
613
2749
1490
1318
2137
953
387
967
-1
1195
780
1738
2792
2468
2579
980
-1
1650
50
1422
1580
35
-1
2590
452
1174
2564
1345
2403
1425
2678
40
452
2153
1603
2406
1465
855
127
1109
2501
1318
2534
2719
769
1679
979
672
697
251
2054
2631
1711
-1
-1
2556
457
72
1601
990
2437
2749
-1
2269
-1
1147
690
511
424
-1
1281
984
1500
2369
318
-1
1193
606
-1
-1
1576
1673
1978
2702
1984
1545
2665
494
541
397
733
107
2382
2372
378
-1
817
-1
2110
67
1897
2584
2413
1580
2012
1886
28
2041
1356
2684
2346
2249
310
1034
-1
149
2047
2796
2481
503
2688
2754
2312
773
1818
1445
976
1978
2755
897
122
1016
1741
2138
82
556
2119
438
-1
2733
2251
1387
678
1999
1650
2753
231
1445
1960
2171
667
1521
43
1786
399
238
2194
1574
2153
1432
64
476
741
826
892
1662
1554
1367
37
2443
-1
2015
1701
1995
1414
2489
393
2103
2498
-1
1228
1920
347
489
329
1399
619
770
2026
1587
1361
1516
1899
928
690
-1
1562
1327
2561
2471
1743
1330
2040
1107
488
304
186
2161
2004
2548
1358
1264
2737
156
1249
2116
-1
460
1345
341
1950
233
1238
746
251
1222
56
1400
600
2279
548
2248
-1
2776
1306
2172
1851
2392
2547
210
809
2677
1120
2083
1101
401
2787
1629
531
1660
949
513
633
2754
1638
1259
683
2667
1475
1092
-1
1349
2648
1641
84
1946
1530
-1
700
362
391
2221
1265
-1
45
-1
852
2277
-1
1973
2379
1538
754
232
-1
246
297
1382
2257
2680
1928
1238
1462
2683
1043
2797
1565
-1
1428
2718
1671
147
1252
476
1928
-1
-1
1457
2188
1691
1398
336
1134
992
2383
2552
949
618
951
1043
1983
238
1681
1554
2070
1699
1095
825
919
-1
2004
56
2731
1301
1348
2586
1042
1211
809
2533
2021
1034
2471
2058
2383
1705
1356
2432
95
1547
2701
2374
831
1026
-1
2490
591
2408
2213
1131
2663
162
-1
292
2585
2668
304
1046
1622
1504
2498
2802
1781
-1
1518
1149
495
-1
2093
1337
1504
2581
2496
1665
-1
-1
2357
2783
1167
400
523
2538
2420
-1
597
799
1279
56
2199
2231
760
-1
2236
2323
1405
508
2295
2449
1272
-1
2748
18
-1
885
2660
1412
1912
824
2771
875
-1
2204
2088
1256
2637
472
2639
-1
2488
2772
526
1863
2525
706
2274
983
1777
1703
937
-1
364
23
1755
2766
1559
2421
2683
1256
1624
89
1755
1370
2349
-1
1332
1015
167
1810
1977
1125
1673
1158
1501
1747
-1
623
1073
820
1569
773
-1
2103
2621
457
2566
-1
1380
1276
2115
869
-1
2587
-1
1230
1347
1272
2495
2569
2476
1150
-1
2414
1409
1638
90
-1
987
941
2722
595
2797
2435
2189
315
491
164
2256
-1
1498
41
1626
1473
1902
583
-1
667
824
1986
2757
1724
1101
1038
397
1909
1375
-1
1358
477
1903
665
301
567
2795
1878
922
-1
672
2364
2524
1182
2260
2540
624
316
407
493
636
-1
1810
774
1100
1434
-1
373
1542
1800
824
2253
320
2429
413
1599
1353
1511
1348
326
2640
2165
909
38
2785
1544
645
1153
-1
830
1875
2416
672
886
243
638
790
2047
2544
2442
2520
235
1604
1818
2260
1502
692
2196
1266
2263
858
2458
1516
2230
1597
795
704
232
71
212
1837
2192
2681
2096
2453
2373
-1
2420
127
1861
2583
1516
1819
-1
1766
1069
1069
408
755
412
2719
52
1302
2054
384
-1
2040
2215
341
1882
2014
292
2112
1489
2294
790
1548
-1
1469
347
2430
1776
873
1819
2419
1522
869
607
2383
981
1139
444
2138
1651
2622
579
119
270
1789
356
1983
-1
2530
2703
471
2373
1227
-1
178
2795
1777
43
464
727
58
44
305
918
1013
-1
670
2114
1216
1692
1976
1376
2520
-1
2577
1177
125
1974
1614
852
62
204
1380
2353
1779
2079
1820
928
203
1756
1868
2612
1820
1635
2268
1204
2030
14
360
2313
565
1904
501
1107
2597
1501
27
149
1763
1116
1929
1215
241
1466
2208
405
828
691
1656
-1
2239
-1
2215
427
53
1015
2179
202
-1
1163
393
-1
1149
808
1229
2188
2312
1923
1880
2309
476
2713
521
501
2774
1871
2505
477
-1
1249
290
2670
1554
2064
535
724
-1
351
1711
293
1271
149
2054
1721
1698
235
2156
30
2444
1112
521
-1
2079
2756
441
1197
290
776
87
2621
1453
574
1178
1980
672
2702
2024
2615
103
1577
1214
2128
1008
2487
236
2660
-1
638
804
2410
1211
-1
2122
2051
443
1649
2181
2228
2058
372
318
2534
1010
699
425
189
1313
1960
931
356
247
2737
460
2327
123
2676
1122
1711
480
2555
1996
2381
283
587
1826
2414
1091
817
11
1120
666
935
2223
1901
2301
2141
1167
895
2576
1541
922
599
257
865
1823
2584
1197
1434
102
1316
1423
1398
428
2271
1740
102
2755
927
1651
1398
97
2192
1424
1608
1461
487
2156
89
238
706
2599
408
2252
1522
454
840
-1
1684
2263
2013
392
-1
2757
2452
1716
2336
2397
804
640
2275
1299
2145
1264
131
329
1422
1697
2670
2235
1645
-1
1139
2799
1708
334
1229
2564
1391
681
205
2147
631
-1
1053
1824
816
434
1952
-1
667
1858
2766
2113
165
1972
1893
-1
2332
1964
1185
1685
2039
565
2658
2477
321
1520
1302
2155
2213
1418
2793
2585
987
1329
1514
2525
1115
1588
260
456
365
480
-1
564
2132
190
2736
1393
176
-1
2333
309
2656
2255
2253
2336
155
2390
2284
1036
2007
1830
2580
321
1118
894
2756
122
2193
1684
271
2355
896
333
1490
-1
369
852
164
-1
2108
2169
-1
2411
1662
2547
-1
-1
1605
1410
1783
763
1550
869
2433
752
1008
1059
-1
1141
2003
875
2476
2253
2605
1426
597
192
1995
1415
2633
1088
1669
1848
374
1527
1418
2334
2350
1277
2058
2705
1417
593
1563
423
660
2095
1079
125
-1
1701
-1
-1
2467
2316
1201
1648
863
1347
1701
150
1076
1432
1750
1980
1901
503
1577
855
2182
2571
2174
1946
2670
2122
2667
1886
354
2788
1551
1724
2054
2090
1381
2662
140
9
2537
355
310
1968
2061
199
501
2513
648
1391
2363
2764
-1
548
780
1732
1343
1098
2197
1796
323
1667
1732
1853
293
1830
68
332
710
84
406
1259
268
2567
2646
1008
1986
1748
1728
1190
828
813
1666
701
2553
1770
2679
2026
727
1371
284
2393
1183
1426
1010
324
731
2757
1234
17
487
2751
97
1977
569
642
401
1945
263
1277
1858
1312
1014
658
782
1710
250
65
600
1857
1059
-1
331
1830
1816
1276
1394
2034
1786
253
1121
2372
-1
193
730
484
1372
448
2476
2465
-1
357
-1
2179
-1
2020
929
1075
2628
-1
542
2432
1187
1484
1412
1609
496
1830
2752
1276
2096
1764
2125
201
2270
-1
678
2174
2025
2110
18
964
2365
269
897
2718
826
140
1432
2201
1744
1412
1699
1143
2183
2471
1009
2631
2325
1193
2191
998
1851
1901
895
2257
2516
-1
493
2003
1666
1361
782
934
-1
2032
1034
819
2207
1191
274
2464
2018
2292
1117
792
1632
2771
1156
1697
-1
155
1652
2466
1699
1289
412
1231
853
2260
2609
1234
357
2626
2491
1403
212
1122
993
227
288
-1
-1
299
1132
1058
1511
1071
471
741
1495
2597
1547
2370
166
616
1964
889
624
1566
1734
802
1073
1668
2193
1249
1438
962
1512
934
831
1655
1798
239
687
1053
2011
-1
965
1061
1748
667
1487
2729
-1
666
-1
1494
1088
543
909
1169
-1
820
404
317
2254
238
1425
2248
85
2781
2633
2203
1475
1574
2545
1487
125
325
1459
791
2079
2390
2415
1724
1633
271
976
505
206
1914
1597
-1
2628
128
114
1986
2194
2570
2682
1039
714
441
896
2109
2579
1237
2483
139
2672
863
2202
1324
346
2697
1648
1084
849
691
2171
2309
882
218
979
2382
966
361
1726
722
2111
780
2735
639
306
-1
2806
2064
257
1667
1248
434
-1
-1
2269
765
1110
2304
1078
705
1091
2045
481
2397
1125
2173
1866
1494
2157
2163
843
1541
2623
583
13
1819
-1
727
2115
579
809
1920
2023
800
1664
647
648
1344
2553
1899
392
2291
1862
-1
1775
441
1786
-1
198
1746
106
2789
1765
1624
537
1667
2014
2517
1250
2187
731
504
525
1042
2666
2668
1554
300
2063
815
2243
882
218
216
-1
1505
2474
319
693
134
561
1082
2384
2494
-1
2320
-1
774
2618
-1
779
-1
1080
878
1337
76
909
1878
2643
248
853
2403
2723
2324
2109
1961
1687
2752
1167
2679
-1
605
-1
312
705
889
2239
361
2109
1243
1548
247
1875
793
120
1886
-1
245
2134
1006
519
2294
1680
1789
1262
674
110
1266
2146
183
615
1530
755
986
-1
960
172
104
2396
704
1821
2401
986
2064
861
2749
-1
1717
2776
2409
1472
2456
104
1995
972
2425
1720
2064
2364
2709
1265
704
465
577
1762
1486
582
2080
982
713
94
145
1652
1852
1320
1541
2510
2713
1550
2129
1163
542
-1
2802
852
2228
922
2427
2783
1978
2004
797
437
1253
1939
1294
1736
373
1149
511
1995
739
809
-1
1270
1608
2627
2556
2476
2433
728
2018
2662
789
-1
2663
2504
1271
1995
908
2449
1538
485
2536
1009
-1
2702
1968
791
735
1854
995
2525
1221
-1
2803
-1
1189
274
495
1307
291
1323
1610
16
2183
-1
597
1297
379
-1
2621
-1
-1
96
1327
2380
2556
1333
1032
2578
755
1226
1878
-1
996
-1
1435
1197
1953
736
1255
1912
482
1864
2549
1624
2520
2530
52
1571
1188
184
1095
1789
1853
1619
2627
1853
1237
2507
2060
880
1614
2645
1103
-1
1944
-1
2512
1407
1288
489
574
2051
2704
2090
731
1487
672
2321
1590
2792
1051
2022
1856
1869
298
2768
725
419
2490
96
205
1534
1694
1871
561
2676
1832
2526
2061
1529
-1
713
311
2638
-1
-1
530
426
-1
2620
2372
-1
-1
1377
2085
1438
1708
911
1883
5
1880
52
548
2755
88
1441
210
1043
155
47
1318
634
682
2481
833
1249
1288
2092
817
779
915
954
1312
2358
2720
1496
835
2293
2400
635
149
-1
1428
1038
460
188
1409
435
126
164
188
871
2745
1563
2302
2301
2199
2456
1221
300
1857
2475
2067
-1
461
2157
1029
1253
127
-1
2154
620
142
895
1287
-1
123
1095
982
1769
1868
1127
2403
2795
2041
2060
1653
2364
-1
1176
-1
1885
173
2095
9
206
1604
2555
417
2676
896
1551
298
2496
1181
2668
197
1379
1880
958
1496
2078
896
943
-1
1976
795
1679
101
2802
898
2611
2683
344
2755
2250
-1
1692
1773
227
2114
1839
2793
511
1341
1290
-1
1953
476
1402
2161
-1
2505
1849
-1
246
82
1684
1281
1726
678
2465
1054
-1
2639
1572
1501
-1
750
1389
2108
1838
681
1272
2526
-1
402
1130
419
2431
1223
-1
2349
700
-1
1314
315
1302
488
1776
210
1964
127
849
1
1783
2710
2805
290
1823
1291
1042
761
1018
9
2649
1816
1592
486
895
-1
2382
1810
-1
