2002
1828
2062
3081
-1
-1
2475
341
-1
1207
-1
3276
2608
839
-1
2128
1815
-1
2519
1037
2371
1358
-1
1192
1889
1098
1567
2982
1167
982
2843
410
-1
1134
174
1179
676
2409
1019
-1
2011
1081
120
732
1617
3115
-1
2271
-1
80
2066
2771
-1
2930
1563
3322
933
3007
2254
1879
1841
56
1720
43
1027
1644
2945
329
2396
1326
1465
2861
2695
2003
-1
1237
-1
2412
1458
242
-1
1774
50
2962
1136
754
957
1735
1885
1584
1184
1152
-1
626
2319
-1
1323
1933
-1
-1
-1
866
2763
2046
809
2090
1699
1509
2664
1124
-1
-1
2102
1656
2239
1491
2934
-1
2242
2799
-1
-1
2541
1460
1733
2001
1084
-1
671
2551
1675
2539
2237
3194
32
-1
1899
2014
2977
-1
1835
3244
2720
2698
694
2555
848
710
3317
1834
2309
1424
2530
946
46
-1
1924
2884
2562
-1
2702
1067
2018
-1
1242
205
243
1352
3077
1627
1062
914
1214
2321
1122
1712
-1
3020
-1
257
1345
1058
-1
1158
2897
504
-1
357
1279
2828
-1
1052
-1
-1
2686
-1
1256
300
199
-1
1345
953
559
1650
1413
-1
159
-1
3252
1483
856
503
906
478
2362
1802
910
-1
1565
3012
1854
1222
897
416
2710
2986
353
1391
2013
1496
552
863
2213
2508
3061
1178
-1
1886
3027
220
28
-1
1595
-1
728
-1
894
2565
-1
-1
-1
-1
1192
1200
-1
2284
2767
2654
627
-1
408
1362
2746
-1
1855
3222
2653
2203
-1
2280
287
53
-1
3165
907
3106
3309
-1
3043
1557
2640
1648
1747
-1
14
1205
1553
2219
0
-1
2004
-1
1465
-1
1403
-1
1848
1284
2511
-1
1027
413
1224
262
2946
3031
1074
1388
-1
1065
3027
1873
-1
2627
3260
-1
384
-1
1534
2153
2344
1909
2994
-1
2897
-1
1163
1427
2161
3102
2942
345
985
870
1136
544
1735
-1
856
2856
446
1663
1270
2796
2151
1012
3312
949
488
2971
-1
-1
1477
723
2727
2259
2621
2607
2064
668
953
169
671
-1
-1
1174
3100
272
1286
-1
1451
1721
2594
617
1849
2109
2824
582
509
1000
962
-1
3038
541
3036
650
142
-1
2902
569
3083
2040
-1
510
2949
2962
654
2491
855
94
2021
2207
3116
-1
2028
173
1181
2859
2630
2378
2642
1321
1688
2266
1490
3318
2940
2795
2557
1903
1836
2310
698
17
-1
911
-1
-1
902
1340
1557
1807
1818
2350
867
2838
1822
1300
237
2063
797
-1
2561
955
464
667
2054
607
-1
2991
-1
910
12
3039
1124
2792
20
2510
-1
2723
1950
100
2840
3063
1963
298
2310
2823
709
2460
-1
1346
2343
2497
2181
362
1704
-1
818
2533
-1
3278
1874
538
2347
376
675
541
901
1261
48
1089
3194
-1
3257
89
-1
1957
1476
1711
2986
1051
456
-1
-1
-1
207
-1
2843
2916
925
-1
2689
-1
3188
2430
-1
1541
-1
-1
55
1835
755
1346
-1
2196
3344
1735
998
144
-1
369
-1
1917
519
1172
-1
2176
1308
-1
1078
1195
1879
1737
3310
1280
3306
3229
401
524
-1
2096
1815
-1
3150
-1
-1
2471
2931
2329
627
-1
-1
1827
1577
3264
249
415
3049
446
-1
1587
1619
610
3271
978
2640
-1
471
82
1312
2755
252
2795
1612
2502
3310
-1
1381
3020
816
2627
3283
294
-1
-1
892
3003
-1
980
-1
-1
1887
1179
2570
-1
2100
1456
186
536
1890
456
1812
1870
-1
855
3080
3096
-1
516
-1
1726
1941
1324
-1
1493
2440
556
1264
-1
1726
-1
1145
332
1957
2484
1336
342
909
2604
478
989
3137
-1
2351
-1
1610
-1
-1
-1
605
1279
352
771
1451
-1
3213
1777
2602
910
-1
377
-1
700
1586
958
1458
785
3288
53
-1
910
1144
3129
35
189
458
3238
2667
1082
3344
-1
578
1570
1790
807
1439
994
-1
311
1397
2875
2350
901
541
2987
435
3008
2941
2254
633
393
-1
802
2922
2580
3103
-1
2683
-1
-1
-1
3247
1253
2206
337
-1
2128
-1
3128
95
1171
2466
1118
1048
2014
-1
-1
3197
545
1043
1055
2205
193
2519
1389
1854
923
-1
976
2150
-1
-1
1582
1084
170
467
519
2157
2607
158
1777
824
2943
532
2474
1603
2314
3275
1584
2905
2725
1511
927
3054
-1
842
-1
2581
675
2861
1857
1710
-1
2565
1215
1455
2144
3213
1543
2187
2363
1105
1777
776
-1
1987
2613
1284
645
1540
350
2741
3242
559
1452
2607
966
-1
-1
376
550
-1
-1
-1
1660
948
-1
1599
2756
2796
1980
3338
-1
494
671
2543
46
-1
-1
2406
624
1352
2674
1097
689
-1
570
2989
2170
1956
362
1948
304
1709
-1
2997
727
2046
1843
2563
336
3082
-1
2626
739
802
3359
2729
1753
257
1901
-1
-1
1840
3032
2184
87
3271
1119
2542
1914
2854
2773
2434
-1
883
-1
2007
1314
691
-1
3061
-1
1455
1371
2365
3045
1768
-1
915
520
3065
-1
421
1368
2177
3311
3157
152
2990
-1
671
-1
-1
-1
573
371
-1
880
-1
2689
-1
1408
617
408
2092
-1
3369
2913
1114
2110
-1
3131
-1
681
2379
-1
205
2222
232
1815
-1
-1
3167
1892
1854
-1
-1
2627
2455
1391
-1
1804
1785
1982
2148
2117
3041
-1
2725
-1
-1
2125
2128
1199
-1
-1
2070
1714
107
3010
1347
1572
106
547
-1
1540
1462
-1
2695
458
988
2243
487
978
-1
-1
271
-1
1343
478
3065
480
696
1604
2486
2907
-1
2488
-1
1335
747
1100
1007
3283
1551
2562
1063
662
1619
786
2740
638
-1
2937
1676
938
1273
343
3325
3209
366
667
3352
189
3145
1595
-1
3157
2679
2635
676
1200
1006
2957
273
-1
-1
-1
1129
-1
1933
-1
-1
-1
2958
-1
3120
-1
2983
3064
1651
1070
2194
1103
2686
2714
3269
2720
1790
215
1593
2906
1250
1824
1893
-1
-1
161
2661
773
1670
1540
1409
2727
1307
1709
2654
604
614
1349
-1
1102
187
1705
1813
2916
1734
-1
204
1933
3173
963
905
1679
450
1174
-1
281
2143
1539
-1
467
-1
778
3315
679
395
-1
1837
138
2984
733
2510
1796
1845
939
1732
3174
-1
-1
1331
2001
2896
413
2060
-1
384
582
3090
2274
2393
2581
-1
502
1827
2160
-1
2506
1566
1283
-1
-1
1582
1258
1402
2796
551
1281
1088
1366
1050
2591
-1
3369
1530
2553
1081
2677
3324
99
2235
2882
1774
23
-1
-1
2776
2194
2033
2407
1333
578
-1
2888
2875
-1
2789
829
1191
802
798
2755
560
2853
669
1345
223
1125
1553
-1
1944
-1
2030
1086
1709
657
1265
143
1820
-1
498
2254
-1
12
923
252
1098
2157
691
879
2398
-1
1768
637
229
2345
195
734
-1
167
-1
2209
835
2318
1758
2491
484
-1
-1
2836
1207
2977
1714
2555
1591
1669
69
42
-1
2474
2754
1173
607
1030
765
3084
-1
1133
-1
2548
157
1196
3103
2445
668
-1
-1
1017
52
-1
793
1992
171
-1
958
3299
2203
479
1103
1059
-1
2041
-1
2546
-1
-1
3132
1278
1390
40
1526
913
1580
3125
1676
1304
2864
2930
1450
1937
1103
791
970
-1
1253
2845
1410
3364
347
2396
815
3244
2743
466
1377
1600
1423
523
3300
2216
1917
1302
1535
1628
616
2358
516
3279
2224
3281
1768
2672
-1
2859
1429
93
107
2639
1828
1840
-1
297
8
2444
2870
2008
599
-1
45
1559
808
-1
39
660
1464
1785
3148
-1
2018
2870
-1
2528
-1
513
630
26
3322
-1
73
3083
295
858
-1
2466
1170
-1
1812
387
1207
-1
448
2748
3104
-1
626
-1
448
2679
1531
362
1491
883
343
644
-1
2995
2117
1586
2222
2658
1396
444
835
2647
589
230
954
3229
-1
-1
3272
0
-1
2219
1939
365
906
2000
319
2979
1312
-1
1433
762
-1
1948
1996
1033
-1
3223
2990
3313
1278
2183
-1
337
613
458
1147
2656
177
616
-1
787
2124
1697
594
-1
-1
318
361
400
2500
1470
-1
365
1097
996
3090
19
1745
2545
-1
739
2761
1191
-1
2348
2918
558
248
-1
578
2923
1768
850
302
1373
98
2535
1454
198
2961
217
2584
-1
3337
630
2610
193
2557
1914
322
2737
673
1759
363
1472
714
1637
1479
-1
512
-1
2622
3016
672
2344
908
2942
1646
2765
2873
2973
1149
430
342
2273
-1
1040
1600
2546
1103
2019
408
2981
1733
1767
55
-1
3248
2867
2195
2108
1009
2650
410
780
364
2594
2412
-1
789
-1
865
2609
3101
514
1904
3101
1301
1984
1307
191
-1
3185
3150
2179
1805
3168
2249
-1
2420
1846
253
170
1323
-1
-1
2626
2814
2066
2830
-1
544
2936
587
730
1567
3164
2881
441
1280
52
1676
3252
1333
2697
2496
1513
32
2263
188
-1
-1
337
3017
2141
1594
3108
3069
931
1643
370
-1
1572
818
2525
561
2093
1182
2183
2791
3307
632
2068
2118
1155
-1
34
2455
-1
556
1376
938
1113
816
1040
2877
2173
-1
295
2924
2832
1513
92
-1
479
1343
-1
213
3062
605
1605
2196
1965
-1
1059
2958
-1
1192
2118
-1
754
3008
2612
1211
-1
2999
2897
1207
2573
2343
1196
2434
2621
2735
2127
-1
902
73
2990
1300
2016
220
2987
3253
479
532
3162
1392
2592
-1
432
-1
2598
1559
-1
1576
1079
696
1535
115
1071
402
-1
2882
1505
3164
-1
2486
524
-1
2523
-1
2595
2261
-1
430
1854
2243
1669
3315
-1
-1
2936
179
2378
761
3301
-1
-1
2204
816
2661
2518
2291
1855
1910
888
474
1044
-1
3158
479
1766
2504
2297
938
1114
3109
562
2305
51
1367
-1
-1
102
627
2668
2969
1531
1583
2363
2906
3211
2931
682
1835
1656
1073
1884
2033
2275
2408
2961
-1
2858
1168
971
538
2268
413
531
1207
-1
874
2394
696
1741
328
1924
3253
-1
3162
2797
1751
3283
1736
-1
2643
2507
1879
845
-1
3184
1807
141
-1
2681
-1
1402
-1
1567
1561
-1
-1
2162
1025
232
1088
-1
1320
-1
959
2616
656
3284
1587
-1
3055
1327
2291
-1
-1
2636
1339
512
211
1857
706
1196
-1
934
2271
384
3210
2526
-1
2277
749
2868
330
1327
1261
-1
-1
1168
1191
3144
2327
-1
1243
3100
2870
116
600
2222
1900
1493
120
2015
1626
3050
-1
3160
2702
1154
1228
254
1332
-1
908
2400
218
1959
1021
2162
519
1146
1807
2330
2358
3292
2589
1368
1521
1249
1898
2109
2904
-1
-1
-1
1003
2096
814
798
45
1777
2872
824
2353
2744
543
1741
605
1721
-1
656
3101
444
-1
2641
2023
-1
-1
-1
-1
-1
1387
492
2145
1559
2526
463
-1
2267
476
2542
2397
1830
2696
77
1096
1750
797
2396
-1
3098
210
246
2308
-1
157
50
415
551
1158
-1
-1
3133
1477
2420
2588
1827
2447
771
290
-1
226
2028
-1
2678
2003
-1
-1
1181
2176
-1
2626
2818
-1
773
2578
386
2432
3094
225
1086
791
1298
2245
3227
189
1201
2982
2394
2465
1679
694
285
245
1223
1568
-1
1792
827
-1
-1
3159
2947
3273
3273
826
2957
1522
2690
-1
2362
2484
1190
-1
3220
-1
3349
3261
1040
-1
945
1704
-1
1191
-1
589
2227
2680
218
737
1052
1525
2348
2637
2186
1284
1208
370
2580
649
1188
2804
913
2410
3035
1165
1452
1200
1788
2002
2785
1913
396
1406
1842
1893
1543
1260
2657
-1
222
3132
2395
2196
503
2922
3198
2197
738
354
-1
-1
212
243
502
44
964
-1
2268
2202
1573
1806
-1
2393
486
-1
412
-1
483
-1
-1
2754
2890
-1
-1
2321
1915
-1
-1
1999
2326
2931
3359
1566
2645
-1
1488
1025
490
2349
-1
1474
1785
2882
1875
1119
1723
-1
-1
-1
-1
2772
2906
3127
2232
1767
1846
2710
2418
-1
-1
1124
867
144
1334
2539
1199
3281
1242
3077
651
3137
232
1347
-1
956
959
822
-1
1670
2351
1613
2041
2700
629
-1
606
679
852
1568
-1
-1
99
1074
-1
1902
374
2134
2126
1854
-1
3001
2226
1605
-1
1224
1545
250
617
1078
-1
290
-1
2940
387
1019
2668
1849
-1
652
1904
174
2343
1543
2177
558
1955
976
2089
708
2524
2927
1663
-1
-1
969
2341
2549
-1
1669
2708
2726
2012
1531
2052
2103
669
2532
190
2530
359
2395
850
2725
2821
2348
-1
-1
623
2756
1449
229
1958
2181
2178
555
1686
1721
1901
2372
2020
-1
3304
1322
2928
183
2195
1977
-1
186
-1
-1
0
2213
1320
78
2311
3019
1392
691
2732
3214
390
-1
-1
-1
-1
-1
2259
3209
1950
2638
1082
1062
573
2169
-1
1812
3019
2686
1027
1760
460
1521
103
2341
467
1665
544
17
1648
-1
-1
2001
3103
-1
184
2245
1097
-1
6
-1
81
2017
2509
-1
-1
3019
-1
996
2590
1474
2776
147
1243
-1
1260
-1
1568
814
231
455
18
2384
-1
3071
2998
2420
2842
-1
889
1534
-1
1177
1571
1071
2787
2545
-1
3290
2918
1557
2465
267
-1
-1
1124
1278
566
-1
-1
-1
3217
2716
836
-1
1493
-1
610
-1
444
1345
2075
493
179
2222
-1
274
575
2285
602
2889
1291
1127
2170
-1
215
302
2297
2086
416
439
-1
525
1463
212
625
1743
-1
3154
64
2779
22
333
1469
3097
2767
1649
839
3184
-1
1376
2526
2262
-1
2168
717
1430
2369
-1
880
44
2262
3033
2906
2992
2754
1155
2342
883
-1
318
844
1993
-1
2564
587
498
-1
64
-1
3314
836
2604
2001
3033
3336
2682
2270
1249
-1
2801
359
2181
1475
1845
3063
1834
316
358
191
2636
1768
3182
-1
2502
1348
-1
698
2607
761
2409
-1
293
-1
2524
-1
2507
2638
934
2866
1659
1530
66
1111
1388
-1
173
267
512
2668
1949
3218
3162
151
-1
3163
52
771
1061
-1
-1
2211
-1
721
3197
3154
2614
2745
2725
898
656
55
-1
1103
1993
353
-1
608
1776
1386
-1
-1
-1
2810
-1
2909
26
2440
87
1475
3160
2779
1855
2717
612
2245
-1
-1
2654
466
1648
3102
-1
2658
2547
2736
-1
366
2758
-1
1097
-1
58
-1
610
2947
-1
2853
-1
1941
-1
171
-1
948
-1
2051
517
867
1485
801
482
2640
190
2569
1472
1741
-1
-1
-1
169
-1
1481
509
1033
-1
1506
-1
2532
3039
2720
1607
49
2536
517
-1
-1
-1
2459
567
-1
2915
-1
648
1395
370
1264
71
2715
1342
2700
1563
-1
2997
3255
1665
1286
2015
-1
31
1106
-1
1615
-1
578
3201
1254
1661
1771
-1
1891
386
-1
825
-1
2153
-1
507
2197
-1
1223
2777
193
2914
1226
2032
46
2397
923
1385
934
1649
103
2933
1239
-1
2958
1161
2202
-1
-1
101
1342
2981
1422
1839
10
2066
1128
1196
393
-1
232
2430
2525
1062
1901
974
1176
-1
2843
897
2871
1363
2965
2604
-1
2250
2503
677
-1
1709
2847
471
3164
1804
3323
687
424
3209
2560
2585
-1
2018
100
-1
885
-1
-1
-1
877
1587
2484
2297
435
-1
2455
65
1839
2341
2838
-1
519
446
1736
546
961
3281
651
353
950
1726
1724
3341
3301
1846
1790
2830
-1
3329
1300
1165
-1
2041
2051
2599
2795
1316
1033
2121
1962
1246
-1
209
1476
77
2598
45
-1
834
482
-1
1728
102
1969
1118
878
2876
-1
1473
1061
-1
2793
1453
-1
2570
1965
1628
2447
1669
1682
2696
2718
-1
-1
1356
1704
851
3304
2524
1886
-1
161
-1
739
524
978
-1
2069
97
-1
1086
1091
2951
1382
-1
3097
-1
3081
261
366
2572
25
2506
295
2610
-1
856
2712
3318
2966
1579
2677
2489
215
54
3363
2268
84
-1
-1
1270
416
3180
3204
-1
4
892
3201
1998
-1
228
907
-1
2087
2675
1499
1059
-1
1928
928
2208
2015
1366
716
2766
1309
2398
2216
2749
1366
2770
1066
888
1204
-1
689
1969
1064
2416
3342
1735
3331
882
1352
2469
3009
2045
-1
377
3167
766
2134
2793
1195
143
3342
2575
1203
3288
2549
-1
2051
2355
48
2244
751
1132
2907
3045
1339
31
2275
2245
619
1682
-1
2107
1202
810
3038
2326
2247
188
3262
3276
-1
2436
849
476
734
1950
-1
728
2861
2745
-1
747
2371
719
806
3280
1036
2189
570
2271
1726
-1
2115
2999
980
102
1613
1387
2346
-1
1325
25
-1
-1
2029
1257
533
-1
1822
662
1185
3136
2062
1145
3109
2311
870
1562
-1
1102
6
3008
2906
1634
578
1847
1905
67
2138
105
1251
1213
-1
1151
1241
968
54
-1
78
1284
2304
68
-1
39
1280
-1
809
1777
2993
2847
1761
1270
8
2144
2663
111
1720
-1
2027
3072
3122
947
2618
1992
456
2890
1050
2999
2003
2226
1078
1579
81
1823
1621
-1
700
1684
2551
-1
186
259
2221
514
1882
77
759
2511
1849
689
1616
1314
-1
-1
659
1062
1307
1491
2081
300
-1
2074
2066
1352
177
1094
-1
2915
1825
2317
2958
2929
2435
2484
730
246
2422
856
2778
1602
2326
212
2179
590
777
3048
2765
1293
-1
1523
-1
2907
2440
1058
-1
1220
734
-1
-1
353
1397
1922
802
-1
627
3228
133
2828
2133
2012
2052
796
2746
1351
1982
2747
1378
1422
2147
1697
693
1450
2317
388
1933
1345
2844
3355
2706
84
640
2851
66
732
829
2907
2232
3168
1261
2929
-1
1113
2705
574
-1
-1
2832
-1
2809
2301
1127
1472
620
2962
-1
540
117
479
259
-1
-1
3197
1439
347
1450
825
1159
3159
345
2178
2990
2575
1449
2022
2704
2807
500
1400
2109
-1
64
2750
1060
2205
569
-1
-1
-1
1168
2163
3140
3009
179
2121
2726
-1
-1
1351
-1
894
253
2392
1530
-1
2164
294
548
3278
776
2961
1102
608
2725
794
504
880
1683
-1
1757
893
-1
537
2745
3057
213
2001
2857
-1
2946
121
1411
535
-1
626
2572
-1
1250
2030
-1
64
2350
704
-1
1528
2714
875
-1
1102
332
1834
701
2315
2295
1509
2269
1824
3001
2996
2910
292
2634
3113
1793
1134
1377
2741
-1
1615
28
2734
2001
2661
74
230
2907
2796
1485
333
-1
2880
1804
1572
2872
-1
-1
17
-1
-1
3330
-1
1728
2447
2472
2130
2981
-1
1360
-1
2598
-1
1971
1714
1376
623
2430
2576
1569
855
2715
1346
1477
3042
3201
1291
728
2832
617
2592
-1
1558
951
195
2581
3147
1329
2990
-1
-1
-1
2498
1309
3080
1115
2148
206
2967
1529
836
-1
2770
2945
1584
2942
3063
-1
2113
19
1237
1904
1147
2378
2676
1005
885
1723
-1
1157
-1
2347
762
972
1559
1025
-1
3066
-1
-1
2925
-1
125
780
1861
1893
2535
748
3268
1299
747
2704
2298
1921
1444
-1
2861
446
769
570
3280
2872
2797
341
-1
2985
2068
2257
-1
2172
-1
2116
6
3292
2412
2830
1308
1388
1136
2929
2267
496
1303
1840
-1
3065
129
92
998
-1
-1
1192
1714
2102
-1
976
156
3160
1396
2661
3072
1004
1657
170
1467
2378
2563
1231
410
2718
-1
1815
-1
450
567
1891
1972
783
198
3115
2541
1179
-1
1663
-1
925
2236
105
-1
835
1931
102
2414
2251
2093
2735
3098
478
1837
2241
2638
1845
3262
3271
-1
2680
2263
-1
2718
2317
1657
2285
129
479
2134
2862
3310
2850
2406
2722
2706
-1
1822
3152
736
1273
-1
884
1446
-1
1031
-1
-1
-1
2531
1369
614
2077
-1
1621
2436
-1
1253
-1
2399
45
2687
1498
1700
2513
1683
1196
816
239
1439
2924
2221
1585
1065
2822
-1
2535
-1
-1
-1
3217
536
-1
204
800
2587
-1
-1
3328
1141
673
-1
2888
188
-1
2622
3183
1249
447
2315
1399
1476
1081
-1
-1
1623
2707
-1
1518
2398
2402
3367
2900
1452
2710
2030
-1
519
784
1983
2625
546
1776
2947
2786
-1
-1
2832
1168
2870
-1
2690
-1
-1
2519
2300
1035
2107
-1
1969
-1
824
2984
3011
636
859
-1
2436
1414
2723
2176
143
2899
-1
2881
275
2842
1307
2476
900
910
647
2036
2142
551
15
-1
2253
700
330
3204
138
2439
3288
2295
1373
134
1261
1998
1386
2555
-1
923
1614
74
-1
1956
286
2491
-1
331
-1
2834
396
4
663
187
1736
735
186
847
2056
-1
2198
2593
3208
133
135
-1
3204
2348
-1
-1
2763
-1
458
630
938
629
318
1127
574
28
1076
1535
1604
1647
1072
3202
1870
2691
710
1253
2404
402
1146
1739
2488
-1
1660
2759
-1
2368
-1
1470
2718
787
2787
3347
2794
964
411
1780
2135
3200
-1
2697
966
2396
321
1019
267
-1
193
893
-1
3187
1823
-1
2927
-1
3076
2758
2657
2242
2076
104
2895
1348
1982
2882
583
2365
1037
1651
3231
-1
1168
36
-1
1173
1697
2859
1619
135
-1
831
2770
2117
680
560
2454
1959
-1
-1
1967
-1
1968
145
1526
1017
393
225
2704
2645
1358
1110
2994
1324
1460
2406
1873
411
2075
2245
2637
-1
2565
1557
3104
1456
-1
1458
209
1388
846
1974
3319
2376
-1
907
-1
1452
-1
2196
-1
460
1497
946
2543
2392
1162
2677
-1
430
3318
1986
1533
1972
2882
2679
502
-1
411
3006
1235
1869
3194
1766
-1
-1
1199
-1
2086
934
2067
-1
2167
361
1884
3287
1707
294
2636
656
164
1666
2032
1682
-1
3123
1291
1271
2707
-1
2706
-1
-1
2494
172
285
3352
-1
1984
1200
2409
267
-1
-1
-1
659
1377
-1
2177
2284
461
-1
477
1917
3283
495
728
1070
2188
1656
3222
2964
3124
1890
1825
-1
-1
-1
-1
439
-1
216
835
2708
-1
2560
2880
1611
2959
78
2946
2506
1782
569
3262
1147
-1
606
-1
798
2387
1558
705
1106
821
-1
2559
1771
747
1819
2900
113
1892
1630
-1
-1
-1
2522
504
1718
2216
2349
1599
368
600
-1
1834
1613
1009
-1
2427
656
2089
2997
2580
285
1172
3076
2658
-1
92
82
53
-1
53
1038
-1
668
1452
1472
-1
2961
1993
-1
2588
1643
1615
3052
127
1691
2663
1335
2957
1858
2420
656
2575
669
1253
2355
1926
2140
-1
571
2572
2196
1243
1838
662
561
1798
690
2895
-1
3284
100
-1
629
384
-1
2325
602
2465
-1
1497
2333
1570
2918
1372
-1
-1
-1
2937
1463
2280
2917
-1
2982
3100
1449
-1
2083
1136
690
2331
1497
1796
-1
1589
179
1012
143
1348
800
3099
456
134
2601
1658
2169
2204
3272
1113
2685
1651
2761
1130
2687
-1
3285
1796
205
2062
2076
2266
561
168
-1
1761
3048
1792
3072
2474
2980
3332
1345
908
-1
1258
1735
1483
164
-1
2900
-1
-1
1817
31
764
1474
1497
3283
3115
2280
2200
-1
1615
194
245
569
1419
-1
1858
-1
2662
3127
529
-1
2653
-1
1163
1629
2677
2650
459
-1
628
739
-1
-1
1714
1712
2401
-1
84
2980
2304
561
2740
2077
2620
2268
-1
