1750
1346
-1
-1
1412
2600
-1
2165
-1
3081
-1
1042
-1
-1
-1
391
-1
2310
-1
497
405
-1
-1
786
641
588
-1
2007
-1
1900
-1
-1
2295
151
-1
2447
2035
2589
2365
-1
1968
-1
-1
-1
-1
-1
2423
-1
3258
1681
-1
2880
1491
1862
-1
3266
841
2778
2983
-1
1503
1582
242
631
-1
1321
-1
-1
1548
2107
1443
3173
2059
2564
-1
486
134
796
-1
1402
-1
744
2934
-1
3143
-1
1450
3141
-1
146
2518
2585
1429
1977
2235
3168
2281
-1
-1
2322
-1
1340
2158
-1
-1
1310
2940
-1
1866
-1
561
-1
2667
1573
2523
2514
2145
2974
1141
-1
3135
-1
2507
1545
-1
-1
-1
2985
-1
-1
-1
-1
-1
303
-1
2057
50
-1
-1
838
2114
-1
184
3156
2183
2805
-1
2874
-1
388
1468
1525
3148
2994
406
603
3101
-1
-1
-1
899
1469
-1
747
-1
1778
527
-1
2574
-1
478
-1
-1
1034
1534
-1
-1
866
-1
223
-1
-1
2790
3147
-1
1237
1239
281
-1
-1
1788
-1
-1
1141
2166
-1
-1
-1
-1
1074
2953
266
-1
2393
489
-1
-1
2781
691
851
2235
-1
-1
-1
2412
258
2671
-1
2795
1417
-1
-1
-1
-1
1949
3
10
1417
-1
1572
1225
-1
2946
-1
-1
2777
-1
1283
-1
1951
-1
618
2700
-1
2312
1951
1445
1352
1651
-1
-1
2860
1268
1608
3149
1569
1925
3149
1542
-1
-1
-1
1799
-1
1027
1010
1491
1228
-1
-1
784
861
1955
3101
2167
977
1293
-1
-1
-1
-1
1480
1427
-1
-1
-1
-1
-1
10
-1
-1
281
3206
2877
2756
1971
-1
-1
-1
2086
-1
2550
-1
1801
-1
2296
571
-1
-1
-1
-1
848
1228
-1
-1
1808
847
973
-1
2880
2747
-1
-1
-1
-1
2057
1030
-1
1213
2772
122
-1
928
3175
2114
-1
667
-1
1540
-1
3084
-1
-1
-1
334
2005
1941
2746
2099
-1
1918
-1
-1
-1
1842
566
413
1449
-1
561
661
2688
1622
2195
869
-1
3055
-1
941
676
-1
-1
-1
-1
-1
-1
462
-1
-1
-1
2419
-1
-1
-1
-1
735
-1
2971
272
-1
1277
2028
2683
-1
-1
368
-1
-1
2980
-1
512
2631
340
2907
3178
2419
-1
-1
1952
-1
-1
-1
1588
-1
-1
-1
2755
2581
1716
3244
-1
595
1693
2591
-1
31
-1
-1
11
1420
-1
455
2398
57
2581
1681
-1
2370
423
1543
-1
949
-1
2832
-1
59
2784
-1
-1
-1
1343
-1
1334
-1
234
-1
2594
2880
-1
763
423
-1
-1
-1
-1
-1
-1
2835
2337
642
1356
1449
-1
399
837
2868
1536
-1
-1
-1
-1
1255
-1
201
715
2108
-1
-1
273
3192
-1
-1
1267
184
2529
-1
463
-1
-1
1333
-1
2398
486
893
514
-1
2241
2450
219
687
-1
-1
-1
-1
297
2663
319
1964
-1
-1
928
2213
1684
-1
3083
2787
1308
-1
1806
158
-1
1534
2187
3125
2879
-1
-1
-1
640
2330
2841
-1
503
2803
-1
640
-1
-1
1699
-1
881
1700
1803
-1
1782
934
1291
-1
1177
1176
2266
-1
646
618
623
844
1491
-1
1003
407
1036
2329
-1
-1
2625
-1
67
1349
2479
-1
825
-1
-1
881
-1
-1
165
-1
-1
2174
1401
2117
-1
-1
2943
-1
-1
2529
-1
-1
-1
-1
-1
-1
276
-1
2451
-1
568
1651
-1
1541
-1
1624
-1
-1
1336
2668
-1
1570
-1
3199
-1
-1
433
687
3072
2427
3102
-1
2167
-1
-1
-1
2826
-1
-1
-1
21
-1
-1
2389
412
-1
2477
-1
343
410
2536
2511
2151
1352
549
2681
556
1884
-1
470
-1
-1
574
-1
-1
147
-1
-1
2879
3142
2830
-1
2466
3230
2645
-1
426
-1
1856
2323
-1
1575
-1
-1
2287
1071
-1
824
2096
444
2195
1050
-1
2632
2955
-1
-1
-1
-1
3184
268
1747
-1
-1
-1
2259
2069
-1
16
2180
1472
-1
3269
-1
-1
2536
2298
1311
275
-1
2655
-1
-1
2435
582
-1
2931
-1
-1
-1
720
2217
-1
-1
-1
-1
564
-1
1642
2831
208
-1
-1
2616
818
777
-1
-1
795
3249
-1
-1
3067
1949
-1
-1
2637
3034
-1
241
1942
1046
-1
-1
-1
1323
219
-1
1106
2246
-1
3166
1022
2494
2067
-1
-1
268
-1
-1
445
3253
566
2452
-1
-1
1256
1428
1752
2728
-1
929
-1
2472
1082
1480
2057
887
734
-1
-1
-1
-1
1258
3098
1208
697
596
1404
-1
-1
828
3018
2609
-1
-1
-1
-1
2009
1003
-1
1952
-1
-1
2703
2212
-1
527
-1
3115
1974
-1
-1
3298
-1
-1
-1
-1
-1
-1
68
-1
-1
715
2767
2873
554
2228
-1
292
3255
1670
1432
-1
1641
2495
2264
230
2534
1929
2776
2399
2735
-1
3251
1742
-1
2355
-1
3166
-1
2318
-1
501
-1
47
-1
-1
-1
-1
1684
1984
1135
1238
-1
399
3102
1285
384
1055
-1
1182
2402
-1
-1
709
452
-1
1623
-1
-1
-1
-1
-1
-1
-1
-1
-1
-1
-1
-1
-1
1474
1400
-1
2607
2307
-1
1463
2735
-1
-1
1707
-1
-1
3269
-1
-1
2674
3009
1396
-1
-1
770
1601
2593
-1
-1
640
-1
-1
1089
1310
-1
280
-1
-1
1464
1691
1166
2961
-1
-1
1697
671
1090
897
1892
924
-1
1957
-1
1078
-1
-1
305
340
1844
-1
-1
231
2946
206
-1
-1
2119
3157
-1
-1
-1
2677
1908
302
2008
1700
3154
-1
1561
1309
-1
-1
1919
-1
2024
-1
-1
-1
2632
-1
766
-1
-1
1930
3234
2383
-1
-1
2298
-1
-1
-1
1358
-1
-1
-1
640
-1
2184
-1
-1
-1
-1
-1
-1
-1
-1
2131
-1
-1
821
-1
-1
561
1455
1372
3015
54
784
-1
1345
-1
3188
-1
1538
1841
-1
-1
-1
-1
2910
1148
570
606
-1
3
-1
1078
-1
-1
-1
2776
-1
1758
-1
1602
1500
2252
1860
2879
-1
1971
-1
-1
66
-1
-1
-1
2707
2334
-1
529
-1
828
619
-1
1050
2085
172
139
2148
-1
642
3291
1440
3248
-1
-1
32
-1
-1
-1
2608
-1
1044
-1
1481
573
2064
1484
-1
-1
-1
1427
488
2069
940
609
3178
-1
-1
-1
1850
891
678
-1
1935
-1
-1
2917
-1
442
2631
178
-1
2650
1036
2756
-1
-1
-1
-1
382
-1
-1
-1
2605
1577
-1
-1
-1
14
-1
1445
811
-1
-1
-1
1135
406
667
-1
-1
2750
-1
-1
-1
1112
625
2850
-1
-1
-1
-1
2827
2621
290
880
2506
-1
-1
372
-1
-1
-1
-1
1442
479
378
827
2363
-1
3189
-1
1933
2200
360
-1
265
-1
2766
2390
-1
-1
2529
-1
-1
1678
2232
-1
2066
-1
-1
-1
2810
-1
1691
3146
1595
-1
1144
1936
1943
-1
1178
2069
2099
494
-1
-1
3002
-1
-1
-1
3166
-1
1894
-1
3094
930
2803
2429
2973
-1
-1
312
468
-1
-1
1702
-1
-1
229
-1
-1
1420
-1
2953
1867
3266
1597
-1
1642
-1
-1
1436
-1
-1
3041
2794
377
-1
-1
1548
-1
-1
2346
2628
-1
-1
879
-1
-1
482
1108
6
-1
-1
686
202
1167
2828
-1
3140
-1
481
-1
-1
-1
2238
2454
-1
2510
2834
-1
2080
2553
-1
2365
578
1664
-1
1173
1145
-1
1232
461
1827
2708
1612
1490
-1
-1
1833
-1
-1
-1
-1
1317
2254
2663
-1
-1
-1
-1
1785
1015
-1
-1
-1
-1
1357
1542
-1
1381
2393
