4617
-1
2358
2922
1203
3296
2622
5128
3542
4397
4339
1409
3869
3444
-1
4281
4228
3356
3830
1805
5092
21
3561
1688
3904
1675
46
868
-1
3603
-1
930
3894
1381
-1
-1
5563
174
3747
1775
2052
3210
4039
-1
3136
4386
4281
4891
1115
190
5468
3830
966
2799
5469
1482
1038
4839
52
4416
2308
4910
3082
3282
3980
2368
-1
2909
3989
945
-1
1497
1103
2476
1582
-1
-1
-1
-1
4298
2393
-1
2725
438
2822
3381
116
394
3363
1984
-1
2480
1733
4624
4663
-1
4038
2714
4342
3733
2403
5044
-1
3109
1539
349
2858
723
2681
3476
3069
479
218
-1
1194
3989
94
377
870
-1
1530
-1
252
-1
477
-1
1666
-1
-1
-1
-1
1964
2150
2835
464
2152
756
-1
2349
4637
3577
1779
4145
822
5636
10
3380
4684
1225
3631
4243
4781
36
2542
5606
46
351
4529
3153
766
3242
3189
1615
-1
103
1407
3707
1788
2650
5616
3542
757
3306
1867
3323
2950
5149
4867
3769
124
5713
2206
1791
3330
969
1870
-1
207
2509
4181
1797
589
4536
5592
47
5708
4325
3654
1747
98
1865
-1
3599
2825
2171
5344
-1
2196
476
3212
-1
3992
4380
5110
136
-1
2115
4381
-1
1173
5602
5249
1096
335
1959
-1
-1
5150
-1
-1
2696
-1
5634
2157
2428
5577
3833
3806
4721
2471
1378
-1
3807
4778
1874
646
3025
1519
4507
2078
-1
1172
1399
-1
5074
5088
-1
383
338
-1
2893
-1
-1
1391
3820
5327
2918
-1
3898
5057
3875
2935
2962
4019
4969
1527
3148
1986
-1
2033
2739
1794
623
2488
5388
1682
5277
4621
712
4368
2212
4065
3519
3067
2996
4845
832
-1
1887
4681
4014
5091
248
4986
5429
1436
-1
2086
-1
-1
346
-1
5733
339
2998
1796
1811
4400
4084
4415
2080
5154
4491
4476
1939
2781
-1
2959
1047
4278
-1
-1
3492
4987
2953
587
4524
2948
4328
5474
4698
5223
-1
4812
210
2637
5617
5084
408
544
1254
1770
-1
4510
3137
-1
4777
1145
3690
3474
2523
4516
2369
-1
883
5200
1691
2500
2869
5372
1907
2600
4612
4503
5080
2733
127
1954
2673
5043
5512
-1
3372
2634
565
4796
802
1220
2552
69
817
3513
1806
3058
-1
-1
4647
56
3641
5366
433
4684
4476
-1
3744
4306
4028
5133
4991
648
5272
2878
1135
1013
4446
3567
5769
2796
2506
1031
2745
-1
-1
798
4624
2540
2195
3796
2591
828
4792
4483
1047
4667
345
1692
347
2922
-1
-1
3709
611
891
3017
3832
735
80
5539
621
734
569
2817
4089
1325
-1
-1
287
2860
2084
-1
1433
1916
1080
-1
-1
361
3463
5356
2544
3908
-1
299
-1
2156
4995
5124
4280
91
-1
2023
-1
1251
2464
1528
5323
3714
5010
5055
2827
369
4672
5576
4675
3446
-1
966
-1
4624
4278
3518
5548
-1
5601
900
4245
1374
1938
4693
2794
-1
2349
3603
-1
6
568
-1
3273
3372
1090
2929
3836
2587
5029
2724
-1
-1
131
-1
-1
3853
2693
1036
1397
1486
1712
1104
5528
4671
3029
3370
1920
3997
1377
1053
-1
395
4576
-1
-1
1470
4288
3163
1285
-1
499
4099
-1
2231
220
3084
3309
4262
1785
3718
0
3820
3978
-1
-1
2974
-1
5047
2805
-1
1737
3029
4346
1499
4238
2508
4832
-1
1001
2355
4205
3016
1422
4164
28
1195
5609
1742
2255
3786
2081
-1
-1
4657
4435
4524
2073
3314
-1
4684
-1
1057
2678
5762
3755
259
2293
4715
2888
2126
2204
3013
2978
1460
572
5249
376
5316
4610
3597
4225
1429
4751
2201
2095
2722
-1
4617
2567
1016
-1
674
566
-1
1382
-1
560
1903
4200
2615
5332
4993
1259
2319
-1
5214
1048
5631
3610
3803
1080
1996
5200
691
4611
5604
1715
3824
-1
-1
4247
4496
2255
1959
3151
5019
5781
3142
-1
3195
2489
5076
3618
3946
5580
1954
435
1827
-1
3618
3435
2701
-1
-1
5069
2847
5705
5120
2941
182
4739
393
3145
2078
1084
4766
5006
4695
1190
5296
-1
4580
4627
3333
2957
67
2065
4113
841
-1
1426
3023
2763
1073
166
2733
3503
2657
3
-1
68
4614
437
297
3979
-1
4974
4079
1658
2373
3546
838
1662
5672
5200
-1
5788
281
1860
-1
2170
616
2833
4554
1046
3893
-1
-1
4122
3316
1024
1609
3019
1255
4548
3882
3371
64
1734
2237
5253
-1
2224
4708
2256
-1
-1
2538
564
-1
5572
-1
4081
1049
-1
2158
2502
-1
2177
3324
4816
-1
-1
4195
969
645
3715
-1
2751
-1
4408
2134
1732
-1
4992
-1
616
1278
796
-1
5776
3544
263
2984
3914
4548
-1
4898
4005
4272
4613
1303
1760
-1
4768
1415
2055
1345
-1
2599
1323
4113
4372
3769
3086
2004
2960
1220
209
419
333
4890
1693
3784
4437
2020
-1
4951
323
172
-1
1220
2360
4452
5308
2702
1528
-1
-1
607
1678
-1
3322
4221
967
4293
630
4647
722
4516
-1
5455
746
5563
4508
-1
2523
4848
-1
2775
-1
4716
1786
4248
5436
5681
2314
1108
3555
1926
2039
946
3253
1566
3719
107
1465
2676
3281
-1
3563
546
4655
4053
2132
2469
-1
4913
-1
2560
1770
246
-1
3260
1548
-1
953
2270
1887
5762
4311
4427
880
4770
-1
3501
5444
1630
615
3786
4522
2142
4531
2673
4468
-1
4289
383
1932
1108
280
3532
4476
-1
350
2646
1720
-1
4351
2071
5489
226
345
5182
3841
3262
5640
4772
1046
1947
-1
2359
5141
4712
602
5639
2831
3301
4807
-1
3377
5637
2376
1120
3154
2291
4693
4294
5093
2495
4093
-1
3709
3560
-1
-1
3620
2182
-1
244
3902
905
3149
4589
1283
-1
3976
5415
1583
3360
3305
4670
5319
3025
-1
4884
1919
1683
2602
5029
1616
2207
2971
-1
554
1653
5722
3919
3421
5312
4617
2228
5494
3563
5793
4120
3032
2426
615
818
2061
1579
-1
-1
5091
3467
3102
2183
2026
3677
190
5762
3425
353
915
1070
514
2472
2043
361
5722
1896
2385
2981
4082
69
3130
3627
-1
289
-1
4222
3273
958
5588
688
1031
661
1667
963
4621
1713
2588
4220
3892
1901
4378
1204
5013
5682
3821
2162
3660
-1
5162
-1
2392
1357
1425
2936
145
-1
707
39
205
3073
5292
3097
5305
1654
-1
3322
1530
3301
5329
4324
4626
3100
3294
-1
2367
2132
-1
823
824
4786
-1
4507
4881
2199
1757
1166
2954
3285
234
3655
3987
5773
-1
3231
1827
-1
-1
3722
927
-1
-1
534
-1
2027
-1
902
2981
97
5740
245
2859
5211
3032
1244
2880
2831
1955
1748
3481
276
3535
5779
-1
3465
3217
5530
653
3079
1393
-1
4372
4360
854
2084
2968
5584
-1
2673
766
4296
-1
883
-1
3115
642
744
-1
2778
-1
3558
1861
2984
-1
1271
3253
3667
4024
1767
5072
-1
1572
-1
-1
720
1661
2265
1356
2453
4688
3925
436
4716
1354
1390
-1
-1
-1
5140
3329
-1
393
4661
-1
3117
2428
851
2076
3268
4058
2477
2929
2009
397
1910
4990
-1
2789
5426
206
-1
2912
3518
3510
-1
753
1853
5004
2476
3511
4476
-1
2879
2629
4823
-1
3901
-1
4370
-1
3092
5026
244
5464
1224
834
3548
1353
3100
3980
1341
1403
5699
5018
3411
717
-1
3167
3298
1466
95
3247
-1
1035
3892
5220
1652
4078
2294
479
4338
1417
746
5635
5138
-1
735
1870
2707
417
277
2496
3576
4433
-1
-1
4490
-1
4518
448
2303
2892
1013
3186
3715
363
-1
5215
3665
1476
5614
2112
1795
1135
939
4541
2907
3659
5713
4099
-1
33
5308
4956
2332
3762
1047
-1
-1
-1
560
701
1179
4228
15
3919
5088
2015
-1
1375
4983
444
3074
5463
3618
554
1313
1670
4612
4902
4653
3750
3161
4483
2257
4840
1205
-1
5013
-1
-1
-1
3097
1542
2639
5489
-1
191
2500
2604
4490
818
1501
5669
1345
4116
2990
5594
398
4919
4182
-1
2590
4577
2208
1599
1630
900
3839
-1
2654
1929
785
4208
3411
4215
3150
5777
4914
-1
4939
419
-1
5249
3201
2461
589
3497
-1
-1
1698
3432
3296
5535
4029
2369
5083
735
608
-1
284
1270
4763
1204
3857
4749
5016
3409
3769
3427
1896
3359
-1
715
5572
3195
4654
732
-1
-1
2775
3572
193
45
-1
379
-1
354
124
5363
-1
5074
2985
410
1387
5439
4627
5740
5348
654
191
-1
1278
604
4352
1830
5238
2538
1533
5003
1700
2889
1964
5678
5083
797
958
3638
4203
5008
370
3762
-1
3808
2159
493
2220
-1
1109
3976
3347
3249
388
3393
-1
118
2204
1571
-1
5037
1928
4097
1070
909
5279
2275
2699
-1
1101
2380
1055
1785
3729
-1
3555
847
3274
930
-1
465
3159
5668
1476
583
4336
4253
5624
2471
3619
3064
5455
1315
-1
3071
1989
498
3322
-1
-1
7
1844
319
2194
2666
5013
4035
15
3225
2551
2739
-1
5199
-1
1432
-1
112
1443
1481
3748
1229
4831
4400
4427
-1
5666
2521
2088
-1
760
3615
3595
4305
-1
-1
2107
4353
5523
2514
3092
4476
654
2500
4892
2360
-1
4270
5030
4983
1700
5374
2530
3844
2847
3440
2684
-1
2777
2501
2253
4676
3914
5787
5480
-1
314
-1
4515
-1
2757
509
4493
5018
4940
3435
4777
2581
402
3106
476
2485
903
5745
5137
4649
4619
2708
2324
1542
937
3396
2308
-1
3082
3289
3293
1716
5683
-1
3869
-1
3470
-1
2565
3270
262
5305
-1
-1
5681
-1
2221
1538
4083
4147
395
-1
1279
-1
-1
3059
945
3160
4371
5362
3395
3368
-1
449
2568
-1
1636
572
2424
68
3888
143
3792
608
3093
-1
467
-1
1455
-1
-1
292
151
-1
-1
4701
3745
246
2155
4524
3535
-1
5071
1176
-1
-1
4029
924
5069
1744
5672
653
2136
776
-1
4782
1258
1287
255
5266
1713
4791
5023
2280
-1
3316
4115
4212
5568
2349
-1
4698
-1
-1
-1
1082
2882
5453
2556
-1
4508
655
-1
5088
3559
4789
2202
1927
2929
5203
1302
5109
3454
2086
2725
2893
2895
2200
1647
5409
-1
1830
845
2529
1896
1948
-1
2268
3844
5392
2693
-1
4563
1261
671
1290
594
3895
2771
-1
2324
5111
1931
5719
992
1704
3372
1218
2234
4547
43
5463
-1
3283
84
-1
2479
5238
578
3847
-1
3262
4540
4577
-1
4726
1725
2596
5047
1262
1920
175
1551
2313
18
1794
-1
-1
2595
2021
-1
4958
1049
3598
2538
981
-1
5312
-1
1329
-1
2531
4346
-1
212
3783
2351
1332
1801
1725
4257
3280
726
-1
744
4107
2014
5134
5503
-1
2203
4566
-1
5721
498
3585
1981
724
2284
2330
2356
2371
980
782
5358
3678
3536
-1
4502
4763
342
2605
-1
5733
68
4922
702
3221
4261
3061
4452
2802
-1
4180
2958
5561
737
3823
1813
4039
126
4361
1439
4753
164
-1
2053
328
3385
1879
5147
2945
2293
2049
5501
5016
508
2868
3594
-1
-1
2268
560
3145
-1
-1
4342
10
-1
2634
-1
4285
1120
4801
3115
1185
492
5270
393
4213
2154
1928
2537
3892
3603
348
3997
2947
5035
592
1574
4332
2379
1181
1568
379
3219
2023
3780
5685
3798
1765
3364
-1
3630
283
2269
5203
-1
-1
5086
3761
5580
5120
2256
3199
-1
383
5311
-1
-1
4085
22
1674
3772
-1
-1
-1
2961
158
5302
-1
1544
5589
520
1873
4501
5709
4878
303
-1
4010
2095
2142
3093
5752
3801
1376
490
2068
1206
4847
1187
701
3713
820
1296
161
1805
2642
2480
3944
1711
916
-1
2549
575
2635
1342
4298
4072
501
5619
-1
603
-1
4224
1338
-1
-1
1560
1449
4624
4045
4429
2464
4982
1455
235
3664
1308
2502
5091
1661
2684
304
5645
4453
1380
5062
687
1847
-1
1433
5635
2973
116
-1
4272
-1
2897
457
4200
-1
3276
4729
3112
732
3627
-1
953
559
217
5588
-1
373
2068
4414
4713
3439
2524
5617
2204
3154
5504
-1
1235
1771
4186
4888
-1
4898
671
491
3665
5160
-1
338
5015
1596
2977
3336
-1
4391
328
2426
5691
4294
4794
53
1901
4966
2102
1014
927
4746
3519
-1
5130
1441
4083
1106
1337
3332
1412
594
3000
175
4754
324
4640
3127
2368
-1
1303
-1
3544
1124
1298
293
5305
1116
155
2354
3627
3627
-1
1439
4618
3752
2725
3978
2367
5149
3078
-1
4833
732
2032
1297
-1
3285
5703
4369
5031
-1
1521
802
3249
-1
-1
4682
3109
3417
4410
-1
7
1586
2698
199
4754
-1
3738
181
3610
-1
2301
948
2229
2064
1215
3300
3861
2074
3174
4588
3214
1520
1202
-1
3321
-1
4661
1424
-1
3711
1427
4953
2862
883
4039
2492
2365
1609
5519
4184
3798
1587
122
2215
1309
-1
3697
4173
3322
3831
136
4372
1372
969
-1
-1
1837
3931
2020
4450
4577
5280
4935
1297
5469
5273
2661
5096
-1
404
4173
-1
2841
1319
3179
4002
2194
2285
244
1074
4034
1114
200
3750
411
5576
2491
4019
708
5114
1835
1140
1066
3629
2607
4611
3200
-1
4562
1865
-1
-1
-1
-1
4332
1967
4787
4982
4457
2904
2194
-1
1693
4600
-1
3738
867
2650
346
-1
4736
1709
-1
4513
872
-1
-1
137
2392
1996
852
3693
2394
-1
-1
4737
3289
2319
2724
3665
3391
2763
100
35
3570
600
-1
5165
3073
1436
5404
2549
4643
3256
626
1584
4308
-1
3603
-1
4125
4412
678
-1
673
1011
4362
3126
5088
5428
4519
491
-1
5060
4715
2477
5422
5641
2897
4281
4668
3316
3984
5504
989
1070
1805
3740
-1
4190
3300
5585
4694
5084
2494
1107
307
-1
3935
2087
5277
-1
1351
2765
4111
2573
3435
4160
2505
2943
199
3928
1699
4612
861
-1
5258
3261
5138
1391
-1
1674
4484
6
970
5453
119
631
-1
602
-1
5668
2850
4810
1495
2667
115
2918
43
1583
1586
1940
5204
1234
397
4380
-1
3711
945
2636
5203
1905
5274
2170
3343
3953
2011
793
-1
-1
5120
3656
5490
816
2844
5371
3020
2167
4793
1079
3338
496
-1
-1
802
4506
-1
930
2789
1460
3022
5726
4799
-1
468
5305
736
-1
5392
3786
-1
-1
-1
-1
4669
282
-1
1612
3598
-1
3332
3715
1684
1250
3668
4123
4365
-1
1494
3941
377
660
86
3402
3987
4688
-1
5469
2121
-1
4067
3614
3092
-1
185
4854
4179
1996
4858
4172
3728
2871
624
-1
2706
301
1530
-1
4999
-1
700
4676
3717
4591
5307
5188
3425
1982
5055
3210
5448
5117
-1
3148
2975
-1
1290
3243
1688
1014
2388
294
2139
-1
1543
5274
1548
3060
2039
376
5697
1665
4972
4680
-1
3188
1409
1901
3687
5275
-1
4117
1521
2590
1529
5044
1132
-1
1402
-1
1897
3554
4992
5408
4532
4696
-1
1414
2415
1655
2462
362
143
4885
2790
1079
5558
1956
628
2311
944
-1
2443
3074
87
123
4958
5241
2144
580
5098
4687
2165
-1
3754
2732
4102
-1
4506
2102
5130
3338
1167
208
4142
-1
3269
4193
5789
1372
2014
2682
221
1730
2589
-1
2916
3242
2991
5724
2745
-1
1675
5204
4251
1220
4870
4893
-1
3008
2257
3334
-1
5682
3173
-1
-1
2844
2804
529
793
-1
3380
3448
1711
2599
1527
5738
21
2799
-1
986
5532
4267
2564
1878
2861
4478
5767
4703
1896
-1
-1
5410
845
4389
4786
-1
3467
3239
4986
428
2106
4383
-1
3048
2411
3693
-1
5192
2165
4644
661
5395
4116
1407
-1
3063
5012
-1
909
1422
47
-1
4203
-1
2613
2826
322
3667
514
2568
-1
4809
5663
1618
5477
382
-1
843
1371
843
1360
2122
2097
4671
3329
28
-1
5287
2684
-1
1881
1405
4462
2898
2164
5293
4731
5585
542
2735
-1
289
2088
-1
2861
5569
1671
3305
3567
3674
5445
5370
1321
-1
529
2314
1874
5373
2980
2405
-1
-1
2812
796
377
1183
4545
5353
1171
1405
131
-1
5274
5468
4787
5699
2902
1672
3500
1151
3243
3186
5081
1170
2848
11
2896
5526
310
21
4897
-1
3406
4673
5540
2192
-1
1058
5084
4880
-1
2178
87
1080
2512
2667
-1
2157
-1
4245
3891
3029
3159
2436
-1
1554
-1
5466
1734
2685
3511
2326
5686
1941
266
5565
4285
600
5313
918
1304
2673
1893
-1
1324
3997
-1
5116
1161
2206
-1
2982
1813
3298
3438
1070
4566
1080
1987
5509
-1
1536
3772
2627
5454
2480
5570
4912
106
4002
-1
3712
570
3850
5546
1806
4321
4686
-1
720
5188
-1
231
1645
661
3677
4010
3833
4755
2310
-1
4614
4822
857
676
2858
644
5657
-1
1163
4841
5450
-1
4622
1992
4240
4749
1493
3206
3548
3792
-1
-1
1297
711
4937
4448
335
3736
2520
-1
830
-1
3905
-1
-1
2021
3172
3257
3556
188
2804
570
5194
4196
3324
2661
508
374
4411
3980
5134
523
4068
4312
5540
4884
5523
5016
2128
1537
2361
2073
2454
4289
2590
2378
3480
1471
4611
4011
-1
-1
1248
2340
-1
1926
931
4262
-1
2649
810
-1
-1
5261
3860
-1
5619
3283
2808
5333
-1
1123
2401
-1
-1
329
3813
132
3430
4676
2028
4854
4557
542
3021
4330
345
5254
1176
2413
732
2351
851
4879
3675
-1
-1
2267
1415
2845
394
2788
1097
923
4324
2964
3382
2210
-1
3845
3547
-1
281
-1
4516
742
-1
4696
853
2426
4503
1325
5286
3293
4193
-1
4308
5648
1076
-1
602
-1
1338
4219
2961
316
832
2589
1427
4360
1212
615
1014
-1
4810
-1
4293
2521
9
-1
2971
5124
2709
-1
1512
3273
870
3174
3082
32
1441
-1
-1
319
-1
762
4883
-1
334
111
5369
660
-1
4323
495
5408
4588
4094
3055
1583
2831
-1
4241
3107
2274
2189
-1
3558
3326
3901
-1
4778
174
5647
-1
-1
3326
-1
3071
1615
4279
-1
-1
3091
5619
874
4082
2939
-1
184
312
-1
4461
1571
1739
4517
3560
4980
3646
1761
1292
-1
531
4380
3063
4163
2772
1230
737
1648
5184
3377
4475
5061
-1
-1
880
2281
-1
4759
2062
2788
3940
2445
-1
3271
3666
1826
2209
2999
3283
1648
2709
1772
2860
973
1905
1101
1047
4301
4208
2791
5412
4616
2448
4490
3148
1087
1336
70
1817
3390
3372
223
4273
4575
4751
2076
4048
5249
-1
901
1835
1870
3229
5114
1072
3745
4496
1882
5357
1682
5512
568
-1
5694
5675
3831
-1
4240
1511
3808
3331
3487
2055
3152
602
313
1597
-1
353
656
5081
2328
-1
116
928
2067
-1
784
-1
-1
3670
4401
3876
-1
1245
1422
4125
-1
5728
170
1741
5038
3253
1725
-1
1895
2223
4158
1927
4141
623
279
3531
726
1247
3136
5485
1151
801
-1
3323
1225
-1
687
-1
4487
3737
395
2393
-1
948
3420
212
3275
3739
-1
1258
-1
851
3798
5760
1011
1324
2846
4824
480
1741
3812
-1
505
929
-1
3765
-1
4592
1418
1898
4160
2532
4673
-1
-1
134
2616
5780
5385
5093
-1
-1
1041
3926
4427
2888
2442
5672
644
-1
120
-1
5280
953
4241
53
1106
5565
3155
1988
3997
71
4536
2427
-1
5463
5063
653
1241
-1
4190
-1
1811
2003
863
-1
533
4636
2617
4646
-1
351
-1
5765
5724
-1
3655
-1
-1
3055
-1
-1
1521
16
3411
4504
5778
5169
1388
1843
2049
4824
3491
4920
1917
824
-1
4076
555
2873
1390
1357
-1
5568
3503
2181
1738
377
4556
1027
1413
430
2856
-1
1613
-1
628
4854
2359
3332
3692
5527
319
3896
4869
571
4916
-1
4994
3207
5239
2627
732
1700
230
-1
-1
844
2346
-1
983
185
559
1335
3028
2680
2370
5666
5075
5720
1063
-1
-1
80
1502
2409
2176
5444
3653
-1
781
3451
5078
995
1624
297
4721
969
3960
616
38
-1
-1
-1
-1
2678
1825
3963
-1
5163
-1
4074
5589
3417
2348
852
2482
1611
5461
1413
1320
-1
-1
1895
360
3954
4132
1456
2524
-1
593
1765
7
3860
173
5465
5595
3129
1459
5328
5650
174
4411
1579
-1
725
4383
3467
5464
637
5766
-1
1188
898
4107
-1
2223
2276
4354
5429
952
2343
5152
4132
-1
1631
2440
790
813
3585
3248
5692
3915
5026
3343
1031
5347
985
5215
4688
3079
1711
3825
4501
1542
294
4967
86
4588
4674
209
2152
1017
1032
3882
554
-1
-1
4499
1001
2714
-1
966
-1
-1
582
1094
-1
4462
3646
5076
4695
1213
467
-1
2870
2432
4081
5416
160
-1
1689
1762
3218
-1
2915
382
1973
1413
-1
-1
3092
-1
2882
3775
2467
2951
-1
2472
846
4515
5730
109
2924
-1
3722
1519
5056
-1
1716
5437
762
2244
-1
2757
1713
5678
1475
4751
3737
2482
1139
1484
740
-1
4726
-1
704
860
911
-1
5441
810
4733
1625
3135
-1
2859
2256
749
3450
-1
-1
1854
2160
5335
2542
5121
2485
2430
-1
3632
-1
-1
-1
4864
-1
3540
4925
5367
-1
-1
2669
2841
1247
5421
479
756
-1
2923
309
4618
-1
2572
979
5528
5504
4418
3361
2315
-1
570
5577
3154
-1
458
532
2512
782
463
143
4411
1028
5490
1873
2289
3484
2515
4632
2859
-1
-1
363
4148
3851
1920
-1
4776
3433
1614
-1
1278
-1
4648
2585
5082
-1
2743
-1
2503
-1
2154
4080
1218
1620
1741
2762
5420
5135
3485
3330
1640
2058
4089
1088
5705
4694
2414
1106
452
4289
3211
-1
3121
3651
1413
3161
352
-1
5280
3877
2590
475
1482
4706
1527
4674
-1
4748
3655
4185
1938
-1
1736
1301
2533
-1
-1
5593
5208
636
1519
4077
3432
4482
2020
2593
1767
-1
-1
1636
4004
-1
4892
-1
2125
4708
552
-1
-1
-1
-1
1761
3664
2246
4877
4377
3280
1844
3925
3097
2389
-1
4078
3620
5654
-1
152
1120
2232
1101
1117
3831
3387
-1
5417
5320
-1
5593
66
2197
-1
2281
4648
3456
618
2591
3084
3930
3551
5404
1959
462
2364
711
-1
373
4867
458
652
2613
1450
-1
4955
1755
3306
2223
3259
3210
3278
546
2259
-1
5527
1273
695
4507
439
711
3022
4711
2204
3742
5352
2750
1813
4393
-1
1630
4957
1987
2179
5356
5053
3887
2993
2472
2993
2771
-1
2922
-1
5366
5495
4009
4458
3254
4587
3043
1865
5540
-1
5
-1
-1
-1
308
1529
4499
5137
1037
632
4232
3789
4198
566
5663
5666
1831
-1
5006
-1
-1
5662
4311
1231
4014
2758
3482
333
5662
5665
1431
2390
2080
3371
4951
2725
-1
1662
3810
-1
2778
4252
4088
4629
2654
-1
-1
-1
742
2267
116
4550
1404
186
3517
2650
5634
-1
5471
3800
4217
1800
4386
2230
-1
93
3780
-1
4642
2364
651
1411
3570
2708
1369
2798
3549
3495
973
5477
-1
1734
897
3645
4598
326
1153
3570
46
-1
2888
2500
5018
1232
3324
-1
1948
4248
95
2577
2469
3194
-1
4414
892
3381
602
1183
9
-1
3825
1811
2535
-1
5025
4571
3067
1337
2824
112
5092
2393
-1
-1
5716
2005
-1
130
5440
607
-1
4617
-1
5688
5312
-1
2154
5732
4930
-1
5610
741
4174
3067
1238
5108
2874
2168
1940
2100
5177
1748
5146
4831
-1
1935
-1
1582
-1
-1
-1
4333
1870
1496
2746
508
-1
2175
4627
388
2795
939
590
285
3682
5565
5234
541
3990
176
4857
5512
4377
2629
1082
1732
1801
2141
3489
803
3025
4402
-1
3192
3978
4560
5282
5760
-1
428
3513
-1
2122
1200
4742
5019
3992
1829
-1
1221
-1
4497
4960
4814
3909
1739
297
176
2222
4855
1143
-1
5013
5258
-1
1974
3152
-1
1981
5705
2394
2971
4385
5659
141
2458
-1
3032
5698
4916
3238
5708
1723
-1
-1
2738
117
-1
1887
4113
3043
1205
5734
5412
3
3476
-1
-1
982
3908
5171
3491
4435
3853
4435
5262
2752
1163
3926
1221
5351
2662
4496
4703
3935
-1
901
1567
527
240
1255
5280
831
4703
990
3523
4537
3717
982
2588
4306
3887
3689
3554
-1
2269
2141
1825
5512
5645
796
-1
2280
648
5227
2138
923
-1
2477
5463
1337
4005
153
5053
3518
4514
71
4781
5238
2416
5752
4117
1320
2667
680
959
4601
246
3756
383
-1
3749
-1
5774
5422
85
1803
3833
2357
1134
3280
1966
-1
1000
2980
5194
3121
-1
3882
411
4638
2961
1475
2693
-1
-1
-1
-1
765
-1
-1
-1
2927
4308
2892
5471
1428
4515
2143
4097
2249
1203
4250
606
307
4116
1274
2265
-1
-1
1808
-1
5069
2952
3413
3492
1987
1784
411
-1
2902
3572
832
-1
877
5074
3357
-1
-1
5451
630
4124
1200
3905
5172
3812
5509
1482
-1
1916
5580
-1
-1
2901
2515
3195
542
580
5494
4161
2635
1370
5500
-1
4115
-1
854
3389
4092
458
4411
2225
1037
3072
5425
3406
467
5722
-1
2935
4082
2720
-1
4730
2772
5462
1771
5121
955
-1
1541
5707
4148
4719
-1
870
4229
5201
3534
70
-1
2850
2607
1539
-1
2961
4905
2395
-1
2129
921
4198
5657
-1
3011
5091
-1
1477
4796
374
4308
4881
-1
3033
5409
3451
1143
3998
1739
-1
-1
5606
-1
2349
4620
3667
2442
2097
611
4856
2732
2856
1871
3866
3350
2472
709
1093
4505
3033
2847
5281
1593
5166
725
1945
3071
1634
1575
2649
3263
4707
5238
213
2305
-1
2437
737
377
231
2229
4694
3720
2454
5605
5123
2189
4098
3171
-1
539
4228
5498
4978
614
3143
3406
3699
2111
5405
740
-1
274
4737
1534
-1
3535
2786
1732
1016
-1
-1
105
4516
220
2020
-1
3682
2896
5270
4141
-1
4187
4029
4347
4485
-1
3324
1149
5557
330
-1
1354
2467
2110
4729
80
2914
-1
4032
-1
3876
5425
2432
1749
1023
1183
3400
3733
-1
4234
-1
1670
3890
-1
1863
748
428
393
2092
2710
3982
5273
2349
3465
5565
-1
2343
3432
912
5543
117
-1
2908
2301
1874
853
2232
5437
5538
5034
2230
1646
4358
2482
4794
4745
4384
2202
-1
3314
5451
4996
4121
-1
326
1840
1305
2907
3100
4988
3483
4933
2070
2755
-1
5131
2510
4664
5533
4624
367
3448
3705
1175
-1
3510
79
3732
-1
3079
4451
2335
735
1383
3479
-1
4069
3478
912
300
4397
5140
3904
5150
3863
1605
2847
-1
3481
4931
3941
5778
-1
1287
3411
1528
4308
3076
-1
3845
1124
-1
-1
5337
3779
4039
-1
164
5739
-1
5186
3453
4487
5326
4211
4825
4780
1771
4041
1487
2288
3980
1720
4065
-1
-1
2452
1669
4951
4291
5485
5516
-1
-1
2684
5303
-1
4689
-1
566
3368
1890
818
4702
5214
3433
3890
2091
-1
4743
-1
2667
5364
4152
4042
2703
-1
2327
2560
3361
-1
-1
3714
5634
4193
87
2015
5321
4370
5270
4476
3087
-1
1216
3736
230
744
1480
2505
3581
-1
-1
-1
4913
-1
5228
4770
407
903
1696
5026
3459
1271
4488
3621
5359
4164
5647
4256
-1
847
4373
99
4451
1510
-1
1057
2588
1433
-1
2954
2283
4325
5577
5731
1431
5117
5758
3866
830
-1
409
4274
260
3002
1932
2061
627
-1
-1
706
-1
2107
4217
5426
5293
-1
3772
5741
-1
2660
2038
5568
4479
1037
5672
5620
2165
2890
4960
3760
4668
5031
1824
-1
5241
-1
885
173
2432
4938
1155
3869
1232
3535
-1
3775
2692
3560
-1
5537
5157
5371
2535
4235
1037
2873
2952
2576
1016
4697
299
-1
869
3744
-1
-1
3401
3876
1810
4733
4205
1086
1585
2629
1485
3537
737
871
4266
1943
2824
4936
2709
4565
4991
4689
1772
1019
2230
-1
2109
2993
4807
-1
176
3559
3420
3070
3145
-1
3262
2796
-1
3742
2106
5200
-1
3685
30
3585
2535
4148
727
5511
4306
-1
-1
569
1942
1060
2178
4105
539
624
-1
4282
1841
1218
1084
2060
1162
-1
2070
-1
-1
4297
-1
1154
-1
5111
2655
4231
1950
2524
2057
3069
385
4384
-1
1670
5225
2655
-1
734
5369
5416
-1
2843
2854
4034
2405
3485
1633
5422
3205
1632
5150
3742
3754
2924
1900
5580
4147
215
5540
5606
420
-1
1831
-1
5411
3390
2653
3279
5295
3149
4966
912
695
5580
4506
4877
1254
1354
3256
3511
-1
3037
5165
1057
3236
1382
1636
2479
2191
634
3725
3501
5532
2192
252
3175
646
4639
287
4686
-1
4711
1394
4329
-1
1347
-1
1725
4653
791
5587
3783
1890
452
5315
2371
-1
3139
169
4994
1488
5126
472
4546
211
2586
3702
5358
4853
110
963
1742
-1
-1
228
774
4635
2779
3021
2777
3189
2134
1151
1735
5620
5451
4228
-1
1041
2635
1535
475
5317
4707
2438
4236
4878
1289
1085
3051
120
1272
3671
4755
-1
4076
4830
4315
3076
-1
4994
1081
3297
5345
3809
1206
2131
4717
5510
-1
96
1811
4796
40
-1
1222
5276
5029
4851
490
2649
3932
1426
2545
762
725
4871
3069
346
4947
5337
1382
166
2578
88
2095
5504
986
-1
3012
3475
3109
932
2065
4880
4716
4207
-1
-1
2842
-1
-1
-1
2161
-1
1508
4486
4807
2711
4004
-1
212
4002
3664
1234
2371
2227
38
2377
2877
4930
1819
3302
2785
2624
5081
1329
-1
5309
5427
-1
-1
2776
2729
1852
1375
5115
-1
-1
2926
1123
2332
2833
1609
2842
3346
1074
-1
-1
1737
356
5645
11
912
3951
4503
5455
1723
3769
3229
5474
4582
5712
381
3560
1037
4257
4400
3112
2426
2864
1854
164
50
-1
3732
-1
5668
2846
5551
-1
5469
2488
-1
4339
-1
1389
3076
2833
5467
3509
4828
1567
4540
5683
3301
5687
-1
3691
1096
217
-1
1073
4053
-1
469
1085
3121
3059
4959
2127
1266
3659
259
2651
-1
-1
-1
3730
717
3188
472
4922
3042
-1
909
2855
679
1628
1462
1417
-1
-1
419
1578
2297
-1
-1
2697
4743
2564
2456
713
5401
116
1792
-1
3942
-1
5002
1731
3389
-1
2889
813
2410
4985
1782
5433
47
2544
5731
393
5776
1475
5018
1462
238
-1
2036
2706
1857
858
139
3074
75
2414
661
5162
4327
1361
3540
200
5469
4363
4611
-1
4276
1534
4238
2418
1126
5466
4526
820
4201
739
5737
5027
2330
5625
2011
1693
1057
3054
-1
5760
2939
2741
2368
3440
5314
-1
4320
2283
5339
4299
558
1812
185
5332
641
2657
1735
3843
2738
-1
2532
2991
8
3306
1783
2661
2500
5792
3105
-1
1101
-1
3066
667
197
4933
1507
3946
468
1049
3746
4229
2192
-1
-1
2389
222
4616
3531
5507
1444
740
4446
4317
-1
-1
5690
-1
3613
5433
974
2183
1249
1476
1087
1597
5645
1376
4316
5525
2425
-1
2013
4875
3544
2621
1907
1782
2417
1004
2039
1645
4117
2199
5626
1917
3557
2853
-1
1524
3673
3518
1636
4048
680
3928
2919
399
5740
3496
2830
831
-1
2519
-1
106
-1
2545
4352
5558
-1
-1
3188
-1
2914
3763
3950
2156
3598
2710
4187
2994
-1
4780
4739
490
2687
4631
4309
4121
-1
-1
1920
4159
228
5363
1505
1445
3365
1938
304
2086
-1
1325
3211
192
2271
560
1043
-1
239
4965
-1
5238
1466
1301
1018
521
1861
2542
4984
3996
2894
3958
5177
4263
2980
-1
4471
1761
-1
2744
1035
2023
9
-1
-1
284
2330
3946
2053
4306
384
5754
1267
2691
4016
2119
3828
768
2473
-1
2100
5636
871
489
3980
4865
3000
3260
5173
2548
1233
2498
-1
858
4685
1938
3808
4699
4083
4266
2853
5749
1786
-1
170
935
-1
383
2292
4232
1967
-1
1431
5636
2150
4839
724
2474
3638
2029
4019
3665
5581
4936
-1
5577
4243
4646
1084
3093
4491
1998
3189
-1
3506
2916
1065
5504
5206
2141
744
-1
5688
4153
1477
4954
1878
3769
1485
-1
439
1370
4839
4686
215
4571
4195
3340
626
-1
2456
2769
3431
-1
5016
-1
365
-1
-1
5322
3549
4419
5120
2770
2705
4703
2155
4379
299
2628
546
1264
559
-1
5455
5072
4093
4664
1638
1699
-1
1157
-1
3820
1664
-1
3960
3992
728
3245
-1
1138
3352
534
1822
3285
4514
-1
2280
3625
792
-1
5754
5336
5709
4856
2726
3949
3747
4314
4341
3889
1438
421
4321
5746
-1
5685
1612
844
-1
2257
4908
4764
4464
3708
2757
2540
245
4401
1399
3456
2405
5065
3486
4916
624
2118
400
4840
5345
-1
2047
1086
3611
-1
-1
620
232
2023
629
3076
772
2775
813
1930
-1
3663
5359
-1
2327
-1
1482
3254
2298
4517
1833
4528
4246
854
-1
2028
335
2612
2059
3064
4860
4206
5507
3781
5129
3052
2075
495
2255
5513
1781
4735
3966
3363
1664
5467
5453
3714
4712
3750
-1
-1
1720
334
4762
-1
1230
1124
608
4674
1822
1881
4207
3271
3220
210
1858
-1
4931
2330
2484
3882
3861
699
1474
3238
-1
-1
-1
3236
-1
571
5359
4946
462
3144
1232
1808
4060
4764
2467
2087
1616
1961
3581
5089
5620
1549
4161
4247
3678
1197
-1
5427
3207
-1
-1
180
1555
801
384
5356
-1
4205
3464
3660
4744
5570
1930
5753
3402
1230
4786
-1
5564
3930
321
-1
-1
238
2880
4668
1314
3722
3449
2850
4198
4901
2653
2210
2615
5095
901
240
630
2018
287
1886
-1
2896
3536
3980
1580
4427
-1
4980
-1
-1
3583
5323
-1
-1
5278
-1
-1
5762
5158
5542
-1
1222
-1
61
5232
1661
-1
4624
-1
-1
2915
3519
5288
3429
2615
1002
4083
1806
5731
1895
472
5622
1936
2804
4447
1390
1204
2950
4212
3145
4588
2043
2418
-1
2853
4643
5135
3963
3755
3567
22
775
1370
5378
3923
777
-1
-1
-1
1267
3003
1335
-1
2799
3130
4302
4883
810
4224
-1
5138
3577
1403
2261
5412
4341
4257
3987
1348
-1
5585
101
2443
2175
2981
670
3055
243
5019
588
4746
3425
1132
5342
4122
417
1114
2388
316
233
1419
1699
5468
1964
3258
1535
4100
1454
2780
-1
5079
4789
1880
3088
4281
-1
4835
5610
1672
966
1968
30
1556
4929
910
5555
4834
5726
701
5117
-1
-1
2232
-1
3095
5002
962
104
917
1817
5552
-1
3755
4599
3636
738
-1
-1
4968
5386
-1
3571
1391
4737
2602
-1
-1
896
812
-1
1502
2743
5357
5662
3669
5453
2281
1103
859
5272
5751
3462
299
-1
-1
-1
737
2342
3289
2932
1930
4504
3481
3332
768
-1
149
1403
1493
3260
3221
30
4008
3723
2424
1607
2342
1156
3069
3458
-1
1087
2596
5752
1138
5495
2282
-1
-1
4648
-1
3754
3840
749
1055
2465
546
5157
561
3419
3903
4856
4928
1724
324
4872
2427
211
4447
5526
3638
5426
94
1572
4199
2227
-1
2251
186
3361
1462
1118
5417
343
5469
3844
2518
3554
1943
-1
3048
1964
1743
4444
1795
-1
1253
5289
3164
3817
5338
901
4523
3675
833
4972
2751
1387
3236
2128
1120
5770
-1
511
5081
-1
4332
3611
4446
5143
1376
1583
1151
3966
-1
2639
1715
1661
3771
5310
2130
4732
2440
-1
3651
3330
547
-1
2753
2910
3266
983
-1
5223
3026
610
1497
3403
4670
891
3028
5010
2479
-1
3007
1110
-1
4205
258
-1
5770
2286
858
5190
2520
5225
3953
4065
4676
4674
4366
1383
3789
3061
1311
3374
5168
2495
698
4581
4657
3170
1596
-1
3130
3742
-1
2709
1873
1992
841
1316
1227
2986
2298
-1
5277
3265
1820
2132
3419
4253
26
534
1930
412
1207
4641
4091
1927
-1
4314
-1
5532
660
2967
2320
4905
2245
2661
539
1077
-1
-1
260
4582
4950
5742
-1
4638
-1
4303
117
2706
1965
4226
-1
5790
4212
4504
391
1857
-1
5207
671
3923
1144
4510
-1
740
-1
2972
760
3847
1283
944
-1
5527
1159
2728
3355
181
-1
102
660
-1
1128
336
3790
1258
4009
2904
1021
4368
2838
4011
-1
2853
3563
571
3099
2909
-1
3997
2577
4302
1822
-1
4676
933
1096
1463
3845
2505
949
2349
-1
475
1945
3433
3717
5666
1014
2133
-1
4015
5124
747
1470
1766
492
2661
4503
4469
3885
35
-1
-1
4781
4904
-1
-1
2156
2911
4401
3012
3280
2859
5778
-1
4629
5437
3038
520
1903
-1
4421
4161
768
5574
3914
2860
211
50
3780
3432
5530
3966
5009
1588
1457
-1
2407
3486
4944
5182
2519
4029
4002
3012
907
2053
1460
557
4025
-1
3560
-1
5080
5013
-1
4646
3259
3302
4877
2608
759
1667
2948
1365
2596
2757
2319
-1
3913
2366
1583
2095
3480
-1
-1
5707
293
4840
2598
21
2541
1215
843
505
1622
3040
1763
4280
3744
2243
-1
260
1962
1636
119
806
-1
189
1597
1347
2533
52
750
1565
4219
2361
-1
2892
1682
2175
2489
3090
3183
-1
3709
-1
-1
455
4883
2833
4581
4939
2841
2084
322
5121
4490
780
2202
470
3338
690
623
1842
5278
3850
4527
2564
5006
-1
5725
-1
3269
2488
2546
4499
4817
2876
4353
351
2340
499
-1
5133
2723
-1
4482
3122
3921
191
1032
2738
5595
3513
492
2939
5273
4341
-1
1514
973
999
-1
-1
-1
5157
2277
2830
3020
3478
656
28
2764
-1
5016
336
4830
1390
-1
-1
3997
1117
3660
2462
3560
1982
3758
3096
-1
4485
3116
858
4672
2565
1498
-1
2936
1050
1043
4074
3692
5590
-1
2017
-1
-1
1574
2024
2812
1898
3432
5351
4816
1380
2331
1088
5098
1814
1582
592
1042
-1
3875
4594
548
5586
5625
1498
4693
-1
-1
1303
4351
-1
3340
-1
4949
918
4197
2114
-1
5009
2848
3543
1983
4647
630
2078
2132
25
-1
1146
2274
4186
4909
5378
78
3554
5130
844
5069
969
1183
425
3131
4914
4520
1122
1903
5467
818
2455
569
3996
4272
2998
5611
2425
-1
4182
-1
3664
-1
-1
3864
5543
3662
361
3836
691
4996
2720
3533
1988
2988
2233
5660
2891
-1
1074
4804
3608
3755
2259
4294
3188
2241
5055
1161
2839
1037
220
2907
2148
926
1767
3902
5150
1608
458
-1
-1
1551
-1
1306
5120
1117
1917
4695
4818
3245
3221
811
111
3804
-1
-1
1440
2634
338
-1
-1
3996
3336
1135
245
5480
4700
1185
1231
-1
636
3460
3122
164
5566
50
5206
3372
5424
1361
5641
323
3819
4872
1530
3202
4056
5055
513
2984
-1
3421
-1
2546
-1
2198
2305
-1
424
2483
2983
2256
411
976
3590
-1
4354
1198
1293
2720
3008
1055
1695
