367628
525118
751883
212116
720848
1685478
1694661
1476028
521179
1208090
1146430
455614
133453
114908
505080
1672295
660004
33580
1660422
388755
1781099
250918
269711
489748
475755
617034
1646441
179151
1037424
1863778
1856332
1708694
228725
519832
47874
13993
197300
547960
89017
355654
233573
26025
81166
265458
1003991
676303
771344
516826
27779
1422066
304868
787003
194708
413177
543789
1548228
1509113
255512
1398765
1114095
351875
781031
434946
767004
432101
1111596
1638364
544262
139402
453330
965213
106725
1561547
836598
542177
1088653
217823
108732
1340835
1948559
620315
1222646
263256
192950
38874
888084
1258913
236233
823831
1664461
1949125
964382
1470841
672027
211214
524174
1193724
931637
601077
1645382
450201
1037160
149720
423175
351071
441052
837134
726210
642141
854027
895001
142278
279638
932407
385862
548828
893123
333080
1555513
449132
351588
234907
233858
86846
1609984
918808
698478
197132
1339009
543358
923189
962665
963664
568787
1994185
396310
126164
592174
284259
452608
1494788
1044958
326133
100351
87606
478833
1734654
695099
898692
1194195
1498211
795587
106349
352609
578051
603121
416181
932157
672761
949717
511084
362137
1043650
1672450
567057
850918
6622
925328
24750
363922
294839
1088017
890592
1654863
1090033
1975994
754508
35737
1766821
267500
325712
309991
512476
918865
1036683
1723785
1479868
941976
274264
53730
838989
530021
348037
361597
895671
202632
873417
961444
222088
301127
233653
1320744
773484
245558
1069785
1653014
427961
439473
1168404
1424613
1310495
669084
359949
141513
1245032
510659
311646
478599
109668
163062
1434574
1788753
212738
308152
45725
770518
1229610
1639421
197270
990800
1166856
644602
791835
791848
1194273
29906
1490119
1535614
1378487
752129
1044743
561545
1358617
816979
788339
319713
596959
452679
497497
675129
804106
1932684
1903661
1113813
466996
164505
721016
1297233
959847
719720
1079866
1293072
1112465
18173
114671
500606
182325
802946
518166
105721
595416
1227127
312105
361012
1268772
68618
2001742
503289
1607716
1689339
556019
756420
541112
1353644
80651
1220895
2043127
681122
1195905
133634
464369
1611901
450719
1584328
248582
557076
283429
1319631
257609
1498668
602296
100846
261838
307114
481242
74008
883162
156860
714656
538211
718302
1558604
28463
1649565
1606181
2061924
640885
1414602
868856
858881
1099971
415786
140421
1083017
877098
814341
651441
68964
495477
375364
278106
1172582
145853
1913871
254522
66736
1371047
947056
80462
94772
261555
243524
1145232
1048923
396097
139649
863368
968443
24890
806954
116634
1252323
577625
588741
179540
67392
170777
806787
1192347
31102
442241
221816
18907
261045
158146
828325
634475
707532
1103227
1715887
1279962
304137
75463
1092244
872275
194395
1921956
522118
213670
239267
886056
1704460
1066988
1350550
91598
1310406
310007
871262
214723
555101
660048
1632683
1708859
1580899
995124
333599
624398
610039
386781
752252
219316
519002
1459547
1122096
1230889
639642
79438
1232723
1259483
900482
19143
344505
1214605
389349
604673
1522386
1307788
844203
1026239
250584
984798
2715
191524
646154
1178474
166033
723608
507349
861653
1401452
220135
587893
895642
680638
1070239
1273028
945136
70300
398607
1225676
1600663
281335
523462
844295
1101845
210006
603650
165128
939379
250466
685438
1053320
482882
394579
444311
123588
236750
1080203
145571
420855
199751
487512
1764579
524898
1459724
834502
1300811
90606
726654
1017841
643263
2019670
998597
225095
1000926
522304
478887
246978
36145
924482
877041
315014
255243
506377
730750
1494096
240406
564649
1317712
1381777
1609258
231982
1065436
762422
818207
538141
473593
1415270
896129
771340
38787
227984
652352
1677301
360746
1628992
1152638
1282141
703015
685176
395376
317699
599101
1089295
385691
1011028
409156
1856175
86219
876782
233134
1635988
152206
898093
754480
834526
893693
708868
1704610
1168162
30098
503545
323376
1151673
342135
240393
1015839
1160674
230835
400390
799464
2017306
704197
1053653
1496778
1022667
609461
304269
38056
110978
119703
164091
60540
1134014
427907
1916822
755194
242221
816965
286610
1338353
525900
239961
744736
351138
1337587
66020
983994
1086360
429008
1365662
1366099
249147
721545
1491180
463486
1915434
255764
147723
1304062
827104
768949
304803
1194714
720177
756395
1503303
2115003
294510
919791
1243531
933864
505790
1010067
148685
1390214
362150
220386
833565
925752
1622118
545632
1485864
524453
1418619
155574
271263
888540
1232668
1813002
1320602
1473205
979235
206791
391902
333107
1003186
273964
267131
228851
128511
669631
142262
1328885
627322
98326
1026075
121374
1311583
439409
1081350
72382
447302
9030
1957150
473513
557775
1321178
1799140
195629
512356
528684
163719
1199467
279565
223278
1759070
1933828
1126479
39374
1270429
187427
534507
811701
343481
841310
557423
1087667
1374325
1451355
847204
1387438
229553
426338
1781192
67839
1656495
982112
1340230
539211
297942
165583
989869
274655
771004
382604
214115
835769
1410747
1329984
345629
1674009
1419873
240776
1922257
422554
275393
1001284
1436889
100191
252182
800463
478535
1229125
1066379
512935
88161
1250193
1017518
505447
48562
1417449
512433
1368411
245460
572847
1245445
526151
1663502
24772
327758
97837
850978
655772
555105
218386
495328
219841
216111
429735
1285080
1290488
503036
61321
292045
1604212
1179111
407145
736084
535315
911904
508128
1869828
722027
548905
1271750
971076
321583
479661
530573
44283
805195
1767923
1671937
377331
355070
834258
454665
965205
64726
436408
1302247
1685044
1075362
1075776
1228379
1421171
23930
1073735
385695
1688854
107235
168968
920364
104491
1090438
477223
1183559
851238
224066
1533978
1909171
979014
118664
501840
844337
1627931
1507003
155113
703387
789564
1044628
989553
440466
646415
329386
978707
1177268
25016
1846858
396747
835210
248986
255120
660841
46096
171605
321739
172671
35039
1379749
981223
829786
901932
576997
1003921
14682
770162
1009751
274179
1513851
310997
262841
348671
706147
357814
808124
1995277
246732
66126
1041781
1219837
1679315
503554
879908
165937
796923
886143
256046
558597
392878
1163691
1764909
452429
1352010
314476
1886863
1147327
1165128
269263
809003
53753
394181
778687
1238883
493114
731932
1161906
337580
1034186
368708
2006671
371968
1492782
1272402
1126495
1208955
1278047
776286
317002
1100090
413762
559295
395267
1501397
887357
325079
214711
660103
408309
926802
1596446
245813
1227450
136139
1101459
1971176
412658
735630
217079
110146
641552
588380
939954
742605
884027
489502
259415
1697984
403169
1238704
1801248
1024404
671949
2134914
431029
1297086
1660824
1912858
1227403
518615
1136435
1223769
1846675
1151143
446868
434669
799511
156373
1329525
16395
2042046
954929
431458
1840200
414974
1697093
187254
1288696
1057724
1694907
70451
265628
1250733
1023236
290411
857613
678275
1363218
1225150
1698451
1456014
345236
225321
757797
154199
615541
105281
1666348
335442
14287
285370
198072
107463
975108
694641
863068
299274
1441184
321791
1600968
1494161
425313
423056
32162
1229054
22326
776122
473046
484536
971580
549983
1277348
229047
160868
995196
1328713
1468963
913042
1433617
1097321
526672
510383
370091
384790
666161
336271
102357
688661
743194
404268
1480781
239794
466418
1269380
176825
629322
496787
438965
1119611
287542
3519
607344
747006
1153610
347993
205352
1676991
756915
158186
1172278
1424956
1342322
376749
167612
1691735
528545
153027
1114555
231955
984187
7678
866288
164935
61346
865081
1247226
882844
554084
781496
750131
195612
229378
37127
20190
350885
366918
1293028
948476
1470995
263511
55715
1109988
15379
427424
1094920
666114
89423
151503
1119835
428572
647430
454451
517072
571659
956405
696605
958605
1460401
458485
392655
378467
47445
765453
997747
1729458
1043415
97577
727345
649184
690831
730651
164563
736858
385691
170018
873842
232490
501449
175062
153949
524754
1421985
388144
294417
279458
512634
815686
259705
1739978
79939
796014
650112
333610
1011187
277753
303321
567456
84838
1799045
1569823
209467
1329346
859581
407297
269369
727638
312544
1893094
603458
108245
1698806
279346
1097427
162677
1298568
876759
472477
899314
115017
223777
68899
671
774651
97021
654967
709484
24175
56530
591771
79026
1141005
760391
2013957
260701
44706
734486
1994185
406210
879892
646666
1815990
352639
17666
136525
757162
478562
126254
275070
866461
2031702
459082
119441
620117
856086
926926
1209941
1614970
599039
182037
112600
388952
1448755
338769
1170435
796214
395024
1855403
270834
43848
501348
226691
1067888
301355
305512
156035
9103
458241
601009
1022008
1470687
391495
1367954
927234
608744
842320
1139420
1851331
543543
1515413
936343
233059
75903
303063
184880
623712
18397
59925
510114
1519657
2032285
101812
634624
542663
873804
680357
963766
614921
70031
273004
1003376
478082
1899274
422743
662031
402091
425257
344442
1797724
1030118
1630154
481354
273225
752747
835641
1190842
103338
547612
624559
1683216
276856
1847028
472614
300535
1875929
1362722
1759015
340776
319840
39277
57759
1469583
858100
568634
1955681
838724
621719
229852
517613
1052069
77000
515676
825256
233688
1001165
227545
1854513
1048455
116961
64491
642062
206392
230701
1786596
278363
463305
489430
132070
1522029
980663
397587
32949
497642
456777
605837
1483922
1449505
582682
474130
898522
855813
489767
127492
916819
227935
156738
370444
424176
1033290
1402252
396556
1112803
1722977
475639
100882
1517796
1471929
587642
113778
531117
1995384
589840
1333895
481645
1327480
1050839
1255994
884444
1464367
1304141
885533
528559
1670559
1171633
175580
183219
671350
1875567
1160250
141881
495105
412781
941490
219532
1571756
474300
64507
380761
914870
653461
672009
1321956
1500384
1500820
868906
216894
611408
433216
275658
101156
1638155
261257
650468
72418
324862
460034
880827
153854
439316
667000
351840
1158752
2043367
1213044
637441
772094
1357783
953374
917047
95875
427861
1587662
1095120
783519
293843
800342
1326543
27667
19118
670733
1274061
104497
209019
1222526
152226
1061888
514368
823081
141822
620315
94694
1171853
309551
1280435
661553
426209
1197386
511736
253597
466170
331322
279547
513165
1145378
1618685
299523
234238
461392
859581
76464
49356
193649
570190
187591
189224
801704
1662611
1678653
1039300
1619270
149762
74702
756399
1295788
120745
388123
1000980
503554
444183
279101
185635
174924
366648
1008012
98931
208677
1659316
375693
1119089
395311
970014
1665282
717699
725860
219438
400754
545041
1032483
2123606
335619
1273431
553579
150072
1483489
409805
645646
10281
38724
293828
1098748
989176
57955
1566130
275393
1969597
1453687
1029945
106290
475879
554385
820788
589359
357879
533430
479904
1161555
447848
731909
1779663
1486766
404172
1517526
1668365
124593
338541
574407
1032331
1022187
140192
858499
256046
566019
1192276
916069
181075
1068660
116792
736517
356004
982632
1557326
921986
1212465
236718
9602
314602
239539
162487
448063
380654
339720
1815386
3987
470986
70012
665441
223080
85145
114887
530471
1112465
1333410
1063852
1772655
536612
700013
558439
1007148
196138
205766
71399
1015842
335482
1171629
925476
1660649
99926
435244
1374028
515763
739301
1144761
1289675
1132834
638172
1001483
288488
604263
955201
54995
293545
1251568
851184
1031640
1519382
787320
930842
55466
308065
1254060
952157
315744
224493
1049575
853048
1481143
1656691
1132628
356284
1007469
1303315
130289
1155083
94763
1196509
427251
1746769
353722
144508
739583
785825
79898
1057981
372914
931432
1582077
955643
133033
936162
415775
1798584
377852
491238
488929
1418948
1076655
539730
848708
391724
925113
21512
121581
1536743
919183
722083
450115
8498
1330227
510785
1370648
795841
1519029
564103
1929144
475897
367320
1329211
1001125
361780
739449
709605
265111
1479979
133889
1075437
1125583
2012515
60429
236000
96614
309374
1238136
1232919
1074111
1378072
1288316
889039
1577738
146860
1139364
52660
1646615
937467
338343
976474
755615
305674
1158723
70230
1043113
1015947
1380687
480540
234959
1613298
596867
201107
917518
1153401
1122831
1016882
66667
1178547
1353533
241491
292924
183270
1199932
650742
71170
693199
198475
1621511
1087058
629106
942639
1717053
959014
1403034
183047
447602
628277
138709
1280196
1696392
123566
203779
54839
455063
952129
1259296
1764389
1613492
243200
671985
973252
446007
248878
1038471
1354854
413676
1649058
467951
563766
1868244
113270
466684
1368091
281164
118907
172049
969630
2143533
1108216
1122069
1686182
911562
1281411
117399
128311
985519
1309098
1054328
850176
420339
624511
343171
495568
96634
951561
1558242
801496
31839
908536
341213
370667
113821
519343
611845
615598
1780061
1212821
951175
94792
966305
49849
820326
1215981
65709
498952
1289939
1029346
1209814
876807
610343
667193
315757
1286256
537911
643796
289580
502033
773459
486554
1215827
1070394
413419
209771
561545
401116
