13317708
2982728
8456796
11843326
4552531
3106607
469573
11267628
7243529
1241004
1978751
10409230
3801962
2729503
11399400
13788455
4355424
5524940
6980908
2633467
140952
1477973
4003372
8841000
10590469
10193007
8076587
7674799
4346616
112620
4625191
15520246
7336257
4473670
2943990
612250
9599297
1703624
3836002
5968605
3036472
7264846
2330816
12397323
2065493
11864029
1441889
6864996
8924297
7889035
888508
772005
3663533
11453352
6321253
2826711
5067197
15486469
10025220
1175492
2659713
4133869
11231751
7066740
1063996
12567041
800364
6388262
13425345
8633256
439726
4348899
2557591
4678817
6653953
514726
4710873
63631
2862400
12421412
3918022
6415235
3860944
2324860
12602962
212556
11908030
6042018
593293
3461953
14144566
3305769
698637
3146218
10999472
5464991
4121036
6309894
842568
3431802
3503635
15640611
8020765
4923642
3147437
7758341
1804380
5467424
3158690
1109404
3049673
1787955
162466
3014656
5231451
6799590
7172265
7842545
5399302
5379785
290356
3319703
10506351
2632906
9933863
2789529
13871567
1202099
3818844
2974327
10404105
6087096
10053948
10152231
13541836
12375355
6166757
4573124
2542196
3653463
286752
6602406
2523588
8266656
303183
4003576
5471083
7977715
6710974
4322798
8663863
6501785
3110387
7124094
7667793
6644511
4260851
2479287
2350023
8014232
10447350
8473517
5092738
15247554
1458075
5080786
3909933
5392870
3473572
7556277
6473654
1192009
8192304
7629694
7774274
2569018
7138157
14340829
3756957
15934084
2744344
4872460
3090232
8698408
7093956
4423511
1419276
1658266
3957588
9152789
6551357
3436385
5299840
8186979
9465033
872291
1659585
4840270
1251110
2768365
781876
7198167
6745852
2598064
3899989
1688277
3583809
14364849
319076
7317227
9061745
12934418
15048430
8832838
3179422
2732552
8310912
5489107
8872286
1612247
3321820
9876114
7202962
3449115
1900371
3079050
1012863
14711787
2201368
113809
1148854
5393692
11545721
7901786
11750224
13193418
3085263
11783002
7059933
4017165
3182119
831795
7205476
121890
4714630
9351780
1759975
10533822
2119902
3884761
772745
7943139
3032048
3749972
4109142
4690242
4059852
8223756
335302
1652569
11345997
5754472
8619834
1265538
7611798
9443468
5378759
3385513
9689331
746498
281803
8372345
6353747
8831492
14633950
2725717
14680310
9047842
9690463
3181504
1393372
3637771
8920256
13010277
4967896
7319874
9916339
961594
2967820
11802693
92553
5451833
2660835
14364162
4777036
11757962
11208613
6461672
312701
13593342
4488694
1182582
6627485
5593030
8973487
8711715
1076831
11034933
2662887
4323047
3087149
3831182
7806864
1555598
7641225
6003815
6962039
4918186
8829818
5311611
7467603
6648661
12731382
4725230
1007496
1843769
10121722
1638619
2254078
12682776
2699004
12956585
585800
8043626
11661541
4016895
3379352
1340862
5487983
12497254
4639028
3067954
3439331
2779351
4894827
4532092
7364027
2899334
4371416
5724161
4348212
7175683
467075
7386401
11059304
2814281
12910949
7139077
3367319
3672049
2798971
8463360
3131717
8193932
2617439
5779968
1561712
4841146
6943276
4799263
7967285
13654638
1987918
9648977
5249999
2955330
13320763
5010479
2437582
8999071
8837997
3079559
4855308
9675146
3586080
12269835
4788733
6740400
3787223
4939360
8592881
7180531
6581731
1079617
919323
9335555
6946907
1439901
10508832
13715031
2491876
2974848
1436849
5252639
3535819
9848998
5799471
7309638
8098668
14428490
6516273
7654578
1639650
3309919
665665
2791490
11409867
2513812
1200162
3312713
5932806
8056218
1149463
9076801
2762166
5943235
9512109
5749375
7622104
9803119
2363755
3294743
2867436
9464688
2065187
9982650
1781608
4104242
9454324
2307294
5404764
3803943
10081279
8712766
3386667
209614
1886323
3981403
4194594
5641443
14549748
6620920
6663770
2957377
10831889
1429492
11737243
5224468
5051416
91268
12428989
4108744
6014000
3895549
6629930
733690
7973377
8041896
3102997
9488098
11152418
2015815
7023376
14100537
12543072
2881080
1291246
89552
11743307
1538044
9757881
6641830
11831936
137818
3095634
1463392
1166757
49688
14189314
208987
10155026
12845930
5179056
6287559
4435516
5199943
3177790
9608522
11448553
8293256
6812567
3022944
827425
3996940
4355366
377715
2657536
4671944
1488251
5278288
2330912
1488678
2568555
4934771
4066955
6680989
4609012
1145874
3670485
9396838
1997585
3169974
2079967
5283318
1384530
3866435
11011691
8161901
15458907
3619994
1011169
7688933
8167741
3804588
5836069
10609070
3689116
1293361
10007542
2214385
5465286
10552421
5753261
5148353
6820851
710354
655675
8139083
2846803
4202031
1705838
13257833
898052
3749254
8366183
3151413
11104963
652986
7306594
873390
8969263
13590720
3382557
11061610
9515530
11815867
9997235
7714254
1254486
4902163
7369039
3459542
9463237
1261685
3310213
205421
1703966
3962495
10618399
522163
12378888
1522845
561007
2247721
4360106
3261273
14295466
3924329
5440552
12422845
5627469
4353316
2109855
4863951
9176576
13555183
11411462
8783869
2463989
12034094
9338925
2814675
12713582
3876270
4333318
6535077
3436479
1966940
2052191
4245702
4231222
2065026
11393202
5765228
3914922
3375996
15821586
2875071
5449071
16063556
2201363
667413
2638815
13115605
12311891
4309517
8983846
1721758
7384346
12257252
3172581
6636572
4099039
632322
8552899
497532
4422877
7257210
2279161
2665777
3983742
12865814
6800987
9851143
13086717
3663010
1943333
1607663
2762344
2197115
13639574
1974586
9240725
11851880
1424755
6298879
9414236
3527535
3137535
909168
607369
2581197
1807545
9261075
2739835
3137460
9917412
9189272
3663876
9805219
8435076
2514026
3778449
3019169
8721893
6058588
6517707
11528602
9961445
3512081
6052411
2225128
5863451
5938807
1388035
653737
5496895
10592677
2638089
2614014
10529933
1110530
303750
5754361
7214356
204234
3411559
9458414
4814142
11427018
2686661
10850626
1155752
6573827
4368201
2190388
112056
15151589
201598
1915095
12455746
8757057
7748417
8759928
8080147
9415280
1311401
3967413
10114166
3666696
331247
12844961
10546377
5314081
3646867
13390140
11944086
10395890
10086289
3877173
8865576
13778503
11604291
2894385
8064896
12275609
4452532
3707732
7375409
6739259
3515653
765772
7693503
6664651
524676
630313
6308690
4035655
6228031
2261274
2425341
3718926
2899254
2167456
2282775
810070
10830120
4596284
2533446
12317975
1191983
930588
1061023
325277
1780866
11766102
8261300
3177328
7076296
2411895
5196492
9634785
2567851
4469356
13251781
15220371
9617710
628369
2019376
1097923
2071196
6780055
7206858
2109939
7266119
11068259
322710
6675983
3876690
3503891
12343358
1511507
3900627
8372267
3816666
4423732
14182480
3942558
5907805
10286739
9808828
10204928
14699943
1034991
9616946
6568482
4059036
6477293
1575914
2386590
7020627
798319
7160450
854232
9956376
6132374
748564
7727953
6188588
12946733
8561196
632540
6909127
13771081
7211556
14049396
7117821
2677069
1983373
7878200
2668713
2022829
12141625
5164520
6992541
11241228
7087158
8853375
9977081
5707494
7699435
5802090
377850
8664847
6021259
5963556
3177203
900722
2568004
945380
2073854
313878
5599575
7338530
8913995
2096869
6913130
442634
10129881
8219936
2428492
7994450
2447993
974533
3566061
15045390
973178
4073307
7476612
1932666
9717487
4004434
320065
10162793
1660481
8474835
5897228
3673471
9125306
1940087
6204953
306516
4972102
7614030
2238190
9563730
5104033
10215147
4959418
2246188
2872571
713953
8309683
4575373
7413152
8070338
619400
7203852
908474
9079018
8858365
11696444
6944937
3415363
6928054
7101675
2555583
7360348
1643306
1757664
7233988
12370212
6179446
4264665
7303136
9970014
8066464
3314641
10044807
1564153
5125537
59634
3214004
4270734
6338861
3705969
3721226
6643009
409245
3232268
8837484
13011912
11573981
1534039
10728887
819980
8611061
5876386
13864
7427780
10864695
9646350
12681367
1066096
5143796
13623609
2892350
13853466
8965586
4591484
3018046
4753164
989176
904853
942792
1391432
10377173
6773125
1178643
5736692
6254127
15872561
5082673
2523735
2498265
8627752
12488605
3120657
6965649
4905348
2029199
4022280
4577159
4554886
855685
7643670
2839199
1865668
8523625
13162016
4266206
5447197
81993
12618523
8165052
2981576
2085562
11816737
4206428
2695528
13112909
4643200
4730628
31671
10584308
4300341
11988284
80503
2931693
4966147
14785011
830637
8817606
10139700
4512625
14233307
6539984
12541509
3765153
9098925
4467464
9248281
7976186
3234511
4093700
1087546
11249873
14562688
460849
11076595
1118477
8226916
10182974
5724887
12872756
3781898
1082291
9935241
6452808
2929080
4723307
12055052
3242522
10365124
2482464
8162760
11196704
2599717
6982713
3370689
8825758
4205441
10240517
4780960
8547458
4358386
178005
8929986
2699266
3392847
8941524
9844873
10010163
2708764
11770050
5756320
4213494
4233816
4006500
4818731
291745
2570719
12277759
1240127
2252788
4143799
8045958
15697609
7591920
11666749
5747333
5460710
1201783
8822692
2570495
10520020
3740247
491706
6130184
11729976
8032991
3650914
9730775
8145932
588560
1659431
6696184
12137077
13535187
10663031
11440418
6094812
4623894
1397819
15072512
9605261
979880
6319936
5053567
2379872
4205711
5182013
8459592
2897966
14598026
4015423
8379938
2895716
5349852
3311174
6563809
2925748
1939473
5398723
3951035
4176494
6674643
14212180
2778043
3480840
4405784
3436283
10640923
12708488
15631490
5875516
1811231
3794428
4803398
3494177
1740731
8388175
1662713
1930391
4500627
5628280
14063652
5606396
983162
7238374
1829062
4916617
3776817
13907508
5682217
4561894
16471845
8268071
8784590
8514450
4198822
2559522
5292
7891326
8938191
1397497
4671442
5974263
6260850
618007
3069305
841599
4167823
396205
1446128
13778474
15772876
7973053
13402302
3407308
6051356
13372609
5417282
3227417
1979123
3219905
1700882
42363
1181596
3695545
3310179
4718550
4382716
6076289
3672461
128079
12524411
3602226
10748657
3067982
5060653
4765242
1228698
10772533
2959395
10547538
15896232
5285451
2276048
455356
12523742
10179355
83805
6806856
5253716
6464696
11169469
5229170
7126365
14612996
6630877
10919091
2319777
4993372
2851087
1301450
7175834
9587166
10561432
2979751
598840
9964429
4083681
392478
276110
2516036
5378934
285616
764852
4231850
9841063
10748068
6040893
819067
11027771
10425760
15130696
13712644
612252
2436433
9352311
2530040
12803267
2845392
3051880
4728270
12165501
5128634
8351236
2852055
12379345
4224585
3321956
2447020
4247046
5909752
8704527
3577794
9886731
1385251
11804481
6235191
7013747
5359867
822154
956784
2321480
3022362
5778972
4847020
2324824
789856
1799028
2065191
6114597
1634773
10226317
1862685
4640817
2653339
10216115
7827031
14338732
3065196
253491
6999073
118247
7047467
10516548
1069763
500359
1239395
9345215
10438634
3501903
478834
655258
1386929
867385
3061356
4111470
707390
8461920
3511586
3243295
2201256
2893612
4279157
4240722
2793851
2975861
4257111
59786
3203992
750678
1782153
1087241
2613064
5205436
16549233
3915552
7029250
4143304
5695033
