15533245
11822813
21579458
13703049
2480485
16848434
19202140
8118822
10459471
23772830
1083855
1949833
644698
6872191
20769350
41483069
22467880
2964105
1586672
6824206
16284078
6637004
4551235
17447672
14186521
22126363
28844935
29128941
11399022
6733986
7814924
38045455
43795246
18643941
35398985
13780080
14312548
33275308
2200066
776935
5126723
23694923
31244911
28974395
20908959
37927122
14405503
12871581
2720910
8331954
10088109
14213379
8142448
1542567
15797672
5357385
21495889
40439051
11957897
21818973
5969354
4711253
7605699
6352686
10039039
32312903
17330899
24151702
5612692
41027104
12213365
18252223
10585520
7433643
5681443
42654004
27684922
17054381
31197647
14077753
5556197
29375241
14386882
35450111
4915467
11319914
8366841
4956953
9699264
39758158
12520386
1901086
3301067
15973355
30694735
29947516
5556088
23595752
16681624
16576292
20854600
30921099
415604
1174749
9559826
17668184
20833619
14034111
33229242
3895748
1409662
20007976
26821204
17486797
15995280
8798869
20863486
1333855
5621315
3786462
6849772
9320405
24435294
19288488
2534544
30182132
5067791
25865706
32588671
20391153
7970594
10824946
17967359
10735833
4073919
17867309
21998780
2292762
7730147
14360740
280443
11333958
24941052
3267583
957902
3630044
5542495
30119054
12635617
13137981
8278692
241955
12684655
12921493
8993076
10378704
3584774
30585683
5475345
13543632
28053238
8977365
10424582
15536526
28664860
7091330
14090770
4591427
10269811
6784076
19032317
3569811
270991
42042753
23286116
20943587
2605083
6276160
10191708
4576545
25379767
4298733
3613301
15202966
25589417
8463561
1099997
1152782
38191535
12353935
20726478
317064
5216167
22175391
9465234
35604936
21133030
21612265
15942518
1949736
35536634
38803428
21154221
41610582
20507371
25355824
298450
1672482
17920813
25279890
4028041
11670045
36519093
19569097
15117449
18890400
15025486
25282153
466416
9565258
36328836
28062428
2820305
24455838
20669853
3719116
5806088
11746289
24265137
32251264
10522607
7993129
5496713
9374088
30142429
35205222
10577093
2307488
4748447
6086793
24739483
3094881
5335020
7924021
32069873
16976087
28770493
12670076
18182972
13082800
16875050
4400494
7001977
1158022
2985443
26214398
13659968
39902279
23779974
15755211
2358585
3367886
2028100
18677044
26905280
34845601
10902404
4986939
4071123
7323725
18426604
19762886
30892536
2685337
12114504
14839907
28041295
25820314
829983
794662
14982849
4916122
28448179
15297848
16730541
4917060
16472960
21576093
26944881
773454
10067774
1358732
25707895
21425861
1680868
1796152
11033218
1844173
1937118
1933924
9848739
3814918
35003619
14256462
32921941
5469432
25211908
1611458
42591778
28767271
2564383
6267155
293609
14915097
17029335
43525713
34158633
33319583
6858155
13992211
24729542
1633792
53258
1898543
5600245
18072834
4712602
6707461
13367739
5553962
40867376
1017775
38153645
40047717
6905333
22090406
4863853
32247897
25215569
6449299
20831954
11414178
19151597
2626808
27323921
9782854
11669587
9404942
33224264
1421870
1020806
20883430
28523699
6133126
13191527
801988
3051728
9563503
9516332
19336091
5093168
8740709
22501236
25188583
27296298
25414663
7461376
4372600
30154164
12512859
29541023
13012467
4825750
4878363
599302
18021235
17432509
35939053
7109857
29157814
14854105
13257143
29121813
8980486
36572157
12268619
15921624
4951110
30386410
1832436
7524740
10445193
23332602
15459639
27045322
33270809
2535413
1069032
34951752
30451505
33932326
22770614
11230305
14954326
7686651
5471710
11210141
27921742
8028102
17931599
25724124
26480282
333935
33499009
4021201
7584849
11047880
19978422
5931943
9440273
18230779
1122993
3705672
354398
4518388
35386760
22988463
10566489
33156179
236111
9565888
39219127
8941905
4931358
1629281
44232741
17642358
18619957
11102648
5006525
347316
12302662
41193666
16723842
9077152
41049595
30819491
538220
8698136
10126498
12625009
10557542
32403427
13753763
25457019
4296546
10467138
9836208
28663978
13486339
24520297
11738399
26125179
11409284
11372121
17901119
28418304
13553255
41864338
12963181
7934626
20055270
24718742
25351763
34951483
11516729
21455516
23274093
10423252
4501669
10129634
23762850
1222055
3605584
20001908
1767125
3827032
22554229
8455159
5690926
6608365
6243515
943436
5918197
16604700
31554402
3388850
9610520
5108873
20447584
16012296
20623636
14614644
8231634
8772110
12040698
23916404
29431350
5207834
28386583
3034502
421517
783334
3281906
15290721
23574423
142107
30307281
16027748
38087274
12003199
26591723
1969445
3498650
205357
23742995
15817860
891963
3170407
1889042
9021426
24044896
5796841
11472448
41937866
35234069
29599484
481714
3561265
1063323
23656070
5225733
16334015
144410
34649788
11192065
17179101
6741076
10090987
1920285
12214088
26080827
2663130
28548415
31516059
41776648
3674661
23628880
399869
8132091
2564481
18469146
7224732
5895928
17735718
17639604
22671147
26020695
8641965
35724826
6599295
7484888
1090283
16265872
33747907
9436438
8537628
13461606
14290469
34409131
21606563
5653488
19232768
36377173
24439297
15489979
5102349
2739599
12243863
25508197
4133245
11896915
6627252
14235835
4042689
36782605
15787098
30155654
19910024
28966646
251645
17579980
10075421
18386274
30077412
2089572
4379974
37725336
30315454
11671311
28819417
9611538
19594629
13366206
20057939
10853391
12937853
20512863
29614680
31706183
1934153
2265310
23526946
20295204
6780991
6081043
13701866
20060533
23522059
18229512
17739295
12500610
25557919
10298774
29690604
32312359
7258697
12986694
2324302
1739332
18614283
25564439
33021025
4180827
13251151
19481938
8772189
21062958
996114
10302926
10389372
16768140
13417090
8326996
33890929
31580821
11659509
6048033
14046845
27307057
5539214
10610391
22012918
6280785
6173713
35459751
7000196
10019896
39612742
171289
24290484
26234423
17477340
8065546
8683040
9135520
21373482
12013266
2722102
24053159
9227270
12709887
24195072
32046641
1132664
21097029
8300985
10239764
14004177
16625256
17035569
11596229
18702729
482913
569151
4470919
14486538
2804107
14642256
24345691
9263956
25781173
35208972
19848525
20057279
26355840
19906016
27730110
20814466
14317298
8067924
19092572
14233493
34613005
17884930
25241215
4362796
14425024
32284540
28646644
17187777
20519139
14577571
178496
233295
6989369
12307969
1198168
8009450
1027079
21807867
16086680
28400953
8166197
9859709
813837
686415
5840411
20332921
18127596
39857332
22081671
17876346
4212408
12497928
1536223
24691563
40312337
5612341
786882
41260486
8690714
11294754
16017505
6928084
24767783
5064071
1198222
12491639
17576220
17639517
14135408
19773529
13467529
8580554
14944502
2599422
4083579
3348651
801946
14838428
22440800
1794201
4109489
17384623
20030512
12921405
26727888
16933772
14679768
1922185
7646715
32179218
15300954
5205962
2482982
31983893
10581502
28168497
2672884
28401952
16882682
16187469
10616254
27163086
18058714
20084582
10895960
3015281
23641215
15806972
9047652
34428703
34843420
3133864
5590677
40073180
10244404
490781
4065916
26137461
12913244
19707890
4377535
1674534
7805527
8287849
5388205
3185437
34800273
7051780
8775277
41763413
19984259
4627895
34575784
24962882
24371452
7005156
32022053
21244930
4028636
1691430
4508386
843478
26998819
16814120
4814835
16178766
7419229
14572575
34188894
14149614
1768690
33149847
21847416
21722167
18130571
13050262
5541033
30204986
1518745
3539720
2818511
2056126
38653140
8209090
13131539
7958867
11098857
16207299
212302
6082923
2447982
241290
25316922
9833926
9093611
19491520
16560380
9508186
11619840
877001
6443382
4125615
27015384
217669
21007812
36414570
355514
35393049
24784513
8026495
27994551
28538254
1935465
3196974
10429072
2668480
11663688
11275594
11482191
2775469
2272956
36715738
22717853
5557362
4848207
348688
26457197
4579123
14841017
3652096
5878094
22566492
8952648
8188612
17548633
38054347
8677545
5367838
6014022
28334211
39912979
82371
9343998
19235866
8372759
26968927
7516271
24805547
1789610
24527213
38246518
13368550
4365315
31161423
7416899
24514050
7213319
39230166
29763319
4772145
19073097
26726925
13518688
25495882
11847144
23495911
25139554
26451435
34485868
17919220
790586
2323281
24388438
10328931
36815714
16434040
36218399
18593695
12788293
33412395
327130
5623104
23596481
13188828
34109182
1535322
28083230
6519091
3639191
4113214
22781014
27971788
11526430
27168901
15753648
2120249
33432546
12694487
28013457
869483
16093437
16300213
23232962
17741989
3433952
12649062
3952028
30022672
36820815
543424
9897492
16541062
653752
6570801
7074598
1596556
5278553
10609481
2335281
31549213
22845343
5931224
14903150
372328
2603943
20160931
11491243
13887435
8259728
23004201
15716061
6455854
3929175
5051847
1866386
12276026
172733
27652414
10012384
24447293
12723417
1098823
22009761
10197244
16685927
9879174
7346073
14535695
6083331
4004288
22089480
19026882
10210911
26867507
7221608
21293253
18511639
8477580
9266051
30139381
10778436
19709417
1360810
16582051
5987657
31275416
18835043
7019797
31643349
15578677
34762856
3324230
21752475
13127830
19665348
12245235
4919505
18050576
1973518
12226733
5460871
27252607
15717074
1693273
6994055
6949126
6962170
27388333
19854366
357688
14309483
3955553
35073026
32234157
19351564
16466660
2586819
22225430
39444373
33654842
4319386
6430937
28745082
35744776
15857207
19345813
31731631
36792193
43618147
35381049
2347595
7303462
29046413
14109525
20422469
8799917
6300879
26431909
13618913
2944239
16036565
26898585
28321035
4819638
38388
5267010
38194321
28149756
30087700
13034929
29945219
2872260
6686345
32051783
17171535
25728626
18486805
8522609
2990523
6690540
7898643
12833218
19533626
26422044
14280280
27369276
6056141
25444894
34339362
14464109
447142
1169166
13013230
9703259
13654167
10240258
1692086
4382283
38357921
7897575
11027313
24482326
39011010
32884893
10546137
8732086
41065077
27052859
22274412
8882349
29937326
24461449
2182192
12430923
1539018
10354925
24654524
15137468
786166
11253381
11976462
16167938
9551984
3652763
29707144
26658322
111039
25868859
4267786
13976420
23226871
7008476
40816375
17629892
860190
40144868
6501156
21815344
19894754
4991390
341828
11079323
5182182
613094
21142161
34394317
8905418
1781264
129200
15173249
11882055
2202098
5140011
957414
18327321
21515205
25135809
6916893
17561689
2145748
17088490
5232637
18185974
26286061
29121109
21852246
21155473
13307449
14264296
2558027
830475
6917549
31055720
1917871
25197952
28078581
36765167
23735323
24399309
7175261
43002491
19734639
4256011
27010747
14521025
15777717
13157768
3386441
34047820
18172585
12798779
5419572
507642
14466397
295189
8065835
2267117
8009066
2047269
42022057
16750266
18073399
1372617
926130
7291142
29190074
452924
18207887
40335310
1130790
517872
766823
842214
30190977
13761248
1814498
1450325
23125841
23799284
14353412
5246202
10755885
8041037
21525916
32185649
6320231
26590685
38198487
20033387
24010963
11685073
16445312
9336197
12870305
35434764
22750015
43640862
34308552
36919457
1269450
18114085
24710708
16203413
10296408
20506484
1127207
28878603
18195414
12655536
32258264
14386722
33758755
30209166
5271624
17823760
26872382
17112458
17639465
34414905
26972918
5407293
14900121
10194201
18842293
15105161
25432416
36096875
13846596
6098891
23608575
7284813
1723652
43070526
5060982
22492212
19226169
9430184
28906799
12930196
19624761
3046247
5434764
4973679
14316462
89128
18524056
7548672
12242589
14248806
727602
25892667
8399855
27025436
33581412
19433992
9494150
13247142
2005832
23673302
10617631
3494658
10118595
3879728
15642091
19249899
13036858
3882013
14064227
18020005
14058339
4731216
10081953
3233913
18263854
16514712
19524022
7363804
20369136
20330355
12465929
2115317
17429262
1951054
18533392
4729210
15326176
739575
20476233
13581303
31353787
14907496
14769494
6781311
1471590
16727132
10054953
1126228
23316534
21105291
30436305
13222542
1281592
12981266
6965355
1360467
17157057
4613513
7633716
11194552
33874152
22655608
1849713
140736
25617577
14989702
21499181
18119200
13464162
35242921
23321235
24604630
24726229
12672080
16040329
7940952
13243236
27199085
9492625
12541698
23519604
16515093
25394356
8408694
9397072
31941061
11037594
22713857
3729806
9000483
10876642
2152418
28624480
2755997
14232903
11088070
14632700
15075545
13659882
6159148
11949530
4177786
11835408
37281814
22827931
22521120
26652202
7463749
23561784
7429494
13825725
10355962
11143798
14527238
31476433
20338763
26894963
30180653
18956975
2790778
14752025
17139677
10942924
3732380
14357436
29764860
3211247
6304783
30167663
30567622
2724159
36794179
22950810
26503128
175494
27833375
16214547
28671822
11586439
17583166
19725209
2558732
3702826
8763509
13999374
17040926
8511553
19050812
14080460
38462202
35916188
6557009
38148587
7348109
1885867
10120518
29943515
28262614
14213163
19378262
31862520
22154860
20135558
15878156
35174650
39188055
3723174
35235924
14580256
30826760
23330845
6144592
14290835
30256107
1226025
7504636
11907103
31188107
12503259
3129823
28256225
13467846
1801348
27440109
14961416
32038760
14094682
14049909
15871623
27601706
11755856
17612256
15603318
9214857
22747458
9027607
12086942
2082301
35684588
10810870
14969830
1051843
2163850
14321756
8665785
6216344
5986204
13218332
10609902
16722840
285502
32654023
21180911
13680595
31590806
867174
27951422
15446448
3403479
3567110
1538032
7888911
10512440
10948628
20644462
31930654
2630166
9653775
8621369
25912105
6303684
31103489
521012
11177843
9724143
1909107
2309183
8830008
15417004
3303796
13187574
13048091
20633235
2535936
31308093
37847391
3566688
26065186
5870480
32746584
5078434
14131107
11644672
156338
2216989
3969112
868326
11639266
3837143
11566333
19573747
25300081
988251
1534497
14897079
3635177
10887017
21154525
10285044
4349523
1110928
7952667
5170084
4979830
10961417
16768201
34508784
5971189
18388899
6933772
17864135
37505791
25043511
31492622
21262055
823581
9916157
10061313
11066877
451662
15948074
9918364
8565366
2741462
13320885
5013468
9561573
10424429
41522391
3851411
245254
10668322
20071185
15235285
5099211
23902569
25142653
26708272
5361428
19751821
20350344
42502328
14257331
21969103
16875007
10755936
12822304
22051486
15458840
7952235
22533974
35772693
26898017
26616180
14071264
23898158
11754227
5738111
16368064
8027477
4483600
6392293
265543
16202972
26325021
9159262
32823881
15184621
1645275
20455155
22723505
30059725
20702098
8826890
6770661
20679274
14398055
6662356
36152511
8738729
771474
10776354
3502157
8474481
34680060
16151757
5979039
38770795
9013224
22166678
6160455
25051983
33357080
11597775
5902683
18515037
38303010
16870750
16154283
7012447
3198830
11399489
11396522
42925543
11864239
3520855
32644918
11858227
10407500
8869576
18681017
274380
40957415
8540368
6579581
21035853
15487760
2611463
2344997
1333903
3016995
5066899
19939215
29680805
21496007
14561181
19894492
6686059
1796593
9148940
13146537
6293728
9867638
5996556
14064963
25756822
1329840
34733705
14072842
2108883
13949604
28274260
18243831
1717832
10374966
24881315
36029836
3815926
7318775
12460760
35503716
6392089
4132908
5209609
4347723
28621332
27119917
19862509
9920222
5905049
2647899
42806745
29046887
14190441
8368259
25076223
3625342
27928644
17600156
18717989
169606
2702507
1285934
17600657
2907055
2273963
5859549
2100401
12232737
14035924
1550504
2675472
38313980
24450934
8272262
6479243
2681305
6627223
13333877
13849751
22055538
4851136
34112879
2850794
8193748
12403645
23610202
14262161
10114043
22210457
10893892
21792228
25808000
36061842
24162706
3237944
9517107
29237602
29514467
10812612
13768884
18006910
28267354
31325184
5239075
24993171
21271831
21052138
3597174
14348901
11469941
26197996
7343678
28650444
29958663
43737889
6585170
8007241
312912
32021179
24546887
7902444
29813499
7683376
8579434
2039050
4860967
11005042
16411755
33235326
4365187
6548414
12912686
19666279
13128332
6467649
21804639
21718890
763758
13220812
25181306
200816
602295
1427487
5519371
15776804
9816927
5668378
26413210
1323814
8047099
6456382
15690040
4723944
5776684
2686106
3939184
1285754
12776039
27825780
2112528
38762823
10140262
12905717
8131065
37154233
15554840
41833347
21476404
711948
37072317
27884853
11404102
2581284
25923623
7330526
3556767
17438927
10300053
582842
21679163
11474249
11353487
203540
17677086
12528977
29387063
1243816
12505665
38970866
3453330
8334180
16838314
2331510
4260390
38292609
7670935
1567020
1922689
13873648
5481979
5796406
6047350
2336212
32142513
19833803
2947360
10478503
14941449
9199881
31106281
6967888
27703010
3816321
33023582
9647905
7904615
26802664
10746454
1209828
11587486
11215354
745817
23625008
19909748
13932767
10713035
17147306
21763037
15695701
16101094
16443718
3043552
14525016
15280497
19072450
24396686
7362947
32455987
10728867
3531455
11818164
9518515
11043463
3017915
406434
5579292
27387575
6195947
30528746
29453645
1143047
9187100
10285639
7023367
29795811
29166105
932123
16402385
18855548
30688963
33088606
20907870
29372463
17773850
10518964
709311
4984979
993481
20352716
33481066
11030076
15347922
7292582
21780775
1993830
20354227
4632873
10434438
2105275
22616687
4256153
12477266
13275845
13557416
8943721
350181
24111571
8134126
1344608
26227516
11558625
2013188
26093111
5799007
44120421
10962283
21111217
36180372
16840650
7729115
7953709
21160442
37346018
28451927
11217827
35129222
5658055
20002684
23661565
8330553
7737702
4623064
1042739
22401228
29151678
480808
14951404
13813637
32438026
13397295
17278958
21527221
11611052
18320091
16579330
21453248
6376036
14183914
17410228
9696982
20069608
28078975
12632832
508249
18893019
29203687
7082175
968637
2096906
11515134
30000780
2344494
23183467
21132948
25026284
5943130
10918976
14145790
27351049
27584851
6828798
4146363
16212302
19723464
34572372
16156559
19309263
17172115
21814924
2051951
11721157
32807701
4244477
26115404
12921186
21287175
40463300
30678448
1756234
30682904
18680253
11736322
26688570
6201390
39604426
2590034
28409502
12435398
1831832
37813393
4164950
14076367
10250338
27467689
21510712
3861803
3899853
21344677
6404120
10987833
18567638
37269741
22818275
2058306
138027
392062
10946777
2208019
7210693
19459552
6541603
10215625
3646689
37013392
7284431
8793918
3476848
3224170
4931520
21582890
11946850
28948515
25129502
18503117
15556052
23977828
30852111
18574299
8225032
11884838
4357377
23972973
12383111
7647743
1703383
18394434
5028264
995342
7713225
24538682
929850
34471543
32649209
10539920
23203968
11237915
19344340
18559702
32717179
39759810
36887751
14062082
17655467
50211
2329545
3321207
11390055
2889231
1949869
12103027
15552105
2425976
538715
184170
17498528
13571635
11867850
2731466
23038167
573123
1179430
16182633
6042323
16346933
6478601
1916874
15422937
15161739
36247211
33859476
20002789
25332217
4626777
19219305
6134742
4203788
24129968
24837939
3255054
19216499
19600762
10592354
6862376
20793740
1500711
224460
16880178
15004681
20422131
2977728
316289
22337002
20194685
1874402
29635777
200302
3243558
4178163
7585997
3144994
10458335
5826161
17158305
1180914
13116300
8372034
10157166
2287231
11506779
10849025
10177748
13032737
8804037
24327175
30033057
32389431
15473227
8289740
24723176
44956516
17145110
23530693
36672094
4417774
25287838
6027952
2555924
15949191
325420
25360499
272221
1353478
29050571
33547000
14174249
26643290
472940
1575858
77700
18881043
6843454
22211009
25521324
21156189
27989503
15543438
1562963
34258068
26540239
6486500
9620052
2116808
25406008
17125273
11462379
20778554
3576177
6224010
2927818
11156279
27450647
11182721
13274861
398755
6030691
5564967
11688433
5065381
1949360
19402146
38303808
3292805
4084810
5008166
12979643
32462791
31017135
2687590
255303
17960489
14854174
11406696
30071632
5762327
12786338
1583106
18124232
8817650
11605274
20673872
2585707
9287860
6397406
17499733
40276862
4457463
10154803
20423260
1539362
6215250
14937576
3995808
27071704
5790156
7632522
2150146
12898120
4115236
30655531
1659507
28335634
32675647
15729218
22916563
32720299
28549198
2085128
22648341
7403020
26939191
13980530
15693933
6474558
13382050
4712052
4449034
13416431
1862687
31336176
19499202
37045677
15847293
19954878
31789222
9464918
23168631
19521091
17109564
3232443
25583304
9452930
11296079
35508676
44070986
23937538
26617139
12274711
37901461
4191254
9810202
7929212
11959984
29935454
1070037
46978
12886368
92648
15708576
3229849
15800956
3538947
4722472
800074
3117977
3573526
14774627
29895884
71752
6143778
14284373
17842318
27595250
20070171
30549927
30917538
17227525
13403001
3225658
2361535
4303311
4449109
840194
18077955
19950174
26594353
16548254
12020851
12563361
12612473
9506558
24970179
26306091
3583066
9112758
27029431
14009057
22216064
26553802
35784286
7847175
17972102
31431924
494561
21931039
2869513
6656930
27498758
9387706
12728695
18750408
14830283
29505911
20121368
12693128
8194147
3971462
39230344
8865387
14055106
2748661
11945200
8117309
36608319
123786
11191343
31662930
13858020
28434535
23081870
26490842
3695089
28596356
15023969
12089752
23259481
43797850
27766583
21860983
3192775
7464758
3825120
388077
10681144
29361927
31199159
6306195
22206863
18441017
25616731
8762966
13790197
32266712
13736271
10897054
34280727
13567190
12622857
12138458
41050505
40086046
7557526
25797336
3597545
28972653
2536157
19014653
209884
14768948
18525552
35525816
15607056
31919243
10260792
27986582
18712017
19741445
4198180
28907711
10893913
44581818
24575009
17909447
27384300
2541642
13786043
25518896
2731341
23172521
35258001
28266242
27222243
1384116
9274175
19239899
20659671
7220974
20760652
27689258
27952836
11446772
13552812
3865402
7983831
10627956
18986054
34112132
12663220
3150191
4635691
4274462
24254018
21470686
1704493
9934931
4772420
13665934
9955825
36867915
11414409
3001748
9851414
7188266
11850239
11300793
33720545
14404810
42793163
2148346
13271822
7446252
40378042
15601653
2130459
3953154
14521130
864085
19354506
17942037
25213768
10380391
628815
40752005
15138293
14264032
11191403
43501687
11805218
7632786
20406376
8811760
1788675
9904368
2093277
36691011
38347849
3786463
24120754
1549635
31788106
11900245
29662
32650745
633845
13154488
30663560
7066009
6591952
7428269
30601499
3787554
11554810
4900284
21597234
40168068
6815033
15054619
15117635
16063229
9114095
25848143
35303049
1819490
1896920
9170366
494162
20169995
4731942
8328129
19274251
5762784
9834609
19877464
17109923
10059089
12032038
18547806
36069843
3477744
31620221
5750310
24491784
9997153
24234404
34362872
29523008
12415797
4762052
7381958
26645648
924529
3156600
27496320
26145408
6823606
16557342
8493997
10818956
31493999
10049191
18624456
24050333
23307118
9768297
5263928
25965123
22051339
12316314
17667654
32532055
5351596
26940964
20370459
7776918
9060808
18835020
10734360
2428607
3579097
8514972
586031
5095934
8792330
14996976
4863551
30684239
4298634
31806880
11198036
9563753
12453509
27547021
8240089
34486185
16418589
40418866
2934150
9073402
10070543
5626096
25745401
4539642
2494391
11079887
5519445
3915367
22499293
10916911
13309859
5445470
3068334
2666990
1693960
4738298
4678141
15214851
9936930
14715914
8811864
16866269
6597369
18520289
7241635
16606345
26568462
7762578
18632135
12232253
11071317
41230240
1253828
11592094
22150080
6245575
6433411
15321029
4659114
971965
11214770
11897999
12616890
4724478
23592700
5187306
4722847
25889485
10412745
21678650
39578147
12296582
21961326
25679066
24527459
11143059
8470751
20115198
15253825
19855855
23055879
100032
6743718
32926336
9494109
8640666
16831309
17610504
35377939
10243801
35787893
19812175
5262816
20225697
13801013
6216907
28179673
17710584
3032481
15615330
1121951
2120418
23675604
13895905
15505589
20645322
32628652
2991399
2660706
10684432
45566500
31192962
7853291
4293883
747358
25718462
2941003
21379389
2230096
9341549
4461828
27877977
9440547
30021075
13362728
28087432
10601098
13861869
17769629
17668304
1286580
32013286
33024352
26302711
11656951
1953214
9319254
30267560
5905716
8258053
16607334
9723091
38171386
12150282
12607965
32681024
7094460
33462071
6873463
13938859
27621381
2014058
13188330
6003624
30051773
5969190
24295265
1899028
10945105
9672886
9722296
6481516
1218941
12485093
15810667
20365290
1243042
9452875
16676565
12714664
1705699
25356315
7403366
9392984
17169088
26873177
31155214
89048
11762534
22720796
8959456
4355818
14838011
21304883
28896675
27767144
8936331
6073804
18201812
1832323
7813193
8473561
450304
6996662
41278384
2061999
3695284
24517926
27023519
38973663
34269104
25530084
21757527
11628207
19953936
24644586
10070445
22795242
16691804
33313430
5449841
11280209
21480342
12165142
24495079
24880195
6959889
21281979
3688471
17246872
1232643
7616606
5407337
23741660
5429646
36270372
3079482
19513560
2913133
1669465
8909629
9073446
42561646
10615567
23667525
10231764
17448013
3489778
23609842
29234624
2853033
1536304
4241132
15796162
31797861
32484382
33634549
8039842
6999423
28485562
1782620
25528858
25072609
17445532
9405225
28212633
12081765
3417760
28540487
6150774
346044
13920817
24715645
31483802
5997838
36044629
11213235
921667
12378263
11995149
15219623
30533707
18635354
23586455
3684419
15234659
14344564
5155558
17821466
7983601
12154785
14355210
31712944
10307475
34902770
7875594
20164972
14006854
5973244
42036487
35796211
25301087
2067464
16460557
6041470
20848560
8493048
7837088
10721390
23825018
23226407
13362122
14737737
4983046
2423310
22087849
2679691
28409626
22261716
5701816
4055107
20914884
1822124
8999418
9537792
20567249
8502662
24458121
4447775
21373231
22944291
5983502
4448741
26400101
5375205
17910038
19476838
619815
34223100
5932667
4245182
34223669
25739643
5556160
10008209
6616300
2342240
19221938
1893533
25381212
13724748
34798314
20357244
12225402
7273355
2321819
18348915
13744670
1094717
8270017
29181243
25924539
17448566
17980900
5068016
6018661
1656013
3322518
1800664
13742431
17941877
21048502
24616757
4998736
2344847
15490567
27463265
40845481
42087384
25834138
10728394
2277970
13214822
6916299
1884357
13501840
13884303
46437
124626
20706824
26712387
641845
15542795
5415161
19533237
290004
8020034
34979951
18240385
39283761
16151912
10802721
665875
15647892
15131684
8771896
13791693
8803225
3799650
4170820
21213822
15285447
5896888
5915193
32601429
18499081
1235334
15991827
16203256
14875179
6539805
24001474
18383426
9220438
10201749
7262047
25833247
11440176
17613849
16628244
3384623
20149696
29543913
36485394
10511942
201213
31542701
25419197
22073559
20838713
19627460
20922201
8991958
14479277
6230312
13182732
20236358
19795567
6481067
15339969
1099194
8117237
3884586
14208656
27312536
20366375
25411611
29970655
16221904
18707610
6085654
3257286
4801853
5552043
37230850
2898955
9863608
34773063
5176568
1151719
1123884
22912335
18568768
26424975
11534336
15847222
7758111
6104352
17380548
7175868
20341
24868029
18388957
18844021
4903279
2013687
948253
22697416
16148206
5315449
33672646
14925332
4320116
13445581
259965
561567
12147479
5830771
23582637
9631492
17771532
39777365
9478230
27419357
15364082
20643379
19677383
4096621
19182662
998422
11382490
5324521
15545311
24540493
7012221
38958111
27912304
4536644
24888150
11537498
799482
7364651
7990896
38342065
4801343
8978820
33003561
8092434
11857772
4791380
13400136
28148330
23008029
27119557
13404051
16240752
11358497
1109660
10209654
35287173
21369599
25998162
1854297
12418701
20667951
234971
8026396
40907651
16640101
12649862
18841006
9700788
35295862
32014885
2680482
11855544
1674807
19307481
13477933
8494809
9656698
1696065
15634414
3478294
29599440
22396739
8634543
11680673
12374253
12483891
21915660
5565459
23492683
23802653
28239454
18396328
8199536
5062825
3341700
9486115
14066345
11386385
17442112
18558956
7771032
10960658
17928169
14254541
866034
20077354
4678352
2589624
38049625
13206317
16793818
36703783
15028410
14596892
29017791
20567121
9039384
13426732
31059730
10349820
22927832
14778797
4717773
13657860
3541750
15295285
19280288
575890
35748424
14750505
32788095
4966253
26876362
26195470
17704693
2205250
9746050
1626672
9402990
5043927
15767908
19084807
6028747
8486196
2461893
13281453
7946204
21747846
11901519
12140400
29327258
10574714
16381778
3109704
23637348
7202183
11083840
1001454
10246880
10539953
20738231
4590622
8806672
14934889
8524383
17905493
8797465
6391161
6290569
3343101
3728299
1853314
7013037
17277556
13028378
32880126
19391765
4468841
3110783
31323556
9150246
17993109
19998150
22145811
10539530
7871031
14811882
15734678
29728858
4735610
5519629
19926243
14135254
1906858
18976496
29261718
16628482
33333007
8043686
10478655
9730070
10119477
12405582
2174969
1714066
27972990
8755198
4045123
9844490
23084061
20186760
10823517
34905770
24890487
12868591
34222091
37350294
23504709
31333506
10446843
24873733
29900293
15066722
20530327
17327480
17787624
11431450
38462015
9471232
1753144
12838850
8134214
9363736
2011381
9857822
35217616
900051
35081931
1381566
7705122
867541
36782605
731018
27217575
24654082
17831335
22973457
18828463
7981708
1262932
17323249
8091447
15508080
27232528
5134423
6251481
11654965
3770189
40834955
30074298
1884472
1764301
18320090
12815924
2784620
39840219
16634379
3339893
9330196
17719692
13334991
6446085
9539680
3030049
3432973
6737226
7110179
25351696
12983146
3127964
2257841
14735445
10993629
25250680
1915030
28522801
16688344
16527556
28673943
20305859
7667403
23589155
10259434
34067977
25540512
31718555
13377775
2308598
31618824
6505499
12647695
34479721
4376927
14546391
4087514
15215821
23288585
256696
25033109
15039034
7530833
30931003
16971918
6464281
2911216
12095508
9311118
1979713
17131553
17227452
1788069
25337880
37436604
1524893
4940705
13814748
671469
19769312
21349007
4007452
19179380
18410729
9764777
18824545
21404505
2680164
36301612
8378061
7281909
10406229
7495509
20349024
14617773
22934049
11789708
8288405
7521448
1805644
1107986
6240658
13322157
25002635
18035177
37181270
12839415
29656737
12508014
21980039
9657655
7873112
19010893
4972379
23090424
8053686
8284983
5388117
16484164
23548974
22688110
16979868
5154934
6798508
5877724
7593920
3129468
18275898
23002761
15836330
24447887
8125723
34393019
641635
19570154
10900317
8199488
1069146
20452740
5555098
11872456
35823779
23296402
2206519
12178734
2208729
18270924
20665538
20997129
15560398
414650
11202121
21791572
3960234
22588189
11885632
17169337
28893302
6790519
9601644
12352247
41727128
35489235
15539383
18569842
7852317
33304685
9810491
18827274
18401057
12652998
2164611
31376473
3812784
13427942
9506328
6046252
16805879
33206427
6028333
26869757
13122928
585379
17819567
573807
9248591
2470068
750619
40024810
30495676
5415648
4846000
1830331
18504364
25503660
25778219
16392648
17902142
13669601
21650395
378466
8794103
6840340
32289477
37933520
26816341
7380725
8879038
20772606
19472532
23885407
4933288
7773462
17268268
36962060
16099032
24628992
17694083
2175270
28218140
13325477
5106449
6526275
1272500
11949365
15478510
5947580
25670686
27793462
29415239
30845578
22241520
29236483
5632387
24495254
17161196
12065449
34480537
28006557
1124501
5021595
16770039
27092112
14218132
2852110
35553540
28414260
27709575
5858209
21826704
10385072
13033284
28157378
5787713
849368
16475634
24812800
6989420
9720934
20399957
19792680
2446156
2315915
32894658
2059318
2953623
3673769
5192443
3605103
35570408
1776065
371303
7880176
6785298
22813263
24666455
8719101
26643392
30062652
6816789
18291396
13101493
24174712
14185714
22339438
29981961
8015155
21786552
646435
13338647
28657531
4302247
4078029
32359175
16324489
5176386
16249012
6163210
13818149
13521992
17493415
7336050
14431814
3067330
6962011
3350082
31922199
6405859
3661129
22111716
38349711
22430484
7686033
8941884
15248575
17825348
9172430
2103205
14470384
16877662
31748463
17146248
791078
22713462
4674279
25602656
20718410
157016
2030828
10042929
7838149
478905
4730627
12453620
35518610
16749947
16899085
18429893
12649352
18463729
24555811
6237369
5007435
20849873
26836350
33369255
13518935
15227333
10192269
3403477
14602580
24485005
7029568
18545556
13328579
1546021
8241686
7849570
94956
21051706
7435400
10400089
28398545
10643715
15366970
10755021
23600183
228873
1192975
8988415
6433475
3466537
7906730
8056296
753517
5168196
8806984
25669736
14038123
1155458
16933538
1773405
7385263
10491163
5399453
30721452
13671469
14851378
27521507
14481125
11592556
8325286
26987120
19264584
2354222
21358072
3936447
2611171
16339104
22799902
38116170
3198599
12934026
670835
4283370
4331694
23420313
7353760
13798581
957439
37191509
42592510
1701485
24670003
852027
22617557
34842248
45037307
27859519
4127096
17528856
17530147
30081467
25918988
1925006
16022237
8291471
16856467
5826275
1838601
34594464
26116146
41018266
143180
832327
15660450
2354256
2920719
23571815
28688088
3372346
4844272
11813371
3719554
21682814
2432424
31066646
22603973
33310570
14199962
5355826
32334424
23059777
3690448
17494278
31099870
16160327
19053451
21532819
4706303
1877699
29642375
25544180
16585329
40215732
2181701
22568332
4077387
32407635
2246226
6045599
23358775
28816230
33163447
39677631
10880130
12128253
3315389
17830040
36238682
15750200
16456242
12176998
12651170
33426798
312325
13316336
17592455
39440418
16931873
10319800
25050400
3350429
40723011
830205
8731389
14785395
20134775
23569446
20857158
12271987
7154163
18985437
14334617
16011576
12884319
33820715
6280154
19570003
2471895
25348244
16922968
28707527
12321041
16874346
11567427
15377595
10491314
4387197
14126401
2622597
8506807
25609838
24686455
24345382
31078006
37943851
132322
6301638
24799434
27200404
6077398
27007567
4518811
1987123
5587400
22259807
9233030
16143626
24723834
29828843
11663267
16543513
23242884
3717188
1420980
25300761
7802950
8717443
11734297
28036992
29535277
18394397
2065398
1603384
21512472
5759827
8331624
18023786
18994296
2216444
23750872
25664630
1859168
32311255
18062426
8392230
4433155
23566277
14140184
1015764
34703274
6589587
39849955
26658395
2840608
1785516
14484762
12837419
3305854
10341120
1662819
9248742
855409
11774249
13123385
1097742
21948969
9746907
12361629
26060081
5089470
11181618
31697731
26480439
713623
4440537
19102721
31404269
1030392
20047795
7001735
38595196
6427062
6089811
24348890
29178030
18628516
9304733
10742164
15057278
16363304
10903616
6263982
18901189
14149632
14074220
20352200
9539202
8569456
1672502
12656398
15300422
8683204
9248631
30779522
12595158
2105874
10910964
11963850
23931673
15514810
8106674
17656606
13004738
27032160
7321086
8359898
4306259
6539537
4558060
23077058
766276
41518497
2193502
3395445
7059009
15130383
9900546
7790909
10126277
14875175
30670744
1504015
18971133
14869234
12590746
27198775
26766004
2247529
24970078
7995231
22452212
10472728
24714077
15838505
10188851
14073270
17838555
38501717
17566318
31585656
4284158
6172199
27142655
16690860
4631986
13737333
2414387
11432239
16021084
12571727
19422317
22602920
9175413
4535272
33750938
9134854
18626626
6486019
20041004
6002966
3835749
1733800
5789269
18778814
6306673
35891753
3481824
28634435
13011511
7720052
15119210
486649
4304235
21289445
6546124
15194361
24079367
7625423
8898359
15794695
6171694
1131360
3173593
15352185
559780
17979622
37161338
16441631
11704304
22837395
10615230
7426468
28104114
9325396
3237235
20838346
3227904
8318912
608497
23016856
13151135
1311859
15056435
3951419
29410416
16211337
34667352
34073586
14716277
17175396
581407
7227621
24354225
8884244
31686483
2563029
20047256
20780531
10492500
8188109
7182244
675318
39668924
7160191
37133001
5215324
12873184
9751065
11266387
22542266
13997017
5205082
24617992
7640411
4369617
24783190
1738442
30468890
36369419
860614
13807096
17250924
22331313
38275777
23709333
32305366
11902798
3096592
15908431
35262985
36040024
3222698
24309720
14150087
20160309
10575574
9500034
17146619
34000492
3276893
21545705
29428879
17512676
10134104
40964855
13907840
7187426
4040298
18306112
12619285
1956954
10675667
25207738
4351890
39367746
39842080
5581467
2197148
36935447
12828781
14330665
12822952
1866900
5510495
24181904
1073866
18239267
31931105
9147972
26222138
38509293
2194539
25029699
31820121
36982264
13585449
21030952
1373861
28924284
3779782
18307388
18472314
30942631
23137353
18683491
5422087
13447385
5350325
4753859
34395153
7183299
8728646
4658234
3622563
1865987
4765856
8274591
27002284
13001212
13839483
11247884
20132898
7707172
644656
541146
14329602
3616164
34743811
557223
12074584
11377732
14834634
30414174
13914872
40248207
24121472
5712974
13360104
11031202
20746650
3938213
10896295
22036762
35616953
26914363
1272346
5299964
8978198
15314779
22962115
37234470
6318229
10320170
10614472
10048469
14440074
3838364
10697082
1370756
36642130
14480823
31100675
6838963
15750318
633162
8971596
9326716
14501718
2576843
5311306
36579976
4221366
1247621
10099717
31395077
9036569
20981240
7186099
36548494
3456608
1839964
3507732
3349331
3275612
3852442
21470444
15134009
6737887
22943658
27713281
6045239
41895241
2382867
1831234
10224286
19477303
2717215
11566491
27556438
27224200
1157237
10014791
1225813
11475554
2286048
32827735
27693993
19623912
33549933
27448544
17736764
11755971
14376394
19435582
4048865
10129818
6826780
7472743
27366612
37499419
3280621
10554002
31210731
2291923
33289928
6829941
27922058
39575564
13588924
12791582
2161920
2967335
28663262
3249724
10942576
25650494
14990692
21174791
24721670
27973117
6745494
14478002
2340424
4042185
20333571
15625616
6375319
10829941
37289960
23952025
31034976
15279898
5026395
18605423
8399140
4081238
10454036
10532020
23655545
5129614
18453091
18521334
5832673
11364889
15256301
39303424
10009888
28971850
19516127
5471810
19362836
11702320
33977539
18022518
9890694
29935845
19660243
716873
37321733
12381167
7800291
12253933
21215910
8520812
753508
14975629
4863756
1742667
1180461
42655738
10548101
10278366
30352749
12809356
41180093
13820884
12115632
3503033
31889864
10277947
17708405
15383351
24604883
26956492
37846461
2780439
8918851
2073962
22174816
12634312
22658924
11445090
19920429
12604614
23141266
8341251
3529871
4673442
24166802
2759822
4160352
29612456
17143143
3067926
31864614
6176146
13085207
1157097
33025271
3785461
12543812
15436492
8786114
1122266
5092871
13684012
22351790
14188539
2188679
24786299
26581960
1682336
17582491
7512861
34401393
29884931
1332752
33799719
8793472
30819911
805392
12832954
17061426
20079544
16928161
40939129
1126506
4216332
28208860
33664325
10580041
2121019
1081841
19931837
27522566
27879407
8309079
5633849
22197667
15993900
6661572
14780000
37630518
2872523
4158637
1757779
18615942
11331768
34864387
42269324
11552059
16886398
11956800
483936
10933757
27379388
2654455
26163873
5989267
11985679
7589720
6891656
24318446
21151422
23879486
28711957
3195340
20130765
13844969
9370260
11908952
1289486
3045579
23426890
6173827
14373513
10923216
5046824
14313938
12327896
9592509
135140
266067
6344104
12139088
26362162
18192762
18340275
2853034
22312642
29032896
41734517
14722675
35724556
2443758
8862385
22280371
1131573
655713
13517905
32537601
39032139
7754236
31118419
7899467
11776553
5545233
30253516
28665166
21133205
22613147
24435106
4738978
8990711
6708696
3410566
1819265
115382
9210328
158237
16716089
1596543
18034455
20615921
10869790
19777446
15381571
2909024
22051908
1739042
792645
20623967
21506275
4387850
942332
4112991
2397256
18893360
8534937
4431928
5265296
20390819
4677042
18771181
29347443
8136237
16675943
14039311
31409026
26403654
30745713
41881172
13612895
15095598
19804188
8262244
23756121
4749441
21257783
2765265
18133949
10199097
235637
8249567
22072389
33540763
18174229
14141261
17263096
39599730
13763860
6623544
22903961
15728508
1320628
11952202
22975047
2834108
22213753
6752487
27390947
5448113
6059267
5621383
2722016
10275147
15961397
35334865
28466844
7866737
28426334
5778716
23056087
25731220
22621507
25452565
15794272
23414552
40867940
4062568
38834940
2681476
20593362
20308508
6333151
34601145
2778427
8421322
39938388
18775297
8386916
7598199
43760656
1823968
7400505
8217494
12262576
19122857
11431279
176532
8839064
3275210
21187438
10993291
13269343
14733112
5241662
12665720
4392017
6823107
36357107
10355221
10232816
23738651
17879549
10779798
22117825
29565252
32094322
8738746
29655948
37789221
6675364
13592869
26622821
1405169
24743620
20344985
4824736
32504628
10180146
39882622
30446399
10002020
5984609
24964780
6201921
2189631
16682658
16209901
8180750
9171221
24837827
36380214
18585344
30473773
9955914
12484759
37688133
2602355
15653960
17020777
4070199
14810134
15383868
13721533
13303373
20106630
13263285
39355698
25798732
27837467
26285176
15901676
17300866
8020474
9606919
13990540
4319209
17375027
3083284
17605873
2889639
3015819
3057201
705658
32272277
10600714
23543482
12580480
29397929
12280566
2003942
10402435
14825701
14863112
18257819
11061501
23042828
23038878
4067670
14030138
1667807
34082583
35756852
13367049
12769353
39375304
10861395
1425164
8456871
23218671
22502639
12663844
21676533
13354567
1962001
36579148
2188844
16816215
25332153
27531831
9799662
16539295
8595400
19975202
24527908
14728523
14888723
23929886
13903880
2340506
24502494
17824286
30575313
783949
6303990
33270450
9675187
107531
11975865
25908441
28505661
30832060
7885057
8651156
16350380
40018686
28710113
27061430
15750430
32236428
11900753
35601445
40216248
2217084
7859743
3784837
32677548
2229995
15977888
30816937
15892334
11769943
1563971
4876714
8764179
12706852
19324633
1487301
16622159
20895977
3194289
4764774
9652480
16291457
2812768
37505270
13360746
7811341
26939417
33408517
11061117
1174588
74241
39720001
18655371
5236972
11190345
40731624
16484182
4920531
29877066
10036165
33091318
1899979
6805347
4516519
31011401
28749426
28490098
11037925
14709234
20791261
39450593
4113727
4022555
22145562
4205466
29567493
6895491
4583312
13498632
6748145
8885496
39121635
6639106
17101542
37749255
9451314
3624371
15636737
28997156
16722569
32834605
18711201
9412016
14641141
7931785
1070248
9061992
6792142
28345415
1631959
21159673
16298644
21261567
9707056
42826156
14743249
7814104
12528732
1268563
14832519
2752099
2689818
17076095
7214265
31421035
7865735
10925068
4631176
35370353
18234125
16421181
25797973
31585002
7632623
11187684
12954459
8472947
3340005
35047874
20398031
13774924
8438602
26238614
13664722
14496875
34057869
2318682
32568333
9534268
12907151
19496782
24928529
32537439
26902798
18686234
29931715
30497810
27190645
25247959
11979453
14131076
13109726
12515631
17620523
28596161
42893825
13381996
3753350
11416777
12059513
18489904
2081789
221583
23019158
12973807
26343979
22092053
3771409
14512783
20619864
16456319
15257314
21832095
9310537
17964611
3687154
16591198
32921016
18205135
42489408
16250528
28044078
6154610
16984332
34839588
26614890
2423082
42065427
20737022
39596868
1842615
18650692
18121545
22704298
11533053
5728978
14835349
9962046
14382615
27870692
4631070
16366566
20955695
24541650
2795596
16840746
3599993
1525992
9540300
7258652
32285624
11869533
33522987
30153431
14673555
29974799
12205962
23782202
26484127
14302045
9221198
14801639
1397061
35643690
38913056
4414250
337745
923555
8727758
38889621
8319332
19949953
8973529
17501951
33793443
22700585
25684997
9632604
21434362
9921222
3411903
10210939
36190135
28215830
16060834
24037622
422890
5426082
16246334
24354137
18625444
12153695
18286565
10241511
16059934
2657127
14716968
24669686
18199918
468618
29843579
5833723
31034360
491301
39553003
40666410
2634739
19379974
2736944
34342454
33342636
1140948
7872288
24331243
11528977
14149842
14713282
183296
583204
2500080
4424338
12024179
21684518
25267862
4676699
3527722
34130049
32895905
20500818
23676798
3262625
3492061
21281806
30506015
19830922
1840306
7909735
21622180
7215786
23923736
22332346
14191794
17754448
4578524
36943903
4053623
18919120
686180
21248451
1248445
32247375
10325938
3474372
20539368
3066616
20576284
17842280
24899363
10778112
5812273
20777770
3560527
29560414
3940913
13974810
3987200
20189887
28122296
4153283
3952418
15068013
14403612
333074
20691338
33036119
20289715
7293211
6066847
25970541
65907
9405114
3102114
22201342
17562840
19712745
6790785
12024709
659914
3374612
10014878
6869834
19680821
16550256
6149531
12012212
3813194
41708333
13690286
13647357
1264266
3122541
1366224
18501449
8207188
4454536
19795193
16032455
10442321
21634438
3685538
10363715
30661565
42282069
32272532
3857956
16066430
12444289
12947845
11503097
21785275
6130885
6837627
25991563
10933566
5611171
12941037
5100166
1304841
12712045
23623939
33861651
978600
3326306
7866635
88286
3486675
17449491
9785458
10341718
3300562
3975004
11908348
6782217
16152446
2575398
40271682
17578200
13547359
22478043
12723263
7822859
33340043
9104356
3486141
19749509
1188760
17285969
1272482
11487805
5623417
36836647
5379324
18150633
35272425
15603673
19424547
9482106
8285664
1603156
29403166
26260195
10140769
25570413
23094522
33200677
23723486
6357374
4992361
4596178
13210631
24927911
19611518
3668038
22610519
3450890
20091097
1136839
19947057
17340217
19022548
9635893
20449665
4259322
23382118
1537342
7606780
562909
5643700
4298018
8568169
9948342
884375
27764442
14218759
20865157
16906745
22090833
3495359
13231900
26991709
33012032
2851746
16782307
23829385
3531484
6909506
15345296
6670879
28328222
14751787
9015926
15369405
28278427
9761649
33358647
22187621
220350
7179653
32398527
40461585
5194796
26164456
23839223
8627545
26021077
14815595
8980771
29158926
10653477
19981575
14810387
3674409
11836269
14629942
12327896
9196198
1424809
29166638
6264798
4693462
13167317
22514161
9623030
7381275
29836584
22710979
22187604
299400
30215700
28509097
10323453
16984118
26031193
23665169
8944278
8083080
35064659
21143051
7008201
15560915
29226506
3179488
31180183
23104038
6702181
13062469
9333696
14833263
11758180
4617637
11283752
5138837
12712477
5111240
23789636
23364733
2491145
22294540
17185688
7301439
28022464
17027593
4979783
4772572
30620069
20110848
21977452
10820077
16428837
72467
28344567
24145153
14100904
7397705
17197806
35333875
22953202
5891055
16929459
26538117
7132209
29144543
37611401
19176287
12243600
5920174
5115365
10650239
1222651
5754201
19343380
9778864
10541889
33669191
23689243
15504541
23626288
28710073
2644513
11819979
15142410
11095232
19370252
1598381
20732617
162578
4507043
11480612
25739846
4854744
7133084
32576107
9556604
8836454
29896573
14422972
13181107
13589320
5145608
29865146
13405970
23218711
25573294
28058565
12607118
12063916
6249441
15809716
11893991
40014324
29617540
142123
30790038
33146027
3559817
22807677
5900081
2273445
3042209
24471206
20821901
5622546
8641674
24295051
31664569
14360436
1004882
26502544
2235016
31229469
20072440
18719156
23301483
12276360
13365943
31454922
6714672
22959677
8042691
14495597
7255331
6000681
31282260
2768764
26203319
431281
37668645
11934858
6373760
2678674
19178363
2970592
26048512
13276907
33432111
12702968
18379526
30102337
19965155
9158082
9343350
15028167
23631935
19629522
29182231
502516
7356164
3183008
1721043
43527253
35004927
26027892
26931856
4144243
22627346
20791596
9842428
1981140
5836765
16561794
10198609
2711869
16972138
1153533
13464846
27154581
10210109
4699564
27671893
7166203
29236216
31528334
20452236
19114929
13217443
16096804
9880335
6858850
4298819
33750332
10077274
4124652
29864481
6462097
14556479
2645210
38481374
17791046
24926152
339547
8531855
9749360
15385019
24580752
29044680
26288281
26591820
21348290
3444860
2866352
9995803
10977484
5058340
10975771
5854923
40107122
7743708
2032352
15861781
28619739
36749816
4250230
2401508
34903300
3911921
14242726
36147145
11254657
23879054
33406741
21152047
7917663
28722615
15835096
3460981
3451619
34898984
31692297
22264544
18409618
12858781
33395075
11252088
3847392
2084798
12330126
36826339
8323960
22692145
10173154
14072035
11587267
8793631
12424319
19275408
1541948
30846513
8662227
2082761
9420986
31421924
33449587
17910838
10084063
26045857
22967690
25394448
12541964
5278976
3083880
29969637
6058747
10321636
5751180
32367240
30955491
886970
3258759
15784149
16995746
2315469
1010053
9777969
4201704
3807305
2123318
21601918
25142534
3394748
8885490
5177490
32693643
44128230
3711762
1673400
2580197
17530919
8057754
11891884
18289377
3857057
13998417
31484436
33749954
6217671
8116015
21412081
21310345
10544158
5263185
24966119
25041764
4514272
11027471
18891373
10607005
5428616
15494784
5011104
9970056
9536324
21641483
20536585
18345877
8106768
10939225
17923531
19550513
8801340
17022665
25408996
10181182
7936894
26799557
29176727
8775381
33507766
16877456
24715139
6876852
5302225
33489078
40033735
35843331
16646082
10055071
25919212
7467396
3650074
10091272
16327859
6977737
33995215
9886784
19866379
11486836
11465983
23359433
34907733
13120056
22920528
4720393
4365675
5452363
13858234
35326832
18347224
30403146
32140872
34442683
27599054
29561138
3771143
13621938
4241645
693643
20719169
38451776
6645868
12836993
2064324
5715381
5915090
20895116
10979856
9616167
17022818
20827830
17522348
5471392
4088105
9131364
43990399
25674883
20137741
13847045
22831354
6865460
18296556
471225
1395068
37858610
26370157
383432
24118600
25272283
3634695
26828524
22582054
19076796
6639607
23230814
14302168
7703616
16898462
16171792
17308675
25075598
26866065
27285877
2592520
5707857
8586528
12674063
9157079
14112301
16652339
13777249
8814116
9654206
26806845
9607840
21971160
1233446
24264682
12114434
16296967
7976469
10576630
45397543
40888060
22522239
6398302
29008916
4574079
12901666
21211788
24544573
16541200
32575617
38732278
10243628
27954052
25522220
1639599
21583997
9366462
32415797
15177904
7436100
28453393
13009146
31218560
28169729
14325729
1761678
29386759
2319187
8788617
17327427
6816994
9588709
6983398
19974532
17491853
4944953
29309867
8300070
29695188
5560435
12044801
2402169
41509767
27640544
19251593
8413386
23648036
4301682
20733810
8066461
7289482
17051154
33261322
2040171
18509218
16390491
1638522
1854220
15961176
14319924
35777400
6664339
11489493
2556996
15257084
3427328
4350464
23712481
4582030
17902743
32828201
32594300
27135308
26305928
23430458
17068244
8476942
7708920
19568979
26149737
18907230
17609585
5849860
4994750
29082155
17224749
22871005
38829385
12246078
12098735
5311668
7778326
10585759
38370867
13124878
398001
7841885
23052375
8368011
22876745
8319233
38497456
21822212
15535979
4831552
3394339
24513348
9853361
7671573
9463789
23927413
8125182
30941909
1475069
23067916
18999887
4520710
1345046
13008725
31699705
7711800
9910579
20374127
7258562
37784393
10669514
31196703
23000926
6049740
7755332
17411131
12671571
1332316
9331461
9254477
36079295
8845405
13239079
13186362
6434244
4471300
4772647
6156865
26048663
16507723
2573648
6847228
14858335
11557536
4035632
29595769
7833124
23205027
2953350
4405413
2405617
35464076
19357361
1040010
13940588
1299776
14933557
40255931
21486441
11312796
23890358
17708234
7553188
17916629
1373315
6314399
21543004
24298463
7537314
3280781
1442723
6974076
16107086
9617261
5551487
30116397
9481121
5908369
25047316
27692726
6210587
33139556
7988662
25333275
9993460
18346204
12372396
25411652
6195650
26441619
34277837
14189735
9264274
2165976
5050043
15337087
10012517
18397619
19423919
7927695
2034999
7456321
14731085
33974171
20697992
2606860
23228120
27762343
392530
2366673
7408152
2498644
14815424
24625540
26032940
1403639
5311963
21095482
37175362
1244221
19738613
18085365
19954754
21341161
6589779
9597148
32292709
18933156
5307934
36004679
23838775
3074295
13056353
21767293
7171138
980857
19194302
14866902
2716399
117045
12294427
16484761
4294265
1409438
11421894
7096819
2931222
36292786
24389507
18108541
7304656
3473521
6319237
11888164
22941337
39465560
4358476
15510062
11744883
15483874
10356265
25567225
15521317
34736640
17850665
32306586
16951430
255609
1329648
36045474
831618
2229908
4606828
13259151
17899852
20622632
12878214
14437177
4760062
22854011
312818
34852938
2871061
5110166
10344080
29985206
30144672
4808071
30987698
16133598
16029275
18293450
32077544
3456712
13617596
17528142
7519066
680758
4392692
18314844
39572700
18125513
35034224
40376170
1826833
16647708
17612639
12642481
4337172
38070274
25200106
4301821
2744530
1538563
8826884
15967158
8213558
3449067
9846734
18242223
40821846
13813787
4777859
8343496
11676393
22617719
35987799
32051474
9873237
1435556
4391344
28728923
26723594
1451243
11916218
41309613
5363819
12527382
10402474
2678935
15987127
878187
21778623
4280151
16407927
32215159
13657876
16024633
16495080
13474038
40396439
19193268
22985959
14665632
24623502
19301773
15925009
16582719
20766228
14153580
34927034
4012895
27842717
13181400
26853988
11356418
40102575
40271504
27154057
22077831
17397832
28723285
21539902
22631793
10277597
21012924
22296023
17209589
9987344
17866175
8628582
30038272
2814507
37714364
2347881
29104200
18067070
25190986
3056200
28228117
10655688
16003029
35882342
30375720
2603754
19932175
7432001
11971012
1139657
15282378
34184446
2401726
17802523
10809661
274700
2212018
22961954
24425700
30373726
3155807
10647625
24107903
16535534
28351032
250429
25106409
25380917
27793826
13841258
23515239
9789949
23424402
22596178
4923038
9737858
14241049
4495555
37019084
1617650
25686453
19326464
33132776
14212901
18683384
32363962
16530261
16390366
9150252
16732527
7167254
3125080
13105548
10682088
10007779
36760867
14912273
726810
25140124
19283181
5030214
9091691
2179930
9408313
5659830
27866407
6810892
18189220
16581527
4763112
27378001
35048725
26808341
64589
13586479
13418901
10800419
5228170
19893104
4521425
34547276
14084705
2267935
8878725
287558
19914312
4017872
37347656
32635171
2068996
19574546
14580556
21011044
8740419
22340107
1643978
10344128
1053660
14847418
703108
8370230
35803724
25170293
9468219
6548888
1503625
18316657
8536423
5119522
1506494
322688
34067321
3977208
18881594
4111403
1792739
390896
10203670
5154944
2333906
17656578
773020
24866315
31389613
3984095
9039501
585822
4990826
11124421
7099080
37296116
10994121
12519926
36462231
28188061
24690331
6539890
34128646
21160144
34002644
85414
10090930
5241935
6953855
3292433
21154437
23348386
8949074
3900719
15784780
9315078
12241372
4374664
34059630
28612279
25276862
7206161
7268653
11833490
33886503
6064703
22444401
22476195
4322246
39137643
240963
15506133
30212650
16399317
1492457
21193640
6960264
11442103
36892819
26632302
20366837
1088740
195068
13483898
694734
3762233
30654940
462610
20930319
631968
22425067
7793528
7932526
12809801
1084990
17330390
2945103
5133605
5466889
3087892
8751578
11108164
38896645
8549744
28803248
11681525
30199284
25158301
1128942
14202702
1627419
20734110
22590861
2542196
15827884
17418589
13075989
3649672
6209026
20452781
25620320
22186098
1069143
6538186
3518134
2146035
3563433
11824351
35617277
20786102
11594367
13690930
21638328
4155976
13308772
4527401
13658677
17624653
4289135
24055014
2909427
26932880
1848885
20403016
19131533
35086298
26080657
21864181
13196142
2355963
10726411
4954466
21404354
1121055
39523076
11628598
15580634
1908763
28876888
27216836
29715540
38870048
318486
26705430
35542424
21155360
26380365
14032749
10422424
8044817
23704139
13945360
11207363
11461414
39406989
31633107
31990029
36767935
43203415
31100859
831804
11216380
6624235
1354700
31539058
6678353
29921502
20822081
11372672
23293140
7591831
17814264
25870146
18021764
2322394
13073207
33702301
20336354
10459355
4980162
32860894
26674163
9649323
20272119
31783472
4448175
13257959
27053222
3361897
4046186
11597871
15390761
10920761
748600
20454256
13603153
30521133
30828306
28863577
5456207
1091125
898709
19426964
6927030
16550017
9857519
12611880
33764760
11890740
2342645
855774
35764483
8224139
28525473
5490496
38833122
27158916
22056397
11231103
35633239
11324287
527895
19137007
13016243
22340116
29579360
18899680
5869856
13797236
8558051
22826726
22889661
4348506
6038184
20517579
2392684
6886201
3378283
10048705
10399336
13092664
35509836
38109900
14677807
6014742
5048495
21092001
9325517
28993332
430112
6107741
14510231
31524913
2301832
4081728
1850633
9168451
1790157
13984840
29789613
1068875
17639715
17859041
29694423
16201563
5469373
6639655
4677081
3446113
2468689
14055773
17270110
5151697
6727484
26912076
19708782
29011318
10003140
6329547
22403037
3641423
13748615
8558789
9664343
4374082
34381581
28045523
15434412
12119525
3908576
26007191
8933820
538995
8097035
22325396
9875918
44689121
8878802
14818618
33354740
7741032
20092034
23377648
28057492
2466041
25994984
14506350
26809697
29668134
838786
8455079
38804687
19039330
15830347
19039598
33180150
31680895
5161525
1809260
14689658
11150860
15390105
15128369
22263693
13046595
6919393
5881374
35412999
26074742
38353557
33900731
24476851
25415128
15070934
1964448
40144728
23863219
18983482
3459549
1876069
17377745
13487945
17386372
31171578
160733
29435871
31998780
20695108
21873496
4638864
4450733
8126780
4061855
38439537
6092274
2497117
6837258
5869896
30267352
20701131
34158590
15047490
3293296
3638777
8540463
10991981
5863362
8879666
29311496
4196824
12316917
1587198
37763780
14487216
6970549
23139157
14410960
25968135
41013327
9396821
548428
27022660
10736935
3691127
5325369
10670364
4313700
6418176
12698467
12325517
5200490
31148432
19507745
16151027
15949297
2740371
4428899
39292026
1450805
15079325
5571859
13024503
38344793
13990888
10145741
6183474
12600240
29156591
6895798
9979612
17500291
710327
34126211
14394378
20398090
3472741
25266087
6193045
15764392
3165140
19948339
2532775
2325272
18226405
39959263
13704611
21520474
38688462
7649824
7957097
26861043
42553336
33783011
8377747
35939914
25007259
33180049
18889478
8718085
13734643
5544281
4263850
14839331
34949138
9193437
5077292
32637308
14209769
22205888
32629527
1467924
7763622
44688305
2669747
18643359
14020005
26516874
15697545
1567377
25451820
14447946
30773272
11488940
14245039
857510
2388901
8647632
8623126
24911309
34802793
881308
29822168
8106192
14436702
15680078
10789959
335429
26692838
28481187
27431492
15603312
9035206
5590078
6065643
3387641
37075317
7779962
9057483
14384282
25902758
15036646
29669829
3968604
15573521
11365824
114142
19536520
6746951
21507478
6474264
10574783
842704
13622154
32047954
23794733
2026527
11434542
17261792
4007842
18391897
12600416
11259195
18692708
22027944
20112927
8995056
28750562
15914227
35664580
7218056
16730312
14128229
17705450
11209992
8620205
8199203
18099631
9764254
32086437
18523263
25390443
6013612
23178432
9267817
29914668
31347766
3393890
438305
8747122
13893853
21102810
14559771
2348480
14037501
370539
18377136
33945818
16502446
10150401
23168045
39536682
11924874
9181338
30894879
15787620
6297294
18285526
6311838
3614869
8354487
622140
9071954
18015552
6851485
25987781
8661865
9209977
16730601
24526755
2736981
27289166
18059588
8573733
1076524
18314540
461137
21761229
6713661
8122347
11733864
24060512
8751390
33326132
23788604
18659799
16974926
23772963
27458926
2005036
316632
16205164
801796
13992846
16530587
5814015
26770132
3855710
41150435
11023301
11111109
7016224
27740117
12870355
21244598
30739219
10714134
29527396
11394302
8922948
31055249
1918848
9659443
19772784
2159869
7716409
14097978
3809790
14955797
4275247
16086921
18106342
5491239
14331228
3478043
2748384
17668386
3011662
3889702
18428928
29771746
20069617
1505574
2190528
6635746
8613636
16595234
26591350
1362688
14571794
15667327
1195673
10848764
20376258
36734651
9214073
18401117
9116930
5006171
11301778
773792
12348516
40413677
21029209
34012084
14937895
35511587
6883813
8440119
28015346
550794
24547222
33761338
13007953
7683166
15586754
9507814
1553769
15087698
4056397
9424532
18061278
2845944
10850135
5851982
10301093
5972413
7911884
11284151
2572251
30106840
16184009
3186166
3467541
15778161
1184571
3633015
28130564
42281628
7225363
20848816
3366779
5570064
23155348
21300937
10129423
6693421
13934653
2656752
25579980
4551871
18064576
32732977
27820786
8112497
9520017
11849220
29130505
6290199
25853737
2209785
11619932
32100838
27312145
12365267
9725338
34539742
16989773
7536752
23183897
14392641
20129285
4304268
4266357
9936034
11709875
34204102
1766372
38820133
38638467
18963885
15515071
18611477
4910190
6993974
14652333
22215247
3968132
10317318
2159389
24207726
30218819
25627538
9588360
28398234
33718208
17593617
13664677
24305281
39843722
15260159
20404763
2479051
26787223
7925607
18333266
5564049
13986564
40702993
29024804
16389581
27532601
597280
32403799
35400953
19516606
30383773
34976796
4369217
20998139
3673588
12641110
16879401
8692316
2996085
30192367
1645919
39054677
33286622
3993526
38066750
19974182
25851931
20183768
22351014
14561120
2932685
5430447
30317543
9069526
17587299
313554
8028239
27701679
31556826
3201967
15969312
599538
7281796
20390866
1647284
7418172
34068245
3075396
8055631
1454822
3686255
3651814
29624085
24547363
27562944
19202196
6702081
26894611
33222241
21937788
5909390
24364434
3253784
17157264
27586558
34792418
5107165
29321514
10750301
25332263
29496232
14157416
23019942
14975474
18635882
12303988
21497467
21928673
104112
33802879
9202283
36741732
13472052
5423011
17356557
31443844
12684290
23633017
8839220
14182099
18267013
10594140
15982093
36036246
37141280
4582578
32617708
1063006
23984224
12384173
23166383
6360514
10259686
30902987
14408862
21334859
4689672
10348515
39175923
7776088
12411256
8198238
20357128
26344952
28198134
7815148
1705639
15789462
6824063
1326973
16575116
8316113
6277427
34261138
14848604
17721525
4311957
19480842
1742205
35874425
43107724
8221549
19392533
3098387
40995642
7396114
16940741
6020786
29019064
6754096
770459
12343274
13075246
2152376
24639760
8755930
6728092
32439229
6501303
7356738
76755
7521870
26560163
27860769
6911101
17725017
29763238
1660502
5723304
23141565
5994246
19437604
9224695
24688047
31935196
23829185
17604738
25268937
