154643574
60865831
175233872
283410399
80994527
33998761
182995998
271037004
55510550
76247591
11075215
69464856
112518836
290770929
130323119
55049725
251429955
28569759
77187413
101896658
156026738
150093174
116329989
104491900
231571702
121403480
67195644
57179933
38467039
128912700
67194448
121491209
21827467
119753189
155275878
115303824
210856293
46369143
72783059
125257279
240287552
26754445
24199793
188170490
192577081
24191897
173313029
10981670
35292135
67775048
16399072
117293473
40965289
122922736
112305099
33849133
77349695
33543334
162146471
24271821
119657838
125887797
191381589
52177647
11678019
128750075
66520296
19240901
3562481
75015952
129743175
62601590
41701350
20498285
141496374
6350551
22007413
108849351
184237484
18287302
118503868
104054750
24508468
175121669
151679096
214120601
428767
165832285
146460492
12993393
37993696
109049995
194581173
184587444
115739390
227921782
44367613
152118980
106275364
79422189
140534018
99845267
80034897
44915767
236974866
259162806
26654009
125141838
84132869
176646443
174477753
47779204
33266134
106620566
64110527
25986665
19622373
8444352
26591888
9051928
115256477
22375247
101844681
8272937
168590634
174813973
165901726
233822229
66114438
78350298
29529625
127197822
50532370
4772723
71097331
90096127
104943094
173825684
114250953
189413229
109161412
153765042
195804150
45796014
14295839
70313656
97348929
14530899
92492630
186210777
145094160
100246657
24844737
10105603
97714571
151785392
131809026
56219564
49939839
52180005
101342224
239485517
185691684
266722832
137830593
271792237
5239953
269504640
25193471
42844547
71468244
134198715
132241844
144489785
74348118
14222149
67586027
23231098
44223173
142424086
126302627
16915231
37454149
79124035
64495178
177651319
2653478
20937281
62669552
12744850
172571736
61214199
111457098
51722251
70050847
39853956
151778609
123166591
56854091
125611084
18739669
34366703
74646612
90228960
172812941
128944936
66562348
19839268
18524640
37326648
78205963
87482086
193963104
11661311
52459178
101098240
54530319
14508123
180615376
26167295
149123403
114066752
218446946
188319724
78713102
24973617
50478983
87640642
23236919
50959165
133671857
214782105
264275141
177056749
178696023
31139919
210564661
41747360
125375465
105643202
114052855
48382324
10986872
16264972
174488323
45913419
36958553
53823538
129675674
31677350
21255348
137942967
16249520
132655166
188735125
120671816
54541504
194184986
151511855
108838994
63198450
111276173
70956851
86096791
11603380
126517042
8279549
123095531
86832990
72871690
40596108
97920024
211208035
196292318
46443847
124913993
224694506
44192937
55075907
34057662
53778268
196531417
56984658
236368395
25316415
199924377
51560534
166779969
59767
180028499
208327324
74908231
109092218
22409809
78971793
33772298
24397343
36758002
262331703
121378583
75691475
45694775
24661551
60001377
172839609
78972003
133947335
83889227
14190323
108450550
21292824
174971059
38261459
4327874
15606110
192386088
61041722
148008478
163632490
114382609
31326974
223032160
39546745
3892651
179435252
12813876
139641749
51412646
173132512
159592260
3522887
184051224
167390289
180871654
145889650
60169938
193727711
232897954
17008482
142420567
43048334
153380740
44169073
233443591
92786346
89035844
48377472
24737005
23258593
74387077
27804182
91184910
13313965
76673450
21790015
138184127
213725133
32653017
248416413
108625719
43322116
139162733
54164563
194101916
56588235
25281637
223054719
190975999
12575068
45487407
166889141
106713126
10217258
94466465
27392825
53327926
77744631
137976014
186105608
42487383
50066871
53779536
47481165
91939161
16731679
107850300
92527295
112581380
61835502
215905265
12714145
129710393
69357800
4573326
216301954
56042546
91154148
144284913
219859159
84334199
76422688
101967095
15885038
215836987
241792869
118111939
268718487
133765934
96567762
289294457
153048504
104973807
91140560
27795053
40249145
128019652
4670715
253670840
159068770
1480237
161990288
32617380
131758366
112323655
94377629
96195589
13314798
244846596
81364171
70285627
60780119
169386822
93454064
217433827
251367648
17235468
80898668
73938133
71313164
213220062
146726359
38984818
40896558
44383154
109927487
113461094
178286667
58698722
77002358
150978457
38224760
41210645
179719488
3135252
20989540
172917180
39044111
79973611
213841356
44892889
123753525
234188870
11901106
209068919
70517980
78647544
2185526
204367165
81938227
115198163
132523703
30158189
80795348
87651078
119762564
177271436
38807593
83917965
184355058
250776429
24674642
85091212
250963194
225367004
153212131
217524005
38628247
128132563
73502553
43928035
49744809
143119038
65777963
30290719
129984151
268543440
126406574
103322297
73878977
193596067
6908876
81173889
67685674
354442
111821692
136091521
275117194
222513157
205258937
60848210
65261518
13726329
57933294
56072158
79965640
34183022
146012949
95027083
192357153
294036607
141006684
120869228
46627695
262321122
93882214
125672726
138741302
62469735
182158046
105486012
267165955
147011102
7273647
44602483
243954638
120459687
22389419
17953763
3279900
82054856
30653010
134280880
57242895
189901953
49867131
47297962
63483123
33626043
27296123
277296474
136475828
166099982
178406604
159807756
159895204
18147781
13951831
198794711
207904963
201555210
273285142
91926011
34627470
117392838
212584220
5425639
163183880
703950
271780413
71730680
33197316
5705001
184861404
85406173
127624096
194191787
67780440
45355820
89435214
55570151
172602433
87915773
47848445
167296916
137886612
61966784
14547649
29058770
67044862
42186563
130554232
14223956
170095331
50564723
39899776
198293165
127443664
191502659
137933035
172459271
56823328
95024876
19972073
2579191
186145329
186581391
77672449
134628720
35663558
47355833
194470281
268575697
4252510
572692
55334526
26741348
201984523
50405793
130813595
22634850
135369735
2079719
118201952
671610
130238686
45664220
5598789
69834887
132052035
275795618
137565344
9317973
21072668
46575087
210664467
62079697
123198163
181043927
233796275
280281301
144808176
45923124
211858117
3250597
7009320
9917947
204430754
102047338
55742000
257636150
243481241
33706023
83794567
250157709
58547753
141674059
14737378
160217371
21556809
98775096
73771424
106647952
269524589
217414546
35585207
83681346
69302657
109092639
45906275
76517920
112310505
69114066
131504641
4862648
205623983
187320512
98960472
82951008
192045127
237420455
177028306
67102041
72505668
204869910
258672336
14068088
222186542
3889297
46120867
66043020
85326793
7931765
149891677
20433475
18813423
18370836
62387121
63458838
16435240
200618301
289611646
67640172
98341655
81086653
8033527
167997378
6368783
71871820
145492495
49289993
13931904
114047519
83612462
129158552
102725160
18957948
6051945
16282039
20286924
4576893
138494168
185236741
4893367
56886545
111662461
3420718
15213570
2964544
44848733
121550872
12527290
171987387
76968359
32373333
143777397
62401935
114368682
106339488
163228158
23400736
85370921
19000851
50132820
31324508
114637441
204861398
10312864
212264218
62058994
93760849
2476035
97420372
66190815
77410205
49232812
178740491
138806145
11847681
81016561
50156259
178637497
10852418
122360444
16861843
37505039
13805160
32433955
76781842
54450897
2115155
37472399
256754857
185400285
83136669
178956107
72003124
131137681
122025137
24958397
40975480
9843051
60306476
83558
212726369
21101175
140452811
40336425
81562327
203440874
90522656
99496602
267911093
13212598
717175
40102509
225173097
167445066
34063695
264450438
100441164
131154532
191734203
31230112
57017002
36732650
23026324
118622259
25559215
114310558
63000814
88864336
7084669
4870600
54324301
184903530
231829367
176400366
41440359
270538968
220513624
50678253
240159020
26591168
32448289
96927244
79330628
35844275
119595256
6867950
140414204
54371638
78621436
209195910
213382845
15913040
151118126
194702234
46509044
119422198
76749479
42690817
161773997
2059540
270967445
91513634
155707207
128206588
60201596
65159521
89795139
147737984
146085353
256282157
5317333
35394169
111566841
83064208
210118997
59179162
143840887
29081948
129433798
113149750
509234
22277308
3329737
11951765
94100578
120397829
97827991
144131891
46502642
292210914
101160428
146869462
270965574
99265557
155113262
5590233
183818762
185278573
253024347
53706279
137606206
150678049
179389231
263803246
3541293
10167471
141935385
80918814
71073434
61161026
234679248
20341194
257034559
141003811
17315323
187116776
56337700
58176030
175300134
22826530
170937317
164598133
17343326
77757698
4747976
150125149
58002726
1131817
59370972
53932866
125028877
1917677
83001432
220925529
180009682
1545237
16541032
56343795
123815307
94587954
122619202
495080
57542055
110483811
3121495
72776934
155375875
37472535
107508492
55517337
85671885
119747439
53903610
236913037
43506410
22205397
45162466
193024433
11651485
146014037
129489760
35680539
77738258
89397035
116635270
45773912
88741210
123404597
45202607
14323948
118119586
111216901
225196423
8156987
141584733
19989507
49614539
84888574
189753591
221290731
191216635
130383326
20959910
38453373
30870728
198587727
72942675
42494990
55610373
10328287
243495507
55338765
13355349
160842383
86467551
19422924
120163278
230442565
130856383
17490502
135353076
36544987
125362133
120890358
141355273
243747775
152299385
116105667
6172983
97793570
16344068
170838033
86886380
76966364
108662275
43359699
152673032
4433101
10516951
125217580
6607038
268378388
39140502
69276412
113488166
113330751
197601607
70728796
184736203
52525249
62454508
78133241
184403639
16342956
243775972
12044037
152062735
49831087
72182897
52715398
62464070
41604670
22184366
110001209
1337571
174079570
102861327
196996430
99477523
132306559
134469287
81323651
43567152
9849702
34065004
41747868
93251741
15050927
140889237
63050963
131753338
13184145
22091742
14984780
118431410
33036671
114256423
185952164
239867848
169046783
94737789
221969899
75356139
124320601
44651476
3222925
53599633
202130914
170848050
136864916
27637542
65791194
182010319
212402848
188255463
45148036
111281603
19519810
99616578
30469390
274000516
178183878
123485215
27517727
33177041
80418884
117038823
34573072
151493564
231005996
40467359
20321929
23099236
29726292
17450418
219674056
34658618
127336632
66460521
42825108
94938746
84069255
112383004
230868097
256967479
46536529
203925076
116067505
56987326
150525479
230317413
136021881
58991516
30290601
163189620
216826708
121419234
73531019
53381063
66326769
153970818
97408767
32349830
23715103
88267064
61140663
200927057
214021899
84602316
163703104
197509981
199392779
215753082
34887361
18284667
31748764
56739183
142234525
52954800
75899702
55263929
8113652
137322259
87824221
124559411
9374195
60989666
15082686
107668126
188170575
60882762
194400544
82293791
109332767
89990058
93015778
58920754
38860895
4106538
17706387
198915170
101710960
57846901
58520756
86601083
134504748
89930656
9424613
127251756
110398622
119858060
56457443
220290263
66501622
236682367
79110190
96911414
124441477
65858419
105934207
87634486
239841001
108483161
3272241
46274046
125555104
12159220
16652922
2843030
50419143
20019892
91967604
200207252
39941789
140246246
56757787
84122856
17913458
25941606
86471763
87596531
178561570
63127283
147630827
19525833
82573222
211810310
217344005
13137742
27401276
73800886
89669416
90831290
46401934
715333
10826320
148896569
151762236
135542653
150273423
76218289
266884643
259423172
211374929
39590911
222360265
104025574
109354961
137271118
40898892
41984164
95817803
78904327
126212128
46588114
91007001
71325718
95725361
15027265
210251979
64745611
82189422
22650165
142562140
15369969
135446131
249565766
8475629
84390098
54569821
4293025
27218513
208095441
180259402
9353632
18029074
26654286
175789279
211098698
70389531
264517169
90954356
164743475
63156606
28830439
116680351
43897992
130218218
95866515
116100481
86353108
128858956
10945194
224380816
76785116
177484305
255360936
6434954
47271163
185984935
189889794
32617443
150229488
24440033
29796441
50859672
20612768
47173341
63968314
198700788
177832857
225184851
191693524
235023749
76170732
105650666
138724877
89718747
109607937
124191458
76162215
55287355
28214663
76080320
126460635
56817161
154545031
60870752
56048078
156254391
214663445
183034047
33193050
2051644
198802711
149449778
51574067
498659
115261961
59731126
100079638
151154398
10708861
76976963
84586234
41018267
206508963
17706354
107920616
112620874
152230591
121024944
107638200
264913194
145008854
106474263
64400889
54611252
95539594
54801129
4654272
52924191
180391687
116461622
47512250
233160360
57469576
15573985
88898565
69327753
1876854
113654144
74565912
58288831
34421476
187334932
188708688
101128734
104680890
19881245
28839553
65049513
146588057
971711
75779709
41808941
197158012
23234010
10992250
168370820
54582649
41105255
59572876
165059649
58032435
50090261
18590883
164045755
58246471
48811207
64213123
3834025
137727280
3243524
32782981
23349193
83087138
258672716
251266979
107278747
24117806
44640095
194208717
7089813
35547871
91583067
4302568
43310549
4018971
147761233
123412248
157091154
10267267
117533094
12476367
74210715
80729370
120818453
64775841
42549582
13501323
70803003
73566834
266192233
98075545
31026543
219819880
61784109
40256568
187804409
103909478
57474978
63641223
76223051
75459849
62993058
6084579
57524760
58891485
57917812
233011156
69858526
54426335
113568490
7791918
86355439
168938306
247116968
161416149
152144222
133868116
69546347
16275672
264513205
242814702
103356794
198457253
60507795
32620927
187330103
5475652
12340672
194163242
34688163
52180610
56165466
1652772
70047164
4346798
82184711
10808294
151379015
189111106
60841145
9138338
182912660
24874624
188917129
206472545
264729102
40062351
130029474
77562471
159517447
273185167
180465773
56266843
23119170
103009470
166096233
128326929
194217076
64673583
138777159
30762654
254367931
66491043
105416575
4318433
83070462
220268864
152086389
5483242
171283674
84385224
151720698
29730554
134295228
205995175
167165218
66370811
223458370
99974348
154330212
12242342
98692997
214964405
58682352
46359228
22808140
51799831
23146008
145176367
44674355
76704695
112467876
112088058
244815834
92142151
13521380
14283842
75242133
189605016
202290747
37374863
84830263
265344859
253397437
60612126
120102221
202452195
52165666
41906231
50362243
14930760
13014232
156306405
170559955
238940293
143194812
209517707
20273940
60583432
109419259
37422177
143975946
87214884
13226962
2397654
17824803
56894405
37081856
11190658
119663240
1723905
200845639
35905122
250252811
166258192
154634319
120934679
83235248
251041775
11724933
55323525
38747587
187856110
24036978
244031881
168616554
43918962
185370810
66147750
216299159
219923540
55896949
211242540
29621955
100955186
127022826
25315008
229115118
235042882
201792482
101849976
143004697
25166616
57417959
166345887
44709891
6948013
274703573
17765243
102576978
80364575
105732404
260205401
140208530
79399466
219249866
278161838
2530382
90417966
85846648
75358018
64256145
36265486
176579787
64734324
41442074
27683600
7412496
85882219
239769105
172758495
211341406
56844355
96965702
147120277
8685067
160623920
70617079
69512122
53683165
159876348
7956613
3545423
83553693
120699289
8487051
128601629
61709580
15180827
90421409
147425333
7011356
79100716
137100615
130502960
90625746
80848222
24794705
49506921
28174022
86330394
213147494
38096560
203367160
238920523
131140413
14426110
64230722
67250926
93819579
143548031
8049960
11194554
38915432
168935168
3956803
149028678
238675244
70157966
10172013
51222446
167136652
182758694
4833021
49793269
293877699
75753634
120343941
52915708
42467952
64400579
221389984
249590797
77905153
255313554
50412579
151254353
128709690
12289860
151500086
55927430
164789601
4208521
114835317
119995150
19128805
139761701
147331129
62489262
191862966
282364311
44718307
214617164
120120416
118107879
148564953
249989160
78087207
114177614
150223722
159294209
113540896
51601455
17620322
111926903
202000699
207105708
122540597
158552568
208189526
171470532
33997588
117599728
34835366
123437345
96449686
199115440
12586892
4273972
41574715
152212328
47793547
204115514
94604345
35709412
119726073
5044170
96406365
86167325
21585204
182905518
2342320
72378052
210762592
2825960
179177105
110014143
197632876
108827434
80865797
74831991
271145687
83739205
60278873
86851124
176418123
100146686
105879759
12664609
54409512
52157174
221645824
214507054
89804253
156243676
132114953
26258925
243001912
123719198
89448671
133169507
746352
6949472
77216953
254194579
224549630
228521901
74638516
16660424
280713654
179168483
28692593
14896152
116167016
142580197
127767459
8752603
41519195
59529547
13126403
44907544
53395105
71548969
93491449
133469674
97582877
58508802
98117990
194047321
13542445
200809973
116447713
85151406
69739609
208156241
172006526
39885914
83873182
100414356
125786834
267467844
2203426
69034857
179394001
82200182
233994153
172033192
250112713
73775365
49547139
156147408
268247557
17812617
11404440
23001940
171240543
221299321
111922037
33623173
180237994
71691088
161247901
266626696
235446444
84838291
129109505
17861640
121849054
212021700
166399465
190266009
56841409
124345428
130829460
152168686
74550435
134546408
2734641
220115671
7621508
4020009
237381300
101830770
22466185
158159908
45155558
62178146
64533793
3092353
45330512
76344212
23303946
71024965
37311436
35340161
186963600
134198679
20634539
85206122
98047236
17107286
163820368
87886105
63802214
172640030
42334647
156861678
15605602
186814943
15024776
149603110
137227235
130192185
59695107
212442710
49735648
29215032
102878886
122885684
237810491
133289623
74540509
48202779
72728843
57806787
18356015
130624466
16084011
96262713
42975791
125176551
43809342
215620842
47438811
12019669
39818267
22140023
9089793
57780723
277074943
189665808
52621326
94140653
51991203
62461822
46653470
138656130
71422746
214393806
143506815
43482236
5805560
201052461
169539601
31054506
7373006
154535809
23464246
119066376
162451777
171291749
61809509
11371
142080869
176635324
117071592
130431195
14968181
18006748
40631144
52743928
15510697
283839225
8713738
71895203
230500801
31266544
32792232
162440717
75941198
82447785
179067588
229416243
127807122
74377253
75741710
19625081
110679352
56859254
10171566
30346598
67695064
77730457
126601595
14970215
163021164
11013529
33469373
15896949
151468669
40626491
224223548
5566594
155518347
183664972
233854706
235847535
178358557
94705389
30717951
89925270
135213809
22230752
109989812
95482314
18388050
204558123
128483488
248022991
46508821
282294810
30374844
194843832
141730771
41396897
76304688
160522392
44454009
103539835
127775703
18362867
118627557
123815449
134871047
98890562
4543873
11855429
3705144
200309821
40594764
63029515
2990172
64690496
195698984
90106144
116256454
264945628
12898636
121445629
23244560
165464691
51367550
120569122
45386239
40538538
133019000
103650265
150638256
47476912
185378285
138432680
51530824
17393407
190097543
167304681
20704064
44090846
185761606
31334076
113249714
171817966
44277487
134442208
54429233
222976822
46127928
111107434
107567361
17686582
168071627
150696834
68440129
19540117
14516762
92044872
75149330
240009570
136502806
75503978
93999183
206078144
10221428
197060112
58235535
55880945
26407844
78510418
58121934
9442475
132470893
88723790
116475109
51388180
178889825
72327633
29681033
108683467
51939185
131972366
43073845
156061774
76279470
128248748
65333363
40524311
82673795
29355416
88687103
66455575
52258457
19458238
292781976
197171610
114995681
113581171
83724743
115263290
107383095
8168029
122173402
51409380
21993952
249464930
133808736
44072953
44281714
7306923
245007478
36995449
3395218
20078528
11434834
58295914
53139684
205974751
116501068
22203202
5363059
37277720
177908058
242562178
157298568
71883174
28319120
8200123
227644387
247276761
60777815
171219765
96952486
8627001
42291768
97114189
48197098
111222247
60914921
86979002
260948831
43718476
41333047
102699379
177639022
60453238
111877190
7471812
158148215
150528450
820355
82108082
104489747
116737533
76296170
251638709
148981075
296135497
111462285
24876988
267918721
3146934
136714063
221001450
263470803
156696031
168319147
124713662
77398816
207271572
30896768
180874247
31773767
140987041
94407181
28752913
58844447
96735084
86040937
64435779
42494723
40084651
42588612
12730939
174309040
28913440
168060786
5210821
86742951
100239672
9640205
152291501
158030436
138471102
39119007
124031298
89967845
70788908
74400110
97168598
79879736
90113490
49592937
36633216
21346601
3714636
35090374
55012131
76902488
224381200
4707192
200254456
35161828
75927617
3459944
104566407
220672785
150508880
185282937
181573591
128758964
5340094
133957305
174750420
26980132
79046893
26241816
46364776
28518191
163981497
71980787
15930779
109694166
107779640
4255406
10684899
186231231
59550182
100462189
59643872
160641346
81056851
142425656
123450729
183032859
181754293
2265555
73587685
128611138
177000854
141326789
37947915
224676852
54778567
149412362
194948395
61014564
53792264
72371427
23372267
26744757
148394848
153513326
219155002
198507536
228764337
277809330
212233062
241169589
144793568
183673681
48928579
142892081
202633423
144397516
66350191
93699579
1374101
215724089
30158910
68030649
97944974
78343774
3926735
26464437
21469124
68522097
87054444
158481254
205687814
38827473
22687953
133163084
46271699
223652398
71439234
9952485
105789953
113340821
1856895
23405623
34377108
84377164
85374008
33328436
188810705
19998690
1257152
208914327
210375610
89358175
235493476
57960559
139123440
116216301
193430968
34930337
212143175
8964897
38502654
81916254
263760997
1927171
155178464
106941271
277305865
83961784
17011041
69318928
165749428
6858691
52258013
11470295
106819562
79383454
209824620
153873579
35315137
92716071
45579185
200413599
144401989
51987047
172255442
4677815
198624294
115688595
96742632
226622181
219698578
168057520
206601644
178424865
146692360
101704086
22446408
129788143
137671743
40930766
109379378
29148054
118671415
41147250
75334343
181030844
225853551
230207307
200520801
183688703
40743845
174228234
139842934
10474774
120004153
101255275
213775088
133021572
59682548
2205885
87605320
179575394
37354781
41724488
24385087
250161130
84501035
147989991
72669695
15219731
63286186
119339339
137000358
117701217
62613464
50554308
12169801
29207451
179280190
233836321
48995607
2567091
65426882
21794735
155647546
170447745
151758089
64888648
19557883
4252618
50005095
26622537
280925666
235244669
100614051
66652479
46241054
178585582
46776737
141295257
119873576
93084984
188338865
72684425
42516826
119759691
125626056
166218808
48458969
86807629
3694333
180459924
218458869
31946538
123096849
142071908
80968180
131481124
102981524
100318477
70169706
176929715
59326411
27904822
66841559
40769372
62277886
64761392
46630157
14905399
39305164
30743261
43345323
58525443
22926673
104436236
29633984
9949460
129278907
241227323
119060072
133816559
279792332
29647712
205626940
217598101
196464128
59567046
33442716
16759644
91531441
88191324
72107262
128847174
34742222
143342974
108121865
91349643
61404699
2474338
114379579
7543730
27706074
33900281
141637488
76142163
167772372
66287685
122206511
81766753
202066072
142340752
26827213
4966317
54796131
122189874
217721949
246118539
59210367
21693765
22471979
29866967
110425147
56805927
41508568
190634370
501424
210480637
89050181
273762242
75371752
4535646
115805172
49702351
88582861
20219370
14716635
19987726
201081815
156425783
103880750
191444237
130369436
201796784
54127116
126182655
3649501
144806642
171329762
93835062
46282182
104246255
73191933
65477969
223190796
54970142
5481739
267758219
109616064
105390486
59535012
9662524
154605110
233387013
9056476
69739031
155887993
88135368
78750388
49703241
104578472
178204593
143256234
138625155
178368420
55061086
28001145
121356359
50535743
129081642
198137185
5393216
240911012
173295827
3317880
25120870
6204436
20132080
26588561
21962413
147296859
16049342
29848502
137625891
109107336
63448286
212464902
77300463
213941833
157965419
64282202
162560989
103477268
86428539
1042085
228449602
78155415
14655252
164814375
69611065
96710306
54920188
73336270
32609210
16433624
120834016
240943453
256672684
113254205
8231647
74427619
36077215
25870717
118499470
149484971
211878921
13218776
230056482
135988901
103263549
123749273
5974973
34322181
89886904
52745907
3058457
95368858
62298401
218961506
77133939
144708258
240100292
256542771
26657753
273558387
50505789
66191744
160378133
184735586
80853551
50993026
208688560
67421638
133738778
269266506
20784278
46188317
192613913
118851399
104739691
89204200
63970476
103782461
47857825
4160719
34465728
146545522
40294991
8278123
254289928
148543396
3397706
18757415
150007585
150787144
56177737
111674457
15619532
156034892
130879571
115416092
95900433
147955810
145693337
257256884
7988340
11731467
37249963
124887403
142091675
229648359
55519506
283758669
161733028
39707703
59971504
766651
84698780
217733416
269369681
42900222
148192347
241504050
174414114
44994035
137351213
176980685
214997700
117853165
158975282
210529981
193435080
271688916
102440168
143129408
160137238
197953727
67955351
244128035
27458162
84256602
130668944
1454595
28824017
58149090
95848517
156705927
106827378
114262390
168726002
53188752
135939379
207793645
82619520
111414084
38702182
10372266
15197634
48924018
104487467
28053827
211965074
155783909
251830673
175089019
96248902
66179101
94449618
6182618
78265720
103033183
92745209
5296349
209863559
146006230
200075905
198884394
116963617
26428345
86824430
4158036
141151897
21971483
265470287
86147278
113797214
139085784
239938785
31910303
95363011
22851559
181343799
61563574
41998385
197375068
173922339
92960683
107786855
34989985
60734439
68279177
212169741
140340497
18836945
78925455
51781733
80224288
5417864
203499536
56928451
99060106
151743960
31740502
36774168
24522356
247734607
85109367
263071209
86819022
93855974
92197880
78067277
36634263
159962354
86495151
111864677
18880451
270843002
133618170
12153714
60703004
249377854
1404453
185277056
101348719
68999291
103404656
24455169
177065788
202640139
138618668
178307149
77723147
143524099
58745956
200117115
179457899
81006046
41043333
47040088
108284231
114260916
86060292
18329738
107067222
228962500
238005176
86129931
92705272
95319563
147169288
93305492
289314837
26697464
68436607
134474189
109511996
231135527
63052370
126259113
70095722
166003440
50895895
192451527
97410290
51676050
221095915
34551157
43743522
45624373
20225336
144699367
186144417
55352384
216114912
248759366
233234683
65661191
57649184
237704469
124207168
249876685
12256286
18846537
117493769
17538581
98775849
10787317
176430442
132689209
90034840
148106839
46523236
58300149
162096275
93663946
96916622
126861190
52111369
25472044
116772554
23745743
74360686
187333540
57892697
219128351
25421480
66190253
77970934
230879306
12291890
151691122
134732924
132262676
166145041
195203496
227530925
18642527
24456901
13434438
12191138
75781306
