84911826
52627106
98516462
187069198
13021412
178133408
202194761
392531954
318471943
113879271
193449990
116004619
386581881
210131225
299284492
355055201
83164112
190996659
13703221
304866608
492402056
331037349
16273436
128921854
120728128
181486010
25281435
37655729
179912520
332444907
414817909
53013052
371487496
108942184
288553280
349428103
391833744
132390835
528124922
328057395
13611302
303338344
9679325
278593755
20936103
250703496
384019844
407459807
132191180
326647981
534053332
132178878
506377121
657934
332971029
15720400
444934479
176699548
611349581
127083210
120437682
46548329
313463623
314159648
373691722
39395565
62057247
357118001
57866830
264846476
184423155
292742364
37023072
387713361
80944253
58564570
330964912
159780244
170364347
82869617
47313530
142570550
80000839
90320692
102610987
55557097
206361706
431539628
337904006
201055570
169729798
79934336
320675941
280948276
402148196
2212536
184611209
88858687
293803378
97309354
158574878
126750069
98620129
132968134
48835501
6205065
20104590
45235524
79447617
167418614
109346778
316516968
358823150
367372135
409552870
4113625
472408741
100645256
336529054
142610402
136716525
164624019
35704424
32074022
209123262
95515032
119170919
296504203
355457126
152562604
332648585
128663915
168842318
111320148
1597241
26940890
187465604
192304483
112257740
280566524
246186678
50594251
163197434
126918023
336966447
329519174
195386220
161080119
186091245
184726137
122769960
134149459
211041219
322423725
221134469
188165836
5241004
307231555
242679575
16263649
60721404
98472611
450831
403027748
196425572
186589727
96976218
314713349
128950058
240974846
370932074
320013809
41215493
239996504
283171612
192851872
124661747
68111166
447413198
269630406
92175128
115247849
408973583
255314454
119361480
2678457
3798629
96524260
229820466
49941027
512552544
132233684
128685307
319593202
352110144
267549010
278278250
47787611
6672455
511058005
322474196
383723515
179638379
90792094
262171715
77448756
44241110
6049287
59410522
163482070
71731777
196740973
355602995
57009197
441482879
176379916
28548649
406858550
91907648
19059350
29258610
86269636
167371664
382341038
457744495
262166137
19509208
23265918
89304647
140128550
293072338
71293718
4345847
255299317
183718695
299027717
161086923
1438114
121247244
74799420
291829904
231921155
254251164
61184260
129136604
493749773
253191237
163541279
130868585
18174496
603504759
31181649
457791316
299945085
53613065
329709116
307173156
294417851
137521995
248982550
32148448
59086319
94781557
109353447
184547217
195738171
256469484
80632468
311687306
134168994
206757132
82917807
4068627
107767336
104224113
280779389
549434410
84632679
42769443
97663613
94875271
192028141
201327076
521140469
438166967
68909990
363526407
64502292
4954992
196623086
42139285
41251835
388150789
108401959
22497655
143514010
98746491
41608733
300657609
71530906
504963946
63746019
169161981
207928384
37163479
310856278
492452415
153317487
132513719
355937008
35891927
30456641
394755502
191487824
417365843
120716476
94632495
256145176
306954964
67162606
573591805
244288251
499823190
136868568
76262273
127197
71535994
212206367
167704536
89235347
174287787
220629483
30063780
269956636
91006337
174639539
492315170
190002319
83889007
266109099
86960377
77913648
99066721
596479233
241723943
63808113
436838331
446335120
239244076
300081534
265708779
508106843
164911862
351391353
351643914
200704403
411821109
91944274
441371781
357068608
197024531
343441094
211140399
467468453
95509633
123728051
207524881
204386338
451941603
133071150
14513005
554616208
439628905
52535969
56886095
77181035
66798898
39434820
183969657
141600463
231523354
225092882
168209532
102386807
432290092
395654795
100732464
78971953
250850130
5549371
187125936
154494349
60270853
351069209
93058863
294573546
453949723
545384297
170239424
505371375
144604629
280629699
108579451
328121031
516910102
190864726
109817282
109088792
252692425
71044521
161293183
374255730
122500902
299997534
106761224
98214801
59245072
259982165
442922380
131708751
267249251
4768136
287083715
34982017
301500125
198985675
293400380
433294998
114978659
267308324
227900117
184946587
60795227
150382117
405950614
82986348
108385141
261520271
106623720
285088495
66161760
185174904
8995436
64424638
440093783
54760686
334607657
109864127
135893480
515893770
215567610
40960940
511946360
70901173
269903241
259006480
150926623
152752974
169167727
80247843
359358184
367555891
431703536
381991943
16361730
118968503
551608828
115795295
500987778
5487142
149228832
208883780
192040152
375369307
416510243
319548773
177111604
54956118
267653592
280794308
33721996
437424930
321687504
324305726
488899011
277706112
12481214
363609299
250021530
48401961
192802052
171092510
143094275
237665373
230585698
382236245
59821215
205433307
15212494
165703404
363841009
49504957
506144318
220255973
40742419
75322510
322146118
327358881
114750665
583011729
216349748
10199660
136883997
95418303
12772189
505142336
94953601
220473538
65011462
126281368
212468354
29037901
95699666
43806373
196419473
479158230
138409828
107868456
551438788
5772842
77484384
408575564
291635965
203402458
347258751
405545547
274313198
415250703
189386598
84195078
18548203
169138762
365712595
322524339
21685926
14478873
64096313
276745775
30999697
120147926
100432151
278912808
215621877
77987042
154099422
130548093
141316471
177245353
559064937
38153583
153256531
59856974
223184110
30645764
330299197
231698711
248054805
265058721
77272431
535949899
157417552
346167230
73565142
560051991
113771900
54634985
310573837
26629776
92502453
154117091
112463058
92374819
299794318
2108336
227693306
22006759
318596731
83420766
83357148
271726976
144882311
407096980
101624948
151642642
30087755
63860311
369714046
132928584
287434546
412274809
389806626
446850011
195138984
31788009
263724563
229757023
197988268
315602401
527182748
153087224
50327352
140611993
140766392
513314011
7332836
21719267
273944799
351067559
1447641
212924627
285081077
194883043
177943967
216700843
271279738
256218290
190359912
338736860
248081101
516001707
271582757
231686782
194830107
294581308
103438393
222611361
64169506
452516505
55158525
194655038
169830641
300368391
496316558
78847651
166524770
95459679
106495261
104555652
33642224
258760018
364987249
407782193
307275703
77527370
321379205
415150155
27629267
37984580
201085386
143880543
517126329
143657429
70800612
317197528
44347875
137542389
36345552
262836991
358196681
476906117
203071351
125533509
168003944
298525116
157927753
352973803
281587044
447711111
13095541
233001373
21357420
123145069
210436069
210126429
285656989
281332760
98872367
117310811
182913201
420729718
538872542
272112894
38652836
396346752
324168776
47977911
18972361
367579230
206843780
471420567
411555750
31110277
83094902
139008789
90532587
436382892
231943821
372396925
60199639
262901315
138147177
29312693
13918883
61621244
171196031
314446997
24146142
429986028
175236973
302101913
187371359
131813715
75845443
115727501
371959903
226687931
126147649
254807880
450430741
47485540
402404856
363243015
53253539
174808360
223954089
296964278
97346137
562105913
270405781
359240759
107556469
91941663
266007628
54813862
98928513
338605660
412354608
180683052
13484355
68539477
335835472
465246515
388351098
377978537
1870542
568650
19743781
11390322
107307009
728185
440692164
279692761
306349188
11192074
462795162
47538916
63604887
68987593
133039048
207107595
56030037
481924603
391702851
80900023
6558377
69259222
175030933
33415803
536109359
167666514
401824849
15273621
249292670
263642405
29938560
110236747
304128346
261724947
234720968
246968756
294450008
67267194
34311711
311923823
133427377
308649159
212803456
44040601
195119070
263707923
279299646
535526023
333990760
68049226
268259297
85252878
46590919
160895257
309678807
187671880
419063785
145123888
23045265
1595525
158505925
424619936
79391535
102321694
196932921
130905001
43320571
18299911
156171244
341285113
57768235
510711060
311180381
24114082
113170275
238299286
55892373
172091073
70623323
96999872
127004371
129141571
245409810
59735848
327963818
132358974
227690614
299026955
276475547
70774856
139916493
99329260
261187347
132089420
30572051
497046538
134454409
355501957
351349575
137359163
83047135
121581598
279273867
152400818
5526383
9148969
65944628
258149379
38429941
149708112
194138891
493396573
154239612
50594308
338335165
389219953
110743689
23209262
515442438
123728026
88149869
6967453
91780213
270315494
297645860
307626916
82574197
42740409
280661180
252222059
30135465
335764329
252142249
553334308
7168194
452782792
472628916
269104641
384720420
234241290
400470154
208851194
94323953
89874529
296101843
212495962
19459555
407507342
453203270
29441693
113055980
47674398
85011127
305892329
22652295
148676790
131353296
268715158
208198540
126186838
34181584
93533044
177196670
85059137
188213894
82373420
267109945
299889
81784952
432137730
354611731
83270545
366798615
24616851
321226754
247150455
501210484
109100494
156840712
11004763
551254405
36306853
317758032
514794351
232975640
74643335
235368469
329912191
231906354
377356219
57780349
163431083
419551931
530219057
104457950
511938396
440440344
386075510
7711509
534554921
15924585
335209560
512110551
140504258
601905122
98656912
336388465
142513207
306461750
420195984
73572116
58504274
151776615
244517324
579270435
51097635
104954292
454832832
416944497
486012618
196282919
120538593
293887231
538497412
65850900
215157504
242522198
152707237
126769138
89111179
184622329
422506853
165055401
315128706
475134421
114395468
308785719
265327608
61672929
91724349
54221134
227294714
219217913
158869539
40547826
327628027
472408044
29410461
6044430
395165510
135051022
278698749
119972440
270943524
210748486
134658783
427843951
70983574
165571452
107462459
107027683
162652063
375629930
27737662
140438520
173913263
39239702
457367493
35708121
439866276
23720134
179909902
101295681
378048601
198083715
388797573
98485895
5856924
457657388
42742960
306897020
83891444
101331971
149676476
288540858
199928929
200439537
148151586
247509872
97870337
201475117
132176160
430782481
338251436
94356751
169292320
62168447
22011232
502216185
336946729
215024868
355605371
402439410
103421025
2384401
107373488
199864520
48749197
7248025
55609134
126116021
275521671
146351486
296279558
4221576
407377044
1391227
8602974
402368200
347764251
532361120
323016511
246221386
334459156
275856668
20170919
3429982
325859214
259668690
11189941
5569971
97882995
157012327
531545934
7682139
221090717
106537309
136982276
474505043
190935412
269553485
177372091
518918923
313931455
244257447
300042279
173522336
123906045
81519170
70427819
439734344
154825861
15717780
133307397
171066908
221205323
181355240
104983301
11814487
108179247
375620692
104315297
503281402
132536494
316129514
124458949
122434250
114899495
37479903
501680359
32993724
393260423
348288832
359588210
166717686
237524743
180998630
37598140
223151405
259416669
526996561
165422495
43426449
335983556
42350944
445768886
276433515
297367107
540301193
445939550
45834836
323681431
59016180
344344291
258699148
30497467
110026341
132979378
504741102
97243898
82975761
496309727
426506024
429945476
194792919
559068042
3993588
14533280
257129555
170320215
144417305
123099505
198499741
231432232
231169615
1232649
435569412
40899982
181463331
187047609
33270877
168806745
137006650
214621172
28859068
15381328
77710563
415371128
135149005
86788572
524373813
48529008
52905460
293646229
87325803
516025918
15297153
256894292
24746613
507478210
455557691
36014640
56311919
122799170
438384969
53743555
352671175
224544163
23821591
459404738
113472170
92247466
94127726
202014364
534694210
146046757
383014558
452025942
617531298
93471162
5851997
213648154
14102831
337726374
163876783
223510565
43582720
37204661
6333041
400561144
300273045
549862343
141185138
72896058
500759446
58926868
133182782
273432429
105001747
16345740
59181032
183977801
127299722
41069124
121601564
53644075
107839198
6714381
477446328
291530820
243700139
462811230
222322769
140756767
118998302
101591631
36625658
25650309
15473338
319724258
97644164
349649242
58120312
22068980
109021034
117935297
548800758
93381805
296306762
423438059
75362555
157641224
278009082
91420966
141024584
163093994
46924019
36497049
117666944
193669012
48493846
236313837
88222900
3262244
137392786
299380809
128459496
148677619
151675150
225066989
134876831
211331326
27660620
273503536
145050587
130883516
96571715
318813893
143767706
131763921
61095248
381714270
364900305
283601029
34079958
52181400
340370015
346226515
211626370
410568767
163481953
98008896
218452477
112694549
9254906
138983551
92788362
91331382
31498964
116940139
192586840
235467799
315542398
164600848
131959464
378407257
230383543
237957540
240084346
70769935
363717227
591900041
219070653
167979834
75991047
401314259
108752495
50086545
364798287
168007114
131210309
330950512
131573590
36647340
467384699
282349811
218258157
382256100
241184901
255223205
45912809
89027650
35014139
405174839
53809899
249796693
243594395
96859032
331102915
255328027
206683282
225086071
46000725
168161618
105776091
138833490
171498223
331032086
156625918
133063610
65016006
20753383
74227069
5978990
171739779
482976215
8680912
14075671
486205917
129465619
202376846
110850903
196316696
110388147
504652646
289490
227797152
43334680
128599074
271967213
378597785
339711735
184878926
417400461
95013617
152693182
197579126
30034463
69807749
55153699
348505962
141320432
460740801
246834308
362502953
320390683
227881859
261788101
108867441
110783599
311608049
83051840
2206397
174904048
266840355
81540872
136979619
249226519
314457535
225215279
156205405
54542363
180796514
556065362
151316650
111790981
66311152
162545536
209930348
474801266
90784757
473042394
357226630
500960662
155701122
399002323
38419858
7683076
9150835
261259823
113714716
208843008
113042093
205751924
22654418
286378183
5824718
188344776
205986110
332704590
108302524
458061663
291736234
469147202
240430473
360866951
9214587
267600268
99427353
546674119
6434818
210974811
126895241
102746020
102323811
260206116
300262210
483604023
236531930
208808577
348787409
358141802
105592446
170050328
75440035
466338619
426279371
141052451
87715111
232301795
27813540
186616977
77652466
403474465
145740522
251902594
359296077
164623648
131942612
56501383
195210992
254281245
11678890
132718253
182468064
404026535
38026967
61049052
482291902
319361885
318222135
32779361
230070538
340438217
348037532
273276295
318801747
4411231
240032535
210120921
254712984
31806326
552293872
100078201
247612383
91278122
562212517
104291754
42644716
187143261
388993530
104966703
102649976
42012095
311700528
271132943
474126312
188492329
316731431
173534934
51339794
301238505
97924208
391127755
182803186
182269390
228498424
229269381
389650580
14558736
51008763
193290800
305641729
47688422
268954319
162851652
75526431
214655796
298562869
375330812
347332574
46253949
76600100
291683304
97767424
182536000
207972373
74874780
125218815
48657132
140948022
304457327
221436573
338873740
363137619
281127819
535308808
25507377
281147123
238820820
354672868
142086564
58207824
10876060
428778843
7706139
576539322
22901358
43373361
24799141
547284658
136495786
95076146
231751432
94419742
412534516
264681074
19220050
233686447
207940402
399805886
373412989
196070246
245797179
207428667
238444520
33816087
73779117
371894287
326097835
389874134
481909746
278699718
9972286
330954854
118206472
50804236
164629190
401596366
398343775
206949552
370347966
10919781
139226607
552320432
36631651
70761942
317960022
508146395
505678940
117923191
161025377
293092824
405362294
293656240
367728172
70640671
16899778
243905929
223644312
504134242
430271480
28894151
50234086
20517333
246945547
356146380
88011897
161795304
122464384
327756527
190083208
176143206
159799343
353897123
294079252
158443585
31600010
259357592
177563962
82484063
409964000
130229726
93978795
471142128
143490757
194666498
225567130
185518039
297637011
198920120
538782561
9451930
109738620
141107465
87345831
150931570
334599088
216426890
63449022
37974512
16516274
1537127
227836041
464127696
26334231
261740270
215008545
258585177
123697158
56711511
203111464
70815467
83485711
88701446
259908506
331172997
193128496
31512725
102171514
290013446
242226489
369764811
375720622
328726981
471556499
266763511
171654820
108463365
16004735
122874990
179140774
274918339
354322396
202333209
403658500
41179329
182505013
92334446
264925989
276976494
58951725
168566917
74456040
430192153
181325888
60222704
329036770
148395872
597025752
547279730
17690410
141388041
123703400
559329342
59303493
118504046
571210147
254962616
31300105
90006759
382520362
74077286
257428212
40892743
62810081
9701900
7789980
131889441
127374321
195321367
306537204
92630534
107617269
520320360
19396712
58214332
284829788
123261733
61931090
120921864
307471677
476281824
43668995
39496510
84123245
55851394
218817984
203273471
118663229
82739674
69095478
399188421
400165467
159477303
111095939
274453272
162407082
166681167
489829586
397125995
258158103
4286644
179391837
338349639
508022232
128202528
46566442
288655513
54626540
58321827
7981217
81837379
353842122
318079212
444934290
336320488
267609008
14774560
61619942
205126754
199611087
366443062
64342479
18562857
26844425
146228921
311785396
86304521
263123587
314414979
26157385
202485722
404695625
604396239
393250678
3432414
112791540
457527394
272184834
229627818
205428784
291243982
372660967
124921961
215746715
156705965
211050675
37876684
2789078
517678793
17310053
84006570
606381490
120410279
9975579
370664044
9015761
444178407
58618446
140202204
143662259
361308463
317442570
57628599
78869893
418118787
203925645
56881760
296819589
180856214
203563940
248092975
91358676
42019997
65973063
78616454
129339737
407876517
211089446
62376986
134855015
129415072
458349384
452009535
130640833
191297165
230249695
148018767
253120469
164430340
308920994
89008945
413136904
17596632
192523824
27756528
84826196
296228517
1199473
55527920
80522824
175306078
188833891
12067590
450977877
359308934
493484065
121679652
499816483
214591031
383895900
231961660
554768166
36586515
275367471
275391976
148774813
395264029
207209578
86614452
105753044
180671231
587160893
347574908
482355572
245166039
13154680
99643306
359876255
262063107
224183689
44203901
349409383
50349034
228592103
217030258
118490327
151676561
302207121
27295795
261742455
120691442
3953054
141962951
10110038
210941197
306343481
333413670
447364498
95638201
2495145
138172696
249770647
324221457
28731220
16934605
157768152
462294529
355912299
312745982
170586681
311939324
307539925
59889808
428705665
155942200
94382040
426519954
50109268
92624564
134441562
116336625
460406994
42543978
243791187
324106223
370666586
38895718
78905196
338394147
28500506
210783652
273256868
382220664
163429198
72074658
422763427
100503771
141799297
298521706
112497718
17838361
509020029
56397485
260807310
46568567
534277617
236418340
115630129
249537967
94608239
104723120
62194175
241363148
118337388
36756347
68013644
45024412
77002958
406662672
159129455
257929138
148030133
146685847
45403723
182257745
546830134
188106989
185481074
13226960
463565648
258836368
185184690
99738973
172499005
66774028
160416346
85084816
209051
132991681
163562473
190996448
262958823
10994357
380277568
28376114
249321615
161046055
554139017
23460497
107212922
128064153
58993422
170253341
255754631
492480618
53811234
137770879
185548895
166747327
206897763
275048854
103005614
150804154
362947552
338003508
250086902
40921356
78733009
175019561
110125894
325747731
4420383
96629261
199335339
314293506
173055991
170917882
10269633
286746305
218386851
181606690
398361934
421362774
582369
11424594
76241988
368141007
277560707
179592758
305714040
286037830
24313484
139197754
234128251
405885192
152024739
144850314
98370176
76097312
425975801
28737096
152230655
65582458
266328533
453642302
175678884
199591095
164856799
13033888
415925660
107733482
88586691
140057840
17590612
3443223
86790526
80387192
424536223
33644824
513107979
84460387
135998934
448594620
349664204
449457163
166290170
567842870
45364826
415769115
138944663
92382557
196395760
28430332
314922881
394966138
63493962
77552309
129019950
340565995
86981262
63604243
128068622
53190399
126878906
446060829
370243998
153156747
127648239
93661993
42246560
172891982
318263707
290627352
135872329
230306192
100670061
69296905
372337857
427567202
217268617
240307222
269921168
376921912
52620604
263863989
137172863
536783424
69076076
55813207
83706303
295678905
47713116
193350788
339482400
191835726
148483815
147750775
261510885
70815171
99344696
355595076
315221709
354857223
227372399
272792275
70940575
168470831
155224439
222971008
373770776
123771347
409576251
55958658
169536882
15134886
224522358
424799852
219816678
219354688
343362392
338762941
406613910
176623282
491301645
402544695
368580867
259463824
179876968
102873738
148873119
15866072
155079124
47274140
213539519
103354214
167048079
367777920
329349698
121998203
329018417
247834692
151549161
352668593
162348025
153327248
275707207
260456639
286004061
169326008
222161326
310459130
8465110
329331158
18100862
391956935
149353586
178499229
296495994
297052281
129473569
116918772
183020693
280602329
104682959
292192763
174866552
147149334
428026123
341063134
444954793
209339195
145779938
211505698
530887198
48096566
504526070
123947773
235816234
552940976
380196186
127625430
445549582
349333888
330072647
290483131
56314249
150668709
5733159
395657247
33883463
256055293
408115986
127498222
343748487
260965546
82438769
67596735
207390539
578032956
138374766
279620276
88250283
340924327
152376310
88951139
67955499
123638484
414191840
212137773
368956960
2053351
99631234
32192610
461207001
217785726
2472499
417928981
321206479
255767967
209100846
38433406
59198267
91313289
118778595
147969532
296339196
264998295
73046708
515098552
142059643
426978382
244785309
251651717
330419062
82123912
263637824
540943878
269039158
149418276
251413013
59872495
39663012
329946232
127909700
111236734
305240109
253961470
129220299
141951725
10480178
277351888
233261506
620586749
129370500
247080307
15731722
56982576
198798909
35175683
63442929
455247991
319838562
290667422
49741061
253678365
334456689
236093597
366971126
66359091
157338773
277985352
302840387
69178393
204050807
374814827
421926401
254331954
478023065
164437795
284158769
364168313
235854142
134047576
391300245
72771562
163278256
307129132
539235403
38257723
88450455
185385320
376319900
37932016
80220354
207837452
217917126
447634358
515128615
12241199
218850655
47887536
423232922
534852276
136938369
28891022
336080816
331873208
361501783
325723398
44175897
8263581
181285027
164728826
520992574
212785619
81321372
115252375
269222718
173050937
245794548
415330304
16436633
140334853
12917788
70372861
133827864
414201869
534937817
327798222
188892424
232941675
447678559
429100358
177267724
250328497
71502053
41198489
66786058
216437527
210923002
98877350
160629657
75140428
303717634
536049366
223119944
6850989
447002148
385437661
55299012
527457060
56712735
281125153
192824576
182009650
259244815
131503953
305570022
126022028
97633232
467609446
355723896
344300666
76891123
40009633
214721764
108645192
159260867
72905236
15035101
113524193
39923075
226129922
242718064
145594851
46800487
366159541
5729868
423959343
208505530
515373601
54718773
35389864
385763917
50523118
60826434
296775650
316947866
259709193
129005620
266893019
190637369
120938340
186501096
82312612
115152176
11779437
332091935
524951113
55159436
269508469
303764219
203603299
375979070
139668154
411327461
237164108
126236329
178276470
70199421
11077547
394240877
496865678
28147019
89543375
266338949
27644171
255879662
283218023
94792371
71610898
173598026
293943565
456596815
191248892
385787100
21174965
104563931
327728722
330481144
350738082
23832123
139220873
48179314
198067847
375244426
555633817
148372286
183559835
516902399
215430076
306030145
198417059
211559556
12590336
139934925
44782323
22965653
349614592
283961948
244576658
7684039
346754582
102469728
136805213
6729166
380015995
79621179
524692013
114158214
336904028
306373886
231295235
70579413
259119185
13873729
3915678
10529368
252975706
220210260
348005499
268729748
206444181
288918771
16492603
45914596
77659367
390412274
137434966
1269712
413642313
29644990
140513701
221142328
319758002
117838644
314407452
29023370
70922704
159931437
275281143
506802251
89748913
49223935
81996202
467980438
68931391
346641440
78612825
97757556
259924533
24998630
112265491
316460456
345229873
533420021
270845370
320885368
261209492
362393731
467220762
124133443
386428253
312902121
73566478
573013760
27472192
211901948
90541286
210381958
114298783
45103785
116895936
137285873
429944746
187875331
301087353
17262822
4593661
26497155
560800685
145040142
523351760
518554466
330023351
328326494
166686553
196467473
449825856
150766842
297720902
270349234
302000901
286781129
265516308
149722261
118082926
12279127
394098527
61438346
26633536
19859381
264280173
90199752
386622466
269118539
61493584
157192545
162908103
459162301
52381047
218229146
316946887
433154480
276049208
137333206
281597743
438648209
466096062
241146691
80179299
278464775
263424630
577725411
211999091
119677871
22906779
277424679
486749029
362607427
85966425
83481740
282343826
56768304
286687088
188985459
97918183
205688047
514679878
211062434
468391467
107383295
578543735
30791855
216254939
10710216
240499825
202900454
223553262
354287068
332379840
151293983
427879760
180346509
226039729
418432287
491343589
107800412
91635057
122835385
189155010
201030953
90930957
509273881
213325692
20632071
21882634
408898325
445859823
200943355
44123788
107722034
224148325
260271842
328482803
395194421
374742162
82803835
35056582
48908934
497673006
210165017
184282180
14924664
380424411
558452821
49008958
177495326
35740328
99217393
136160194
371233249
470779146
120792484
178110903
174647019
215699693
365777986
400140811
19082185
190151745
324736687
204704846
113953212
10116972
494257067
198185060
89158926
131803254
238887842
112542974
165908422
467540056
213748540
46990714
115500515
283948989
270526462
313042330
194367725
367559720
110750930
496955055
194213983
119321233
112488126
315030021
304965957
34565961
198047078
180383083
46827435
25024100
63297156
55389162
23626255
447078912
299088041
66932084
318627793
11133544
159434520
286923718
445995373
18034853
149674627
97614711
104075571
451217740
179031060
289735699
55379205
396101042
101831278
75522413
123303645
42678720
242370491
446856691
70861467
213776392
139141814
111325207
301852504
243876777
119860621
62862389
230292237
31041934
317130078
472284752
294511953
329128240
114565189
350534200
102123403
227106999
187443605
179707091
327030172
235481790
287981404
394610244
307189977
83160912
15777788
398926505
206172828
124727811
509985701
215499962
516541300
40620469
38609833
3886061
277533353
285962673
63065934
34216130
61510891
153624008
572066549
178803417
309723417
613873931
193307333
160534617
68497629
427672879
87842554
154686265
504936082
137271478
115457517
184262915
256906370
147270414
282028077
120086252
379123123
27236387
250100783
8471594
41259977
232878964
41324373
506801245
293674903
9324541
251791116
16122521
355762956
74456920
257346149
1738156
167131852
282126103
311714901
47267875
112762602
106508084
17638666
172677469
46946978
215467140
138143956
69726555
217741674
106914988
235814191
6423745
35679335
223506573
196690885
71656193
92079762
334925176
572413049
257123156
374078295
151681013
125509183
119902447
23990790
380112864
8038340
187897807
359749462
288441774
166312840
166808412
311723108
235314349
309945703
54579830
243248229
465300778
225067529
90415755
42702417
148586424
429244102
141633494
64951160
469355665
133452786
383787068
99060894
196255206
156090169
285517383
198989753
17826983
156114772
520427803
290787013
87562602
343634323
302573419
240750437
488138682
318197589
245600686
299632230
83501993
355758311
141621816
89945682
330709046
290309321
248674835
322254192
48215565
126500855
244837225
126612610
184086984
52012749
110785852
299925057
26171717
102449037
124155181
336001398
67814973
95859574
49966212
243391993
509760288
286165474
503275294
284644436
114016209
72478339
434905642
153514576
174289872
311983966
89476927
44193608
331419829
108317496
133149341
28637539
242921277
390766153
146217767
48764560
65845614
26327646
30354307
380347382
90753357
383312515
151268936
43528852
278022868
7067939
193763837
231478685
161296724
163407085
54574579
95533890
130189467
389444814
404452539
101070478
4250668
204373149
452821523
470906028
292292279
416415805
540708845
204217035
219936106
46288042
512988609
95047422
52913311
471931151
21334724
43839094
207183757
6281379
149201235
199837645
253636201
208402023
212014047
108341273
233165544
384075541
330594791
95090049
94380885
524475280
335498543
242867790
249316409
88790398
3095880
262213319
236318883
7401491
13167360
44192937
92226768
560276922
305587243
189711463
119735648
444810532
165929014
480203148
62584868
334975122
309513761
3198030
372619824
402741469
335336211
44045083
93123037
315232049
461043201
46589950
14322853
428165565
74992104
490568595
428366988
41068549
19630463
237207436
469739579
257018247
240367742
269964605
532764245
51306296
453206689
41851912
41929900
263972136
154086510
533194595
170772321
128226668
54525677
230418361
193778386
8210546
81776944
185942839
251736433
135962361
400657346
218289195
362157528
161279477
248541459
77194290
43474757
88761388
87360580
126759968
198889616
34970535
107953708
366098184
46761444
433018929
2809135
234508291
497749769
75780905
73488290
247122310
209906592
237620607
56245364
515455228
123905967
209143275
6863018
113254391
51516011
122313923
131073912
515828560
81208362
57730294
224518011
118754471
111824449
258011727
358649794
30903901
116564078
336261058
7953245
224423103
360343156
102421951
20650092
278757639
77757522
360458847
199520205
443869135
187549689
229595172
159933592
92369319
43803613
343833862
382285370
116749576
271902611
2789337
213125132
260468816
131101190
86725371
388099017
184024743
483170523
39754801
375807931
151226010
138787337
25985950
321299212
309716950
88022929
405429419
87781174
106194918
311280247
267145815
249790340
46357203
343808987
187445084
138284075
593243953
164626493
143570623
288689086
314467364
146458316
134005918
151607390
25842769
355424982
40633108
297925521
243840121
231753665
18618655
407133958
48175609
109555206
44393124
353999314
3583956
179549010
29027634
191015853
410180405
68736576
238844675
560128602
359882494
251146691
572959598
83438167
256347211
17156631
82171004
529862036
116663787
493857717
332021797
31603065
20441767
11851861
96271096
112494220
523513829
185569972
334071367
479563197
21422479
252910144
6607948
42790446
88291530
467558822
107135766
58707282
199696340
247912194
339586538
115089050
127593319
142821056
376173807
34595948
276665206
235094796
156967063
9471169
51739951
376151170
364911772
360833614
552281977
36591403
65016465
37545433
73208418
255314608
324517546
40772442
267512956
276900516
426739026
322866671
18190214
335295101
255162336
113465045
53156203
188325557
443127218
352102859
324127827
399359406
168326781
206538091
234937481
491698884
91328430
235074612
83367467
308581491
279709513
143997515
125890419
125651931
259995706
40545564
13795457
46669490
380548440
53998862
226703188
233654457
203343345
51215637
362804270
194187933
233966493
266434421
121624709
209381460
26707317
80480499
279967588
203240646
179506862
267686427
368445021
330926667
353514183
254568234
150390602
220618101
56564100
314631895
25839488
222479746
33907124
216120257
292446640
40883759
283389395
523025247
371452833
343720654
63771387
129059809
183640907
258778923
36725466
580486594
63046236
514700834
212038
224632568
52366560
96743600
30395893
43862324
208327121
528214415
82456742
102244316
259851356
302438697
594106482
64573765
40372411
206698928
162123083
34997238
88516921
111169240
461897584
189725536
386647292
121942329
25539648
529456960
213604455
382063766
466389797
309510867
222565035
131217300
140543060
26950146
64993190
177405659
406828681
137768242
577127509
261153632
27644817
183587113
447688776
233160768
406076970
206144830
19622324
227891241
306842026
115861597
316471
114117642
20482753
57955477
132253908
453396984
174652835
450881535
385432315
221265371
271464762
441514260
34971432
25952783
387087200
396941581
98704899
7679152
470183217
155103290
530895418
18527185
328748063
8655394
409781856
149718128
315319061
102457378
359213621
512461200
50509895
44528406
321399203
242898843
323533080
15306099
121194585
70370530
109103501
538542867
178497691
95189070
100928683
181960158
403100914
330804778
272478145
338018366
213465858
474661468
38689642
9823514
65143389
102060543
221782332
309249106
152160074
194108557
473623652
9781989
562491537
9035126
316061475
399208711
365873408
413579162
42366618
170558482
293468083
84754528
253596057
274843410
94239464
458403299
438229496
11212081
125743287
255445896
422010363
82617420
458800123
161678271
86627791
73664393
271682157
427512902
166310637
115339833
295015870
224381763
409705610
263266996
34107735
255690943
464734443
405342432
21670793
238410691
242000743
54857764
73764974
132936464
171481425
133167762
207242855
530258645
15872862
163849377
71191657
205085832
308749526
554352236
226427118
416307901
94925952
33512942
246537930
405664310
248726539
341826451
290438889
121398299
231605847
187071473
65849747
348239994
53597722
240569202
217339348
71160411
22044511
126474454
11920622
255223086
181787032
232108679
380987492
281540242
390306701
21177023
307252969
119223648
38028918
90214692
235519412
284682390
247068697
614880148
267351267
13206415
137014606
454869696
145444817
62501258
175284456
173096101
125889150
46202991
122920370
499437666
338390487
132018514
205781627
356781132
226887099
204845869
149177042
71072403
43677049
159428889
77430673
1500806
235849409
98510858
7460143
17730476
12234934
197133495
309363875
185165729
157991153
13644619
287141008
481015489
312643637
257530798
89500322
573667254
124316465
188932373
166899586
294089207
317239752
370762474
12908244
108206452
236114358
25911034
298803180
27828138
56968517
130307611
252695902
64168662
275873188
252654166
72090088
15840655
22715760
493594987
277507141
16958471
245050433
228939691
231570032
95149700
137965517
357520184
107087832
73300685
167497219
325738014
508898956
449082043
100610663
181694835
132970208
179803772
198831631
137082129
595421886
75067953
173946472
344896331
18129805
319144029
154291288
168191391
272574679
957332
110053975
85024996
64272829
29547616
81423332
71289092
319307836
313769893
183591650
83175649
333622528
143981173
154138489
106134995
134260608
295624899
478131298
163891747
172966818
46511802
116297483
423959962
384936247
413981647
308352269
261356332
162995066
190075896
258287763
468906670
401448346
113891789
24824904
345602763
227220727
267090457
26044751
164861939
63699916
58515858
132721983
429243288
381879314
132329222
397112543
304750802
370003493
395076449
157817614
432608447
282462997
116963333
236870042
114016732
18773665
113100454
365162386
46894044
274264809
118469415
87980578
37168138
481597166
109082792
559816257
202809608
469202082
113837961
95387603
27517410
529846154
171835044
83431375
195209961
271867329
499186855
16769738
223167274
105998316
225312294
3185956
47284389
26080087
14999166
318312242
123359242
424750637
56905151
174775580
42659197
250127684
21712670
459562437
164498188
234811586
380523153
192968920
233831146
398498714
476724333
246586444
150875828
249143198
216394107
43909162
151570478
260381002
128213307
78337505
59018708
238871927
453661704
447557316
446070042
175090864
26229687
307126458
408766656
81722394
236849269
109835627
62189865
80512374
193546154
137492188
418392323
76094738
129303224
267054225
83799665
254096270
280478056
13018467
197068398
390381032
321418092
41308416
490760208
123602249
431237646
133255296
92390101
320172512
161456536
307988602
2397326
183411928
155195530
407892947
334420624
95997668
304858769
63122056
531051052
210690526
42406293
323347541
379011268
117484154
9875991
483071302
398436621
157065661
313112652
233345722
479957660
65619656
470912109
254949289
87627882
47333421
195605309
344824553
181141150
313004513
93715813
15135573
40428074
159644220
269206831
560848495
448635701
23942452
360192873
66345148
8683109
71303062
105611695
35212563
493107703
105995214
257055924
230724631
12244386
202445395
843706
335635572
106154664
158829078
361847241
439528661
194769777
206686927
490748423
186062442
298298792
196342778
306019373
57406142
53584566
38667909
259460898
163258292
528197008
182349983
269605169
72316018
174889412
93941409
14436092
136823402
104400809
409061620
25122794
270901813
238001348
184384333
78806464
343109539
307795662
151285089
133390906
89871880
276752087
55799144
297289800
279768321
35373887
71699565
405812612
318713798
44147186
217081832
199755863
297828313
804776
84107078
374621110
282854836
71421225
305324143
261224353
242215312
399441180
267256841
514737738
83604255
496586611
343454540
163532058
770044
295055669
86362607
64555112
170102723
375432127
124697472
421701040
5278483
481212564
104120671
274079440
619692306
711651
325931523
242998210
111626158
80277978
330186485
250115062
246545392
11747729
337945127
228147921
337810121
52625792
574838499
326516461
253857364
215322636
239575219
116095001
95340786
317707427
579331206
153629829
212971867
172061323
219209320
86329273
481773466
523390181
275502243
62225003
37696806
411413571
411419249
101873588
154689662
302863436
88971364
61662592
116337611
100509736
458481308
15879739
121849544
109398480
307061375
42001304
102594328
218797419
288835071
181341123
267281385
408906716
59856469
302037199
163810651
112900173
11438416
15341467
66505080
198716314
269146472
261583449
202797995
284979928
252140542
52328876
172527842
481469628
10272254
170675790
497601199
129936295
153288383
64599911
481198524
270434963
92393645
62095294
305858282
402796257
455813327
280934807
15907153
254241735
191968769
474620409
109017794
79268370
126109531
149366788
147276332
122263979
84377485
156539650
332494770
291080732
114878069
191156025
168549656
175976039
301568976
176210325
163513615
515888746
270508307
408947921
94607644
128026738
296554004
350302672
92709619
469257176
484538711
448883261
576689374
275908741
10579465
508455928
233763816
122346735
167747919
164508901
28383595
65831003
219968751
587174605
426487544
561216445
42662474
195001343
232275490
159032734
202151669
2957526
35362610
63773810
99248075
356508969
127466982
377914063
247663650
234800375
252626422
321300299
476462066
19799929
330980155
417308572
183583905
472336417
366954235
21865433
57791425
93146205
209108671
232673340
103601025
332210
367248202
313082150
64429824
258786269
408228261
78712576
467352040
73318192
150246424
536396441
5458536
44058880
332639482
464558302
32659693
76892860
324880041
531370302
11333684
32194008
125304621
39668868
169616099
51747944
96814324
577261230
259896324
216222697
201396445
391428484
406255335
309171095
528234313
11306851
62560260
23369056
488059101
322869223
545508950
150986672
92745803
104167387
207529791
293858373
87871642
212180917
137640721
287981279
316447987
128187469
53134875
191644549
247441748
181684165
318671927
38647169
421552212
275157296
147614325
39643777
205575957
59334265
189452629
124811347
345023019
149192892
309995559
354114876
222632850
318355803
94057256
121017246
244153502
92011267
492915915
48830731
175573396
75630489
167118327
182154087
493726855
221127951
356098067
565619322
150618000
78125156
221630479
159045743
570853431
307104428
164671810
199339944
497035961
341234648
38809743
94021048
64507563
513399860
170182732
486866985
92017735
347701429
230169475
3677445
159943806
249926025
348488101
305987096
128792045
118044461
141790798
335211114
78121680
63427282
179315435
407379113
349844106
118658630
78868181
100391941
57510936
105442474
258850102
78251822
39742695
382509936
355411041
135523054
98945385
3474896
136752468
306800258
194195987
35499853
6729381
144827697
208746530
256392545
175078450
227056179
159326236
201324396
36077684
116636418
186918717
179897046
258790519
80725057
172549913
81831042
482281194
191766678
242999647
145172527
277454183
343091895
214629138
178809208
116642721
222013074
178633343
142923157
176330721
99157795
90072974
202869858
235157312
49809769
22300290
1626545
25693877
227233033
164597867
587797564
151388319
24329807
243586601
70791728
48038009
198348216
504927299
451238476
258195609
288999221
284705827
408107135
198876858
457140520
71386520
111516268
265221842
2565352
171539251
170828388
374425617
89350088
131492747
93241758
321074234
128103988
118857963
94930007
123308088
483333197
50312003
184965964
79310926
7603668
97622799
516484270
123288554
173432872
87556752
309429679
306956678
229290476
381273792
373514856
537156061
284894899
94642674
40312477
264480918
28165639
258102528
414589901
297680834
40220570
56278278
62313949
224712145
178309395
57685271
158245604
148044599
307146818
495176445
69165952
13469436
209524829
55015674
268266243
538489
52809719
78203869
100727385
49697558
246514627
282493640
467988345
137699102
354164697
38070386
352293710
182563548
305223985
8247554
438620889
50910190
41280135
263264780
99369056
152735312
279239617
257878647
217524800
264950692
134737242
455389491
114783942
142935783
112078701
249958613
393308265
213259803
275521095
40109010
53346257
180489426
199565984
187919200
289768903
350427704
106208491
10185531
46879934
169549784
375326589
312884956
224456955
101333353
256122922
290206973
382593588
113229712
408214987
7062801
306806781
253040393
185138206
68784063
303968770
54582678
207832214
256331630
74673550
74878040
116261335
274464739
310307177
317387548
136221625
125558438
216859342
242124601
173087564
37766561
71700545
221575049
571801659
52629990
79932226
50214950
273464492
430194954
305436506
60935948
319876048
44517810
25462189
297659862
268035665
467905750
26069623
68499834
81691166
512967328
256727238
174791859
336575875
28691590
275449033
20071585
48107920
74237902
405207199
37104308
167988350
386078236
141708571
404546058
148152582
71503054
16002956
432634467
248268341
203179259
305990968
66788827
95025558
86733812
219359809
193524951
67077436
175685754
50809547
16419194
381851346
203506973
222571709
161534341
71409886
386700547
53708242
185527456
96802549
293720486
421915403
513132994
108997987
565685732
16888678
429247310
103643249
4577593
269650562
481985336
463180012
295663507
380445956
119091801
14492113
37932037
201765018
105438791
62172433
318744111
62155514
332620790
60401261
483982964
108816210
110705263
161374644
127703635
244965885
348161789
194913299
311119718
422157851
216278631
388038026
225217934
131759144
301196373
323029691
421436751
6165387
141319421
261817117
258381252
443184823
361104472
239316321
427959015
270947440
505821984
199139737
114196240
195812524
406735979
234162250
24533994
177699096
4961166
311306848
62931369
310539343
270975383
82771264
8701203
88387795
564616305
525267369
86064833
96008766
41254635
77912638
155364114
28322696
233677813
369378328
126569364
610386721
461491527
74697578
363864938
382890307
214329563
58221630
243875640
63646047
314561080
109506203
153203722
307687749
154952707
35680140
64684589
73075577
78821472
135322623
107407774
618863681
357094910
191258549
138011121
342598716
233991214
273110139
10950586
426634048
471832730
181831346
460920324
320942271
140728921
312291177
296481076
229281300
359510111
106286751
599303701
416024129
63944005
107568517
330904495
186487673
286446002
39484813
64382214
291546714
374707635
97898384
95329760
496050348
191910907
18507589
510633520
25554292
78590044
26980055
537257445
66348513
14620249
238233418
69968591
51056893
28515942
453347831
254752032
186453049
26185053
190218832
62982982
92269177
152119638
240102855
400762814
240088534
17302671
517881138
140655557
167776518
359796697
373957359
21316632
10151357
357075753
399817376
443236814
287075264
374079049
390427064
209950683
380753987
462968008
73226405
360895980
111917833
290225531
333425531
20337178
50776379
397927343
292537285
201196977
493823739
434392197
255612410
488053254
419817156
358765262
64784194
248362572
457172579
106034005
136602412
124833569
185038151
159640640
272984776
287056235
50412328
145746670
82836418
37895260
29514464
10573308
345870581
91364927
308319496
227829207
72522510
249033308
14287250
354849432
20355531
159233416
186435514
340792521
77051455
222941656
319482998
434150819
1471300
141425755
11869759
301938729
111993296
136436900
58573021
448899252
232555429
327927941
243371787
128793752
161769255
313037146
176207756
308242386
108428037
42777366
230336398
13478862
385866474
158681416
84412100
520984043
197855565
99112504
165847987
125347807
419525645
381559255
342023690
156651497
147689704
87937002
269938608
560172266
421302140
283729602
446872285
133229364
138118000
247714002
391964790
331357017
232300614
149909941
609702619
250821530
112128395
153305994
341912133
79761679
18455836
339244172
243977430
59349636
486772717
111704149
162013708
295495373
113974999
567100485
107342745
348184966
591758220
242636131
234970548
121440117
65974520
363731198
521616329
413072251
99062518
564144332
190152654
355310367
284325242
54713462
79423344
110697967
269652013
16116261
258562599
373479681
256194338
462933222
345370127
100434237
210634001
74489580
2729800
280157369
243863647
368794124
434706454
146083962
356780730
27971070
302874220
142554852
206824593
160047884
138615919
398005607
27082348
182271521
330353668
299543753
104955255
51661480
1942248
358965114
96466319
21274547
540484858
302643982
67147989
207440278
120984349
237245520
281598080
156393289
184432182
78958452
64576608
332004554
82747502
61068293
106650351
61192692
191487683
198321191
104750199
459136310
289192474
285024365
123369471
54060562
89288069
118013201
67469478
489180725
330530237
96166688
262734754
606263908
283672388
374356356
269111644
241711351
123838622
289874821
120501678
42748585
339043309
85495689
373456981
85602532
96495571
137122651
555021737
344123094
207944634
533292471
403542952
15787863
347753954
262169098
143001672
447940487
80215429
298945499
346859458
369744789
180586941
136816632
77652986
402489989
212535305
327347990
152055604
282427101
106848635
106712453
311715653
40730084
40045138
3607649
409729398
354271443
154200795
53991273
184815041
274755242
198681039
218972968
381251794
49013554
155904246
1057321
8762284
542262276
124816813
161284737
67883243
60630522
323344520
104769939
469756897
187772853
239759396
138769298
3455084
183372759
103692198
122148604
406969551
159315051
125055351
96040973
127810336
92766813
351380797
107049459
143754455
469817484
166639503
445091043
372844910
395524077
78383531
423508279
59122031
303606414
130212972
301186575
438601130
240018929
247364840
212558533
20829963
7974431
180032148
270050848
530060934
463046169
313182543
230665498
248145814
362410363
60889435
187066778
212990558
375391534
290549527
275252852
122188709
127650458
455928766
182523901
6377450
311204511
303966750
21137569
266098979
210060795
182023866
282652541
191641822
70610608
348855636
196197005
406564595
291657865
64937250
143695241
72248201
114720559
67536461
466230295
163783042
517935835
386105523
375705863
6119432
173386292
38414934
467067738
134087897
490903917
65034757
230300566
44264878
51327645
51403359
357219658
278090604
524559860
56315998
62711413
146578285
376502136
210094139
90227974
122141467
223943379
158113116
258871065
184354218
81584090
332197214
169487649
123210443
343294986
423485181
130699109
327211143
150420632
360916962
108131695
184167727
29551474
192780711
212798510
181796966
132687254
199828501
344944768
295546043
409348604
130568477
109448228
75483046
253383137
38698896
9464441
76977526
130501385
148106606
282863215
3727464
127616690
21852923
15920304
357149968
83815024
229644277
114801282
199442923
361054386
325266746
65634238
329265530
192221145
222370612
278992900
80243532
84094781
372067866
42202834
75792272
118156346
13894032
199876302
189077988
481917222
426766755
385512272
445200459
445414710
375284109
155647488
170564418
514772606
342024548
105547346
172285176
265165783
4758643
130985025
170008714
7698871
475589462
22927538
434002241
89677363
189221979
164048247
172083066
443239517
97076347
262723421
40721792
311081352
110149061
502928073
109078220
175195463
184147795
478306740
122776346
7181205
293496698
117586683
198591415
22961807
16861769
400464560
185808413
410220899
76861982
108142083
214238538
241994814
22755927
80509633
35586957
67089870
245960569
203438839
379220839
301585089
259421335
105133777
177848988
572369994
233881650
428645994
412520081
13356595
9676050
176250217
497045126
232463765
80451684
270310065
399647384
96429023
359100785
394461052
333334113
59878518
42759315
145077372
149649931
16768977
245735548
106593649
190311651
121968484
32786142
409477149
179537789
248337766
17710506
109526672
17274351
94319185
63998293
29137261
104777278
400573088
366993415
1937625
125789131
17881613
39762832
418479811
541585613
24041743
84055558
73113672
50773117
175716140
356822613
230582766
23020922
64442540
317913657
192208017
204684160
209418307
31404803
201218004
331441082
168253045
25239430
134172654
330102484
186772686
137210684
2115464
47890458
186988137
154123176
103073308
581095639
120577720
112285784
463134832
192129958
113659665
220926963
19150422
367831905
196278534
34968210
415584611
572971984
9937141
207298867
177287639
51577575
138924232
457596429
150389621
488869261
190961292
306262680
64474554
209402969
145493927
115944969
116837714
176854231
237766454
516293276
226840904
540206705
242353417
501459077
258677804
48933795
436966790
146838916
170724130
245796135
76545262
11559249
42558433
137336313
536261148
59681484
292839
289309673
461373095
58116454
142884493
453254763
443055967
243636156
149714584
120032701
99564636
84643387
94410448
23171517
328095324
111495049
352699720
63929158
98467052
202296396
252857625
36864167
48628614
99214220
222318285
381219745
220302688
133145430
260293400
210705218
104817976
534516957
83448589
501249687
54400602
23397591
10804254
42227283
250088377
77594341
460692776
35636086
4732441
154022388
179270408
9217981
240443269
233083712
87422214
442506636
59101950
320545676
256198128
294592025
169750831
101107332
152525769
51743794
418997732
32393623
355563541
215011426
369934893
132794643
432577889
118969324
121666243
80355544
39389271
103191588
252944175
269883153
76139475
124316232
150680174
170123230
316269143
276543201
18059761
279561953
103427917
264718443
17813137
60582532
125519744
273154650
98761651
211299495
214700122
462638394
178987600
341572369
520491046
107214023
83814591
252303800
51769805
2387572
360382062
150926792
11419818
290630544
3368227
203613935
346248835
23074279
428393
212031843
179556985
440464238
119247754
383920179
436342185
197280389
349919712
210829734
458266446
528143094
363064405
174780577
391485515
550418135
354343008
229704115
71223547
90892297
286408991
346673226
468475777
333444344
81693583
184636537
177959919
58745659
303750758
247835726
70261305
165897480
246655245
405461077
285628073
323725985
14276063
430832461
219847671
10485647
23026841
26206032
83069729
80410989
50181857
90065521
132636219
417160036
363559393
33370586
79779794
207096230
25393575
51331501
2397124
170785935
184929637
330216791
115725456
89706178
415193664
486631720
171896413
127352540
384584104
48506084
261165418
378767570
281149369
434668803
129402820
406654959
171600663
330969406
146767759
36070278
570722849
135817629
275593939
401421099
430620055
569658850
230976619
196732365
320460321
41886431
341089015
144559761
361168919
134693922
323189899
258670739
25815033
82065419
280212112
253613977
147295023
315313860
259426859
70872553
100066903
363133820
11392907
177411277
22547666
133818228
9271027
122686166
87082427
121647792
543961698
112439413
486074285
131980070
216123188
316933924
35814327
2680537
212294294
126193458
433442567
212345011
276174933
49811418
214580122
236796122
47856222
192010184
206712147
294166338
90439026
84672029
278439839
133986629
328313289
58725491
420285755
340624753
509461420
225398409
152287101
61750945
128638476
293879663
336050176
286859688
147054837
132277202
330420599
159283353
53122511
13440992
122863118
146454027
35893026
32014708
133476181
273098087
291645160
18901875
488502290
11651900
212056119
438211651
24491414
138078633
47289631
220591262
64156167
160543098
409939321
239383022
67847211
364169274
195748902
604582204
161083015
215793755
260493282
280804743
59905223
137839202
367498800
215010945
476018826
131423125
298854859
133312980
175230407
289388915
280154114
164608126
614470313
2876155
326800948
204897370
183300067
106774117
116181792
34009256
2900029
120190227
80888331
393941663
190075744
384842143
319582189
372349788
408516187
144293387
18106426
442201440
388951173
15763564
29799657
111650378
34830999
30128753
92187057
159245184
95196428
90710285
93147199
66951827
206870289
262330115
110617185
17403622
262423628
332631333
54691523
357908319
478883097
239291356
22654887
278596633
73935311
250634034
115556814
207462601
384477422
402873610
188072300
29468328
112955170
44724561
299810230
181853199
145449523
258135469
314097379
11156826
168132373
23443632
54602320
12657384
392717410
379688311
442723286
453299203
115288560
346497781
197615162
515578753
247809970
321908415
127259976
251649746
128843328
152133157
218297349
79338493
61885192
185332265
103608155
259737933
98990563
194687548
134041083
244630033
8284325
138534606
144607588
182695887
14296581
77271686
452188008
514907338
92407778
394396585
332844968
190874675
107469389
335488780
234481933
91953106
531450589
318030763
374879227
29587996
156578926
70515711
169779333
371624861
25021425
375375869
94254969
2926464
112048824
225085317
480757647
25243844
250565342
281477514
17162425
39142930
71980645
538716200
81312292
82310581
15548800
385355305
236834523
139212426
11725327
268739843
128642436
44553364
155212165
241756601
39935428
293648559
40794708
259237115
263755562
403095863
234215067
467167903
21370410
316950636
228158993
202330792
347702016
127354254
340393867
295242481
36779923
141854337
403929680
17527529
308281898
289682370
287091257
67829748
121303330
175683584
169356852
1386550
438149190
179735503
59443079
126055600
408650012
186369066
307427869
223066169
250105407
173265464
182921756
488317439
29719861
6810587
414099474
436606020
556915986
227651281
126271758
233806324
406800842
101957780
266705728
12248782
458721260
248901964
227866890
278624522
450549037
89270770
34604726
346813094
834335
186973986
75795808
169894006
133422294
117750419
156437050
542861319
129387947
408773379
235679009
360503573
232693074
105997884
1353215
111186649
281042187
429232690
370711934
127789148
118058952
304634696
323857691
285521513
4372282
329324347
456275599
401820181
168322051
66120802
263162683
282764170
355406913
278808233
98263724
255716308
44492310
225559285
28406361
9175027
379735923
133644798
146159432
114189110
47181185
37925727
281809169
121532726
202479005
279088104
96823588
335156008
323982131
413268063
203456489
53610803
183484359
29064007
60658762
144315393
469690680
364570131
256637638
166558386
374931496
80538165
122466942
58635801
4127451
35367460
106235982
74215560
87170966
160509258
198654160
496094042
103450916
142619980
459390634
517233848
145968262
430099178
292211414
28657769
353774279
54431338
294268317
207785096
272243984
308004193
478935417
69487712
11824638
449114487
100790654
324232571
262582273
76109816
163544881
419803204
392004885
562552523
276339067
45767626
283231610
122742037
181777442
299047982
115413333
304820063
211686484
73066196
307701217
223702647
300925374
442969447
305205270
124516228
71377168
165087341
11500448
6567261
264505038
359543387
488936721
57224040
44828143
47057706
488247092
90868760
182715943
409412306
159458620
310757460
214918018
513196952
261891683
189030028
440565123
40049062
131616598
272649942
232313934
224093280
171932427
88206373
104851366
172874943
40424417
245323955
102494477
358962217
259044397
447536581
276936463
268670796
127722169
11222403
114791305
168448223
9625817
33397535
536433842
207615881
299417769
106067371
490122179
5649851
11142929
11160407
173369827
198260411
91719653
234852690
82661471
159738860
181430464
164085487
83684213
220276329
304278635
381621146
107721077
327173431
414785764
121575000
992725
40840617
184252218
88386565
111146842
145540136
307646975
244092682
127399717
320139959
570269455
31654258
196172511
54771872
603687822
583449815
436724445
359783040
39512712
124264414
550664127
83247637
377330453
52673861
181176899
313003484
386998299
63440471
23403119
213233607
15949525
135721885
191147523
339217246
258849607
523115620
282406033
145805761
61988957
144307127
2316632
55443336
19048302
517951315
522008823
79967654
292060110
192631675
194734712
116581400
205457859
133902937
244329710
336213497
155874378
266020923
74252743
231400010
251953355
86411772
31239474
193805922
90158021
232589171
325714735
34678926
263542939
442860559
353031239
180744297
62578275
48066741
90328340
153353901
28899009
167576128
400358381
573521537
449757014
150448395
103820675
491758936
484930337
424601210
40875415
478075923
264858429
336129283
385138166
11094046
274813191
18098327
68520702
56280666
271653279
283264980
34547427
134313300
195206141
69834351
271131355
108429992
443994894
162900543
4723389
210481111
68938541
177982269
305418676
453371389
59068812
326994828
316228893
184235341
337298808
63453264
136963111
280986694
124936434
182335337
55213058
168215687
39950713
250029544
195251491
381405258
397310821
373158837
218998797
138984734
167701544
483766267
218757415
39315393
363117930
610969820
419284235
423135856
430848975
422790525
396399360
203992017
65471185
322654846
528786218
11068535
131262258
89376482
95711573
8154883
310552617
385386316
304708079
94484638
181825935
71152140
47479578
410877369
291003554
109256260
298920462
207049493
146541973
7470359
321548508
362098245
1652845
60183755
188610239
138311744
231429723
150175296
345075196
240614497
331610068
270017980
226832157
187887
231814187
458377418
368051262
144304747
384478677
178004431
380691609
259788235
33779151
44852287
100690028
114551405
212674282
473731181
30356659
255039688
36061216
376685632
105340268
53101769
365534879
551736063
58574655
260592890
532441211
53228277
285687564
252339653
202557230
376935703
205280638
476924853
290396129
330155338
196576396
355630116
410369665
380497320
266286175
156415959
294100906
97084970
148587438
1995311
156335703
299112141
141392111
20292520
309474280
46582609
169751854
11363654
292313831
92926994
158836545
231982214
183571557
346027378
176181532
335589104
241841681
229076326
540366873
398502229
326151171
51723866
92558771
159840578
403004603
234953026
139599853
173793632
127369610
298403093
83507649
132192411
297021327
123063483
214469555
224926785
185596208
129098659
551791486
496471712
201800996
149467246
154930932
151776048
107472711
198459829
167285211
318268407
10009484
103697297
188669446
130137117
40770229
12932441
84710742
42616735
271642752
57030372
5332439
219723526
427320688
276801050
605348559
369120428
484455317
163236837
99920221
150740367
101555480
35853650
459309603
472234761
387730139
487596164
88328454
6116434
302757524
67118804
59191368
156157453
13888897
27517282
123936537
34567910
101185860
126985730
587185065
213964638
210175639
512110717
138785652
152410646
34750230
52974722
212674343
149024641
6904294
243950362
106894423
3825272
127954831
87370613
119621601
149972175
434393388
270384426
156162475
308144940
67613869
232710423
130725681
146302303
364140608
41079728
11019856
576362603
25480367
482039484
491745477
153360742
510793706
169961810
268040909
22464125
117313491
201236142
222270072
178584176
457942608
421167053
343214745
218556565
373815366
24404774
57847153
104600365
152202172
402073756
34352518
26153959
102325035
63924912
337864888
94776529
285652584
187100620
148509254
62655440
263206360
181531733
203388036
371211462
365294635
234532504
288401151
547917078
75086839
159487909
169520883
118864494
50013296
392104870
91852639
150357993
214490017
32871457
89628061
114450155
3500792
28378786
122622173
212697221
431562779
23881998
315107361
175816360
150938033
45761867
192682357
309019048
59154674
204152271
151111120
329942999
73241081
271636320
380619471
168965778
34659268
24886186
113485192
313000935
6841863
345622192
5666400
126068037
295340456
430652476
560625416
38771492
126145422
412291715
265396250
157389182
127585552
432911376
559800084
357182251
259244635
399634306
349155367
290806372
55951698
27061235
87993008
42533442
372866213
311833414
85441817
166128099
456169364
353019103
224311836
666760
40854903
22085885
29544648
363684135
46975411
171111098
258407920
289241112
303920191
32761122
84855053
149516218
62651850
21269807
60683689
584259281
29883670
131963659
61352835
92886545
306730954
410089623
11510131
278813063
201714685
28288228
38143264
238535934
229067673
164834224
275084845
112909481
260099494
373068012
177557382
298725674
44671646
115841421
296323617
221004707
157187195
80338650
585247114
55762441
415279921
47001388
197101624
224384078
4744875
502357377
227463831
25222493
169487729
25345061
135005152
351126036
225297681
96197471
93996948
595369489
98455283
91701934
207046657
37800364
135583633
206858968
318618919
198417850
254312555
123263150
490586206
219471245
22054896
215214072
355690146
106052001
126662587
311419515
154095095
474409553
2655885
56109533
540575569
80550753
204067429
478041808
284216214
97108513
246879095
231888630
360388850
332869586
440530148
207523810
1524968
395449783
295626613
104262251
291038780
366037887
97210366
362128116
94389215
151275409
114310159
238130973
174474912
194540188
147821278
123255740
477155191
194514885
30104495
359023922
249928095
226797312
63590251
78945151
158549275
250910047
359644078
125082020
443610126
388384841
256596024
72555883
104598515
26248909
156808094
456331306
46918863
377283220
132002900
9195591
294344290
125978284
449920816
58807951
106795178
312888118
71932756
496560036
447307096
180547696
278855451
144096274
225495124
15326602
170720877
312290300
5866480
160057230
460521186
5875909
463943756
502161759
165578306
66467415
192503008
133526801
217018216
241987308
287323462
364442162
142838339
174694737
342036252
97044060
236006858
454729621
276737131
148232318
20840974
367414771
575142739
34147592
312671675
94287111
154275412
236570391
119867588
469378300
377335339
261954642
426236375
459675376
158819356
228591912
147936881
274523967
19687342
42964845
56011903
169581565
27861842
390743100
321311866
376711403
83067475
194809930
99652668
33027461
165353943
245606941
430938309
193053343
166117436
323273108
482807169
153685963
133901625
440086004
334107093
292598602
35454186
322825772
259852990
93023252
119680416
501497835
252069697
277374387
174366694
73692917
337286750
20794701
212848277
54569070
79499195
103000818
120428810
373426071
124964517
108519537
64509574
149758800
24841521
488784444
273680141
134711412
313911160
299520802
365931787
241937946
218867710
585572756
321037906
54876821
128585589
114603185
229710213
511581624
334749147
47505106
319341441
211732996
300621268
145145246
302095605
129641145
131723399
387525711
362721417
340234058
349428134
479777938
134534375
311239725
32646473
337703764
162055999
185891383
156483232
202894056
6636340
396535760
114455965
220190327
54169965
243747792
593831436
40831879
367572383
168800335
176227745
169641687
220140005
40382058
149432183
197976294
322303669
123083044
301518068
227083941
6079890
21643011
197353283
91007404
500275072
90307972
71181207
102856936
132367670
35415312
202907663
16285760
294665709
459252275
224415015
78909290
578060658
134143872
222642880
34146267
462580716
255363837
49610273
46831084
166043397
381666909
293809303
84999307
302289393
80583281
267523593
347463077
79598086
170285269
8084667
473346873
185021999
46946344
528207812
93174917
457264871
41041327
278550928
219777415
170809215
257199321
128099607
381263354
13679340
26452553
7018994
431274244
191531536
9443667
279635580
412105800
93326886
75833597
354151210
592359828
143659806
48830750
354012476
232616792
373339004
207857327
197566468
544731790
67101304
126839820
210280795
288400353
453992978
392029631
331961151
88614273
474781555
320760632
268151719
213277799
166942607
78842932
186017086
203592883
381557173
218715874
466545160
72304490
3790325
19645104
88736546
244726830
86482548
291792872
157034619
93379040
139320090
156279692
89240585
303518834
81734895
209716258
85452654
277516387
400280273
279409972
243010337
22709068
117296232
1383037
75264503
377863496
143924538
456447998
102125383
304995800
232860582
186554485
11148781
199395562
265827741
498207348
6741199
43576836
171975011
73078940
12441609
265321556
138917775
135623476
149946443
456054965
508907848
312328345
80688723
360203309
329059088
320995936
47239475
124820225
248746397
183356480
192121414
532618644
426452594
194934276
373978982
10200215
501283247
204886693
122962057
101262837
13687317
144900501
24593626
322278419
130778642
111027761
255419373
509516477
219088112
278163219
389345033
169208777
168109214
341602078
294000805
136042411
381005532
392220445
324508314
162758627
255667137
299087013
72871641
109888017
149317060
8499441
480286336
40802520
96507535
253104186
163842083
83681762
279358919
194769145
403780051
67634643
201842275
399093201
43637697
66504598
24147455
312961674
77882419
372141729
87091152
122414209
131002226
13709947
262224230
120830565
139375271
89858790
383542394
355114598
476210890
138531050
117830693
222025808
415585446
27986879
438737728
336788326
141666839
223980187
205743549
162176571
26585305
352361981
355444450
103672032
272634146
6373884
178744629
126717186
192183854
214361946
249552088
286570089
154920004
241980253
55074672
34231242
303295893
67647066
200136003
83838455
268162046
130003607
342938332
72342392
23545249
69162898
123821523
94099868
373045469
166031851
393071674
1405064
14681998
62122850
62801414
278402997
10148208
450207401
231929287
34213345
172303360
205913656
101643480
284556057
370281163
163663969
99889766
421141067
145273653
212567681
254446701
327385960
341110923
340995393
261245568
80520534
473095967
211933048
218371365
351704887
424933537
150505848
109134258
41352995
175798749
77083916
290467388
91110737
137609563
355629832
65097795
339103603
57742919
489559485
615762448
431149787
143804946
120558815
392034252
173203384
179767844
273770509
61195839
502121685
244939236
29701366
185240926
276462926
74530162
85944837
529190635
48828448
247295940
31973615
234657131
524837512
397042729
262084288
65348036
112410308
120369941
109599112
548637675
45777111
504374236
251173831
278463921
247585703
170670574
154777872
284123506
308693770
613291185
128676367
28525779
203789303
205866579
166450682
176091600
117799151
352817156
187715238
118016253
99360205
121791095
190978080
47603379
3677236
70447039
408010925
22976887
205260110
144598263
233297287
47979224
397491411
180452113
71850156
506110017
205717437
184531889
543275910
290660916
110920429
29363046
18355714
107842820
227972936
224919657
493766249
176618113
79364533
223666238
251308422
255037653
122591066
151460436
24383092
103728295
217640041
439078222
510706669
56831380
396165975
74878512
67629567
458861938
35888670
296229029
221407605
91406815
321919023
155504363
16370149
408938710
145726714
399548460
278299354
219004662
21965275
104614000
102644606
151942424
267734773
355866790
107673995
85576646
417778752
57071148
70415508
143571774
266981675
437070958
73126782
41590091
42461743
323923597
44510462
216777301
422177013
129511715
161378188
157011591
117950982
480475922
401283084
180788721
57777197
202150779
125603887
108311249
273513301
150820975
24574716
39407854
67693318
63085254
98473455
347961774
358862748
120533812
419774585
232133360
417872367
214854782
164952989
151769461
24337730
242271723
72234145
196683944
371625072
278485203
89219710
338967473
279276921
231663057
321050269
268219453
142695621
86048006
59055292
230283751
162499993
603337166
236261881
302414894
422554066
853128
191770255
57352198
79743158
68760260
72634114
118484662
26463411
435434221
522321456
30303961
122479474
237788880
426160568
144173572
63258034
270532324
280757955
101152378
287163709
199406272
71894942
94719125
80706082
539292554
239257421
269229249
361437786
18689074
343794317
39664837
120558985
532616177
124556230
327618153
356266375
336747617
419392760
129558953
308818899
24243409
32942303
489594162
295192853
126394123
19538311
258500314
428148945
76019474
29235775
103130665
230726706
347687728
220218783
65593029
283755609
203344901
288797416
462211041
367138737
505249102
100720289
41457290
376847127
300810661
328591903
315751519
37958139
49161555
278786431
49084679
145737007
106659872
365809840
243370420
234258810
5512254
382213058
100560638
225949520
74146435
130645994
11560230
54499972
242011798
71469634
10073743
29270898
40959400
218718976
143866541
59821635
31824591
238548579
46176400
115094180
300875886
412313477
42383184
474044646
292862578
190231628
274865105
94725980
492679079
78718438
22010881
460785632
245274114
140892576
354032913
260629551
529222218
153418837
460955487
74378996
549693284
7817041
313474201
106590172
282834653
250385504
281729489
404232021
183534649
204737671
537325378
2878794
169486437
381897034
214672062
220141800
316615460
463003953
299939550
19085805
237145452
98301869
326158224
169108838
575022483
468265598
163475200
28937887
94598547
38305085
163703067
102363345
325742020
74714192
12394539
184085975
278705489
333172885
540920511
113273621
171566086
158988826
179508773
293835002
234329855
98732109
3020368
252057897
281446550
252789451
16098279
203531080
158168905
344369696
106104221
316794600
182164857
16269882
61313907
377467679
76576994
119339005
60317992
359562850
34045298
264566308
65969974
166369549
284648558
220727066
247628625
307250846
26392864
283222514
39236564
103920867
31694825
368483633
179142971
258595239
593448021
544634798
131171564
80846954
135773941
3925795
453126330
189260195
62162475
265972998
272240297
164983381
4223270
87060069
402464307
162677946
57030484
55510962
225181
377281302
17075297
286993249
122773860
112672574
94753187
378736029
151418924
34423570
109917047
28019583
360123379
420427118
231186404
294971604
208808832
389654860
108177271
24826670
24988151
157692638
44296378
125476444
268778109
315997812
377083477
204840598
32049156
394025377
47991379
46050390
39648592
126127096
156397811
397550641
230625620
198145708
193893543
108309679
475045436
141588929
361956168
5802956
212918473
145509803
175658461
116349392
37010454
25579607
37949151
110042312
399676932
190976433
38771942
31931534
319166111
130901645
234524447
202543225
202861481
165154247
119653293
208937979
33712789
318815637
407606557
408288965
571241156
220520860
44868226
48793124
194313499
34169049
383252520
26824227
459757954
25209651
9324112
525283900
133404829
6327243
1088638
268891672
294398902
166475364
317881738
237692390
44604258
477042044
425281900
4236521
292055141
16811195
226226590
415071887
268477123
203534491
117945049
117588305
320400540
398467801
38384256
316835060
157431628
76468276
362853445
95945566
78221520
390972514
141698963
298941886
252908118
254344481
312013963
60139881
396616846
401488
291832133
215602313
99916089
182761262
531383381
69168465
224864414
33144548
142725096
154323123
264385507
559007061
337402494
15544067
47351017
183812435
395565158
114780950
39809340
134113862
355443973
31870262
430052058
206356033
114401557
348716839
285543857
410296176
332985979
101637401
267500496
71429037
377858535
90314704
123196710
302668585
375616546
255593619
232433543
302513522
146339924
18567007
369090856
103017062
82009018
34993891
347311397
423420314
540463154
450493258
50747999
22223376
87328051
46373937
458951232
113573346
271669389
80351380
513124799
219307522
145812253
260478745
255750781
216018522
193776097
283401534
221617498
129639959
321100777
212103285
18531839
22064511
173432612
432704025
89747474
344303651
481914244
374429060
85570513
217361383
320950533
179876364
370544249
360361343
146876904
447763360
239837127
163665960
81861394
183572584
301366383
209968181
96661914
314591489
166162413
527259743
164296033
36778240
346058831
44830787
130988255
56234220
376374131
18454059
371429883
284483498
311454878
145921345
126365047
167962464
91966704
35651958
4182096
504049037
98947641
362264768
57472452
387905233
145559034
66874779
392853113
408484794
747105
69248123
346817005
110951770
63586909
18457699
285576955
350471768
324978504
317408440
490047707
150609935
470424857
129787072
111133006
74918181
442970165
120800565
25874661
202664015
266247323
311274591
94826498
327332806
218689226
77848804
364555468
478180322
19086590
158199398
190958816
187327971
305195639
341666197
402270723
196378649
221695750
328440288
422014214
120773123
492436929
112613245
515469487
250046053
79411133
144902352
107315779
110180322
163584934
80017402
310393368
392519438
325895078
117091250
26231229
454750138
349076706
251937455
172950396
272110502
233272713
460262417
329080462
164613124
109824256
153657380
405279560
39525041
312246424
540379238
255882802
30240598
23927414
321984837
61205655
347188906
4700068
6241823
126959926
141773155
220296769
226867939
169929596
2559053
322281120
311806749
93672135
169904310
142704290
7442243
87650649
169938631
124207069
51437108
9347120
43751155
223425418
100208515
106753553
69277801
284252509
373571495
434246398
455777800
30185055
353823746
323754436
29052110
315882382
94267827
129171998
129670187
158720525
345671332
120536882
537653998
217049142
408475430
162785748
91902016
53846278
19869509
367652368
18082345
159511243
26160772
304631032
134465725
75700482
343284338
502533091
275867765
484372971
473173224
301811945
480463983
527492349
78166689
233434936
76315899
177971150
239765239
482279598
212542738
117876630
68502016
118273238
46074726
191633039
166011809
197238984
43155468
102815914
396383129
447838770
33422911
386068050
312819815
242172237
117121908
25266017
106814877
157954253
69281526
21955359
172785423
160554556
142125613
387921428
308486825
128985261
277615281
320113
203134044
2744761
444499967
520020405
290367963
210595566
114641515
117225322
314743647
310915919
505515391
103508783
161016271
163053259
25542868
25883060
348484641
109237037
131536283
350704831
299468698
100393763
29608112
77879260
94965948
359478306
173615792
506864449
54492172
364311898
15655427
191825815
133766515
259730900
174642982
355461402
340353152
69045287
299152595
148299165
447470328
26683819
499398459
124248771
240424284
419368206
54452325
380869948
94127579
59571848
192126509
19391895
321599025
131159744
392395351
397882710
26903047
256274811
277108464
170568462
172830897
168807065
39884406
283180937
412686904
17122713
472884526
80911519
461783713
308633716
162433397
372553666
171093355
197065195
169594913
119378039
60618574
408569274
78594852
135938660
519026815
369717726
29738858
201825491
259709933
572566793
22337823
287613545
109568810
313094864
11611571
365787363
9749911
115802732
363051948
151764141
239022857
107582125
481531613
398625009
109931719
79917415
60591326
115576335
214460949
72152303
206803839
36733914
152884447
12189579
105905507
93661145
289322141
228833236
77416879
223384926
301561831
354794688
279819416
214834870
75210976
83136222
239133862
2943453
231431239
215260452
567485086
176867351
241445236
144411915
348087856
87824150
207128359
172523208
200995662
182856017
1989461
46633425
339598381
223483022
367139272
291124391
96561567
170164881
131350376
241699500
277924893
243412634
103606491
337741486
299471292
269035939
162970670
252071568
303243324
1321310
343427812
326969059
72225015
41457755
275954201
128023903
122680625
304678090
523783631
36071888
315762248
291656894
132532366
70598740
240662868
43633195
76864952
152527100
295863218
93636351
58731952
614531591
178699063
400081340
194980925
13982005
136353485
245776416
180865271
172574368
299077692
539383748
150646704
418243000
10874554
498184454
242633435
426673842
94845652
194682772
208309876
186085534
108470919
61104915
194110383
77179259
264944044
199590173
63585203
52354664
203254182
397938923
19617613
260448525
45744810
55259353
134148782
52997341
150094999
122106193
165067120
173637745
169371528
191007323
24852873
104049287
434604784
116641771
504029930
152133216
163348843
132824239
206718120
23742752
186864231
109762678
243534628
54321088
46186845
292322122
259120458
53127035
57447351
17502570
181705329
239887373
386446889
221442491
2244129
542696714
338672680
310196960
126292208
72376285
495106132
269303480
578095893
498783949
50158747
117612323
274032797
2502771
82203879
95796414
496409337
439064986
46903672
38950574
260061303
463895533
4379342
63213821
533081384
330867840
93761179
247428828
89801089
190350513
26521548
399547840
512644877
563849044
169082740
106159455
465142548
80689596
21837197
200027597
286304679
168681664
18229185
190746034
473850782
186545427
176422803
211886714
17914786
107748317
37243623
174119847
488256297
267385933
264741253
130340624
124783880
373684629
208199392
391676721
186512468
410994919
438804097
251455469
246945169
303436495
68302533
33277229
29633765
213020643
33283030
57632437
29084133
401412746
352552849
294141102
320535935
249924358
335549073
111985127
218461925
183312546
148139182
14740940
396394090
345774741
271100584
196380028
354191494
341298351
134960511
330183379
451148389
23072434
291397554
309753035
362538850
43365395
219814325
339621097
12085060
350230356
158517507
132142560
222329079
13274816
265407851
153065358
288349548
290579608
275485352
217521118
161751856
140849735
106441103
83528054
316116127
148780256
281316289
456079175
173964754
140855151
105590496
4208034
276500454
294683702
172004576
417165
232084241
23473458
189410259
226261009
76847431
414662914
437983205
25907365
30014394
406662013
93381710
55227984
12113147
450583416
20623955
450572815
293285830
405965931
192470557
333309369
227826194
478527561
69915928
22092915
383464831
16381367
45246118
135267887
69853432
149041006
45014878
222754984
93452801
372749425
11555786
83708689
162684192
213454379
88481967
150948996
112065285
3015732
94066556
88961579
418721221
2871251
100619507
353399649
494348284
341840959
218876954
153708111
136476597
435578330
11965836
106195182
93732733
25801436
220523671
248231447
267830659
92734637
91228527
267029588
66697015
257004124
249640326
485587900
44463249
256815137
425330087
104652251
75305647
256269111
289191531
89145971
487062500
157163417
53905166
32379311
79634406
362015714
214752780
20190630
96033703
25713287
303876417
235837172
44484233
21213216
115467
192995874
331991464
207142261
190813306
142458343
476357947
3042955
301455879
199827611
374699468
164636744
482729176
39436497
54779425
49190580
131076209
44174020
172462554
113055556
16899582
137531655
285370937
22757129
387897281
71800848
256549332
225317218
12848018
71080276
314427009
137681966
49764247
193173358
127453270
498015135
65034685
112460951
35847647
207438884
5035371
339443473
217949573
109210178
330479225
291572776
122169515
273608754
332402011
162363929
97359429
335564325
206737486
236203662
37313316
46302682
270068875
202540010
520617800
471053319
446541335
165008088
285208115
36209647
233433029
101039947
149218910
111469219
2930021
362411498
119689218
405840101
70217016
100376609
26365473
226543994
616009979
38425525
69991857
79315945
27272450
31689102
246927520
283752897
526938177
582382174
379852316
150188037
422181411
83503537
86327458
180542612
181486400
127457087
332907286
52536407
75421139
103901855
213837747
66251369
386630310
141383900
65770731
605019728
136531354
56962097
119626119
447085477
34262399
175715663
116269773
28629416
266151936
488786101
45262427
288218005
106660505
53642818
37672398
30919258
113448804
17375437
94058339
353829491
538026263
163117298
349971474
23863539
313068434
180212915
65303264
102940846
185529070
17347226
7110168
203210550
45147394
404621298
79378323
264507982
288356973
350802170
323199185
605695032
364416939
47754065
370547509
203595447
359356167
83502724
265298676
133972767
44538732
425501001
32146971
243450078
79587824
300480819
356161054
205813634
242559289
148084992
341814240
248479712
472617129
253095895
246194816
205325534
86565008
227316072
232521257
156348723
112682509
30530508
183459868
197690869
58960410
473833614
67986813
33018953
278025804
230977295
112930048
262711685
250211484
43664968
414081905
86017584
65862020
336657171
131137127
133462164
466715832
387755868
237803630
551644309
517157830
375417401
129629993
64784947
152122632
170141146
49363789
285532545
237950744
6837251
9704353
288353989
175363548
224820614
80965313
348666855
7225327
15657191
219171245
39246828
123528050
20206078
65868562
338131917
237479250
78600307
76309200
339023967
285478569
291458486
1861939
113799953
101677174
167638395
226403052
147391089
327550840
275873739
379901570
29559712
71705285
23553119
112804027
58955076
98273587
315190083
35835867
84727805
175138681
228987340
490591422
186005826
280246220
325465931
109358470
54821993
464418778
92920375
485075359
266896618
1404374
171080204
92270177
344408229
377083632
313904434
275586176
80382968
238545113
511696167
109361278
443038903
475397244
302278690
42493066
135000840
78891580
363474468
29643211
553919096
268170478
4570238
266138720
250996949
311214536
469439295
2751910
53670338
24975278
400202176
345749518
582048946
82722382
360610769
431658675
363913068
199395203
37325234
247772918
210276625
388062160
152169717
91451023
43471765
173750410
196204620
57876220
92447720
340791083
150557431
75756258
510957744
175002285
313944820
7166608
6223213
304341737
186826529
174026489
364076644
221568049
492237653
49345118
73276145
205166478
228361377
221883980
141861460
233378108
434431905
468481942
22696525
247606425
303731975
45306466
187306503
292814462
164559048
406389182
39329364
59240617
377284303
98440453
335332649
303770987
309551061
394086857
173240727
4831416
455406546
445985360
101922263
180436311
277513463
413165190
204710511
57974646
109948311
331342909
258200314
118593860
67567771
151412583
141639634
284602063
261875730
257524300
303327178
300102951
279000799
460366423
305849161
213026768
209701489
187408587
172622628
492327613
233383560
265506843
346908823
66064540
446684092
265546816
137274861
153712759
361004109
50195146
370787837
131943003
130169890
33901066
300622751
214241823
183213334
29570764
12172239
116049247
168435492
419583175
50081002
163411499
200624037
122591818
265416964
581988503
274686111
47482073
360052744
248497080
325877466
57018706
145460691
373358025
96289798
556269354
19992962
20837517
177039904
83427537
479491096
421471437
134840063
185013725
204662691
408713328
167756706
173336500
169098902
317711638
142668640
134021337
245646914
39844272
197491369
15481838
69454962
152488217
296738111
245744925
252625492
92160095
212640448
299239406
116172321
298898730
539543636
127741781
201577787
273627874
226845608
144255807
66396737
112621793
46316544
200239119
7176332
93982293
370679008
277688262
27096303
92699648
277514167
27854233
136645670
100030230
472936089
126017009
1736341
555543298
469140754
189381104
445208430
562128008
431297418
334942957
276215345
90892292
471235633
238655234
414680586
239347659
201175334
140647665
61046605
345653525
29349315
9659811
1506496
164480291
121128722
45966779
16034479
140247637
367419753
318749955
82210975
163870382
460759842
200531603
12953139
159913658
312558812
183270497
557274906
439939982
34505226
408909406
144043224
33932825
4204247
197460596
169882391
58025941
118956211
270964388
104051211
16397987
496384233
71126073
15853992
32521159
304245083
148174269
56530797
525738388
114028446
294909609
363956963
100955888
167360276
277568024
311146188
300379597
347400506
80982122
35895807
463130210
65447830
244114489
178206532
560639114
225144337
5434833
423017957
356315116
58446247
257366904
137187976
53348674
528343501
284553004
280995504
33502568
94802700
42290477
115269468
100197199
194733916
333834356
504334510
324934442
299843303
43816533
78174493
382559853
239549201
415358458
65793695
175997241
15954649
359682581
75335464
1312794
316235813
311687146
172025670
249040937
343923210
96660885
89280608
159383473
390948215
49295592
363576663
125447504
314601014
511128776
261897950
77936990
26025016
131344027
275375383
132238179
57489709
78088458
197010825
378252136
125575819
68722693
222479473
283712621
146967801
62952633
15776793
204449623
187535872
133734182
214398964
34679829
167786439
159475333
338276494
73894341
565628265
370321148
371127218
327650594
160203935
302083597
409018169
82055319
292499358
215260472
86209863
223939892
147688250
342945636
122232937
174932614
439034447
456808922
20281809
220223749
240965474
64540776
92525058
164107411
51344868
195772340
392762443
36980603
460238472
390032984
418788052
362734692
45392056
49939756
59477340
173028994
322380102
341360572
61821640
232848434
159416669
261806468
191415895
23936053
76125747
111476838
376963625
89066036
222388110
172589548
326095044
206639857
404101447
43641479
157382712
5134175
9696020
571683714
236277576
254689060
245733538
196849075
21040217
374051043
221237127
364590522
185780624
410169569
323626299
119324147
183475782
76956467
88592421
422843403
73837645
75047085
336155426
222273227
5878548
497510994
229294647
549921694
65526687
224053585
313634033
119108843
311783387
394685645
229947582
185536471
45479481
284837973
454976469
32287183
143333923
142304579
7357774
202214059
170434133
297018968
434464469
239829301
130932716
282732
79280030
180557200
431209816
14981550
83764469
183464666
419816049
165124845
465828475
317969847
15172238
562221465
160398889
112280456
404186560
620407624
327866537
223620880
120619744
478904332
93783220
53350621
434145581
524159807
345855170
5007574
175682790
375179010
130559398
105312367
526188773
361664210
15353004
510858008
195187750
96659058
54261495
155277053
10802254
287578196
370402756
131638770
175051165
212005105
17566704
405993464
183948970
243542667
394005939
58840704
154797944
195317908
100299452
363533372
209701104
103593512
365169050
282192140
29730113
443293271
92350771
313141857
58575147
351120985
25893858
72419169
136046549
458105367
5291950
184346555
221883916
9197725
131711515
100992479
560443744
137092051
273638752
310882552
102834265
380968124
453957318
241994514
43079125
384476404
396772829
341852541
85723387
114609422
185248702
51276134
140054010
1551855
235335210
216230547
64225846
384324677
157202197
196380912
432752014
80698332
61649996
229788570
214770188
304775548
62641297
366914759
529952558
282549048
252306913
16907359
346488683
212661496
172116660
372857717
318438124
385161721
100769016
35322064
75685373
342525456
110028026
34243642
20920589
102114228
310503144
56520332
150369179
103006028
260580641
119005041
34194786
176443171
256362322
203505687
147755184
100713823
178184071
97165447
94510308
420779363
298249205
84178922
243465400
62179471
55117825
214490232
340040744
33273705
442079112
361662922
25010287
135690011
402628958
10376434
528001648
186115546
159073631
69341631
494832069
421409258
8585464
141505988
123435628
145492921
495515508
292793506
496525842
223902651
110393949
150234020
98196991
328199866
59119725
418565447
421315589
27931751
98759299
524530389
188740478
66710584
161539035
65469643
3849223
310424156
404610353
273330801
195862393
240258707
124449883
334612892
357964335
464095487
432613526
106421680
136100913
350423681
39622107
58171965
562542320
125030645
196719634
47916496
203035925
26840462
95988772
66386352
437921252
99160074
159661523
74244901
548573896
344414885
169349950
260706500
397153900
360469286
12898922
295029407
69490587
275144647
121328038
208248630
101801945
181134907
396925584
318438571
365848764
360172704
23183226
136126226
218074736
6612855
158402077
42110725
445260767
144508012
378112095
143416002
53670911
303841383
169528771
180274596
25757037
369494122
274891269
176110790
114444992
28823943
238147583
129668669
112708677
382006905
79393038
448208604
91905063
227374563
244527785
5144727
299519531
427772161
276554669
583119072
322906643
9339588
51369631
444548073
280366740
125385886
399983210
420489717
280014764
10037016
121692544
176320033
425925423
14267183
218553654
307757608
208376868
354668696
172077518
149506130
151437106
84323693
143678484
224455053
19739786
547090792
226053168
6195371
178685441
4846381
241532991
426429610
390006505
501297029
479747976
195408484
427791436
230699069
87183967
106504381
398797946
57536342
313338083
399545904
452999372
453153018
24639757
281262082
262915270
89353056
26278500
153824429
123566680
72897521
420442946
20096328
293471310
50744813
312437523
567638418
161819842
367436172
10609125
233263422
16171436
29571392
358197658
298856888
250505060
278941343
20542028
154981948
209336895
271327108
210401665
99030617
26366404
193569233
439232703
37490893
164690250
19882637
312096784
122290441
234804592
11554491
153808173
468179681
476258326
61904572
213311625
237205639
243546601
463611264
118638562
422735218
162481424
30702121
149606924
62733887
145505236
558066113
45424464
104929113
253512145
411098983
154913671
171390508
204791789
64544004
80128289
54328467
18727813
228005632
116758300
113983646
106348968
182998226
55921895
114348662
294357185
319824540
341179354
309011971
190194660
272825974
164450549
99410134
401532434
619927345
372496891
15472881
259049030
518249723
77041927
233074793
91902929
415385698
10935782
272721943
63575160
400677959
198175300
331429156
97057577
4536785
228949701
187631498
42717660
229646753
186448213
10006506
72408787
402366956
2011565
182066333
179493101
388090573
383176354
431976080
221548475
154415632
379557348
110116356
302928511
352087316
29323303
530461802
220201270
302962136
114314349
375737779
205242555
599134508
465506944
241180782
223242473
58506005
425354455
303519882
55891191
201916666
300132136
494238148
316824630
150017929
250951533
231968573
476212605
298237411
161293878
144864
60100907
231873395
303396580
1732576
174057265
400928227
143151579
288273411
479885760
92287543
124446200
108108613
58609970
426915188
184011960
45854739
55404080
66805036
197978558
4182132
61697133
429807564
159292323
365798405
126179204
52454191
377531842
219055613
48200700
212985798
283441425
209685964
274496169
203023553
33229527
2004050
332599567
139199679
419570637
361762299
46814920
206731330
480010134
98106485
450978801
30719804
100858935
23608223
113999102
184127663
421500740
291807167
40554208
417955512
307764838
298590954
48726467
365957765
45248530
159684348
28755759
232855363
190067763
20674216
205976823
32121768
220390753
14858721
118876575
1570381
47352341
501533297
82832683
550919416
327114212
281867453
198036369
250508051
134445617
79482478
332300244
43779506
20715284
123014802
410403645
401627291
364394854
12515091
30053230
161058605
266346402
237862545
349262795
352342304
199635776
434975484
441090676
98090793
219036094
398781606
297588750
315072387
68705477
226573213
476781731
25938354
5933413
53511237
304906389
392573162
4501685
376565992
159128486
376286325
217457084
54360162
301686534
112381086
256556215
213975884
201425749
131833014
519444331
3306102
135670105
39623818
134328627
205021053
49436848
206692181
252481591
129445195
100637142
74459788
417664346
101495752
136526775
171835015
109874849
331168332
64330890
226495103
120927486
244842109
288238407
56150354
285206811
340781879
204601902
449156811
288300006
46298344
265829825
206031963
83708646
270650397
62073474
187270333
157291292
82025167
103290740
86848366
355682072
45229471
24677559
149946027
426926268
92785917
263013108
351761803
135324220
243106256
612576842
80121386
77503575
583906951
2108561
472040832
182513671
371384987
466294693
210686013
227437903
124456381
294369908
149344355
43026448
377837350
247631986
105913227
42411897
375425903
238271720
45106737
108937284
322820187
67463629
75529340
250518883
256971527
15100653
206079005
253032623
473304307
235580863
2859794
122793549
68323884
291152374
130213380
168509172
154505092
160887300
449172020
158340630
178580018
109700752
564609577
352811663
216461078
272878606
44394035
107865549
187485198
55695950
253306931
111106040
328374404
315298272
330299309
249177066
474328885
165490796
17390775
415551756
118728948
195360603
277019100
204105827
113997126
131412634
522267735
129155386
55582264
407398326
50858528
384925601
295972589
344505265
432164390
126427481
58613456
153719863
57020475
467378425
2609135
55299322
91573000
50789850
154186704
200603240
62466366
6608157
43869720
425023676
335486250
80612158
519035935
460924590
151348881
260862486
279123937
32788977
475419585
130141801
22264839
249841860
154467668
184084178
279458749
198697568
60167142
339790791
23903022
84649889
68218977
286748519
468358508
207668410
352204415
612668879
218147353
171030600
457004484
104229652
106371030
254854927
81047596
64721682
238916998
488544323
57198628
426601802
520819935
190973673
31327097
408078043
345213646
267167209
432610526
125075853
55934051
15690128
261014543
402644290
164404898
504264631
131465233
76003353
392548009
336462270
75246419
388942371
381728995
40696045
382452293
224010933
547425617
282162406
209429676
86769279
184986769
130191488
159864768
366966539
53660154
362041021
584387581
153079763
255553762
393811294
330810405
453233605
10713520
344101870
76669455
350095341
84470285
346463941
13693947
77971005
354846670
331810190
134694370
237329919
314197824
49038442
313486413
192593425
205081429
344953775
330159680
238877395
343813016
381361131
529914437
379358853
531553505
50414431
265925466
95281081
247389513
46319365
312475103
385689249
138662954
231184733
306775565
101452728
9731707
269937829
14724848
240192861
340871005
311757255
214312765
31315651
100105437
343417211
84114863
165891668
121667554
406578312
256169037
205440513
271069749
82632098
144190401
40527303
41491843
72748807
85087998
237450508
261109537
317001077
380540879
61484822
250307660
52572547
125008102
446271055
392762193
198808133
382774574
283339624
55659988
337129758
155471017
76761859
36403725
90326343
366094260
67709584
355004998
130202324
408140697
74090441
278472110
119546178
211314549
81511346
243572040
244910574
190846010
322754029
513384395
281376615
308532311
298566009
11306459
73792811
66791513
520762801
519582074
195156266
293965201
336556025
223492977
193870907
355342910
366501361
204632977
74012209
418167145
378047816
440305370
364548662
365635153
454165343
28892783
307690201
363138695
100253506
6229305
117869480
142041276
411604484
324489022
212210297
399492719
168528348
75047729
49735213
47979994
103481095
88981131
40077565
218972773
104492710
289713421
220717233
20943191
95570577
21841672
284847891
385587551
105860484
28914176
226402452
222103886
393152887
321953280
46026479
331576176
192527988
129197437
297599822
437793006
214385321
319029003
100840768
140765587
53841021
285392391
68619542
141434053
7993470
354924749
43284294
284338760
342724577
470173502
141888806
24472382
38188244
4303884
2937233
132112500
64201667
322310420
220945897
34806051
228947179
87972627
325470251
57317779
116651374
241902735
210906462
172897112
542400118
132226015
385982993
548310767
218189810
15801823
142981343
527545247
224858776
242332947
152953723
374188370
195797732
269096155
27422109
37216834
426584479
525189523
65661794
370717087
356927965
69893601
232142420
484578681
102100136
242554041
116729467
103723414
177341069
55482091
589843558
319151169
108944836
495118005
22280231
272113244
179064459
525118479
49256818
48143196
326063786
244900242
541106508
369261367
400600534
12387845
306101317
254693262
256311190
15926181
103840508
357888879
1382115
301716455
69285897
316684636
56140745
316106289
153889305
369864876
263835127
351511223
12915880
159297859
361620440
199902408
356441540
133714085
460754097
21067566
31732519
188353971
162267788
525617
107441143
561266191
407371786
199481636
333810935
178806799
75596414
99702963
493165250
462706545
111846227
104256661
545095512
290372159
104441400
171731742
244406734
241703897
16311845
345365498
52159170
64987557
100168255
33933413
317599403
168926490
67441142
251184855
81560785
87303914
5506036
327941568
162061057
35437344
271908262
9730724
70678141
306009329
94111811
227237094
223448900
373015489
48480033
108675175
253601317
1771164
216767976
127277693
228566676
348269758
153848216
182649178
4052840
291322407
87067606
177811006
65622247
226285073
130313378
439519293
175341630
155223427
125476280
92160690
308244753
9667104
79514020
40079602
531967476
286043287
486798910
50150019
58315101
16033832
246334198
223938125
292509308
173665482
462303956
5597026
329318029
71770404
31067950
130177816
356549823
214892691
108046592
3183166
45711940
464465689
26671836
416759751
28364848
241266778
478641405
510802939
44092850
312158053
8865917
126284116
154914409
94260269
413760175
297984131
140923896
302144981
36478495
72792460
241305207
546563499
565074653
85616485
459136010
64459138
18539748
3174352
43767353
61146003
518865233
53860458
427452166
60707177
23002594
15452225
438371597
305529527
132087643
412399497
1657231
455804475
378859801
