496474259
-1643541777
375914435
569952979
-2102735766
1507326526
-1236422237
-1871435333
911346162
2028340161

1933463014
1097725551
-1200660114
-740091026
1798949038
1345457527
-364410452
-1328606598
-1390838463

-725741674
-236368074
-1098196194
-1576812892
309641874
1374721283
1400346593
1113774941

-458093013
-1609283643
574627428
-1609252987
664591686
255712677
-29917975

1249907424
-1905827994
-2028871789
-532332638
-1302651650
-856706510

408517900
638661111
1099306997
1898480841
-2029198431

-1253328264
568677183
1082259296
108574007

27789450
1310920938
1668266854

-442305559
-239680610

-173816265

