-6582
-6708
-5406
-6833
-8310
-8148
-6150
-6555
-7329
-7582
-7503
-8018
-8443
-9334
-7500
-10015
-9582
-9149
-8382
-8236
-7830
-6642
-6311
-5575
-8284
-7396
-6771
-7741
-9368
-7545
-8949
-8483
-7610
-6774
-8551
-7391
-6926
-7284
-7930
-6489
-6808
-6581
-7160
-7675
-7652
-5321
-5507
-5798
-5645
-5483
-2755
-3407
-1767
-3617
-2533
-3003
-2525
-3761
-1559
-3431
-5468
-5914
-5272
-8525
-6754
-7422
-8775
-9268
-9023
-10053
-8692
-7740
-9238
-8939
-8655
-8578
-9080
-8874
-8960
-9458
-9177
-9390
-10158
-7289
-7214
-5906
-6682
-7755
-8766
-9435
-8414
-8671
-9743
-8242
-9517
-9122
-7593
-7091
-7203
-6416
-7031
-6587
-5154
-3740
-3192
-2795
-2882
-2852
-1499
-2787
-2318
-3379
-2181
-1625
-2095
-572
-2930
-2179
-2520
-1654
-491
-893
-1132
164
-1770
-1488
-65
-702
-800
-373
-1446
-1585
-814
-2056
-567
-1623
-980
-286
-1308
-1865
-2362
-189
-1000
529
1131
-460
908
3982
3397
3245
1786
3175
3055
2276
3142
1691
1479
1743
2521
1851
1630
1414
517
1142
462
1624
1883
1745
2690
3156
5297
5253
5497
5810
4240
5526
4628
3985
4207
4314
5094
4097
2941
5311
4963
4406
5356
4821
4918
4217
4046
4501
3784
5689
5935
5345
3606
4504
3808
4124
3034
2998
2129
2925
3567
3529
3265
4515
2793
2479
2917
1781
2803
3433
1721
2710
985
2280
2559
1245
3454
781
2227
3850
3684
2605
4103
3220
2380
3834
3586
3856
3237
4333
3214
3889
2208
1814
1023
1148
1287
2204
1849
482
595
829
1522
-281
-993
193
-1421
-982
-297
-188
-521
-1257
-890
-1727
-968
-2160
-2261
-2923
-3165
-2174
-2661
-1922
-2369
-807
-486
-991
-171
778
1296
771
-196
-1324
-961
1313
1239
2287
4516
4126
2428
4905
4215
4979
2270
1910
1810
3175
3061
3143
2116
1851
1622
4158
4038
4680
4694
3603
3132
908
979
3209
2241
2033
1893
595
628
624
1784
-1511
-2104
-3263
-2893
-1488
-2496
-2932
-530
-861
-312
854
1665
1980
1513
2666
2732
1900
2062
2382
4214
3975
1609
2248
118
-496
-1873
-1624
-466
-606
-773
-398
49
44
37
-1901
-679
-340
-292
-2033
-406
-2093
-1661
-1668
-2530
-3549
-4609
-4705
-5972
-6512
-3401
-4448
-3977
-5472
-5601
-5015
-3959
-5318
-5459
-5972
-6123
-6629
-7840
-6339
-6595
-6969
-6532
-5870
-6462
-6410
-9483
-7597
-7907
-7070
-6923
-7333
-7581
-8392
-7693
-5949
-7110
-7711
-6661
-7989
-7711
-7055
-5167
-6521
-5624
-7077
-7733
-7785
-8447
-8946
-7775
-5796
-5862
-6335
-6551
-6895
-7264
-7981
-8056
-6253
-5442
-4804
-7473
-5089
-6173
-7831
-6805
-7717
-7973
-7813
-7054
-6436
-7659
-7489
-6708
-8193
-6442
-4077
-5364
-5058
-4813
-4793
-4137
-4311
-3345
-4307
-4678
-3015
-1439
-3580
-2343
-2371
-2100
-2590
-938
-154
-254
75
829
766
293
507
-562
-1364
-157
-56
-681
98
232
-809
941
1131
421
1641
2381
1016
2871
1612
2841
1818
860
1577
1681
4276
3538
3978
3975
3910
4215
2845
2754
3346
1874
2880
731
486
746
1198
-309
83
1118
1077
704
649
859
1338
71
1275
1269
2477
1485
1461
1602
1841
324
-1082
34
-995
-3010
-4278
-2352
-2716
-3547
-1831
-1778
-1587
32
-261
-808
1075
198
578
