-1307
864
632
-1011
49
78
-762
-465
-1455
674
-472
-1421
-1624
-841
221
-352
869
909
56
-279
-183
1054
864
463
-476
1448
2815
3639
2652
1448
2316
2340
795
957
1194
2133
293
235
874
1685
496
-17
-796
-192
42
472
-561
1771
-541
159
661
566
-154
-284
-246
-1586
-455
-683
-1441
-1050
-467
-605
-856
-722
-479
166
-513
-1866
-2903
-3400
-4235
-2447
-3185
-3954
-2145
-1814
-1583
-2455
-3102
-1325
-2520
-1966
-946
-719
-181
-1389
-594
-1598
-426
219
251
19
870
1084
-443
586
1015
-490
-644
-1480
-1010
-560
-899
-3168
-3270
-4119
-2763
-2854
-4044
-5606
-4687
-5941
-5253
-5459
-5925
-5648
-5282
-7032
-5681
-6114
-4485
-4826
-3991
-5235
-4329
-6317
-6012
-4479
-4372
-4505
-5835
-6454
-5579
-4773
-5312
-4936
-5914
-6778
-5278
-6668
-6635
-6990
-5733
-6028
-5031
-4461
-5583
-5592
-6249
-5727
-5055
-5825
-5728
-5174
-5938
-6462
-4225
-4269
-4869
-4938
-3456
-3937
-3179
-1543
-2435
-3005
-1877
-2849
-3190
-601
-1478
-1331
-2712
-1579
-3367
-2963
-1526
-1690
-3015
-2562
-2514
-3302
-2429
-3464
-3826
-3224
-2226
-2570
-4520
-2265
-2594
-3812
-4468
-4848
-5391
-5254
-5327
-3961
-3551
-3944
-3374
-4300
-4569
-2650
-2804
-3504
-3201
-4068
-1505
-1548
-1780
-2554
-2790
-3285
-2261
-3154
-2930
-2719
-2798
-2917
-2742
-1373
-2059
-2935
-2136
-2310
-1019
-1096
-639
-2070
-898
-882
-1754
-1705
-1736
-1626
-2973
-3024
-2066
-1498
-1394
-1035
-2164
-1647
-2364
-1659
-1174
-1087
-2773
-2607
-2688
-2078
-1852
-2456
904
397
956
1475
930
360
635
443
376
703
-1106
-14
-615
1093
763
468
596
966
-112
300
188
678
1054
1076
1078
1235
1471
305
676
-72
1148
884
414
485
-1323
-344
