-39014
-37545
-37363
-37670
-32666
-32777
-29309
-30160
-29222
-27906
-26799
-25825
-23634
-23576
-20959
-21905
-23057
-22936
-23206
-22159
-21807
-23147
-23479
-23026
-23211
-21544
-22198
-21567
-19432
-20549
-22579
-20631
-20496
-24171
-22330
-21250
-24015
-25188
-23506
-24031
-22345
-21247
-21086
-21428
-18922
-17515
-16446
-12274
-12148
-10279
-6783
-7944
-5507
-6136
-6208
-6857
-5779
-6205
-3702
-4740
-4733
-8223
-8782
-9784
-10229
-10264
-10012
-9567
-11721
-11843
-11240
-14077
-12698
-13094
-13107
-12232
-13431
-15480
-16705
-15976
-13967
-17531
-16102
-15677
-15010
-14769
-13015
-12848
-10183
-9114
-10779
-7333
-5599
-5779
-3638
-3426
-489
-60
1717
-734
-1143
-173
-2006
-3513
-1223
-2239
338
2351
-1290
364
-2018
-2260
-904
-1058
-917
-1215
254
323
-550
2553
2251
5
1559
853
-2263
-2727
-143
840
-786
-980
